<?xml version="1.0" encoding="UTF-8"?>
<testsuite name="com.mindhub.homebanking.HomebankingApplicationTest" tests="15001" skipped="0" failures="0" errors="0" timestamp="2024-03-11T21:17:28" hostname="KERACK" time="14.23">
  <properties/>
  <testcase name="repetition 1 of 5000" classname="com.mindhub.homebanking.HomebankingApplicationTest" time="0.472"/>
  <testcase name="repetition 2 of 5000" classname="com.mindhub.homebanking.HomebankingApplicationTest" time="0.003"/>
  <testcase name="repetition 3 of 5000" classname="com.mindhub.homebanking.HomebankingApplicationTest" time="0.003"/>
  <testcase name="repetition 4 of 5000" classname="com.mindhub.homebanking.HomebankingApplicationTest" time="0.002"/>
  <testcase name="repetition 5 of 5000" classname="com.mindhub.homebanking.HomebankingApplicationTest" time="0.003"/>
  <testcase name="repetition 6 of 5000" classname="com.mindhub.homebanking.HomebankingApplicationTest" time="0.002"/>
  <testcase name="repetition 7 of 5000" classname="com.mindhub.homebanking.HomebankingApplicationTest" time="0.003"/>
  <testcase name="repetition 8 of 5000" classname="com.mindhub.homebanking.HomebankingApplicationTest" time="0.003"/>
  <testcase name="repetition 9 of 5000" classname="com.mindhub.homebanking.HomebankingApplicationTest" time="0.002"/>
  <testcase name="repetition 10 of 5000" classname="com.mindhub.homebanking.HomebankingApplicationTest" time="0.003"/>
  <testcase name="repetition 11 of 5000" classname="com.mindhub.homebanking.HomebankingApplicationTest" time="0.003"/>
  <testcase name="repetition 12 of 5000" classname="com.mindhub.homebanking.HomebankingApplicationTest" time="0.003"/>
  <testcase name="repetition 13 of 5000" classname="com.mindhub.homebanking.HomebankingApplicationTest" time="0.002"/>
  <testcase name="repetition 14 of 5000" classname="com.mindhub.homebanking.HomebankingApplicationTest" time="0.004"/>
  <testcase name="repetition 15 of 5000" classname="com.mindhub.homebanking.HomebankingApplicationTest" time="0.005"/>
  <testcase name="repetition 16 of 5000" classname="com.mindhub.homebanking.HomebankingApplicationTest" time="0.005"/>
  <testcase name="repetition 17 of 5000" classname="com.mindhub.homebanking.HomebankingApplicationTest" time="0.004"/>
  <testcase name="repetition 18 of 5000" classname="com.mindhub.homebanking.HomebankingApplicationTest" time="0.002"/>
  <testcase name="repetition 19 of 5000" classname="com.mindhub.homebanking.HomebankingApplicationTest" time="0.002"/>
  <testcase name="repetition 20 of 5000" classname="com.mindhub.homebanking.HomebankingApplicationTest" time="0.002"/>
  <testcase name="repetition 21 of 5000" classname="com.mindhub.homebanking.HomebankingApplicationTest" time="0.003"/>
  <testcase name="repetition 22 of 5000" classname="com.mindhub.homebanking.HomebankingApplicationTest" time="0.002"/>
  <testcase name="repetition 23 of 5000" classname="com.mindhub.homebanking.HomebankingApplicationTest" time="0.003"/>
  <testcase name="repetition 24 of 5000" classname="com.mindhub.homebanking.HomebankingApplicationTest" time="0.002"/>
  <testcase name="repetition 25 of 5000" classname="com.mindhub.homebanking.HomebankingApplicationTest" time="0.002"/>
  <testcase name="repetition 26 of 5000" classname="com.mindhub.homebanking.HomebankingApplicationTest" time="0.003"/>
  <testcase name="repetition 27 of 5000" classname="com.mindhub.homebanking.HomebankingApplicationTest" time="0.001"/>
  <testcase name="repetition 28 of 5000" classname="com.mindhub.homebanking.HomebankingApplicationTest" time="0.002"/>
  <testcase name="repetition 29 of 5000" classname="com.mindhub.homebanking.HomebankingApplicationTest" time="0.003"/>
  <testcase name="repetition 30 of 5000" classname="com.mindhub.homebanking.HomebankingApplicationTest" time="0.002"/>
  <testcase name="repetition 31 of 5000" classname="com.mindhub.homebanking.HomebankingApplicationTest" time="0.003"/>
  <testcase name="repetition 32 of 5000" classname="com.mindhub.homebanking.HomebankingApplicationTest" time="0.003"/>
  <testcase name="repetition 33 of 5000" classname="com.mindhub.homebanking.HomebankingApplicationTest" time="0.003"/>
  <testcase name="repetition 34 of 5000" classname="com.mindhub.homebanking.HomebankingApplicationTest" time="0.003"/>
  <testcase name="repetition 35 of 5000" classname="com.mindhub.homebanking.HomebankingApplicationTest" time="0.003"/>
  <testcase name="repetition 36 of 5000" classname="com.mindhub.homebanking.HomebankingApplicationTest" time="0.004"/>
  <testcase name="repetition 37 of 5000" classname="com.mindhub.homebanking.HomebankingApplicationTest" time="0.003"/>
  <testcase name="repetition 38 of 5000" classname="com.mindhub.homebanking.HomebankingApplicationTest" time="0.005"/>
  <testcase name="repetition 39 of 5000" classname="com.mindhub.homebanking.HomebankingApplicationTest" time="0.004"/>
  <testcase name="repetition 40 of 5000" classname="com.mindhub.homebanking.HomebankingApplicationTest" time="0.004"/>
  <testcase name="repetition 41 of 5000" classname="com.mindhub.homebanking.HomebankingApplicationTest" time="0.003"/>
  <testcase name="repetition 42 of 5000" classname="com.mindhub.homebanking.HomebankingApplicationTest" time="0.003"/>
  <testcase name="repetition 43 of 5000" classname="com.mindhub.homebanking.HomebankingApplicationTest" time="0.003"/>
  <testcase name="repetition 44 of 5000" classname="com.mindhub.homebanking.HomebankingApplicationTest" time="0.005"/>
  <testcase name="repetition 45 of 5000" classname="com.mindhub.homebanking.HomebankingApplicationTest" time="0.002"/>
  <testcase name="repetition 46 of 5000" classname="com.mindhub.homebanking.HomebankingApplicationTest" time="0.002"/>
  <testcase name="repetition 47 of 5000" classname="com.mindhub.homebanking.HomebankingApplicationTest" time="0.002"/>
  <testcase name="repetition 48 of 5000" classname="com.mindhub.homebanking.HomebankingApplicationTest" time="0.002"/>
  <testcase name="repetition 49 of 5000" classname="com.mindhub.homebanking.HomebankingApplicationTest" time="0.003"/>
  <testcase name="repetition 50 of 5000" classname="com.mindhub.homebanking.HomebankingApplicationTest" time="0.002"/>
  <testcase name="repetition 51 of 5000" classname="com.mindhub.homebanking.HomebankingApplicationTest" time="0.002"/>
  <testcase name="repetition 52 of 5000" classname="com.mindhub.homebanking.HomebankingApplicationTest" time="0.003"/>
  <testcase name="repetition 53 of 5000" classname="com.mindhub.homebanking.HomebankingApplicationTest" time="0.002"/>
  <testcase name="repetition 54 of 5000" classname="com.mindhub.homebanking.HomebankingApplicationTest" time="0.003"/>
  <testcase name="repetition 55 of 5000" classname="com.mindhub.homebanking.HomebankingApplicationTest" time="0.002"/>
  <testcase name="repetition 56 of 5000" classname="com.mindhub.homebanking.HomebankingApplicationTest" time="0.002"/>
  <testcase name="repetition 57 of 5000" classname="com.mindhub.homebanking.HomebankingApplicationTest" time="0.001"/>
  <testcase name="repetition 58 of 5000" classname="com.mindhub.homebanking.HomebankingApplicationTest" time="0.002"/>
  <testcase name="repetition 59 of 5000" classname="com.mindhub.homebanking.HomebankingApplicationTest" time="0.002"/>
  <testcase name="repetition 60 of 5000" classname="com.mindhub.homebanking.HomebankingApplicationTest" time="0.001"/>
  <testcase name="repetition 61 of 5000" classname="com.mindhub.homebanking.HomebankingApplicationTest" time="0.002"/>
  <testcase name="repetition 62 of 5000" classname="com.mindhub.homebanking.HomebankingApplicationTest" time="0.002"/>
  <testcase name="repetition 63 of 5000" classname="com.mindhub.homebanking.HomebankingApplicationTest" time="0.002"/>
  <testcase name="repetition 64 of 5000" classname="com.mindhub.homebanking.HomebankingApplicationTest" time="0.002"/>
  <testcase name="repetition 65 of 5000" classname="com.mindhub.homebanking.HomebankingApplicationTest" time="0.002"/>
  <testcase name="repetition 66 of 5000" classname="com.mindhub.homebanking.HomebankingApplicationTest" time="0.001"/>
  <testcase name="repetition 67 of 5000" classname="com.mindhub.homebanking.HomebankingApplicationTest" time="0.001"/>
  <testcase name="repetition 68 of 5000" classname="com.mindhub.homebanking.HomebankingApplicationTest" time="0.002"/>
  <testcase name="repetition 69 of 5000" classname="com.mindhub.homebanking.HomebankingApplicationTest" time="0.001"/>
  <testcase name="repetition 70 of 5000" classname="com.mindhub.homebanking.HomebankingApplicationTest" time="0.0"/>
  <testcase name="repetition 71 of 5000" classname="com.mindhub.homebanking.HomebankingApplicationTest" time="0.0"/>
  <testcase name="repetition 72 of 5000" classname="com.mindhub.homebanking.HomebankingApplicationTest" time="0.001"/>
  <testcase name="repetition 73 of 5000" classname="com.mindhub.homebanking.HomebankingApplicationTest" time="0.001"/>
  <testcase name="repetition 74 of 5000" classname="com.mindhub.homebanking.HomebankingApplicationTest" time="0.002"/>
  <testcase name="repetition 75 of 5000" classname="com.mindhub.homebanking.HomebankingApplicationTest" time="0.002"/>
  <testcase name="repetition 76 of 5000" classname="com.mindhub.homebanking.HomebankingApplicationTest" time="0.001"/>
  <testcase name="repetition 77 of 5000" classname="com.mindhub.homebanking.HomebankingApplicationTest" time="0.001"/>
  <testcase name="repetition 78 of 5000" classname="com.mindhub.homebanking.HomebankingApplicationTest" time="0.001"/>
  <testcase name="repetition 79 of 5000" classname="com.mindhub.homebanking.HomebankingApplicationTest" time="0.001"/>
  <testcase name="repetition 80 of 5000" classname="com.mindhub.homebanking.HomebankingApplicationTest" time="0.002"/>
  <testcase name="repetition 81 of 5000" classname="com.mindhub.homebanking.HomebankingApplicationTest" time="0.001"/>
  <testcase name="repetition 82 of 5000" classname="com.mindhub.homebanking.HomebankingApplicationTest" time="0.001"/>
  <testcase name="repetition 83 of 5000" classname="com.mindhub.homebanking.HomebankingApplicationTest" time="0.002"/>
  <testcase name="repetition 84 of 5000" classname="com.mindhub.homebanking.HomebankingApplicationTest" time="0.002"/>
  <testcase name="repetition 85 of 5000" classname="com.mindhub.homebanking.HomebankingApplicationTest" time="0.002"/>
  <testcase name="repetition 86 of 5000" classname="com.mindhub.homebanking.HomebankingApplicationTest" time="0.002"/>
  <testcase name="repetition 87 of 5000" classname="com.mindhub.homebanking.HomebankingApplicationTest" time="0.002"/>
  <testcase name="repetition 88 of 5000" classname="com.mindhub.homebanking.HomebankingApplicationTest" time="0.001"/>
  <testcase name="repetition 89 of 5000" classname="com.mindhub.homebanking.HomebankingApplicationTest" time="0.001"/>
  <testcase name="repetition 90 of 5000" classname="com.mindhub.homebanking.HomebankingApplicationTest" time="0.002"/>
  <testcase name="repetition 91 of 5000" classname="com.mindhub.homebanking.HomebankingApplicationTest" time="0.001"/>
  <testcase name="repetition 92 of 5000" classname="com.mindhub.homebanking.HomebankingApplicationTest" time="0.002"/>
  <testcase name="repetition 93 of 5000" classname="com.mindhub.homebanking.HomebankingApplicationTest" time="0.002"/>
  <testcase name="repetition 94 of 5000" classname="com.mindhub.homebanking.HomebankingApplicationTest" time="0.002"/>
  <testcase name="repetition 95 of 5000" classname="com.mindhub.homebanking.HomebankingApplicationTest" time="0.002"/>
  <testcase name="repetition 96 of 5000" classname="com.mindhub.homebanking.HomebankingApplicationTest" time="0.002"/>
  <testcase name="repetition 97 of 5000" classname="com.mindhub.homebanking.HomebankingApplicationTest" time="0.001"/>
  <testcase name="repetition 98 of 5000" classname="com.mindhub.homebanking.HomebankingApplicationTest" time="0.001"/>
  <testcase name="repetition 99 of 5000" classname="com.mindhub.homebanking.HomebankingApplicationTest" time="0.002"/>
  <testcase name="repetition 100 of 5000" classname="com.mindhub.homebanking.HomebankingApplicationTest" time="0.001"/>
  <testcase name="repetition 101 of 5000" classname="com.mindhub.homebanking.HomebankingApplicationTest" time="0.002"/>
  <testcase name="repetition 102 of 5000" classname="com.mindhub.homebanking.HomebankingApplicationTest" time="0.002"/>
  <testcase name="repetition 103 of 5000" classname="com.mindhub.homebanking.HomebankingApplicationTest" time="0.002"/>
  <testcase name="repetition 104 of 5000" classname="com.mindhub.homebanking.HomebankingApplicationTest" time="0.002"/>
  <testcase name="repetition 105 of 5000" classname="com.mindhub.homebanking.HomebankingApplicationTest" time="0.002"/>
  <testcase name="repetition 106 of 5000" classname="com.mindhub.homebanking.HomebankingApplicationTest" time="0.003"/>
  <testcase name="repetition 107 of 5000" classname="com.mindhub.homebanking.HomebankingApplicationTest" time="0.001"/>
  <testcase name="repetition 108 of 5000" classname="com.mindhub.homebanking.HomebankingApplicationTest" time="0.001"/>
  <testcase name="repetition 109 of 5000" classname="com.mindhub.homebanking.HomebankingApplicationTest" time="0.002"/>
  <testcase name="repetition 110 of 5000" classname="com.mindhub.homebanking.HomebankingApplicationTest" time="0.002"/>
  <testcase name="repetition 111 of 5000" classname="com.mindhub.homebanking.HomebankingApplicationTest" time="0.002"/>
  <testcase name="repetition 112 of 5000" classname="com.mindhub.homebanking.HomebankingApplicationTest" time="0.001"/>
  <testcase name="repetition 113 of 5000" classname="com.mindhub.homebanking.HomebankingApplicationTest" time="0.003"/>
  <testcase name="repetition 114 of 5000" classname="com.mindhub.homebanking.HomebankingApplicationTest" time="0.002"/>
  <testcase name="repetition 115 of 5000" classname="com.mindhub.homebanking.HomebankingApplicationTest" time="0.002"/>
  <testcase name="repetition 116 of 5000" classname="com.mindhub.homebanking.HomebankingApplicationTest" time="0.002"/>
  <testcase name="repetition 117 of 5000" classname="com.mindhub.homebanking.HomebankingApplicationTest" time="0.002"/>
  <testcase name="repetition 118 of 5000" classname="com.mindhub.homebanking.HomebankingApplicationTest" time="0.002"/>
  <testcase name="repetition 119 of 5000" classname="com.mindhub.homebanking.HomebankingApplicationTest" time="0.002"/>
  <testcase name="repetition 120 of 5000" classname="com.mindhub.homebanking.HomebankingApplicationTest" time="0.001"/>
  <testcase name="repetition 121 of 5000" classname="com.mindhub.homebanking.HomebankingApplicationTest" time="0.002"/>
  <testcase name="repetition 122 of 5000" classname="com.mindhub.homebanking.HomebankingApplicationTest" time="0.001"/>
  <testcase name="repetition 123 of 5000" classname="com.mindhub.homebanking.HomebankingApplicationTest" time="0.002"/>
  <testcase name="repetition 124 of 5000" classname="com.mindhub.homebanking.HomebankingApplicationTest" time="0.002"/>
  <testcase name="repetition 125 of 5000" classname="com.mindhub.homebanking.HomebankingApplicationTest" time="0.003"/>
  <testcase name="repetition 126 of 5000" classname="com.mindhub.homebanking.HomebankingApplicationTest" time="0.003"/>
  <testcase name="repetition 127 of 5000" classname="com.mindhub.homebanking.HomebankingApplicationTest" time="0.002"/>
  <testcase name="repetition 128 of 5000" classname="com.mindhub.homebanking.HomebankingApplicationTest" time="0.002"/>
  <testcase name="repetition 129 of 5000" classname="com.mindhub.homebanking.HomebankingApplicationTest" time="0.002"/>
  <testcase name="repetition 130 of 5000" classname="com.mindhub.homebanking.HomebankingApplicationTest" time="0.001"/>
  <testcase name="repetition 131 of 5000" classname="com.mindhub.homebanking.HomebankingApplicationTest" time="0.001"/>
  <testcase name="repetition 132 of 5000" classname="com.mindhub.homebanking.HomebankingApplicationTest" time="0.002"/>
  <testcase name="repetition 133 of 5000" classname="com.mindhub.homebanking.HomebankingApplicationTest" time="0.002"/>
  <testcase name="repetition 134 of 5000" classname="com.mindhub.homebanking.HomebankingApplicationTest" time="0.002"/>
  <testcase name="repetition 135 of 5000" classname="com.mindhub.homebanking.HomebankingApplicationTest" time="0.003"/>
  <testcase name="repetition 136 of 5000" classname="com.mindhub.homebanking.HomebankingApplicationTest" time="0.002"/>
  <testcase name="repetition 137 of 5000" classname="com.mindhub.homebanking.HomebankingApplicationTest" time="0.003"/>
  <testcase name="repetition 138 of 5000" classname="com.mindhub.homebanking.HomebankingApplicationTest" time="0.003"/>
  <testcase name="repetition 139 of 5000" classname="com.mindhub.homebanking.HomebankingApplicationTest" time="0.002"/>
  <testcase name="repetition 140 of 5000" classname="com.mindhub.homebanking.HomebankingApplicationTest" time="0.003"/>
  <testcase name="repetition 141 of 5000" classname="com.mindhub.homebanking.HomebankingApplicationTest" time="0.002"/>
  <testcase name="repetition 142 of 5000" classname="com.mindhub.homebanking.HomebankingApplicationTest" time="0.003"/>
  <testcase name="repetition 143 of 5000" classname="com.mindhub.homebanking.HomebankingApplicationTest" time="0.002"/>
  <testcase name="repetition 144 of 5000" classname="com.mindhub.homebanking.HomebankingApplicationTest" time="0.004"/>
  <testcase name="repetition 145 of 5000" classname="com.mindhub.homebanking.HomebankingApplicationTest" time="0.002"/>
  <testcase name="repetition 146 of 5000" classname="com.mindhub.homebanking.HomebankingApplicationTest" time="0.001"/>
  <testcase name="repetition 147 of 5000" classname="com.mindhub.homebanking.HomebankingApplicationTest" time="0.002"/>
  <testcase name="repetition 148 of 5000" classname="com.mindhub.homebanking.HomebankingApplicationTest" time="0.002"/>
  <testcase name="repetition 149 of 5000" classname="com.mindhub.homebanking.HomebankingApplicationTest" time="0.002"/>
  <testcase name="repetition 150 of 5000" classname="com.mindhub.homebanking.HomebankingApplicationTest" time="0.002"/>
  <testcase name="repetition 151 of 5000" classname="com.mindhub.homebanking.HomebankingApplicationTest" time="0.002"/>
  <testcase name="repetition 152 of 5000" classname="com.mindhub.homebanking.HomebankingApplicationTest" time="0.003"/>
  <testcase name="repetition 153 of 5000" classname="com.mindhub.homebanking.HomebankingApplicationTest" time="0.003"/>
  <testcase name="repetition 154 of 5000" classname="com.mindhub.homebanking.HomebankingApplicationTest" time="0.003"/>
  <testcase name="repetition 155 of 5000" classname="com.mindhub.homebanking.HomebankingApplicationTest" time="0.002"/>
  <testcase name="repetition 156 of 5000" classname="com.mindhub.homebanking.HomebankingApplicationTest" time="0.002"/>
  <testcase name="repetition 157 of 5000" classname="com.mindhub.homebanking.HomebankingApplicationTest" time="0.002"/>
  <testcase name="repetition 158 of 5000" classname="com.mindhub.homebanking.HomebankingApplicationTest" time="0.003"/>
  <testcase name="repetition 159 of 5000" classname="com.mindhub.homebanking.HomebankingApplicationTest" time="0.002"/>
  <testcase name="repetition 160 of 5000" classname="com.mindhub.homebanking.HomebankingApplicationTest" time="0.002"/>
  <testcase name="repetition 161 of 5000" classname="com.mindhub.homebanking.HomebankingApplicationTest" time="0.002"/>
  <testcase name="repetition 162 of 5000" classname="com.mindhub.homebanking.HomebankingApplicationTest" time="0.002"/>
  <testcase name="repetition 163 of 5000" classname="com.mindhub.homebanking.HomebankingApplicationTest" time="0.002"/>
  <testcase name="repetition 164 of 5000" classname="com.mindhub.homebanking.HomebankingApplicationTest" time="0.001"/>
  <testcase name="repetition 165 of 5000" classname="com.mindhub.homebanking.HomebankingApplicationTest" time="0.002"/>
  <testcase name="repetition 166 of 5000" classname="com.mindhub.homebanking.HomebankingApplicationTest" time="0.003"/>
  <testcase name="repetition 167 of 5000" classname="com.mindhub.homebanking.HomebankingApplicationTest" time="0.001"/>
  <testcase name="repetition 168 of 5000" classname="com.mindhub.homebanking.HomebankingApplicationTest" time="0.001"/>
  <testcase name="repetition 169 of 5000" classname="com.mindhub.homebanking.HomebankingApplicationTest" time="0.001"/>
  <testcase name="repetition 170 of 5000" classname="com.mindhub.homebanking.HomebankingApplicationTest" time="0.001"/>
  <testcase name="repetition 171 of 5000" classname="com.mindhub.homebanking.HomebankingApplicationTest" time="0.002"/>
  <testcase name="repetition 172 of 5000" classname="com.mindhub.homebanking.HomebankingApplicationTest" time="0.001"/>
  <testcase name="repetition 173 of 5000" classname="com.mindhub.homebanking.HomebankingApplicationTest" time="0.001"/>
  <testcase name="repetition 174 of 5000" classname="com.mindhub.homebanking.HomebankingApplicationTest" time="0.002"/>
  <testcase name="repetition 175 of 5000" classname="com.mindhub.homebanking.HomebankingApplicationTest" time="0.001"/>
  <testcase name="repetition 176 of 5000" classname="com.mindhub.homebanking.HomebankingApplicationTest" time="0.002"/>
  <testcase name="repetition 177 of 5000" classname="com.mindhub.homebanking.HomebankingApplicationTest" time="0.002"/>
  <testcase name="repetition 178 of 5000" classname="com.mindhub.homebanking.HomebankingApplicationTest" time="0.004"/>
  <testcase name="repetition 179 of 5000" classname="com.mindhub.homebanking.HomebankingApplicationTest" time="0.003"/>
  <testcase name="repetition 180 of 5000" classname="com.mindhub.homebanking.HomebankingApplicationTest" time="0.001"/>
  <testcase name="repetition 181 of 5000" classname="com.mindhub.homebanking.HomebankingApplicationTest" time="0.002"/>
  <testcase name="repetition 182 of 5000" classname="com.mindhub.homebanking.HomebankingApplicationTest" time="0.002"/>
  <testcase name="repetition 183 of 5000" classname="com.mindhub.homebanking.HomebankingApplicationTest" time="0.001"/>
  <testcase name="repetition 184 of 5000" classname="com.mindhub.homebanking.HomebankingApplicationTest" time="0.002"/>
  <testcase name="repetition 185 of 5000" classname="com.mindhub.homebanking.HomebankingApplicationTest" time="0.001"/>
  <testcase name="repetition 186 of 5000" classname="com.mindhub.homebanking.HomebankingApplicationTest" time="0.001"/>
  <testcase name="repetition 187 of 5000" classname="com.mindhub.homebanking.HomebankingApplicationTest" time="0.002"/>
  <testcase name="repetition 188 of 5000" classname="com.mindhub.homebanking.HomebankingApplicationTest" time="0.001"/>
  <testcase name="repetition 189 of 5000" classname="com.mindhub.homebanking.HomebankingApplicationTest" time="0.001"/>
  <testcase name="repetition 190 of 5000" classname="com.mindhub.homebanking.HomebankingApplicationTest" time="0.004"/>
  <testcase name="repetition 191 of 5000" classname="com.mindhub.homebanking.HomebankingApplicationTest" time="0.003"/>
  <testcase name="repetition 192 of 5000" classname="com.mindhub.homebanking.HomebankingApplicationTest" time="0.003"/>
  <testcase name="repetition 193 of 5000" classname="com.mindhub.homebanking.HomebankingApplicationTest" time="0.002"/>
  <testcase name="repetition 194 of 5000" classname="com.mindhub.homebanking.HomebankingApplicationTest" time="0.001"/>
  <testcase name="repetition 195 of 5000" classname="com.mindhub.homebanking.HomebankingApplicationTest" time="0.002"/>
  <testcase name="repetition 196 of 5000" classname="com.mindhub.homebanking.HomebankingApplicationTest" time="0.002"/>
  <testcase name="repetition 197 of 5000" classname="com.mindhub.homebanking.HomebankingApplicationTest" time="0.001"/>
  <testcase name="repetition 198 of 5000" classname="com.mindhub.homebanking.HomebankingApplicationTest" time="0.001"/>
  <testcase name="repetition 199 of 5000" classname="com.mindhub.homebanking.HomebankingApplicationTest" time="0.001"/>
  <testcase name="repetition 200 of 5000" classname="com.mindhub.homebanking.HomebankingApplicationTest" time="0.001"/>
  <testcase name="repetition 201 of 5000" classname="com.mindhub.homebanking.HomebankingApplicationTest" time="0.001"/>
  <testcase name="repetition 202 of 5000" classname="com.mindhub.homebanking.HomebankingApplicationTest" time="0.002"/>
  <testcase name="repetition 203 of 5000" classname="com.mindhub.homebanking.HomebankingApplicationTest" time="0.002"/>
  <testcase name="repetition 204 of 5000" classname="com.mindhub.homebanking.HomebankingApplicationTest" time="0.001"/>
  <testcase name="repetition 205 of 5000" classname="com.mindhub.homebanking.HomebankingApplicationTest" time="0.002"/>
  <testcase name="repetition 206 of 5000" classname="com.mindhub.homebanking.HomebankingApplicationTest" time="0.002"/>
  <testcase name="repetition 207 of 5000" classname="com.mindhub.homebanking.HomebankingApplicationTest" time="0.002"/>
  <testcase name="repetition 208 of 5000" classname="com.mindhub.homebanking.HomebankingApplicationTest" time="0.001"/>
  <testcase name="repetition 209 of 5000" classname="com.mindhub.homebanking.HomebankingApplicationTest" time="0.001"/>
  <testcase name="repetition 210 of 5000" classname="com.mindhub.homebanking.HomebankingApplicationTest" time="0.002"/>
  <testcase name="repetition 211 of 5000" classname="com.mindhub.homebanking.HomebankingApplicationTest" time="0.002"/>
  <testcase name="repetition 212 of 5000" classname="com.mindhub.homebanking.HomebankingApplicationTest" time="0.002"/>
  <testcase name="repetition 213 of 5000" classname="com.mindhub.homebanking.HomebankingApplicationTest" time="0.002"/>
  <testcase name="repetition 214 of 5000" classname="com.mindhub.homebanking.HomebankingApplicationTest" time="0.002"/>
  <testcase name="repetition 215 of 5000" classname="com.mindhub.homebanking.HomebankingApplicationTest" time="0.002"/>
  <testcase name="repetition 216 of 5000" classname="com.mindhub.homebanking.HomebankingApplicationTest" time="0.002"/>
  <testcase name="repetition 217 of 5000" classname="com.mindhub.homebanking.HomebankingApplicationTest" time="0.002"/>
  <testcase name="repetition 218 of 5000" classname="com.mindhub.homebanking.HomebankingApplicationTest" time="0.001"/>
  <testcase name="repetition 219 of 5000" classname="com.mindhub.homebanking.HomebankingApplicationTest" time="0.002"/>
  <testcase name="repetition 220 of 5000" classname="com.mindhub.homebanking.HomebankingApplicationTest" time="0.002"/>
  <testcase name="repetition 221 of 5000" classname="com.mindhub.homebanking.HomebankingApplicationTest" time="0.001"/>
  <testcase name="repetition 222 of 5000" classname="com.mindhub.homebanking.HomebankingApplicationTest" time="0.001"/>
  <testcase name="repetition 223 of 5000" classname="com.mindhub.homebanking.HomebankingApplicationTest" time="0.001"/>
  <testcase name="repetition 224 of 5000" classname="com.mindhub.homebanking.HomebankingApplicationTest" time="0.002"/>
  <testcase name="repetition 225 of 5000" classname="com.mindhub.homebanking.HomebankingApplicationTest" time="0.002"/>
  <testcase name="repetition 226 of 5000" classname="com.mindhub.homebanking.HomebankingApplicationTest" time="0.001"/>
  <testcase name="repetition 227 of 5000" classname="com.mindhub.homebanking.HomebankingApplicationTest" time="0.001"/>
  <testcase name="repetition 228 of 5000" classname="com.mindhub.homebanking.HomebankingApplicationTest" time="0.001"/>
  <testcase name="repetition 229 of 5000" classname="com.mindhub.homebanking.HomebankingApplicationTest" time="0.002"/>
  <testcase name="repetition 230 of 5000" classname="com.mindhub.homebanking.HomebankingApplicationTest" time="0.002"/>
  <testcase name="repetition 231 of 5000" classname="com.mindhub.homebanking.HomebankingApplicationTest" time="0.002"/>
  <testcase name="repetition 232 of 5000" classname="com.mindhub.homebanking.HomebankingApplicationTest" time="0.001"/>
  <testcase name="repetition 233 of 5000" classname="com.mindhub.homebanking.HomebankingApplicationTest" time="0.0"/>
  <testcase name="repetition 234 of 5000" classname="com.mindhub.homebanking.HomebankingApplicationTest" time="0.001"/>
  <testcase name="repetition 235 of 5000" classname="com.mindhub.homebanking.HomebankingApplicationTest" time="0.0"/>
  <testcase name="repetition 236 of 5000" classname="com.mindhub.homebanking.HomebankingApplicationTest" time="0.001"/>
  <testcase name="repetition 237 of 5000" classname="com.mindhub.homebanking.HomebankingApplicationTest" time="0.001"/>
  <testcase name="repetition 238 of 5000" classname="com.mindhub.homebanking.HomebankingApplicationTest" time="0.001"/>
  <testcase name="repetition 239 of 5000" classname="com.mindhub.homebanking.HomebankingApplicationTest" time="0.001"/>
  <testcase name="repetition 240 of 5000" classname="com.mindhub.homebanking.HomebankingApplicationTest" time="0.001"/>
  <testcase name="repetition 241 of 5000" classname="com.mindhub.homebanking.HomebankingApplicationTest" time="0.002"/>
  <testcase name="repetition 242 of 5000" classname="com.mindhub.homebanking.HomebankingApplicationTest" time="0.002"/>
  <testcase name="repetition 243 of 5000" classname="com.mindhub.homebanking.HomebankingApplicationTest" time="0.001"/>
  <testcase name="repetition 244 of 5000" classname="com.mindhub.homebanking.HomebankingApplicationTest" time="0.001"/>
  <testcase name="repetition 245 of 5000" classname="com.mindhub.homebanking.HomebankingApplicationTest" time="0.002"/>
  <testcase name="repetition 246 of 5000" classname="com.mindhub.homebanking.HomebankingApplicationTest" time="0.002"/>
  <testcase name="repetition 247 of 5000" classname="com.mindhub.homebanking.HomebankingApplicationTest" time="0.003"/>
  <testcase name="repetition 248 of 5000" classname="com.mindhub.homebanking.HomebankingApplicationTest" time="0.002"/>
  <testcase name="repetition 249 of 5000" classname="com.mindhub.homebanking.HomebankingApplicationTest" time="0.001"/>
  <testcase name="repetition 250 of 5000" classname="com.mindhub.homebanking.HomebankingApplicationTest" time="0.003"/>
  <testcase name="repetition 251 of 5000" classname="com.mindhub.homebanking.HomebankingApplicationTest" time="0.002"/>
  <testcase name="repetition 252 of 5000" classname="com.mindhub.homebanking.HomebankingApplicationTest" time="0.001"/>
  <testcase name="repetition 253 of 5000" classname="com.mindhub.homebanking.HomebankingApplicationTest" time="0.002"/>
  <testcase name="repetition 254 of 5000" classname="com.mindhub.homebanking.HomebankingApplicationTest" time="0.002"/>
  <testcase name="repetition 255 of 5000" classname="com.mindhub.homebanking.HomebankingApplicationTest" time="0.002"/>
  <testcase name="repetition 256 of 5000" classname="com.mindhub.homebanking.HomebankingApplicationTest" time="0.002"/>
  <testcase name="repetition 257 of 5000" classname="com.mindhub.homebanking.HomebankingApplicationTest" time="0.002"/>
  <testcase name="repetition 258 of 5000" classname="com.mindhub.homebanking.HomebankingApplicationTest" time="0.001"/>
  <testcase name="repetition 259 of 5000" classname="com.mindhub.homebanking.HomebankingApplicationTest" time="0.001"/>
  <testcase name="repetition 260 of 5000" classname="com.mindhub.homebanking.HomebankingApplicationTest" time="0.001"/>
  <testcase name="repetition 261 of 5000" classname="com.mindhub.homebanking.HomebankingApplicationTest" time="0.001"/>
  <testcase name="repetition 262 of 5000" classname="com.mindhub.homebanking.HomebankingApplicationTest" time="0.002"/>
  <testcase name="repetition 263 of 5000" classname="com.mindhub.homebanking.HomebankingApplicationTest" time="0.002"/>
  <testcase name="repetition 264 of 5000" classname="com.mindhub.homebanking.HomebankingApplicationTest" time="0.001"/>
  <testcase name="repetition 265 of 5000" classname="com.mindhub.homebanking.HomebankingApplicationTest" time="0.001"/>
  <testcase name="repetition 266 of 5000" classname="com.mindhub.homebanking.HomebankingApplicationTest" time="0.001"/>
  <testcase name="repetition 267 of 5000" classname="com.mindhub.homebanking.HomebankingApplicationTest" time="0.002"/>
  <testcase name="repetition 268 of 5000" classname="com.mindhub.homebanking.HomebankingApplicationTest" time="0.001"/>
  <testcase name="repetition 269 of 5000" classname="com.mindhub.homebanking.HomebankingApplicationTest" time="0.001"/>
  <testcase name="repetition 270 of 5000" classname="com.mindhub.homebanking.HomebankingApplicationTest" time="0.002"/>
  <testcase name="repetition 271 of 5000" classname="com.mindhub.homebanking.HomebankingApplicationTest" time="0.002"/>
  <testcase name="repetition 272 of 5000" classname="com.mindhub.homebanking.HomebankingApplicationTest" time="0.001"/>
  <testcase name="repetition 273 of 5000" classname="com.mindhub.homebanking.HomebankingApplicationTest" time="0.003"/>
  <testcase name="repetition 274 of 5000" classname="com.mindhub.homebanking.HomebankingApplicationTest" time="0.002"/>
  <testcase name="repetition 275 of 5000" classname="com.mindhub.homebanking.HomebankingApplicationTest" time="0.002"/>
  <testcase name="repetition 276 of 5000" classname="com.mindhub.homebanking.HomebankingApplicationTest" time="0.003"/>
  <testcase name="repetition 277 of 5000" classname="com.mindhub.homebanking.HomebankingApplicationTest" time="0.001"/>
  <testcase name="repetition 278 of 5000" classname="com.mindhub.homebanking.HomebankingApplicationTest" time="0.002"/>
  <testcase name="repetition 279 of 5000" classname="com.mindhub.homebanking.HomebankingApplicationTest" time="0.002"/>
  <testcase name="repetition 280 of 5000" classname="com.mindhub.homebanking.HomebankingApplicationTest" time="0.002"/>
  <testcase name="repetition 281 of 5000" classname="com.mindhub.homebanking.HomebankingApplicationTest" time="0.002"/>
  <testcase name="repetition 282 of 5000" classname="com.mindhub.homebanking.HomebankingApplicationTest" time="0.002"/>
  <testcase name="repetition 283 of 5000" classname="com.mindhub.homebanking.HomebankingApplicationTest" time="0.001"/>
  <testcase name="repetition 284 of 5000" classname="com.mindhub.homebanking.HomebankingApplicationTest" time="0.002"/>
  <testcase name="repetition 285 of 5000" classname="com.mindhub.homebanking.HomebankingApplicationTest" time="0.002"/>
  <testcase name="repetition 286 of 5000" classname="com.mindhub.homebanking.HomebankingApplicationTest" time="0.001"/>
  <testcase name="repetition 287 of 5000" classname="com.mindhub.homebanking.HomebankingApplicationTest" time="0.002"/>
  <testcase name="repetition 288 of 5000" classname="com.mindhub.homebanking.HomebankingApplicationTest" time="0.002"/>
  <testcase name="repetition 289 of 5000" classname="com.mindhub.homebanking.HomebankingApplicationTest" time="0.003"/>
  <testcase name="repetition 290 of 5000" classname="com.mindhub.homebanking.HomebankingApplicationTest" time="0.002"/>
  <testcase name="repetition 291 of 5000" classname="com.mindhub.homebanking.HomebankingApplicationTest" time="0.003"/>
  <testcase name="repetition 292 of 5000" classname="com.mindhub.homebanking.HomebankingApplicationTest" time="0.002"/>
  <testcase name="repetition 293 of 5000" classname="com.mindhub.homebanking.HomebankingApplicationTest" time="0.002"/>
  <testcase name="repetition 294 of 5000" classname="com.mindhub.homebanking.HomebankingApplicationTest" time="0.002"/>
  <testcase name="repetition 295 of 5000" classname="com.mindhub.homebanking.HomebankingApplicationTest" time="0.003"/>
  <testcase name="repetition 296 of 5000" classname="com.mindhub.homebanking.HomebankingApplicationTest" time="0.001"/>
  <testcase name="repetition 297 of 5000" classname="com.mindhub.homebanking.HomebankingApplicationTest" time="0.002"/>
  <testcase name="repetition 298 of 5000" classname="com.mindhub.homebanking.HomebankingApplicationTest" time="0.002"/>
  <testcase name="repetition 299 of 5000" classname="com.mindhub.homebanking.HomebankingApplicationTest" time="0.002"/>
  <testcase name="repetition 300 of 5000" classname="com.mindhub.homebanking.HomebankingApplicationTest" time="0.001"/>
  <testcase name="repetition 301 of 5000" classname="com.mindhub.homebanking.HomebankingApplicationTest" time="0.002"/>
  <testcase name="repetition 302 of 5000" classname="com.mindhub.homebanking.HomebankingApplicationTest" time="0.002"/>
  <testcase name="repetition 303 of 5000" classname="com.mindhub.homebanking.HomebankingApplicationTest" time="0.002"/>
  <testcase name="repetition 304 of 5000" classname="com.mindhub.homebanking.HomebankingApplicationTest" time="0.001"/>
  <testcase name="repetition 305 of 5000" classname="com.mindhub.homebanking.HomebankingApplicationTest" time="0.001"/>
  <testcase name="repetition 306 of 5000" classname="com.mindhub.homebanking.HomebankingApplicationTest" time="0.003"/>
  <testcase name="repetition 307 of 5000" classname="com.mindhub.homebanking.HomebankingApplicationTest" time="0.002"/>
  <testcase name="repetition 308 of 5000" classname="com.mindhub.homebanking.HomebankingApplicationTest" time="0.002"/>
  <testcase name="repetition 309 of 5000" classname="com.mindhub.homebanking.HomebankingApplicationTest" time="0.002"/>
  <testcase name="repetition 310 of 5000" classname="com.mindhub.homebanking.HomebankingApplicationTest" time="0.002"/>
  <testcase name="repetition 311 of 5000" classname="com.mindhub.homebanking.HomebankingApplicationTest" time="0.001"/>
  <testcase name="repetition 312 of 5000" classname="com.mindhub.homebanking.HomebankingApplicationTest" time="0.001"/>
  <testcase name="repetition 313 of 5000" classname="com.mindhub.homebanking.HomebankingApplicationTest" time="0.003"/>
  <testcase name="repetition 314 of 5000" classname="com.mindhub.homebanking.HomebankingApplicationTest" time="0.001"/>
  <testcase name="repetition 315 of 5000" classname="com.mindhub.homebanking.HomebankingApplicationTest" time="0.002"/>
  <testcase name="repetition 316 of 5000" classname="com.mindhub.homebanking.HomebankingApplicationTest" time="0.002"/>
  <testcase name="repetition 317 of 5000" classname="com.mindhub.homebanking.HomebankingApplicationTest" time="0.002"/>
  <testcase name="repetition 318 of 5000" classname="com.mindhub.homebanking.HomebankingApplicationTest" time="0.002"/>
  <testcase name="repetition 319 of 5000" classname="com.mindhub.homebanking.HomebankingApplicationTest" time="0.002"/>
  <testcase name="repetition 320 of 5000" classname="com.mindhub.homebanking.HomebankingApplicationTest" time="0.003"/>
  <testcase name="repetition 321 of 5000" classname="com.mindhub.homebanking.HomebankingApplicationTest" time="0.002"/>
  <testcase name="repetition 322 of 5000" classname="com.mindhub.homebanking.HomebankingApplicationTest" time="0.002"/>
  <testcase name="repetition 323 of 5000" classname="com.mindhub.homebanking.HomebankingApplicationTest" time="0.002"/>
  <testcase name="repetition 324 of 5000" classname="com.mindhub.homebanking.HomebankingApplicationTest" time="0.002"/>
  <testcase name="repetition 325 of 5000" classname="com.mindhub.homebanking.HomebankingApplicationTest" time="0.002"/>
  <testcase name="repetition 326 of 5000" classname="com.mindhub.homebanking.HomebankingApplicationTest" time="0.002"/>
  <testcase name="repetition 327 of 5000" classname="com.mindhub.homebanking.HomebankingApplicationTest" time="0.002"/>
  <testcase name="repetition 328 of 5000" classname="com.mindhub.homebanking.HomebankingApplicationTest" time="0.002"/>
  <testcase name="repetition 329 of 5000" classname="com.mindhub.homebanking.HomebankingApplicationTest" time="0.003"/>
  <testcase name="repetition 330 of 5000" classname="com.mindhub.homebanking.HomebankingApplicationTest" time="0.003"/>
  <testcase name="repetition 331 of 5000" classname="com.mindhub.homebanking.HomebankingApplicationTest" time="0.002"/>
  <testcase name="repetition 332 of 5000" classname="com.mindhub.homebanking.HomebankingApplicationTest" time="0.002"/>
  <testcase name="repetition 333 of 5000" classname="com.mindhub.homebanking.HomebankingApplicationTest" time="0.002"/>
  <testcase name="repetition 334 of 5000" classname="com.mindhub.homebanking.HomebankingApplicationTest" time="0.002"/>
  <testcase name="repetition 335 of 5000" classname="com.mindhub.homebanking.HomebankingApplicationTest" time="0.003"/>
  <testcase name="repetition 336 of 5000" classname="com.mindhub.homebanking.HomebankingApplicationTest" time="0.002"/>
  <testcase name="repetition 337 of 5000" classname="com.mindhub.homebanking.HomebankingApplicationTest" time="0.002"/>
  <testcase name="repetition 338 of 5000" classname="com.mindhub.homebanking.HomebankingApplicationTest" time="0.002"/>
  <testcase name="repetition 339 of 5000" classname="com.mindhub.homebanking.HomebankingApplicationTest" time="0.003"/>
  <testcase name="repetition 340 of 5000" classname="com.mindhub.homebanking.HomebankingApplicationTest" time="0.003"/>
  <testcase name="repetition 341 of 5000" classname="com.mindhub.homebanking.HomebankingApplicationTest" time="0.003"/>
  <testcase name="repetition 342 of 5000" classname="com.mindhub.homebanking.HomebankingApplicationTest" time="0.002"/>
  <testcase name="repetition 343 of 5000" classname="com.mindhub.homebanking.HomebankingApplicationTest" time="0.003"/>
  <testcase name="repetition 344 of 5000" classname="com.mindhub.homebanking.HomebankingApplicationTest" time="0.002"/>
  <testcase name="repetition 345 of 5000" classname="com.mindhub.homebanking.HomebankingApplicationTest" time="0.003"/>
  <testcase name="repetition 346 of 5000" classname="com.mindhub.homebanking.HomebankingApplicationTest" time="0.003"/>
  <testcase name="repetition 347 of 5000" classname="com.mindhub.homebanking.HomebankingApplicationTest" time="0.004"/>
  <testcase name="repetition 348 of 5000" classname="com.mindhub.homebanking.HomebankingApplicationTest" time="0.002"/>
  <testcase name="repetition 349 of 5000" classname="com.mindhub.homebanking.HomebankingApplicationTest" time="0.002"/>
  <testcase name="repetition 350 of 5000" classname="com.mindhub.homebanking.HomebankingApplicationTest" time="0.003"/>
  <testcase name="repetition 351 of 5000" classname="com.mindhub.homebanking.HomebankingApplicationTest" time="0.002"/>
  <testcase name="repetition 352 of 5000" classname="com.mindhub.homebanking.HomebankingApplicationTest" time="0.002"/>
  <testcase name="repetition 353 of 5000" classname="com.mindhub.homebanking.HomebankingApplicationTest" time="0.002"/>
  <testcase name="repetition 354 of 5000" classname="com.mindhub.homebanking.HomebankingApplicationTest" time="0.003"/>
  <testcase name="repetition 355 of 5000" classname="com.mindhub.homebanking.HomebankingApplicationTest" time="0.002"/>
  <testcase name="repetition 356 of 5000" classname="com.mindhub.homebanking.HomebankingApplicationTest" time="0.001"/>
  <testcase name="repetition 357 of 5000" classname="com.mindhub.homebanking.HomebankingApplicationTest" time="0.004"/>
  <testcase name="repetition 358 of 5000" classname="com.mindhub.homebanking.HomebankingApplicationTest" time="0.003"/>
  <testcase name="repetition 359 of 5000" classname="com.mindhub.homebanking.HomebankingApplicationTest" time="0.003"/>
  <testcase name="repetition 360 of 5000" classname="com.mindhub.homebanking.HomebankingApplicationTest" time="0.003"/>
  <testcase name="repetition 361 of 5000" classname="com.mindhub.homebanking.HomebankingApplicationTest" time="0.001"/>
  <testcase name="repetition 362 of 5000" classname="com.mindhub.homebanking.HomebankingApplicationTest" time="0.002"/>
  <testcase name="repetition 363 of 5000" classname="com.mindhub.homebanking.HomebankingApplicationTest" time="0.001"/>
  <testcase name="repetition 364 of 5000" classname="com.mindhub.homebanking.HomebankingApplicationTest" time="0.003"/>
  <testcase name="repetition 365 of 5000" classname="com.mindhub.homebanking.HomebankingApplicationTest" time="0.002"/>
  <testcase name="repetition 366 of 5000" classname="com.mindhub.homebanking.HomebankingApplicationTest" time="0.003"/>
  <testcase name="repetition 367 of 5000" classname="com.mindhub.homebanking.HomebankingApplicationTest" time="0.003"/>
  <testcase name="repetition 368 of 5000" classname="com.mindhub.homebanking.HomebankingApplicationTest" time="0.003"/>
  <testcase name="repetition 369 of 5000" classname="com.mindhub.homebanking.HomebankingApplicationTest" time="0.002"/>
  <testcase name="repetition 370 of 5000" classname="com.mindhub.homebanking.HomebankingApplicationTest" time="0.003"/>
  <testcase name="repetition 371 of 5000" classname="com.mindhub.homebanking.HomebankingApplicationTest" time="0.002"/>
  <testcase name="repetition 372 of 5000" classname="com.mindhub.homebanking.HomebankingApplicationTest" time="0.001"/>
  <testcase name="repetition 373 of 5000" classname="com.mindhub.homebanking.HomebankingApplicationTest" time="0.002"/>
  <testcase name="repetition 374 of 5000" classname="com.mindhub.homebanking.HomebankingApplicationTest" time="0.002"/>
  <testcase name="repetition 375 of 5000" classname="com.mindhub.homebanking.HomebankingApplicationTest" time="0.003"/>
  <testcase name="repetition 376 of 5000" classname="com.mindhub.homebanking.HomebankingApplicationTest" time="0.002"/>
  <testcase name="repetition 377 of 5000" classname="com.mindhub.homebanking.HomebankingApplicationTest" time="0.005"/>
  <testcase name="repetition 378 of 5000" classname="com.mindhub.homebanking.HomebankingApplicationTest" time="0.002"/>
  <testcase name="repetition 379 of 5000" classname="com.mindhub.homebanking.HomebankingApplicationTest" time="0.002"/>
  <testcase name="repetition 380 of 5000" classname="com.mindhub.homebanking.HomebankingApplicationTest" time="0.002"/>
  <testcase name="repetition 381 of 5000" classname="com.mindhub.homebanking.HomebankingApplicationTest" time="0.002"/>
  <testcase name="repetition 382 of 5000" classname="com.mindhub.homebanking.HomebankingApplicationTest" time="0.003"/>
  <testcase name="repetition 383 of 5000" classname="com.mindhub.homebanking.HomebankingApplicationTest" time="0.002"/>
  <testcase name="repetition 384 of 5000" classname="com.mindhub.homebanking.HomebankingApplicationTest" time="0.004"/>
  <testcase name="repetition 385 of 5000" classname="com.mindhub.homebanking.HomebankingApplicationTest" time="0.002"/>
  <testcase name="repetition 386 of 5000" classname="com.mindhub.homebanking.HomebankingApplicationTest" time="0.002"/>
  <testcase name="repetition 387 of 5000" classname="com.mindhub.homebanking.HomebankingApplicationTest" time="0.001"/>
  <testcase name="repetition 388 of 5000" classname="com.mindhub.homebanking.HomebankingApplicationTest" time="0.001"/>
  <testcase name="repetition 389 of 5000" classname="com.mindhub.homebanking.HomebankingApplicationTest" time="0.001"/>
  <testcase name="repetition 390 of 5000" classname="com.mindhub.homebanking.HomebankingApplicationTest" time="0.001"/>
  <testcase name="repetition 391 of 5000" classname="com.mindhub.homebanking.HomebankingApplicationTest" time="0.001"/>
  <testcase name="repetition 392 of 5000" classname="com.mindhub.homebanking.HomebankingApplicationTest" time="0.002"/>
  <testcase name="repetition 393 of 5000" classname="com.mindhub.homebanking.HomebankingApplicationTest" time="0.002"/>
  <testcase name="repetition 394 of 5000" classname="com.mindhub.homebanking.HomebankingApplicationTest" time="0.001"/>
  <testcase name="repetition 395 of 5000" classname="com.mindhub.homebanking.HomebankingApplicationTest" time="0.001"/>
  <testcase name="repetition 396 of 5000" classname="com.mindhub.homebanking.HomebankingApplicationTest" time="0.001"/>
  <testcase name="repetition 397 of 5000" classname="com.mindhub.homebanking.HomebankingApplicationTest" time="0.002"/>
  <testcase name="repetition 398 of 5000" classname="com.mindhub.homebanking.HomebankingApplicationTest" time="0.001"/>
  <testcase name="repetition 399 of 5000" classname="com.mindhub.homebanking.HomebankingApplicationTest" time="0.002"/>
  <testcase name="repetition 400 of 5000" classname="com.mindhub.homebanking.HomebankingApplicationTest" time="0.002"/>
  <testcase name="repetition 401 of 5000" classname="com.mindhub.homebanking.HomebankingApplicationTest" time="0.002"/>
  <testcase name="repetition 402 of 5000" classname="com.mindhub.homebanking.HomebankingApplicationTest" time="0.001"/>
  <testcase name="repetition 403 of 5000" classname="com.mindhub.homebanking.HomebankingApplicationTest" time="0.0"/>
  <testcase name="repetition 404 of 5000" classname="com.mindhub.homebanking.HomebankingApplicationTest" time="0.001"/>
  <testcase name="repetition 405 of 5000" classname="com.mindhub.homebanking.HomebankingApplicationTest" time="0.001"/>
  <testcase name="repetition 406 of 5000" classname="com.mindhub.homebanking.HomebankingApplicationTest" time="0.001"/>
  <testcase name="repetition 407 of 5000" classname="com.mindhub.homebanking.HomebankingApplicationTest" time="0.001"/>
  <testcase name="repetition 408 of 5000" classname="com.mindhub.homebanking.HomebankingApplicationTest" time="0.001"/>
  <testcase name="repetition 409 of 5000" classname="com.mindhub.homebanking.HomebankingApplicationTest" time="0.001"/>
  <testcase name="repetition 410 of 5000" classname="com.mindhub.homebanking.HomebankingApplicationTest" time="0.001"/>
  <testcase name="repetition 411 of 5000" classname="com.mindhub.homebanking.HomebankingApplicationTest" time="0.001"/>
  <testcase name="repetition 412 of 5000" classname="com.mindhub.homebanking.HomebankingApplicationTest" time="0.001"/>
  <testcase name="repetition 413 of 5000" classname="com.mindhub.homebanking.HomebankingApplicationTest" time="0.002"/>
  <testcase name="repetition 414 of 5000" classname="com.mindhub.homebanking.HomebankingApplicationTest" time="0.001"/>
  <testcase name="repetition 415 of 5000" classname="com.mindhub.homebanking.HomebankingApplicationTest" time="0.002"/>
  <testcase name="repetition 416 of 5000" classname="com.mindhub.homebanking.HomebankingApplicationTest" time="0.003"/>
  <testcase name="repetition 417 of 5000" classname="com.mindhub.homebanking.HomebankingApplicationTest" time="0.002"/>
  <testcase name="repetition 418 of 5000" classname="com.mindhub.homebanking.HomebankingApplicationTest" time="0.003"/>
  <testcase name="repetition 419 of 5000" classname="com.mindhub.homebanking.HomebankingApplicationTest" time="0.002"/>
  <testcase name="repetition 420 of 5000" classname="com.mindhub.homebanking.HomebankingApplicationTest" time="0.001"/>
  <testcase name="repetition 421 of 5000" classname="com.mindhub.homebanking.HomebankingApplicationTest" time="0.001"/>
  <testcase name="repetition 422 of 5000" classname="com.mindhub.homebanking.HomebankingApplicationTest" time="0.001"/>
  <testcase name="repetition 423 of 5000" classname="com.mindhub.homebanking.HomebankingApplicationTest" time="0.001"/>
  <testcase name="repetition 424 of 5000" classname="com.mindhub.homebanking.HomebankingApplicationTest" time="0.0"/>
  <testcase name="repetition 425 of 5000" classname="com.mindhub.homebanking.HomebankingApplicationTest" time="0.001"/>
  <testcase name="repetition 426 of 5000" classname="com.mindhub.homebanking.HomebankingApplicationTest" time="0.001"/>
  <testcase name="repetition 427 of 5000" classname="com.mindhub.homebanking.HomebankingApplicationTest" time="0.001"/>
  <testcase name="repetition 428 of 5000" classname="com.mindhub.homebanking.HomebankingApplicationTest" time="0.001"/>
  <testcase name="repetition 429 of 5000" classname="com.mindhub.homebanking.HomebankingApplicationTest" time="0.001"/>
  <testcase name="repetition 430 of 5000" classname="com.mindhub.homebanking.HomebankingApplicationTest" time="0.002"/>
  <testcase name="repetition 431 of 5000" classname="com.mindhub.homebanking.HomebankingApplicationTest" time="0.002"/>
  <testcase name="repetition 432 of 5000" classname="com.mindhub.homebanking.HomebankingApplicationTest" time="0.001"/>
  <testcase name="repetition 433 of 5000" classname="com.mindhub.homebanking.HomebankingApplicationTest" time="0.002"/>
  <testcase name="repetition 434 of 5000" classname="com.mindhub.homebanking.HomebankingApplicationTest" time="0.002"/>
  <testcase name="repetition 435 of 5000" classname="com.mindhub.homebanking.HomebankingApplicationTest" time="0.002"/>
  <testcase name="repetition 436 of 5000" classname="com.mindhub.homebanking.HomebankingApplicationTest" time="0.002"/>
  <testcase name="repetition 437 of 5000" classname="com.mindhub.homebanking.HomebankingApplicationTest" time="0.001"/>
  <testcase name="repetition 438 of 5000" classname="com.mindhub.homebanking.HomebankingApplicationTest" time="0.001"/>
  <testcase name="repetition 439 of 5000" classname="com.mindhub.homebanking.HomebankingApplicationTest" time="0.001"/>
  <testcase name="repetition 440 of 5000" classname="com.mindhub.homebanking.HomebankingApplicationTest" time="0.001"/>
  <testcase name="repetition 441 of 5000" classname="com.mindhub.homebanking.HomebankingApplicationTest" time="0.001"/>
  <testcase name="repetition 442 of 5000" classname="com.mindhub.homebanking.HomebankingApplicationTest" time="0.001"/>
  <testcase name="repetition 443 of 5000" classname="com.mindhub.homebanking.HomebankingApplicationTest" time="0.001"/>
  <testcase name="repetition 444 of 5000" classname="com.mindhub.homebanking.HomebankingApplicationTest" time="0.001"/>
  <testcase name="repetition 445 of 5000" classname="com.mindhub.homebanking.HomebankingApplicationTest" time="0.001"/>
  <testcase name="repetition 446 of 5000" classname="com.mindhub.homebanking.HomebankingApplicationTest" time="0.001"/>
  <testcase name="repetition 447 of 5000" classname="com.mindhub.homebanking.HomebankingApplicationTest" time="0.001"/>
  <testcase name="repetition 448 of 5000" classname="com.mindhub.homebanking.HomebankingApplicationTest" time="0.001"/>
  <testcase name="repetition 449 of 5000" classname="com.mindhub.homebanking.HomebankingApplicationTest" time="0.001"/>
  <testcase name="repetition 450 of 5000" classname="com.mindhub.homebanking.HomebankingApplicationTest" time="0.001"/>
  <testcase name="repetition 451 of 5000" classname="com.mindhub.homebanking.HomebankingApplicationTest" time="0.001"/>
  <testcase name="repetition 452 of 5000" classname="com.mindhub.homebanking.HomebankingApplicationTest" time="0.001"/>
  <testcase name="repetition 453 of 5000" classname="com.mindhub.homebanking.HomebankingApplicationTest" time="0.001"/>
  <testcase name="repetition 454 of 5000" classname="com.mindhub.homebanking.HomebankingApplicationTest" time="0.001"/>
  <testcase name="repetition 455 of 5000" classname="com.mindhub.homebanking.HomebankingApplicationTest" time="0.001"/>
  <testcase name="repetition 456 of 5000" classname="com.mindhub.homebanking.HomebankingApplicationTest" time="0.001"/>
  <testcase name="repetition 457 of 5000" classname="com.mindhub.homebanking.HomebankingApplicationTest" time="0.0"/>
  <testcase name="repetition 458 of 5000" classname="com.mindhub.homebanking.HomebankingApplicationTest" time="0.001"/>
  <testcase name="repetition 459 of 5000" classname="com.mindhub.homebanking.HomebankingApplicationTest" time="0.001"/>
  <testcase name="repetition 460 of 5000" classname="com.mindhub.homebanking.HomebankingApplicationTest" time="0.002"/>
  <testcase name="repetition 461 of 5000" classname="com.mindhub.homebanking.HomebankingApplicationTest" time="0.001"/>
  <testcase name="repetition 462 of 5000" classname="com.mindhub.homebanking.HomebankingApplicationTest" time="0.001"/>
  <testcase name="repetition 463 of 5000" classname="com.mindhub.homebanking.HomebankingApplicationTest" time="0.001"/>
  <testcase name="repetition 464 of 5000" classname="com.mindhub.homebanking.HomebankingApplicationTest" time="0.001"/>
  <testcase name="repetition 465 of 5000" classname="com.mindhub.homebanking.HomebankingApplicationTest" time="0.001"/>
  <testcase name="repetition 466 of 5000" classname="com.mindhub.homebanking.HomebankingApplicationTest" time="0.002"/>
  <testcase name="repetition 467 of 5000" classname="com.mindhub.homebanking.HomebankingApplicationTest" time="0.001"/>
  <testcase name="repetition 468 of 5000" classname="com.mindhub.homebanking.HomebankingApplicationTest" time="0.001"/>
  <testcase name="repetition 469 of 5000" classname="com.mindhub.homebanking.HomebankingApplicationTest" time="0.002"/>
  <testcase name="repetition 470 of 5000" classname="com.mindhub.homebanking.HomebankingApplicationTest" time="0.003"/>
  <testcase name="repetition 471 of 5000" classname="com.mindhub.homebanking.HomebankingApplicationTest" time="0.0"/>
  <testcase name="repetition 472 of 5000" classname="com.mindhub.homebanking.HomebankingApplicationTest" time="0.0"/>
  <testcase name="repetition 473 of 5000" classname="com.mindhub.homebanking.HomebankingApplicationTest" time="0.0"/>
  <testcase name="repetition 474 of 5000" classname="com.mindhub.homebanking.HomebankingApplicationTest" time="0.0"/>
  <testcase name="repetition 475 of 5000" classname="com.mindhub.homebanking.HomebankingApplicationTest" time="0.001"/>
  <testcase name="repetition 476 of 5000" classname="com.mindhub.homebanking.HomebankingApplicationTest" time="0.002"/>
  <testcase name="repetition 477 of 5000" classname="com.mindhub.homebanking.HomebankingApplicationTest" time="0.001"/>
  <testcase name="repetition 478 of 5000" classname="com.mindhub.homebanking.HomebankingApplicationTest" time="0.0"/>
  <testcase name="repetition 479 of 5000" classname="com.mindhub.homebanking.HomebankingApplicationTest" time="0.0"/>
  <testcase name="repetition 480 of 5000" classname="com.mindhub.homebanking.HomebankingApplicationTest" time="0.001"/>
  <testcase name="repetition 481 of 5000" classname="com.mindhub.homebanking.HomebankingApplicationTest" time="0.001"/>
  <testcase name="repetition 482 of 5000" classname="com.mindhub.homebanking.HomebankingApplicationTest" time="0.001"/>
  <testcase name="repetition 483 of 5000" classname="com.mindhub.homebanking.HomebankingApplicationTest" time="0.001"/>
  <testcase name="repetition 484 of 5000" classname="com.mindhub.homebanking.HomebankingApplicationTest" time="0.001"/>
  <testcase name="repetition 485 of 5000" classname="com.mindhub.homebanking.HomebankingApplicationTest" time="0.001"/>
  <testcase name="repetition 486 of 5000" classname="com.mindhub.homebanking.HomebankingApplicationTest" time="0.001"/>
  <testcase name="repetition 487 of 5000" classname="com.mindhub.homebanking.HomebankingApplicationTest" time="0.001"/>
  <testcase name="repetition 488 of 5000" classname="com.mindhub.homebanking.HomebankingApplicationTest" time="0.001"/>
  <testcase name="repetition 489 of 5000" classname="com.mindhub.homebanking.HomebankingApplicationTest" time="0.001"/>
  <testcase name="repetition 490 of 5000" classname="com.mindhub.homebanking.HomebankingApplicationTest" time="0.001"/>
  <testcase name="repetition 491 of 5000" classname="com.mindhub.homebanking.HomebankingApplicationTest" time="0.0"/>
  <testcase name="repetition 492 of 5000" classname="com.mindhub.homebanking.HomebankingApplicationTest" time="0.0"/>
  <testcase name="repetition 493 of 5000" classname="com.mindhub.homebanking.HomebankingApplicationTest" time="0.0"/>
  <testcase name="repetition 494 of 5000" classname="com.mindhub.homebanking.HomebankingApplicationTest" time="0.0"/>
  <testcase name="repetition 495 of 5000" classname="com.mindhub.homebanking.HomebankingApplicationTest" time="0.0"/>
  <testcase name="repetition 496 of 5000" classname="com.mindhub.homebanking.HomebankingApplicationTest" time="0.001"/>
  <testcase name="repetition 497 of 5000" classname="com.mindhub.homebanking.HomebankingApplicationTest" time="0.001"/>
  <testcase name="repetition 498 of 5000" classname="com.mindhub.homebanking.HomebankingApplicationTest" time="0.001"/>
  <testcase name="repetition 499 of 5000" classname="com.mindhub.homebanking.HomebankingApplicationTest" time="0.001"/>
  <testcase name="repetition 500 of 5000" classname="com.mindhub.homebanking.HomebankingApplicationTest" time="0.001"/>
  <testcase name="repetition 501 of 5000" classname="com.mindhub.homebanking.HomebankingApplicationTest" time="0.001"/>
  <testcase name="repetition 502 of 5000" classname="com.mindhub.homebanking.HomebankingApplicationTest" time="0.001"/>
  <testcase name="repetition 503 of 5000" classname="com.mindhub.homebanking.HomebankingApplicationTest" time="0.001"/>
  <testcase name="repetition 504 of 5000" classname="com.mindhub.homebanking.HomebankingApplicationTest" time="0.001"/>
  <testcase name="repetition 505 of 5000" classname="com.mindhub.homebanking.HomebankingApplicationTest" time="0.001"/>
  <testcase name="repetition 506 of 5000" classname="com.mindhub.homebanking.HomebankingApplicationTest" time="0.001"/>
  <testcase name="repetition 507 of 5000" classname="com.mindhub.homebanking.HomebankingApplicationTest" time="0.001"/>
  <testcase name="repetition 508 of 5000" classname="com.mindhub.homebanking.HomebankingApplicationTest" time="0.001"/>
  <testcase name="repetition 509 of 5000" classname="com.mindhub.homebanking.HomebankingApplicationTest" time="0.001"/>
  <testcase name="repetition 510 of 5000" classname="com.mindhub.homebanking.HomebankingApplicationTest" time="0.001"/>
  <testcase name="repetition 511 of 5000" classname="com.mindhub.homebanking.HomebankingApplicationTest" time="0.001"/>
  <testcase name="repetition 512 of 5000" classname="com.mindhub.homebanking.HomebankingApplicationTest" time="0.003"/>
  <testcase name="repetition 513 of 5000" classname="com.mindhub.homebanking.HomebankingApplicationTest" time="0.001"/>
  <testcase name="repetition 514 of 5000" classname="com.mindhub.homebanking.HomebankingApplicationTest" time="0.001"/>
  <testcase name="repetition 515 of 5000" classname="com.mindhub.homebanking.HomebankingApplicationTest" time="0.001"/>
  <testcase name="repetition 516 of 5000" classname="com.mindhub.homebanking.HomebankingApplicationTest" time="0.001"/>
  <testcase name="repetition 517 of 5000" classname="com.mindhub.homebanking.HomebankingApplicationTest" time="0.001"/>
  <testcase name="repetition 518 of 5000" classname="com.mindhub.homebanking.HomebankingApplicationTest" time="0.001"/>
  <testcase name="repetition 519 of 5000" classname="com.mindhub.homebanking.HomebankingApplicationTest" time="0.001"/>
  <testcase name="repetition 520 of 5000" classname="com.mindhub.homebanking.HomebankingApplicationTest" time="0.001"/>
  <testcase name="repetition 521 of 5000" classname="com.mindhub.homebanking.HomebankingApplicationTest" time="0.001"/>
  <testcase name="repetition 522 of 5000" classname="com.mindhub.homebanking.HomebankingApplicationTest" time="0.001"/>
  <testcase name="repetition 523 of 5000" classname="com.mindhub.homebanking.HomebankingApplicationTest" time="0.001"/>
  <testcase name="repetition 524 of 5000" classname="com.mindhub.homebanking.HomebankingApplicationTest" time="0.001"/>
  <testcase name="repetition 525 of 5000" classname="com.mindhub.homebanking.HomebankingApplicationTest" time="0.001"/>
  <testcase name="repetition 526 of 5000" classname="com.mindhub.homebanking.HomebankingApplicationTest" time="0.001"/>
  <testcase name="repetition 527 of 5000" classname="com.mindhub.homebanking.HomebankingApplicationTest" time="0.001"/>
  <testcase name="repetition 528 of 5000" classname="com.mindhub.homebanking.HomebankingApplicationTest" time="0.001"/>
  <testcase name="repetition 529 of 5000" classname="com.mindhub.homebanking.HomebankingApplicationTest" time="0.001"/>
  <testcase name="repetition 530 of 5000" classname="com.mindhub.homebanking.HomebankingApplicationTest" time="0.0"/>
  <testcase name="repetition 531 of 5000" classname="com.mindhub.homebanking.HomebankingApplicationTest" time="0.0"/>
  <testcase name="repetition 532 of 5000" classname="com.mindhub.homebanking.HomebankingApplicationTest" time="0.0"/>
  <testcase name="repetition 533 of 5000" classname="com.mindhub.homebanking.HomebankingApplicationTest" time="0.0"/>
  <testcase name="repetition 534 of 5000" classname="com.mindhub.homebanking.HomebankingApplicationTest" time="0.001"/>
  <testcase name="repetition 535 of 5000" classname="com.mindhub.homebanking.HomebankingApplicationTest" time="0.001"/>
  <testcase name="repetition 536 of 5000" classname="com.mindhub.homebanking.HomebankingApplicationTest" time="0.001"/>
  <testcase name="repetition 537 of 5000" classname="com.mindhub.homebanking.HomebankingApplicationTest" time="0.002"/>
  <testcase name="repetition 538 of 5000" classname="com.mindhub.homebanking.HomebankingApplicationTest" time="0.002"/>
  <testcase name="repetition 539 of 5000" classname="com.mindhub.homebanking.HomebankingApplicationTest" time="0.002"/>
  <testcase name="repetition 540 of 5000" classname="com.mindhub.homebanking.HomebankingApplicationTest" time="0.001"/>
  <testcase name="repetition 541 of 5000" classname="com.mindhub.homebanking.HomebankingApplicationTest" time="0.002"/>
  <testcase name="repetition 542 of 5000" classname="com.mindhub.homebanking.HomebankingApplicationTest" time="0.001"/>
  <testcase name="repetition 543 of 5000" classname="com.mindhub.homebanking.HomebankingApplicationTest" time="0.001"/>
  <testcase name="repetition 544 of 5000" classname="com.mindhub.homebanking.HomebankingApplicationTest" time="0.001"/>
  <testcase name="repetition 545 of 5000" classname="com.mindhub.homebanking.HomebankingApplicationTest" time="0.001"/>
  <testcase name="repetition 546 of 5000" classname="com.mindhub.homebanking.HomebankingApplicationTest" time="0.001"/>
  <testcase name="repetition 547 of 5000" classname="com.mindhub.homebanking.HomebankingApplicationTest" time="0.0"/>
  <testcase name="repetition 548 of 5000" classname="com.mindhub.homebanking.HomebankingApplicationTest" time="0.001"/>
  <testcase name="repetition 549 of 5000" classname="com.mindhub.homebanking.HomebankingApplicationTest" time="0.001"/>
  <testcase name="repetition 550 of 5000" classname="com.mindhub.homebanking.HomebankingApplicationTest" time="0.001"/>
  <testcase name="repetition 551 of 5000" classname="com.mindhub.homebanking.HomebankingApplicationTest" time="0.0"/>
  <testcase name="repetition 552 of 5000" classname="com.mindhub.homebanking.HomebankingApplicationTest" time="0.003"/>
  <testcase name="repetition 553 of 5000" classname="com.mindhub.homebanking.HomebankingApplicationTest" time="0.001"/>
  <testcase name="repetition 554 of 5000" classname="com.mindhub.homebanking.HomebankingApplicationTest" time="0.002"/>
  <testcase name="repetition 555 of 5000" classname="com.mindhub.homebanking.HomebankingApplicationTest" time="0.002"/>
  <testcase name="repetition 556 of 5000" classname="com.mindhub.homebanking.HomebankingApplicationTest" time="0.002"/>
  <testcase name="repetition 557 of 5000" classname="com.mindhub.homebanking.HomebankingApplicationTest" time="0.002"/>
  <testcase name="repetition 558 of 5000" classname="com.mindhub.homebanking.HomebankingApplicationTest" time="0.005"/>
  <testcase name="repetition 559 of 5000" classname="com.mindhub.homebanking.HomebankingApplicationTest" time="0.001"/>
  <testcase name="repetition 560 of 5000" classname="com.mindhub.homebanking.HomebankingApplicationTest" time="0.001"/>
  <testcase name="repetition 561 of 5000" classname="com.mindhub.homebanking.HomebankingApplicationTest" time="0.001"/>
  <testcase name="repetition 562 of 5000" classname="com.mindhub.homebanking.HomebankingApplicationTest" time="0.0"/>
  <testcase name="repetition 563 of 5000" classname="com.mindhub.homebanking.HomebankingApplicationTest" time="0.001"/>
  <testcase name="repetition 564 of 5000" classname="com.mindhub.homebanking.HomebankingApplicationTest" time="0.001"/>
  <testcase name="repetition 565 of 5000" classname="com.mindhub.homebanking.HomebankingApplicationTest" time="0.001"/>
  <testcase name="repetition 566 of 5000" classname="com.mindhub.homebanking.HomebankingApplicationTest" time="0.0"/>
  <testcase name="repetition 567 of 5000" classname="com.mindhub.homebanking.HomebankingApplicationTest" time="0.0"/>
  <testcase name="repetition 568 of 5000" classname="com.mindhub.homebanking.HomebankingApplicationTest" time="0.001"/>
  <testcase name="repetition 569 of 5000" classname="com.mindhub.homebanking.HomebankingApplicationTest" time="0.001"/>
  <testcase name="repetition 570 of 5000" classname="com.mindhub.homebanking.HomebankingApplicationTest" time="0.002"/>
  <testcase name="repetition 571 of 5000" classname="com.mindhub.homebanking.HomebankingApplicationTest" time="0.002"/>
  <testcase name="repetition 572 of 5000" classname="com.mindhub.homebanking.HomebankingApplicationTest" time="0.001"/>
  <testcase name="repetition 573 of 5000" classname="com.mindhub.homebanking.HomebankingApplicationTest" time="0.001"/>
  <testcase name="repetition 574 of 5000" classname="com.mindhub.homebanking.HomebankingApplicationTest" time="0.001"/>
  <testcase name="repetition 575 of 5000" classname="com.mindhub.homebanking.HomebankingApplicationTest" time="0.002"/>
  <testcase name="repetition 576 of 5000" classname="com.mindhub.homebanking.HomebankingApplicationTest" time="0.002"/>
  <testcase name="repetition 577 of 5000" classname="com.mindhub.homebanking.HomebankingApplicationTest" time="0.001"/>
  <testcase name="repetition 578 of 5000" classname="com.mindhub.homebanking.HomebankingApplicationTest" time="0.001"/>
  <testcase name="repetition 579 of 5000" classname="com.mindhub.homebanking.HomebankingApplicationTest" time="0.002"/>
  <testcase name="repetition 580 of 5000" classname="com.mindhub.homebanking.HomebankingApplicationTest" time="0.001"/>
  <testcase name="repetition 581 of 5000" classname="com.mindhub.homebanking.HomebankingApplicationTest" time="0.001"/>
  <testcase name="repetition 582 of 5000" classname="com.mindhub.homebanking.HomebankingApplicationTest" time="0.001"/>
  <testcase name="repetition 583 of 5000" classname="com.mindhub.homebanking.HomebankingApplicationTest" time="0.001"/>
  <testcase name="repetition 584 of 5000" classname="com.mindhub.homebanking.HomebankingApplicationTest" time="0.0"/>
  <testcase name="repetition 585 of 5000" classname="com.mindhub.homebanking.HomebankingApplicationTest" time="0.001"/>
  <testcase name="repetition 586 of 5000" classname="com.mindhub.homebanking.HomebankingApplicationTest" time="0.002"/>
  <testcase name="repetition 587 of 5000" classname="com.mindhub.homebanking.HomebankingApplicationTest" time="0.001"/>
  <testcase name="repetition 588 of 5000" classname="com.mindhub.homebanking.HomebankingApplicationTest" time="0.001"/>
  <testcase name="repetition 589 of 5000" classname="com.mindhub.homebanking.HomebankingApplicationTest" time="0.001"/>
  <testcase name="repetition 590 of 5000" classname="com.mindhub.homebanking.HomebankingApplicationTest" time="0.001"/>
  <testcase name="repetition 591 of 5000" classname="com.mindhub.homebanking.HomebankingApplicationTest" time="0.001"/>
  <testcase name="repetition 592 of 5000" classname="com.mindhub.homebanking.HomebankingApplicationTest" time="0.001"/>
  <testcase name="repetition 593 of 5000" classname="com.mindhub.homebanking.HomebankingApplicationTest" time="0.002"/>
  <testcase name="repetition 594 of 5000" classname="com.mindhub.homebanking.HomebankingApplicationTest" time="0.001"/>
  <testcase name="repetition 595 of 5000" classname="com.mindhub.homebanking.HomebankingApplicationTest" time="0.001"/>
  <testcase name="repetition 596 of 5000" classname="com.mindhub.homebanking.HomebankingApplicationTest" time="0.001"/>
  <testcase name="repetition 597 of 5000" classname="com.mindhub.homebanking.HomebankingApplicationTest" time="0.001"/>
  <testcase name="repetition 598 of 5000" classname="com.mindhub.homebanking.HomebankingApplicationTest" time="0.002"/>
  <testcase name="repetition 599 of 5000" classname="com.mindhub.homebanking.HomebankingApplicationTest" time="0.001"/>
  <testcase name="repetition 600 of 5000" classname="com.mindhub.homebanking.HomebankingApplicationTest" time="0.001"/>
  <testcase name="repetition 601 of 5000" classname="com.mindhub.homebanking.HomebankingApplicationTest" time="0.001"/>
  <testcase name="repetition 602 of 5000" classname="com.mindhub.homebanking.HomebankingApplicationTest" time="0.001"/>
  <testcase name="repetition 603 of 5000" classname="com.mindhub.homebanking.HomebankingApplicationTest" time="0.001"/>
  <testcase name="repetition 604 of 5000" classname="com.mindhub.homebanking.HomebankingApplicationTest" time="0.001"/>
  <testcase name="repetition 605 of 5000" classname="com.mindhub.homebanking.HomebankingApplicationTest" time="0.001"/>
  <testcase name="repetition 606 of 5000" classname="com.mindhub.homebanking.HomebankingApplicationTest" time="0.001"/>
  <testcase name="repetition 607 of 5000" classname="com.mindhub.homebanking.HomebankingApplicationTest" time="0.001"/>
  <testcase name="repetition 608 of 5000" classname="com.mindhub.homebanking.HomebankingApplicationTest" time="0.001"/>
  <testcase name="repetition 609 of 5000" classname="com.mindhub.homebanking.HomebankingApplicationTest" time="0.001"/>
  <testcase name="repetition 610 of 5000" classname="com.mindhub.homebanking.HomebankingApplicationTest" time="0.001"/>
  <testcase name="repetition 611 of 5000" classname="com.mindhub.homebanking.HomebankingApplicationTest" time="0.001"/>
  <testcase name="repetition 612 of 5000" classname="com.mindhub.homebanking.HomebankingApplicationTest" time="0.001"/>
  <testcase name="repetition 613 of 5000" classname="com.mindhub.homebanking.HomebankingApplicationTest" time="0.0"/>
  <testcase name="repetition 614 of 5000" classname="com.mindhub.homebanking.HomebankingApplicationTest" time="0.0"/>
  <testcase name="repetition 615 of 5000" classname="com.mindhub.homebanking.HomebankingApplicationTest" time="0.001"/>
  <testcase name="repetition 616 of 5000" classname="com.mindhub.homebanking.HomebankingApplicationTest" time="0.001"/>
  <testcase name="repetition 617 of 5000" classname="com.mindhub.homebanking.HomebankingApplicationTest" time="0.0"/>
  <testcase name="repetition 618 of 5000" classname="com.mindhub.homebanking.HomebankingApplicationTest" time="0.0"/>
  <testcase name="repetition 619 of 5000" classname="com.mindhub.homebanking.HomebankingApplicationTest" time="0.001"/>
  <testcase name="repetition 620 of 5000" classname="com.mindhub.homebanking.HomebankingApplicationTest" time="0.001"/>
  <testcase name="repetition 621 of 5000" classname="com.mindhub.homebanking.HomebankingApplicationTest" time="0.001"/>
  <testcase name="repetition 622 of 5000" classname="com.mindhub.homebanking.HomebankingApplicationTest" time="0.001"/>
  <testcase name="repetition 623 of 5000" classname="com.mindhub.homebanking.HomebankingApplicationTest" time="0.001"/>
  <testcase name="repetition 624 of 5000" classname="com.mindhub.homebanking.HomebankingApplicationTest" time="0.001"/>
  <testcase name="repetition 625 of 5000" classname="com.mindhub.homebanking.HomebankingApplicationTest" time="0.001"/>
  <testcase name="repetition 626 of 5000" classname="com.mindhub.homebanking.HomebankingApplicationTest" time="0.001"/>
  <testcase name="repetition 627 of 5000" classname="com.mindhub.homebanking.HomebankingApplicationTest" time="0.001"/>
  <testcase name="repetition 628 of 5000" classname="com.mindhub.homebanking.HomebankingApplicationTest" time="0.0"/>
  <testcase name="repetition 629 of 5000" classname="com.mindhub.homebanking.HomebankingApplicationTest" time="0.0"/>
  <testcase name="repetition 630 of 5000" classname="com.mindhub.homebanking.HomebankingApplicationTest" time="0.001"/>
  <testcase name="repetition 631 of 5000" classname="com.mindhub.homebanking.HomebankingApplicationTest" time="0.001"/>
  <testcase name="repetition 632 of 5000" classname="com.mindhub.homebanking.HomebankingApplicationTest" time="0.001"/>
  <testcase name="repetition 633 of 5000" classname="com.mindhub.homebanking.HomebankingApplicationTest" time="0.0"/>
  <testcase name="repetition 634 of 5000" classname="com.mindhub.homebanking.HomebankingApplicationTest" time="0.002"/>
  <testcase name="repetition 635 of 5000" classname="com.mindhub.homebanking.HomebankingApplicationTest" time="0.001"/>
  <testcase name="repetition 636 of 5000" classname="com.mindhub.homebanking.HomebankingApplicationTest" time="0.001"/>
  <testcase name="repetition 637 of 5000" classname="com.mindhub.homebanking.HomebankingApplicationTest" time="0.0"/>
  <testcase name="repetition 638 of 5000" classname="com.mindhub.homebanking.HomebankingApplicationTest" time="0.0"/>
  <testcase name="repetition 639 of 5000" classname="com.mindhub.homebanking.HomebankingApplicationTest" time="0.001"/>
  <testcase name="repetition 640 of 5000" classname="com.mindhub.homebanking.HomebankingApplicationTest" time="0.003"/>
  <testcase name="repetition 641 of 5000" classname="com.mindhub.homebanking.HomebankingApplicationTest" time="0.001"/>
  <testcase name="repetition 642 of 5000" classname="com.mindhub.homebanking.HomebankingApplicationTest" time="0.001"/>
  <testcase name="repetition 643 of 5000" classname="com.mindhub.homebanking.HomebankingApplicationTest" time="0.001"/>
  <testcase name="repetition 644 of 5000" classname="com.mindhub.homebanking.HomebankingApplicationTest" time="0.001"/>
  <testcase name="repetition 645 of 5000" classname="com.mindhub.homebanking.HomebankingApplicationTest" time="0.001"/>
  <testcase name="repetition 646 of 5000" classname="com.mindhub.homebanking.HomebankingApplicationTest" time="0.0"/>
  <testcase name="repetition 647 of 5000" classname="com.mindhub.homebanking.HomebankingApplicationTest" time="0.001"/>
  <testcase name="repetition 648 of 5000" classname="com.mindhub.homebanking.HomebankingApplicationTest" time="0.0"/>
  <testcase name="repetition 649 of 5000" classname="com.mindhub.homebanking.HomebankingApplicationTest" time="0.0"/>
  <testcase name="repetition 650 of 5000" classname="com.mindhub.homebanking.HomebankingApplicationTest" time="0.001"/>
  <testcase name="repetition 651 of 5000" classname="com.mindhub.homebanking.HomebankingApplicationTest" time="0.001"/>
  <testcase name="repetition 652 of 5000" classname="com.mindhub.homebanking.HomebankingApplicationTest" time="0.002"/>
  <testcase name="repetition 653 of 5000" classname="com.mindhub.homebanking.HomebankingApplicationTest" time="0.001"/>
  <testcase name="repetition 654 of 5000" classname="com.mindhub.homebanking.HomebankingApplicationTest" time="0.001"/>
  <testcase name="repetition 655 of 5000" classname="com.mindhub.homebanking.HomebankingApplicationTest" time="0.001"/>
  <testcase name="repetition 656 of 5000" classname="com.mindhub.homebanking.HomebankingApplicationTest" time="0.0"/>
  <testcase name="repetition 657 of 5000" classname="com.mindhub.homebanking.HomebankingApplicationTest" time="0.0"/>
  <testcase name="repetition 658 of 5000" classname="com.mindhub.homebanking.HomebankingApplicationTest" time="0.001"/>
  <testcase name="repetition 659 of 5000" classname="com.mindhub.homebanking.HomebankingApplicationTest" time="0.0"/>
  <testcase name="repetition 660 of 5000" classname="com.mindhub.homebanking.HomebankingApplicationTest" time="0.0"/>
  <testcase name="repetition 661 of 5000" classname="com.mindhub.homebanking.HomebankingApplicationTest" time="0.0"/>
  <testcase name="repetition 662 of 5000" classname="com.mindhub.homebanking.HomebankingApplicationTest" time="0.001"/>
  <testcase name="repetition 663 of 5000" classname="com.mindhub.homebanking.HomebankingApplicationTest" time="0.001"/>
  <testcase name="repetition 664 of 5000" classname="com.mindhub.homebanking.HomebankingApplicationTest" time="0.0"/>
  <testcase name="repetition 665 of 5000" classname="com.mindhub.homebanking.HomebankingApplicationTest" time="0.0"/>
  <testcase name="repetition 666 of 5000" classname="com.mindhub.homebanking.HomebankingApplicationTest" time="0.0"/>
  <testcase name="repetition 667 of 5000" classname="com.mindhub.homebanking.HomebankingApplicationTest" time="0.001"/>
  <testcase name="repetition 668 of 5000" classname="com.mindhub.homebanking.HomebankingApplicationTest" time="0.0"/>
  <testcase name="repetition 669 of 5000" classname="com.mindhub.homebanking.HomebankingApplicationTest" time="0.001"/>
  <testcase name="repetition 670 of 5000" classname="com.mindhub.homebanking.HomebankingApplicationTest" time="0.001"/>
  <testcase name="repetition 671 of 5000" classname="com.mindhub.homebanking.HomebankingApplicationTest" time="0.001"/>
  <testcase name="repetition 672 of 5000" classname="com.mindhub.homebanking.HomebankingApplicationTest" time="0.0"/>
  <testcase name="repetition 673 of 5000" classname="com.mindhub.homebanking.HomebankingApplicationTest" time="0.001"/>
  <testcase name="repetition 674 of 5000" classname="com.mindhub.homebanking.HomebankingApplicationTest" time="0.001"/>
  <testcase name="repetition 675 of 5000" classname="com.mindhub.homebanking.HomebankingApplicationTest" time="0.001"/>
  <testcase name="repetition 676 of 5000" classname="com.mindhub.homebanking.HomebankingApplicationTest" time="0.001"/>
  <testcase name="repetition 677 of 5000" classname="com.mindhub.homebanking.HomebankingApplicationTest" time="0.001"/>
  <testcase name="repetition 678 of 5000" classname="com.mindhub.homebanking.HomebankingApplicationTest" time="0.001"/>
  <testcase name="repetition 679 of 5000" classname="com.mindhub.homebanking.HomebankingApplicationTest" time="0.0"/>
  <testcase name="repetition 680 of 5000" classname="com.mindhub.homebanking.HomebankingApplicationTest" time="0.0"/>
  <testcase name="repetition 681 of 5000" classname="com.mindhub.homebanking.HomebankingApplicationTest" time="0.001"/>
  <testcase name="repetition 682 of 5000" classname="com.mindhub.homebanking.HomebankingApplicationTest" time="0.001"/>
  <testcase name="repetition 683 of 5000" classname="com.mindhub.homebanking.HomebankingApplicationTest" time="0.001"/>
  <testcase name="repetition 684 of 5000" classname="com.mindhub.homebanking.HomebankingApplicationTest" time="0.002"/>
  <testcase name="repetition 685 of 5000" classname="com.mindhub.homebanking.HomebankingApplicationTest" time="0.001"/>
  <testcase name="repetition 686 of 5000" classname="com.mindhub.homebanking.HomebankingApplicationTest" time="0.001"/>
  <testcase name="repetition 687 of 5000" classname="com.mindhub.homebanking.HomebankingApplicationTest" time="0.002"/>
  <testcase name="repetition 688 of 5000" classname="com.mindhub.homebanking.HomebankingApplicationTest" time="0.001"/>
  <testcase name="repetition 689 of 5000" classname="com.mindhub.homebanking.HomebankingApplicationTest" time="0.001"/>
  <testcase name="repetition 690 of 5000" classname="com.mindhub.homebanking.HomebankingApplicationTest" time="0.002"/>
  <testcase name="repetition 691 of 5000" classname="com.mindhub.homebanking.HomebankingApplicationTest" time="0.001"/>
  <testcase name="repetition 692 of 5000" classname="com.mindhub.homebanking.HomebankingApplicationTest" time="0.001"/>
  <testcase name="repetition 693 of 5000" classname="com.mindhub.homebanking.HomebankingApplicationTest" time="0.002"/>
  <testcase name="repetition 694 of 5000" classname="com.mindhub.homebanking.HomebankingApplicationTest" time="0.001"/>
  <testcase name="repetition 695 of 5000" classname="com.mindhub.homebanking.HomebankingApplicationTest" time="0.001"/>
  <testcase name="repetition 696 of 5000" classname="com.mindhub.homebanking.HomebankingApplicationTest" time="0.001"/>
  <testcase name="repetition 697 of 5000" classname="com.mindhub.homebanking.HomebankingApplicationTest" time="0.001"/>
  <testcase name="repetition 698 of 5000" classname="com.mindhub.homebanking.HomebankingApplicationTest" time="0.001"/>
  <testcase name="repetition 699 of 5000" classname="com.mindhub.homebanking.HomebankingApplicationTest" time="0.001"/>
  <testcase name="repetition 700 of 5000" classname="com.mindhub.homebanking.HomebankingApplicationTest" time="0.001"/>
  <testcase name="repetition 701 of 5000" classname="com.mindhub.homebanking.HomebankingApplicationTest" time="0.001"/>
  <testcase name="repetition 702 of 5000" classname="com.mindhub.homebanking.HomebankingApplicationTest" time="0.001"/>
  <testcase name="repetition 703 of 5000" classname="com.mindhub.homebanking.HomebankingApplicationTest" time="0.001"/>
  <testcase name="repetition 704 of 5000" classname="com.mindhub.homebanking.HomebankingApplicationTest" time="0.001"/>
  <testcase name="repetition 705 of 5000" classname="com.mindhub.homebanking.HomebankingApplicationTest" time="0.001"/>
  <testcase name="repetition 706 of 5000" classname="com.mindhub.homebanking.HomebankingApplicationTest" time="0.001"/>
  <testcase name="repetition 707 of 5000" classname="com.mindhub.homebanking.HomebankingApplicationTest" time="0.001"/>
  <testcase name="repetition 708 of 5000" classname="com.mindhub.homebanking.HomebankingApplicationTest" time="0.002"/>
  <testcase name="repetition 709 of 5000" classname="com.mindhub.homebanking.HomebankingApplicationTest" time="0.001"/>
  <testcase name="repetition 710 of 5000" classname="com.mindhub.homebanking.HomebankingApplicationTest" time="0.001"/>
  <testcase name="repetition 711 of 5000" classname="com.mindhub.homebanking.HomebankingApplicationTest" time="0.001"/>
  <testcase name="repetition 712 of 5000" classname="com.mindhub.homebanking.HomebankingApplicationTest" time="0.001"/>
  <testcase name="repetition 713 of 5000" classname="com.mindhub.homebanking.HomebankingApplicationTest" time="0.001"/>
  <testcase name="repetition 714 of 5000" classname="com.mindhub.homebanking.HomebankingApplicationTest" time="0.001"/>
  <testcase name="repetition 715 of 5000" classname="com.mindhub.homebanking.HomebankingApplicationTest" time="0.0"/>
  <testcase name="repetition 716 of 5000" classname="com.mindhub.homebanking.HomebankingApplicationTest" time="0.001"/>
  <testcase name="repetition 717 of 5000" classname="com.mindhub.homebanking.HomebankingApplicationTest" time="0.003"/>
  <testcase name="repetition 718 of 5000" classname="com.mindhub.homebanking.HomebankingApplicationTest" time="0.002"/>
  <testcase name="repetition 719 of 5000" classname="com.mindhub.homebanking.HomebankingApplicationTest" time="0.001"/>
  <testcase name="repetition 720 of 5000" classname="com.mindhub.homebanking.HomebankingApplicationTest" time="0.001"/>
  <testcase name="repetition 721 of 5000" classname="com.mindhub.homebanking.HomebankingApplicationTest" time="0.001"/>
  <testcase name="repetition 722 of 5000" classname="com.mindhub.homebanking.HomebankingApplicationTest" time="0.001"/>
  <testcase name="repetition 723 of 5000" classname="com.mindhub.homebanking.HomebankingApplicationTest" time="0.001"/>
  <testcase name="repetition 724 of 5000" classname="com.mindhub.homebanking.HomebankingApplicationTest" time="0.005"/>
  <testcase name="repetition 725 of 5000" classname="com.mindhub.homebanking.HomebankingApplicationTest" time="0.002"/>
  <testcase name="repetition 726 of 5000" classname="com.mindhub.homebanking.HomebankingApplicationTest" time="0.001"/>
  <testcase name="repetition 727 of 5000" classname="com.mindhub.homebanking.HomebankingApplicationTest" time="0.001"/>
  <testcase name="repetition 728 of 5000" classname="com.mindhub.homebanking.HomebankingApplicationTest" time="0.002"/>
  <testcase name="repetition 729 of 5000" classname="com.mindhub.homebanking.HomebankingApplicationTest" time="0.001"/>
  <testcase name="repetition 730 of 5000" classname="com.mindhub.homebanking.HomebankingApplicationTest" time="0.0"/>
  <testcase name="repetition 731 of 5000" classname="com.mindhub.homebanking.HomebankingApplicationTest" time="0.001"/>
  <testcase name="repetition 732 of 5000" classname="com.mindhub.homebanking.HomebankingApplicationTest" time="0.0"/>
  <testcase name="repetition 733 of 5000" classname="com.mindhub.homebanking.HomebankingApplicationTest" time="0.0"/>
  <testcase name="repetition 734 of 5000" classname="com.mindhub.homebanking.HomebankingApplicationTest" time="0.0"/>
  <testcase name="repetition 735 of 5000" classname="com.mindhub.homebanking.HomebankingApplicationTest" time="0.0"/>
  <testcase name="repetition 736 of 5000" classname="com.mindhub.homebanking.HomebankingApplicationTest" time="0.001"/>
  <testcase name="repetition 737 of 5000" classname="com.mindhub.homebanking.HomebankingApplicationTest" time="0.001"/>
  <testcase name="repetition 738 of 5000" classname="com.mindhub.homebanking.HomebankingApplicationTest" time="0.0"/>
  <testcase name="repetition 739 of 5000" classname="com.mindhub.homebanking.HomebankingApplicationTest" time="0.0"/>
  <testcase name="repetition 740 of 5000" classname="com.mindhub.homebanking.HomebankingApplicationTest" time="0.001"/>
  <testcase name="repetition 741 of 5000" classname="com.mindhub.homebanking.HomebankingApplicationTest" time="0.0"/>
  <testcase name="repetition 742 of 5000" classname="com.mindhub.homebanking.HomebankingApplicationTest" time="0.0"/>
  <testcase name="repetition 743 of 5000" classname="com.mindhub.homebanking.HomebankingApplicationTest" time="0.0"/>
  <testcase name="repetition 744 of 5000" classname="com.mindhub.homebanking.HomebankingApplicationTest" time="0.001"/>
  <testcase name="repetition 745 of 5000" classname="com.mindhub.homebanking.HomebankingApplicationTest" time="0.0"/>
  <testcase name="repetition 746 of 5000" classname="com.mindhub.homebanking.HomebankingApplicationTest" time="0.001"/>
  <testcase name="repetition 747 of 5000" classname="com.mindhub.homebanking.HomebankingApplicationTest" time="0.0"/>
  <testcase name="repetition 748 of 5000" classname="com.mindhub.homebanking.HomebankingApplicationTest" time="0.001"/>
  <testcase name="repetition 749 of 5000" classname="com.mindhub.homebanking.HomebankingApplicationTest" time="0.0"/>
  <testcase name="repetition 750 of 5000" classname="com.mindhub.homebanking.HomebankingApplicationTest" time="0.0"/>
  <testcase name="repetition 751 of 5000" classname="com.mindhub.homebanking.HomebankingApplicationTest" time="0.001"/>
  <testcase name="repetition 752 of 5000" classname="com.mindhub.homebanking.HomebankingApplicationTest" time="0.0"/>
  <testcase name="repetition 753 of 5000" classname="com.mindhub.homebanking.HomebankingApplicationTest" time="0.0"/>
  <testcase name="repetition 754 of 5000" classname="com.mindhub.homebanking.HomebankingApplicationTest" time="0.001"/>
  <testcase name="repetition 755 of 5000" classname="com.mindhub.homebanking.HomebankingApplicationTest" time="0.0"/>
  <testcase name="repetition 756 of 5000" classname="com.mindhub.homebanking.HomebankingApplicationTest" time="0.0"/>
  <testcase name="repetition 757 of 5000" classname="com.mindhub.homebanking.HomebankingApplicationTest" time="0.001"/>
  <testcase name="repetition 758 of 5000" classname="com.mindhub.homebanking.HomebankingApplicationTest" time="0.0"/>
  <testcase name="repetition 759 of 5000" classname="com.mindhub.homebanking.HomebankingApplicationTest" time="0.001"/>
  <testcase name="repetition 760 of 5000" classname="com.mindhub.homebanking.HomebankingApplicationTest" time="0.002"/>
  <testcase name="repetition 761 of 5000" classname="com.mindhub.homebanking.HomebankingApplicationTest" time="0.001"/>
  <testcase name="repetition 762 of 5000" classname="com.mindhub.homebanking.HomebankingApplicationTest" time="0.001"/>
  <testcase name="repetition 763 of 5000" classname="com.mindhub.homebanking.HomebankingApplicationTest" time="0.001"/>
  <testcase name="repetition 764 of 5000" classname="com.mindhub.homebanking.HomebankingApplicationTest" time="0.001"/>
  <testcase name="repetition 765 of 5000" classname="com.mindhub.homebanking.HomebankingApplicationTest" time="0.002"/>
  <testcase name="repetition 766 of 5000" classname="com.mindhub.homebanking.HomebankingApplicationTest" time="0.002"/>
  <testcase name="repetition 767 of 5000" classname="com.mindhub.homebanking.HomebankingApplicationTest" time="0.002"/>
  <testcase name="repetition 768 of 5000" classname="com.mindhub.homebanking.HomebankingApplicationTest" time="0.001"/>
  <testcase name="repetition 769 of 5000" classname="com.mindhub.homebanking.HomebankingApplicationTest" time="0.002"/>
  <testcase name="repetition 770 of 5000" classname="com.mindhub.homebanking.HomebankingApplicationTest" time="0.002"/>
  <testcase name="repetition 771 of 5000" classname="com.mindhub.homebanking.HomebankingApplicationTest" time="0.001"/>
  <testcase name="repetition 772 of 5000" classname="com.mindhub.homebanking.HomebankingApplicationTest" time="0.001"/>
  <testcase name="repetition 773 of 5000" classname="com.mindhub.homebanking.HomebankingApplicationTest" time="0.002"/>
  <testcase name="repetition 774 of 5000" classname="com.mindhub.homebanking.HomebankingApplicationTest" time="0.002"/>
  <testcase name="repetition 775 of 5000" classname="com.mindhub.homebanking.HomebankingApplicationTest" time="0.001"/>
  <testcase name="repetition 776 of 5000" classname="com.mindhub.homebanking.HomebankingApplicationTest" time="0.001"/>
  <testcase name="repetition 777 of 5000" classname="com.mindhub.homebanking.HomebankingApplicationTest" time="0.001"/>
  <testcase name="repetition 778 of 5000" classname="com.mindhub.homebanking.HomebankingApplicationTest" time="0.0"/>
  <testcase name="repetition 779 of 5000" classname="com.mindhub.homebanking.HomebankingApplicationTest" time="0.001"/>
  <testcase name="repetition 780 of 5000" classname="com.mindhub.homebanking.HomebankingApplicationTest" time="0.002"/>
  <testcase name="repetition 781 of 5000" classname="com.mindhub.homebanking.HomebankingApplicationTest" time="0.001"/>
  <testcase name="repetition 782 of 5000" classname="com.mindhub.homebanking.HomebankingApplicationTest" time="0.001"/>
  <testcase name="repetition 783 of 5000" classname="com.mindhub.homebanking.HomebankingApplicationTest" time="0.0"/>
  <testcase name="repetition 784 of 5000" classname="com.mindhub.homebanking.HomebankingApplicationTest" time="0.001"/>
  <testcase name="repetition 785 of 5000" classname="com.mindhub.homebanking.HomebankingApplicationTest" time="0.001"/>
  <testcase name="repetition 786 of 5000" classname="com.mindhub.homebanking.HomebankingApplicationTest" time="0.0"/>
  <testcase name="repetition 787 of 5000" classname="com.mindhub.homebanking.HomebankingApplicationTest" time="0.001"/>
  <testcase name="repetition 788 of 5000" classname="com.mindhub.homebanking.HomebankingApplicationTest" time="0.0"/>
  <testcase name="repetition 789 of 5000" classname="com.mindhub.homebanking.HomebankingApplicationTest" time="0.0"/>
  <testcase name="repetition 790 of 5000" classname="com.mindhub.homebanking.HomebankingApplicationTest" time="0.0"/>
  <testcase name="repetition 791 of 5000" classname="com.mindhub.homebanking.HomebankingApplicationTest" time="0.001"/>
  <testcase name="repetition 792 of 5000" classname="com.mindhub.homebanking.HomebankingApplicationTest" time="0.001"/>
  <testcase name="repetition 793 of 5000" classname="com.mindhub.homebanking.HomebankingApplicationTest" time="0.0"/>
  <testcase name="repetition 794 of 5000" classname="com.mindhub.homebanking.HomebankingApplicationTest" time="0.001"/>
  <testcase name="repetition 795 of 5000" classname="com.mindhub.homebanking.HomebankingApplicationTest" time="0.001"/>
  <testcase name="repetition 796 of 5000" classname="com.mindhub.homebanking.HomebankingApplicationTest" time="0.001"/>
  <testcase name="repetition 797 of 5000" classname="com.mindhub.homebanking.HomebankingApplicationTest" time="0.0"/>
  <testcase name="repetition 798 of 5000" classname="com.mindhub.homebanking.HomebankingApplicationTest" time="0.001"/>
  <testcase name="repetition 799 of 5000" classname="com.mindhub.homebanking.HomebankingApplicationTest" time="0.003"/>
  <testcase name="repetition 800 of 5000" classname="com.mindhub.homebanking.HomebankingApplicationTest" time="0.001"/>
  <testcase name="repetition 801 of 5000" classname="com.mindhub.homebanking.HomebankingApplicationTest" time="0.001"/>
  <testcase name="repetition 802 of 5000" classname="com.mindhub.homebanking.HomebankingApplicationTest" time="0.001"/>
  <testcase name="repetition 803 of 5000" classname="com.mindhub.homebanking.HomebankingApplicationTest" time="0.002"/>
  <testcase name="repetition 804 of 5000" classname="com.mindhub.homebanking.HomebankingApplicationTest" time="0.002"/>
  <testcase name="repetition 805 of 5000" classname="com.mindhub.homebanking.HomebankingApplicationTest" time="0.002"/>
  <testcase name="repetition 806 of 5000" classname="com.mindhub.homebanking.HomebankingApplicationTest" time="0.001"/>
  <testcase name="repetition 807 of 5000" classname="com.mindhub.homebanking.HomebankingApplicationTest" time="0.002"/>
  <testcase name="repetition 808 of 5000" classname="com.mindhub.homebanking.HomebankingApplicationTest" time="0.002"/>
  <testcase name="repetition 809 of 5000" classname="com.mindhub.homebanking.HomebankingApplicationTest" time="0.001"/>
  <testcase name="repetition 810 of 5000" classname="com.mindhub.homebanking.HomebankingApplicationTest" time="0.001"/>
  <testcase name="repetition 811 of 5000" classname="com.mindhub.homebanking.HomebankingApplicationTest" time="0.001"/>
  <testcase name="repetition 812 of 5000" classname="com.mindhub.homebanking.HomebankingApplicationTest" time="0.001"/>
  <testcase name="repetition 813 of 5000" classname="com.mindhub.homebanking.HomebankingApplicationTest" time="0.001"/>
  <testcase name="repetition 814 of 5000" classname="com.mindhub.homebanking.HomebankingApplicationTest" time="0.001"/>
  <testcase name="repetition 815 of 5000" classname="com.mindhub.homebanking.HomebankingApplicationTest" time="0.0"/>
  <testcase name="repetition 816 of 5000" classname="com.mindhub.homebanking.HomebankingApplicationTest" time="0.001"/>
  <testcase name="repetition 817 of 5000" classname="com.mindhub.homebanking.HomebankingApplicationTest" time="0.001"/>
  <testcase name="repetition 818 of 5000" classname="com.mindhub.homebanking.HomebankingApplicationTest" time="0.001"/>
  <testcase name="repetition 819 of 5000" classname="com.mindhub.homebanking.HomebankingApplicationTest" time="0.001"/>
  <testcase name="repetition 820 of 5000" classname="com.mindhub.homebanking.HomebankingApplicationTest" time="0.001"/>
  <testcase name="repetition 821 of 5000" classname="com.mindhub.homebanking.HomebankingApplicationTest" time="0.001"/>
  <testcase name="repetition 822 of 5000" classname="com.mindhub.homebanking.HomebankingApplicationTest" time="0.001"/>
  <testcase name="repetition 823 of 5000" classname="com.mindhub.homebanking.HomebankingApplicationTest" time="0.001"/>
  <testcase name="repetition 824 of 5000" classname="com.mindhub.homebanking.HomebankingApplicationTest" time="0.001"/>
  <testcase name="repetition 825 of 5000" classname="com.mindhub.homebanking.HomebankingApplicationTest" time="0.001"/>
  <testcase name="repetition 826 of 5000" classname="com.mindhub.homebanking.HomebankingApplicationTest" time="0.001"/>
  <testcase name="repetition 827 of 5000" classname="com.mindhub.homebanking.HomebankingApplicationTest" time="0.0"/>
  <testcase name="repetition 828 of 5000" classname="com.mindhub.homebanking.HomebankingApplicationTest" time="0.0"/>
  <testcase name="repetition 829 of 5000" classname="com.mindhub.homebanking.HomebankingApplicationTest" time="0.0"/>
  <testcase name="repetition 830 of 5000" classname="com.mindhub.homebanking.HomebankingApplicationTest" time="0.0"/>
  <testcase name="repetition 831 of 5000" classname="com.mindhub.homebanking.HomebankingApplicationTest" time="0.001"/>
  <testcase name="repetition 832 of 5000" classname="com.mindhub.homebanking.HomebankingApplicationTest" time="0.001"/>
  <testcase name="repetition 833 of 5000" classname="com.mindhub.homebanking.HomebankingApplicationTest" time="0.001"/>
  <testcase name="repetition 834 of 5000" classname="com.mindhub.homebanking.HomebankingApplicationTest" time="0.001"/>
  <testcase name="repetition 835 of 5000" classname="com.mindhub.homebanking.HomebankingApplicationTest" time="0.0"/>
  <testcase name="repetition 836 of 5000" classname="com.mindhub.homebanking.HomebankingApplicationTest" time="0.001"/>
  <testcase name="repetition 837 of 5000" classname="com.mindhub.homebanking.HomebankingApplicationTest" time="0.001"/>
  <testcase name="repetition 838 of 5000" classname="com.mindhub.homebanking.HomebankingApplicationTest" time="0.001"/>
  <testcase name="repetition 839 of 5000" classname="com.mindhub.homebanking.HomebankingApplicationTest" time="0.001"/>
  <testcase name="repetition 840 of 5000" classname="com.mindhub.homebanking.HomebankingApplicationTest" time="0.0"/>
  <testcase name="repetition 841 of 5000" classname="com.mindhub.homebanking.HomebankingApplicationTest" time="0.0"/>
  <testcase name="repetition 842 of 5000" classname="com.mindhub.homebanking.HomebankingApplicationTest" time="0.001"/>
  <testcase name="repetition 843 of 5000" classname="com.mindhub.homebanking.HomebankingApplicationTest" time="0.001"/>
  <testcase name="repetition 844 of 5000" classname="com.mindhub.homebanking.HomebankingApplicationTest" time="0.001"/>
  <testcase name="repetition 845 of 5000" classname="com.mindhub.homebanking.HomebankingApplicationTest" time="0.0"/>
  <testcase name="repetition 846 of 5000" classname="com.mindhub.homebanking.HomebankingApplicationTest" time="0.001"/>
  <testcase name="repetition 847 of 5000" classname="com.mindhub.homebanking.HomebankingApplicationTest" time="0.001"/>
  <testcase name="repetition 848 of 5000" classname="com.mindhub.homebanking.HomebankingApplicationTest" time="0.001"/>
  <testcase name="repetition 849 of 5000" classname="com.mindhub.homebanking.HomebankingApplicationTest" time="0.001"/>
  <testcase name="repetition 850 of 5000" classname="com.mindhub.homebanking.HomebankingApplicationTest" time="0.001"/>
  <testcase name="repetition 851 of 5000" classname="com.mindhub.homebanking.HomebankingApplicationTest" time="0.001"/>
  <testcase name="repetition 852 of 5000" classname="com.mindhub.homebanking.HomebankingApplicationTest" time="0.0"/>
  <testcase name="repetition 853 of 5000" classname="com.mindhub.homebanking.HomebankingApplicationTest" time="0.0"/>
  <testcase name="repetition 854 of 5000" classname="com.mindhub.homebanking.HomebankingApplicationTest" time="0.001"/>
  <testcase name="repetition 855 of 5000" classname="com.mindhub.homebanking.HomebankingApplicationTest" time="0.001"/>
  <testcase name="repetition 856 of 5000" classname="com.mindhub.homebanking.HomebankingApplicationTest" time="0.001"/>
  <testcase name="repetition 857 of 5000" classname="com.mindhub.homebanking.HomebankingApplicationTest" time="0.001"/>
  <testcase name="repetition 858 of 5000" classname="com.mindhub.homebanking.HomebankingApplicationTest" time="0.001"/>
  <testcase name="repetition 859 of 5000" classname="com.mindhub.homebanking.HomebankingApplicationTest" time="0.0"/>
  <testcase name="repetition 860 of 5000" classname="com.mindhub.homebanking.HomebankingApplicationTest" time="0.0"/>
  <testcase name="repetition 861 of 5000" classname="com.mindhub.homebanking.HomebankingApplicationTest" time="0.001"/>
  <testcase name="repetition 862 of 5000" classname="com.mindhub.homebanking.HomebankingApplicationTest" time="0.001"/>
  <testcase name="repetition 863 of 5000" classname="com.mindhub.homebanking.HomebankingApplicationTest" time="0.001"/>
  <testcase name="repetition 864 of 5000" classname="com.mindhub.homebanking.HomebankingApplicationTest" time="0.001"/>
  <testcase name="repetition 865 of 5000" classname="com.mindhub.homebanking.HomebankingApplicationTest" time="0.001"/>
  <testcase name="repetition 866 of 5000" classname="com.mindhub.homebanking.HomebankingApplicationTest" time="0.001"/>
  <testcase name="repetition 867 of 5000" classname="com.mindhub.homebanking.HomebankingApplicationTest" time="0.001"/>
  <testcase name="repetition 868 of 5000" classname="com.mindhub.homebanking.HomebankingApplicationTest" time="0.001"/>
  <testcase name="repetition 869 of 5000" classname="com.mindhub.homebanking.HomebankingApplicationTest" time="0.001"/>
  <testcase name="repetition 870 of 5000" classname="com.mindhub.homebanking.HomebankingApplicationTest" time="0.001"/>
  <testcase name="repetition 871 of 5000" classname="com.mindhub.homebanking.HomebankingApplicationTest" time="0.001"/>
  <testcase name="repetition 872 of 5000" classname="com.mindhub.homebanking.HomebankingApplicationTest" time="0.001"/>
  <testcase name="repetition 873 of 5000" classname="com.mindhub.homebanking.HomebankingApplicationTest" time="0.001"/>
  <testcase name="repetition 874 of 5000" classname="com.mindhub.homebanking.HomebankingApplicationTest" time="0.001"/>
  <testcase name="repetition 875 of 5000" classname="com.mindhub.homebanking.HomebankingApplicationTest" time="0.001"/>
  <testcase name="repetition 876 of 5000" classname="com.mindhub.homebanking.HomebankingApplicationTest" time="0.0"/>
  <testcase name="repetition 877 of 5000" classname="com.mindhub.homebanking.HomebankingApplicationTest" time="0.0"/>
  <testcase name="repetition 878 of 5000" classname="com.mindhub.homebanking.HomebankingApplicationTest" time="0.0"/>
  <testcase name="repetition 879 of 5000" classname="com.mindhub.homebanking.HomebankingApplicationTest" time="0.001"/>
  <testcase name="repetition 880 of 5000" classname="com.mindhub.homebanking.HomebankingApplicationTest" time="0.001"/>
  <testcase name="repetition 881 of 5000" classname="com.mindhub.homebanking.HomebankingApplicationTest" time="0.001"/>
  <testcase name="repetition 882 of 5000" classname="com.mindhub.homebanking.HomebankingApplicationTest" time="0.002"/>
  <testcase name="repetition 883 of 5000" classname="com.mindhub.homebanking.HomebankingApplicationTest" time="0.0"/>
  <testcase name="repetition 884 of 5000" classname="com.mindhub.homebanking.HomebankingApplicationTest" time="0.001"/>
  <testcase name="repetition 885 of 5000" classname="com.mindhub.homebanking.HomebankingApplicationTest" time="0.002"/>
  <testcase name="repetition 886 of 5000" classname="com.mindhub.homebanking.HomebankingApplicationTest" time="0.001"/>
  <testcase name="repetition 887 of 5000" classname="com.mindhub.homebanking.HomebankingApplicationTest" time="0.002"/>
  <testcase name="repetition 888 of 5000" classname="com.mindhub.homebanking.HomebankingApplicationTest" time="0.001"/>
  <testcase name="repetition 889 of 5000" classname="com.mindhub.homebanking.HomebankingApplicationTest" time="0.004"/>
  <testcase name="repetition 890 of 5000" classname="com.mindhub.homebanking.HomebankingApplicationTest" time="0.001"/>
  <testcase name="repetition 891 of 5000" classname="com.mindhub.homebanking.HomebankingApplicationTest" time="0.001"/>
  <testcase name="repetition 892 of 5000" classname="com.mindhub.homebanking.HomebankingApplicationTest" time="0.001"/>
  <testcase name="repetition 893 of 5000" classname="com.mindhub.homebanking.HomebankingApplicationTest" time="0.001"/>
  <testcase name="repetition 894 of 5000" classname="com.mindhub.homebanking.HomebankingApplicationTest" time="0.0"/>
  <testcase name="repetition 895 of 5000" classname="com.mindhub.homebanking.HomebankingApplicationTest" time="0.0"/>
  <testcase name="repetition 896 of 5000" classname="com.mindhub.homebanking.HomebankingApplicationTest" time="0.0"/>
  <testcase name="repetition 897 of 5000" classname="com.mindhub.homebanking.HomebankingApplicationTest" time="0.0"/>
  <testcase name="repetition 898 of 5000" classname="com.mindhub.homebanking.HomebankingApplicationTest" time="0.0"/>
  <testcase name="repetition 899 of 5000" classname="com.mindhub.homebanking.HomebankingApplicationTest" time="0.001"/>
  <testcase name="repetition 900 of 5000" classname="com.mindhub.homebanking.HomebankingApplicationTest" time="0.001"/>
  <testcase name="repetition 901 of 5000" classname="com.mindhub.homebanking.HomebankingApplicationTest" time="0.001"/>
  <testcase name="repetition 902 of 5000" classname="com.mindhub.homebanking.HomebankingApplicationTest" time="0.002"/>
  <testcase name="repetition 903 of 5000" classname="com.mindhub.homebanking.HomebankingApplicationTest" time="0.001"/>
  <testcase name="repetition 904 of 5000" classname="com.mindhub.homebanking.HomebankingApplicationTest" time="0.0"/>
  <testcase name="repetition 905 of 5000" classname="com.mindhub.homebanking.HomebankingApplicationTest" time="0.001"/>
  <testcase name="repetition 906 of 5000" classname="com.mindhub.homebanking.HomebankingApplicationTest" time="0.0"/>
  <testcase name="repetition 907 of 5000" classname="com.mindhub.homebanking.HomebankingApplicationTest" time="0.0"/>
  <testcase name="repetition 908 of 5000" classname="com.mindhub.homebanking.HomebankingApplicationTest" time="0.001"/>
  <testcase name="repetition 909 of 5000" classname="com.mindhub.homebanking.HomebankingApplicationTest" time="0.001"/>
  <testcase name="repetition 910 of 5000" classname="com.mindhub.homebanking.HomebankingApplicationTest" time="0.0"/>
  <testcase name="repetition 911 of 5000" classname="com.mindhub.homebanking.HomebankingApplicationTest" time="0.001"/>
  <testcase name="repetition 912 of 5000" classname="com.mindhub.homebanking.HomebankingApplicationTest" time="0.001"/>
  <testcase name="repetition 913 of 5000" classname="com.mindhub.homebanking.HomebankingApplicationTest" time="0.0"/>
  <testcase name="repetition 914 of 5000" classname="com.mindhub.homebanking.HomebankingApplicationTest" time="0.001"/>
  <testcase name="repetition 915 of 5000" classname="com.mindhub.homebanking.HomebankingApplicationTest" time="0.0"/>
  <testcase name="repetition 916 of 5000" classname="com.mindhub.homebanking.HomebankingApplicationTest" time="0.001"/>
  <testcase name="repetition 917 of 5000" classname="com.mindhub.homebanking.HomebankingApplicationTest" time="0.0"/>
  <testcase name="repetition 918 of 5000" classname="com.mindhub.homebanking.HomebankingApplicationTest" time="0.0"/>
  <testcase name="repetition 919 of 5000" classname="com.mindhub.homebanking.HomebankingApplicationTest" time="0.001"/>
  <testcase name="repetition 920 of 5000" classname="com.mindhub.homebanking.HomebankingApplicationTest" time="0.001"/>
  <testcase name="repetition 921 of 5000" classname="com.mindhub.homebanking.HomebankingApplicationTest" time="0.001"/>
  <testcase name="repetition 922 of 5000" classname="com.mindhub.homebanking.HomebankingApplicationTest" time="0.0"/>
  <testcase name="repetition 923 of 5000" classname="com.mindhub.homebanking.HomebankingApplicationTest" time="0.0"/>
  <testcase name="repetition 924 of 5000" classname="com.mindhub.homebanking.HomebankingApplicationTest" time="0.0"/>
  <testcase name="repetition 925 of 5000" classname="com.mindhub.homebanking.HomebankingApplicationTest" time="0.001"/>
  <testcase name="repetition 926 of 5000" classname="com.mindhub.homebanking.HomebankingApplicationTest" time="0.0"/>
  <testcase name="repetition 927 of 5000" classname="com.mindhub.homebanking.HomebankingApplicationTest" time="0.001"/>
  <testcase name="repetition 928 of 5000" classname="com.mindhub.homebanking.HomebankingApplicationTest" time="0.0"/>
  <testcase name="repetition 929 of 5000" classname="com.mindhub.homebanking.HomebankingApplicationTest" time="0.0"/>
  <testcase name="repetition 930 of 5000" classname="com.mindhub.homebanking.HomebankingApplicationTest" time="0.0"/>
  <testcase name="repetition 931 of 5000" classname="com.mindhub.homebanking.HomebankingApplicationTest" time="0.001"/>
  <testcase name="repetition 932 of 5000" classname="com.mindhub.homebanking.HomebankingApplicationTest" time="0.001"/>
  <testcase name="repetition 933 of 5000" classname="com.mindhub.homebanking.HomebankingApplicationTest" time="0.001"/>
  <testcase name="repetition 934 of 5000" classname="com.mindhub.homebanking.HomebankingApplicationTest" time="0.0"/>
  <testcase name="repetition 935 of 5000" classname="com.mindhub.homebanking.HomebankingApplicationTest" time="0.001"/>
  <testcase name="repetition 936 of 5000" classname="com.mindhub.homebanking.HomebankingApplicationTest" time="0.0"/>
  <testcase name="repetition 937 of 5000" classname="com.mindhub.homebanking.HomebankingApplicationTest" time="0.001"/>
  <testcase name="repetition 938 of 5000" classname="com.mindhub.homebanking.HomebankingApplicationTest" time="0.0"/>
  <testcase name="repetition 939 of 5000" classname="com.mindhub.homebanking.HomebankingApplicationTest" time="0.0"/>
  <testcase name="repetition 940 of 5000" classname="com.mindhub.homebanking.HomebankingApplicationTest" time="0.001"/>
  <testcase name="repetition 941 of 5000" classname="com.mindhub.homebanking.HomebankingApplicationTest" time="0.0"/>
  <testcase name="repetition 942 of 5000" classname="com.mindhub.homebanking.HomebankingApplicationTest" time="0.0"/>
  <testcase name="repetition 943 of 5000" classname="com.mindhub.homebanking.HomebankingApplicationTest" time="0.001"/>
  <testcase name="repetition 944 of 5000" classname="com.mindhub.homebanking.HomebankingApplicationTest" time="0.001"/>
  <testcase name="repetition 945 of 5000" classname="com.mindhub.homebanking.HomebankingApplicationTest" time="0.0"/>
  <testcase name="repetition 946 of 5000" classname="com.mindhub.homebanking.HomebankingApplicationTest" time="0.001"/>
  <testcase name="repetition 947 of 5000" classname="com.mindhub.homebanking.HomebankingApplicationTest" time="0.0"/>
  <testcase name="repetition 948 of 5000" classname="com.mindhub.homebanking.HomebankingApplicationTest" time="0.001"/>
  <testcase name="repetition 949 of 5000" classname="com.mindhub.homebanking.HomebankingApplicationTest" time="0.001"/>
  <testcase name="repetition 950 of 5000" classname="com.mindhub.homebanking.HomebankingApplicationTest" time="0.0"/>
  <testcase name="repetition 951 of 5000" classname="com.mindhub.homebanking.HomebankingApplicationTest" time="0.001"/>
  <testcase name="repetition 952 of 5000" classname="com.mindhub.homebanking.HomebankingApplicationTest" time="0.001"/>
  <testcase name="repetition 953 of 5000" classname="com.mindhub.homebanking.HomebankingApplicationTest" time="0.001"/>
  <testcase name="repetition 954 of 5000" classname="com.mindhub.homebanking.HomebankingApplicationTest" time="0.001"/>
  <testcase name="repetition 955 of 5000" classname="com.mindhub.homebanking.HomebankingApplicationTest" time="0.001"/>
  <testcase name="repetition 956 of 5000" classname="com.mindhub.homebanking.HomebankingApplicationTest" time="0.001"/>
  <testcase name="repetition 957 of 5000" classname="com.mindhub.homebanking.HomebankingApplicationTest" time="0.0"/>
  <testcase name="repetition 958 of 5000" classname="com.mindhub.homebanking.HomebankingApplicationTest" time="0.001"/>
  <testcase name="repetition 959 of 5000" classname="com.mindhub.homebanking.HomebankingApplicationTest" time="0.001"/>
  <testcase name="repetition 960 of 5000" classname="com.mindhub.homebanking.HomebankingApplicationTest" time="0.001"/>
  <testcase name="repetition 961 of 5000" classname="com.mindhub.homebanking.HomebankingApplicationTest" time="0.001"/>
  <testcase name="repetition 962 of 5000" classname="com.mindhub.homebanking.HomebankingApplicationTest" time="0.001"/>
  <testcase name="repetition 963 of 5000" classname="com.mindhub.homebanking.HomebankingApplicationTest" time="0.001"/>
  <testcase name="repetition 964 of 5000" classname="com.mindhub.homebanking.HomebankingApplicationTest" time="0.003"/>
  <testcase name="repetition 965 of 5000" classname="com.mindhub.homebanking.HomebankingApplicationTest" time="0.001"/>
  <testcase name="repetition 966 of 5000" classname="com.mindhub.homebanking.HomebankingApplicationTest" time="0.001"/>
  <testcase name="repetition 967 of 5000" classname="com.mindhub.homebanking.HomebankingApplicationTest" time="0.001"/>
  <testcase name="repetition 968 of 5000" classname="com.mindhub.homebanking.HomebankingApplicationTest" time="0.0"/>
  <testcase name="repetition 969 of 5000" classname="com.mindhub.homebanking.HomebankingApplicationTest" time="0.001"/>
  <testcase name="repetition 970 of 5000" classname="com.mindhub.homebanking.HomebankingApplicationTest" time="0.0"/>
  <testcase name="repetition 971 of 5000" classname="com.mindhub.homebanking.HomebankingApplicationTest" time="0.001"/>
  <testcase name="repetition 972 of 5000" classname="com.mindhub.homebanking.HomebankingApplicationTest" time="0.001"/>
  <testcase name="repetition 973 of 5000" classname="com.mindhub.homebanking.HomebankingApplicationTest" time="0.001"/>
  <testcase name="repetition 974 of 5000" classname="com.mindhub.homebanking.HomebankingApplicationTest" time="0.0"/>
  <testcase name="repetition 975 of 5000" classname="com.mindhub.homebanking.HomebankingApplicationTest" time="0.0"/>
  <testcase name="repetition 976 of 5000" classname="com.mindhub.homebanking.HomebankingApplicationTest" time="0.0"/>
  <testcase name="repetition 977 of 5000" classname="com.mindhub.homebanking.HomebankingApplicationTest" time="0.001"/>
  <testcase name="repetition 978 of 5000" classname="com.mindhub.homebanking.HomebankingApplicationTest" time="0.001"/>
  <testcase name="repetition 979 of 5000" classname="com.mindhub.homebanking.HomebankingApplicationTest" time="0.001"/>
  <testcase name="repetition 980 of 5000" classname="com.mindhub.homebanking.HomebankingApplicationTest" time="0.001"/>
  <testcase name="repetition 981 of 5000" classname="com.mindhub.homebanking.HomebankingApplicationTest" time="0.001"/>
  <testcase name="repetition 982 of 5000" classname="com.mindhub.homebanking.HomebankingApplicationTest" time="0.001"/>
  <testcase name="repetition 983 of 5000" classname="com.mindhub.homebanking.HomebankingApplicationTest" time="0.0"/>
  <testcase name="repetition 984 of 5000" classname="com.mindhub.homebanking.HomebankingApplicationTest" time="0.001"/>
  <testcase name="repetition 985 of 5000" classname="com.mindhub.homebanking.HomebankingApplicationTest" time="0.0"/>
  <testcase name="repetition 986 of 5000" classname="com.mindhub.homebanking.HomebankingApplicationTest" time="0.0"/>
  <testcase name="repetition 987 of 5000" classname="com.mindhub.homebanking.HomebankingApplicationTest" time="0.001"/>
  <testcase name="repetition 988 of 5000" classname="com.mindhub.homebanking.HomebankingApplicationTest" time="0.001"/>
  <testcase name="repetition 989 of 5000" classname="com.mindhub.homebanking.HomebankingApplicationTest" time="0.0"/>
  <testcase name="repetition 990 of 5000" classname="com.mindhub.homebanking.HomebankingApplicationTest" time="0.001"/>
  <testcase name="repetition 991 of 5000" classname="com.mindhub.homebanking.HomebankingApplicationTest" time="0.001"/>
  <testcase name="repetition 992 of 5000" classname="com.mindhub.homebanking.HomebankingApplicationTest" time="0.001"/>
  <testcase name="repetition 993 of 5000" classname="com.mindhub.homebanking.HomebankingApplicationTest" time="0.001"/>
  <testcase name="repetition 994 of 5000" classname="com.mindhub.homebanking.HomebankingApplicationTest" time="0.001"/>
  <testcase name="repetition 995 of 5000" classname="com.mindhub.homebanking.HomebankingApplicationTest" time="0.001"/>
  <testcase name="repetition 996 of 5000" classname="com.mindhub.homebanking.HomebankingApplicationTest" time="0.001"/>
  <testcase name="repetition 997 of 5000" classname="com.mindhub.homebanking.HomebankingApplicationTest" time="0.001"/>
  <testcase name="repetition 998 of 5000" classname="com.mindhub.homebanking.HomebankingApplicationTest" time="0.0"/>
  <testcase name="repetition 999 of 5000" classname="com.mindhub.homebanking.HomebankingApplicationTest" time="0.001"/>
  <testcase name="repetition 1000 of 5000" classname="com.mindhub.homebanking.HomebankingApplicationTest" time="0.001"/>
  <testcase name="repetition 1001 of 5000" classname="com.mindhub.homebanking.HomebankingApplicationTest" time="0.0"/>
  <testcase name="repetition 1002 of 5000" classname="com.mindhub.homebanking.HomebankingApplicationTest" time="0.0"/>
  <testcase name="repetition 1003 of 5000" classname="com.mindhub.homebanking.HomebankingApplicationTest" time="0.0"/>
  <testcase name="repetition 1004 of 5000" classname="com.mindhub.homebanking.HomebankingApplicationTest" time="0.001"/>
  <testcase name="repetition 1005 of 5000" classname="com.mindhub.homebanking.HomebankingApplicationTest" time="0.001"/>
  <testcase name="repetition 1006 of 5000" classname="com.mindhub.homebanking.HomebankingApplicationTest" time="0.0"/>
  <testcase name="repetition 1007 of 5000" classname="com.mindhub.homebanking.HomebankingApplicationTest" time="0.0"/>
  <testcase name="repetition 1008 of 5000" classname="com.mindhub.homebanking.HomebankingApplicationTest" time="0.0"/>
  <testcase name="repetition 1009 of 5000" classname="com.mindhub.homebanking.HomebankingApplicationTest" time="0.001"/>
  <testcase name="repetition 1010 of 5000" classname="com.mindhub.homebanking.HomebankingApplicationTest" time="0.0"/>
  <testcase name="repetition 1011 of 5000" classname="com.mindhub.homebanking.HomebankingApplicationTest" time="0.001"/>
  <testcase name="repetition 1012 of 5000" classname="com.mindhub.homebanking.HomebankingApplicationTest" time="0.0"/>
  <testcase name="repetition 1013 of 5000" classname="com.mindhub.homebanking.HomebankingApplicationTest" time="0.001"/>
  <testcase name="repetition 1014 of 5000" classname="com.mindhub.homebanking.HomebankingApplicationTest" time="0.0"/>
  <testcase name="repetition 1015 of 5000" classname="com.mindhub.homebanking.HomebankingApplicationTest" time="0.001"/>
  <testcase name="repetition 1016 of 5000" classname="com.mindhub.homebanking.HomebankingApplicationTest" time="0.0"/>
  <testcase name="repetition 1017 of 5000" classname="com.mindhub.homebanking.HomebankingApplicationTest" time="0.001"/>
  <testcase name="repetition 1018 of 5000" classname="com.mindhub.homebanking.HomebankingApplicationTest" time="0.001"/>
  <testcase name="repetition 1019 of 5000" classname="com.mindhub.homebanking.HomebankingApplicationTest" time="0.001"/>
  <testcase name="repetition 1020 of 5000" classname="com.mindhub.homebanking.HomebankingApplicationTest" time="0.001"/>
  <testcase name="repetition 1021 of 5000" classname="com.mindhub.homebanking.HomebankingApplicationTest" time="0.0"/>
  <testcase name="repetition 1022 of 5000" classname="com.mindhub.homebanking.HomebankingApplicationTest" time="0.001"/>
  <testcase name="repetition 1023 of 5000" classname="com.mindhub.homebanking.HomebankingApplicationTest" time="0.001"/>
  <testcase name="repetition 1024 of 5000" classname="com.mindhub.homebanking.HomebankingApplicationTest" time="0.0"/>
  <testcase name="repetition 1025 of 5000" classname="com.mindhub.homebanking.HomebankingApplicationTest" time="0.001"/>
  <testcase name="repetition 1026 of 5000" classname="com.mindhub.homebanking.HomebankingApplicationTest" time="0.001"/>
  <testcase name="repetition 1027 of 5000" classname="com.mindhub.homebanking.HomebankingApplicationTest" time="0.0"/>
  <testcase name="repetition 1028 of 5000" classname="com.mindhub.homebanking.HomebankingApplicationTest" time="0.001"/>
  <testcase name="repetition 1029 of 5000" classname="com.mindhub.homebanking.HomebankingApplicationTest" time="0.0"/>
  <testcase name="repetition 1030 of 5000" classname="com.mindhub.homebanking.HomebankingApplicationTest" time="0.001"/>
  <testcase name="repetition 1031 of 5000" classname="com.mindhub.homebanking.HomebankingApplicationTest" time="0.0"/>
  <testcase name="repetition 1032 of 5000" classname="com.mindhub.homebanking.HomebankingApplicationTest" time="0.0"/>
  <testcase name="repetition 1033 of 5000" classname="com.mindhub.homebanking.HomebankingApplicationTest" time="0.0"/>
  <testcase name="repetition 1034 of 5000" classname="com.mindhub.homebanking.HomebankingApplicationTest" time="0.0"/>
  <testcase name="repetition 1035 of 5000" classname="com.mindhub.homebanking.HomebankingApplicationTest" time="0.0"/>
  <testcase name="repetition 1036 of 5000" classname="com.mindhub.homebanking.HomebankingApplicationTest" time="0.0"/>
  <testcase name="repetition 1037 of 5000" classname="com.mindhub.homebanking.HomebankingApplicationTest" time="0.0"/>
  <testcase name="repetition 1038 of 5000" classname="com.mindhub.homebanking.HomebankingApplicationTest" time="0.001"/>
  <testcase name="repetition 1039 of 5000" classname="com.mindhub.homebanking.HomebankingApplicationTest" time="0.0"/>
  <testcase name="repetition 1040 of 5000" classname="com.mindhub.homebanking.HomebankingApplicationTest" time="0.001"/>
  <testcase name="repetition 1041 of 5000" classname="com.mindhub.homebanking.HomebankingApplicationTest" time="0.0"/>
  <testcase name="repetition 1042 of 5000" classname="com.mindhub.homebanking.HomebankingApplicationTest" time="0.0"/>
  <testcase name="repetition 1043 of 5000" classname="com.mindhub.homebanking.HomebankingApplicationTest" time="0.0"/>
  <testcase name="repetition 1044 of 5000" classname="com.mindhub.homebanking.HomebankingApplicationTest" time="0.001"/>
  <testcase name="repetition 1045 of 5000" classname="com.mindhub.homebanking.HomebankingApplicationTest" time="0.0"/>
  <testcase name="repetition 1046 of 5000" classname="com.mindhub.homebanking.HomebankingApplicationTest" time="0.001"/>
  <testcase name="repetition 1047 of 5000" classname="com.mindhub.homebanking.HomebankingApplicationTest" time="0.002"/>
  <testcase name="repetition 1048 of 5000" classname="com.mindhub.homebanking.HomebankingApplicationTest" time="0.001"/>
  <testcase name="repetition 1049 of 5000" classname="com.mindhub.homebanking.HomebankingApplicationTest" time="0.0"/>
  <testcase name="repetition 1050 of 5000" classname="com.mindhub.homebanking.HomebankingApplicationTest" time="0.001"/>
  <testcase name="repetition 1051 of 5000" classname="com.mindhub.homebanking.HomebankingApplicationTest" time="0.001"/>
  <testcase name="repetition 1052 of 5000" classname="com.mindhub.homebanking.HomebankingApplicationTest" time="0.001"/>
  <testcase name="repetition 1053 of 5000" classname="com.mindhub.homebanking.HomebankingApplicationTest" time="0.001"/>
  <testcase name="repetition 1054 of 5000" classname="com.mindhub.homebanking.HomebankingApplicationTest" time="0.002"/>
  <testcase name="repetition 1055 of 5000" classname="com.mindhub.homebanking.HomebankingApplicationTest" time="0.008"/>
  <testcase name="repetition 1056 of 5000" classname="com.mindhub.homebanking.HomebankingApplicationTest" time="0.001"/>
  <testcase name="repetition 1057 of 5000" classname="com.mindhub.homebanking.HomebankingApplicationTest" time="0.001"/>
  <testcase name="repetition 1058 of 5000" classname="com.mindhub.homebanking.HomebankingApplicationTest" time="0.001"/>
  <testcase name="repetition 1059 of 5000" classname="com.mindhub.homebanking.HomebankingApplicationTest" time="0.002"/>
  <testcase name="repetition 1060 of 5000" classname="com.mindhub.homebanking.HomebankingApplicationTest" time="0.001"/>
  <testcase name="repetition 1061 of 5000" classname="com.mindhub.homebanking.HomebankingApplicationTest" time="0.0"/>
  <testcase name="repetition 1062 of 5000" classname="com.mindhub.homebanking.HomebankingApplicationTest" time="0.001"/>
  <testcase name="repetition 1063 of 5000" classname="com.mindhub.homebanking.HomebankingApplicationTest" time="0.001"/>
  <testcase name="repetition 1064 of 5000" classname="com.mindhub.homebanking.HomebankingApplicationTest" time="0.001"/>
  <testcase name="repetition 1065 of 5000" classname="com.mindhub.homebanking.HomebankingApplicationTest" time="0.001"/>
  <testcase name="repetition 1066 of 5000" classname="com.mindhub.homebanking.HomebankingApplicationTest" time="0.001"/>
  <testcase name="repetition 1067 of 5000" classname="com.mindhub.homebanking.HomebankingApplicationTest" time="0.0"/>
  <testcase name="repetition 1068 of 5000" classname="com.mindhub.homebanking.HomebankingApplicationTest" time="0.0"/>
  <testcase name="repetition 1069 of 5000" classname="com.mindhub.homebanking.HomebankingApplicationTest" time="0.0"/>
  <testcase name="repetition 1070 of 5000" classname="com.mindhub.homebanking.HomebankingApplicationTest" time="0.0"/>
  <testcase name="repetition 1071 of 5000" classname="com.mindhub.homebanking.HomebankingApplicationTest" time="0.001"/>
  <testcase name="repetition 1072 of 5000" classname="com.mindhub.homebanking.HomebankingApplicationTest" time="0.001"/>
  <testcase name="repetition 1073 of 5000" classname="com.mindhub.homebanking.HomebankingApplicationTest" time="0.001"/>
  <testcase name="repetition 1074 of 5000" classname="com.mindhub.homebanking.HomebankingApplicationTest" time="0.001"/>
  <testcase name="repetition 1075 of 5000" classname="com.mindhub.homebanking.HomebankingApplicationTest" time="0.001"/>
  <testcase name="repetition 1076 of 5000" classname="com.mindhub.homebanking.HomebankingApplicationTest" time="0.001"/>
  <testcase name="repetition 1077 of 5000" classname="com.mindhub.homebanking.HomebankingApplicationTest" time="0.001"/>
  <testcase name="repetition 1078 of 5000" classname="com.mindhub.homebanking.HomebankingApplicationTest" time="0.001"/>
  <testcase name="repetition 1079 of 5000" classname="com.mindhub.homebanking.HomebankingApplicationTest" time="0.001"/>
  <testcase name="repetition 1080 of 5000" classname="com.mindhub.homebanking.HomebankingApplicationTest" time="0.001"/>
  <testcase name="repetition 1081 of 5000" classname="com.mindhub.homebanking.HomebankingApplicationTest" time="0.001"/>
  <testcase name="repetition 1082 of 5000" classname="com.mindhub.homebanking.HomebankingApplicationTest" time="0.001"/>
  <testcase name="repetition 1083 of 5000" classname="com.mindhub.homebanking.HomebankingApplicationTest" time="0.001"/>
  <testcase name="repetition 1084 of 5000" classname="com.mindhub.homebanking.HomebankingApplicationTest" time="0.001"/>
  <testcase name="repetition 1085 of 5000" classname="com.mindhub.homebanking.HomebankingApplicationTest" time="0.001"/>
  <testcase name="repetition 1086 of 5000" classname="com.mindhub.homebanking.HomebankingApplicationTest" time="0.001"/>
  <testcase name="repetition 1087 of 5000" classname="com.mindhub.homebanking.HomebankingApplicationTest" time="0.002"/>
  <testcase name="repetition 1088 of 5000" classname="com.mindhub.homebanking.HomebankingApplicationTest" time="0.002"/>
  <testcase name="repetition 1089 of 5000" classname="com.mindhub.homebanking.HomebankingApplicationTest" time="0.001"/>
  <testcase name="repetition 1090 of 5000" classname="com.mindhub.homebanking.HomebankingApplicationTest" time="0.001"/>
  <testcase name="repetition 1091 of 5000" classname="com.mindhub.homebanking.HomebankingApplicationTest" time="0.002"/>
  <testcase name="repetition 1092 of 5000" classname="com.mindhub.homebanking.HomebankingApplicationTest" time="0.001"/>
  <testcase name="repetition 1093 of 5000" classname="com.mindhub.homebanking.HomebankingApplicationTest" time="0.001"/>
  <testcase name="repetition 1094 of 5000" classname="com.mindhub.homebanking.HomebankingApplicationTest" time="0.0"/>
  <testcase name="repetition 1095 of 5000" classname="com.mindhub.homebanking.HomebankingApplicationTest" time="0.0"/>
  <testcase name="repetition 1096 of 5000" classname="com.mindhub.homebanking.HomebankingApplicationTest" time="0.001"/>
  <testcase name="repetition 1097 of 5000" classname="com.mindhub.homebanking.HomebankingApplicationTest" time="0.001"/>
  <testcase name="repetition 1098 of 5000" classname="com.mindhub.homebanking.HomebankingApplicationTest" time="0.001"/>
  <testcase name="repetition 1099 of 5000" classname="com.mindhub.homebanking.HomebankingApplicationTest" time="0.001"/>
  <testcase name="repetition 1100 of 5000" classname="com.mindhub.homebanking.HomebankingApplicationTest" time="0.001"/>
  <testcase name="repetition 1101 of 5000" classname="com.mindhub.homebanking.HomebankingApplicationTest" time="0.001"/>
  <testcase name="repetition 1102 of 5000" classname="com.mindhub.homebanking.HomebankingApplicationTest" time="0.0"/>
  <testcase name="repetition 1103 of 5000" classname="com.mindhub.homebanking.HomebankingApplicationTest" time="0.001"/>
  <testcase name="repetition 1104 of 5000" classname="com.mindhub.homebanking.HomebankingApplicationTest" time="0.001"/>
  <testcase name="repetition 1105 of 5000" classname="com.mindhub.homebanking.HomebankingApplicationTest" time="0.001"/>
  <testcase name="repetition 1106 of 5000" classname="com.mindhub.homebanking.HomebankingApplicationTest" time="0.001"/>
  <testcase name="repetition 1107 of 5000" classname="com.mindhub.homebanking.HomebankingApplicationTest" time="0.0"/>
  <testcase name="repetition 1108 of 5000" classname="com.mindhub.homebanking.HomebankingApplicationTest" time="0.001"/>
  <testcase name="repetition 1109 of 5000" classname="com.mindhub.homebanking.HomebankingApplicationTest" time="0.0"/>
  <testcase name="repetition 1110 of 5000" classname="com.mindhub.homebanking.HomebankingApplicationTest" time="0.001"/>
  <testcase name="repetition 1111 of 5000" classname="com.mindhub.homebanking.HomebankingApplicationTest" time="0.0"/>
  <testcase name="repetition 1112 of 5000" classname="com.mindhub.homebanking.HomebankingApplicationTest" time="0.001"/>
  <testcase name="repetition 1113 of 5000" classname="com.mindhub.homebanking.HomebankingApplicationTest" time="0.001"/>
  <testcase name="repetition 1114 of 5000" classname="com.mindhub.homebanking.HomebankingApplicationTest" time="0.0"/>
  <testcase name="repetition 1115 of 5000" classname="com.mindhub.homebanking.HomebankingApplicationTest" time="0.0"/>
  <testcase name="repetition 1116 of 5000" classname="com.mindhub.homebanking.HomebankingApplicationTest" time="0.0"/>
  <testcase name="repetition 1117 of 5000" classname="com.mindhub.homebanking.HomebankingApplicationTest" time="0.001"/>
  <testcase name="repetition 1118 of 5000" classname="com.mindhub.homebanking.HomebankingApplicationTest" time="0.001"/>
  <testcase name="repetition 1119 of 5000" classname="com.mindhub.homebanking.HomebankingApplicationTest" time="0.0"/>
  <testcase name="repetition 1120 of 5000" classname="com.mindhub.homebanking.HomebankingApplicationTest" time="0.0"/>
  <testcase name="repetition 1121 of 5000" classname="com.mindhub.homebanking.HomebankingApplicationTest" time="0.001"/>
  <testcase name="repetition 1122 of 5000" classname="com.mindhub.homebanking.HomebankingApplicationTest" time="0.001"/>
  <testcase name="repetition 1123 of 5000" classname="com.mindhub.homebanking.HomebankingApplicationTest" time="0.001"/>
  <testcase name="repetition 1124 of 5000" classname="com.mindhub.homebanking.HomebankingApplicationTest" time="0.0"/>
  <testcase name="repetition 1125 of 5000" classname="com.mindhub.homebanking.HomebankingApplicationTest" time="0.0"/>
  <testcase name="repetition 1126 of 5000" classname="com.mindhub.homebanking.HomebankingApplicationTest" time="0.001"/>
  <testcase name="repetition 1127 of 5000" classname="com.mindhub.homebanking.HomebankingApplicationTest" time="0.001"/>
  <testcase name="repetition 1128 of 5000" classname="com.mindhub.homebanking.HomebankingApplicationTest" time="0.0"/>
  <testcase name="repetition 1129 of 5000" classname="com.mindhub.homebanking.HomebankingApplicationTest" time="0.003"/>
  <testcase name="repetition 1130 of 5000" classname="com.mindhub.homebanking.HomebankingApplicationTest" time="0.001"/>
  <testcase name="repetition 1131 of 5000" classname="com.mindhub.homebanking.HomebankingApplicationTest" time="0.0"/>
  <testcase name="repetition 1132 of 5000" classname="com.mindhub.homebanking.HomebankingApplicationTest" time="0.0"/>
  <testcase name="repetition 1133 of 5000" classname="com.mindhub.homebanking.HomebankingApplicationTest" time="0.001"/>
  <testcase name="repetition 1134 of 5000" classname="com.mindhub.homebanking.HomebankingApplicationTest" time="0.0"/>
  <testcase name="repetition 1135 of 5000" classname="com.mindhub.homebanking.HomebankingApplicationTest" time="0.0"/>
  <testcase name="repetition 1136 of 5000" classname="com.mindhub.homebanking.HomebankingApplicationTest" time="0.0"/>
  <testcase name="repetition 1137 of 5000" classname="com.mindhub.homebanking.HomebankingApplicationTest" time="0.001"/>
  <testcase name="repetition 1138 of 5000" classname="com.mindhub.homebanking.HomebankingApplicationTest" time="0.001"/>
  <testcase name="repetition 1139 of 5000" classname="com.mindhub.homebanking.HomebankingApplicationTest" time="0.001"/>
  <testcase name="repetition 1140 of 5000" classname="com.mindhub.homebanking.HomebankingApplicationTest" time="0.001"/>
  <testcase name="repetition 1141 of 5000" classname="com.mindhub.homebanking.HomebankingApplicationTest" time="0.0"/>
  <testcase name="repetition 1142 of 5000" classname="com.mindhub.homebanking.HomebankingApplicationTest" time="0.001"/>
  <testcase name="repetition 1143 of 5000" classname="com.mindhub.homebanking.HomebankingApplicationTest" time="0.001"/>
  <testcase name="repetition 1144 of 5000" classname="com.mindhub.homebanking.HomebankingApplicationTest" time="0.001"/>
  <testcase name="repetition 1145 of 5000" classname="com.mindhub.homebanking.HomebankingApplicationTest" time="0.001"/>
  <testcase name="repetition 1146 of 5000" classname="com.mindhub.homebanking.HomebankingApplicationTest" time="0.001"/>
  <testcase name="repetition 1147 of 5000" classname="com.mindhub.homebanking.HomebankingApplicationTest" time="0.0"/>
  <testcase name="repetition 1148 of 5000" classname="com.mindhub.homebanking.HomebankingApplicationTest" time="0.001"/>
  <testcase name="repetition 1149 of 5000" classname="com.mindhub.homebanking.HomebankingApplicationTest" time="0.0"/>
  <testcase name="repetition 1150 of 5000" classname="com.mindhub.homebanking.HomebankingApplicationTest" time="0.001"/>
  <testcase name="repetition 1151 of 5000" classname="com.mindhub.homebanking.HomebankingApplicationTest" time="0.0"/>
  <testcase name="repetition 1152 of 5000" classname="com.mindhub.homebanking.HomebankingApplicationTest" time="0.001"/>
  <testcase name="repetition 1153 of 5000" classname="com.mindhub.homebanking.HomebankingApplicationTest" time="0.001"/>
  <testcase name="repetition 1154 of 5000" classname="com.mindhub.homebanking.HomebankingApplicationTest" time="0.001"/>
  <testcase name="repetition 1155 of 5000" classname="com.mindhub.homebanking.HomebankingApplicationTest" time="0.001"/>
  <testcase name="repetition 1156 of 5000" classname="com.mindhub.homebanking.HomebankingApplicationTest" time="0.0"/>
  <testcase name="repetition 1157 of 5000" classname="com.mindhub.homebanking.HomebankingApplicationTest" time="0.0"/>
  <testcase name="repetition 1158 of 5000" classname="com.mindhub.homebanking.HomebankingApplicationTest" time="0.0"/>
  <testcase name="repetition 1159 of 5000" classname="com.mindhub.homebanking.HomebankingApplicationTest" time="0.001"/>
  <testcase name="repetition 1160 of 5000" classname="com.mindhub.homebanking.HomebankingApplicationTest" time="0.001"/>
  <testcase name="repetition 1161 of 5000" classname="com.mindhub.homebanking.HomebankingApplicationTest" time="0.001"/>
  <testcase name="repetition 1162 of 5000" classname="com.mindhub.homebanking.HomebankingApplicationTest" time="0.001"/>
  <testcase name="repetition 1163 of 5000" classname="com.mindhub.homebanking.HomebankingApplicationTest" time="0.001"/>
  <testcase name="repetition 1164 of 5000" classname="com.mindhub.homebanking.HomebankingApplicationTest" time="0.001"/>
  <testcase name="repetition 1165 of 5000" classname="com.mindhub.homebanking.HomebankingApplicationTest" time="0.002"/>
  <testcase name="repetition 1166 of 5000" classname="com.mindhub.homebanking.HomebankingApplicationTest" time="0.001"/>
  <testcase name="repetition 1167 of 5000" classname="com.mindhub.homebanking.HomebankingApplicationTest" time="0.001"/>
  <testcase name="repetition 1168 of 5000" classname="com.mindhub.homebanking.HomebankingApplicationTest" time="0.001"/>
  <testcase name="repetition 1169 of 5000" classname="com.mindhub.homebanking.HomebankingApplicationTest" time="0.002"/>
  <testcase name="repetition 1170 of 5000" classname="com.mindhub.homebanking.HomebankingApplicationTest" time="0.002"/>
  <testcase name="repetition 1171 of 5000" classname="com.mindhub.homebanking.HomebankingApplicationTest" time="0.001"/>
  <testcase name="repetition 1172 of 5000" classname="com.mindhub.homebanking.HomebankingApplicationTest" time="0.002"/>
  <testcase name="repetition 1173 of 5000" classname="com.mindhub.homebanking.HomebankingApplicationTest" time="0.003"/>
  <testcase name="repetition 1174 of 5000" classname="com.mindhub.homebanking.HomebankingApplicationTest" time="0.001"/>
  <testcase name="repetition 1175 of 5000" classname="com.mindhub.homebanking.HomebankingApplicationTest" time="0.001"/>
  <testcase name="repetition 1176 of 5000" classname="com.mindhub.homebanking.HomebankingApplicationTest" time="0.001"/>
  <testcase name="repetition 1177 of 5000" classname="com.mindhub.homebanking.HomebankingApplicationTest" time="0.001"/>
  <testcase name="repetition 1178 of 5000" classname="com.mindhub.homebanking.HomebankingApplicationTest" time="0.001"/>
  <testcase name="repetition 1179 of 5000" classname="com.mindhub.homebanking.HomebankingApplicationTest" time="0.002"/>
  <testcase name="repetition 1180 of 5000" classname="com.mindhub.homebanking.HomebankingApplicationTest" time="0.001"/>
  <testcase name="repetition 1181 of 5000" classname="com.mindhub.homebanking.HomebankingApplicationTest" time="0.002"/>
  <testcase name="repetition 1182 of 5000" classname="com.mindhub.homebanking.HomebankingApplicationTest" time="0.001"/>
  <testcase name="repetition 1183 of 5000" classname="com.mindhub.homebanking.HomebankingApplicationTest" time="0.001"/>
  <testcase name="repetition 1184 of 5000" classname="com.mindhub.homebanking.HomebankingApplicationTest" time="0.002"/>
  <testcase name="repetition 1185 of 5000" classname="com.mindhub.homebanking.HomebankingApplicationTest" time="0.002"/>
  <testcase name="repetition 1186 of 5000" classname="com.mindhub.homebanking.HomebankingApplicationTest" time="0.001"/>
  <testcase name="repetition 1187 of 5000" classname="com.mindhub.homebanking.HomebankingApplicationTest" time="0.001"/>
  <testcase name="repetition 1188 of 5000" classname="com.mindhub.homebanking.HomebankingApplicationTest" time="0.001"/>
  <testcase name="repetition 1189 of 5000" classname="com.mindhub.homebanking.HomebankingApplicationTest" time="0.001"/>
  <testcase name="repetition 1190 of 5000" classname="com.mindhub.homebanking.HomebankingApplicationTest" time="0.001"/>
  <testcase name="repetition 1191 of 5000" classname="com.mindhub.homebanking.HomebankingApplicationTest" time="0.001"/>
  <testcase name="repetition 1192 of 5000" classname="com.mindhub.homebanking.HomebankingApplicationTest" time="0.002"/>
  <testcase name="repetition 1193 of 5000" classname="com.mindhub.homebanking.HomebankingApplicationTest" time="0.001"/>
  <testcase name="repetition 1194 of 5000" classname="com.mindhub.homebanking.HomebankingApplicationTest" time="0.001"/>
  <testcase name="repetition 1195 of 5000" classname="com.mindhub.homebanking.HomebankingApplicationTest" time="0.001"/>
  <testcase name="repetition 1196 of 5000" classname="com.mindhub.homebanking.HomebankingApplicationTest" time="0.001"/>
  <testcase name="repetition 1197 of 5000" classname="com.mindhub.homebanking.HomebankingApplicationTest" time="0.001"/>
  <testcase name="repetition 1198 of 5000" classname="com.mindhub.homebanking.HomebankingApplicationTest" time="0.001"/>
  <testcase name="repetition 1199 of 5000" classname="com.mindhub.homebanking.HomebankingApplicationTest" time="0.002"/>
  <testcase name="repetition 1200 of 5000" classname="com.mindhub.homebanking.HomebankingApplicationTest" time="0.002"/>
  <testcase name="repetition 1201 of 5000" classname="com.mindhub.homebanking.HomebankingApplicationTest" time="0.001"/>
  <testcase name="repetition 1202 of 5000" classname="com.mindhub.homebanking.HomebankingApplicationTest" time="0.001"/>
  <testcase name="repetition 1203 of 5000" classname="com.mindhub.homebanking.HomebankingApplicationTest" time="0.001"/>
  <testcase name="repetition 1204 of 5000" classname="com.mindhub.homebanking.HomebankingApplicationTest" time="0.001"/>
  <testcase name="repetition 1205 of 5000" classname="com.mindhub.homebanking.HomebankingApplicationTest" time="0.001"/>
  <testcase name="repetition 1206 of 5000" classname="com.mindhub.homebanking.HomebankingApplicationTest" time="0.001"/>
  <testcase name="repetition 1207 of 5000" classname="com.mindhub.homebanking.HomebankingApplicationTest" time="0.001"/>
  <testcase name="repetition 1208 of 5000" classname="com.mindhub.homebanking.HomebankingApplicationTest" time="0.001"/>
  <testcase name="repetition 1209 of 5000" classname="com.mindhub.homebanking.HomebankingApplicationTest" time="0.001"/>
  <testcase name="repetition 1210 of 5000" classname="com.mindhub.homebanking.HomebankingApplicationTest" time="0.0"/>
  <testcase name="repetition 1211 of 5000" classname="com.mindhub.homebanking.HomebankingApplicationTest" time="0.0"/>
  <testcase name="repetition 1212 of 5000" classname="com.mindhub.homebanking.HomebankingApplicationTest" time="0.004"/>
  <testcase name="repetition 1213 of 5000" classname="com.mindhub.homebanking.HomebankingApplicationTest" time="0.002"/>
  <testcase name="repetition 1214 of 5000" classname="com.mindhub.homebanking.HomebankingApplicationTest" time="0.001"/>
  <testcase name="repetition 1215 of 5000" classname="com.mindhub.homebanking.HomebankingApplicationTest" time="0.002"/>
  <testcase name="repetition 1216 of 5000" classname="com.mindhub.homebanking.HomebankingApplicationTest" time="0.001"/>
  <testcase name="repetition 1217 of 5000" classname="com.mindhub.homebanking.HomebankingApplicationTest" time="0.001"/>
  <testcase name="repetition 1218 of 5000" classname="com.mindhub.homebanking.HomebankingApplicationTest" time="0.002"/>
  <testcase name="repetition 1219 of 5000" classname="com.mindhub.homebanking.HomebankingApplicationTest" time="0.001"/>
  <testcase name="repetition 1220 of 5000" classname="com.mindhub.homebanking.HomebankingApplicationTest" time="0.002"/>
  <testcase name="repetition 1221 of 5000" classname="com.mindhub.homebanking.HomebankingApplicationTest" time="0.001"/>
  <testcase name="repetition 1222 of 5000" classname="com.mindhub.homebanking.HomebankingApplicationTest" time="0.001"/>
  <testcase name="repetition 1223 of 5000" classname="com.mindhub.homebanking.HomebankingApplicationTest" time="0.001"/>
  <testcase name="repetition 1224 of 5000" classname="com.mindhub.homebanking.HomebankingApplicationTest" time="0.001"/>
  <testcase name="repetition 1225 of 5000" classname="com.mindhub.homebanking.HomebankingApplicationTest" time="0.001"/>
  <testcase name="repetition 1226 of 5000" classname="com.mindhub.homebanking.HomebankingApplicationTest" time="0.003"/>
  <testcase name="repetition 1227 of 5000" classname="com.mindhub.homebanking.HomebankingApplicationTest" time="0.002"/>
  <testcase name="repetition 1228 of 5000" classname="com.mindhub.homebanking.HomebankingApplicationTest" time="0.002"/>
  <testcase name="repetition 1229 of 5000" classname="com.mindhub.homebanking.HomebankingApplicationTest" time="0.001"/>
  <testcase name="repetition 1230 of 5000" classname="com.mindhub.homebanking.HomebankingApplicationTest" time="0.001"/>
  <testcase name="repetition 1231 of 5000" classname="com.mindhub.homebanking.HomebankingApplicationTest" time="0.001"/>
  <testcase name="repetition 1232 of 5000" classname="com.mindhub.homebanking.HomebankingApplicationTest" time="0.001"/>
  <testcase name="repetition 1233 of 5000" classname="com.mindhub.homebanking.HomebankingApplicationTest" time="0.001"/>
  <testcase name="repetition 1234 of 5000" classname="com.mindhub.homebanking.HomebankingApplicationTest" time="0.001"/>
  <testcase name="repetition 1235 of 5000" classname="com.mindhub.homebanking.HomebankingApplicationTest" time="0.001"/>
  <testcase name="repetition 1236 of 5000" classname="com.mindhub.homebanking.HomebankingApplicationTest" time="0.001"/>
  <testcase name="repetition 1237 of 5000" classname="com.mindhub.homebanking.HomebankingApplicationTest" time="0.001"/>
  <testcase name="repetition 1238 of 5000" classname="com.mindhub.homebanking.HomebankingApplicationTest" time="0.001"/>
  <testcase name="repetition 1239 of 5000" classname="com.mindhub.homebanking.HomebankingApplicationTest" time="0.0"/>
  <testcase name="repetition 1240 of 5000" classname="com.mindhub.homebanking.HomebankingApplicationTest" time="0.0"/>
  <testcase name="repetition 1241 of 5000" classname="com.mindhub.homebanking.HomebankingApplicationTest" time="0.001"/>
  <testcase name="repetition 1242 of 5000" classname="com.mindhub.homebanking.HomebankingApplicationTest" time="0.0"/>
  <testcase name="repetition 1243 of 5000" classname="com.mindhub.homebanking.HomebankingApplicationTest" time="0.0"/>
  <testcase name="repetition 1244 of 5000" classname="com.mindhub.homebanking.HomebankingApplicationTest" time="0.001"/>
  <testcase name="repetition 1245 of 5000" classname="com.mindhub.homebanking.HomebankingApplicationTest" time="0.0"/>
  <testcase name="repetition 1246 of 5000" classname="com.mindhub.homebanking.HomebankingApplicationTest" time="0.0"/>
  <testcase name="repetition 1247 of 5000" classname="com.mindhub.homebanking.HomebankingApplicationTest" time="0.001"/>
  <testcase name="repetition 1248 of 5000" classname="com.mindhub.homebanking.HomebankingApplicationTest" time="0.001"/>
  <testcase name="repetition 1249 of 5000" classname="com.mindhub.homebanking.HomebankingApplicationTest" time="0.001"/>
  <testcase name="repetition 1250 of 5000" classname="com.mindhub.homebanking.HomebankingApplicationTest" time="0.001"/>
  <testcase name="repetition 1251 of 5000" classname="com.mindhub.homebanking.HomebankingApplicationTest" time="0.001"/>
  <testcase name="repetition 1252 of 5000" classname="com.mindhub.homebanking.HomebankingApplicationTest" time="0.001"/>
  <testcase name="repetition 1253 of 5000" classname="com.mindhub.homebanking.HomebankingApplicationTest" time="0.0"/>
  <testcase name="repetition 1254 of 5000" classname="com.mindhub.homebanking.HomebankingApplicationTest" time="0.001"/>
  <testcase name="repetition 1255 of 5000" classname="com.mindhub.homebanking.HomebankingApplicationTest" time="0.0"/>
  <testcase name="repetition 1256 of 5000" classname="com.mindhub.homebanking.HomebankingApplicationTest" time="0.0"/>
  <testcase name="repetition 1257 of 5000" classname="com.mindhub.homebanking.HomebankingApplicationTest" time="0.001"/>
  <testcase name="repetition 1258 of 5000" classname="com.mindhub.homebanking.HomebankingApplicationTest" time="0.001"/>
  <testcase name="repetition 1259 of 5000" classname="com.mindhub.homebanking.HomebankingApplicationTest" time="0.001"/>
  <testcase name="repetition 1260 of 5000" classname="com.mindhub.homebanking.HomebankingApplicationTest" time="0.001"/>
  <testcase name="repetition 1261 of 5000" classname="com.mindhub.homebanking.HomebankingApplicationTest" time="0.001"/>
  <testcase name="repetition 1262 of 5000" classname="com.mindhub.homebanking.HomebankingApplicationTest" time="0.001"/>
  <testcase name="repetition 1263 of 5000" classname="com.mindhub.homebanking.HomebankingApplicationTest" time="0.001"/>
  <testcase name="repetition 1264 of 5000" classname="com.mindhub.homebanking.HomebankingApplicationTest" time="0.001"/>
  <testcase name="repetition 1265 of 5000" classname="com.mindhub.homebanking.HomebankingApplicationTest" time="0.001"/>
  <testcase name="repetition 1266 of 5000" classname="com.mindhub.homebanking.HomebankingApplicationTest" time="0.001"/>
  <testcase name="repetition 1267 of 5000" classname="com.mindhub.homebanking.HomebankingApplicationTest" time="0.001"/>
  <testcase name="repetition 1268 of 5000" classname="com.mindhub.homebanking.HomebankingApplicationTest" time="0.0"/>
  <testcase name="repetition 1269 of 5000" classname="com.mindhub.homebanking.HomebankingApplicationTest" time="0.0"/>
  <testcase name="repetition 1270 of 5000" classname="com.mindhub.homebanking.HomebankingApplicationTest" time="0.001"/>
  <testcase name="repetition 1271 of 5000" classname="com.mindhub.homebanking.HomebankingApplicationTest" time="0.001"/>
  <testcase name="repetition 1272 of 5000" classname="com.mindhub.homebanking.HomebankingApplicationTest" time="0.001"/>
  <testcase name="repetition 1273 of 5000" classname="com.mindhub.homebanking.HomebankingApplicationTest" time="0.001"/>
  <testcase name="repetition 1274 of 5000" classname="com.mindhub.homebanking.HomebankingApplicationTest" time="0.0"/>
  <testcase name="repetition 1275 of 5000" classname="com.mindhub.homebanking.HomebankingApplicationTest" time="0.001"/>
  <testcase name="repetition 1276 of 5000" classname="com.mindhub.homebanking.HomebankingApplicationTest" time="0.001"/>
  <testcase name="repetition 1277 of 5000" classname="com.mindhub.homebanking.HomebankingApplicationTest" time="0.001"/>
  <testcase name="repetition 1278 of 5000" classname="com.mindhub.homebanking.HomebankingApplicationTest" time="0.001"/>
  <testcase name="repetition 1279 of 5000" classname="com.mindhub.homebanking.HomebankingApplicationTest" time="0.001"/>
  <testcase name="repetition 1280 of 5000" classname="com.mindhub.homebanking.HomebankingApplicationTest" time="0.001"/>
  <testcase name="repetition 1281 of 5000" classname="com.mindhub.homebanking.HomebankingApplicationTest" time="0.001"/>
  <testcase name="repetition 1282 of 5000" classname="com.mindhub.homebanking.HomebankingApplicationTest" time="0.0"/>
  <testcase name="repetition 1283 of 5000" classname="com.mindhub.homebanking.HomebankingApplicationTest" time="0.001"/>
  <testcase name="repetition 1284 of 5000" classname="com.mindhub.homebanking.HomebankingApplicationTest" time="0.001"/>
  <testcase name="repetition 1285 of 5000" classname="com.mindhub.homebanking.HomebankingApplicationTest" time="0.002"/>
  <testcase name="repetition 1286 of 5000" classname="com.mindhub.homebanking.HomebankingApplicationTest" time="0.001"/>
  <testcase name="repetition 1287 of 5000" classname="com.mindhub.homebanking.HomebankingApplicationTest" time="0.001"/>
  <testcase name="repetition 1288 of 5000" classname="com.mindhub.homebanking.HomebankingApplicationTest" time="0.001"/>
  <testcase name="repetition 1289 of 5000" classname="com.mindhub.homebanking.HomebankingApplicationTest" time="0.002"/>
  <testcase name="repetition 1290 of 5000" classname="com.mindhub.homebanking.HomebankingApplicationTest" time="0.002"/>
  <testcase name="repetition 1291 of 5000" classname="com.mindhub.homebanking.HomebankingApplicationTest" time="0.001"/>
  <testcase name="repetition 1292 of 5000" classname="com.mindhub.homebanking.HomebankingApplicationTest" time="0.001"/>
  <testcase name="repetition 1293 of 5000" classname="com.mindhub.homebanking.HomebankingApplicationTest" time="0.001"/>
  <testcase name="repetition 1294 of 5000" classname="com.mindhub.homebanking.HomebankingApplicationTest" time="0.001"/>
  <testcase name="repetition 1295 of 5000" classname="com.mindhub.homebanking.HomebankingApplicationTest" time="0.001"/>
  <testcase name="repetition 1296 of 5000" classname="com.mindhub.homebanking.HomebankingApplicationTest" time="0.001"/>
  <testcase name="repetition 1297 of 5000" classname="com.mindhub.homebanking.HomebankingApplicationTest" time="0.001"/>
  <testcase name="repetition 1298 of 5000" classname="com.mindhub.homebanking.HomebankingApplicationTest" time="0.001"/>
  <testcase name="repetition 1299 of 5000" classname="com.mindhub.homebanking.HomebankingApplicationTest" time="0.001"/>
  <testcase name="repetition 1300 of 5000" classname="com.mindhub.homebanking.HomebankingApplicationTest" time="0.001"/>
  <testcase name="repetition 1301 of 5000" classname="com.mindhub.homebanking.HomebankingApplicationTest" time="0.001"/>
  <testcase name="repetition 1302 of 5000" classname="com.mindhub.homebanking.HomebankingApplicationTest" time="0.001"/>
  <testcase name="repetition 1303 of 5000" classname="com.mindhub.homebanking.HomebankingApplicationTest" time="0.001"/>
  <testcase name="repetition 1304 of 5000" classname="com.mindhub.homebanking.HomebankingApplicationTest" time="0.001"/>
  <testcase name="repetition 1305 of 5000" classname="com.mindhub.homebanking.HomebankingApplicationTest" time="0.001"/>
  <testcase name="repetition 1306 of 5000" classname="com.mindhub.homebanking.HomebankingApplicationTest" time="0.001"/>
  <testcase name="repetition 1307 of 5000" classname="com.mindhub.homebanking.HomebankingApplicationTest" time="0.001"/>
  <testcase name="repetition 1308 of 5000" classname="com.mindhub.homebanking.HomebankingApplicationTest" time="0.001"/>
  <testcase name="repetition 1309 of 5000" classname="com.mindhub.homebanking.HomebankingApplicationTest" time="0.001"/>
  <testcase name="repetition 1310 of 5000" classname="com.mindhub.homebanking.HomebankingApplicationTest" time="0.0"/>
  <testcase name="repetition 1311 of 5000" classname="com.mindhub.homebanking.HomebankingApplicationTest" time="0.0"/>
  <testcase name="repetition 1312 of 5000" classname="com.mindhub.homebanking.HomebankingApplicationTest" time="0.001"/>
  <testcase name="repetition 1313 of 5000" classname="com.mindhub.homebanking.HomebankingApplicationTest" time="0.001"/>
  <testcase name="repetition 1314 of 5000" classname="com.mindhub.homebanking.HomebankingApplicationTest" time="0.0"/>
  <testcase name="repetition 1315 of 5000" classname="com.mindhub.homebanking.HomebankingApplicationTest" time="0.001"/>
  <testcase name="repetition 1316 of 5000" classname="com.mindhub.homebanking.HomebankingApplicationTest" time="0.001"/>
  <testcase name="repetition 1317 of 5000" classname="com.mindhub.homebanking.HomebankingApplicationTest" time="0.001"/>
  <testcase name="repetition 1318 of 5000" classname="com.mindhub.homebanking.HomebankingApplicationTest" time="0.001"/>
  <testcase name="repetition 1319 of 5000" classname="com.mindhub.homebanking.HomebankingApplicationTest" time="0.001"/>
  <testcase name="repetition 1320 of 5000" classname="com.mindhub.homebanking.HomebankingApplicationTest" time="0.0"/>
  <testcase name="repetition 1321 of 5000" classname="com.mindhub.homebanking.HomebankingApplicationTest" time="0.001"/>
  <testcase name="repetition 1322 of 5000" classname="com.mindhub.homebanking.HomebankingApplicationTest" time="0.001"/>
  <testcase name="repetition 1323 of 5000" classname="com.mindhub.homebanking.HomebankingApplicationTest" time="0.002"/>
  <testcase name="repetition 1324 of 5000" classname="com.mindhub.homebanking.HomebankingApplicationTest" time="0.0"/>
  <testcase name="repetition 1325 of 5000" classname="com.mindhub.homebanking.HomebankingApplicationTest" time="0.001"/>
  <testcase name="repetition 1326 of 5000" classname="com.mindhub.homebanking.HomebankingApplicationTest" time="0.001"/>
  <testcase name="repetition 1327 of 5000" classname="com.mindhub.homebanking.HomebankingApplicationTest" time="0.001"/>
  <testcase name="repetition 1328 of 5000" classname="com.mindhub.homebanking.HomebankingApplicationTest" time="0.001"/>
  <testcase name="repetition 1329 of 5000" classname="com.mindhub.homebanking.HomebankingApplicationTest" time="0.001"/>
  <testcase name="repetition 1330 of 5000" classname="com.mindhub.homebanking.HomebankingApplicationTest" time="0.0"/>
  <testcase name="repetition 1331 of 5000" classname="com.mindhub.homebanking.HomebankingApplicationTest" time="0.001"/>
  <testcase name="repetition 1332 of 5000" classname="com.mindhub.homebanking.HomebankingApplicationTest" time="0.001"/>
  <testcase name="repetition 1333 of 5000" classname="com.mindhub.homebanking.HomebankingApplicationTest" time="0.0"/>
  <testcase name="repetition 1334 of 5000" classname="com.mindhub.homebanking.HomebankingApplicationTest" time="0.0"/>
  <testcase name="repetition 1335 of 5000" classname="com.mindhub.homebanking.HomebankingApplicationTest" time="0.0"/>
  <testcase name="repetition 1336 of 5000" classname="com.mindhub.homebanking.HomebankingApplicationTest" time="0.0"/>
  <testcase name="repetition 1337 of 5000" classname="com.mindhub.homebanking.HomebankingApplicationTest" time="0.001"/>
  <testcase name="repetition 1338 of 5000" classname="com.mindhub.homebanking.HomebankingApplicationTest" time="0.001"/>
  <testcase name="repetition 1339 of 5000" classname="com.mindhub.homebanking.HomebankingApplicationTest" time="0.001"/>
  <testcase name="repetition 1340 of 5000" classname="com.mindhub.homebanking.HomebankingApplicationTest" time="0.002"/>
  <testcase name="repetition 1341 of 5000" classname="com.mindhub.homebanking.HomebankingApplicationTest" time="0.001"/>
  <testcase name="repetition 1342 of 5000" classname="com.mindhub.homebanking.HomebankingApplicationTest" time="0.001"/>
  <testcase name="repetition 1343 of 5000" classname="com.mindhub.homebanking.HomebankingApplicationTest" time="0.001"/>
  <testcase name="repetition 1344 of 5000" classname="com.mindhub.homebanking.HomebankingApplicationTest" time="0.003"/>
  <testcase name="repetition 1345 of 5000" classname="com.mindhub.homebanking.HomebankingApplicationTest" time="0.002"/>
  <testcase name="repetition 1346 of 5000" classname="com.mindhub.homebanking.HomebankingApplicationTest" time="0.001"/>
  <testcase name="repetition 1347 of 5000" classname="com.mindhub.homebanking.HomebankingApplicationTest" time="0.001"/>
  <testcase name="repetition 1348 of 5000" classname="com.mindhub.homebanking.HomebankingApplicationTest" time="0.001"/>
  <testcase name="repetition 1349 of 5000" classname="com.mindhub.homebanking.HomebankingApplicationTest" time="0.001"/>
  <testcase name="repetition 1350 of 5000" classname="com.mindhub.homebanking.HomebankingApplicationTest" time="0.001"/>
  <testcase name="repetition 1351 of 5000" classname="com.mindhub.homebanking.HomebankingApplicationTest" time="0.001"/>
  <testcase name="repetition 1352 of 5000" classname="com.mindhub.homebanking.HomebankingApplicationTest" time="0.001"/>
  <testcase name="repetition 1353 of 5000" classname="com.mindhub.homebanking.HomebankingApplicationTest" time="0.001"/>
  <testcase name="repetition 1354 of 5000" classname="com.mindhub.homebanking.HomebankingApplicationTest" time="0.001"/>
  <testcase name="repetition 1355 of 5000" classname="com.mindhub.homebanking.HomebankingApplicationTest" time="0.001"/>
  <testcase name="repetition 1356 of 5000" classname="com.mindhub.homebanking.HomebankingApplicationTest" time="0.002"/>
  <testcase name="repetition 1357 of 5000" classname="com.mindhub.homebanking.HomebankingApplicationTest" time="0.001"/>
  <testcase name="repetition 1358 of 5000" classname="com.mindhub.homebanking.HomebankingApplicationTest" time="0.001"/>
  <testcase name="repetition 1359 of 5000" classname="com.mindhub.homebanking.HomebankingApplicationTest" time="0.002"/>
  <testcase name="repetition 1360 of 5000" classname="com.mindhub.homebanking.HomebankingApplicationTest" time="0.001"/>
  <testcase name="repetition 1361 of 5000" classname="com.mindhub.homebanking.HomebankingApplicationTest" time="0.001"/>
  <testcase name="repetition 1362 of 5000" classname="com.mindhub.homebanking.HomebankingApplicationTest" time="0.001"/>
  <testcase name="repetition 1363 of 5000" classname="com.mindhub.homebanking.HomebankingApplicationTest" time="0.0"/>
  <testcase name="repetition 1364 of 5000" classname="com.mindhub.homebanking.HomebankingApplicationTest" time="0.001"/>
  <testcase name="repetition 1365 of 5000" classname="com.mindhub.homebanking.HomebankingApplicationTest" time="0.001"/>
  <testcase name="repetition 1366 of 5000" classname="com.mindhub.homebanking.HomebankingApplicationTest" time="0.001"/>
  <testcase name="repetition 1367 of 5000" classname="com.mindhub.homebanking.HomebankingApplicationTest" time="0.002"/>
  <testcase name="repetition 1368 of 5000" classname="com.mindhub.homebanking.HomebankingApplicationTest" time="0.001"/>
  <testcase name="repetition 1369 of 5000" classname="com.mindhub.homebanking.HomebankingApplicationTest" time="0.0"/>
  <testcase name="repetition 1370 of 5000" classname="com.mindhub.homebanking.HomebankingApplicationTest" time="0.001"/>
  <testcase name="repetition 1371 of 5000" classname="com.mindhub.homebanking.HomebankingApplicationTest" time="0.001"/>
  <testcase name="repetition 1372 of 5000" classname="com.mindhub.homebanking.HomebankingApplicationTest" time="0.003"/>
  <testcase name="repetition 1373 of 5000" classname="com.mindhub.homebanking.HomebankingApplicationTest" time="0.001"/>
  <testcase name="repetition 1374 of 5000" classname="com.mindhub.homebanking.HomebankingApplicationTest" time="0.0"/>
  <testcase name="repetition 1375 of 5000" classname="com.mindhub.homebanking.HomebankingApplicationTest" time="0.0"/>
  <testcase name="repetition 1376 of 5000" classname="com.mindhub.homebanking.HomebankingApplicationTest" time="0.0"/>
  <testcase name="repetition 1377 of 5000" classname="com.mindhub.homebanking.HomebankingApplicationTest" time="0.001"/>
  <testcase name="repetition 1378 of 5000" classname="com.mindhub.homebanking.HomebankingApplicationTest" time="0.0"/>
  <testcase name="repetition 1379 of 5000" classname="com.mindhub.homebanking.HomebankingApplicationTest" time="0.001"/>
  <testcase name="repetition 1380 of 5000" classname="com.mindhub.homebanking.HomebankingApplicationTest" time="0.001"/>
  <testcase name="repetition 1381 of 5000" classname="com.mindhub.homebanking.HomebankingApplicationTest" time="0.002"/>
  <testcase name="repetition 1382 of 5000" classname="com.mindhub.homebanking.HomebankingApplicationTest" time="0.001"/>
  <testcase name="repetition 1383 of 5000" classname="com.mindhub.homebanking.HomebankingApplicationTest" time="0.002"/>
  <testcase name="repetition 1384 of 5000" classname="com.mindhub.homebanking.HomebankingApplicationTest" time="0.001"/>
  <testcase name="repetition 1385 of 5000" classname="com.mindhub.homebanking.HomebankingApplicationTest" time="0.0"/>
  <testcase name="repetition 1386 of 5000" classname="com.mindhub.homebanking.HomebankingApplicationTest" time="0.0"/>
  <testcase name="repetition 1387 of 5000" classname="com.mindhub.homebanking.HomebankingApplicationTest" time="0.001"/>
  <testcase name="repetition 1388 of 5000" classname="com.mindhub.homebanking.HomebankingApplicationTest" time="0.001"/>
  <testcase name="repetition 1389 of 5000" classname="com.mindhub.homebanking.HomebankingApplicationTest" time="0.002"/>
  <testcase name="repetition 1390 of 5000" classname="com.mindhub.homebanking.HomebankingApplicationTest" time="0.001"/>
  <testcase name="repetition 1391 of 5000" classname="com.mindhub.homebanking.HomebankingApplicationTest" time="0.0"/>
  <testcase name="repetition 1392 of 5000" classname="com.mindhub.homebanking.HomebankingApplicationTest" time="0.001"/>
  <testcase name="repetition 1393 of 5000" classname="com.mindhub.homebanking.HomebankingApplicationTest" time="0.0"/>
  <testcase name="repetition 1394 of 5000" classname="com.mindhub.homebanking.HomebankingApplicationTest" time="0.0"/>
  <testcase name="repetition 1395 of 5000" classname="com.mindhub.homebanking.HomebankingApplicationTest" time="0.001"/>
  <testcase name="repetition 1396 of 5000" classname="com.mindhub.homebanking.HomebankingApplicationTest" time="0.0"/>
  <testcase name="repetition 1397 of 5000" classname="com.mindhub.homebanking.HomebankingApplicationTest" time="0.001"/>
  <testcase name="repetition 1398 of 5000" classname="com.mindhub.homebanking.HomebankingApplicationTest" time="0.001"/>
  <testcase name="repetition 1399 of 5000" classname="com.mindhub.homebanking.HomebankingApplicationTest" time="0.001"/>
  <testcase name="repetition 1400 of 5000" classname="com.mindhub.homebanking.HomebankingApplicationTest" time="0.001"/>
  <testcase name="repetition 1401 of 5000" classname="com.mindhub.homebanking.HomebankingApplicationTest" time="0.0"/>
  <testcase name="repetition 1402 of 5000" classname="com.mindhub.homebanking.HomebankingApplicationTest" time="0.001"/>
  <testcase name="repetition 1403 of 5000" classname="com.mindhub.homebanking.HomebankingApplicationTest" time="0.0"/>
  <testcase name="repetition 1404 of 5000" classname="com.mindhub.homebanking.HomebankingApplicationTest" time="0.0"/>
  <testcase name="repetition 1405 of 5000" classname="com.mindhub.homebanking.HomebankingApplicationTest" time="0.001"/>
  <testcase name="repetition 1406 of 5000" classname="com.mindhub.homebanking.HomebankingApplicationTest" time="0.0"/>
  <testcase name="repetition 1407 of 5000" classname="com.mindhub.homebanking.HomebankingApplicationTest" time="0.001"/>
  <testcase name="repetition 1408 of 5000" classname="com.mindhub.homebanking.HomebankingApplicationTest" time="0.0"/>
  <testcase name="repetition 1409 of 5000" classname="com.mindhub.homebanking.HomebankingApplicationTest" time="0.001"/>
  <testcase name="repetition 1410 of 5000" classname="com.mindhub.homebanking.HomebankingApplicationTest" time="0.0"/>
  <testcase name="repetition 1411 of 5000" classname="com.mindhub.homebanking.HomebankingApplicationTest" time="0.0"/>
  <testcase name="repetition 1412 of 5000" classname="com.mindhub.homebanking.HomebankingApplicationTest" time="0.001"/>
  <testcase name="repetition 1413 of 5000" classname="com.mindhub.homebanking.HomebankingApplicationTest" time="0.001"/>
  <testcase name="repetition 1414 of 5000" classname="com.mindhub.homebanking.HomebankingApplicationTest" time="0.001"/>
  <testcase name="repetition 1415 of 5000" classname="com.mindhub.homebanking.HomebankingApplicationTest" time="0.0"/>
  <testcase name="repetition 1416 of 5000" classname="com.mindhub.homebanking.HomebankingApplicationTest" time="0.001"/>
  <testcase name="repetition 1417 of 5000" classname="com.mindhub.homebanking.HomebankingApplicationTest" time="0.001"/>
  <testcase name="repetition 1418 of 5000" classname="com.mindhub.homebanking.HomebankingApplicationTest" time="0.0"/>
  <testcase name="repetition 1419 of 5000" classname="com.mindhub.homebanking.HomebankingApplicationTest" time="0.001"/>
  <testcase name="repetition 1420 of 5000" classname="com.mindhub.homebanking.HomebankingApplicationTest" time="0.001"/>
  <testcase name="repetition 1421 of 5000" classname="com.mindhub.homebanking.HomebankingApplicationTest" time="0.001"/>
  <testcase name="repetition 1422 of 5000" classname="com.mindhub.homebanking.HomebankingApplicationTest" time="0.0"/>
  <testcase name="repetition 1423 of 5000" classname="com.mindhub.homebanking.HomebankingApplicationTest" time="0.0"/>
  <testcase name="repetition 1424 of 5000" classname="com.mindhub.homebanking.HomebankingApplicationTest" time="0.0"/>
  <testcase name="repetition 1425 of 5000" classname="com.mindhub.homebanking.HomebankingApplicationTest" time="0.001"/>
  <testcase name="repetition 1426 of 5000" classname="com.mindhub.homebanking.HomebankingApplicationTest" time="0.001"/>
  <testcase name="repetition 1427 of 5000" classname="com.mindhub.homebanking.HomebankingApplicationTest" time="0.0"/>
  <testcase name="repetition 1428 of 5000" classname="com.mindhub.homebanking.HomebankingApplicationTest" time="0.001"/>
  <testcase name="repetition 1429 of 5000" classname="com.mindhub.homebanking.HomebankingApplicationTest" time="0.001"/>
  <testcase name="repetition 1430 of 5000" classname="com.mindhub.homebanking.HomebankingApplicationTest" time="0.0"/>
  <testcase name="repetition 1431 of 5000" classname="com.mindhub.homebanking.HomebankingApplicationTest" time="0.001"/>
  <testcase name="repetition 1432 of 5000" classname="com.mindhub.homebanking.HomebankingApplicationTest" time="0.001"/>
  <testcase name="repetition 1433 of 5000" classname="com.mindhub.homebanking.HomebankingApplicationTest" time="0.0"/>
  <testcase name="repetition 1434 of 5000" classname="com.mindhub.homebanking.HomebankingApplicationTest" time="0.001"/>
  <testcase name="repetition 1435 of 5000" classname="com.mindhub.homebanking.HomebankingApplicationTest" time="0.0"/>
  <testcase name="repetition 1436 of 5000" classname="com.mindhub.homebanking.HomebankingApplicationTest" time="0.001"/>
  <testcase name="repetition 1437 of 5000" classname="com.mindhub.homebanking.HomebankingApplicationTest" time="0.001"/>
  <testcase name="repetition 1438 of 5000" classname="com.mindhub.homebanking.HomebankingApplicationTest" time="0.001"/>
  <testcase name="repetition 1439 of 5000" classname="com.mindhub.homebanking.HomebankingApplicationTest" time="0.0"/>
  <testcase name="repetition 1440 of 5000" classname="com.mindhub.homebanking.HomebankingApplicationTest" time="0.0"/>
  <testcase name="repetition 1441 of 5000" classname="com.mindhub.homebanking.HomebankingApplicationTest" time="0.001"/>
  <testcase name="repetition 1442 of 5000" classname="com.mindhub.homebanking.HomebankingApplicationTest" time="0.001"/>
  <testcase name="repetition 1443 of 5000" classname="com.mindhub.homebanking.HomebankingApplicationTest" time="0.001"/>
  <testcase name="repetition 1444 of 5000" classname="com.mindhub.homebanking.HomebankingApplicationTest" time="0.001"/>
  <testcase name="repetition 1445 of 5000" classname="com.mindhub.homebanking.HomebankingApplicationTest" time="0.001"/>
  <testcase name="repetition 1446 of 5000" classname="com.mindhub.homebanking.HomebankingApplicationTest" time="0.001"/>
  <testcase name="repetition 1447 of 5000" classname="com.mindhub.homebanking.HomebankingApplicationTest" time="0.001"/>
  <testcase name="repetition 1448 of 5000" classname="com.mindhub.homebanking.HomebankingApplicationTest" time="0.001"/>
  <testcase name="repetition 1449 of 5000" classname="com.mindhub.homebanking.HomebankingApplicationTest" time="0.0"/>
  <testcase name="repetition 1450 of 5000" classname="com.mindhub.homebanking.HomebankingApplicationTest" time="0.001"/>
  <testcase name="repetition 1451 of 5000" classname="com.mindhub.homebanking.HomebankingApplicationTest" time="0.0"/>
  <testcase name="repetition 1452 of 5000" classname="com.mindhub.homebanking.HomebankingApplicationTest" time="0.0"/>
  <testcase name="repetition 1453 of 5000" classname="com.mindhub.homebanking.HomebankingApplicationTest" time="0.001"/>
  <testcase name="repetition 1454 of 5000" classname="com.mindhub.homebanking.HomebankingApplicationTest" time="0.0"/>
  <testcase name="repetition 1455 of 5000" classname="com.mindhub.homebanking.HomebankingApplicationTest" time="0.001"/>
  <testcase name="repetition 1456 of 5000" classname="com.mindhub.homebanking.HomebankingApplicationTest" time="0.001"/>
  <testcase name="repetition 1457 of 5000" classname="com.mindhub.homebanking.HomebankingApplicationTest" time="0.001"/>
  <testcase name="repetition 1458 of 5000" classname="com.mindhub.homebanking.HomebankingApplicationTest" time="0.001"/>
  <testcase name="repetition 1459 of 5000" classname="com.mindhub.homebanking.HomebankingApplicationTest" time="0.001"/>
  <testcase name="repetition 1460 of 5000" classname="com.mindhub.homebanking.HomebankingApplicationTest" time="0.0"/>
  <testcase name="repetition 1461 of 5000" classname="com.mindhub.homebanking.HomebankingApplicationTest" time="0.0"/>
  <testcase name="repetition 1462 of 5000" classname="com.mindhub.homebanking.HomebankingApplicationTest" time="0.001"/>
  <testcase name="repetition 1463 of 5000" classname="com.mindhub.homebanking.HomebankingApplicationTest" time="0.0"/>
  <testcase name="repetition 1464 of 5000" classname="com.mindhub.homebanking.HomebankingApplicationTest" time="0.003"/>
  <testcase name="repetition 1465 of 5000" classname="com.mindhub.homebanking.HomebankingApplicationTest" time="0.001"/>
  <testcase name="repetition 1466 of 5000" classname="com.mindhub.homebanking.HomebankingApplicationTest" time="0.001"/>
  <testcase name="repetition 1467 of 5000" classname="com.mindhub.homebanking.HomebankingApplicationTest" time="0.001"/>
  <testcase name="repetition 1468 of 5000" classname="com.mindhub.homebanking.HomebankingApplicationTest" time="0.0"/>
  <testcase name="repetition 1469 of 5000" classname="com.mindhub.homebanking.HomebankingApplicationTest" time="0.0"/>
  <testcase name="repetition 1470 of 5000" classname="com.mindhub.homebanking.HomebankingApplicationTest" time="0.001"/>
  <testcase name="repetition 1471 of 5000" classname="com.mindhub.homebanking.HomebankingApplicationTest" time="0.0"/>
  <testcase name="repetition 1472 of 5000" classname="com.mindhub.homebanking.HomebankingApplicationTest" time="0.001"/>
  <testcase name="repetition 1473 of 5000" classname="com.mindhub.homebanking.HomebankingApplicationTest" time="0.001"/>
  <testcase name="repetition 1474 of 5000" classname="com.mindhub.homebanking.HomebankingApplicationTest" time="0.001"/>
  <testcase name="repetition 1475 of 5000" classname="com.mindhub.homebanking.HomebankingApplicationTest" time="0.0"/>
  <testcase name="repetition 1476 of 5000" classname="com.mindhub.homebanking.HomebankingApplicationTest" time="0.001"/>
  <testcase name="repetition 1477 of 5000" classname="com.mindhub.homebanking.HomebankingApplicationTest" time="0.001"/>
  <testcase name="repetition 1478 of 5000" classname="com.mindhub.homebanking.HomebankingApplicationTest" time="0.001"/>
  <testcase name="repetition 1479 of 5000" classname="com.mindhub.homebanking.HomebankingApplicationTest" time="0.0"/>
  <testcase name="repetition 1480 of 5000" classname="com.mindhub.homebanking.HomebankingApplicationTest" time="0.001"/>
  <testcase name="repetition 1481 of 5000" classname="com.mindhub.homebanking.HomebankingApplicationTest" time="0.0"/>
  <testcase name="repetition 1482 of 5000" classname="com.mindhub.homebanking.HomebankingApplicationTest" time="0.0"/>
  <testcase name="repetition 1483 of 5000" classname="com.mindhub.homebanking.HomebankingApplicationTest" time="0.001"/>
  <testcase name="repetition 1484 of 5000" classname="com.mindhub.homebanking.HomebankingApplicationTest" time="0.0"/>
  <testcase name="repetition 1485 of 5000" classname="com.mindhub.homebanking.HomebankingApplicationTest" time="0.001"/>
  <testcase name="repetition 1486 of 5000" classname="com.mindhub.homebanking.HomebankingApplicationTest" time="0.0"/>
  <testcase name="repetition 1487 of 5000" classname="com.mindhub.homebanking.HomebankingApplicationTest" time="0.0"/>
  <testcase name="repetition 1488 of 5000" classname="com.mindhub.homebanking.HomebankingApplicationTest" time="0.001"/>
  <testcase name="repetition 1489 of 5000" classname="com.mindhub.homebanking.HomebankingApplicationTest" time="0.002"/>
  <testcase name="repetition 1490 of 5000" classname="com.mindhub.homebanking.HomebankingApplicationTest" time="0.001"/>
  <testcase name="repetition 1491 of 5000" classname="com.mindhub.homebanking.HomebankingApplicationTest" time="0.001"/>
  <testcase name="repetition 1492 of 5000" classname="com.mindhub.homebanking.HomebankingApplicationTest" time="0.001"/>
  <testcase name="repetition 1493 of 5000" classname="com.mindhub.homebanking.HomebankingApplicationTest" time="0.001"/>
  <testcase name="repetition 1494 of 5000" classname="com.mindhub.homebanking.HomebankingApplicationTest" time="0.001"/>
  <testcase name="repetition 1495 of 5000" classname="com.mindhub.homebanking.HomebankingApplicationTest" time="0.001"/>
  <testcase name="repetition 1496 of 5000" classname="com.mindhub.homebanking.HomebankingApplicationTest" time="0.001"/>
  <testcase name="repetition 1497 of 5000" classname="com.mindhub.homebanking.HomebankingApplicationTest" time="0.001"/>
  <testcase name="repetition 1498 of 5000" classname="com.mindhub.homebanking.HomebankingApplicationTest" time="0.001"/>
  <testcase name="repetition 1499 of 5000" classname="com.mindhub.homebanking.HomebankingApplicationTest" time="0.001"/>
  <testcase name="repetition 1500 of 5000" classname="com.mindhub.homebanking.HomebankingApplicationTest" time="0.001"/>
  <testcase name="repetition 1501 of 5000" classname="com.mindhub.homebanking.HomebankingApplicationTest" time="0.001"/>
  <testcase name="repetition 1502 of 5000" classname="com.mindhub.homebanking.HomebankingApplicationTest" time="0.001"/>
  <testcase name="repetition 1503 of 5000" classname="com.mindhub.homebanking.HomebankingApplicationTest" time="0.002"/>
  <testcase name="repetition 1504 of 5000" classname="com.mindhub.homebanking.HomebankingApplicationTest" time="0.001"/>
  <testcase name="repetition 1505 of 5000" classname="com.mindhub.homebanking.HomebankingApplicationTest" time="0.001"/>
  <testcase name="repetition 1506 of 5000" classname="com.mindhub.homebanking.HomebankingApplicationTest" time="0.001"/>
  <testcase name="repetition 1507 of 5000" classname="com.mindhub.homebanking.HomebankingApplicationTest" time="0.001"/>
  <testcase name="repetition 1508 of 5000" classname="com.mindhub.homebanking.HomebankingApplicationTest" time="0.0"/>
  <testcase name="repetition 1509 of 5000" classname="com.mindhub.homebanking.HomebankingApplicationTest" time="0.0"/>
  <testcase name="repetition 1510 of 5000" classname="com.mindhub.homebanking.HomebankingApplicationTest" time="0.002"/>
  <testcase name="repetition 1511 of 5000" classname="com.mindhub.homebanking.HomebankingApplicationTest" time="0.002"/>
  <testcase name="repetition 1512 of 5000" classname="com.mindhub.homebanking.HomebankingApplicationTest" time="0.001"/>
  <testcase name="repetition 1513 of 5000" classname="com.mindhub.homebanking.HomebankingApplicationTest" time="0.001"/>
  <testcase name="repetition 1514 of 5000" classname="com.mindhub.homebanking.HomebankingApplicationTest" time="0.001"/>
  <testcase name="repetition 1515 of 5000" classname="com.mindhub.homebanking.HomebankingApplicationTest" time="0.0"/>
  <testcase name="repetition 1516 of 5000" classname="com.mindhub.homebanking.HomebankingApplicationTest" time="0.001"/>
  <testcase name="repetition 1517 of 5000" classname="com.mindhub.homebanking.HomebankingApplicationTest" time="0.001"/>
  <testcase name="repetition 1518 of 5000" classname="com.mindhub.homebanking.HomebankingApplicationTest" time="0.001"/>
  <testcase name="repetition 1519 of 5000" classname="com.mindhub.homebanking.HomebankingApplicationTest" time="0.0"/>
  <testcase name="repetition 1520 of 5000" classname="com.mindhub.homebanking.HomebankingApplicationTest" time="0.0"/>
  <testcase name="repetition 1521 of 5000" classname="com.mindhub.homebanking.HomebankingApplicationTest" time="0.001"/>
  <testcase name="repetition 1522 of 5000" classname="com.mindhub.homebanking.HomebankingApplicationTest" time="0.001"/>
  <testcase name="repetition 1523 of 5000" classname="com.mindhub.homebanking.HomebankingApplicationTest" time="0.001"/>
  <testcase name="repetition 1524 of 5000" classname="com.mindhub.homebanking.HomebankingApplicationTest" time="0.001"/>
  <testcase name="repetition 1525 of 5000" classname="com.mindhub.homebanking.HomebankingApplicationTest" time="0.001"/>
  <testcase name="repetition 1526 of 5000" classname="com.mindhub.homebanking.HomebankingApplicationTest" time="0.0"/>
  <testcase name="repetition 1527 of 5000" classname="com.mindhub.homebanking.HomebankingApplicationTest" time="0.001"/>
  <testcase name="repetition 1528 of 5000" classname="com.mindhub.homebanking.HomebankingApplicationTest" time="0.001"/>
  <testcase name="repetition 1529 of 5000" classname="com.mindhub.homebanking.HomebankingApplicationTest" time="0.001"/>
  <testcase name="repetition 1530 of 5000" classname="com.mindhub.homebanking.HomebankingApplicationTest" time="0.001"/>
  <testcase name="repetition 1531 of 5000" classname="com.mindhub.homebanking.HomebankingApplicationTest" time="0.001"/>
  <testcase name="repetition 1532 of 5000" classname="com.mindhub.homebanking.HomebankingApplicationTest" time="0.001"/>
  <testcase name="repetition 1533 of 5000" classname="com.mindhub.homebanking.HomebankingApplicationTest" time="0.001"/>
  <testcase name="repetition 1534 of 5000" classname="com.mindhub.homebanking.HomebankingApplicationTest" time="0.0"/>
  <testcase name="repetition 1535 of 5000" classname="com.mindhub.homebanking.HomebankingApplicationTest" time="0.0"/>
  <testcase name="repetition 1536 of 5000" classname="com.mindhub.homebanking.HomebankingApplicationTest" time="0.001"/>
  <testcase name="repetition 1537 of 5000" classname="com.mindhub.homebanking.HomebankingApplicationTest" time="0.001"/>
  <testcase name="repetition 1538 of 5000" classname="com.mindhub.homebanking.HomebankingApplicationTest" time="0.001"/>
  <testcase name="repetition 1539 of 5000" classname="com.mindhub.homebanking.HomebankingApplicationTest" time="0.001"/>
  <testcase name="repetition 1540 of 5000" classname="com.mindhub.homebanking.HomebankingApplicationTest" time="0.002"/>
  <testcase name="repetition 1541 of 5000" classname="com.mindhub.homebanking.HomebankingApplicationTest" time="0.001"/>
  <testcase name="repetition 1542 of 5000" classname="com.mindhub.homebanking.HomebankingApplicationTest" time="0.001"/>
  <testcase name="repetition 1543 of 5000" classname="com.mindhub.homebanking.HomebankingApplicationTest" time="0.001"/>
  <testcase name="repetition 1544 of 5000" classname="com.mindhub.homebanking.HomebankingApplicationTest" time="0.001"/>
  <testcase name="repetition 1545 of 5000" classname="com.mindhub.homebanking.HomebankingApplicationTest" time="0.001"/>
  <testcase name="repetition 1546 of 5000" classname="com.mindhub.homebanking.HomebankingApplicationTest" time="0.001"/>
  <testcase name="repetition 1547 of 5000" classname="com.mindhub.homebanking.HomebankingApplicationTest" time="0.001"/>
  <testcase name="repetition 1548 of 5000" classname="com.mindhub.homebanking.HomebankingApplicationTest" time="0.001"/>
  <testcase name="repetition 1549 of 5000" classname="com.mindhub.homebanking.HomebankingApplicationTest" time="0.001"/>
  <testcase name="repetition 1550 of 5000" classname="com.mindhub.homebanking.HomebankingApplicationTest" time="0.001"/>
  <testcase name="repetition 1551 of 5000" classname="com.mindhub.homebanking.HomebankingApplicationTest" time="0.001"/>
  <testcase name="repetition 1552 of 5000" classname="com.mindhub.homebanking.HomebankingApplicationTest" time="0.002"/>
  <testcase name="repetition 1553 of 5000" classname="com.mindhub.homebanking.HomebankingApplicationTest" time="0.001"/>
  <testcase name="repetition 1554 of 5000" classname="com.mindhub.homebanking.HomebankingApplicationTest" time="0.001"/>
  <testcase name="repetition 1555 of 5000" classname="com.mindhub.homebanking.HomebankingApplicationTest" time="0.001"/>
  <testcase name="repetition 1556 of 5000" classname="com.mindhub.homebanking.HomebankingApplicationTest" time="0.001"/>
  <testcase name="repetition 1557 of 5000" classname="com.mindhub.homebanking.HomebankingApplicationTest" time="0.001"/>
  <testcase name="repetition 1558 of 5000" classname="com.mindhub.homebanking.HomebankingApplicationTest" time="0.001"/>
  <testcase name="repetition 1559 of 5000" classname="com.mindhub.homebanking.HomebankingApplicationTest" time="0.001"/>
  <testcase name="repetition 1560 of 5000" classname="com.mindhub.homebanking.HomebankingApplicationTest" time="0.001"/>
  <testcase name="repetition 1561 of 5000" classname="com.mindhub.homebanking.HomebankingApplicationTest" time="0.001"/>
  <testcase name="repetition 1562 of 5000" classname="com.mindhub.homebanking.HomebankingApplicationTest" time="0.001"/>
  <testcase name="repetition 1563 of 5000" classname="com.mindhub.homebanking.HomebankingApplicationTest" time="0.001"/>
  <testcase name="repetition 1564 of 5000" classname="com.mindhub.homebanking.HomebankingApplicationTest" time="0.001"/>
  <testcase name="repetition 1565 of 5000" classname="com.mindhub.homebanking.HomebankingApplicationTest" time="0.001"/>
  <testcase name="repetition 1566 of 5000" classname="com.mindhub.homebanking.HomebankingApplicationTest" time="0.001"/>
  <testcase name="repetition 1567 of 5000" classname="com.mindhub.homebanking.HomebankingApplicationTest" time="0.001"/>
  <testcase name="repetition 1568 of 5000" classname="com.mindhub.homebanking.HomebankingApplicationTest" time="0.001"/>
  <testcase name="repetition 1569 of 5000" classname="com.mindhub.homebanking.HomebankingApplicationTest" time="0.0"/>
  <testcase name="repetition 1570 of 5000" classname="com.mindhub.homebanking.HomebankingApplicationTest" time="0.0"/>
  <testcase name="repetition 1571 of 5000" classname="com.mindhub.homebanking.HomebankingApplicationTest" time="0.0"/>
  <testcase name="repetition 1572 of 5000" classname="com.mindhub.homebanking.HomebankingApplicationTest" time="0.001"/>
  <testcase name="repetition 1573 of 5000" classname="com.mindhub.homebanking.HomebankingApplicationTest" time="0.001"/>
  <testcase name="repetition 1574 of 5000" classname="com.mindhub.homebanking.HomebankingApplicationTest" time="0.001"/>
  <testcase name="repetition 1575 of 5000" classname="com.mindhub.homebanking.HomebankingApplicationTest" time="0.0"/>
  <testcase name="repetition 1576 of 5000" classname="com.mindhub.homebanking.HomebankingApplicationTest" time="0.002"/>
  <testcase name="repetition 1577 of 5000" classname="com.mindhub.homebanking.HomebankingApplicationTest" time="0.002"/>
  <testcase name="repetition 1578 of 5000" classname="com.mindhub.homebanking.HomebankingApplicationTest" time="0.001"/>
  <testcase name="repetition 1579 of 5000" classname="com.mindhub.homebanking.HomebankingApplicationTest" time="0.0"/>
  <testcase name="repetition 1580 of 5000" classname="com.mindhub.homebanking.HomebankingApplicationTest" time="0.001"/>
  <testcase name="repetition 1581 of 5000" classname="com.mindhub.homebanking.HomebankingApplicationTest" time="0.001"/>
  <testcase name="repetition 1582 of 5000" classname="com.mindhub.homebanking.HomebankingApplicationTest" time="0.001"/>
  <testcase name="repetition 1583 of 5000" classname="com.mindhub.homebanking.HomebankingApplicationTest" time="0.0"/>
  <testcase name="repetition 1584 of 5000" classname="com.mindhub.homebanking.HomebankingApplicationTest" time="0.0"/>
  <testcase name="repetition 1585 of 5000" classname="com.mindhub.homebanking.HomebankingApplicationTest" time="0.001"/>
  <testcase name="repetition 1586 of 5000" classname="com.mindhub.homebanking.HomebankingApplicationTest" time="0.001"/>
  <testcase name="repetition 1587 of 5000" classname="com.mindhub.homebanking.HomebankingApplicationTest" time="0.001"/>
  <testcase name="repetition 1588 of 5000" classname="com.mindhub.homebanking.HomebankingApplicationTest" time="0.001"/>
  <testcase name="repetition 1589 of 5000" classname="com.mindhub.homebanking.HomebankingApplicationTest" time="0.001"/>
  <testcase name="repetition 1590 of 5000" classname="com.mindhub.homebanking.HomebankingApplicationTest" time="0.001"/>
  <testcase name="repetition 1591 of 5000" classname="com.mindhub.homebanking.HomebankingApplicationTest" time="0.001"/>
  <testcase name="repetition 1592 of 5000" classname="com.mindhub.homebanking.HomebankingApplicationTest" time="0.001"/>
  <testcase name="repetition 1593 of 5000" classname="com.mindhub.homebanking.HomebankingApplicationTest" time="0.001"/>
  <testcase name="repetition 1594 of 5000" classname="com.mindhub.homebanking.HomebankingApplicationTest" time="0.0"/>
  <testcase name="repetition 1595 of 5000" classname="com.mindhub.homebanking.HomebankingApplicationTest" time="0.001"/>
  <testcase name="repetition 1596 of 5000" classname="com.mindhub.homebanking.HomebankingApplicationTest" time="0.001"/>
  <testcase name="repetition 1597 of 5000" classname="com.mindhub.homebanking.HomebankingApplicationTest" time="0.001"/>
  <testcase name="repetition 1598 of 5000" classname="com.mindhub.homebanking.HomebankingApplicationTest" time="0.0"/>
  <testcase name="repetition 1599 of 5000" classname="com.mindhub.homebanking.HomebankingApplicationTest" time="0.0"/>
  <testcase name="repetition 1600 of 5000" classname="com.mindhub.homebanking.HomebankingApplicationTest" time="0.002"/>
  <testcase name="repetition 1601 of 5000" classname="com.mindhub.homebanking.HomebankingApplicationTest" time="0.001"/>
  <testcase name="repetition 1602 of 5000" classname="com.mindhub.homebanking.HomebankingApplicationTest" time="0.0"/>
  <testcase name="repetition 1603 of 5000" classname="com.mindhub.homebanking.HomebankingApplicationTest" time="0.0"/>
  <testcase name="repetition 1604 of 5000" classname="com.mindhub.homebanking.HomebankingApplicationTest" time="0.001"/>
  <testcase name="repetition 1605 of 5000" classname="com.mindhub.homebanking.HomebankingApplicationTest" time="0.001"/>
  <testcase name="repetition 1606 of 5000" classname="com.mindhub.homebanking.HomebankingApplicationTest" time="0.001"/>
  <testcase name="repetition 1607 of 5000" classname="com.mindhub.homebanking.HomebankingApplicationTest" time="0.001"/>
  <testcase name="repetition 1608 of 5000" classname="com.mindhub.homebanking.HomebankingApplicationTest" time="0.001"/>
  <testcase name="repetition 1609 of 5000" classname="com.mindhub.homebanking.HomebankingApplicationTest" time="0.0"/>
  <testcase name="repetition 1610 of 5000" classname="com.mindhub.homebanking.HomebankingApplicationTest" time="0.001"/>
  <testcase name="repetition 1611 of 5000" classname="com.mindhub.homebanking.HomebankingApplicationTest" time="0.002"/>
  <testcase name="repetition 1612 of 5000" classname="com.mindhub.homebanking.HomebankingApplicationTest" time="0.001"/>
  <testcase name="repetition 1613 of 5000" classname="com.mindhub.homebanking.HomebankingApplicationTest" time="0.001"/>
  <testcase name="repetition 1614 of 5000" classname="com.mindhub.homebanking.HomebankingApplicationTest" time="0.001"/>
  <testcase name="repetition 1615 of 5000" classname="com.mindhub.homebanking.HomebankingApplicationTest" time="0.001"/>
  <testcase name="repetition 1616 of 5000" classname="com.mindhub.homebanking.HomebankingApplicationTest" time="0.001"/>
  <testcase name="repetition 1617 of 5000" classname="com.mindhub.homebanking.HomebankingApplicationTest" time="0.001"/>
  <testcase name="repetition 1618 of 5000" classname="com.mindhub.homebanking.HomebankingApplicationTest" time="0.002"/>
  <testcase name="repetition 1619 of 5000" classname="com.mindhub.homebanking.HomebankingApplicationTest" time="0.001"/>
  <testcase name="repetition 1620 of 5000" classname="com.mindhub.homebanking.HomebankingApplicationTest" time="0.001"/>
  <testcase name="repetition 1621 of 5000" classname="com.mindhub.homebanking.HomebankingApplicationTest" time="0.001"/>
  <testcase name="repetition 1622 of 5000" classname="com.mindhub.homebanking.HomebankingApplicationTest" time="0.002"/>
  <testcase name="repetition 1623 of 5000" classname="com.mindhub.homebanking.HomebankingApplicationTest" time="0.001"/>
  <testcase name="repetition 1624 of 5000" classname="com.mindhub.homebanking.HomebankingApplicationTest" time="0.0"/>
  <testcase name="repetition 1625 of 5000" classname="com.mindhub.homebanking.HomebankingApplicationTest" time="0.0"/>
  <testcase name="repetition 1626 of 5000" classname="com.mindhub.homebanking.HomebankingApplicationTest" time="0.001"/>
  <testcase name="repetition 1627 of 5000" classname="com.mindhub.homebanking.HomebankingApplicationTest" time="0.0"/>
  <testcase name="repetition 1628 of 5000" classname="com.mindhub.homebanking.HomebankingApplicationTest" time="0.001"/>
  <testcase name="repetition 1629 of 5000" classname="com.mindhub.homebanking.HomebankingApplicationTest" time="0.0"/>
  <testcase name="repetition 1630 of 5000" classname="com.mindhub.homebanking.HomebankingApplicationTest" time="0.001"/>
  <testcase name="repetition 1631 of 5000" classname="com.mindhub.homebanking.HomebankingApplicationTest" time="0.001"/>
  <testcase name="repetition 1632 of 5000" classname="com.mindhub.homebanking.HomebankingApplicationTest" time="0.001"/>
  <testcase name="repetition 1633 of 5000" classname="com.mindhub.homebanking.HomebankingApplicationTest" time="0.001"/>
  <testcase name="repetition 1634 of 5000" classname="com.mindhub.homebanking.HomebankingApplicationTest" time="0.001"/>
  <testcase name="repetition 1635 of 5000" classname="com.mindhub.homebanking.HomebankingApplicationTest" time="0.0"/>
  <testcase name="repetition 1636 of 5000" classname="com.mindhub.homebanking.HomebankingApplicationTest" time="0.001"/>
  <testcase name="repetition 1637 of 5000" classname="com.mindhub.homebanking.HomebankingApplicationTest" time="0.001"/>
  <testcase name="repetition 1638 of 5000" classname="com.mindhub.homebanking.HomebankingApplicationTest" time="0.002"/>
  <testcase name="repetition 1639 of 5000" classname="com.mindhub.homebanking.HomebankingApplicationTest" time="0.002"/>
  <testcase name="repetition 1640 of 5000" classname="com.mindhub.homebanking.HomebankingApplicationTest" time="0.002"/>
  <testcase name="repetition 1641 of 5000" classname="com.mindhub.homebanking.HomebankingApplicationTest" time="0.003"/>
  <testcase name="repetition 1642 of 5000" classname="com.mindhub.homebanking.HomebankingApplicationTest" time="0.002"/>
  <testcase name="repetition 1643 of 5000" classname="com.mindhub.homebanking.HomebankingApplicationTest" time="0.002"/>
  <testcase name="repetition 1644 of 5000" classname="com.mindhub.homebanking.HomebankingApplicationTest" time="0.002"/>
  <testcase name="repetition 1645 of 5000" classname="com.mindhub.homebanking.HomebankingApplicationTest" time="0.001"/>
  <testcase name="repetition 1646 of 5000" classname="com.mindhub.homebanking.HomebankingApplicationTest" time="0.002"/>
  <testcase name="repetition 1647 of 5000" classname="com.mindhub.homebanking.HomebankingApplicationTest" time="0.002"/>
  <testcase name="repetition 1648 of 5000" classname="com.mindhub.homebanking.HomebankingApplicationTest" time="0.001"/>
  <testcase name="repetition 1649 of 5000" classname="com.mindhub.homebanking.HomebankingApplicationTest" time="0.001"/>
  <testcase name="repetition 1650 of 5000" classname="com.mindhub.homebanking.HomebankingApplicationTest" time="0.002"/>
  <testcase name="repetition 1651 of 5000" classname="com.mindhub.homebanking.HomebankingApplicationTest" time="0.001"/>
  <testcase name="repetition 1652 of 5000" classname="com.mindhub.homebanking.HomebankingApplicationTest" time="0.001"/>
  <testcase name="repetition 1653 of 5000" classname="com.mindhub.homebanking.HomebankingApplicationTest" time="0.002"/>
  <testcase name="repetition 1654 of 5000" classname="com.mindhub.homebanking.HomebankingApplicationTest" time="0.001"/>
  <testcase name="repetition 1655 of 5000" classname="com.mindhub.homebanking.HomebankingApplicationTest" time="0.002"/>
  <testcase name="repetition 1656 of 5000" classname="com.mindhub.homebanking.HomebankingApplicationTest" time="0.001"/>
  <testcase name="repetition 1657 of 5000" classname="com.mindhub.homebanking.HomebankingApplicationTest" time="0.001"/>
  <testcase name="repetition 1658 of 5000" classname="com.mindhub.homebanking.HomebankingApplicationTest" time="0.002"/>
  <testcase name="repetition 1659 of 5000" classname="com.mindhub.homebanking.HomebankingApplicationTest" time="0.002"/>
  <testcase name="repetition 1660 of 5000" classname="com.mindhub.homebanking.HomebankingApplicationTest" time="0.001"/>
  <testcase name="repetition 1661 of 5000" classname="com.mindhub.homebanking.HomebankingApplicationTest" time="0.002"/>
  <testcase name="repetition 1662 of 5000" classname="com.mindhub.homebanking.HomebankingApplicationTest" time="0.001"/>
  <testcase name="repetition 1663 of 5000" classname="com.mindhub.homebanking.HomebankingApplicationTest" time="0.002"/>
  <testcase name="repetition 1664 of 5000" classname="com.mindhub.homebanking.HomebankingApplicationTest" time="0.002"/>
  <testcase name="repetition 1665 of 5000" classname="com.mindhub.homebanking.HomebankingApplicationTest" time="0.001"/>
  <testcase name="repetition 1666 of 5000" classname="com.mindhub.homebanking.HomebankingApplicationTest" time="0.001"/>
  <testcase name="repetition 1667 of 5000" classname="com.mindhub.homebanking.HomebankingApplicationTest" time="0.001"/>
  <testcase name="repetition 1668 of 5000" classname="com.mindhub.homebanking.HomebankingApplicationTest" time="0.001"/>
  <testcase name="repetition 1669 of 5000" classname="com.mindhub.homebanking.HomebankingApplicationTest" time="0.001"/>
  <testcase name="repetition 1670 of 5000" classname="com.mindhub.homebanking.HomebankingApplicationTest" time="0.001"/>
  <testcase name="repetition 1671 of 5000" classname="com.mindhub.homebanking.HomebankingApplicationTest" time="0.001"/>
  <testcase name="repetition 1672 of 5000" classname="com.mindhub.homebanking.HomebankingApplicationTest" time="0.0"/>
  <testcase name="repetition 1673 of 5000" classname="com.mindhub.homebanking.HomebankingApplicationTest" time="0.001"/>
  <testcase name="repetition 1674 of 5000" classname="com.mindhub.homebanking.HomebankingApplicationTest" time="0.001"/>
  <testcase name="repetition 1675 of 5000" classname="com.mindhub.homebanking.HomebankingApplicationTest" time="0.002"/>
  <testcase name="repetition 1676 of 5000" classname="com.mindhub.homebanking.HomebankingApplicationTest" time="0.002"/>
  <testcase name="repetition 1677 of 5000" classname="com.mindhub.homebanking.HomebankingApplicationTest" time="0.001"/>
  <testcase name="repetition 1678 of 5000" classname="com.mindhub.homebanking.HomebankingApplicationTest" time="0.002"/>
  <testcase name="repetition 1679 of 5000" classname="com.mindhub.homebanking.HomebankingApplicationTest" time="0.001"/>
  <testcase name="repetition 1680 of 5000" classname="com.mindhub.homebanking.HomebankingApplicationTest" time="0.001"/>
  <testcase name="repetition 1681 of 5000" classname="com.mindhub.homebanking.HomebankingApplicationTest" time="0.001"/>
  <testcase name="repetition 1682 of 5000" classname="com.mindhub.homebanking.HomebankingApplicationTest" time="0.001"/>
  <testcase name="repetition 1683 of 5000" classname="com.mindhub.homebanking.HomebankingApplicationTest" time="0.002"/>
  <testcase name="repetition 1684 of 5000" classname="com.mindhub.homebanking.HomebankingApplicationTest" time="0.001"/>
  <testcase name="repetition 1685 of 5000" classname="com.mindhub.homebanking.HomebankingApplicationTest" time="0.002"/>
  <testcase name="repetition 1686 of 5000" classname="com.mindhub.homebanking.HomebankingApplicationTest" time="0.002"/>
  <testcase name="repetition 1687 of 5000" classname="com.mindhub.homebanking.HomebankingApplicationTest" time="0.002"/>
  <testcase name="repetition 1688 of 5000" classname="com.mindhub.homebanking.HomebankingApplicationTest" time="0.002"/>
  <testcase name="repetition 1689 of 5000" classname="com.mindhub.homebanking.HomebankingApplicationTest" time="0.002"/>
  <testcase name="repetition 1690 of 5000" classname="com.mindhub.homebanking.HomebankingApplicationTest" time="0.002"/>
  <testcase name="repetition 1691 of 5000" classname="com.mindhub.homebanking.HomebankingApplicationTest" time="0.002"/>
  <testcase name="repetition 1692 of 5000" classname="com.mindhub.homebanking.HomebankingApplicationTest" time="0.002"/>
  <testcase name="repetition 1693 of 5000" classname="com.mindhub.homebanking.HomebankingApplicationTest" time="0.002"/>
  <testcase name="repetition 1694 of 5000" classname="com.mindhub.homebanking.HomebankingApplicationTest" time="0.002"/>
  <testcase name="repetition 1695 of 5000" classname="com.mindhub.homebanking.HomebankingApplicationTest" time="0.001"/>
  <testcase name="repetition 1696 of 5000" classname="com.mindhub.homebanking.HomebankingApplicationTest" time="0.001"/>
  <testcase name="repetition 1697 of 5000" classname="com.mindhub.homebanking.HomebankingApplicationTest" time="0.002"/>
  <testcase name="repetition 1698 of 5000" classname="com.mindhub.homebanking.HomebankingApplicationTest" time="0.001"/>
  <testcase name="repetition 1699 of 5000" classname="com.mindhub.homebanking.HomebankingApplicationTest" time="0.002"/>
  <testcase name="repetition 1700 of 5000" classname="com.mindhub.homebanking.HomebankingApplicationTest" time="0.002"/>
  <testcase name="repetition 1701 of 5000" classname="com.mindhub.homebanking.HomebankingApplicationTest" time="0.001"/>
  <testcase name="repetition 1702 of 5000" classname="com.mindhub.homebanking.HomebankingApplicationTest" time="0.001"/>
  <testcase name="repetition 1703 of 5000" classname="com.mindhub.homebanking.HomebankingApplicationTest" time="0.002"/>
  <testcase name="repetition 1704 of 5000" classname="com.mindhub.homebanking.HomebankingApplicationTest" time="0.002"/>
  <testcase name="repetition 1705 of 5000" classname="com.mindhub.homebanking.HomebankingApplicationTest" time="0.002"/>
  <testcase name="repetition 1706 of 5000" classname="com.mindhub.homebanking.HomebankingApplicationTest" time="0.002"/>
  <testcase name="repetition 1707 of 5000" classname="com.mindhub.homebanking.HomebankingApplicationTest" time="0.002"/>
  <testcase name="repetition 1708 of 5000" classname="com.mindhub.homebanking.HomebankingApplicationTest" time="0.002"/>
  <testcase name="repetition 1709 of 5000" classname="com.mindhub.homebanking.HomebankingApplicationTest" time="0.002"/>
  <testcase name="repetition 1710 of 5000" classname="com.mindhub.homebanking.HomebankingApplicationTest" time="0.001"/>
  <testcase name="repetition 1711 of 5000" classname="com.mindhub.homebanking.HomebankingApplicationTest" time="0.001"/>
  <testcase name="repetition 1712 of 5000" classname="com.mindhub.homebanking.HomebankingApplicationTest" time="0.001"/>
  <testcase name="repetition 1713 of 5000" classname="com.mindhub.homebanking.HomebankingApplicationTest" time="0.001"/>
  <testcase name="repetition 1714 of 5000" classname="com.mindhub.homebanking.HomebankingApplicationTest" time="0.0"/>
  <testcase name="repetition 1715 of 5000" classname="com.mindhub.homebanking.HomebankingApplicationTest" time="0.001"/>
  <testcase name="repetition 1716 of 5000" classname="com.mindhub.homebanking.HomebankingApplicationTest" time="0.001"/>
  <testcase name="repetition 1717 of 5000" classname="com.mindhub.homebanking.HomebankingApplicationTest" time="0.001"/>
  <testcase name="repetition 1718 of 5000" classname="com.mindhub.homebanking.HomebankingApplicationTest" time="0.001"/>
  <testcase name="repetition 1719 of 5000" classname="com.mindhub.homebanking.HomebankingApplicationTest" time="0.0"/>
  <testcase name="repetition 1720 of 5000" classname="com.mindhub.homebanking.HomebankingApplicationTest" time="0.001"/>
  <testcase name="repetition 1721 of 5000" classname="com.mindhub.homebanking.HomebankingApplicationTest" time="0.002"/>
  <testcase name="repetition 1722 of 5000" classname="com.mindhub.homebanking.HomebankingApplicationTest" time="0.001"/>
  <testcase name="repetition 1723 of 5000" classname="com.mindhub.homebanking.HomebankingApplicationTest" time="0.001"/>
  <testcase name="repetition 1724 of 5000" classname="com.mindhub.homebanking.HomebankingApplicationTest" time="0.001"/>
  <testcase name="repetition 1725 of 5000" classname="com.mindhub.homebanking.HomebankingApplicationTest" time="0.001"/>
  <testcase name="repetition 1726 of 5000" classname="com.mindhub.homebanking.HomebankingApplicationTest" time="0.002"/>
  <testcase name="repetition 1727 of 5000" classname="com.mindhub.homebanking.HomebankingApplicationTest" time="0.001"/>
  <testcase name="repetition 1728 of 5000" classname="com.mindhub.homebanking.HomebankingApplicationTest" time="0.001"/>
  <testcase name="repetition 1729 of 5000" classname="com.mindhub.homebanking.HomebankingApplicationTest" time="0.001"/>
  <testcase name="repetition 1730 of 5000" classname="com.mindhub.homebanking.HomebankingApplicationTest" time="0.001"/>
  <testcase name="repetition 1731 of 5000" classname="com.mindhub.homebanking.HomebankingApplicationTest" time="0.002"/>
  <testcase name="repetition 1732 of 5000" classname="com.mindhub.homebanking.HomebankingApplicationTest" time="0.002"/>
  <testcase name="repetition 1733 of 5000" classname="com.mindhub.homebanking.HomebankingApplicationTest" time="0.002"/>
  <testcase name="repetition 1734 of 5000" classname="com.mindhub.homebanking.HomebankingApplicationTest" time="0.002"/>
  <testcase name="repetition 1735 of 5000" classname="com.mindhub.homebanking.HomebankingApplicationTest" time="0.002"/>
  <testcase name="repetition 1736 of 5000" classname="com.mindhub.homebanking.HomebankingApplicationTest" time="0.002"/>
  <testcase name="repetition 1737 of 5000" classname="com.mindhub.homebanking.HomebankingApplicationTest" time="0.003"/>
  <testcase name="repetition 1738 of 5000" classname="com.mindhub.homebanking.HomebankingApplicationTest" time="0.001"/>
  <testcase name="repetition 1739 of 5000" classname="com.mindhub.homebanking.HomebankingApplicationTest" time="0.002"/>
  <testcase name="repetition 1740 of 5000" classname="com.mindhub.homebanking.HomebankingApplicationTest" time="0.001"/>
  <testcase name="repetition 1741 of 5000" classname="com.mindhub.homebanking.HomebankingApplicationTest" time="0.001"/>
  <testcase name="repetition 1742 of 5000" classname="com.mindhub.homebanking.HomebankingApplicationTest" time="0.001"/>
  <testcase name="repetition 1743 of 5000" classname="com.mindhub.homebanking.HomebankingApplicationTest" time="0.001"/>
  <testcase name="repetition 1744 of 5000" classname="com.mindhub.homebanking.HomebankingApplicationTest" time="0.001"/>
  <testcase name="repetition 1745 of 5000" classname="com.mindhub.homebanking.HomebankingApplicationTest" time="0.001"/>
  <testcase name="repetition 1746 of 5000" classname="com.mindhub.homebanking.HomebankingApplicationTest" time="0.001"/>
  <testcase name="repetition 1747 of 5000" classname="com.mindhub.homebanking.HomebankingApplicationTest" time="0.003"/>
  <testcase name="repetition 1748 of 5000" classname="com.mindhub.homebanking.HomebankingApplicationTest" time="0.006"/>
  <testcase name="repetition 1749 of 5000" classname="com.mindhub.homebanking.HomebankingApplicationTest" time="0.002"/>
  <testcase name="repetition 1750 of 5000" classname="com.mindhub.homebanking.HomebankingApplicationTest" time="0.001"/>
  <testcase name="repetition 1751 of 5000" classname="com.mindhub.homebanking.HomebankingApplicationTest" time="0.001"/>
  <testcase name="repetition 1752 of 5000" classname="com.mindhub.homebanking.HomebankingApplicationTest" time="0.001"/>
  <testcase name="repetition 1753 of 5000" classname="com.mindhub.homebanking.HomebankingApplicationTest" time="0.003"/>
  <testcase name="repetition 1754 of 5000" classname="com.mindhub.homebanking.HomebankingApplicationTest" time="0.002"/>
  <testcase name="repetition 1755 of 5000" classname="com.mindhub.homebanking.HomebankingApplicationTest" time="0.001"/>
  <testcase name="repetition 1756 of 5000" classname="com.mindhub.homebanking.HomebankingApplicationTest" time="0.003"/>
  <testcase name="repetition 1757 of 5000" classname="com.mindhub.homebanking.HomebankingApplicationTest" time="0.002"/>
  <testcase name="repetition 1758 of 5000" classname="com.mindhub.homebanking.HomebankingApplicationTest" time="0.004"/>
  <testcase name="repetition 1759 of 5000" classname="com.mindhub.homebanking.HomebankingApplicationTest" time="0.002"/>
  <testcase name="repetition 1760 of 5000" classname="com.mindhub.homebanking.HomebankingApplicationTest" time="0.002"/>
  <testcase name="repetition 1761 of 5000" classname="com.mindhub.homebanking.HomebankingApplicationTest" time="0.002"/>
  <testcase name="repetition 1762 of 5000" classname="com.mindhub.homebanking.HomebankingApplicationTest" time="0.001"/>
  <testcase name="repetition 1763 of 5000" classname="com.mindhub.homebanking.HomebankingApplicationTest" time="0.001"/>
  <testcase name="repetition 1764 of 5000" classname="com.mindhub.homebanking.HomebankingApplicationTest" time="0.001"/>
  <testcase name="repetition 1765 of 5000" classname="com.mindhub.homebanking.HomebankingApplicationTest" time="0.001"/>
  <testcase name="repetition 1766 of 5000" classname="com.mindhub.homebanking.HomebankingApplicationTest" time="0.002"/>
  <testcase name="repetition 1767 of 5000" classname="com.mindhub.homebanking.HomebankingApplicationTest" time="0.002"/>
  <testcase name="repetition 1768 of 5000" classname="com.mindhub.homebanking.HomebankingApplicationTest" time="0.001"/>
  <testcase name="repetition 1769 of 5000" classname="com.mindhub.homebanking.HomebankingApplicationTest" time="0.001"/>
  <testcase name="repetition 1770 of 5000" classname="com.mindhub.homebanking.HomebankingApplicationTest" time="0.001"/>
  <testcase name="repetition 1771 of 5000" classname="com.mindhub.homebanking.HomebankingApplicationTest" time="0.001"/>
  <testcase name="repetition 1772 of 5000" classname="com.mindhub.homebanking.HomebankingApplicationTest" time="0.001"/>
  <testcase name="repetition 1773 of 5000" classname="com.mindhub.homebanking.HomebankingApplicationTest" time="0.001"/>
  <testcase name="repetition 1774 of 5000" classname="com.mindhub.homebanking.HomebankingApplicationTest" time="0.001"/>
  <testcase name="repetition 1775 of 5000" classname="com.mindhub.homebanking.HomebankingApplicationTest" time="0.002"/>
  <testcase name="repetition 1776 of 5000" classname="com.mindhub.homebanking.HomebankingApplicationTest" time="0.001"/>
  <testcase name="repetition 1777 of 5000" classname="com.mindhub.homebanking.HomebankingApplicationTest" time="0.001"/>
  <testcase name="repetition 1778 of 5000" classname="com.mindhub.homebanking.HomebankingApplicationTest" time="0.001"/>
  <testcase name="repetition 1779 of 5000" classname="com.mindhub.homebanking.HomebankingApplicationTest" time="0.001"/>
  <testcase name="repetition 1780 of 5000" classname="com.mindhub.homebanking.HomebankingApplicationTest" time="0.002"/>
  <testcase name="repetition 1781 of 5000" classname="com.mindhub.homebanking.HomebankingApplicationTest" time="0.001"/>
  <testcase name="repetition 1782 of 5000" classname="com.mindhub.homebanking.HomebankingApplicationTest" time="0.001"/>
  <testcase name="repetition 1783 of 5000" classname="com.mindhub.homebanking.HomebankingApplicationTest" time="0.001"/>
  <testcase name="repetition 1784 of 5000" classname="com.mindhub.homebanking.HomebankingApplicationTest" time="0.001"/>
  <testcase name="repetition 1785 of 5000" classname="com.mindhub.homebanking.HomebankingApplicationTest" time="0.001"/>
  <testcase name="repetition 1786 of 5000" classname="com.mindhub.homebanking.HomebankingApplicationTest" time="0.001"/>
  <testcase name="repetition 1787 of 5000" classname="com.mindhub.homebanking.HomebankingApplicationTest" time="0.001"/>
  <testcase name="repetition 1788 of 5000" classname="com.mindhub.homebanking.HomebankingApplicationTest" time="0.001"/>
  <testcase name="repetition 1789 of 5000" classname="com.mindhub.homebanking.HomebankingApplicationTest" time="0.001"/>
  <testcase name="repetition 1790 of 5000" classname="com.mindhub.homebanking.HomebankingApplicationTest" time="0.001"/>
  <testcase name="repetition 1791 of 5000" classname="com.mindhub.homebanking.HomebankingApplicationTest" time="0.0"/>
  <testcase name="repetition 1792 of 5000" classname="com.mindhub.homebanking.HomebankingApplicationTest" time="0.0"/>
  <testcase name="repetition 1793 of 5000" classname="com.mindhub.homebanking.HomebankingApplicationTest" time="0.001"/>
  <testcase name="repetition 1794 of 5000" classname="com.mindhub.homebanking.HomebankingApplicationTest" time="0.001"/>
  <testcase name="repetition 1795 of 5000" classname="com.mindhub.homebanking.HomebankingApplicationTest" time="0.001"/>
  <testcase name="repetition 1796 of 5000" classname="com.mindhub.homebanking.HomebankingApplicationTest" time="0.001"/>
  <testcase name="repetition 1797 of 5000" classname="com.mindhub.homebanking.HomebankingApplicationTest" time="0.001"/>
  <testcase name="repetition 1798 of 5000" classname="com.mindhub.homebanking.HomebankingApplicationTest" time="0.001"/>
  <testcase name="repetition 1799 of 5000" classname="com.mindhub.homebanking.HomebankingApplicationTest" time="0.001"/>
  <testcase name="repetition 1800 of 5000" classname="com.mindhub.homebanking.HomebankingApplicationTest" time="0.0"/>
  <testcase name="repetition 1801 of 5000" classname="com.mindhub.homebanking.HomebankingApplicationTest" time="0.001"/>
  <testcase name="repetition 1802 of 5000" classname="com.mindhub.homebanking.HomebankingApplicationTest" time="0.001"/>
  <testcase name="repetition 1803 of 5000" classname="com.mindhub.homebanking.HomebankingApplicationTest" time="0.001"/>
  <testcase name="repetition 1804 of 5000" classname="com.mindhub.homebanking.HomebankingApplicationTest" time="0.001"/>
  <testcase name="repetition 1805 of 5000" classname="com.mindhub.homebanking.HomebankingApplicationTest" time="0.001"/>
  <testcase name="repetition 1806 of 5000" classname="com.mindhub.homebanking.HomebankingApplicationTest" time="0.001"/>
  <testcase name="repetition 1807 of 5000" classname="com.mindhub.homebanking.HomebankingApplicationTest" time="0.001"/>
  <testcase name="repetition 1808 of 5000" classname="com.mindhub.homebanking.HomebankingApplicationTest" time="0.001"/>
  <testcase name="repetition 1809 of 5000" classname="com.mindhub.homebanking.HomebankingApplicationTest" time="0.001"/>
  <testcase name="repetition 1810 of 5000" classname="com.mindhub.homebanking.HomebankingApplicationTest" time="0.001"/>
  <testcase name="repetition 1811 of 5000" classname="com.mindhub.homebanking.HomebankingApplicationTest" time="0.0"/>
  <testcase name="repetition 1812 of 5000" classname="com.mindhub.homebanking.HomebankingApplicationTest" time="0.001"/>
  <testcase name="repetition 1813 of 5000" classname="com.mindhub.homebanking.HomebankingApplicationTest" time="0.001"/>
  <testcase name="repetition 1814 of 5000" classname="com.mindhub.homebanking.HomebankingApplicationTest" time="0.002"/>
  <testcase name="repetition 1815 of 5000" classname="com.mindhub.homebanking.HomebankingApplicationTest" time="0.001"/>
  <testcase name="repetition 1816 of 5000" classname="com.mindhub.homebanking.HomebankingApplicationTest" time="0.001"/>
  <testcase name="repetition 1817 of 5000" classname="com.mindhub.homebanking.HomebankingApplicationTest" time="0.001"/>
  <testcase name="repetition 1818 of 5000" classname="com.mindhub.homebanking.HomebankingApplicationTest" time="0.001"/>
  <testcase name="repetition 1819 of 5000" classname="com.mindhub.homebanking.HomebankingApplicationTest" time="0.0"/>
  <testcase name="repetition 1820 of 5000" classname="com.mindhub.homebanking.HomebankingApplicationTest" time="0.0"/>
  <testcase name="repetition 1821 of 5000" classname="com.mindhub.homebanking.HomebankingApplicationTest" time="0.001"/>
  <testcase name="repetition 1822 of 5000" classname="com.mindhub.homebanking.HomebankingApplicationTest" time="0.0"/>
  <testcase name="repetition 1823 of 5000" classname="com.mindhub.homebanking.HomebankingApplicationTest" time="0.001"/>
  <testcase name="repetition 1824 of 5000" classname="com.mindhub.homebanking.HomebankingApplicationTest" time="0.0"/>
  <testcase name="repetition 1825 of 5000" classname="com.mindhub.homebanking.HomebankingApplicationTest" time="0.0"/>
  <testcase name="repetition 1826 of 5000" classname="com.mindhub.homebanking.HomebankingApplicationTest" time="0.001"/>
  <testcase name="repetition 1827 of 5000" classname="com.mindhub.homebanking.HomebankingApplicationTest" time="0.001"/>
  <testcase name="repetition 1828 of 5000" classname="com.mindhub.homebanking.HomebankingApplicationTest" time="0.002"/>
  <testcase name="repetition 1829 of 5000" classname="com.mindhub.homebanking.HomebankingApplicationTest" time="0.002"/>
  <testcase name="repetition 1830 of 5000" classname="com.mindhub.homebanking.HomebankingApplicationTest" time="0.002"/>
  <testcase name="repetition 1831 of 5000" classname="com.mindhub.homebanking.HomebankingApplicationTest" time="0.002"/>
  <testcase name="repetition 1832 of 5000" classname="com.mindhub.homebanking.HomebankingApplicationTest" time="0.001"/>
  <testcase name="repetition 1833 of 5000" classname="com.mindhub.homebanking.HomebankingApplicationTest" time="0.001"/>
  <testcase name="repetition 1834 of 5000" classname="com.mindhub.homebanking.HomebankingApplicationTest" time="0.001"/>
  <testcase name="repetition 1835 of 5000" classname="com.mindhub.homebanking.HomebankingApplicationTest" time="0.002"/>
  <testcase name="repetition 1836 of 5000" classname="com.mindhub.homebanking.HomebankingApplicationTest" time="0.002"/>
  <testcase name="repetition 1837 of 5000" classname="com.mindhub.homebanking.HomebankingApplicationTest" time="0.002"/>
  <testcase name="repetition 1838 of 5000" classname="com.mindhub.homebanking.HomebankingApplicationTest" time="0.002"/>
  <testcase name="repetition 1839 of 5000" classname="com.mindhub.homebanking.HomebankingApplicationTest" time="0.002"/>
  <testcase name="repetition 1840 of 5000" classname="com.mindhub.homebanking.HomebankingApplicationTest" time="0.001"/>
  <testcase name="repetition 1841 of 5000" classname="com.mindhub.homebanking.HomebankingApplicationTest" time="0.001"/>
  <testcase name="repetition 1842 of 5000" classname="com.mindhub.homebanking.HomebankingApplicationTest" time="0.001"/>
  <testcase name="repetition 1843 of 5000" classname="com.mindhub.homebanking.HomebankingApplicationTest" time="0.001"/>
  <testcase name="repetition 1844 of 5000" classname="com.mindhub.homebanking.HomebankingApplicationTest" time="0.001"/>
  <testcase name="repetition 1845 of 5000" classname="com.mindhub.homebanking.HomebankingApplicationTest" time="0.0"/>
  <testcase name="repetition 1846 of 5000" classname="com.mindhub.homebanking.HomebankingApplicationTest" time="0.001"/>
  <testcase name="repetition 1847 of 5000" classname="com.mindhub.homebanking.HomebankingApplicationTest" time="0.001"/>
  <testcase name="repetition 1848 of 5000" classname="com.mindhub.homebanking.HomebankingApplicationTest" time="0.001"/>
  <testcase name="repetition 1849 of 5000" classname="com.mindhub.homebanking.HomebankingApplicationTest" time="0.0"/>
  <testcase name="repetition 1850 of 5000" classname="com.mindhub.homebanking.HomebankingApplicationTest" time="0.0"/>
  <testcase name="repetition 1851 of 5000" classname="com.mindhub.homebanking.HomebankingApplicationTest" time="0.0"/>
  <testcase name="repetition 1852 of 5000" classname="com.mindhub.homebanking.HomebankingApplicationTest" time="0.001"/>
  <testcase name="repetition 1853 of 5000" classname="com.mindhub.homebanking.HomebankingApplicationTest" time="0.001"/>
  <testcase name="repetition 1854 of 5000" classname="com.mindhub.homebanking.HomebankingApplicationTest" time="0.001"/>
  <testcase name="repetition 1855 of 5000" classname="com.mindhub.homebanking.HomebankingApplicationTest" time="0.0"/>
  <testcase name="repetition 1856 of 5000" classname="com.mindhub.homebanking.HomebankingApplicationTest" time="0.0"/>
  <testcase name="repetition 1857 of 5000" classname="com.mindhub.homebanking.HomebankingApplicationTest" time="0.001"/>
  <testcase name="repetition 1858 of 5000" classname="com.mindhub.homebanking.HomebankingApplicationTest" time="0.001"/>
  <testcase name="repetition 1859 of 5000" classname="com.mindhub.homebanking.HomebankingApplicationTest" time="0.001"/>
  <testcase name="repetition 1860 of 5000" classname="com.mindhub.homebanking.HomebankingApplicationTest" time="0.001"/>
  <testcase name="repetition 1861 of 5000" classname="com.mindhub.homebanking.HomebankingApplicationTest" time="0.001"/>
  <testcase name="repetition 1862 of 5000" classname="com.mindhub.homebanking.HomebankingApplicationTest" time="0.001"/>
  <testcase name="repetition 1863 of 5000" classname="com.mindhub.homebanking.HomebankingApplicationTest" time="0.001"/>
  <testcase name="repetition 1864 of 5000" classname="com.mindhub.homebanking.HomebankingApplicationTest" time="0.001"/>
  <testcase name="repetition 1865 of 5000" classname="com.mindhub.homebanking.HomebankingApplicationTest" time="0.001"/>
  <testcase name="repetition 1866 of 5000" classname="com.mindhub.homebanking.HomebankingApplicationTest" time="0.001"/>
  <testcase name="repetition 1867 of 5000" classname="com.mindhub.homebanking.HomebankingApplicationTest" time="0.001"/>
  <testcase name="repetition 1868 of 5000" classname="com.mindhub.homebanking.HomebankingApplicationTest" time="0.002"/>
  <testcase name="repetition 1869 of 5000" classname="com.mindhub.homebanking.HomebankingApplicationTest" time="0.001"/>
  <testcase name="repetition 1870 of 5000" classname="com.mindhub.homebanking.HomebankingApplicationTest" time="0.001"/>
  <testcase name="repetition 1871 of 5000" classname="com.mindhub.homebanking.HomebankingApplicationTest" time="0.001"/>
  <testcase name="repetition 1872 of 5000" classname="com.mindhub.homebanking.HomebankingApplicationTest" time="0.001"/>
  <testcase name="repetition 1873 of 5000" classname="com.mindhub.homebanking.HomebankingApplicationTest" time="0.001"/>
  <testcase name="repetition 1874 of 5000" classname="com.mindhub.homebanking.HomebankingApplicationTest" time="0.001"/>
  <testcase name="repetition 1875 of 5000" classname="com.mindhub.homebanking.HomebankingApplicationTest" time="0.001"/>
  <testcase name="repetition 1876 of 5000" classname="com.mindhub.homebanking.HomebankingApplicationTest" time="0.001"/>
  <testcase name="repetition 1877 of 5000" classname="com.mindhub.homebanking.HomebankingApplicationTest" time="0.001"/>
  <testcase name="repetition 1878 of 5000" classname="com.mindhub.homebanking.HomebankingApplicationTest" time="0.001"/>
  <testcase name="repetition 1879 of 5000" classname="com.mindhub.homebanking.HomebankingApplicationTest" time="0.002"/>
  <testcase name="repetition 1880 of 5000" classname="com.mindhub.homebanking.HomebankingApplicationTest" time="0.001"/>
  <testcase name="repetition 1881 of 5000" classname="com.mindhub.homebanking.HomebankingApplicationTest" time="0.001"/>
  <testcase name="repetition 1882 of 5000" classname="com.mindhub.homebanking.HomebankingApplicationTest" time="0.0"/>
  <testcase name="repetition 1883 of 5000" classname="com.mindhub.homebanking.HomebankingApplicationTest" time="0.001"/>
  <testcase name="repetition 1884 of 5000" classname="com.mindhub.homebanking.HomebankingApplicationTest" time="0.001"/>
  <testcase name="repetition 1885 of 5000" classname="com.mindhub.homebanking.HomebankingApplicationTest" time="0.0"/>
  <testcase name="repetition 1886 of 5000" classname="com.mindhub.homebanking.HomebankingApplicationTest" time="0.0"/>
  <testcase name="repetition 1887 of 5000" classname="com.mindhub.homebanking.HomebankingApplicationTest" time="0.0"/>
  <testcase name="repetition 1888 of 5000" classname="com.mindhub.homebanking.HomebankingApplicationTest" time="0.001"/>
  <testcase name="repetition 1889 of 5000" classname="com.mindhub.homebanking.HomebankingApplicationTest" time="0.001"/>
  <testcase name="repetition 1890 of 5000" classname="com.mindhub.homebanking.HomebankingApplicationTest" time="0.001"/>
  <testcase name="repetition 1891 of 5000" classname="com.mindhub.homebanking.HomebankingApplicationTest" time="0.0"/>
  <testcase name="repetition 1892 of 5000" classname="com.mindhub.homebanking.HomebankingApplicationTest" time="0.0"/>
  <testcase name="repetition 1893 of 5000" classname="com.mindhub.homebanking.HomebankingApplicationTest" time="0.001"/>
  <testcase name="repetition 1894 of 5000" classname="com.mindhub.homebanking.HomebankingApplicationTest" time="0.0"/>
  <testcase name="repetition 1895 of 5000" classname="com.mindhub.homebanking.HomebankingApplicationTest" time="0.0"/>
  <testcase name="repetition 1896 of 5000" classname="com.mindhub.homebanking.HomebankingApplicationTest" time="0.001"/>
  <testcase name="repetition 1897 of 5000" classname="com.mindhub.homebanking.HomebankingApplicationTest" time="0.001"/>
  <testcase name="repetition 1898 of 5000" classname="com.mindhub.homebanking.HomebankingApplicationTest" time="0.001"/>
  <testcase name="repetition 1899 of 5000" classname="com.mindhub.homebanking.HomebankingApplicationTest" time="0.001"/>
  <testcase name="repetition 1900 of 5000" classname="com.mindhub.homebanking.HomebankingApplicationTest" time="0.001"/>
  <testcase name="repetition 1901 of 5000" classname="com.mindhub.homebanking.HomebankingApplicationTest" time="0.001"/>
  <testcase name="repetition 1902 of 5000" classname="com.mindhub.homebanking.HomebankingApplicationTest" time="0.002"/>
  <testcase name="repetition 1903 of 5000" classname="com.mindhub.homebanking.HomebankingApplicationTest" time="0.001"/>
  <testcase name="repetition 1904 of 5000" classname="com.mindhub.homebanking.HomebankingApplicationTest" time="0.0"/>
  <testcase name="repetition 1905 of 5000" classname="com.mindhub.homebanking.HomebankingApplicationTest" time="0.0"/>
  <testcase name="repetition 1906 of 5000" classname="com.mindhub.homebanking.HomebankingApplicationTest" time="0.001"/>
  <testcase name="repetition 1907 of 5000" classname="com.mindhub.homebanking.HomebankingApplicationTest" time="0.002"/>
  <testcase name="repetition 1908 of 5000" classname="com.mindhub.homebanking.HomebankingApplicationTest" time="0.001"/>
  <testcase name="repetition 1909 of 5000" classname="com.mindhub.homebanking.HomebankingApplicationTest" time="0.001"/>
  <testcase name="repetition 1910 of 5000" classname="com.mindhub.homebanking.HomebankingApplicationTest" time="0.001"/>
  <testcase name="repetition 1911 of 5000" classname="com.mindhub.homebanking.HomebankingApplicationTest" time="0.001"/>
  <testcase name="repetition 1912 of 5000" classname="com.mindhub.homebanking.HomebankingApplicationTest" time="0.001"/>
  <testcase name="repetition 1913 of 5000" classname="com.mindhub.homebanking.HomebankingApplicationTest" time="0.001"/>
  <testcase name="repetition 1914 of 5000" classname="com.mindhub.homebanking.HomebankingApplicationTest" time="0.001"/>
  <testcase name="repetition 1915 of 5000" classname="com.mindhub.homebanking.HomebankingApplicationTest" time="0.0"/>
  <testcase name="repetition 1916 of 5000" classname="com.mindhub.homebanking.HomebankingApplicationTest" time="0.001"/>
  <testcase name="repetition 1917 of 5000" classname="com.mindhub.homebanking.HomebankingApplicationTest" time="0.002"/>
  <testcase name="repetition 1918 of 5000" classname="com.mindhub.homebanking.HomebankingApplicationTest" time="0.001"/>
  <testcase name="repetition 1919 of 5000" classname="com.mindhub.homebanking.HomebankingApplicationTest" time="0.001"/>
  <testcase name="repetition 1920 of 5000" classname="com.mindhub.homebanking.HomebankingApplicationTest" time="0.0"/>
  <testcase name="repetition 1921 of 5000" classname="com.mindhub.homebanking.HomebankingApplicationTest" time="0.002"/>
  <testcase name="repetition 1922 of 5000" classname="com.mindhub.homebanking.HomebankingApplicationTest" time="0.002"/>
  <testcase name="repetition 1923 of 5000" classname="com.mindhub.homebanking.HomebankingApplicationTest" time="0.001"/>
  <testcase name="repetition 1924 of 5000" classname="com.mindhub.homebanking.HomebankingApplicationTest" time="0.001"/>
  <testcase name="repetition 1925 of 5000" classname="com.mindhub.homebanking.HomebankingApplicationTest" time="0.001"/>
  <testcase name="repetition 1926 of 5000" classname="com.mindhub.homebanking.HomebankingApplicationTest" time="0.002"/>
  <testcase name="repetition 1927 of 5000" classname="com.mindhub.homebanking.HomebankingApplicationTest" time="0.002"/>
  <testcase name="repetition 1928 of 5000" classname="com.mindhub.homebanking.HomebankingApplicationTest" time="0.001"/>
  <testcase name="repetition 1929 of 5000" classname="com.mindhub.homebanking.HomebankingApplicationTest" time="0.001"/>
  <testcase name="repetition 1930 of 5000" classname="com.mindhub.homebanking.HomebankingApplicationTest" time="0.003"/>
  <testcase name="repetition 1931 of 5000" classname="com.mindhub.homebanking.HomebankingApplicationTest" time="0.002"/>
  <testcase name="repetition 1932 of 5000" classname="com.mindhub.homebanking.HomebankingApplicationTest" time="0.001"/>
  <testcase name="repetition 1933 of 5000" classname="com.mindhub.homebanking.HomebankingApplicationTest" time="0.002"/>
  <testcase name="repetition 1934 of 5000" classname="com.mindhub.homebanking.HomebankingApplicationTest" time="0.002"/>
  <testcase name="repetition 1935 of 5000" classname="com.mindhub.homebanking.HomebankingApplicationTest" time="0.001"/>
  <testcase name="repetition 1936 of 5000" classname="com.mindhub.homebanking.HomebankingApplicationTest" time="0.001"/>
  <testcase name="repetition 1937 of 5000" classname="com.mindhub.homebanking.HomebankingApplicationTest" time="0.001"/>
  <testcase name="repetition 1938 of 5000" classname="com.mindhub.homebanking.HomebankingApplicationTest" time="0.002"/>
  <testcase name="repetition 1939 of 5000" classname="com.mindhub.homebanking.HomebankingApplicationTest" time="0.002"/>
  <testcase name="repetition 1940 of 5000" classname="com.mindhub.homebanking.HomebankingApplicationTest" time="0.002"/>
  <testcase name="repetition 1941 of 5000" classname="com.mindhub.homebanking.HomebankingApplicationTest" time="0.001"/>
  <testcase name="repetition 1942 of 5000" classname="com.mindhub.homebanking.HomebankingApplicationTest" time="0.001"/>
  <testcase name="repetition 1943 of 5000" classname="com.mindhub.homebanking.HomebankingApplicationTest" time="0.001"/>
  <testcase name="repetition 1944 of 5000" classname="com.mindhub.homebanking.HomebankingApplicationTest" time="0.001"/>
  <testcase name="repetition 1945 of 5000" classname="com.mindhub.homebanking.HomebankingApplicationTest" time="0.002"/>
  <testcase name="repetition 1946 of 5000" classname="com.mindhub.homebanking.HomebankingApplicationTest" time="0.001"/>
  <testcase name="repetition 1947 of 5000" classname="com.mindhub.homebanking.HomebankingApplicationTest" time="0.002"/>
  <testcase name="repetition 1948 of 5000" classname="com.mindhub.homebanking.HomebankingApplicationTest" time="0.002"/>
  <testcase name="repetition 1949 of 5000" classname="com.mindhub.homebanking.HomebankingApplicationTest" time="0.001"/>
  <testcase name="repetition 1950 of 5000" classname="com.mindhub.homebanking.HomebankingApplicationTest" time="0.001"/>
  <testcase name="repetition 1951 of 5000" classname="com.mindhub.homebanking.HomebankingApplicationTest" time="0.001"/>
  <testcase name="repetition 1952 of 5000" classname="com.mindhub.homebanking.HomebankingApplicationTest" time="0.002"/>
  <testcase name="repetition 1953 of 5000" classname="com.mindhub.homebanking.HomebankingApplicationTest" time="0.001"/>
  <testcase name="repetition 1954 of 5000" classname="com.mindhub.homebanking.HomebankingApplicationTest" time="0.002"/>
  <testcase name="repetition 1955 of 5000" classname="com.mindhub.homebanking.HomebankingApplicationTest" time="0.002"/>
  <testcase name="repetition 1956 of 5000" classname="com.mindhub.homebanking.HomebankingApplicationTest" time="0.001"/>
  <testcase name="repetition 1957 of 5000" classname="com.mindhub.homebanking.HomebankingApplicationTest" time="0.001"/>
  <testcase name="repetition 1958 of 5000" classname="com.mindhub.homebanking.HomebankingApplicationTest" time="0.001"/>
  <testcase name="repetition 1959 of 5000" classname="com.mindhub.homebanking.HomebankingApplicationTest" time="0.001"/>
  <testcase name="repetition 1960 of 5000" classname="com.mindhub.homebanking.HomebankingApplicationTest" time="0.001"/>
  <testcase name="repetition 1961 of 5000" classname="com.mindhub.homebanking.HomebankingApplicationTest" time="0.001"/>
  <testcase name="repetition 1962 of 5000" classname="com.mindhub.homebanking.HomebankingApplicationTest" time="0.001"/>
  <testcase name="repetition 1963 of 5000" classname="com.mindhub.homebanking.HomebankingApplicationTest" time="0.001"/>
  <testcase name="repetition 1964 of 5000" classname="com.mindhub.homebanking.HomebankingApplicationTest" time="0.001"/>
  <testcase name="repetition 1965 of 5000" classname="com.mindhub.homebanking.HomebankingApplicationTest" time="0.002"/>
  <testcase name="repetition 1966 of 5000" classname="com.mindhub.homebanking.HomebankingApplicationTest" time="0.001"/>
  <testcase name="repetition 1967 of 5000" classname="com.mindhub.homebanking.HomebankingApplicationTest" time="0.001"/>
  <testcase name="repetition 1968 of 5000" classname="com.mindhub.homebanking.HomebankingApplicationTest" time="0.002"/>
  <testcase name="repetition 1969 of 5000" classname="com.mindhub.homebanking.HomebankingApplicationTest" time="0.001"/>
  <testcase name="repetition 1970 of 5000" classname="com.mindhub.homebanking.HomebankingApplicationTest" time="0.0"/>
  <testcase name="repetition 1971 of 5000" classname="com.mindhub.homebanking.HomebankingApplicationTest" time="0.0"/>
  <testcase name="repetition 1972 of 5000" classname="com.mindhub.homebanking.HomebankingApplicationTest" time="0.0"/>
  <testcase name="repetition 1973 of 5000" classname="com.mindhub.homebanking.HomebankingApplicationTest" time="0.001"/>
  <testcase name="repetition 1974 of 5000" classname="com.mindhub.homebanking.HomebankingApplicationTest" time="0.001"/>
  <testcase name="repetition 1975 of 5000" classname="com.mindhub.homebanking.HomebankingApplicationTest" time="0.0"/>
  <testcase name="repetition 1976 of 5000" classname="com.mindhub.homebanking.HomebankingApplicationTest" time="0.001"/>
  <testcase name="repetition 1977 of 5000" classname="com.mindhub.homebanking.HomebankingApplicationTest" time="0.0"/>
  <testcase name="repetition 1978 of 5000" classname="com.mindhub.homebanking.HomebankingApplicationTest" time="0.0"/>
  <testcase name="repetition 1979 of 5000" classname="com.mindhub.homebanking.HomebankingApplicationTest" time="0.001"/>
  <testcase name="repetition 1980 of 5000" classname="com.mindhub.homebanking.HomebankingApplicationTest" time="0.001"/>
  <testcase name="repetition 1981 of 5000" classname="com.mindhub.homebanking.HomebankingApplicationTest" time="0.001"/>
  <testcase name="repetition 1982 of 5000" classname="com.mindhub.homebanking.HomebankingApplicationTest" time="0.002"/>
  <testcase name="repetition 1983 of 5000" classname="com.mindhub.homebanking.HomebankingApplicationTest" time="0.001"/>
  <testcase name="repetition 1984 of 5000" classname="com.mindhub.homebanking.HomebankingApplicationTest" time="0.001"/>
  <testcase name="repetition 1985 of 5000" classname="com.mindhub.homebanking.HomebankingApplicationTest" time="0.001"/>
  <testcase name="repetition 1986 of 5000" classname="com.mindhub.homebanking.HomebankingApplicationTest" time="0.001"/>
  <testcase name="repetition 1987 of 5000" classname="com.mindhub.homebanking.HomebankingApplicationTest" time="0.002"/>
  <testcase name="repetition 1988 of 5000" classname="com.mindhub.homebanking.HomebankingApplicationTest" time="0.001"/>
  <testcase name="repetition 1989 of 5000" classname="com.mindhub.homebanking.HomebankingApplicationTest" time="0.001"/>
  <testcase name="repetition 1990 of 5000" classname="com.mindhub.homebanking.HomebankingApplicationTest" time="0.001"/>
  <testcase name="repetition 1991 of 5000" classname="com.mindhub.homebanking.HomebankingApplicationTest" time="0.001"/>
  <testcase name="repetition 1992 of 5000" classname="com.mindhub.homebanking.HomebankingApplicationTest" time="0.001"/>
  <testcase name="repetition 1993 of 5000" classname="com.mindhub.homebanking.HomebankingApplicationTest" time="0.001"/>
  <testcase name="repetition 1994 of 5000" classname="com.mindhub.homebanking.HomebankingApplicationTest" time="0.001"/>
  <testcase name="repetition 1995 of 5000" classname="com.mindhub.homebanking.HomebankingApplicationTest" time="0.001"/>
  <testcase name="repetition 1996 of 5000" classname="com.mindhub.homebanking.HomebankingApplicationTest" time="0.001"/>
  <testcase name="repetition 1997 of 5000" classname="com.mindhub.homebanking.HomebankingApplicationTest" time="0.001"/>
  <testcase name="repetition 1998 of 5000" classname="com.mindhub.homebanking.HomebankingApplicationTest" time="0.001"/>
  <testcase name="repetition 1999 of 5000" classname="com.mindhub.homebanking.HomebankingApplicationTest" time="0.001"/>
  <testcase name="repetition 2000 of 5000" classname="com.mindhub.homebanking.HomebankingApplicationTest" time="0.001"/>
  <testcase name="repetition 2001 of 5000" classname="com.mindhub.homebanking.HomebankingApplicationTest" time="0.001"/>
  <testcase name="repetition 2002 of 5000" classname="com.mindhub.homebanking.HomebankingApplicationTest" time="0.001"/>
  <testcase name="repetition 2003 of 5000" classname="com.mindhub.homebanking.HomebankingApplicationTest" time="0.001"/>
  <testcase name="repetition 2004 of 5000" classname="com.mindhub.homebanking.HomebankingApplicationTest" time="0.001"/>
  <testcase name="repetition 2005 of 5000" classname="com.mindhub.homebanking.HomebankingApplicationTest" time="0.001"/>
  <testcase name="repetition 2006 of 5000" classname="com.mindhub.homebanking.HomebankingApplicationTest" time="0.0"/>
  <testcase name="repetition 2007 of 5000" classname="com.mindhub.homebanking.HomebankingApplicationTest" time="0.0"/>
  <testcase name="repetition 2008 of 5000" classname="com.mindhub.homebanking.HomebankingApplicationTest" time="0.001"/>
  <testcase name="repetition 2009 of 5000" classname="com.mindhub.homebanking.HomebankingApplicationTest" time="0.001"/>
  <testcase name="repetition 2010 of 5000" classname="com.mindhub.homebanking.HomebankingApplicationTest" time="0.001"/>
  <testcase name="repetition 2011 of 5000" classname="com.mindhub.homebanking.HomebankingApplicationTest" time="0.001"/>
  <testcase name="repetition 2012 of 5000" classname="com.mindhub.homebanking.HomebankingApplicationTest" time="0.001"/>
  <testcase name="repetition 2013 of 5000" classname="com.mindhub.homebanking.HomebankingApplicationTest" time="0.001"/>
  <testcase name="repetition 2014 of 5000" classname="com.mindhub.homebanking.HomebankingApplicationTest" time="0.001"/>
  <testcase name="repetition 2015 of 5000" classname="com.mindhub.homebanking.HomebankingApplicationTest" time="0.001"/>
  <testcase name="repetition 2016 of 5000" classname="com.mindhub.homebanking.HomebankingApplicationTest" time="0.001"/>
  <testcase name="repetition 2017 of 5000" classname="com.mindhub.homebanking.HomebankingApplicationTest" time="0.001"/>
  <testcase name="repetition 2018 of 5000" classname="com.mindhub.homebanking.HomebankingApplicationTest" time="0.0"/>
  <testcase name="repetition 2019 of 5000" classname="com.mindhub.homebanking.HomebankingApplicationTest" time="0.0"/>
  <testcase name="repetition 2020 of 5000" classname="com.mindhub.homebanking.HomebankingApplicationTest" time="0.0"/>
  <testcase name="repetition 2021 of 5000" classname="com.mindhub.homebanking.HomebankingApplicationTest" time="0.001"/>
  <testcase name="repetition 2022 of 5000" classname="com.mindhub.homebanking.HomebankingApplicationTest" time="0.002"/>
  <testcase name="repetition 2023 of 5000" classname="com.mindhub.homebanking.HomebankingApplicationTest" time="0.001"/>
  <testcase name="repetition 2024 of 5000" classname="com.mindhub.homebanking.HomebankingApplicationTest" time="0.001"/>
  <testcase name="repetition 2025 of 5000" classname="com.mindhub.homebanking.HomebankingApplicationTest" time="0.001"/>
  <testcase name="repetition 2026 of 5000" classname="com.mindhub.homebanking.HomebankingApplicationTest" time="0.001"/>
  <testcase name="repetition 2027 of 5000" classname="com.mindhub.homebanking.HomebankingApplicationTest" time="0.001"/>
  <testcase name="repetition 2028 of 5000" classname="com.mindhub.homebanking.HomebankingApplicationTest" time="0.001"/>
  <testcase name="repetition 2029 of 5000" classname="com.mindhub.homebanking.HomebankingApplicationTest" time="0.001"/>
  <testcase name="repetition 2030 of 5000" classname="com.mindhub.homebanking.HomebankingApplicationTest" time="0.001"/>
  <testcase name="repetition 2031 of 5000" classname="com.mindhub.homebanking.HomebankingApplicationTest" time="0.001"/>
  <testcase name="repetition 2032 of 5000" classname="com.mindhub.homebanking.HomebankingApplicationTest" time="0.001"/>
  <testcase name="repetition 2033 of 5000" classname="com.mindhub.homebanking.HomebankingApplicationTest" time="0.001"/>
  <testcase name="repetition 2034 of 5000" classname="com.mindhub.homebanking.HomebankingApplicationTest" time="0.001"/>
  <testcase name="repetition 2035 of 5000" classname="com.mindhub.homebanking.HomebankingApplicationTest" time="0.001"/>
  <testcase name="repetition 2036 of 5000" classname="com.mindhub.homebanking.HomebankingApplicationTest" time="0.001"/>
  <testcase name="repetition 2037 of 5000" classname="com.mindhub.homebanking.HomebankingApplicationTest" time="0.001"/>
  <testcase name="repetition 2038 of 5000" classname="com.mindhub.homebanking.HomebankingApplicationTest" time="0.001"/>
  <testcase name="repetition 2039 of 5000" classname="com.mindhub.homebanking.HomebankingApplicationTest" time="0.002"/>
  <testcase name="repetition 2040 of 5000" classname="com.mindhub.homebanking.HomebankingApplicationTest" time="0.001"/>
  <testcase name="repetition 2041 of 5000" classname="com.mindhub.homebanking.HomebankingApplicationTest" time="0.002"/>
  <testcase name="repetition 2042 of 5000" classname="com.mindhub.homebanking.HomebankingApplicationTest" time="0.001"/>
  <testcase name="repetition 2043 of 5000" classname="com.mindhub.homebanking.HomebankingApplicationTest" time="0.001"/>
  <testcase name="repetition 2044 of 5000" classname="com.mindhub.homebanking.HomebankingApplicationTest" time="0.001"/>
  <testcase name="repetition 2045 of 5000" classname="com.mindhub.homebanking.HomebankingApplicationTest" time="0.001"/>
  <testcase name="repetition 2046 of 5000" classname="com.mindhub.homebanking.HomebankingApplicationTest" time="0.002"/>
  <testcase name="repetition 2047 of 5000" classname="com.mindhub.homebanking.HomebankingApplicationTest" time="0.001"/>
  <testcase name="repetition 2048 of 5000" classname="com.mindhub.homebanking.HomebankingApplicationTest" time="0.001"/>
  <testcase name="repetition 2049 of 5000" classname="com.mindhub.homebanking.HomebankingApplicationTest" time="0.001"/>
  <testcase name="repetition 2050 of 5000" classname="com.mindhub.homebanking.HomebankingApplicationTest" time="0.001"/>
  <testcase name="repetition 2051 of 5000" classname="com.mindhub.homebanking.HomebankingApplicationTest" time="0.0"/>
  <testcase name="repetition 2052 of 5000" classname="com.mindhub.homebanking.HomebankingApplicationTest" time="0.001"/>
  <testcase name="repetition 2053 of 5000" classname="com.mindhub.homebanking.HomebankingApplicationTest" time="0.0"/>
  <testcase name="repetition 2054 of 5000" classname="com.mindhub.homebanking.HomebankingApplicationTest" time="0.001"/>
  <testcase name="repetition 2055 of 5000" classname="com.mindhub.homebanking.HomebankingApplicationTest" time="0.001"/>
  <testcase name="repetition 2056 of 5000" classname="com.mindhub.homebanking.HomebankingApplicationTest" time="0.0"/>
  <testcase name="repetition 2057 of 5000" classname="com.mindhub.homebanking.HomebankingApplicationTest" time="0.001"/>
  <testcase name="repetition 2058 of 5000" classname="com.mindhub.homebanking.HomebankingApplicationTest" time="0.001"/>
  <testcase name="repetition 2059 of 5000" classname="com.mindhub.homebanking.HomebankingApplicationTest" time="0.0"/>
  <testcase name="repetition 2060 of 5000" classname="com.mindhub.homebanking.HomebankingApplicationTest" time="0.001"/>
  <testcase name="repetition 2061 of 5000" classname="com.mindhub.homebanking.HomebankingApplicationTest" time="0.001"/>
  <testcase name="repetition 2062 of 5000" classname="com.mindhub.homebanking.HomebankingApplicationTest" time="0.0"/>
  <testcase name="repetition 2063 of 5000" classname="com.mindhub.homebanking.HomebankingApplicationTest" time="0.001"/>
  <testcase name="repetition 2064 of 5000" classname="com.mindhub.homebanking.HomebankingApplicationTest" time="0.0"/>
  <testcase name="repetition 2065 of 5000" classname="com.mindhub.homebanking.HomebankingApplicationTest" time="0.0"/>
  <testcase name="repetition 2066 of 5000" classname="com.mindhub.homebanking.HomebankingApplicationTest" time="0.0"/>
  <testcase name="repetition 2067 of 5000" classname="com.mindhub.homebanking.HomebankingApplicationTest" time="0.001"/>
  <testcase name="repetition 2068 of 5000" classname="com.mindhub.homebanking.HomebankingApplicationTest" time="0.001"/>
  <testcase name="repetition 2069 of 5000" classname="com.mindhub.homebanking.HomebankingApplicationTest" time="0.001"/>
  <testcase name="repetition 2070 of 5000" classname="com.mindhub.homebanking.HomebankingApplicationTest" time="0.001"/>
  <testcase name="repetition 2071 of 5000" classname="com.mindhub.homebanking.HomebankingApplicationTest" time="0.0"/>
  <testcase name="repetition 2072 of 5000" classname="com.mindhub.homebanking.HomebankingApplicationTest" time="0.001"/>
  <testcase name="repetition 2073 of 5000" classname="com.mindhub.homebanking.HomebankingApplicationTest" time="0.0"/>
  <testcase name="repetition 2074 of 5000" classname="com.mindhub.homebanking.HomebankingApplicationTest" time="0.0"/>
  <testcase name="repetition 2075 of 5000" classname="com.mindhub.homebanking.HomebankingApplicationTest" time="0.001"/>
  <testcase name="repetition 2076 of 5000" classname="com.mindhub.homebanking.HomebankingApplicationTest" time="0.0"/>
  <testcase name="repetition 2077 of 5000" classname="com.mindhub.homebanking.HomebankingApplicationTest" time="0.001"/>
  <testcase name="repetition 2078 of 5000" classname="com.mindhub.homebanking.HomebankingApplicationTest" time="0.0"/>
  <testcase name="repetition 2079 of 5000" classname="com.mindhub.homebanking.HomebankingApplicationTest" time="0.0"/>
  <testcase name="repetition 2080 of 5000" classname="com.mindhub.homebanking.HomebankingApplicationTest" time="0.001"/>
  <testcase name="repetition 2081 of 5000" classname="com.mindhub.homebanking.HomebankingApplicationTest" time="0.001"/>
  <testcase name="repetition 2082 of 5000" classname="com.mindhub.homebanking.HomebankingApplicationTest" time="0.001"/>
  <testcase name="repetition 2083 of 5000" classname="com.mindhub.homebanking.HomebankingApplicationTest" time="0.001"/>
  <testcase name="repetition 2084 of 5000" classname="com.mindhub.homebanking.HomebankingApplicationTest" time="0.002"/>
  <testcase name="repetition 2085 of 5000" classname="com.mindhub.homebanking.HomebankingApplicationTest" time="0.001"/>
  <testcase name="repetition 2086 of 5000" classname="com.mindhub.homebanking.HomebankingApplicationTest" time="0.001"/>
  <testcase name="repetition 2087 of 5000" classname="com.mindhub.homebanking.HomebankingApplicationTest" time="0.001"/>
  <testcase name="repetition 2088 of 5000" classname="com.mindhub.homebanking.HomebankingApplicationTest" time="0.001"/>
  <testcase name="repetition 2089 of 5000" classname="com.mindhub.homebanking.HomebankingApplicationTest" time="0.001"/>
  <testcase name="repetition 2090 of 5000" classname="com.mindhub.homebanking.HomebankingApplicationTest" time="0.001"/>
  <testcase name="repetition 2091 of 5000" classname="com.mindhub.homebanking.HomebankingApplicationTest" time="0.002"/>
  <testcase name="repetition 2092 of 5000" classname="com.mindhub.homebanking.HomebankingApplicationTest" time="0.002"/>
  <testcase name="repetition 2093 of 5000" classname="com.mindhub.homebanking.HomebankingApplicationTest" time="0.001"/>
  <testcase name="repetition 2094 of 5000" classname="com.mindhub.homebanking.HomebankingApplicationTest" time="0.001"/>
  <testcase name="repetition 2095 of 5000" classname="com.mindhub.homebanking.HomebankingApplicationTest" time="0.002"/>
  <testcase name="repetition 2096 of 5000" classname="com.mindhub.homebanking.HomebankingApplicationTest" time="0.001"/>
  <testcase name="repetition 2097 of 5000" classname="com.mindhub.homebanking.HomebankingApplicationTest" time="0.002"/>
  <testcase name="repetition 2098 of 5000" classname="com.mindhub.homebanking.HomebankingApplicationTest" time="0.001"/>
  <testcase name="repetition 2099 of 5000" classname="com.mindhub.homebanking.HomebankingApplicationTest" time="0.001"/>
  <testcase name="repetition 2100 of 5000" classname="com.mindhub.homebanking.HomebankingApplicationTest" time="0.001"/>
  <testcase name="repetition 2101 of 5000" classname="com.mindhub.homebanking.HomebankingApplicationTest" time="0.002"/>
  <testcase name="repetition 2102 of 5000" classname="com.mindhub.homebanking.HomebankingApplicationTest" time="0.001"/>
  <testcase name="repetition 2103 of 5000" classname="com.mindhub.homebanking.HomebankingApplicationTest" time="0.003"/>
  <testcase name="repetition 2104 of 5000" classname="com.mindhub.homebanking.HomebankingApplicationTest" time="0.002"/>
  <testcase name="repetition 2105 of 5000" classname="com.mindhub.homebanking.HomebankingApplicationTest" time="0.002"/>
  <testcase name="repetition 2106 of 5000" classname="com.mindhub.homebanking.HomebankingApplicationTest" time="0.003"/>
  <testcase name="repetition 2107 of 5000" classname="com.mindhub.homebanking.HomebankingApplicationTest" time="0.002"/>
  <testcase name="repetition 2108 of 5000" classname="com.mindhub.homebanking.HomebankingApplicationTest" time="0.002"/>
  <testcase name="repetition 2109 of 5000" classname="com.mindhub.homebanking.HomebankingApplicationTest" time="0.002"/>
  <testcase name="repetition 2110 of 5000" classname="com.mindhub.homebanking.HomebankingApplicationTest" time="0.002"/>
  <testcase name="repetition 2111 of 5000" classname="com.mindhub.homebanking.HomebankingApplicationTest" time="0.001"/>
  <testcase name="repetition 2112 of 5000" classname="com.mindhub.homebanking.HomebankingApplicationTest" time="0.001"/>
  <testcase name="repetition 2113 of 5000" classname="com.mindhub.homebanking.HomebankingApplicationTest" time="0.002"/>
  <testcase name="repetition 2114 of 5000" classname="com.mindhub.homebanking.HomebankingApplicationTest" time="0.002"/>
  <testcase name="repetition 2115 of 5000" classname="com.mindhub.homebanking.HomebankingApplicationTest" time="0.002"/>
  <testcase name="repetition 2116 of 5000" classname="com.mindhub.homebanking.HomebankingApplicationTest" time="0.002"/>
  <testcase name="repetition 2117 of 5000" classname="com.mindhub.homebanking.HomebankingApplicationTest" time="0.001"/>
  <testcase name="repetition 2118 of 5000" classname="com.mindhub.homebanking.HomebankingApplicationTest" time="0.002"/>
  <testcase name="repetition 2119 of 5000" classname="com.mindhub.homebanking.HomebankingApplicationTest" time="0.001"/>
  <testcase name="repetition 2120 of 5000" classname="com.mindhub.homebanking.HomebankingApplicationTest" time="0.002"/>
  <testcase name="repetition 2121 of 5000" classname="com.mindhub.homebanking.HomebankingApplicationTest" time="0.002"/>
  <testcase name="repetition 2122 of 5000" classname="com.mindhub.homebanking.HomebankingApplicationTest" time="0.002"/>
  <testcase name="repetition 2123 of 5000" classname="com.mindhub.homebanking.HomebankingApplicationTest" time="0.002"/>
  <testcase name="repetition 2124 of 5000" classname="com.mindhub.homebanking.HomebankingApplicationTest" time="0.001"/>
  <testcase name="repetition 2125 of 5000" classname="com.mindhub.homebanking.HomebankingApplicationTest" time="0.001"/>
  <testcase name="repetition 2126 of 5000" classname="com.mindhub.homebanking.HomebankingApplicationTest" time="0.001"/>
  <testcase name="repetition 2127 of 5000" classname="com.mindhub.homebanking.HomebankingApplicationTest" time="0.0"/>
  <testcase name="repetition 2128 of 5000" classname="com.mindhub.homebanking.HomebankingApplicationTest" time="0.001"/>
  <testcase name="repetition 2129 of 5000" classname="com.mindhub.homebanking.HomebankingApplicationTest" time="0.001"/>
  <testcase name="repetition 2130 of 5000" classname="com.mindhub.homebanking.HomebankingApplicationTest" time="0.0"/>
  <testcase name="repetition 2131 of 5000" classname="com.mindhub.homebanking.HomebankingApplicationTest" time="0.001"/>
  <testcase name="repetition 2132 of 5000" classname="com.mindhub.homebanking.HomebankingApplicationTest" time="0.001"/>
  <testcase name="repetition 2133 of 5000" classname="com.mindhub.homebanking.HomebankingApplicationTest" time="0.0"/>
  <testcase name="repetition 2134 of 5000" classname="com.mindhub.homebanking.HomebankingApplicationTest" time="0.0"/>
  <testcase name="repetition 2135 of 5000" classname="com.mindhub.homebanking.HomebankingApplicationTest" time="0.001"/>
  <testcase name="repetition 2136 of 5000" classname="com.mindhub.homebanking.HomebankingApplicationTest" time="0.001"/>
  <testcase name="repetition 2137 of 5000" classname="com.mindhub.homebanking.HomebankingApplicationTest" time="0.0"/>
  <testcase name="repetition 2138 of 5000" classname="com.mindhub.homebanking.HomebankingApplicationTest" time="0.001"/>
  <testcase name="repetition 2139 of 5000" classname="com.mindhub.homebanking.HomebankingApplicationTest" time="0.001"/>
  <testcase name="repetition 2140 of 5000" classname="com.mindhub.homebanking.HomebankingApplicationTest" time="0.001"/>
  <testcase name="repetition 2141 of 5000" classname="com.mindhub.homebanking.HomebankingApplicationTest" time="0.001"/>
  <testcase name="repetition 2142 of 5000" classname="com.mindhub.homebanking.HomebankingApplicationTest" time="0.001"/>
  <testcase name="repetition 2143 of 5000" classname="com.mindhub.homebanking.HomebankingApplicationTest" time="0.001"/>
  <testcase name="repetition 2144 of 5000" classname="com.mindhub.homebanking.HomebankingApplicationTest" time="0.001"/>
  <testcase name="repetition 2145 of 5000" classname="com.mindhub.homebanking.HomebankingApplicationTest" time="0.001"/>
  <testcase name="repetition 2146 of 5000" classname="com.mindhub.homebanking.HomebankingApplicationTest" time="0.002"/>
  <testcase name="repetition 2147 of 5000" classname="com.mindhub.homebanking.HomebankingApplicationTest" time="0.001"/>
  <testcase name="repetition 2148 of 5000" classname="com.mindhub.homebanking.HomebankingApplicationTest" time="0.002"/>
  <testcase name="repetition 2149 of 5000" classname="com.mindhub.homebanking.HomebankingApplicationTest" time="0.002"/>
  <testcase name="repetition 2150 of 5000" classname="com.mindhub.homebanking.HomebankingApplicationTest" time="0.002"/>
  <testcase name="repetition 2151 of 5000" classname="com.mindhub.homebanking.HomebankingApplicationTest" time="0.002"/>
  <testcase name="repetition 2152 of 5000" classname="com.mindhub.homebanking.HomebankingApplicationTest" time="0.002"/>
  <testcase name="repetition 2153 of 5000" classname="com.mindhub.homebanking.HomebankingApplicationTest" time="0.002"/>
  <testcase name="repetition 2154 of 5000" classname="com.mindhub.homebanking.HomebankingApplicationTest" time="0.002"/>
  <testcase name="repetition 2155 of 5000" classname="com.mindhub.homebanking.HomebankingApplicationTest" time="0.002"/>
  <testcase name="repetition 2156 of 5000" classname="com.mindhub.homebanking.HomebankingApplicationTest" time="0.002"/>
  <testcase name="repetition 2157 of 5000" classname="com.mindhub.homebanking.HomebankingApplicationTest" time="0.002"/>
  <testcase name="repetition 2158 of 5000" classname="com.mindhub.homebanking.HomebankingApplicationTest" time="0.003"/>
  <testcase name="repetition 2159 of 5000" classname="com.mindhub.homebanking.HomebankingApplicationTest" time="0.002"/>
  <testcase name="repetition 2160 of 5000" classname="com.mindhub.homebanking.HomebankingApplicationTest" time="0.002"/>
  <testcase name="repetition 2161 of 5000" classname="com.mindhub.homebanking.HomebankingApplicationTest" time="0.002"/>
  <testcase name="repetition 2162 of 5000" classname="com.mindhub.homebanking.HomebankingApplicationTest" time="0.001"/>
  <testcase name="repetition 2163 of 5000" classname="com.mindhub.homebanking.HomebankingApplicationTest" time="0.002"/>
  <testcase name="repetition 2164 of 5000" classname="com.mindhub.homebanking.HomebankingApplicationTest" time="0.002"/>
  <testcase name="repetition 2165 of 5000" classname="com.mindhub.homebanking.HomebankingApplicationTest" time="0.002"/>
  <testcase name="repetition 2166 of 5000" classname="com.mindhub.homebanking.HomebankingApplicationTest" time="0.001"/>
  <testcase name="repetition 2167 of 5000" classname="com.mindhub.homebanking.HomebankingApplicationTest" time="0.001"/>
  <testcase name="repetition 2168 of 5000" classname="com.mindhub.homebanking.HomebankingApplicationTest" time="0.002"/>
  <testcase name="repetition 2169 of 5000" classname="com.mindhub.homebanking.HomebankingApplicationTest" time="0.002"/>
  <testcase name="repetition 2170 of 5000" classname="com.mindhub.homebanking.HomebankingApplicationTest" time="0.001"/>
  <testcase name="repetition 2171 of 5000" classname="com.mindhub.homebanking.HomebankingApplicationTest" time="0.02"/>
  <testcase name="repetition 2172 of 5000" classname="com.mindhub.homebanking.HomebankingApplicationTest" time="0.001"/>
  <testcase name="repetition 2173 of 5000" classname="com.mindhub.homebanking.HomebankingApplicationTest" time="0.001"/>
  <testcase name="repetition 2174 of 5000" classname="com.mindhub.homebanking.HomebankingApplicationTest" time="0.001"/>
  <testcase name="repetition 2175 of 5000" classname="com.mindhub.homebanking.HomebankingApplicationTest" time="0.001"/>
  <testcase name="repetition 2176 of 5000" classname="com.mindhub.homebanking.HomebankingApplicationTest" time="0.001"/>
  <testcase name="repetition 2177 of 5000" classname="com.mindhub.homebanking.HomebankingApplicationTest" time="0.0"/>
  <testcase name="repetition 2178 of 5000" classname="com.mindhub.homebanking.HomebankingApplicationTest" time="0.001"/>
  <testcase name="repetition 2179 of 5000" classname="com.mindhub.homebanking.HomebankingApplicationTest" time="0.001"/>
  <testcase name="repetition 2180 of 5000" classname="com.mindhub.homebanking.HomebankingApplicationTest" time="0.001"/>
  <testcase name="repetition 2181 of 5000" classname="com.mindhub.homebanking.HomebankingApplicationTest" time="0.001"/>
  <testcase name="repetition 2182 of 5000" classname="com.mindhub.homebanking.HomebankingApplicationTest" time="0.001"/>
  <testcase name="repetition 2183 of 5000" classname="com.mindhub.homebanking.HomebankingApplicationTest" time="0.002"/>
  <testcase name="repetition 2184 of 5000" classname="com.mindhub.homebanking.HomebankingApplicationTest" time="0.001"/>
  <testcase name="repetition 2185 of 5000" classname="com.mindhub.homebanking.HomebankingApplicationTest" time="0.001"/>
  <testcase name="repetition 2186 of 5000" classname="com.mindhub.homebanking.HomebankingApplicationTest" time="0.001"/>
  <testcase name="repetition 2187 of 5000" classname="com.mindhub.homebanking.HomebankingApplicationTest" time="0.0"/>
  <testcase name="repetition 2188 of 5000" classname="com.mindhub.homebanking.HomebankingApplicationTest" time="0.0"/>
  <testcase name="repetition 2189 of 5000" classname="com.mindhub.homebanking.HomebankingApplicationTest" time="0.001"/>
  <testcase name="repetition 2190 of 5000" classname="com.mindhub.homebanking.HomebankingApplicationTest" time="0.001"/>
  <testcase name="repetition 2191 of 5000" classname="com.mindhub.homebanking.HomebankingApplicationTest" time="0.001"/>
  <testcase name="repetition 2192 of 5000" classname="com.mindhub.homebanking.HomebankingApplicationTest" time="0.0"/>
  <testcase name="repetition 2193 of 5000" classname="com.mindhub.homebanking.HomebankingApplicationTest" time="0.001"/>
  <testcase name="repetition 2194 of 5000" classname="com.mindhub.homebanking.HomebankingApplicationTest" time="0.0"/>
  <testcase name="repetition 2195 of 5000" classname="com.mindhub.homebanking.HomebankingApplicationTest" time="0.0"/>
  <testcase name="repetition 2196 of 5000" classname="com.mindhub.homebanking.HomebankingApplicationTest" time="0.001"/>
  <testcase name="repetition 2197 of 5000" classname="com.mindhub.homebanking.HomebankingApplicationTest" time="0.002"/>
  <testcase name="repetition 2198 of 5000" classname="com.mindhub.homebanking.HomebankingApplicationTest" time="0.002"/>
  <testcase name="repetition 2199 of 5000" classname="com.mindhub.homebanking.HomebankingApplicationTest" time="0.001"/>
  <testcase name="repetition 2200 of 5000" classname="com.mindhub.homebanking.HomebankingApplicationTest" time="0.001"/>
  <testcase name="repetition 2201 of 5000" classname="com.mindhub.homebanking.HomebankingApplicationTest" time="0.001"/>
  <testcase name="repetition 2202 of 5000" classname="com.mindhub.homebanking.HomebankingApplicationTest" time="0.001"/>
  <testcase name="repetition 2203 of 5000" classname="com.mindhub.homebanking.HomebankingApplicationTest" time="0.001"/>
  <testcase name="repetition 2204 of 5000" classname="com.mindhub.homebanking.HomebankingApplicationTest" time="0.001"/>
  <testcase name="repetition 2205 of 5000" classname="com.mindhub.homebanking.HomebankingApplicationTest" time="0.0"/>
  <testcase name="repetition 2206 of 5000" classname="com.mindhub.homebanking.HomebankingApplicationTest" time="0.001"/>
  <testcase name="repetition 2207 of 5000" classname="com.mindhub.homebanking.HomebankingApplicationTest" time="0.001"/>
  <testcase name="repetition 2208 of 5000" classname="com.mindhub.homebanking.HomebankingApplicationTest" time="0.0"/>
  <testcase name="repetition 2209 of 5000" classname="com.mindhub.homebanking.HomebankingApplicationTest" time="0.0"/>
  <testcase name="repetition 2210 of 5000" classname="com.mindhub.homebanking.HomebankingApplicationTest" time="0.001"/>
  <testcase name="repetition 2211 of 5000" classname="com.mindhub.homebanking.HomebankingApplicationTest" time="0.001"/>
  <testcase name="repetition 2212 of 5000" classname="com.mindhub.homebanking.HomebankingApplicationTest" time="0.001"/>
  <testcase name="repetition 2213 of 5000" classname="com.mindhub.homebanking.HomebankingApplicationTest" time="0.001"/>
  <testcase name="repetition 2214 of 5000" classname="com.mindhub.homebanking.HomebankingApplicationTest" time="0.0"/>
  <testcase name="repetition 2215 of 5000" classname="com.mindhub.homebanking.HomebankingApplicationTest" time="0.001"/>
  <testcase name="repetition 2216 of 5000" classname="com.mindhub.homebanking.HomebankingApplicationTest" time="0.001"/>
  <testcase name="repetition 2217 of 5000" classname="com.mindhub.homebanking.HomebankingApplicationTest" time="0.0"/>
  <testcase name="repetition 2218 of 5000" classname="com.mindhub.homebanking.HomebankingApplicationTest" time="0.001"/>
  <testcase name="repetition 2219 of 5000" classname="com.mindhub.homebanking.HomebankingApplicationTest" time="0.0"/>
  <testcase name="repetition 2220 of 5000" classname="com.mindhub.homebanking.HomebankingApplicationTest" time="0.001"/>
  <testcase name="repetition 2221 of 5000" classname="com.mindhub.homebanking.HomebankingApplicationTest" time="0.001"/>
  <testcase name="repetition 2222 of 5000" classname="com.mindhub.homebanking.HomebankingApplicationTest" time="0.0"/>
  <testcase name="repetition 2223 of 5000" classname="com.mindhub.homebanking.HomebankingApplicationTest" time="0.0"/>
  <testcase name="repetition 2224 of 5000" classname="com.mindhub.homebanking.HomebankingApplicationTest" time="0.001"/>
  <testcase name="repetition 2225 of 5000" classname="com.mindhub.homebanking.HomebankingApplicationTest" time="0.0"/>
  <testcase name="repetition 2226 of 5000" classname="com.mindhub.homebanking.HomebankingApplicationTest" time="0.001"/>
  <testcase name="repetition 2227 of 5000" classname="com.mindhub.homebanking.HomebankingApplicationTest" time="0.0"/>
  <testcase name="repetition 2228 of 5000" classname="com.mindhub.homebanking.HomebankingApplicationTest" time="0.001"/>
  <testcase name="repetition 2229 of 5000" classname="com.mindhub.homebanking.HomebankingApplicationTest" time="0.001"/>
  <testcase name="repetition 2230 of 5000" classname="com.mindhub.homebanking.HomebankingApplicationTest" time="0.001"/>
  <testcase name="repetition 2231 of 5000" classname="com.mindhub.homebanking.HomebankingApplicationTest" time="0.001"/>
  <testcase name="repetition 2232 of 5000" classname="com.mindhub.homebanking.HomebankingApplicationTest" time="0.001"/>
  <testcase name="repetition 2233 of 5000" classname="com.mindhub.homebanking.HomebankingApplicationTest" time="0.001"/>
  <testcase name="repetition 2234 of 5000" classname="com.mindhub.homebanking.HomebankingApplicationTest" time="0.001"/>
  <testcase name="repetition 2235 of 5000" classname="com.mindhub.homebanking.HomebankingApplicationTest" time="0.001"/>
  <testcase name="repetition 2236 of 5000" classname="com.mindhub.homebanking.HomebankingApplicationTest" time="0.001"/>
  <testcase name="repetition 2237 of 5000" classname="com.mindhub.homebanking.HomebankingApplicationTest" time="0.0"/>
  <testcase name="repetition 2238 of 5000" classname="com.mindhub.homebanking.HomebankingApplicationTest" time="0.0"/>
  <testcase name="repetition 2239 of 5000" classname="com.mindhub.homebanking.HomebankingApplicationTest" time="0.001"/>
  <testcase name="repetition 2240 of 5000" classname="com.mindhub.homebanking.HomebankingApplicationTest" time="0.001"/>
  <testcase name="repetition 2241 of 5000" classname="com.mindhub.homebanking.HomebankingApplicationTest" time="0.0"/>
  <testcase name="repetition 2242 of 5000" classname="com.mindhub.homebanking.HomebankingApplicationTest" time="0.002"/>
  <testcase name="repetition 2243 of 5000" classname="com.mindhub.homebanking.HomebankingApplicationTest" time="0.001"/>
  <testcase name="repetition 2244 of 5000" classname="com.mindhub.homebanking.HomebankingApplicationTest" time="0.001"/>
  <testcase name="repetition 2245 of 5000" classname="com.mindhub.homebanking.HomebankingApplicationTest" time="0.001"/>
  <testcase name="repetition 2246 of 5000" classname="com.mindhub.homebanking.HomebankingApplicationTest" time="0.001"/>
  <testcase name="repetition 2247 of 5000" classname="com.mindhub.homebanking.HomebankingApplicationTest" time="0.001"/>
  <testcase name="repetition 2248 of 5000" classname="com.mindhub.homebanking.HomebankingApplicationTest" time="0.001"/>
  <testcase name="repetition 2249 of 5000" classname="com.mindhub.homebanking.HomebankingApplicationTest" time="0.001"/>
  <testcase name="repetition 2250 of 5000" classname="com.mindhub.homebanking.HomebankingApplicationTest" time="0.0"/>
  <testcase name="repetition 2251 of 5000" classname="com.mindhub.homebanking.HomebankingApplicationTest" time="0.001"/>
  <testcase name="repetition 2252 of 5000" classname="com.mindhub.homebanking.HomebankingApplicationTest" time="0.001"/>
  <testcase name="repetition 2253 of 5000" classname="com.mindhub.homebanking.HomebankingApplicationTest" time="0.001"/>
  <testcase name="repetition 2254 of 5000" classname="com.mindhub.homebanking.HomebankingApplicationTest" time="0.001"/>
  <testcase name="repetition 2255 of 5000" classname="com.mindhub.homebanking.HomebankingApplicationTest" time="0.001"/>
  <testcase name="repetition 2256 of 5000" classname="com.mindhub.homebanking.HomebankingApplicationTest" time="0.0"/>
  <testcase name="repetition 2257 of 5000" classname="com.mindhub.homebanking.HomebankingApplicationTest" time="0.001"/>
  <testcase name="repetition 2258 of 5000" classname="com.mindhub.homebanking.HomebankingApplicationTest" time="0.0"/>
  <testcase name="repetition 2259 of 5000" classname="com.mindhub.homebanking.HomebankingApplicationTest" time="0.0"/>
  <testcase name="repetition 2260 of 5000" classname="com.mindhub.homebanking.HomebankingApplicationTest" time="0.001"/>
  <testcase name="repetition 2261 of 5000" classname="com.mindhub.homebanking.HomebankingApplicationTest" time="0.0"/>
  <testcase name="repetition 2262 of 5000" classname="com.mindhub.homebanking.HomebankingApplicationTest" time="0.001"/>
  <testcase name="repetition 2263 of 5000" classname="com.mindhub.homebanking.HomebankingApplicationTest" time="0.0"/>
  <testcase name="repetition 2264 of 5000" classname="com.mindhub.homebanking.HomebankingApplicationTest" time="0.001"/>
  <testcase name="repetition 2265 of 5000" classname="com.mindhub.homebanking.HomebankingApplicationTest" time="0.0"/>
  <testcase name="repetition 2266 of 5000" classname="com.mindhub.homebanking.HomebankingApplicationTest" time="0.0"/>
  <testcase name="repetition 2267 of 5000" classname="com.mindhub.homebanking.HomebankingApplicationTest" time="0.001"/>
  <testcase name="repetition 2268 of 5000" classname="com.mindhub.homebanking.HomebankingApplicationTest" time="0.001"/>
  <testcase name="repetition 2269 of 5000" classname="com.mindhub.homebanking.HomebankingApplicationTest" time="0.002"/>
  <testcase name="repetition 2270 of 5000" classname="com.mindhub.homebanking.HomebankingApplicationTest" time="0.001"/>
  <testcase name="repetition 2271 of 5000" classname="com.mindhub.homebanking.HomebankingApplicationTest" time="0.0"/>
  <testcase name="repetition 2272 of 5000" classname="com.mindhub.homebanking.HomebankingApplicationTest" time="0.0"/>
  <testcase name="repetition 2273 of 5000" classname="com.mindhub.homebanking.HomebankingApplicationTest" time="0.001"/>
  <testcase name="repetition 2274 of 5000" classname="com.mindhub.homebanking.HomebankingApplicationTest" time="0.001"/>
  <testcase name="repetition 2275 of 5000" classname="com.mindhub.homebanking.HomebankingApplicationTest" time="0.0"/>
  <testcase name="repetition 2276 of 5000" classname="com.mindhub.homebanking.HomebankingApplicationTest" time="0.001"/>
  <testcase name="repetition 2277 of 5000" classname="com.mindhub.homebanking.HomebankingApplicationTest" time="0.0"/>
  <testcase name="repetition 2278 of 5000" classname="com.mindhub.homebanking.HomebankingApplicationTest" time="0.0"/>
  <testcase name="repetition 2279 of 5000" classname="com.mindhub.homebanking.HomebankingApplicationTest" time="0.001"/>
  <testcase name="repetition 2280 of 5000" classname="com.mindhub.homebanking.HomebankingApplicationTest" time="0.001"/>
  <testcase name="repetition 2281 of 5000" classname="com.mindhub.homebanking.HomebankingApplicationTest" time="0.001"/>
  <testcase name="repetition 2282 of 5000" classname="com.mindhub.homebanking.HomebankingApplicationTest" time="0.001"/>
  <testcase name="repetition 2283 of 5000" classname="com.mindhub.homebanking.HomebankingApplicationTest" time="0.001"/>
  <testcase name="repetition 2284 of 5000" classname="com.mindhub.homebanking.HomebankingApplicationTest" time="0.0"/>
  <testcase name="repetition 2285 of 5000" classname="com.mindhub.homebanking.HomebankingApplicationTest" time="0.001"/>
  <testcase name="repetition 2286 of 5000" classname="com.mindhub.homebanking.HomebankingApplicationTest" time="0.0"/>
  <testcase name="repetition 2287 of 5000" classname="com.mindhub.homebanking.HomebankingApplicationTest" time="0.001"/>
  <testcase name="repetition 2288 of 5000" classname="com.mindhub.homebanking.HomebankingApplicationTest" time="0.0"/>
  <testcase name="repetition 2289 of 5000" classname="com.mindhub.homebanking.HomebankingApplicationTest" time="0.001"/>
  <testcase name="repetition 2290 of 5000" classname="com.mindhub.homebanking.HomebankingApplicationTest" time="0.0"/>
  <testcase name="repetition 2291 of 5000" classname="com.mindhub.homebanking.HomebankingApplicationTest" time="0.001"/>
  <testcase name="repetition 2292 of 5000" classname="com.mindhub.homebanking.HomebankingApplicationTest" time="0.0"/>
  <testcase name="repetition 2293 of 5000" classname="com.mindhub.homebanking.HomebankingApplicationTest" time="0.0"/>
  <testcase name="repetition 2294 of 5000" classname="com.mindhub.homebanking.HomebankingApplicationTest" time="0.001"/>
  <testcase name="repetition 2295 of 5000" classname="com.mindhub.homebanking.HomebankingApplicationTest" time="0.0"/>
  <testcase name="repetition 2296 of 5000" classname="com.mindhub.homebanking.HomebankingApplicationTest" time="0.001"/>
  <testcase name="repetition 2297 of 5000" classname="com.mindhub.homebanking.HomebankingApplicationTest" time="0.0"/>
  <testcase name="repetition 2298 of 5000" classname="com.mindhub.homebanking.HomebankingApplicationTest" time="0.001"/>
  <testcase name="repetition 2299 of 5000" classname="com.mindhub.homebanking.HomebankingApplicationTest" time="0.0"/>
  <testcase name="repetition 2300 of 5000" classname="com.mindhub.homebanking.HomebankingApplicationTest" time="0.0"/>
  <testcase name="repetition 2301 of 5000" classname="com.mindhub.homebanking.HomebankingApplicationTest" time="0.0"/>
  <testcase name="repetition 2302 of 5000" classname="com.mindhub.homebanking.HomebankingApplicationTest" time="0.001"/>
  <testcase name="repetition 2303 of 5000" classname="com.mindhub.homebanking.HomebankingApplicationTest" time="0.0"/>
  <testcase name="repetition 2304 of 5000" classname="com.mindhub.homebanking.HomebankingApplicationTest" time="0.0"/>
  <testcase name="repetition 2305 of 5000" classname="com.mindhub.homebanking.HomebankingApplicationTest" time="0.001"/>
  <testcase name="repetition 2306 of 5000" classname="com.mindhub.homebanking.HomebankingApplicationTest" time="0.0"/>
  <testcase name="repetition 2307 of 5000" classname="com.mindhub.homebanking.HomebankingApplicationTest" time="0.001"/>
  <testcase name="repetition 2308 of 5000" classname="com.mindhub.homebanking.HomebankingApplicationTest" time="0.0"/>
  <testcase name="repetition 2309 of 5000" classname="com.mindhub.homebanking.HomebankingApplicationTest" time="0.001"/>
  <testcase name="repetition 2310 of 5000" classname="com.mindhub.homebanking.HomebankingApplicationTest" time="0.0"/>
  <testcase name="repetition 2311 of 5000" classname="com.mindhub.homebanking.HomebankingApplicationTest" time="0.001"/>
  <testcase name="repetition 2312 of 5000" classname="com.mindhub.homebanking.HomebankingApplicationTest" time="0.0"/>
  <testcase name="repetition 2313 of 5000" classname="com.mindhub.homebanking.HomebankingApplicationTest" time="0.0"/>
  <testcase name="repetition 2314 of 5000" classname="com.mindhub.homebanking.HomebankingApplicationTest" time="0.001"/>
  <testcase name="repetition 2315 of 5000" classname="com.mindhub.homebanking.HomebankingApplicationTest" time="0.001"/>
  <testcase name="repetition 2316 of 5000" classname="com.mindhub.homebanking.HomebankingApplicationTest" time="0.001"/>
  <testcase name="repetition 2317 of 5000" classname="com.mindhub.homebanking.HomebankingApplicationTest" time="0.001"/>
  <testcase name="repetition 2318 of 5000" classname="com.mindhub.homebanking.HomebankingApplicationTest" time="0.001"/>
  <testcase name="repetition 2319 of 5000" classname="com.mindhub.homebanking.HomebankingApplicationTest" time="0.0"/>
  <testcase name="repetition 2320 of 5000" classname="com.mindhub.homebanking.HomebankingApplicationTest" time="0.001"/>
  <testcase name="repetition 2321 of 5000" classname="com.mindhub.homebanking.HomebankingApplicationTest" time="0.001"/>
  <testcase name="repetition 2322 of 5000" classname="com.mindhub.homebanking.HomebankingApplicationTest" time="0.001"/>
  <testcase name="repetition 2323 of 5000" classname="com.mindhub.homebanking.HomebankingApplicationTest" time="0.001"/>
  <testcase name="repetition 2324 of 5000" classname="com.mindhub.homebanking.HomebankingApplicationTest" time="0.001"/>
  <testcase name="repetition 2325 of 5000" classname="com.mindhub.homebanking.HomebankingApplicationTest" time="0.001"/>
  <testcase name="repetition 2326 of 5000" classname="com.mindhub.homebanking.HomebankingApplicationTest" time="0.0"/>
  <testcase name="repetition 2327 of 5000" classname="com.mindhub.homebanking.HomebankingApplicationTest" time="0.0"/>
  <testcase name="repetition 2328 of 5000" classname="com.mindhub.homebanking.HomebankingApplicationTest" time="0.0"/>
  <testcase name="repetition 2329 of 5000" classname="com.mindhub.homebanking.HomebankingApplicationTest" time="0.001"/>
  <testcase name="repetition 2330 of 5000" classname="com.mindhub.homebanking.HomebankingApplicationTest" time="0.0"/>
  <testcase name="repetition 2331 of 5000" classname="com.mindhub.homebanking.HomebankingApplicationTest" time="0.001"/>
  <testcase name="repetition 2332 of 5000" classname="com.mindhub.homebanking.HomebankingApplicationTest" time="0.0"/>
  <testcase name="repetition 2333 of 5000" classname="com.mindhub.homebanking.HomebankingApplicationTest" time="0.001"/>
  <testcase name="repetition 2334 of 5000" classname="com.mindhub.homebanking.HomebankingApplicationTest" time="0.0"/>
  <testcase name="repetition 2335 of 5000" classname="com.mindhub.homebanking.HomebankingApplicationTest" time="0.0"/>
  <testcase name="repetition 2336 of 5000" classname="com.mindhub.homebanking.HomebankingApplicationTest" time="0.0"/>
  <testcase name="repetition 2337 of 5000" classname="com.mindhub.homebanking.HomebankingApplicationTest" time="0.0"/>
  <testcase name="repetition 2338 of 5000" classname="com.mindhub.homebanking.HomebankingApplicationTest" time="0.0"/>
  <testcase name="repetition 2339 of 5000" classname="com.mindhub.homebanking.HomebankingApplicationTest" time="0.001"/>
  <testcase name="repetition 2340 of 5000" classname="com.mindhub.homebanking.HomebankingApplicationTest" time="0.001"/>
  <testcase name="repetition 2341 of 5000" classname="com.mindhub.homebanking.HomebankingApplicationTest" time="0.0"/>
  <testcase name="repetition 2342 of 5000" classname="com.mindhub.homebanking.HomebankingApplicationTest" time="0.0"/>
  <testcase name="repetition 2343 of 5000" classname="com.mindhub.homebanking.HomebankingApplicationTest" time="0.001"/>
  <testcase name="repetition 2344 of 5000" classname="com.mindhub.homebanking.HomebankingApplicationTest" time="0.0"/>
  <testcase name="repetition 2345 of 5000" classname="com.mindhub.homebanking.HomebankingApplicationTest" time="0.001"/>
  <testcase name="repetition 2346 of 5000" classname="com.mindhub.homebanking.HomebankingApplicationTest" time="0.0"/>
  <testcase name="repetition 2347 of 5000" classname="com.mindhub.homebanking.HomebankingApplicationTest" time="0.001"/>
  <testcase name="repetition 2348 of 5000" classname="com.mindhub.homebanking.HomebankingApplicationTest" time="0.002"/>
  <testcase name="repetition 2349 of 5000" classname="com.mindhub.homebanking.HomebankingApplicationTest" time="0.001"/>
  <testcase name="repetition 2350 of 5000" classname="com.mindhub.homebanking.HomebankingApplicationTest" time="0.0"/>
  <testcase name="repetition 2351 of 5000" classname="com.mindhub.homebanking.HomebankingApplicationTest" time="0.0"/>
  <testcase name="repetition 2352 of 5000" classname="com.mindhub.homebanking.HomebankingApplicationTest" time="0.001"/>
  <testcase name="repetition 2353 of 5000" classname="com.mindhub.homebanking.HomebankingApplicationTest" time="0.0"/>
  <testcase name="repetition 2354 of 5000" classname="com.mindhub.homebanking.HomebankingApplicationTest" time="0.001"/>
  <testcase name="repetition 2355 of 5000" classname="com.mindhub.homebanking.HomebankingApplicationTest" time="0.0"/>
  <testcase name="repetition 2356 of 5000" classname="com.mindhub.homebanking.HomebankingApplicationTest" time="0.0"/>
  <testcase name="repetition 2357 of 5000" classname="com.mindhub.homebanking.HomebankingApplicationTest" time="0.0"/>
  <testcase name="repetition 2358 of 5000" classname="com.mindhub.homebanking.HomebankingApplicationTest" time="0.001"/>
  <testcase name="repetition 2359 of 5000" classname="com.mindhub.homebanking.HomebankingApplicationTest" time="0.001"/>
  <testcase name="repetition 2360 of 5000" classname="com.mindhub.homebanking.HomebankingApplicationTest" time="0.001"/>
  <testcase name="repetition 2361 of 5000" classname="com.mindhub.homebanking.HomebankingApplicationTest" time="0.001"/>
  <testcase name="repetition 2362 of 5000" classname="com.mindhub.homebanking.HomebankingApplicationTest" time="0.001"/>
  <testcase name="repetition 2363 of 5000" classname="com.mindhub.homebanking.HomebankingApplicationTest" time="0.0"/>
  <testcase name="repetition 2364 of 5000" classname="com.mindhub.homebanking.HomebankingApplicationTest" time="0.001"/>
  <testcase name="repetition 2365 of 5000" classname="com.mindhub.homebanking.HomebankingApplicationTest" time="0.001"/>
  <testcase name="repetition 2366 of 5000" classname="com.mindhub.homebanking.HomebankingApplicationTest" time="0.0"/>
  <testcase name="repetition 2367 of 5000" classname="com.mindhub.homebanking.HomebankingApplicationTest" time="0.001"/>
  <testcase name="repetition 2368 of 5000" classname="com.mindhub.homebanking.HomebankingApplicationTest" time="0.0"/>
  <testcase name="repetition 2369 of 5000" classname="com.mindhub.homebanking.HomebankingApplicationTest" time="0.001"/>
  <testcase name="repetition 2370 of 5000" classname="com.mindhub.homebanking.HomebankingApplicationTest" time="0.0"/>
  <testcase name="repetition 2371 of 5000" classname="com.mindhub.homebanking.HomebankingApplicationTest" time="0.0"/>
  <testcase name="repetition 2372 of 5000" classname="com.mindhub.homebanking.HomebankingApplicationTest" time="0.0"/>
  <testcase name="repetition 2373 of 5000" classname="com.mindhub.homebanking.HomebankingApplicationTest" time="0.001"/>
  <testcase name="repetition 2374 of 5000" classname="com.mindhub.homebanking.HomebankingApplicationTest" time="0.001"/>
  <testcase name="repetition 2375 of 5000" classname="com.mindhub.homebanking.HomebankingApplicationTest" time="0.001"/>
  <testcase name="repetition 2376 of 5000" classname="com.mindhub.homebanking.HomebankingApplicationTest" time="0.0"/>
  <testcase name="repetition 2377 of 5000" classname="com.mindhub.homebanking.HomebankingApplicationTest" time="0.0"/>
  <testcase name="repetition 2378 of 5000" classname="com.mindhub.homebanking.HomebankingApplicationTest" time="0.0"/>
  <testcase name="repetition 2379 of 5000" classname="com.mindhub.homebanking.HomebankingApplicationTest" time="0.0"/>
  <testcase name="repetition 2380 of 5000" classname="com.mindhub.homebanking.HomebankingApplicationTest" time="0.0"/>
  <testcase name="repetition 2381 of 5000" classname="com.mindhub.homebanking.HomebankingApplicationTest" time="0.001"/>
  <testcase name="repetition 2382 of 5000" classname="com.mindhub.homebanking.HomebankingApplicationTest" time="0.001"/>
  <testcase name="repetition 2383 of 5000" classname="com.mindhub.homebanking.HomebankingApplicationTest" time="0.002"/>
  <testcase name="repetition 2384 of 5000" classname="com.mindhub.homebanking.HomebankingApplicationTest" time="0.001"/>
  <testcase name="repetition 2385 of 5000" classname="com.mindhub.homebanking.HomebankingApplicationTest" time="0.001"/>
  <testcase name="repetition 2386 of 5000" classname="com.mindhub.homebanking.HomebankingApplicationTest" time="0.001"/>
  <testcase name="repetition 2387 of 5000" classname="com.mindhub.homebanking.HomebankingApplicationTest" time="0.001"/>
  <testcase name="repetition 2388 of 5000" classname="com.mindhub.homebanking.HomebankingApplicationTest" time="0.0"/>
  <testcase name="repetition 2389 of 5000" classname="com.mindhub.homebanking.HomebankingApplicationTest" time="0.001"/>
  <testcase name="repetition 2390 of 5000" classname="com.mindhub.homebanking.HomebankingApplicationTest" time="0.001"/>
  <testcase name="repetition 2391 of 5000" classname="com.mindhub.homebanking.HomebankingApplicationTest" time="0.0"/>
  <testcase name="repetition 2392 of 5000" classname="com.mindhub.homebanking.HomebankingApplicationTest" time="0.0"/>
  <testcase name="repetition 2393 of 5000" classname="com.mindhub.homebanking.HomebankingApplicationTest" time="0.0"/>
  <testcase name="repetition 2394 of 5000" classname="com.mindhub.homebanking.HomebankingApplicationTest" time="0.0"/>
  <testcase name="repetition 2395 of 5000" classname="com.mindhub.homebanking.HomebankingApplicationTest" time="0.001"/>
  <testcase name="repetition 2396 of 5000" classname="com.mindhub.homebanking.HomebankingApplicationTest" time="0.002"/>
  <testcase name="repetition 2397 of 5000" classname="com.mindhub.homebanking.HomebankingApplicationTest" time="0.001"/>
  <testcase name="repetition 2398 of 5000" classname="com.mindhub.homebanking.HomebankingApplicationTest" time="0.001"/>
  <testcase name="repetition 2399 of 5000" classname="com.mindhub.homebanking.HomebankingApplicationTest" time="0.0"/>
  <testcase name="repetition 2400 of 5000" classname="com.mindhub.homebanking.HomebankingApplicationTest" time="0.0"/>
  <testcase name="repetition 2401 of 5000" classname="com.mindhub.homebanking.HomebankingApplicationTest" time="0.0"/>
  <testcase name="repetition 2402 of 5000" classname="com.mindhub.homebanking.HomebankingApplicationTest" time="0.0"/>
  <testcase name="repetition 2403 of 5000" classname="com.mindhub.homebanking.HomebankingApplicationTest" time="0.001"/>
  <testcase name="repetition 2404 of 5000" classname="com.mindhub.homebanking.HomebankingApplicationTest" time="0.002"/>
  <testcase name="repetition 2405 of 5000" classname="com.mindhub.homebanking.HomebankingApplicationTest" time="0.001"/>
  <testcase name="repetition 2406 of 5000" classname="com.mindhub.homebanking.HomebankingApplicationTest" time="0.0"/>
  <testcase name="repetition 2407 of 5000" classname="com.mindhub.homebanking.HomebankingApplicationTest" time="0.0"/>
  <testcase name="repetition 2408 of 5000" classname="com.mindhub.homebanking.HomebankingApplicationTest" time="0.001"/>
  <testcase name="repetition 2409 of 5000" classname="com.mindhub.homebanking.HomebankingApplicationTest" time="0.0"/>
  <testcase name="repetition 2410 of 5000" classname="com.mindhub.homebanking.HomebankingApplicationTest" time="0.001"/>
  <testcase name="repetition 2411 of 5000" classname="com.mindhub.homebanking.HomebankingApplicationTest" time="0.001"/>
  <testcase name="repetition 2412 of 5000" classname="com.mindhub.homebanking.HomebankingApplicationTest" time="0.001"/>
  <testcase name="repetition 2413 of 5000" classname="com.mindhub.homebanking.HomebankingApplicationTest" time="0.001"/>
  <testcase name="repetition 2414 of 5000" classname="com.mindhub.homebanking.HomebankingApplicationTest" time="0.0"/>
  <testcase name="repetition 2415 of 5000" classname="com.mindhub.homebanking.HomebankingApplicationTest" time="0.001"/>
  <testcase name="repetition 2416 of 5000" classname="com.mindhub.homebanking.HomebankingApplicationTest" time="0.0"/>
  <testcase name="repetition 2417 of 5000" classname="com.mindhub.homebanking.HomebankingApplicationTest" time="0.001"/>
  <testcase name="repetition 2418 of 5000" classname="com.mindhub.homebanking.HomebankingApplicationTest" time="0.0"/>
  <testcase name="repetition 2419 of 5000" classname="com.mindhub.homebanking.HomebankingApplicationTest" time="0.001"/>
  <testcase name="repetition 2420 of 5000" classname="com.mindhub.homebanking.HomebankingApplicationTest" time="0.0"/>
  <testcase name="repetition 2421 of 5000" classname="com.mindhub.homebanking.HomebankingApplicationTest" time="0.001"/>
  <testcase name="repetition 2422 of 5000" classname="com.mindhub.homebanking.HomebankingApplicationTest" time="0.001"/>
  <testcase name="repetition 2423 of 5000" classname="com.mindhub.homebanking.HomebankingApplicationTest" time="0.001"/>
  <testcase name="repetition 2424 of 5000" classname="com.mindhub.homebanking.HomebankingApplicationTest" time="0.001"/>
  <testcase name="repetition 2425 of 5000" classname="com.mindhub.homebanking.HomebankingApplicationTest" time="0.0"/>
  <testcase name="repetition 2426 of 5000" classname="com.mindhub.homebanking.HomebankingApplicationTest" time="0.001"/>
  <testcase name="repetition 2427 of 5000" classname="com.mindhub.homebanking.HomebankingApplicationTest" time="0.0"/>
  <testcase name="repetition 2428 of 5000" classname="com.mindhub.homebanking.HomebankingApplicationTest" time="0.001"/>
  <testcase name="repetition 2429 of 5000" classname="com.mindhub.homebanking.HomebankingApplicationTest" time="0.0"/>
  <testcase name="repetition 2430 of 5000" classname="com.mindhub.homebanking.HomebankingApplicationTest" time="0.001"/>
  <testcase name="repetition 2431 of 5000" classname="com.mindhub.homebanking.HomebankingApplicationTest" time="0.0"/>
  <testcase name="repetition 2432 of 5000" classname="com.mindhub.homebanking.HomebankingApplicationTest" time="0.001"/>
  <testcase name="repetition 2433 of 5000" classname="com.mindhub.homebanking.HomebankingApplicationTest" time="0.0"/>
  <testcase name="repetition 2434 of 5000" classname="com.mindhub.homebanking.HomebankingApplicationTest" time="0.0"/>
  <testcase name="repetition 2435 of 5000" classname="com.mindhub.homebanking.HomebankingApplicationTest" time="0.001"/>
  <testcase name="repetition 2436 of 5000" classname="com.mindhub.homebanking.HomebankingApplicationTest" time="0.001"/>
  <testcase name="repetition 2437 of 5000" classname="com.mindhub.homebanking.HomebankingApplicationTest" time="0.0"/>
  <testcase name="repetition 2438 of 5000" classname="com.mindhub.homebanking.HomebankingApplicationTest" time="0.001"/>
  <testcase name="repetition 2439 of 5000" classname="com.mindhub.homebanking.HomebankingApplicationTest" time="0.001"/>
  <testcase name="repetition 2440 of 5000" classname="com.mindhub.homebanking.HomebankingApplicationTest" time="0.001"/>
  <testcase name="repetition 2441 of 5000" classname="com.mindhub.homebanking.HomebankingApplicationTest" time="0.001"/>
  <testcase name="repetition 2442 of 5000" classname="com.mindhub.homebanking.HomebankingApplicationTest" time="0.0"/>
  <testcase name="repetition 2443 of 5000" classname="com.mindhub.homebanking.HomebankingApplicationTest" time="0.0"/>
  <testcase name="repetition 2444 of 5000" classname="com.mindhub.homebanking.HomebankingApplicationTest" time="0.001"/>
  <testcase name="repetition 2445 of 5000" classname="com.mindhub.homebanking.HomebankingApplicationTest" time="0.0"/>
  <testcase name="repetition 2446 of 5000" classname="com.mindhub.homebanking.HomebankingApplicationTest" time="0.0"/>
  <testcase name="repetition 2447 of 5000" classname="com.mindhub.homebanking.HomebankingApplicationTest" time="0.0"/>
  <testcase name="repetition 2448 of 5000" classname="com.mindhub.homebanking.HomebankingApplicationTest" time="0.001"/>
  <testcase name="repetition 2449 of 5000" classname="com.mindhub.homebanking.HomebankingApplicationTest" time="0.0"/>
  <testcase name="repetition 2450 of 5000" classname="com.mindhub.homebanking.HomebankingApplicationTest" time="0.001"/>
  <testcase name="repetition 2451 of 5000" classname="com.mindhub.homebanking.HomebankingApplicationTest" time="0.0"/>
  <testcase name="repetition 2452 of 5000" classname="com.mindhub.homebanking.HomebankingApplicationTest" time="0.0"/>
  <testcase name="repetition 2453 of 5000" classname="com.mindhub.homebanking.HomebankingApplicationTest" time="0.001"/>
  <testcase name="repetition 2454 of 5000" classname="com.mindhub.homebanking.HomebankingApplicationTest" time="0.0"/>
  <testcase name="repetition 2455 of 5000" classname="com.mindhub.homebanking.HomebankingApplicationTest" time="0.001"/>
  <testcase name="repetition 2456 of 5000" classname="com.mindhub.homebanking.HomebankingApplicationTest" time="0.001"/>
  <testcase name="repetition 2457 of 5000" classname="com.mindhub.homebanking.HomebankingApplicationTest" time="0.0"/>
  <testcase name="repetition 2458 of 5000" classname="com.mindhub.homebanking.HomebankingApplicationTest" time="0.001"/>
  <testcase name="repetition 2459 of 5000" classname="com.mindhub.homebanking.HomebankingApplicationTest" time="0.0"/>
  <testcase name="repetition 2460 of 5000" classname="com.mindhub.homebanking.HomebankingApplicationTest" time="0.0"/>
  <testcase name="repetition 2461 of 5000" classname="com.mindhub.homebanking.HomebankingApplicationTest" time="0.001"/>
  <testcase name="repetition 2462 of 5000" classname="com.mindhub.homebanking.HomebankingApplicationTest" time="0.001"/>
  <testcase name="repetition 2463 of 5000" classname="com.mindhub.homebanking.HomebankingApplicationTest" time="0.0"/>
  <testcase name="repetition 2464 of 5000" classname="com.mindhub.homebanking.HomebankingApplicationTest" time="0.0"/>
  <testcase name="repetition 2465 of 5000" classname="com.mindhub.homebanking.HomebankingApplicationTest" time="0.001"/>
  <testcase name="repetition 2466 of 5000" classname="com.mindhub.homebanking.HomebankingApplicationTest" time="0.0"/>
  <testcase name="repetition 2467 of 5000" classname="com.mindhub.homebanking.HomebankingApplicationTest" time="0.001"/>
  <testcase name="repetition 2468 of 5000" classname="com.mindhub.homebanking.HomebankingApplicationTest" time="0.001"/>
  <testcase name="repetition 2469 of 5000" classname="com.mindhub.homebanking.HomebankingApplicationTest" time="0.0"/>
  <testcase name="repetition 2470 of 5000" classname="com.mindhub.homebanking.HomebankingApplicationTest" time="0.0"/>
  <testcase name="repetition 2471 of 5000" classname="com.mindhub.homebanking.HomebankingApplicationTest" time="0.0"/>
  <testcase name="repetition 2472 of 5000" classname="com.mindhub.homebanking.HomebankingApplicationTest" time="0.0"/>
  <testcase name="repetition 2473 of 5000" classname="com.mindhub.homebanking.HomebankingApplicationTest" time="0.001"/>
  <testcase name="repetition 2474 of 5000" classname="com.mindhub.homebanking.HomebankingApplicationTest" time="0.0"/>
  <testcase name="repetition 2475 of 5000" classname="com.mindhub.homebanking.HomebankingApplicationTest" time="0.001"/>
  <testcase name="repetition 2476 of 5000" classname="com.mindhub.homebanking.HomebankingApplicationTest" time="0.001"/>
  <testcase name="repetition 2477 of 5000" classname="com.mindhub.homebanking.HomebankingApplicationTest" time="0.001"/>
  <testcase name="repetition 2478 of 5000" classname="com.mindhub.homebanking.HomebankingApplicationTest" time="0.001"/>
  <testcase name="repetition 2479 of 5000" classname="com.mindhub.homebanking.HomebankingApplicationTest" time="0.001"/>
  <testcase name="repetition 2480 of 5000" classname="com.mindhub.homebanking.HomebankingApplicationTest" time="0.001"/>
  <testcase name="repetition 2481 of 5000" classname="com.mindhub.homebanking.HomebankingApplicationTest" time="0.001"/>
  <testcase name="repetition 2482 of 5000" classname="com.mindhub.homebanking.HomebankingApplicationTest" time="0.001"/>
  <testcase name="repetition 2483 of 5000" classname="com.mindhub.homebanking.HomebankingApplicationTest" time="0.001"/>
  <testcase name="repetition 2484 of 5000" classname="com.mindhub.homebanking.HomebankingApplicationTest" time="0.001"/>
  <testcase name="repetition 2485 of 5000" classname="com.mindhub.homebanking.HomebankingApplicationTest" time="0.001"/>
  <testcase name="repetition 2486 of 5000" classname="com.mindhub.homebanking.HomebankingApplicationTest" time="0.001"/>
  <testcase name="repetition 2487 of 5000" classname="com.mindhub.homebanking.HomebankingApplicationTest" time="0.001"/>
  <testcase name="repetition 2488 of 5000" classname="com.mindhub.homebanking.HomebankingApplicationTest" time="0.0"/>
  <testcase name="repetition 2489 of 5000" classname="com.mindhub.homebanking.HomebankingApplicationTest" time="0.001"/>
  <testcase name="repetition 2490 of 5000" classname="com.mindhub.homebanking.HomebankingApplicationTest" time="0.0"/>
  <testcase name="repetition 2491 of 5000" classname="com.mindhub.homebanking.HomebankingApplicationTest" time="0.001"/>
  <testcase name="repetition 2492 of 5000" classname="com.mindhub.homebanking.HomebankingApplicationTest" time="0.0"/>
  <testcase name="repetition 2493 of 5000" classname="com.mindhub.homebanking.HomebankingApplicationTest" time="0.001"/>
  <testcase name="repetition 2494 of 5000" classname="com.mindhub.homebanking.HomebankingApplicationTest" time="0.0"/>
  <testcase name="repetition 2495 of 5000" classname="com.mindhub.homebanking.HomebankingApplicationTest" time="0.001"/>
  <testcase name="repetition 2496 of 5000" classname="com.mindhub.homebanking.HomebankingApplicationTest" time="0.001"/>
  <testcase name="repetition 2497 of 5000" classname="com.mindhub.homebanking.HomebankingApplicationTest" time="0.001"/>
  <testcase name="repetition 2498 of 5000" classname="com.mindhub.homebanking.HomebankingApplicationTest" time="0.0"/>
  <testcase name="repetition 2499 of 5000" classname="com.mindhub.homebanking.HomebankingApplicationTest" time="0.0"/>
  <testcase name="repetition 2500 of 5000" classname="com.mindhub.homebanking.HomebankingApplicationTest" time="0.001"/>
  <testcase name="repetition 2501 of 5000" classname="com.mindhub.homebanking.HomebankingApplicationTest" time="0.0"/>
  <testcase name="repetition 2502 of 5000" classname="com.mindhub.homebanking.HomebankingApplicationTest" time="0.001"/>
  <testcase name="repetition 2503 of 5000" classname="com.mindhub.homebanking.HomebankingApplicationTest" time="0.001"/>
  <testcase name="repetition 2504 of 5000" classname="com.mindhub.homebanking.HomebankingApplicationTest" time="0.0"/>
  <testcase name="repetition 2505 of 5000" classname="com.mindhub.homebanking.HomebankingApplicationTest" time="0.001"/>
  <testcase name="repetition 2506 of 5000" classname="com.mindhub.homebanking.HomebankingApplicationTest" time="0.001"/>
  <testcase name="repetition 2507 of 5000" classname="com.mindhub.homebanking.HomebankingApplicationTest" time="0.001"/>
  <testcase name="repetition 2508 of 5000" classname="com.mindhub.homebanking.HomebankingApplicationTest" time="0.001"/>
  <testcase name="repetition 2509 of 5000" classname="com.mindhub.homebanking.HomebankingApplicationTest" time="0.0"/>
  <testcase name="repetition 2510 of 5000" classname="com.mindhub.homebanking.HomebankingApplicationTest" time="0.001"/>
  <testcase name="repetition 2511 of 5000" classname="com.mindhub.homebanking.HomebankingApplicationTest" time="0.0"/>
  <testcase name="repetition 2512 of 5000" classname="com.mindhub.homebanking.HomebankingApplicationTest" time="0.0"/>
  <testcase name="repetition 2513 of 5000" classname="com.mindhub.homebanking.HomebankingApplicationTest" time="0.0"/>
  <testcase name="repetition 2514 of 5000" classname="com.mindhub.homebanking.HomebankingApplicationTest" time="0.001"/>
  <testcase name="repetition 2515 of 5000" classname="com.mindhub.homebanking.HomebankingApplicationTest" time="0.0"/>
  <testcase name="repetition 2516 of 5000" classname="com.mindhub.homebanking.HomebankingApplicationTest" time="0.0"/>
  <testcase name="repetition 2517 of 5000" classname="com.mindhub.homebanking.HomebankingApplicationTest" time="0.001"/>
  <testcase name="repetition 2518 of 5000" classname="com.mindhub.homebanking.HomebankingApplicationTest" time="0.001"/>
  <testcase name="repetition 2519 of 5000" classname="com.mindhub.homebanking.HomebankingApplicationTest" time="0.0"/>
  <testcase name="repetition 2520 of 5000" classname="com.mindhub.homebanking.HomebankingApplicationTest" time="0.0"/>
  <testcase name="repetition 2521 of 5000" classname="com.mindhub.homebanking.HomebankingApplicationTest" time="0.001"/>
  <testcase name="repetition 2522 of 5000" classname="com.mindhub.homebanking.HomebankingApplicationTest" time="0.0"/>
  <testcase name="repetition 2523 of 5000" classname="com.mindhub.homebanking.HomebankingApplicationTest" time="0.001"/>
  <testcase name="repetition 2524 of 5000" classname="com.mindhub.homebanking.HomebankingApplicationTest" time="0.0"/>
  <testcase name="repetition 2525 of 5000" classname="com.mindhub.homebanking.HomebankingApplicationTest" time="0.001"/>
  <testcase name="repetition 2526 of 5000" classname="com.mindhub.homebanking.HomebankingApplicationTest" time="0.001"/>
  <testcase name="repetition 2527 of 5000" classname="com.mindhub.homebanking.HomebankingApplicationTest" time="0.001"/>
  <testcase name="repetition 2528 of 5000" classname="com.mindhub.homebanking.HomebankingApplicationTest" time="0.001"/>
  <testcase name="repetition 2529 of 5000" classname="com.mindhub.homebanking.HomebankingApplicationTest" time="0.001"/>
  <testcase name="repetition 2530 of 5000" classname="com.mindhub.homebanking.HomebankingApplicationTest" time="0.001"/>
  <testcase name="repetition 2531 of 5000" classname="com.mindhub.homebanking.HomebankingApplicationTest" time="0.001"/>
  <testcase name="repetition 2532 of 5000" classname="com.mindhub.homebanking.HomebankingApplicationTest" time="0.001"/>
  <testcase name="repetition 2533 of 5000" classname="com.mindhub.homebanking.HomebankingApplicationTest" time="0.0"/>
  <testcase name="repetition 2534 of 5000" classname="com.mindhub.homebanking.HomebankingApplicationTest" time="0.0"/>
  <testcase name="repetition 2535 of 5000" classname="com.mindhub.homebanking.HomebankingApplicationTest" time="0.001"/>
  <testcase name="repetition 2536 of 5000" classname="com.mindhub.homebanking.HomebankingApplicationTest" time="0.0"/>
  <testcase name="repetition 2537 of 5000" classname="com.mindhub.homebanking.HomebankingApplicationTest" time="0.001"/>
  <testcase name="repetition 2538 of 5000" classname="com.mindhub.homebanking.HomebankingApplicationTest" time="0.001"/>
  <testcase name="repetition 2539 of 5000" classname="com.mindhub.homebanking.HomebankingApplicationTest" time="0.0"/>
  <testcase name="repetition 2540 of 5000" classname="com.mindhub.homebanking.HomebankingApplicationTest" time="0.001"/>
  <testcase name="repetition 2541 of 5000" classname="com.mindhub.homebanking.HomebankingApplicationTest" time="0.001"/>
  <testcase name="repetition 2542 of 5000" classname="com.mindhub.homebanking.HomebankingApplicationTest" time="0.0"/>
  <testcase name="repetition 2543 of 5000" classname="com.mindhub.homebanking.HomebankingApplicationTest" time="0.0"/>
  <testcase name="repetition 2544 of 5000" classname="com.mindhub.homebanking.HomebankingApplicationTest" time="0.001"/>
  <testcase name="repetition 2545 of 5000" classname="com.mindhub.homebanking.HomebankingApplicationTest" time="0.001"/>
  <testcase name="repetition 2546 of 5000" classname="com.mindhub.homebanking.HomebankingApplicationTest" time="0.0"/>
  <testcase name="repetition 2547 of 5000" classname="com.mindhub.homebanking.HomebankingApplicationTest" time="0.001"/>
  <testcase name="repetition 2548 of 5000" classname="com.mindhub.homebanking.HomebankingApplicationTest" time="0.0"/>
  <testcase name="repetition 2549 of 5000" classname="com.mindhub.homebanking.HomebankingApplicationTest" time="0.0"/>
  <testcase name="repetition 2550 of 5000" classname="com.mindhub.homebanking.HomebankingApplicationTest" time="0.0"/>
  <testcase name="repetition 2551 of 5000" classname="com.mindhub.homebanking.HomebankingApplicationTest" time="0.0"/>
  <testcase name="repetition 2552 of 5000" classname="com.mindhub.homebanking.HomebankingApplicationTest" time="0.001"/>
  <testcase name="repetition 2553 of 5000" classname="com.mindhub.homebanking.HomebankingApplicationTest" time="0.001"/>
  <testcase name="repetition 2554 of 5000" classname="com.mindhub.homebanking.HomebankingApplicationTest" time="0.001"/>
  <testcase name="repetition 2555 of 5000" classname="com.mindhub.homebanking.HomebankingApplicationTest" time="0.001"/>
  <testcase name="repetition 2556 of 5000" classname="com.mindhub.homebanking.HomebankingApplicationTest" time="0.001"/>
  <testcase name="repetition 2557 of 5000" classname="com.mindhub.homebanking.HomebankingApplicationTest" time="0.0"/>
  <testcase name="repetition 2558 of 5000" classname="com.mindhub.homebanking.HomebankingApplicationTest" time="0.001"/>
  <testcase name="repetition 2559 of 5000" classname="com.mindhub.homebanking.HomebankingApplicationTest" time="0.001"/>
  <testcase name="repetition 2560 of 5000" classname="com.mindhub.homebanking.HomebankingApplicationTest" time="0.001"/>
  <testcase name="repetition 2561 of 5000" classname="com.mindhub.homebanking.HomebankingApplicationTest" time="0.001"/>
  <testcase name="repetition 2562 of 5000" classname="com.mindhub.homebanking.HomebankingApplicationTest" time="0.001"/>
  <testcase name="repetition 2563 of 5000" classname="com.mindhub.homebanking.HomebankingApplicationTest" time="0.001"/>
  <testcase name="repetition 2564 of 5000" classname="com.mindhub.homebanking.HomebankingApplicationTest" time="0.001"/>
  <testcase name="repetition 2565 of 5000" classname="com.mindhub.homebanking.HomebankingApplicationTest" time="0.001"/>
  <testcase name="repetition 2566 of 5000" classname="com.mindhub.homebanking.HomebankingApplicationTest" time="0.0"/>
  <testcase name="repetition 2567 of 5000" classname="com.mindhub.homebanking.HomebankingApplicationTest" time="0.001"/>
  <testcase name="repetition 2568 of 5000" classname="com.mindhub.homebanking.HomebankingApplicationTest" time="0.001"/>
  <testcase name="repetition 2569 of 5000" classname="com.mindhub.homebanking.HomebankingApplicationTest" time="0.001"/>
  <testcase name="repetition 2570 of 5000" classname="com.mindhub.homebanking.HomebankingApplicationTest" time="0.001"/>
  <testcase name="repetition 2571 of 5000" classname="com.mindhub.homebanking.HomebankingApplicationTest" time="0.0"/>
  <testcase name="repetition 2572 of 5000" classname="com.mindhub.homebanking.HomebankingApplicationTest" time="0.001"/>
  <testcase name="repetition 2573 of 5000" classname="com.mindhub.homebanking.HomebankingApplicationTest" time="0.0"/>
  <testcase name="repetition 2574 of 5000" classname="com.mindhub.homebanking.HomebankingApplicationTest" time="0.0"/>
  <testcase name="repetition 2575 of 5000" classname="com.mindhub.homebanking.HomebankingApplicationTest" time="0.001"/>
  <testcase name="repetition 2576 of 5000" classname="com.mindhub.homebanking.HomebankingApplicationTest" time="0.0"/>
  <testcase name="repetition 2577 of 5000" classname="com.mindhub.homebanking.HomebankingApplicationTest" time="0.0"/>
  <testcase name="repetition 2578 of 5000" classname="com.mindhub.homebanking.HomebankingApplicationTest" time="0.001"/>
  <testcase name="repetition 2579 of 5000" classname="com.mindhub.homebanking.HomebankingApplicationTest" time="0.001"/>
  <testcase name="repetition 2580 of 5000" classname="com.mindhub.homebanking.HomebankingApplicationTest" time="0.001"/>
  <testcase name="repetition 2581 of 5000" classname="com.mindhub.homebanking.HomebankingApplicationTest" time="0.001"/>
  <testcase name="repetition 2582 of 5000" classname="com.mindhub.homebanking.HomebankingApplicationTest" time="0.001"/>
  <testcase name="repetition 2583 of 5000" classname="com.mindhub.homebanking.HomebankingApplicationTest" time="0.0"/>
  <testcase name="repetition 2584 of 5000" classname="com.mindhub.homebanking.HomebankingApplicationTest" time="0.001"/>
  <testcase name="repetition 2585 of 5000" classname="com.mindhub.homebanking.HomebankingApplicationTest" time="0.0"/>
  <testcase name="repetition 2586 of 5000" classname="com.mindhub.homebanking.HomebankingApplicationTest" time="0.0"/>
  <testcase name="repetition 2587 of 5000" classname="com.mindhub.homebanking.HomebankingApplicationTest" time="0.001"/>
  <testcase name="repetition 2588 of 5000" classname="com.mindhub.homebanking.HomebankingApplicationTest" time="0.0"/>
  <testcase name="repetition 2589 of 5000" classname="com.mindhub.homebanking.HomebankingApplicationTest" time="0.001"/>
  <testcase name="repetition 2590 of 5000" classname="com.mindhub.homebanking.HomebankingApplicationTest" time="0.0"/>
  <testcase name="repetition 2591 of 5000" classname="com.mindhub.homebanking.HomebankingApplicationTest" time="0.0"/>
  <testcase name="repetition 2592 of 5000" classname="com.mindhub.homebanking.HomebankingApplicationTest" time="0.001"/>
  <testcase name="repetition 2593 of 5000" classname="com.mindhub.homebanking.HomebankingApplicationTest" time="0.0"/>
  <testcase name="repetition 2594 of 5000" classname="com.mindhub.homebanking.HomebankingApplicationTest" time="0.001"/>
  <testcase name="repetition 2595 of 5000" classname="com.mindhub.homebanking.HomebankingApplicationTest" time="0.0"/>
  <testcase name="repetition 2596 of 5000" classname="com.mindhub.homebanking.HomebankingApplicationTest" time="0.001"/>
  <testcase name="repetition 2597 of 5000" classname="com.mindhub.homebanking.HomebankingApplicationTest" time="0.0"/>
  <testcase name="repetition 2598 of 5000" classname="com.mindhub.homebanking.HomebankingApplicationTest" time="0.001"/>
  <testcase name="repetition 2599 of 5000" classname="com.mindhub.homebanking.HomebankingApplicationTest" time="0.0"/>
  <testcase name="repetition 2600 of 5000" classname="com.mindhub.homebanking.HomebankingApplicationTest" time="0.001"/>
  <testcase name="repetition 2601 of 5000" classname="com.mindhub.homebanking.HomebankingApplicationTest" time="0.001"/>
  <testcase name="repetition 2602 of 5000" classname="com.mindhub.homebanking.HomebankingApplicationTest" time="0.001"/>
  <testcase name="repetition 2603 of 5000" classname="com.mindhub.homebanking.HomebankingApplicationTest" time="0.001"/>
  <testcase name="repetition 2604 of 5000" classname="com.mindhub.homebanking.HomebankingApplicationTest" time="0.0"/>
  <testcase name="repetition 2605 of 5000" classname="com.mindhub.homebanking.HomebankingApplicationTest" time="0.001"/>
  <testcase name="repetition 2606 of 5000" classname="com.mindhub.homebanking.HomebankingApplicationTest" time="0.001"/>
  <testcase name="repetition 2607 of 5000" classname="com.mindhub.homebanking.HomebankingApplicationTest" time="0.0"/>
  <testcase name="repetition 2608 of 5000" classname="com.mindhub.homebanking.HomebankingApplicationTest" time="0.0"/>
  <testcase name="repetition 2609 of 5000" classname="com.mindhub.homebanking.HomebankingApplicationTest" time="0.0"/>
  <testcase name="repetition 2610 of 5000" classname="com.mindhub.homebanking.HomebankingApplicationTest" time="0.001"/>
  <testcase name="repetition 2611 of 5000" classname="com.mindhub.homebanking.HomebankingApplicationTest" time="0.0"/>
  <testcase name="repetition 2612 of 5000" classname="com.mindhub.homebanking.HomebankingApplicationTest" time="0.001"/>
  <testcase name="repetition 2613 of 5000" classname="com.mindhub.homebanking.HomebankingApplicationTest" time="0.001"/>
  <testcase name="repetition 2614 of 5000" classname="com.mindhub.homebanking.HomebankingApplicationTest" time="0.0"/>
  <testcase name="repetition 2615 of 5000" classname="com.mindhub.homebanking.HomebankingApplicationTest" time="0.001"/>
  <testcase name="repetition 2616 of 5000" classname="com.mindhub.homebanking.HomebankingApplicationTest" time="0.001"/>
  <testcase name="repetition 2617 of 5000" classname="com.mindhub.homebanking.HomebankingApplicationTest" time="0.001"/>
  <testcase name="repetition 2618 of 5000" classname="com.mindhub.homebanking.HomebankingApplicationTest" time="0.001"/>
  <testcase name="repetition 2619 of 5000" classname="com.mindhub.homebanking.HomebankingApplicationTest" time="0.001"/>
  <testcase name="repetition 2620 of 5000" classname="com.mindhub.homebanking.HomebankingApplicationTest" time="0.001"/>
  <testcase name="repetition 2621 of 5000" classname="com.mindhub.homebanking.HomebankingApplicationTest" time="0.001"/>
  <testcase name="repetition 2622 of 5000" classname="com.mindhub.homebanking.HomebankingApplicationTest" time="0.0"/>
  <testcase name="repetition 2623 of 5000" classname="com.mindhub.homebanking.HomebankingApplicationTest" time="0.0"/>
  <testcase name="repetition 2624 of 5000" classname="com.mindhub.homebanking.HomebankingApplicationTest" time="0.0"/>
  <testcase name="repetition 2625 of 5000" classname="com.mindhub.homebanking.HomebankingApplicationTest" time="0.001"/>
  <testcase name="repetition 2626 of 5000" classname="com.mindhub.homebanking.HomebankingApplicationTest" time="0.001"/>
  <testcase name="repetition 2627 of 5000" classname="com.mindhub.homebanking.HomebankingApplicationTest" time="0.001"/>
  <testcase name="repetition 2628 of 5000" classname="com.mindhub.homebanking.HomebankingApplicationTest" time="0.0"/>
  <testcase name="repetition 2629 of 5000" classname="com.mindhub.homebanking.HomebankingApplicationTest" time="0.001"/>
  <testcase name="repetition 2630 of 5000" classname="com.mindhub.homebanking.HomebankingApplicationTest" time="0.001"/>
  <testcase name="repetition 2631 of 5000" classname="com.mindhub.homebanking.HomebankingApplicationTest" time="0.001"/>
  <testcase name="repetition 2632 of 5000" classname="com.mindhub.homebanking.HomebankingApplicationTest" time="0.0"/>
  <testcase name="repetition 2633 of 5000" classname="com.mindhub.homebanking.HomebankingApplicationTest" time="0.001"/>
  <testcase name="repetition 2634 of 5000" classname="com.mindhub.homebanking.HomebankingApplicationTest" time="0.001"/>
  <testcase name="repetition 2635 of 5000" classname="com.mindhub.homebanking.HomebankingApplicationTest" time="0.0"/>
  <testcase name="repetition 2636 of 5000" classname="com.mindhub.homebanking.HomebankingApplicationTest" time="0.001"/>
  <testcase name="repetition 2637 of 5000" classname="com.mindhub.homebanking.HomebankingApplicationTest" time="0.0"/>
  <testcase name="repetition 2638 of 5000" classname="com.mindhub.homebanking.HomebankingApplicationTest" time="0.001"/>
  <testcase name="repetition 2639 of 5000" classname="com.mindhub.homebanking.HomebankingApplicationTest" time="0.0"/>
  <testcase name="repetition 2640 of 5000" classname="com.mindhub.homebanking.HomebankingApplicationTest" time="0.0"/>
  <testcase name="repetition 2641 of 5000" classname="com.mindhub.homebanking.HomebankingApplicationTest" time="0.0"/>
  <testcase name="repetition 2642 of 5000" classname="com.mindhub.homebanking.HomebankingApplicationTest" time="0.001"/>
  <testcase name="repetition 2643 of 5000" classname="com.mindhub.homebanking.HomebankingApplicationTest" time="0.0"/>
  <testcase name="repetition 2644 of 5000" classname="com.mindhub.homebanking.HomebankingApplicationTest" time="0.001"/>
  <testcase name="repetition 2645 of 5000" classname="com.mindhub.homebanking.HomebankingApplicationTest" time="0.001"/>
  <testcase name="repetition 2646 of 5000" classname="com.mindhub.homebanking.HomebankingApplicationTest" time="0.001"/>
  <testcase name="repetition 2647 of 5000" classname="com.mindhub.homebanking.HomebankingApplicationTest" time="0.0"/>
  <testcase name="repetition 2648 of 5000" classname="com.mindhub.homebanking.HomebankingApplicationTest" time="0.0"/>
  <testcase name="repetition 2649 of 5000" classname="com.mindhub.homebanking.HomebankingApplicationTest" time="0.0"/>
  <testcase name="repetition 2650 of 5000" classname="com.mindhub.homebanking.HomebankingApplicationTest" time="0.0"/>
  <testcase name="repetition 2651 of 5000" classname="com.mindhub.homebanking.HomebankingApplicationTest" time="0.001"/>
  <testcase name="repetition 2652 of 5000" classname="com.mindhub.homebanking.HomebankingApplicationTest" time="0.0"/>
  <testcase name="repetition 2653 of 5000" classname="com.mindhub.homebanking.HomebankingApplicationTest" time="0.0"/>
  <testcase name="repetition 2654 of 5000" classname="com.mindhub.homebanking.HomebankingApplicationTest" time="0.001"/>
  <testcase name="repetition 2655 of 5000" classname="com.mindhub.homebanking.HomebankingApplicationTest" time="0.0"/>
  <testcase name="repetition 2656 of 5000" classname="com.mindhub.homebanking.HomebankingApplicationTest" time="0.0"/>
  <testcase name="repetition 2657 of 5000" classname="com.mindhub.homebanking.HomebankingApplicationTest" time="0.001"/>
  <testcase name="repetition 2658 of 5000" classname="com.mindhub.homebanking.HomebankingApplicationTest" time="0.0"/>
  <testcase name="repetition 2659 of 5000" classname="com.mindhub.homebanking.HomebankingApplicationTest" time="0.001"/>
  <testcase name="repetition 2660 of 5000" classname="com.mindhub.homebanking.HomebankingApplicationTest" time="0.001"/>
  <testcase name="repetition 2661 of 5000" classname="com.mindhub.homebanking.HomebankingApplicationTest" time="0.001"/>
  <testcase name="repetition 2662 of 5000" classname="com.mindhub.homebanking.HomebankingApplicationTest" time="0.001"/>
  <testcase name="repetition 2663 of 5000" classname="com.mindhub.homebanking.HomebankingApplicationTest" time="0.0"/>
  <testcase name="repetition 2664 of 5000" classname="com.mindhub.homebanking.HomebankingApplicationTest" time="0.001"/>
  <testcase name="repetition 2665 of 5000" classname="com.mindhub.homebanking.HomebankingApplicationTest" time="0.001"/>
  <testcase name="repetition 2666 of 5000" classname="com.mindhub.homebanking.HomebankingApplicationTest" time="0.0"/>
  <testcase name="repetition 2667 of 5000" classname="com.mindhub.homebanking.HomebankingApplicationTest" time="0.0"/>
  <testcase name="repetition 2668 of 5000" classname="com.mindhub.homebanking.HomebankingApplicationTest" time="0.001"/>
  <testcase name="repetition 2669 of 5000" classname="com.mindhub.homebanking.HomebankingApplicationTest" time="0.001"/>
  <testcase name="repetition 2670 of 5000" classname="com.mindhub.homebanking.HomebankingApplicationTest" time="0.001"/>
  <testcase name="repetition 2671 of 5000" classname="com.mindhub.homebanking.HomebankingApplicationTest" time="0.001"/>
  <testcase name="repetition 2672 of 5000" classname="com.mindhub.homebanking.HomebankingApplicationTest" time="0.001"/>
  <testcase name="repetition 2673 of 5000" classname="com.mindhub.homebanking.HomebankingApplicationTest" time="0.001"/>
  <testcase name="repetition 2674 of 5000" classname="com.mindhub.homebanking.HomebankingApplicationTest" time="0.0"/>
  <testcase name="repetition 2675 of 5000" classname="com.mindhub.homebanking.HomebankingApplicationTest" time="0.0"/>
  <testcase name="repetition 2676 of 5000" classname="com.mindhub.homebanking.HomebankingApplicationTest" time="0.0"/>
  <testcase name="repetition 2677 of 5000" classname="com.mindhub.homebanking.HomebankingApplicationTest" time="0.001"/>
  <testcase name="repetition 2678 of 5000" classname="com.mindhub.homebanking.HomebankingApplicationTest" time="0.001"/>
  <testcase name="repetition 2679 of 5000" classname="com.mindhub.homebanking.HomebankingApplicationTest" time="0.001"/>
  <testcase name="repetition 2680 of 5000" classname="com.mindhub.homebanking.HomebankingApplicationTest" time="0.001"/>
  <testcase name="repetition 2681 of 5000" classname="com.mindhub.homebanking.HomebankingApplicationTest" time="0.001"/>
  <testcase name="repetition 2682 of 5000" classname="com.mindhub.homebanking.HomebankingApplicationTest" time="0.001"/>
  <testcase name="repetition 2683 of 5000" classname="com.mindhub.homebanking.HomebankingApplicationTest" time="0.001"/>
  <testcase name="repetition 2684 of 5000" classname="com.mindhub.homebanking.HomebankingApplicationTest" time="0.001"/>
  <testcase name="repetition 2685 of 5000" classname="com.mindhub.homebanking.HomebankingApplicationTest" time="0.0"/>
  <testcase name="repetition 2686 of 5000" classname="com.mindhub.homebanking.HomebankingApplicationTest" time="0.001"/>
  <testcase name="repetition 2687 of 5000" classname="com.mindhub.homebanking.HomebankingApplicationTest" time="0.0"/>
  <testcase name="repetition 2688 of 5000" classname="com.mindhub.homebanking.HomebankingApplicationTest" time="0.001"/>
  <testcase name="repetition 2689 of 5000" classname="com.mindhub.homebanking.HomebankingApplicationTest" time="0.0"/>
  <testcase name="repetition 2690 of 5000" classname="com.mindhub.homebanking.HomebankingApplicationTest" time="0.0"/>
  <testcase name="repetition 2691 of 5000" classname="com.mindhub.homebanking.HomebankingApplicationTest" time="0.0"/>
  <testcase name="repetition 2692 of 5000" classname="com.mindhub.homebanking.HomebankingApplicationTest" time="0.0"/>
  <testcase name="repetition 2693 of 5000" classname="com.mindhub.homebanking.HomebankingApplicationTest" time="0.001"/>
  <testcase name="repetition 2694 of 5000" classname="com.mindhub.homebanking.HomebankingApplicationTest" time="0.0"/>
  <testcase name="repetition 2695 of 5000" classname="com.mindhub.homebanking.HomebankingApplicationTest" time="0.001"/>
  <testcase name="repetition 2696 of 5000" classname="com.mindhub.homebanking.HomebankingApplicationTest" time="0.0"/>
  <testcase name="repetition 2697 of 5000" classname="com.mindhub.homebanking.HomebankingApplicationTest" time="0.0"/>
  <testcase name="repetition 2698 of 5000" classname="com.mindhub.homebanking.HomebankingApplicationTest" time="0.001"/>
  <testcase name="repetition 2699 of 5000" classname="com.mindhub.homebanking.HomebankingApplicationTest" time="0.001"/>
  <testcase name="repetition 2700 of 5000" classname="com.mindhub.homebanking.HomebankingApplicationTest" time="0.001"/>
  <testcase name="repetition 2701 of 5000" classname="com.mindhub.homebanking.HomebankingApplicationTest" time="0.001"/>
  <testcase name="repetition 2702 of 5000" classname="com.mindhub.homebanking.HomebankingApplicationTest" time="0.001"/>
  <testcase name="repetition 2703 of 5000" classname="com.mindhub.homebanking.HomebankingApplicationTest" time="0.0"/>
  <testcase name="repetition 2704 of 5000" classname="com.mindhub.homebanking.HomebankingApplicationTest" time="0.001"/>
  <testcase name="repetition 2705 of 5000" classname="com.mindhub.homebanking.HomebankingApplicationTest" time="0.001"/>
  <testcase name="repetition 2706 of 5000" classname="com.mindhub.homebanking.HomebankingApplicationTest" time="0.001"/>
  <testcase name="repetition 2707 of 5000" classname="com.mindhub.homebanking.HomebankingApplicationTest" time="0.001"/>
  <testcase name="repetition 2708 of 5000" classname="com.mindhub.homebanking.HomebankingApplicationTest" time="0.001"/>
  <testcase name="repetition 2709 of 5000" classname="com.mindhub.homebanking.HomebankingApplicationTest" time="0.001"/>
  <testcase name="repetition 2710 of 5000" classname="com.mindhub.homebanking.HomebankingApplicationTest" time="0.0"/>
  <testcase name="repetition 2711 of 5000" classname="com.mindhub.homebanking.HomebankingApplicationTest" time="0.001"/>
  <testcase name="repetition 2712 of 5000" classname="com.mindhub.homebanking.HomebankingApplicationTest" time="0.0"/>
  <testcase name="repetition 2713 of 5000" classname="com.mindhub.homebanking.HomebankingApplicationTest" time="0.001"/>
  <testcase name="repetition 2714 of 5000" classname="com.mindhub.homebanking.HomebankingApplicationTest" time="0.0"/>
  <testcase name="repetition 2715 of 5000" classname="com.mindhub.homebanking.HomebankingApplicationTest" time="0.0"/>
  <testcase name="repetition 2716 of 5000" classname="com.mindhub.homebanking.HomebankingApplicationTest" time="0.001"/>
  <testcase name="repetition 2717 of 5000" classname="com.mindhub.homebanking.HomebankingApplicationTest" time="0.0"/>
  <testcase name="repetition 2718 of 5000" classname="com.mindhub.homebanking.HomebankingApplicationTest" time="0.0"/>
  <testcase name="repetition 2719 of 5000" classname="com.mindhub.homebanking.HomebankingApplicationTest" time="0.001"/>
  <testcase name="repetition 2720 of 5000" classname="com.mindhub.homebanking.HomebankingApplicationTest" time="0.001"/>
  <testcase name="repetition 2721 of 5000" classname="com.mindhub.homebanking.HomebankingApplicationTest" time="0.0"/>
  <testcase name="repetition 2722 of 5000" classname="com.mindhub.homebanking.HomebankingApplicationTest" time="0.001"/>
  <testcase name="repetition 2723 of 5000" classname="com.mindhub.homebanking.HomebankingApplicationTest" time="0.001"/>
  <testcase name="repetition 2724 of 5000" classname="com.mindhub.homebanking.HomebankingApplicationTest" time="0.001"/>
  <testcase name="repetition 2725 of 5000" classname="com.mindhub.homebanking.HomebankingApplicationTest" time="0.0"/>
  <testcase name="repetition 2726 of 5000" classname="com.mindhub.homebanking.HomebankingApplicationTest" time="0.001"/>
  <testcase name="repetition 2727 of 5000" classname="com.mindhub.homebanking.HomebankingApplicationTest" time="0.0"/>
  <testcase name="repetition 2728 of 5000" classname="com.mindhub.homebanking.HomebankingApplicationTest" time="0.0"/>
  <testcase name="repetition 2729 of 5000" classname="com.mindhub.homebanking.HomebankingApplicationTest" time="0.001"/>
  <testcase name="repetition 2730 of 5000" classname="com.mindhub.homebanking.HomebankingApplicationTest" time="0.0"/>
  <testcase name="repetition 2731 of 5000" classname="com.mindhub.homebanking.HomebankingApplicationTest" time="0.0"/>
  <testcase name="repetition 2732 of 5000" classname="com.mindhub.homebanking.HomebankingApplicationTest" time="0.001"/>
  <testcase name="repetition 2733 of 5000" classname="com.mindhub.homebanking.HomebankingApplicationTest" time="0.0"/>
  <testcase name="repetition 2734 of 5000" classname="com.mindhub.homebanking.HomebankingApplicationTest" time="0.001"/>
  <testcase name="repetition 2735 of 5000" classname="com.mindhub.homebanking.HomebankingApplicationTest" time="0.0"/>
  <testcase name="repetition 2736 of 5000" classname="com.mindhub.homebanking.HomebankingApplicationTest" time="0.001"/>
  <testcase name="repetition 2737 of 5000" classname="com.mindhub.homebanking.HomebankingApplicationTest" time="0.0"/>
  <testcase name="repetition 2738 of 5000" classname="com.mindhub.homebanking.HomebankingApplicationTest" time="0.0"/>
  <testcase name="repetition 2739 of 5000" classname="com.mindhub.homebanking.HomebankingApplicationTest" time="0.001"/>
  <testcase name="repetition 2740 of 5000" classname="com.mindhub.homebanking.HomebankingApplicationTest" time="0.0"/>
  <testcase name="repetition 2741 of 5000" classname="com.mindhub.homebanking.HomebankingApplicationTest" time="0.001"/>
  <testcase name="repetition 2742 of 5000" classname="com.mindhub.homebanking.HomebankingApplicationTest" time="0.001"/>
  <testcase name="repetition 2743 of 5000" classname="com.mindhub.homebanking.HomebankingApplicationTest" time="0.001"/>
  <testcase name="repetition 2744 of 5000" classname="com.mindhub.homebanking.HomebankingApplicationTest" time="0.001"/>
  <testcase name="repetition 2745 of 5000" classname="com.mindhub.homebanking.HomebankingApplicationTest" time="0.0"/>
  <testcase name="repetition 2746 of 5000" classname="com.mindhub.homebanking.HomebankingApplicationTest" time="0.0"/>
  <testcase name="repetition 2747 of 5000" classname="com.mindhub.homebanking.HomebankingApplicationTest" time="0.001"/>
  <testcase name="repetition 2748 of 5000" classname="com.mindhub.homebanking.HomebankingApplicationTest" time="0.002"/>
  <testcase name="repetition 2749 of 5000" classname="com.mindhub.homebanking.HomebankingApplicationTest" time="0.001"/>
  <testcase name="repetition 2750 of 5000" classname="com.mindhub.homebanking.HomebankingApplicationTest" time="0.0"/>
  <testcase name="repetition 2751 of 5000" classname="com.mindhub.homebanking.HomebankingApplicationTest" time="0.0"/>
  <testcase name="repetition 2752 of 5000" classname="com.mindhub.homebanking.HomebankingApplicationTest" time="0.001"/>
  <testcase name="repetition 2753 of 5000" classname="com.mindhub.homebanking.HomebankingApplicationTest" time="0.001"/>
  <testcase name="repetition 2754 of 5000" classname="com.mindhub.homebanking.HomebankingApplicationTest" time="0.001"/>
  <testcase name="repetition 2755 of 5000" classname="com.mindhub.homebanking.HomebankingApplicationTest" time="0.001"/>
  <testcase name="repetition 2756 of 5000" classname="com.mindhub.homebanking.HomebankingApplicationTest" time="0.0"/>
  <testcase name="repetition 2757 of 5000" classname="com.mindhub.homebanking.HomebankingApplicationTest" time="0.001"/>
  <testcase name="repetition 2758 of 5000" classname="com.mindhub.homebanking.HomebankingApplicationTest" time="0.001"/>
  <testcase name="repetition 2759 of 5000" classname="com.mindhub.homebanking.HomebankingApplicationTest" time="0.0"/>
  <testcase name="repetition 2760 of 5000" classname="com.mindhub.homebanking.HomebankingApplicationTest" time="0.0"/>
  <testcase name="repetition 2761 of 5000" classname="com.mindhub.homebanking.HomebankingApplicationTest" time="0.001"/>
  <testcase name="repetition 2762 of 5000" classname="com.mindhub.homebanking.HomebankingApplicationTest" time="0.0"/>
  <testcase name="repetition 2763 of 5000" classname="com.mindhub.homebanking.HomebankingApplicationTest" time="0.001"/>
  <testcase name="repetition 2764 of 5000" classname="com.mindhub.homebanking.HomebankingApplicationTest" time="0.0"/>
  <testcase name="repetition 2765 of 5000" classname="com.mindhub.homebanking.HomebankingApplicationTest" time="0.0"/>
  <testcase name="repetition 2766 of 5000" classname="com.mindhub.homebanking.HomebankingApplicationTest" time="0.001"/>
  <testcase name="repetition 2767 of 5000" classname="com.mindhub.homebanking.HomebankingApplicationTest" time="0.001"/>
  <testcase name="repetition 2768 of 5000" classname="com.mindhub.homebanking.HomebankingApplicationTest" time="0.001"/>
  <testcase name="repetition 2769 of 5000" classname="com.mindhub.homebanking.HomebankingApplicationTest" time="0.001"/>
  <testcase name="repetition 2770 of 5000" classname="com.mindhub.homebanking.HomebankingApplicationTest" time="0.0"/>
  <testcase name="repetition 2771 of 5000" classname="com.mindhub.homebanking.HomebankingApplicationTest" time="0.001"/>
  <testcase name="repetition 2772 of 5000" classname="com.mindhub.homebanking.HomebankingApplicationTest" time="0.0"/>
  <testcase name="repetition 2773 of 5000" classname="com.mindhub.homebanking.HomebankingApplicationTest" time="0.0"/>
  <testcase name="repetition 2774 of 5000" classname="com.mindhub.homebanking.HomebankingApplicationTest" time="0.001"/>
  <testcase name="repetition 2775 of 5000" classname="com.mindhub.homebanking.HomebankingApplicationTest" time="0.001"/>
  <testcase name="repetition 2776 of 5000" classname="com.mindhub.homebanking.HomebankingApplicationTest" time="0.0"/>
  <testcase name="repetition 2777 of 5000" classname="com.mindhub.homebanking.HomebankingApplicationTest" time="0.0"/>
  <testcase name="repetition 2778 of 5000" classname="com.mindhub.homebanking.HomebankingApplicationTest" time="0.001"/>
  <testcase name="repetition 2779 of 5000" classname="com.mindhub.homebanking.HomebankingApplicationTest" time="0.001"/>
  <testcase name="repetition 2780 of 5000" classname="com.mindhub.homebanking.HomebankingApplicationTest" time="0.0"/>
  <testcase name="repetition 2781 of 5000" classname="com.mindhub.homebanking.HomebankingApplicationTest" time="0.001"/>
  <testcase name="repetition 2782 of 5000" classname="com.mindhub.homebanking.HomebankingApplicationTest" time="0.0"/>
  <testcase name="repetition 2783 of 5000" classname="com.mindhub.homebanking.HomebankingApplicationTest" time="0.001"/>
  <testcase name="repetition 2784 of 5000" classname="com.mindhub.homebanking.HomebankingApplicationTest" time="0.001"/>
  <testcase name="repetition 2785 of 5000" classname="com.mindhub.homebanking.HomebankingApplicationTest" time="0.001"/>
  <testcase name="repetition 2786 of 5000" classname="com.mindhub.homebanking.HomebankingApplicationTest" time="0.001"/>
  <testcase name="repetition 2787 of 5000" classname="com.mindhub.homebanking.HomebankingApplicationTest" time="0.001"/>
  <testcase name="repetition 2788 of 5000" classname="com.mindhub.homebanking.HomebankingApplicationTest" time="0.001"/>
  <testcase name="repetition 2789 of 5000" classname="com.mindhub.homebanking.HomebankingApplicationTest" time="0.001"/>
  <testcase name="repetition 2790 of 5000" classname="com.mindhub.homebanking.HomebankingApplicationTest" time="0.001"/>
  <testcase name="repetition 2791 of 5000" classname="com.mindhub.homebanking.HomebankingApplicationTest" time="0.001"/>
  <testcase name="repetition 2792 of 5000" classname="com.mindhub.homebanking.HomebankingApplicationTest" time="0.001"/>
  <testcase name="repetition 2793 of 5000" classname="com.mindhub.homebanking.HomebankingApplicationTest" time="0.001"/>
  <testcase name="repetition 2794 of 5000" classname="com.mindhub.homebanking.HomebankingApplicationTest" time="0.001"/>
  <testcase name="repetition 2795 of 5000" classname="com.mindhub.homebanking.HomebankingApplicationTest" time="0.0"/>
  <testcase name="repetition 2796 of 5000" classname="com.mindhub.homebanking.HomebankingApplicationTest" time="0.0"/>
  <testcase name="repetition 2797 of 5000" classname="com.mindhub.homebanking.HomebankingApplicationTest" time="0.0"/>
  <testcase name="repetition 2798 of 5000" classname="com.mindhub.homebanking.HomebankingApplicationTest" time="0.001"/>
  <testcase name="repetition 2799 of 5000" classname="com.mindhub.homebanking.HomebankingApplicationTest" time="0.0"/>
  <testcase name="repetition 2800 of 5000" classname="com.mindhub.homebanking.HomebankingApplicationTest" time="0.001"/>
  <testcase name="repetition 2801 of 5000" classname="com.mindhub.homebanking.HomebankingApplicationTest" time="0.0"/>
  <testcase name="repetition 2802 of 5000" classname="com.mindhub.homebanking.HomebankingApplicationTest" time="0.001"/>
  <testcase name="repetition 2803 of 5000" classname="com.mindhub.homebanking.HomebankingApplicationTest" time="0.0"/>
  <testcase name="repetition 2804 of 5000" classname="com.mindhub.homebanking.HomebankingApplicationTest" time="0.001"/>
  <testcase name="repetition 2805 of 5000" classname="com.mindhub.homebanking.HomebankingApplicationTest" time="0.001"/>
  <testcase name="repetition 2806 of 5000" classname="com.mindhub.homebanking.HomebankingApplicationTest" time="0.0"/>
  <testcase name="repetition 2807 of 5000" classname="com.mindhub.homebanking.HomebankingApplicationTest" time="0.001"/>
  <testcase name="repetition 2808 of 5000" classname="com.mindhub.homebanking.HomebankingApplicationTest" time="0.0"/>
  <testcase name="repetition 2809 of 5000" classname="com.mindhub.homebanking.HomebankingApplicationTest" time="0.0"/>
  <testcase name="repetition 2810 of 5000" classname="com.mindhub.homebanking.HomebankingApplicationTest" time="0.0"/>
  <testcase name="repetition 2811 of 5000" classname="com.mindhub.homebanking.HomebankingApplicationTest" time="0.0"/>
  <testcase name="repetition 2812 of 5000" classname="com.mindhub.homebanking.HomebankingApplicationTest" time="0.001"/>
  <testcase name="repetition 2813 of 5000" classname="com.mindhub.homebanking.HomebankingApplicationTest" time="0.0"/>
  <testcase name="repetition 2814 of 5000" classname="com.mindhub.homebanking.HomebankingApplicationTest" time="0.0"/>
  <testcase name="repetition 2815 of 5000" classname="com.mindhub.homebanking.HomebankingApplicationTest" time="0.001"/>
  <testcase name="repetition 2816 of 5000" classname="com.mindhub.homebanking.HomebankingApplicationTest" time="0.0"/>
  <testcase name="repetition 2817 of 5000" classname="com.mindhub.homebanking.HomebankingApplicationTest" time="0.001"/>
  <testcase name="repetition 2818 of 5000" classname="com.mindhub.homebanking.HomebankingApplicationTest" time="0.0"/>
  <testcase name="repetition 2819 of 5000" classname="com.mindhub.homebanking.HomebankingApplicationTest" time="0.001"/>
  <testcase name="repetition 2820 of 5000" classname="com.mindhub.homebanking.HomebankingApplicationTest" time="0.0"/>
  <testcase name="repetition 2821 of 5000" classname="com.mindhub.homebanking.HomebankingApplicationTest" time="0.001"/>
  <testcase name="repetition 2822 of 5000" classname="com.mindhub.homebanking.HomebankingApplicationTest" time="0.0"/>
  <testcase name="repetition 2823 of 5000" classname="com.mindhub.homebanking.HomebankingApplicationTest" time="0.001"/>
  <testcase name="repetition 2824 of 5000" classname="com.mindhub.homebanking.HomebankingApplicationTest" time="0.0"/>
  <testcase name="repetition 2825 of 5000" classname="com.mindhub.homebanking.HomebankingApplicationTest" time="0.001"/>
  <testcase name="repetition 2826 of 5000" classname="com.mindhub.homebanking.HomebankingApplicationTest" time="0.0"/>
  <testcase name="repetition 2827 of 5000" classname="com.mindhub.homebanking.HomebankingApplicationTest" time="0.0"/>
  <testcase name="repetition 2828 of 5000" classname="com.mindhub.homebanking.HomebankingApplicationTest" time="0.0"/>
  <testcase name="repetition 2829 of 5000" classname="com.mindhub.homebanking.HomebankingApplicationTest" time="0.001"/>
  <testcase name="repetition 2830 of 5000" classname="com.mindhub.homebanking.HomebankingApplicationTest" time="0.001"/>
  <testcase name="repetition 2831 of 5000" classname="com.mindhub.homebanking.HomebankingApplicationTest" time="0.001"/>
  <testcase name="repetition 2832 of 5000" classname="com.mindhub.homebanking.HomebankingApplicationTest" time="0.0"/>
  <testcase name="repetition 2833 of 5000" classname="com.mindhub.homebanking.HomebankingApplicationTest" time="0.0"/>
  <testcase name="repetition 2834 of 5000" classname="com.mindhub.homebanking.HomebankingApplicationTest" time="0.0"/>
  <testcase name="repetition 2835 of 5000" classname="com.mindhub.homebanking.HomebankingApplicationTest" time="0.0"/>
  <testcase name="repetition 2836 of 5000" classname="com.mindhub.homebanking.HomebankingApplicationTest" time="0.0"/>
  <testcase name="repetition 2837 of 5000" classname="com.mindhub.homebanking.HomebankingApplicationTest" time="0.001"/>
  <testcase name="repetition 2838 of 5000" classname="com.mindhub.homebanking.HomebankingApplicationTest" time="0.0"/>
  <testcase name="repetition 2839 of 5000" classname="com.mindhub.homebanking.HomebankingApplicationTest" time="0.001"/>
  <testcase name="repetition 2840 of 5000" classname="com.mindhub.homebanking.HomebankingApplicationTest" time="0.0"/>
  <testcase name="repetition 2841 of 5000" classname="com.mindhub.homebanking.HomebankingApplicationTest" time="0.001"/>
  <testcase name="repetition 2842 of 5000" classname="com.mindhub.homebanking.HomebankingApplicationTest" time="0.001"/>
  <testcase name="repetition 2843 of 5000" classname="com.mindhub.homebanking.HomebankingApplicationTest" time="0.001"/>
  <testcase name="repetition 2844 of 5000" classname="com.mindhub.homebanking.HomebankingApplicationTest" time="0.0"/>
  <testcase name="repetition 2845 of 5000" classname="com.mindhub.homebanking.HomebankingApplicationTest" time="0.001"/>
  <testcase name="repetition 2846 of 5000" classname="com.mindhub.homebanking.HomebankingApplicationTest" time="0.0"/>
  <testcase name="repetition 2847 of 5000" classname="com.mindhub.homebanking.HomebankingApplicationTest" time="0.0"/>
  <testcase name="repetition 2848 of 5000" classname="com.mindhub.homebanking.HomebankingApplicationTest" time="0.001"/>
  <testcase name="repetition 2849 of 5000" classname="com.mindhub.homebanking.HomebankingApplicationTest" time="0.0"/>
  <testcase name="repetition 2850 of 5000" classname="com.mindhub.homebanking.HomebankingApplicationTest" time="0.001"/>
  <testcase name="repetition 2851 of 5000" classname="com.mindhub.homebanking.HomebankingApplicationTest" time="0.0"/>
  <testcase name="repetition 2852 of 5000" classname="com.mindhub.homebanking.HomebankingApplicationTest" time="0.0"/>
  <testcase name="repetition 2853 of 5000" classname="com.mindhub.homebanking.HomebankingApplicationTest" time="0.001"/>
  <testcase name="repetition 2854 of 5000" classname="com.mindhub.homebanking.HomebankingApplicationTest" time="0.001"/>
  <testcase name="repetition 2855 of 5000" classname="com.mindhub.homebanking.HomebankingApplicationTest" time="0.001"/>
  <testcase name="repetition 2856 of 5000" classname="com.mindhub.homebanking.HomebankingApplicationTest" time="0.001"/>
  <testcase name="repetition 2857 of 5000" classname="com.mindhub.homebanking.HomebankingApplicationTest" time="0.001"/>
  <testcase name="repetition 2858 of 5000" classname="com.mindhub.homebanking.HomebankingApplicationTest" time="0.0"/>
  <testcase name="repetition 2859 of 5000" classname="com.mindhub.homebanking.HomebankingApplicationTest" time="0.0"/>
  <testcase name="repetition 2860 of 5000" classname="com.mindhub.homebanking.HomebankingApplicationTest" time="0.001"/>
  <testcase name="repetition 2861 of 5000" classname="com.mindhub.homebanking.HomebankingApplicationTest" time="0.001"/>
  <testcase name="repetition 2862 of 5000" classname="com.mindhub.homebanking.HomebankingApplicationTest" time="0.001"/>
  <testcase name="repetition 2863 of 5000" classname="com.mindhub.homebanking.HomebankingApplicationTest" time="0.001"/>
  <testcase name="repetition 2864 of 5000" classname="com.mindhub.homebanking.HomebankingApplicationTest" time="0.0"/>
  <testcase name="repetition 2865 of 5000" classname="com.mindhub.homebanking.HomebankingApplicationTest" time="0.0"/>
  <testcase name="repetition 2866 of 5000" classname="com.mindhub.homebanking.HomebankingApplicationTest" time="0.0"/>
  <testcase name="repetition 2867 of 5000" classname="com.mindhub.homebanking.HomebankingApplicationTest" time="0.0"/>
  <testcase name="repetition 2868 of 5000" classname="com.mindhub.homebanking.HomebankingApplicationTest" time="0.001"/>
  <testcase name="repetition 2869 of 5000" classname="com.mindhub.homebanking.HomebankingApplicationTest" time="0.001"/>
  <testcase name="repetition 2870 of 5000" classname="com.mindhub.homebanking.HomebankingApplicationTest" time="0.001"/>
  <testcase name="repetition 2871 of 5000" classname="com.mindhub.homebanking.HomebankingApplicationTest" time="0.001"/>
  <testcase name="repetition 2872 of 5000" classname="com.mindhub.homebanking.HomebankingApplicationTest" time="0.001"/>
  <testcase name="repetition 2873 of 5000" classname="com.mindhub.homebanking.HomebankingApplicationTest" time="0.0"/>
  <testcase name="repetition 2874 of 5000" classname="com.mindhub.homebanking.HomebankingApplicationTest" time="0.001"/>
  <testcase name="repetition 2875 of 5000" classname="com.mindhub.homebanking.HomebankingApplicationTest" time="0.001"/>
  <testcase name="repetition 2876 of 5000" classname="com.mindhub.homebanking.HomebankingApplicationTest" time="0.001"/>
  <testcase name="repetition 2877 of 5000" classname="com.mindhub.homebanking.HomebankingApplicationTest" time="0.001"/>
  <testcase name="repetition 2878 of 5000" classname="com.mindhub.homebanking.HomebankingApplicationTest" time="0.0"/>
  <testcase name="repetition 2879 of 5000" classname="com.mindhub.homebanking.HomebankingApplicationTest" time="0.001"/>
  <testcase name="repetition 2880 of 5000" classname="com.mindhub.homebanking.HomebankingApplicationTest" time="0.001"/>
  <testcase name="repetition 2881 of 5000" classname="com.mindhub.homebanking.HomebankingApplicationTest" time="0.0"/>
  <testcase name="repetition 2882 of 5000" classname="com.mindhub.homebanking.HomebankingApplicationTest" time="0.0"/>
  <testcase name="repetition 2883 of 5000" classname="com.mindhub.homebanking.HomebankingApplicationTest" time="0.001"/>
  <testcase name="repetition 2884 of 5000" classname="com.mindhub.homebanking.HomebankingApplicationTest" time="0.001"/>
  <testcase name="repetition 2885 of 5000" classname="com.mindhub.homebanking.HomebankingApplicationTest" time="0.001"/>
  <testcase name="repetition 2886 of 5000" classname="com.mindhub.homebanking.HomebankingApplicationTest" time="0.001"/>
  <testcase name="repetition 2887 of 5000" classname="com.mindhub.homebanking.HomebankingApplicationTest" time="0.001"/>
  <testcase name="repetition 2888 of 5000" classname="com.mindhub.homebanking.HomebankingApplicationTest" time="0.001"/>
  <testcase name="repetition 2889 of 5000" classname="com.mindhub.homebanking.HomebankingApplicationTest" time="0.0"/>
  <testcase name="repetition 2890 of 5000" classname="com.mindhub.homebanking.HomebankingApplicationTest" time="0.0"/>
  <testcase name="repetition 2891 of 5000" classname="com.mindhub.homebanking.HomebankingApplicationTest" time="0.001"/>
  <testcase name="repetition 2892 of 5000" classname="com.mindhub.homebanking.HomebankingApplicationTest" time="0.001"/>
  <testcase name="repetition 2893 of 5000" classname="com.mindhub.homebanking.HomebankingApplicationTest" time="0.001"/>
  <testcase name="repetition 2894 of 5000" classname="com.mindhub.homebanking.HomebankingApplicationTest" time="0.0"/>
  <testcase name="repetition 2895 of 5000" classname="com.mindhub.homebanking.HomebankingApplicationTest" time="0.001"/>
  <testcase name="repetition 2896 of 5000" classname="com.mindhub.homebanking.HomebankingApplicationTest" time="0.0"/>
  <testcase name="repetition 2897 of 5000" classname="com.mindhub.homebanking.HomebankingApplicationTest" time="0.001"/>
  <testcase name="repetition 2898 of 5000" classname="com.mindhub.homebanking.HomebankingApplicationTest" time="0.001"/>
  <testcase name="repetition 2899 of 5000" classname="com.mindhub.homebanking.HomebankingApplicationTest" time="0.001"/>
  <testcase name="repetition 2900 of 5000" classname="com.mindhub.homebanking.HomebankingApplicationTest" time="0.001"/>
  <testcase name="repetition 2901 of 5000" classname="com.mindhub.homebanking.HomebankingApplicationTest" time="0.001"/>
  <testcase name="repetition 2902 of 5000" classname="com.mindhub.homebanking.HomebankingApplicationTest" time="0.001"/>
  <testcase name="repetition 2903 of 5000" classname="com.mindhub.homebanking.HomebankingApplicationTest" time="0.001"/>
  <testcase name="repetition 2904 of 5000" classname="com.mindhub.homebanking.HomebankingApplicationTest" time="0.001"/>
  <testcase name="repetition 2905 of 5000" classname="com.mindhub.homebanking.HomebankingApplicationTest" time="0.002"/>
  <testcase name="repetition 2906 of 5000" classname="com.mindhub.homebanking.HomebankingApplicationTest" time="0.001"/>
  <testcase name="repetition 2907 of 5000" classname="com.mindhub.homebanking.HomebankingApplicationTest" time="0.001"/>
  <testcase name="repetition 2908 of 5000" classname="com.mindhub.homebanking.HomebankingApplicationTest" time="0.001"/>
  <testcase name="repetition 2909 of 5000" classname="com.mindhub.homebanking.HomebankingApplicationTest" time="0.001"/>
  <testcase name="repetition 2910 of 5000" classname="com.mindhub.homebanking.HomebankingApplicationTest" time="0.001"/>
  <testcase name="repetition 2911 of 5000" classname="com.mindhub.homebanking.HomebankingApplicationTest" time="0.001"/>
  <testcase name="repetition 2912 of 5000" classname="com.mindhub.homebanking.HomebankingApplicationTest" time="0.0"/>
  <testcase name="repetition 2913 of 5000" classname="com.mindhub.homebanking.HomebankingApplicationTest" time="0.0"/>
  <testcase name="repetition 2914 of 5000" classname="com.mindhub.homebanking.HomebankingApplicationTest" time="0.001"/>
  <testcase name="repetition 2915 of 5000" classname="com.mindhub.homebanking.HomebankingApplicationTest" time="0.0"/>
  <testcase name="repetition 2916 of 5000" classname="com.mindhub.homebanking.HomebankingApplicationTest" time="0.0"/>
  <testcase name="repetition 2917 of 5000" classname="com.mindhub.homebanking.HomebankingApplicationTest" time="0.001"/>
  <testcase name="repetition 2918 of 5000" classname="com.mindhub.homebanking.HomebankingApplicationTest" time="0.001"/>
  <testcase name="repetition 2919 of 5000" classname="com.mindhub.homebanking.HomebankingApplicationTest" time="0.0"/>
  <testcase name="repetition 2920 of 5000" classname="com.mindhub.homebanking.HomebankingApplicationTest" time="0.001"/>
  <testcase name="repetition 2921 of 5000" classname="com.mindhub.homebanking.HomebankingApplicationTest" time="0.001"/>
  <testcase name="repetition 2922 of 5000" classname="com.mindhub.homebanking.HomebankingApplicationTest" time="0.001"/>
  <testcase name="repetition 2923 of 5000" classname="com.mindhub.homebanking.HomebankingApplicationTest" time="0.0"/>
  <testcase name="repetition 2924 of 5000" classname="com.mindhub.homebanking.HomebankingApplicationTest" time="0.001"/>
  <testcase name="repetition 2925 of 5000" classname="com.mindhub.homebanking.HomebankingApplicationTest" time="0.001"/>
  <testcase name="repetition 2926 of 5000" classname="com.mindhub.homebanking.HomebankingApplicationTest" time="0.001"/>
  <testcase name="repetition 2927 of 5000" classname="com.mindhub.homebanking.HomebankingApplicationTest" time="0.001"/>
  <testcase name="repetition 2928 of 5000" classname="com.mindhub.homebanking.HomebankingApplicationTest" time="0.001"/>
  <testcase name="repetition 2929 of 5000" classname="com.mindhub.homebanking.HomebankingApplicationTest" time="0.001"/>
  <testcase name="repetition 2930 of 5000" classname="com.mindhub.homebanking.HomebankingApplicationTest" time="0.001"/>
  <testcase name="repetition 2931 of 5000" classname="com.mindhub.homebanking.HomebankingApplicationTest" time="0.001"/>
  <testcase name="repetition 2932 of 5000" classname="com.mindhub.homebanking.HomebankingApplicationTest" time="0.001"/>
  <testcase name="repetition 2933 of 5000" classname="com.mindhub.homebanking.HomebankingApplicationTest" time="0.0"/>
  <testcase name="repetition 2934 of 5000" classname="com.mindhub.homebanking.HomebankingApplicationTest" time="0.0"/>
  <testcase name="repetition 2935 of 5000" classname="com.mindhub.homebanking.HomebankingApplicationTest" time="0.001"/>
  <testcase name="repetition 2936 of 5000" classname="com.mindhub.homebanking.HomebankingApplicationTest" time="0.001"/>
  <testcase name="repetition 2937 of 5000" classname="com.mindhub.homebanking.HomebankingApplicationTest" time="0.001"/>
  <testcase name="repetition 2938 of 5000" classname="com.mindhub.homebanking.HomebankingApplicationTest" time="0.001"/>
  <testcase name="repetition 2939 of 5000" classname="com.mindhub.homebanking.HomebankingApplicationTest" time="0.001"/>
  <testcase name="repetition 2940 of 5000" classname="com.mindhub.homebanking.HomebankingApplicationTest" time="0.0"/>
  <testcase name="repetition 2941 of 5000" classname="com.mindhub.homebanking.HomebankingApplicationTest" time="0.0"/>
  <testcase name="repetition 2942 of 5000" classname="com.mindhub.homebanking.HomebankingApplicationTest" time="0.001"/>
  <testcase name="repetition 2943 of 5000" classname="com.mindhub.homebanking.HomebankingApplicationTest" time="0.001"/>
  <testcase name="repetition 2944 of 5000" classname="com.mindhub.homebanking.HomebankingApplicationTest" time="0.001"/>
  <testcase name="repetition 2945 of 5000" classname="com.mindhub.homebanking.HomebankingApplicationTest" time="0.0"/>
  <testcase name="repetition 2946 of 5000" classname="com.mindhub.homebanking.HomebankingApplicationTest" time="0.001"/>
  <testcase name="repetition 2947 of 5000" classname="com.mindhub.homebanking.HomebankingApplicationTest" time="0.001"/>
  <testcase name="repetition 2948 of 5000" classname="com.mindhub.homebanking.HomebankingApplicationTest" time="0.001"/>
  <testcase name="repetition 2949 of 5000" classname="com.mindhub.homebanking.HomebankingApplicationTest" time="0.0"/>
  <testcase name="repetition 2950 of 5000" classname="com.mindhub.homebanking.HomebankingApplicationTest" time="0.001"/>
  <testcase name="repetition 2951 of 5000" classname="com.mindhub.homebanking.HomebankingApplicationTest" time="0.001"/>
  <testcase name="repetition 2952 of 5000" classname="com.mindhub.homebanking.HomebankingApplicationTest" time="0.0"/>
  <testcase name="repetition 2953 of 5000" classname="com.mindhub.homebanking.HomebankingApplicationTest" time="0.0"/>
  <testcase name="repetition 2954 of 5000" classname="com.mindhub.homebanking.HomebankingApplicationTest" time="0.001"/>
  <testcase name="repetition 2955 of 5000" classname="com.mindhub.homebanking.HomebankingApplicationTest" time="0.0"/>
  <testcase name="repetition 2956 of 5000" classname="com.mindhub.homebanking.HomebankingApplicationTest" time="0.001"/>
  <testcase name="repetition 2957 of 5000" classname="com.mindhub.homebanking.HomebankingApplicationTest" time="0.001"/>
  <testcase name="repetition 2958 of 5000" classname="com.mindhub.homebanking.HomebankingApplicationTest" time="0.001"/>
  <testcase name="repetition 2959 of 5000" classname="com.mindhub.homebanking.HomebankingApplicationTest" time="0.0"/>
  <testcase name="repetition 2960 of 5000" classname="com.mindhub.homebanking.HomebankingApplicationTest" time="0.001"/>
  <testcase name="repetition 2961 of 5000" classname="com.mindhub.homebanking.HomebankingApplicationTest" time="0.0"/>
  <testcase name="repetition 2962 of 5000" classname="com.mindhub.homebanking.HomebankingApplicationTest" time="0.0"/>
  <testcase name="repetition 2963 of 5000" classname="com.mindhub.homebanking.HomebankingApplicationTest" time="0.001"/>
  <testcase name="repetition 2964 of 5000" classname="com.mindhub.homebanking.HomebankingApplicationTest" time="0.001"/>
  <testcase name="repetition 2965 of 5000" classname="com.mindhub.homebanking.HomebankingApplicationTest" time="0.001"/>
  <testcase name="repetition 2966 of 5000" classname="com.mindhub.homebanking.HomebankingApplicationTest" time="0.001"/>
  <testcase name="repetition 2967 of 5000" classname="com.mindhub.homebanking.HomebankingApplicationTest" time="0.0"/>
  <testcase name="repetition 2968 of 5000" classname="com.mindhub.homebanking.HomebankingApplicationTest" time="0.0"/>
  <testcase name="repetition 2969 of 5000" classname="com.mindhub.homebanking.HomebankingApplicationTest" time="0.0"/>
  <testcase name="repetition 2970 of 5000" classname="com.mindhub.homebanking.HomebankingApplicationTest" time="0.0"/>
  <testcase name="repetition 2971 of 5000" classname="com.mindhub.homebanking.HomebankingApplicationTest" time="0.0"/>
  <testcase name="repetition 2972 of 5000" classname="com.mindhub.homebanking.HomebankingApplicationTest" time="0.001"/>
  <testcase name="repetition 2973 of 5000" classname="com.mindhub.homebanking.HomebankingApplicationTest" time="0.001"/>
  <testcase name="repetition 2974 of 5000" classname="com.mindhub.homebanking.HomebankingApplicationTest" time="0.001"/>
  <testcase name="repetition 2975 of 5000" classname="com.mindhub.homebanking.HomebankingApplicationTest" time="0.0"/>
  <testcase name="repetition 2976 of 5000" classname="com.mindhub.homebanking.HomebankingApplicationTest" time="0.001"/>
  <testcase name="repetition 2977 of 5000" classname="com.mindhub.homebanking.HomebankingApplicationTest" time="0.0"/>
  <testcase name="repetition 2978 of 5000" classname="com.mindhub.homebanking.HomebankingApplicationTest" time="0.0"/>
  <testcase name="repetition 2979 of 5000" classname="com.mindhub.homebanking.HomebankingApplicationTest" time="0.001"/>
  <testcase name="repetition 2980 of 5000" classname="com.mindhub.homebanking.HomebankingApplicationTest" time="0.001"/>
  <testcase name="repetition 2981 of 5000" classname="com.mindhub.homebanking.HomebankingApplicationTest" time="0.001"/>
  <testcase name="repetition 2982 of 5000" classname="com.mindhub.homebanking.HomebankingApplicationTest" time="0.001"/>
  <testcase name="repetition 2983 of 5000" classname="com.mindhub.homebanking.HomebankingApplicationTest" time="0.002"/>
  <testcase name="repetition 2984 of 5000" classname="com.mindhub.homebanking.HomebankingApplicationTest" time="0.001"/>
  <testcase name="repetition 2985 of 5000" classname="com.mindhub.homebanking.HomebankingApplicationTest" time="0.001"/>
  <testcase name="repetition 2986 of 5000" classname="com.mindhub.homebanking.HomebankingApplicationTest" time="0.001"/>
  <testcase name="repetition 2987 of 5000" classname="com.mindhub.homebanking.HomebankingApplicationTest" time="0.0"/>
  <testcase name="repetition 2988 of 5000" classname="com.mindhub.homebanking.HomebankingApplicationTest" time="0.001"/>
  <testcase name="repetition 2989 of 5000" classname="com.mindhub.homebanking.HomebankingApplicationTest" time="0.001"/>
  <testcase name="repetition 2990 of 5000" classname="com.mindhub.homebanking.HomebankingApplicationTest" time="0.001"/>
  <testcase name="repetition 2991 of 5000" classname="com.mindhub.homebanking.HomebankingApplicationTest" time="0.001"/>
  <testcase name="repetition 2992 of 5000" classname="com.mindhub.homebanking.HomebankingApplicationTest" time="0.001"/>
  <testcase name="repetition 2993 of 5000" classname="com.mindhub.homebanking.HomebankingApplicationTest" time="0.0"/>
  <testcase name="repetition 2994 of 5000" classname="com.mindhub.homebanking.HomebankingApplicationTest" time="0.001"/>
  <testcase name="repetition 2995 of 5000" classname="com.mindhub.homebanking.HomebankingApplicationTest" time="0.0"/>
  <testcase name="repetition 2996 of 5000" classname="com.mindhub.homebanking.HomebankingApplicationTest" time="0.0"/>
  <testcase name="repetition 2997 of 5000" classname="com.mindhub.homebanking.HomebankingApplicationTest" time="0.001"/>
  <testcase name="repetition 2998 of 5000" classname="com.mindhub.homebanking.HomebankingApplicationTest" time="0.0"/>
  <testcase name="repetition 2999 of 5000" classname="com.mindhub.homebanking.HomebankingApplicationTest" time="0.0"/>
  <testcase name="repetition 3000 of 5000" classname="com.mindhub.homebanking.HomebankingApplicationTest" time="0.001"/>
  <testcase name="repetition 3001 of 5000" classname="com.mindhub.homebanking.HomebankingApplicationTest" time="0.0"/>
  <testcase name="repetition 3002 of 5000" classname="com.mindhub.homebanking.HomebankingApplicationTest" time="0.0"/>
  <testcase name="repetition 3003 of 5000" classname="com.mindhub.homebanking.HomebankingApplicationTest" time="0.0"/>
  <testcase name="repetition 3004 of 5000" classname="com.mindhub.homebanking.HomebankingApplicationTest" time="0.0"/>
  <testcase name="repetition 3005 of 5000" classname="com.mindhub.homebanking.HomebankingApplicationTest" time="0.001"/>
  <testcase name="repetition 3006 of 5000" classname="com.mindhub.homebanking.HomebankingApplicationTest" time="0.001"/>
  <testcase name="repetition 3007 of 5000" classname="com.mindhub.homebanking.HomebankingApplicationTest" time="0.001"/>
  <testcase name="repetition 3008 of 5000" classname="com.mindhub.homebanking.HomebankingApplicationTest" time="0.0"/>
  <testcase name="repetition 3009 of 5000" classname="com.mindhub.homebanking.HomebankingApplicationTest" time="0.0"/>
  <testcase name="repetition 3010 of 5000" classname="com.mindhub.homebanking.HomebankingApplicationTest" time="0.001"/>
  <testcase name="repetition 3011 of 5000" classname="com.mindhub.homebanking.HomebankingApplicationTest" time="0.002"/>
  <testcase name="repetition 3012 of 5000" classname="com.mindhub.homebanking.HomebankingApplicationTest" time="0.002"/>
  <testcase name="repetition 3013 of 5000" classname="com.mindhub.homebanking.HomebankingApplicationTest" time="0.001"/>
  <testcase name="repetition 3014 of 5000" classname="com.mindhub.homebanking.HomebankingApplicationTest" time="0.001"/>
  <testcase name="repetition 3015 of 5000" classname="com.mindhub.homebanking.HomebankingApplicationTest" time="0.001"/>
  <testcase name="repetition 3016 of 5000" classname="com.mindhub.homebanking.HomebankingApplicationTest" time="0.001"/>
  <testcase name="repetition 3017 of 5000" classname="com.mindhub.homebanking.HomebankingApplicationTest" time="0.001"/>
  <testcase name="repetition 3018 of 5000" classname="com.mindhub.homebanking.HomebankingApplicationTest" time="0.001"/>
  <testcase name="repetition 3019 of 5000" classname="com.mindhub.homebanking.HomebankingApplicationTest" time="0.001"/>
  <testcase name="repetition 3020 of 5000" classname="com.mindhub.homebanking.HomebankingApplicationTest" time="0.0"/>
  <testcase name="repetition 3021 of 5000" classname="com.mindhub.homebanking.HomebankingApplicationTest" time="0.001"/>
  <testcase name="repetition 3022 of 5000" classname="com.mindhub.homebanking.HomebankingApplicationTest" time="0.0"/>
  <testcase name="repetition 3023 of 5000" classname="com.mindhub.homebanking.HomebankingApplicationTest" time="0.001"/>
  <testcase name="repetition 3024 of 5000" classname="com.mindhub.homebanking.HomebankingApplicationTest" time="0.002"/>
  <testcase name="repetition 3025 of 5000" classname="com.mindhub.homebanking.HomebankingApplicationTest" time="0.001"/>
  <testcase name="repetition 3026 of 5000" classname="com.mindhub.homebanking.HomebankingApplicationTest" time="0.0"/>
  <testcase name="repetition 3027 of 5000" classname="com.mindhub.homebanking.HomebankingApplicationTest" time="0.001"/>
  <testcase name="repetition 3028 of 5000" classname="com.mindhub.homebanking.HomebankingApplicationTest" time="0.001"/>
  <testcase name="repetition 3029 of 5000" classname="com.mindhub.homebanking.HomebankingApplicationTest" time="0.0"/>
  <testcase name="repetition 3030 of 5000" classname="com.mindhub.homebanking.HomebankingApplicationTest" time="0.001"/>
  <testcase name="repetition 3031 of 5000" classname="com.mindhub.homebanking.HomebankingApplicationTest" time="0.0"/>
  <testcase name="repetition 3032 of 5000" classname="com.mindhub.homebanking.HomebankingApplicationTest" time="0.001"/>
  <testcase name="repetition 3033 of 5000" classname="com.mindhub.homebanking.HomebankingApplicationTest" time="0.0"/>
  <testcase name="repetition 3034 of 5000" classname="com.mindhub.homebanking.HomebankingApplicationTest" time="0.001"/>
  <testcase name="repetition 3035 of 5000" classname="com.mindhub.homebanking.HomebankingApplicationTest" time="0.0"/>
  <testcase name="repetition 3036 of 5000" classname="com.mindhub.homebanking.HomebankingApplicationTest" time="0.001"/>
  <testcase name="repetition 3037 of 5000" classname="com.mindhub.homebanking.HomebankingApplicationTest" time="0.0"/>
  <testcase name="repetition 3038 of 5000" classname="com.mindhub.homebanking.HomebankingApplicationTest" time="0.001"/>
  <testcase name="repetition 3039 of 5000" classname="com.mindhub.homebanking.HomebankingApplicationTest" time="0.0"/>
  <testcase name="repetition 3040 of 5000" classname="com.mindhub.homebanking.HomebankingApplicationTest" time="0.001"/>
  <testcase name="repetition 3041 of 5000" classname="com.mindhub.homebanking.HomebankingApplicationTest" time="0.0"/>
  <testcase name="repetition 3042 of 5000" classname="com.mindhub.homebanking.HomebankingApplicationTest" time="0.001"/>
  <testcase name="repetition 3043 of 5000" classname="com.mindhub.homebanking.HomebankingApplicationTest" time="0.0"/>
  <testcase name="repetition 3044 of 5000" classname="com.mindhub.homebanking.HomebankingApplicationTest" time="0.001"/>
  <testcase name="repetition 3045 of 5000" classname="com.mindhub.homebanking.HomebankingApplicationTest" time="0.0"/>
  <testcase name="repetition 3046 of 5000" classname="com.mindhub.homebanking.HomebankingApplicationTest" time="0.001"/>
  <testcase name="repetition 3047 of 5000" classname="com.mindhub.homebanking.HomebankingApplicationTest" time="0.0"/>
  <testcase name="repetition 3048 of 5000" classname="com.mindhub.homebanking.HomebankingApplicationTest" time="0.001"/>
  <testcase name="repetition 3049 of 5000" classname="com.mindhub.homebanking.HomebankingApplicationTest" time="0.0"/>
  <testcase name="repetition 3050 of 5000" classname="com.mindhub.homebanking.HomebankingApplicationTest" time="0.001"/>
  <testcase name="repetition 3051 of 5000" classname="com.mindhub.homebanking.HomebankingApplicationTest" time="0.0"/>
  <testcase name="repetition 3052 of 5000" classname="com.mindhub.homebanking.HomebankingApplicationTest" time="0.001"/>
  <testcase name="repetition 3053 of 5000" classname="com.mindhub.homebanking.HomebankingApplicationTest" time="0.001"/>
  <testcase name="repetition 3054 of 5000" classname="com.mindhub.homebanking.HomebankingApplicationTest" time="0.0"/>
  <testcase name="repetition 3055 of 5000" classname="com.mindhub.homebanking.HomebankingApplicationTest" time="0.001"/>
  <testcase name="repetition 3056 of 5000" classname="com.mindhub.homebanking.HomebankingApplicationTest" time="0.0"/>
  <testcase name="repetition 3057 of 5000" classname="com.mindhub.homebanking.HomebankingApplicationTest" time="0.0"/>
  <testcase name="repetition 3058 of 5000" classname="com.mindhub.homebanking.HomebankingApplicationTest" time="0.001"/>
  <testcase name="repetition 3059 of 5000" classname="com.mindhub.homebanking.HomebankingApplicationTest" time="0.0"/>
  <testcase name="repetition 3060 of 5000" classname="com.mindhub.homebanking.HomebankingApplicationTest" time="0.001"/>
  <testcase name="repetition 3061 of 5000" classname="com.mindhub.homebanking.HomebankingApplicationTest" time="0.001"/>
  <testcase name="repetition 3062 of 5000" classname="com.mindhub.homebanking.HomebankingApplicationTest" time="0.0"/>
  <testcase name="repetition 3063 of 5000" classname="com.mindhub.homebanking.HomebankingApplicationTest" time="0.001"/>
  <testcase name="repetition 3064 of 5000" classname="com.mindhub.homebanking.HomebankingApplicationTest" time="0.0"/>
  <testcase name="repetition 3065 of 5000" classname="com.mindhub.homebanking.HomebankingApplicationTest" time="0.001"/>
  <testcase name="repetition 3066 of 5000" classname="com.mindhub.homebanking.HomebankingApplicationTest" time="0.0"/>
  <testcase name="repetition 3067 of 5000" classname="com.mindhub.homebanking.HomebankingApplicationTest" time="0.0"/>
  <testcase name="repetition 3068 of 5000" classname="com.mindhub.homebanking.HomebankingApplicationTest" time="0.0"/>
  <testcase name="repetition 3069 of 5000" classname="com.mindhub.homebanking.HomebankingApplicationTest" time="0.001"/>
  <testcase name="repetition 3070 of 5000" classname="com.mindhub.homebanking.HomebankingApplicationTest" time="0.001"/>
  <testcase name="repetition 3071 of 5000" classname="com.mindhub.homebanking.HomebankingApplicationTest" time="0.0"/>
  <testcase name="repetition 3072 of 5000" classname="com.mindhub.homebanking.HomebankingApplicationTest" time="0.001"/>
  <testcase name="repetition 3073 of 5000" classname="com.mindhub.homebanking.HomebankingApplicationTest" time="0.001"/>
  <testcase name="repetition 3074 of 5000" classname="com.mindhub.homebanking.HomebankingApplicationTest" time="0.001"/>
  <testcase name="repetition 3075 of 5000" classname="com.mindhub.homebanking.HomebankingApplicationTest" time="0.001"/>
  <testcase name="repetition 3076 of 5000" classname="com.mindhub.homebanking.HomebankingApplicationTest" time="0.001"/>
  <testcase name="repetition 3077 of 5000" classname="com.mindhub.homebanking.HomebankingApplicationTest" time="0.001"/>
  <testcase name="repetition 3078 of 5000" classname="com.mindhub.homebanking.HomebankingApplicationTest" time="0.001"/>
  <testcase name="repetition 3079 of 5000" classname="com.mindhub.homebanking.HomebankingApplicationTest" time="0.001"/>
  <testcase name="repetition 3080 of 5000" classname="com.mindhub.homebanking.HomebankingApplicationTest" time="0.001"/>
  <testcase name="repetition 3081 of 5000" classname="com.mindhub.homebanking.HomebankingApplicationTest" time="0.001"/>
  <testcase name="repetition 3082 of 5000" classname="com.mindhub.homebanking.HomebankingApplicationTest" time="0.001"/>
  <testcase name="repetition 3083 of 5000" classname="com.mindhub.homebanking.HomebankingApplicationTest" time="0.0"/>
  <testcase name="repetition 3084 of 5000" classname="com.mindhub.homebanking.HomebankingApplicationTest" time="0.0"/>
  <testcase name="repetition 3085 of 5000" classname="com.mindhub.homebanking.HomebankingApplicationTest" time="0.001"/>
  <testcase name="repetition 3086 of 5000" classname="com.mindhub.homebanking.HomebankingApplicationTest" time="0.001"/>
  <testcase name="repetition 3087 of 5000" classname="com.mindhub.homebanking.HomebankingApplicationTest" time="0.001"/>
  <testcase name="repetition 3088 of 5000" classname="com.mindhub.homebanking.HomebankingApplicationTest" time="0.001"/>
  <testcase name="repetition 3089 of 5000" classname="com.mindhub.homebanking.HomebankingApplicationTest" time="0.0"/>
  <testcase name="repetition 3090 of 5000" classname="com.mindhub.homebanking.HomebankingApplicationTest" time="0.0"/>
  <testcase name="repetition 3091 of 5000" classname="com.mindhub.homebanking.HomebankingApplicationTest" time="0.001"/>
  <testcase name="repetition 3092 of 5000" classname="com.mindhub.homebanking.HomebankingApplicationTest" time="0.001"/>
  <testcase name="repetition 3093 of 5000" classname="com.mindhub.homebanking.HomebankingApplicationTest" time="0.0"/>
  <testcase name="repetition 3094 of 5000" classname="com.mindhub.homebanking.HomebankingApplicationTest" time="0.001"/>
  <testcase name="repetition 3095 of 5000" classname="com.mindhub.homebanking.HomebankingApplicationTest" time="0.001"/>
  <testcase name="repetition 3096 of 5000" classname="com.mindhub.homebanking.HomebankingApplicationTest" time="0.0"/>
  <testcase name="repetition 3097 of 5000" classname="com.mindhub.homebanking.HomebankingApplicationTest" time="0.001"/>
  <testcase name="repetition 3098 of 5000" classname="com.mindhub.homebanking.HomebankingApplicationTest" time="0.001"/>
  <testcase name="repetition 3099 of 5000" classname="com.mindhub.homebanking.HomebankingApplicationTest" time="0.001"/>
  <testcase name="repetition 3100 of 5000" classname="com.mindhub.homebanking.HomebankingApplicationTest" time="0.0"/>
  <testcase name="repetition 3101 of 5000" classname="com.mindhub.homebanking.HomebankingApplicationTest" time="0.0"/>
  <testcase name="repetition 3102 of 5000" classname="com.mindhub.homebanking.HomebankingApplicationTest" time="0.0"/>
  <testcase name="repetition 3103 of 5000" classname="com.mindhub.homebanking.HomebankingApplicationTest" time="0.0"/>
  <testcase name="repetition 3104 of 5000" classname="com.mindhub.homebanking.HomebankingApplicationTest" time="0.001"/>
  <testcase name="repetition 3105 of 5000" classname="com.mindhub.homebanking.HomebankingApplicationTest" time="0.001"/>
  <testcase name="repetition 3106 of 5000" classname="com.mindhub.homebanking.HomebankingApplicationTest" time="0.001"/>
  <testcase name="repetition 3107 of 5000" classname="com.mindhub.homebanking.HomebankingApplicationTest" time="0.001"/>
  <testcase name="repetition 3108 of 5000" classname="com.mindhub.homebanking.HomebankingApplicationTest" time="0.001"/>
  <testcase name="repetition 3109 of 5000" classname="com.mindhub.homebanking.HomebankingApplicationTest" time="0.001"/>
  <testcase name="repetition 3110 of 5000" classname="com.mindhub.homebanking.HomebankingApplicationTest" time="0.001"/>
  <testcase name="repetition 3111 of 5000" classname="com.mindhub.homebanking.HomebankingApplicationTest" time="0.0"/>
  <testcase name="repetition 3112 of 5000" classname="com.mindhub.homebanking.HomebankingApplicationTest" time="0.001"/>
  <testcase name="repetition 3113 of 5000" classname="com.mindhub.homebanking.HomebankingApplicationTest" time="0.0"/>
  <testcase name="repetition 3114 of 5000" classname="com.mindhub.homebanking.HomebankingApplicationTest" time="0.0"/>
  <testcase name="repetition 3115 of 5000" classname="com.mindhub.homebanking.HomebankingApplicationTest" time="0.0"/>
  <testcase name="repetition 3116 of 5000" classname="com.mindhub.homebanking.HomebankingApplicationTest" time="0.001"/>
  <testcase name="repetition 3117 of 5000" classname="com.mindhub.homebanking.HomebankingApplicationTest" time="0.0"/>
  <testcase name="repetition 3118 of 5000" classname="com.mindhub.homebanking.HomebankingApplicationTest" time="0.0"/>
  <testcase name="repetition 3119 of 5000" classname="com.mindhub.homebanking.HomebankingApplicationTest" time="0.001"/>
  <testcase name="repetition 3120 of 5000" classname="com.mindhub.homebanking.HomebankingApplicationTest" time="0.0"/>
  <testcase name="repetition 3121 of 5000" classname="com.mindhub.homebanking.HomebankingApplicationTest" time="0.001"/>
  <testcase name="repetition 3122 of 5000" classname="com.mindhub.homebanking.HomebankingApplicationTest" time="0.001"/>
  <testcase name="repetition 3123 of 5000" classname="com.mindhub.homebanking.HomebankingApplicationTest" time="0.0"/>
  <testcase name="repetition 3124 of 5000" classname="com.mindhub.homebanking.HomebankingApplicationTest" time="0.001"/>
  <testcase name="repetition 3125 of 5000" classname="com.mindhub.homebanking.HomebankingApplicationTest" time="0.0"/>
  <testcase name="repetition 3126 of 5000" classname="com.mindhub.homebanking.HomebankingApplicationTest" time="0.001"/>
  <testcase name="repetition 3127 of 5000" classname="com.mindhub.homebanking.HomebankingApplicationTest" time="0.001"/>
  <testcase name="repetition 3128 of 5000" classname="com.mindhub.homebanking.HomebankingApplicationTest" time="0.001"/>
  <testcase name="repetition 3129 of 5000" classname="com.mindhub.homebanking.HomebankingApplicationTest" time="0.0"/>
  <testcase name="repetition 3130 of 5000" classname="com.mindhub.homebanking.HomebankingApplicationTest" time="0.001"/>
  <testcase name="repetition 3131 of 5000" classname="com.mindhub.homebanking.HomebankingApplicationTest" time="0.0"/>
  <testcase name="repetition 3132 of 5000" classname="com.mindhub.homebanking.HomebankingApplicationTest" time="0.001"/>
  <testcase name="repetition 3133 of 5000" classname="com.mindhub.homebanking.HomebankingApplicationTest" time="0.0"/>
  <testcase name="repetition 3134 of 5000" classname="com.mindhub.homebanking.HomebankingApplicationTest" time="0.001"/>
  <testcase name="repetition 3135 of 5000" classname="com.mindhub.homebanking.HomebankingApplicationTest" time="0.0"/>
  <testcase name="repetition 3136 of 5000" classname="com.mindhub.homebanking.HomebankingApplicationTest" time="0.0"/>
  <testcase name="repetition 3137 of 5000" classname="com.mindhub.homebanking.HomebankingApplicationTest" time="0.001"/>
  <testcase name="repetition 3138 of 5000" classname="com.mindhub.homebanking.HomebankingApplicationTest" time="0.001"/>
  <testcase name="repetition 3139 of 5000" classname="com.mindhub.homebanking.HomebankingApplicationTest" time="0.001"/>
  <testcase name="repetition 3140 of 5000" classname="com.mindhub.homebanking.HomebankingApplicationTest" time="0.001"/>
  <testcase name="repetition 3141 of 5000" classname="com.mindhub.homebanking.HomebankingApplicationTest" time="0.001"/>
  <testcase name="repetition 3142 of 5000" classname="com.mindhub.homebanking.HomebankingApplicationTest" time="0.001"/>
  <testcase name="repetition 3143 of 5000" classname="com.mindhub.homebanking.HomebankingApplicationTest" time="0.001"/>
  <testcase name="repetition 3144 of 5000" classname="com.mindhub.homebanking.HomebankingApplicationTest" time="0.001"/>
  <testcase name="repetition 3145 of 5000" classname="com.mindhub.homebanking.HomebankingApplicationTest" time="0.001"/>
  <testcase name="repetition 3146 of 5000" classname="com.mindhub.homebanking.HomebankingApplicationTest" time="0.001"/>
  <testcase name="repetition 3147 of 5000" classname="com.mindhub.homebanking.HomebankingApplicationTest" time="0.001"/>
  <testcase name="repetition 3148 of 5000" classname="com.mindhub.homebanking.HomebankingApplicationTest" time="0.0"/>
  <testcase name="repetition 3149 of 5000" classname="com.mindhub.homebanking.HomebankingApplicationTest" time="0.0"/>
  <testcase name="repetition 3150 of 5000" classname="com.mindhub.homebanking.HomebankingApplicationTest" time="0.001"/>
  <testcase name="repetition 3151 of 5000" classname="com.mindhub.homebanking.HomebankingApplicationTest" time="0.0"/>
  <testcase name="repetition 3152 of 5000" classname="com.mindhub.homebanking.HomebankingApplicationTest" time="0.001"/>
  <testcase name="repetition 3153 of 5000" classname="com.mindhub.homebanking.HomebankingApplicationTest" time="0.0"/>
  <testcase name="repetition 3154 of 5000" classname="com.mindhub.homebanking.HomebankingApplicationTest" time="0.0"/>
  <testcase name="repetition 3155 of 5000" classname="com.mindhub.homebanking.HomebankingApplicationTest" time="0.001"/>
  <testcase name="repetition 3156 of 5000" classname="com.mindhub.homebanking.HomebankingApplicationTest" time="0.0"/>
  <testcase name="repetition 3157 of 5000" classname="com.mindhub.homebanking.HomebankingApplicationTest" time="0.001"/>
  <testcase name="repetition 3158 of 5000" classname="com.mindhub.homebanking.HomebankingApplicationTest" time="0.0"/>
  <testcase name="repetition 3159 of 5000" classname="com.mindhub.homebanking.HomebankingApplicationTest" time="0.0"/>
  <testcase name="repetition 3160 of 5000" classname="com.mindhub.homebanking.HomebankingApplicationTest" time="0.0"/>
  <testcase name="repetition 3161 of 5000" classname="com.mindhub.homebanking.HomebankingApplicationTest" time="0.0"/>
  <testcase name="repetition 3162 of 5000" classname="com.mindhub.homebanking.HomebankingApplicationTest" time="0.001"/>
  <testcase name="repetition 3163 of 5000" classname="com.mindhub.homebanking.HomebankingApplicationTest" time="0.0"/>
  <testcase name="repetition 3164 of 5000" classname="com.mindhub.homebanking.HomebankingApplicationTest" time="0.001"/>
  <testcase name="repetition 3165 of 5000" classname="com.mindhub.homebanking.HomebankingApplicationTest" time="0.001"/>
  <testcase name="repetition 3166 of 5000" classname="com.mindhub.homebanking.HomebankingApplicationTest" time="0.0"/>
  <testcase name="repetition 3167 of 5000" classname="com.mindhub.homebanking.HomebankingApplicationTest" time="0.001"/>
  <testcase name="repetition 3168 of 5000" classname="com.mindhub.homebanking.HomebankingApplicationTest" time="0.001"/>
  <testcase name="repetition 3169 of 5000" classname="com.mindhub.homebanking.HomebankingApplicationTest" time="0.0"/>
  <testcase name="repetition 3170 of 5000" classname="com.mindhub.homebanking.HomebankingApplicationTest" time="0.0"/>
  <testcase name="repetition 3171 of 5000" classname="com.mindhub.homebanking.HomebankingApplicationTest" time="0.0"/>
  <testcase name="repetition 3172 of 5000" classname="com.mindhub.homebanking.HomebankingApplicationTest" time="0.001"/>
  <testcase name="repetition 3173 of 5000" classname="com.mindhub.homebanking.HomebankingApplicationTest" time="0.0"/>
  <testcase name="repetition 3174 of 5000" classname="com.mindhub.homebanking.HomebankingApplicationTest" time="0.001"/>
  <testcase name="repetition 3175 of 5000" classname="com.mindhub.homebanking.HomebankingApplicationTest" time="0.0"/>
  <testcase name="repetition 3176 of 5000" classname="com.mindhub.homebanking.HomebankingApplicationTest" time="0.0"/>
  <testcase name="repetition 3177 of 5000" classname="com.mindhub.homebanking.HomebankingApplicationTest" time="0.001"/>
  <testcase name="repetition 3178 of 5000" classname="com.mindhub.homebanking.HomebankingApplicationTest" time="0.0"/>
  <testcase name="repetition 3179 of 5000" classname="com.mindhub.homebanking.HomebankingApplicationTest" time="0.001"/>
  <testcase name="repetition 3180 of 5000" classname="com.mindhub.homebanking.HomebankingApplicationTest" time="0.0"/>
  <testcase name="repetition 3181 of 5000" classname="com.mindhub.homebanking.HomebankingApplicationTest" time="0.001"/>
  <testcase name="repetition 3182 of 5000" classname="com.mindhub.homebanking.HomebankingApplicationTest" time="0.0"/>
  <testcase name="repetition 3183 of 5000" classname="com.mindhub.homebanking.HomebankingApplicationTest" time="0.0"/>
  <testcase name="repetition 3184 of 5000" classname="com.mindhub.homebanking.HomebankingApplicationTest" time="0.001"/>
  <testcase name="repetition 3185 of 5000" classname="com.mindhub.homebanking.HomebankingApplicationTest" time="0.001"/>
  <testcase name="repetition 3186 of 5000" classname="com.mindhub.homebanking.HomebankingApplicationTest" time="0.002"/>
  <testcase name="repetition 3187 of 5000" classname="com.mindhub.homebanking.HomebankingApplicationTest" time="0.001"/>
  <testcase name="repetition 3188 of 5000" classname="com.mindhub.homebanking.HomebankingApplicationTest" time="0.001"/>
  <testcase name="repetition 3189 of 5000" classname="com.mindhub.homebanking.HomebankingApplicationTest" time="0.001"/>
  <testcase name="repetition 3190 of 5000" classname="com.mindhub.homebanking.HomebankingApplicationTest" time="0.001"/>
  <testcase name="repetition 3191 of 5000" classname="com.mindhub.homebanking.HomebankingApplicationTest" time="0.001"/>
  <testcase name="repetition 3192 of 5000" classname="com.mindhub.homebanking.HomebankingApplicationTest" time="0.001"/>
  <testcase name="repetition 3193 of 5000" classname="com.mindhub.homebanking.HomebankingApplicationTest" time="0.001"/>
  <testcase name="repetition 3194 of 5000" classname="com.mindhub.homebanking.HomebankingApplicationTest" time="0.0"/>
  <testcase name="repetition 3195 of 5000" classname="com.mindhub.homebanking.HomebankingApplicationTest" time="0.001"/>
  <testcase name="repetition 3196 of 5000" classname="com.mindhub.homebanking.HomebankingApplicationTest" time="0.001"/>
  <testcase name="repetition 3197 of 5000" classname="com.mindhub.homebanking.HomebankingApplicationTest" time="0.001"/>
  <testcase name="repetition 3198 of 5000" classname="com.mindhub.homebanking.HomebankingApplicationTest" time="0.001"/>
  <testcase name="repetition 3199 of 5000" classname="com.mindhub.homebanking.HomebankingApplicationTest" time="0.001"/>
  <testcase name="repetition 3200 of 5000" classname="com.mindhub.homebanking.HomebankingApplicationTest" time="0.0"/>
  <testcase name="repetition 3201 of 5000" classname="com.mindhub.homebanking.HomebankingApplicationTest" time="0.0"/>
  <testcase name="repetition 3202 of 5000" classname="com.mindhub.homebanking.HomebankingApplicationTest" time="0.001"/>
  <testcase name="repetition 3203 of 5000" classname="com.mindhub.homebanking.HomebankingApplicationTest" time="0.001"/>
  <testcase name="repetition 3204 of 5000" classname="com.mindhub.homebanking.HomebankingApplicationTest" time="0.0"/>
  <testcase name="repetition 3205 of 5000" classname="com.mindhub.homebanking.HomebankingApplicationTest" time="0.001"/>
  <testcase name="repetition 3206 of 5000" classname="com.mindhub.homebanking.HomebankingApplicationTest" time="0.0"/>
  <testcase name="repetition 3207 of 5000" classname="com.mindhub.homebanking.HomebankingApplicationTest" time="0.0"/>
  <testcase name="repetition 3208 of 5000" classname="com.mindhub.homebanking.HomebankingApplicationTest" time="0.001"/>
  <testcase name="repetition 3209 of 5000" classname="com.mindhub.homebanking.HomebankingApplicationTest" time="0.001"/>
  <testcase name="repetition 3210 of 5000" classname="com.mindhub.homebanking.HomebankingApplicationTest" time="0.001"/>
  <testcase name="repetition 3211 of 5000" classname="com.mindhub.homebanking.HomebankingApplicationTest" time="0.001"/>
  <testcase name="repetition 3212 of 5000" classname="com.mindhub.homebanking.HomebankingApplicationTest" time="0.001"/>
  <testcase name="repetition 3213 of 5000" classname="com.mindhub.homebanking.HomebankingApplicationTest" time="0.001"/>
  <testcase name="repetition 3214 of 5000" classname="com.mindhub.homebanking.HomebankingApplicationTest" time="0.001"/>
  <testcase name="repetition 3215 of 5000" classname="com.mindhub.homebanking.HomebankingApplicationTest" time="0.0"/>
  <testcase name="repetition 3216 of 5000" classname="com.mindhub.homebanking.HomebankingApplicationTest" time="0.0"/>
  <testcase name="repetition 3217 of 5000" classname="com.mindhub.homebanking.HomebankingApplicationTest" time="0.001"/>
  <testcase name="repetition 3218 of 5000" classname="com.mindhub.homebanking.HomebankingApplicationTest" time="0.001"/>
  <testcase name="repetition 3219 of 5000" classname="com.mindhub.homebanking.HomebankingApplicationTest" time="0.001"/>
  <testcase name="repetition 3220 of 5000" classname="com.mindhub.homebanking.HomebankingApplicationTest" time="0.0"/>
  <testcase name="repetition 3221 of 5000" classname="com.mindhub.homebanking.HomebankingApplicationTest" time="0.0"/>
  <testcase name="repetition 3222 of 5000" classname="com.mindhub.homebanking.HomebankingApplicationTest" time="0.0"/>
  <testcase name="repetition 3223 of 5000" classname="com.mindhub.homebanking.HomebankingApplicationTest" time="0.001"/>
  <testcase name="repetition 3224 of 5000" classname="com.mindhub.homebanking.HomebankingApplicationTest" time="0.0"/>
  <testcase name="repetition 3225 of 5000" classname="com.mindhub.homebanking.HomebankingApplicationTest" time="0.001"/>
  <testcase name="repetition 3226 of 5000" classname="com.mindhub.homebanking.HomebankingApplicationTest" time="0.001"/>
  <testcase name="repetition 3227 of 5000" classname="com.mindhub.homebanking.HomebankingApplicationTest" time="0.001"/>
  <testcase name="repetition 3228 of 5000" classname="com.mindhub.homebanking.HomebankingApplicationTest" time="0.001"/>
  <testcase name="repetition 3229 of 5000" classname="com.mindhub.homebanking.HomebankingApplicationTest" time="0.0"/>
  <testcase name="repetition 3230 of 5000" classname="com.mindhub.homebanking.HomebankingApplicationTest" time="0.0"/>
  <testcase name="repetition 3231 of 5000" classname="com.mindhub.homebanking.HomebankingApplicationTest" time="0.001"/>
  <testcase name="repetition 3232 of 5000" classname="com.mindhub.homebanking.HomebankingApplicationTest" time="0.0"/>
  <testcase name="repetition 3233 of 5000" classname="com.mindhub.homebanking.HomebankingApplicationTest" time="0.001"/>
  <testcase name="repetition 3234 of 5000" classname="com.mindhub.homebanking.HomebankingApplicationTest" time="0.0"/>
  <testcase name="repetition 3235 of 5000" classname="com.mindhub.homebanking.HomebankingApplicationTest" time="0.001"/>
  <testcase name="repetition 3236 of 5000" classname="com.mindhub.homebanking.HomebankingApplicationTest" time="0.0"/>
  <testcase name="repetition 3237 of 5000" classname="com.mindhub.homebanking.HomebankingApplicationTest" time="0.0"/>
  <testcase name="repetition 3238 of 5000" classname="com.mindhub.homebanking.HomebankingApplicationTest" time="0.001"/>
  <testcase name="repetition 3239 of 5000" classname="com.mindhub.homebanking.HomebankingApplicationTest" time="0.0"/>
  <testcase name="repetition 3240 of 5000" classname="com.mindhub.homebanking.HomebankingApplicationTest" time="0.0"/>
  <testcase name="repetition 3241 of 5000" classname="com.mindhub.homebanking.HomebankingApplicationTest" time="0.0"/>
  <testcase name="repetition 3242 of 5000" classname="com.mindhub.homebanking.HomebankingApplicationTest" time="0.001"/>
  <testcase name="repetition 3243 of 5000" classname="com.mindhub.homebanking.HomebankingApplicationTest" time="0.0"/>
  <testcase name="repetition 3244 of 5000" classname="com.mindhub.homebanking.HomebankingApplicationTest" time="0.001"/>
  <testcase name="repetition 3245 of 5000" classname="com.mindhub.homebanking.HomebankingApplicationTest" time="0.0"/>
  <testcase name="repetition 3246 of 5000" classname="com.mindhub.homebanking.HomebankingApplicationTest" time="0.001"/>
  <testcase name="repetition 3247 of 5000" classname="com.mindhub.homebanking.HomebankingApplicationTest" time="0.0"/>
  <testcase name="repetition 3248 of 5000" classname="com.mindhub.homebanking.HomebankingApplicationTest" time="0.001"/>
  <testcase name="repetition 3249 of 5000" classname="com.mindhub.homebanking.HomebankingApplicationTest" time="0.0"/>
  <testcase name="repetition 3250 of 5000" classname="com.mindhub.homebanking.HomebankingApplicationTest" time="0.001"/>
  <testcase name="repetition 3251 of 5000" classname="com.mindhub.homebanking.HomebankingApplicationTest" time="0.0"/>
  <testcase name="repetition 3252 of 5000" classname="com.mindhub.homebanking.HomebankingApplicationTest" time="0.0"/>
  <testcase name="repetition 3253 of 5000" classname="com.mindhub.homebanking.HomebankingApplicationTest" time="0.001"/>
  <testcase name="repetition 3254 of 5000" classname="com.mindhub.homebanking.HomebankingApplicationTest" time="0.0"/>
  <testcase name="repetition 3255 of 5000" classname="com.mindhub.homebanking.HomebankingApplicationTest" time="0.001"/>
  <testcase name="repetition 3256 of 5000" classname="com.mindhub.homebanking.HomebankingApplicationTest" time="0.0"/>
  <testcase name="repetition 3257 of 5000" classname="com.mindhub.homebanking.HomebankingApplicationTest" time="0.001"/>
  <testcase name="repetition 3258 of 5000" classname="com.mindhub.homebanking.HomebankingApplicationTest" time="0.0"/>
  <testcase name="repetition 3259 of 5000" classname="com.mindhub.homebanking.HomebankingApplicationTest" time="0.001"/>
  <testcase name="repetition 3260 of 5000" classname="com.mindhub.homebanking.HomebankingApplicationTest" time="0.0"/>
  <testcase name="repetition 3261 of 5000" classname="com.mindhub.homebanking.HomebankingApplicationTest" time="0.0"/>
  <testcase name="repetition 3262 of 5000" classname="com.mindhub.homebanking.HomebankingApplicationTest" time="0.0"/>
  <testcase name="repetition 3263 of 5000" classname="com.mindhub.homebanking.HomebankingApplicationTest" time="0.001"/>
  <testcase name="repetition 3264 of 5000" classname="com.mindhub.homebanking.HomebankingApplicationTest" time="0.002"/>
  <testcase name="repetition 3265 of 5000" classname="com.mindhub.homebanking.HomebankingApplicationTest" time="0.001"/>
  <testcase name="repetition 3266 of 5000" classname="com.mindhub.homebanking.HomebankingApplicationTest" time="0.001"/>
  <testcase name="repetition 3267 of 5000" classname="com.mindhub.homebanking.HomebankingApplicationTest" time="0.001"/>
  <testcase name="repetition 3268 of 5000" classname="com.mindhub.homebanking.HomebankingApplicationTest" time="0.0"/>
  <testcase name="repetition 3269 of 5000" classname="com.mindhub.homebanking.HomebankingApplicationTest" time="0.0"/>
  <testcase name="repetition 3270 of 5000" classname="com.mindhub.homebanking.HomebankingApplicationTest" time="0.0"/>
  <testcase name="repetition 3271 of 5000" classname="com.mindhub.homebanking.HomebankingApplicationTest" time="0.001"/>
  <testcase name="repetition 3272 of 5000" classname="com.mindhub.homebanking.HomebankingApplicationTest" time="0.0"/>
  <testcase name="repetition 3273 of 5000" classname="com.mindhub.homebanking.HomebankingApplicationTest" time="0.001"/>
  <testcase name="repetition 3274 of 5000" classname="com.mindhub.homebanking.HomebankingApplicationTest" time="0.001"/>
  <testcase name="repetition 3275 of 5000" classname="com.mindhub.homebanking.HomebankingApplicationTest" time="0.001"/>
  <testcase name="repetition 3276 of 5000" classname="com.mindhub.homebanking.HomebankingApplicationTest" time="0.001"/>
  <testcase name="repetition 3277 of 5000" classname="com.mindhub.homebanking.HomebankingApplicationTest" time="0.0"/>
  <testcase name="repetition 3278 of 5000" classname="com.mindhub.homebanking.HomebankingApplicationTest" time="0.001"/>
  <testcase name="repetition 3279 of 5000" classname="com.mindhub.homebanking.HomebankingApplicationTest" time="0.0"/>
  <testcase name="repetition 3280 of 5000" classname="com.mindhub.homebanking.HomebankingApplicationTest" time="0.001"/>
  <testcase name="repetition 3281 of 5000" classname="com.mindhub.homebanking.HomebankingApplicationTest" time="0.001"/>
  <testcase name="repetition 3282 of 5000" classname="com.mindhub.homebanking.HomebankingApplicationTest" time="0.001"/>
  <testcase name="repetition 3283 of 5000" classname="com.mindhub.homebanking.HomebankingApplicationTest" time="0.001"/>
  <testcase name="repetition 3284 of 5000" classname="com.mindhub.homebanking.HomebankingApplicationTest" time="0.001"/>
  <testcase name="repetition 3285 of 5000" classname="com.mindhub.homebanking.HomebankingApplicationTest" time="0.001"/>
  <testcase name="repetition 3286 of 5000" classname="com.mindhub.homebanking.HomebankingApplicationTest" time="0.001"/>
  <testcase name="repetition 3287 of 5000" classname="com.mindhub.homebanking.HomebankingApplicationTest" time="0.001"/>
  <testcase name="repetition 3288 of 5000" classname="com.mindhub.homebanking.HomebankingApplicationTest" time="0.001"/>
  <testcase name="repetition 3289 of 5000" classname="com.mindhub.homebanking.HomebankingApplicationTest" time="0.001"/>
  <testcase name="repetition 3290 of 5000" classname="com.mindhub.homebanking.HomebankingApplicationTest" time="0.001"/>
  <testcase name="repetition 3291 of 5000" classname="com.mindhub.homebanking.HomebankingApplicationTest" time="0.001"/>
  <testcase name="repetition 3292 of 5000" classname="com.mindhub.homebanking.HomebankingApplicationTest" time="0.0"/>
  <testcase name="repetition 3293 of 5000" classname="com.mindhub.homebanking.HomebankingApplicationTest" time="0.0"/>
  <testcase name="repetition 3294 of 5000" classname="com.mindhub.homebanking.HomebankingApplicationTest" time="0.0"/>
  <testcase name="repetition 3295 of 5000" classname="com.mindhub.homebanking.HomebankingApplicationTest" time="0.0"/>
  <testcase name="repetition 3296 of 5000" classname="com.mindhub.homebanking.HomebankingApplicationTest" time="0.001"/>
  <testcase name="repetition 3297 of 5000" classname="com.mindhub.homebanking.HomebankingApplicationTest" time="0.001"/>
  <testcase name="repetition 3298 of 5000" classname="com.mindhub.homebanking.HomebankingApplicationTest" time="0.0"/>
  <testcase name="repetition 3299 of 5000" classname="com.mindhub.homebanking.HomebankingApplicationTest" time="0.001"/>
  <testcase name="repetition 3300 of 5000" classname="com.mindhub.homebanking.HomebankingApplicationTest" time="0.001"/>
  <testcase name="repetition 3301 of 5000" classname="com.mindhub.homebanking.HomebankingApplicationTest" time="0.001"/>
  <testcase name="repetition 3302 of 5000" classname="com.mindhub.homebanking.HomebankingApplicationTest" time="0.0"/>
  <testcase name="repetition 3303 of 5000" classname="com.mindhub.homebanking.HomebankingApplicationTest" time="0.001"/>
  <testcase name="repetition 3304 of 5000" classname="com.mindhub.homebanking.HomebankingApplicationTest" time="0.001"/>
  <testcase name="repetition 3305 of 5000" classname="com.mindhub.homebanking.HomebankingApplicationTest" time="0.0"/>
  <testcase name="repetition 3306 of 5000" classname="com.mindhub.homebanking.HomebankingApplicationTest" time="0.001"/>
  <testcase name="repetition 3307 of 5000" classname="com.mindhub.homebanking.HomebankingApplicationTest" time="0.001"/>
  <testcase name="repetition 3308 of 5000" classname="com.mindhub.homebanking.HomebankingApplicationTest" time="0.0"/>
  <testcase name="repetition 3309 of 5000" classname="com.mindhub.homebanking.HomebankingApplicationTest" time="0.0"/>
  <testcase name="repetition 3310 of 5000" classname="com.mindhub.homebanking.HomebankingApplicationTest" time="0.001"/>
  <testcase name="repetition 3311 of 5000" classname="com.mindhub.homebanking.HomebankingApplicationTest" time="0.001"/>
  <testcase name="repetition 3312 of 5000" classname="com.mindhub.homebanking.HomebankingApplicationTest" time="0.0"/>
  <testcase name="repetition 3313 of 5000" classname="com.mindhub.homebanking.HomebankingApplicationTest" time="0.001"/>
  <testcase name="repetition 3314 of 5000" classname="com.mindhub.homebanking.HomebankingApplicationTest" time="0.001"/>
  <testcase name="repetition 3315 of 5000" classname="com.mindhub.homebanking.HomebankingApplicationTest" time="0.0"/>
  <testcase name="repetition 3316 of 5000" classname="com.mindhub.homebanking.HomebankingApplicationTest" time="0.0"/>
  <testcase name="repetition 3317 of 5000" classname="com.mindhub.homebanking.HomebankingApplicationTest" time="0.0"/>
  <testcase name="repetition 3318 of 5000" classname="com.mindhub.homebanking.HomebankingApplicationTest" time="0.001"/>
  <testcase name="repetition 3319 of 5000" classname="com.mindhub.homebanking.HomebankingApplicationTest" time="0.001"/>
  <testcase name="repetition 3320 of 5000" classname="com.mindhub.homebanking.HomebankingApplicationTest" time="0.001"/>
  <testcase name="repetition 3321 of 5000" classname="com.mindhub.homebanking.HomebankingApplicationTest" time="0.001"/>
  <testcase name="repetition 3322 of 5000" classname="com.mindhub.homebanking.HomebankingApplicationTest" time="0.0"/>
  <testcase name="repetition 3323 of 5000" classname="com.mindhub.homebanking.HomebankingApplicationTest" time="0.0"/>
  <testcase name="repetition 3324 of 5000" classname="com.mindhub.homebanking.HomebankingApplicationTest" time="0.001"/>
  <testcase name="repetition 3325 of 5000" classname="com.mindhub.homebanking.HomebankingApplicationTest" time="0.001"/>
  <testcase name="repetition 3326 of 5000" classname="com.mindhub.homebanking.HomebankingApplicationTest" time="0.001"/>
  <testcase name="repetition 3327 of 5000" classname="com.mindhub.homebanking.HomebankingApplicationTest" time="0.001"/>
  <testcase name="repetition 3328 of 5000" classname="com.mindhub.homebanking.HomebankingApplicationTest" time="0.001"/>
  <testcase name="repetition 3329 of 5000" classname="com.mindhub.homebanking.HomebankingApplicationTest" time="0.001"/>
  <testcase name="repetition 3330 of 5000" classname="com.mindhub.homebanking.HomebankingApplicationTest" time="0.001"/>
  <testcase name="repetition 3331 of 5000" classname="com.mindhub.homebanking.HomebankingApplicationTest" time="0.001"/>
  <testcase name="repetition 3332 of 5000" classname="com.mindhub.homebanking.HomebankingApplicationTest" time="0.002"/>
  <testcase name="repetition 3333 of 5000" classname="com.mindhub.homebanking.HomebankingApplicationTest" time="0.002"/>
  <testcase name="repetition 3334 of 5000" classname="com.mindhub.homebanking.HomebankingApplicationTest" time="0.001"/>
  <testcase name="repetition 3335 of 5000" classname="com.mindhub.homebanking.HomebankingApplicationTest" time="0.001"/>
  <testcase name="repetition 3336 of 5000" classname="com.mindhub.homebanking.HomebankingApplicationTest" time="0.001"/>
  <testcase name="repetition 3337 of 5000" classname="com.mindhub.homebanking.HomebankingApplicationTest" time="0.001"/>
  <testcase name="repetition 3338 of 5000" classname="com.mindhub.homebanking.HomebankingApplicationTest" time="0.001"/>
  <testcase name="repetition 3339 of 5000" classname="com.mindhub.homebanking.HomebankingApplicationTest" time="0.0"/>
  <testcase name="repetition 3340 of 5000" classname="com.mindhub.homebanking.HomebankingApplicationTest" time="0.0"/>
  <testcase name="repetition 3341 of 5000" classname="com.mindhub.homebanking.HomebankingApplicationTest" time="0.001"/>
  <testcase name="repetition 3342 of 5000" classname="com.mindhub.homebanking.HomebankingApplicationTest" time="0.001"/>
  <testcase name="repetition 3343 of 5000" classname="com.mindhub.homebanking.HomebankingApplicationTest" time="0.002"/>
  <testcase name="repetition 3344 of 5000" classname="com.mindhub.homebanking.HomebankingApplicationTest" time="0.001"/>
  <testcase name="repetition 3345 of 5000" classname="com.mindhub.homebanking.HomebankingApplicationTest" time="0.001"/>
  <testcase name="repetition 3346 of 5000" classname="com.mindhub.homebanking.HomebankingApplicationTest" time="0.001"/>
  <testcase name="repetition 3347 of 5000" classname="com.mindhub.homebanking.HomebankingApplicationTest" time="0.0"/>
  <testcase name="repetition 3348 of 5000" classname="com.mindhub.homebanking.HomebankingApplicationTest" time="0.001"/>
  <testcase name="repetition 3349 of 5000" classname="com.mindhub.homebanking.HomebankingApplicationTest" time="0.0"/>
  <testcase name="repetition 3350 of 5000" classname="com.mindhub.homebanking.HomebankingApplicationTest" time="0.001"/>
  <testcase name="repetition 3351 of 5000" classname="com.mindhub.homebanking.HomebankingApplicationTest" time="0.0"/>
  <testcase name="repetition 3352 of 5000" classname="com.mindhub.homebanking.HomebankingApplicationTest" time="0.001"/>
  <testcase name="repetition 3353 of 5000" classname="com.mindhub.homebanking.HomebankingApplicationTest" time="0.001"/>
  <testcase name="repetition 3354 of 5000" classname="com.mindhub.homebanking.HomebankingApplicationTest" time="0.0"/>
  <testcase name="repetition 3355 of 5000" classname="com.mindhub.homebanking.HomebankingApplicationTest" time="0.0"/>
  <testcase name="repetition 3356 of 5000" classname="com.mindhub.homebanking.HomebankingApplicationTest" time="0.001"/>
  <testcase name="repetition 3357 of 5000" classname="com.mindhub.homebanking.HomebankingApplicationTest" time="0.0"/>
  <testcase name="repetition 3358 of 5000" classname="com.mindhub.homebanking.HomebankingApplicationTest" time="0.0"/>
  <testcase name="repetition 3359 of 5000" classname="com.mindhub.homebanking.HomebankingApplicationTest" time="0.001"/>
  <testcase name="repetition 3360 of 5000" classname="com.mindhub.homebanking.HomebankingApplicationTest" time="0.002"/>
  <testcase name="repetition 3361 of 5000" classname="com.mindhub.homebanking.HomebankingApplicationTest" time="0.001"/>
  <testcase name="repetition 3362 of 5000" classname="com.mindhub.homebanking.HomebankingApplicationTest" time="0.001"/>
  <testcase name="repetition 3363 of 5000" classname="com.mindhub.homebanking.HomebankingApplicationTest" time="0.0"/>
  <testcase name="repetition 3364 of 5000" classname="com.mindhub.homebanking.HomebankingApplicationTest" time="0.0"/>
  <testcase name="repetition 3365 of 5000" classname="com.mindhub.homebanking.HomebankingApplicationTest" time="0.0"/>
  <testcase name="repetition 3366 of 5000" classname="com.mindhub.homebanking.HomebankingApplicationTest" time="0.001"/>
  <testcase name="repetition 3367 of 5000" classname="com.mindhub.homebanking.HomebankingApplicationTest" time="0.002"/>
  <testcase name="repetition 3368 of 5000" classname="com.mindhub.homebanking.HomebankingApplicationTest" time="0.001"/>
  <testcase name="repetition 3369 of 5000" classname="com.mindhub.homebanking.HomebankingApplicationTest" time="0.0"/>
  <testcase name="repetition 3370 of 5000" classname="com.mindhub.homebanking.HomebankingApplicationTest" time="0.0"/>
  <testcase name="repetition 3371 of 5000" classname="com.mindhub.homebanking.HomebankingApplicationTest" time="0.001"/>
  <testcase name="repetition 3372 of 5000" classname="com.mindhub.homebanking.HomebankingApplicationTest" time="0.002"/>
  <testcase name="repetition 3373 of 5000" classname="com.mindhub.homebanking.HomebankingApplicationTest" time="0.001"/>
  <testcase name="repetition 3374 of 5000" classname="com.mindhub.homebanking.HomebankingApplicationTest" time="0.001"/>
  <testcase name="repetition 3375 of 5000" classname="com.mindhub.homebanking.HomebankingApplicationTest" time="0.0"/>
  <testcase name="repetition 3376 of 5000" classname="com.mindhub.homebanking.HomebankingApplicationTest" time="0.001"/>
  <testcase name="repetition 3377 of 5000" classname="com.mindhub.homebanking.HomebankingApplicationTest" time="0.0"/>
  <testcase name="repetition 3378 of 5000" classname="com.mindhub.homebanking.HomebankingApplicationTest" time="0.0"/>
  <testcase name="repetition 3379 of 5000" classname="com.mindhub.homebanking.HomebankingApplicationTest" time="0.001"/>
  <testcase name="repetition 3380 of 5000" classname="com.mindhub.homebanking.HomebankingApplicationTest" time="0.0"/>
  <testcase name="repetition 3381 of 5000" classname="com.mindhub.homebanking.HomebankingApplicationTest" time="0.001"/>
  <testcase name="repetition 3382 of 5000" classname="com.mindhub.homebanking.HomebankingApplicationTest" time="0.0"/>
  <testcase name="repetition 3383 of 5000" classname="com.mindhub.homebanking.HomebankingApplicationTest" time="0.0"/>
  <testcase name="repetition 3384 of 5000" classname="com.mindhub.homebanking.HomebankingApplicationTest" time="0.0"/>
  <testcase name="repetition 3385 of 5000" classname="com.mindhub.homebanking.HomebankingApplicationTest" time="0.0"/>
  <testcase name="repetition 3386 of 5000" classname="com.mindhub.homebanking.HomebankingApplicationTest" time="0.001"/>
  <testcase name="repetition 3387 of 5000" classname="com.mindhub.homebanking.HomebankingApplicationTest" time="0.005"/>
  <testcase name="repetition 3388 of 5000" classname="com.mindhub.homebanking.HomebankingApplicationTest" time="0.002"/>
  <testcase name="repetition 3389 of 5000" classname="com.mindhub.homebanking.HomebankingApplicationTest" time="0.001"/>
  <testcase name="repetition 3390 of 5000" classname="com.mindhub.homebanking.HomebankingApplicationTest" time="0.001"/>
  <testcase name="repetition 3391 of 5000" classname="com.mindhub.homebanking.HomebankingApplicationTest" time="0.001"/>
  <testcase name="repetition 3392 of 5000" classname="com.mindhub.homebanking.HomebankingApplicationTest" time="0.0"/>
  <testcase name="repetition 3393 of 5000" classname="com.mindhub.homebanking.HomebankingApplicationTest" time="0.0"/>
  <testcase name="repetition 3394 of 5000" classname="com.mindhub.homebanking.HomebankingApplicationTest" time="0.001"/>
  <testcase name="repetition 3395 of 5000" classname="com.mindhub.homebanking.HomebankingApplicationTest" time="0.0"/>
  <testcase name="repetition 3396 of 5000" classname="com.mindhub.homebanking.HomebankingApplicationTest" time="0.0"/>
  <testcase name="repetition 3397 of 5000" classname="com.mindhub.homebanking.HomebankingApplicationTest" time="0.0"/>
  <testcase name="repetition 3398 of 5000" classname="com.mindhub.homebanking.HomebankingApplicationTest" time="0.0"/>
  <testcase name="repetition 3399 of 5000" classname="com.mindhub.homebanking.HomebankingApplicationTest" time="0.001"/>
  <testcase name="repetition 3400 of 5000" classname="com.mindhub.homebanking.HomebankingApplicationTest" time="0.0"/>
  <testcase name="repetition 3401 of 5000" classname="com.mindhub.homebanking.HomebankingApplicationTest" time="0.001"/>
  <testcase name="repetition 3402 of 5000" classname="com.mindhub.homebanking.HomebankingApplicationTest" time="0.0"/>
  <testcase name="repetition 3403 of 5000" classname="com.mindhub.homebanking.HomebankingApplicationTest" time="0.001"/>
  <testcase name="repetition 3404 of 5000" classname="com.mindhub.homebanking.HomebankingApplicationTest" time="0.0"/>
  <testcase name="repetition 3405 of 5000" classname="com.mindhub.homebanking.HomebankingApplicationTest" time="0.0"/>
  <testcase name="repetition 3406 of 5000" classname="com.mindhub.homebanking.HomebankingApplicationTest" time="0.0"/>
  <testcase name="repetition 3407 of 5000" classname="com.mindhub.homebanking.HomebankingApplicationTest" time="0.0"/>
  <testcase name="repetition 3408 of 5000" classname="com.mindhub.homebanking.HomebankingApplicationTest" time="0.001"/>
  <testcase name="repetition 3409 of 5000" classname="com.mindhub.homebanking.HomebankingApplicationTest" time="0.0"/>
  <testcase name="repetition 3410 of 5000" classname="com.mindhub.homebanking.HomebankingApplicationTest" time="0.001"/>
  <testcase name="repetition 3411 of 5000" classname="com.mindhub.homebanking.HomebankingApplicationTest" time="0.0"/>
  <testcase name="repetition 3412 of 5000" classname="com.mindhub.homebanking.HomebankingApplicationTest" time="0.001"/>
  <testcase name="repetition 3413 of 5000" classname="com.mindhub.homebanking.HomebankingApplicationTest" time="0.0"/>
  <testcase name="repetition 3414 of 5000" classname="com.mindhub.homebanking.HomebankingApplicationTest" time="0.001"/>
  <testcase name="repetition 3415 of 5000" classname="com.mindhub.homebanking.HomebankingApplicationTest" time="0.0"/>
  <testcase name="repetition 3416 of 5000" classname="com.mindhub.homebanking.HomebankingApplicationTest" time="0.001"/>
  <testcase name="repetition 3417 of 5000" classname="com.mindhub.homebanking.HomebankingApplicationTest" time="0.0"/>
  <testcase name="repetition 3418 of 5000" classname="com.mindhub.homebanking.HomebankingApplicationTest" time="0.0"/>
  <testcase name="repetition 3419 of 5000" classname="com.mindhub.homebanking.HomebankingApplicationTest" time="0.001"/>
  <testcase name="repetition 3420 of 5000" classname="com.mindhub.homebanking.HomebankingApplicationTest" time="0.0"/>
  <testcase name="repetition 3421 of 5000" classname="com.mindhub.homebanking.HomebankingApplicationTest" time="0.001"/>
  <testcase name="repetition 3422 of 5000" classname="com.mindhub.homebanking.HomebankingApplicationTest" time="0.0"/>
  <testcase name="repetition 3423 of 5000" classname="com.mindhub.homebanking.HomebankingApplicationTest" time="0.0"/>
  <testcase name="repetition 3424 of 5000" classname="com.mindhub.homebanking.HomebankingApplicationTest" time="0.001"/>
  <testcase name="repetition 3425 of 5000" classname="com.mindhub.homebanking.HomebankingApplicationTest" time="0.0"/>
  <testcase name="repetition 3426 of 5000" classname="com.mindhub.homebanking.HomebankingApplicationTest" time="0.001"/>
  <testcase name="repetition 3427 of 5000" classname="com.mindhub.homebanking.HomebankingApplicationTest" time="0.0"/>
  <testcase name="repetition 3428 of 5000" classname="com.mindhub.homebanking.HomebankingApplicationTest" time="0.001"/>
  <testcase name="repetition 3429 of 5000" classname="com.mindhub.homebanking.HomebankingApplicationTest" time="0.0"/>
  <testcase name="repetition 3430 of 5000" classname="com.mindhub.homebanking.HomebankingApplicationTest" time="0.0"/>
  <testcase name="repetition 3431 of 5000" classname="com.mindhub.homebanking.HomebankingApplicationTest" time="0.0"/>
  <testcase name="repetition 3432 of 5000" classname="com.mindhub.homebanking.HomebankingApplicationTest" time="0.0"/>
  <testcase name="repetition 3433 of 5000" classname="com.mindhub.homebanking.HomebankingApplicationTest" time="0.001"/>
  <testcase name="repetition 3434 of 5000" classname="com.mindhub.homebanking.HomebankingApplicationTest" time="0.0"/>
  <testcase name="repetition 3435 of 5000" classname="com.mindhub.homebanking.HomebankingApplicationTest" time="0.0"/>
  <testcase name="repetition 3436 of 5000" classname="com.mindhub.homebanking.HomebankingApplicationTest" time="0.001"/>
  <testcase name="repetition 3437 of 5000" classname="com.mindhub.homebanking.HomebankingApplicationTest" time="0.0"/>
  <testcase name="repetition 3438 of 5000" classname="com.mindhub.homebanking.HomebankingApplicationTest" time="0.001"/>
  <testcase name="repetition 3439 of 5000" classname="com.mindhub.homebanking.HomebankingApplicationTest" time="0.0"/>
  <testcase name="repetition 3440 of 5000" classname="com.mindhub.homebanking.HomebankingApplicationTest" time="0.001"/>
  <testcase name="repetition 3441 of 5000" classname="com.mindhub.homebanking.HomebankingApplicationTest" time="0.0"/>
  <testcase name="repetition 3442 of 5000" classname="com.mindhub.homebanking.HomebankingApplicationTest" time="0.0"/>
  <testcase name="repetition 3443 of 5000" classname="com.mindhub.homebanking.HomebankingApplicationTest" time="0.0"/>
  <testcase name="repetition 3444 of 5000" classname="com.mindhub.homebanking.HomebankingApplicationTest" time="0.0"/>
  <testcase name="repetition 3445 of 5000" classname="com.mindhub.homebanking.HomebankingApplicationTest" time="0.0"/>
  <testcase name="repetition 3446 of 5000" classname="com.mindhub.homebanking.HomebankingApplicationTest" time="0.001"/>
  <testcase name="repetition 3447 of 5000" classname="com.mindhub.homebanking.HomebankingApplicationTest" time="0.0"/>
  <testcase name="repetition 3448 of 5000" classname="com.mindhub.homebanking.HomebankingApplicationTest" time="0.0"/>
  <testcase name="repetition 3449 of 5000" classname="com.mindhub.homebanking.HomebankingApplicationTest" time="0.001"/>
  <testcase name="repetition 3450 of 5000" classname="com.mindhub.homebanking.HomebankingApplicationTest" time="0.0"/>
  <testcase name="repetition 3451 of 5000" classname="com.mindhub.homebanking.HomebankingApplicationTest" time="0.001"/>
  <testcase name="repetition 3452 of 5000" classname="com.mindhub.homebanking.HomebankingApplicationTest" time="0.0"/>
  <testcase name="repetition 3453 of 5000" classname="com.mindhub.homebanking.HomebankingApplicationTest" time="0.0"/>
  <testcase name="repetition 3454 of 5000" classname="com.mindhub.homebanking.HomebankingApplicationTest" time="0.0"/>
  <testcase name="repetition 3455 of 5000" classname="com.mindhub.homebanking.HomebankingApplicationTest" time="0.0"/>
  <testcase name="repetition 3456 of 5000" classname="com.mindhub.homebanking.HomebankingApplicationTest" time="0.001"/>
  <testcase name="repetition 3457 of 5000" classname="com.mindhub.homebanking.HomebankingApplicationTest" time="0.0"/>
  <testcase name="repetition 3458 of 5000" classname="com.mindhub.homebanking.HomebankingApplicationTest" time="0.001"/>
  <testcase name="repetition 3459 of 5000" classname="com.mindhub.homebanking.HomebankingApplicationTest" time="0.0"/>
  <testcase name="repetition 3460 of 5000" classname="com.mindhub.homebanking.HomebankingApplicationTest" time="0.001"/>
  <testcase name="repetition 3461 of 5000" classname="com.mindhub.homebanking.HomebankingApplicationTest" time="0.001"/>
  <testcase name="repetition 3462 of 5000" classname="com.mindhub.homebanking.HomebankingApplicationTest" time="0.0"/>
  <testcase name="repetition 3463 of 5000" classname="com.mindhub.homebanking.HomebankingApplicationTest" time="0.001"/>
  <testcase name="repetition 3464 of 5000" classname="com.mindhub.homebanking.HomebankingApplicationTest" time="0.0"/>
  <testcase name="repetition 3465 of 5000" classname="com.mindhub.homebanking.HomebankingApplicationTest" time="0.0"/>
  <testcase name="repetition 3466 of 5000" classname="com.mindhub.homebanking.HomebankingApplicationTest" time="0.0"/>
  <testcase name="repetition 3467 of 5000" classname="com.mindhub.homebanking.HomebankingApplicationTest" time="0.001"/>
  <testcase name="repetition 3468 of 5000" classname="com.mindhub.homebanking.HomebankingApplicationTest" time="0.001"/>
  <testcase name="repetition 3469 of 5000" classname="com.mindhub.homebanking.HomebankingApplicationTest" time="0.001"/>
  <testcase name="repetition 3470 of 5000" classname="com.mindhub.homebanking.HomebankingApplicationTest" time="0.0"/>
  <testcase name="repetition 3471 of 5000" classname="com.mindhub.homebanking.HomebankingApplicationTest" time="0.0"/>
  <testcase name="repetition 3472 of 5000" classname="com.mindhub.homebanking.HomebankingApplicationTest" time="0.001"/>
  <testcase name="repetition 3473 of 5000" classname="com.mindhub.homebanking.HomebankingApplicationTest" time="0.0"/>
  <testcase name="repetition 3474 of 5000" classname="com.mindhub.homebanking.HomebankingApplicationTest" time="0.001"/>
  <testcase name="repetition 3475 of 5000" classname="com.mindhub.homebanking.HomebankingApplicationTest" time="0.0"/>
  <testcase name="repetition 3476 of 5000" classname="com.mindhub.homebanking.HomebankingApplicationTest" time="0.001"/>
  <testcase name="repetition 3477 of 5000" classname="com.mindhub.homebanking.HomebankingApplicationTest" time="0.0"/>
  <testcase name="repetition 3478 of 5000" classname="com.mindhub.homebanking.HomebankingApplicationTest" time="0.001"/>
  <testcase name="repetition 3479 of 5000" classname="com.mindhub.homebanking.HomebankingApplicationTest" time="0.0"/>
  <testcase name="repetition 3480 of 5000" classname="com.mindhub.homebanking.HomebankingApplicationTest" time="0.001"/>
  <testcase name="repetition 3481 of 5000" classname="com.mindhub.homebanking.HomebankingApplicationTest" time="0.0"/>
  <testcase name="repetition 3482 of 5000" classname="com.mindhub.homebanking.HomebankingApplicationTest" time="0.0"/>
  <testcase name="repetition 3483 of 5000" classname="com.mindhub.homebanking.HomebankingApplicationTest" time="0.0"/>
  <testcase name="repetition 3484 of 5000" classname="com.mindhub.homebanking.HomebankingApplicationTest" time="0.001"/>
  <testcase name="repetition 3485 of 5000" classname="com.mindhub.homebanking.HomebankingApplicationTest" time="0.0"/>
  <testcase name="repetition 3486 of 5000" classname="com.mindhub.homebanking.HomebankingApplicationTest" time="0.0"/>
  <testcase name="repetition 3487 of 5000" classname="com.mindhub.homebanking.HomebankingApplicationTest" time="0.0"/>
  <testcase name="repetition 3488 of 5000" classname="com.mindhub.homebanking.HomebankingApplicationTest" time="0.001"/>
  <testcase name="repetition 3489 of 5000" classname="com.mindhub.homebanking.HomebankingApplicationTest" time="0.0"/>
  <testcase name="repetition 3490 of 5000" classname="com.mindhub.homebanking.HomebankingApplicationTest" time="0.001"/>
  <testcase name="repetition 3491 of 5000" classname="com.mindhub.homebanking.HomebankingApplicationTest" time="0.0"/>
  <testcase name="repetition 3492 of 5000" classname="com.mindhub.homebanking.HomebankingApplicationTest" time="0.001"/>
  <testcase name="repetition 3493 of 5000" classname="com.mindhub.homebanking.HomebankingApplicationTest" time="0.0"/>
  <testcase name="repetition 3494 of 5000" classname="com.mindhub.homebanking.HomebankingApplicationTest" time="0.0"/>
  <testcase name="repetition 3495 of 5000" classname="com.mindhub.homebanking.HomebankingApplicationTest" time="0.001"/>
  <testcase name="repetition 3496 of 5000" classname="com.mindhub.homebanking.HomebankingApplicationTest" time="0.0"/>
  <testcase name="repetition 3497 of 5000" classname="com.mindhub.homebanking.HomebankingApplicationTest" time="0.001"/>
  <testcase name="repetition 3498 of 5000" classname="com.mindhub.homebanking.HomebankingApplicationTest" time="0.001"/>
  <testcase name="repetition 3499 of 5000" classname="com.mindhub.homebanking.HomebankingApplicationTest" time="0.0"/>
  <testcase name="repetition 3500 of 5000" classname="com.mindhub.homebanking.HomebankingApplicationTest" time="0.0"/>
  <testcase name="repetition 3501 of 5000" classname="com.mindhub.homebanking.HomebankingApplicationTest" time="0.0"/>
  <testcase name="repetition 3502 of 5000" classname="com.mindhub.homebanking.HomebankingApplicationTest" time="0.0"/>
  <testcase name="repetition 3503 of 5000" classname="com.mindhub.homebanking.HomebankingApplicationTest" time="0.0"/>
  <testcase name="repetition 3504 of 5000" classname="com.mindhub.homebanking.HomebankingApplicationTest" time="0.001"/>
  <testcase name="repetition 3505 of 5000" classname="com.mindhub.homebanking.HomebankingApplicationTest" time="0.001"/>
  <testcase name="repetition 3506 of 5000" classname="com.mindhub.homebanking.HomebankingApplicationTest" time="0.0"/>
  <testcase name="repetition 3507 of 5000" classname="com.mindhub.homebanking.HomebankingApplicationTest" time="0.0"/>
  <testcase name="repetition 3508 of 5000" classname="com.mindhub.homebanking.HomebankingApplicationTest" time="0.001"/>
  <testcase name="repetition 3509 of 5000" classname="com.mindhub.homebanking.HomebankingApplicationTest" time="0.0"/>
  <testcase name="repetition 3510 of 5000" classname="com.mindhub.homebanking.HomebankingApplicationTest" time="0.001"/>
  <testcase name="repetition 3511 of 5000" classname="com.mindhub.homebanking.HomebankingApplicationTest" time="0.0"/>
  <testcase name="repetition 3512 of 5000" classname="com.mindhub.homebanking.HomebankingApplicationTest" time="0.001"/>
  <testcase name="repetition 3513 of 5000" classname="com.mindhub.homebanking.HomebankingApplicationTest" time="0.0"/>
  <testcase name="repetition 3514 of 5000" classname="com.mindhub.homebanking.HomebankingApplicationTest" time="0.0"/>
  <testcase name="repetition 3515 of 5000" classname="com.mindhub.homebanking.HomebankingApplicationTest" time="0.0"/>
  <testcase name="repetition 3516 of 5000" classname="com.mindhub.homebanking.HomebankingApplicationTest" time="0.001"/>
  <testcase name="repetition 3517 of 5000" classname="com.mindhub.homebanking.HomebankingApplicationTest" time="0.0"/>
  <testcase name="repetition 3518 of 5000" classname="com.mindhub.homebanking.HomebankingApplicationTest" time="0.0"/>
  <testcase name="repetition 3519 of 5000" classname="com.mindhub.homebanking.HomebankingApplicationTest" time="0.001"/>
  <testcase name="repetition 3520 of 5000" classname="com.mindhub.homebanking.HomebankingApplicationTest" time="0.0"/>
  <testcase name="repetition 3521 of 5000" classname="com.mindhub.homebanking.HomebankingApplicationTest" time="0.001"/>
  <testcase name="repetition 3522 of 5000" classname="com.mindhub.homebanking.HomebankingApplicationTest" time="0.0"/>
  <testcase name="repetition 3523 of 5000" classname="com.mindhub.homebanking.HomebankingApplicationTest" time="0.001"/>
  <testcase name="repetition 3524 of 5000" classname="com.mindhub.homebanking.HomebankingApplicationTest" time="0.0"/>
  <testcase name="repetition 3525 of 5000" classname="com.mindhub.homebanking.HomebankingApplicationTest" time="0.001"/>
  <testcase name="repetition 3526 of 5000" classname="com.mindhub.homebanking.HomebankingApplicationTest" time="0.001"/>
  <testcase name="repetition 3527 of 5000" classname="com.mindhub.homebanking.HomebankingApplicationTest" time="0.001"/>
  <testcase name="repetition 3528 of 5000" classname="com.mindhub.homebanking.HomebankingApplicationTest" time="0.001"/>
  <testcase name="repetition 3529 of 5000" classname="com.mindhub.homebanking.HomebankingApplicationTest" time="0.001"/>
  <testcase name="repetition 3530 of 5000" classname="com.mindhub.homebanking.HomebankingApplicationTest" time="0.0"/>
  <testcase name="repetition 3531 of 5000" classname="com.mindhub.homebanking.HomebankingApplicationTest" time="0.001"/>
  <testcase name="repetition 3532 of 5000" classname="com.mindhub.homebanking.HomebankingApplicationTest" time="0.0"/>
  <testcase name="repetition 3533 of 5000" classname="com.mindhub.homebanking.HomebankingApplicationTest" time="0.0"/>
  <testcase name="repetition 3534 of 5000" classname="com.mindhub.homebanking.HomebankingApplicationTest" time="0.0"/>
  <testcase name="repetition 3535 of 5000" classname="com.mindhub.homebanking.HomebankingApplicationTest" time="0.001"/>
  <testcase name="repetition 3536 of 5000" classname="com.mindhub.homebanking.HomebankingApplicationTest" time="0.0"/>
  <testcase name="repetition 3537 of 5000" classname="com.mindhub.homebanking.HomebankingApplicationTest" time="0.001"/>
  <testcase name="repetition 3538 of 5000" classname="com.mindhub.homebanking.HomebankingApplicationTest" time="0.0"/>
  <testcase name="repetition 3539 of 5000" classname="com.mindhub.homebanking.HomebankingApplicationTest" time="0.0"/>
  <testcase name="repetition 3540 of 5000" classname="com.mindhub.homebanking.HomebankingApplicationTest" time="0.001"/>
  <testcase name="repetition 3541 of 5000" classname="com.mindhub.homebanking.HomebankingApplicationTest" time="0.0"/>
  <testcase name="repetition 3542 of 5000" classname="com.mindhub.homebanking.HomebankingApplicationTest" time="0.001"/>
  <testcase name="repetition 3543 of 5000" classname="com.mindhub.homebanking.HomebankingApplicationTest" time="0.0"/>
  <testcase name="repetition 3544 of 5000" classname="com.mindhub.homebanking.HomebankingApplicationTest" time="0.001"/>
  <testcase name="repetition 3545 of 5000" classname="com.mindhub.homebanking.HomebankingApplicationTest" time="0.001"/>
  <testcase name="repetition 3546 of 5000" classname="com.mindhub.homebanking.HomebankingApplicationTest" time="0.0"/>
  <testcase name="repetition 3547 of 5000" classname="com.mindhub.homebanking.HomebankingApplicationTest" time="0.001"/>
  <testcase name="repetition 3548 of 5000" classname="com.mindhub.homebanking.HomebankingApplicationTest" time="0.0"/>
  <testcase name="repetition 3549 of 5000" classname="com.mindhub.homebanking.HomebankingApplicationTest" time="0.001"/>
  <testcase name="repetition 3550 of 5000" classname="com.mindhub.homebanking.HomebankingApplicationTest" time="0.001"/>
  <testcase name="repetition 3551 of 5000" classname="com.mindhub.homebanking.HomebankingApplicationTest" time="0.001"/>
  <testcase name="repetition 3552 of 5000" classname="com.mindhub.homebanking.HomebankingApplicationTest" time="0.0"/>
  <testcase name="repetition 3553 of 5000" classname="com.mindhub.homebanking.HomebankingApplicationTest" time="0.0"/>
  <testcase name="repetition 3554 of 5000" classname="com.mindhub.homebanking.HomebankingApplicationTest" time="0.001"/>
  <testcase name="repetition 3555 of 5000" classname="com.mindhub.homebanking.HomebankingApplicationTest" time="0.0"/>
  <testcase name="repetition 3556 of 5000" classname="com.mindhub.homebanking.HomebankingApplicationTest" time="0.001"/>
  <testcase name="repetition 3557 of 5000" classname="com.mindhub.homebanking.HomebankingApplicationTest" time="0.0"/>
  <testcase name="repetition 3558 of 5000" classname="com.mindhub.homebanking.HomebankingApplicationTest" time="0.001"/>
  <testcase name="repetition 3559 of 5000" classname="com.mindhub.homebanking.HomebankingApplicationTest" time="0.0"/>
  <testcase name="repetition 3560 of 5000" classname="com.mindhub.homebanking.HomebankingApplicationTest" time="0.0"/>
  <testcase name="repetition 3561 of 5000" classname="com.mindhub.homebanking.HomebankingApplicationTest" time="0.001"/>
  <testcase name="repetition 3562 of 5000" classname="com.mindhub.homebanking.HomebankingApplicationTest" time="0.0"/>
  <testcase name="repetition 3563 of 5000" classname="com.mindhub.homebanking.HomebankingApplicationTest" time="0.001"/>
  <testcase name="repetition 3564 of 5000" classname="com.mindhub.homebanking.HomebankingApplicationTest" time="0.0"/>
  <testcase name="repetition 3565 of 5000" classname="com.mindhub.homebanking.HomebankingApplicationTest" time="0.0"/>
  <testcase name="repetition 3566 of 5000" classname="com.mindhub.homebanking.HomebankingApplicationTest" time="0.001"/>
  <testcase name="repetition 3567 of 5000" classname="com.mindhub.homebanking.HomebankingApplicationTest" time="0.0"/>
  <testcase name="repetition 3568 of 5000" classname="com.mindhub.homebanking.HomebankingApplicationTest" time="0.001"/>
  <testcase name="repetition 3569 of 5000" classname="com.mindhub.homebanking.HomebankingApplicationTest" time="0.001"/>
  <testcase name="repetition 3570 of 5000" classname="com.mindhub.homebanking.HomebankingApplicationTest" time="0.001"/>
  <testcase name="repetition 3571 of 5000" classname="com.mindhub.homebanking.HomebankingApplicationTest" time="0.001"/>
  <testcase name="repetition 3572 of 5000" classname="com.mindhub.homebanking.HomebankingApplicationTest" time="0.001"/>
  <testcase name="repetition 3573 of 5000" classname="com.mindhub.homebanking.HomebankingApplicationTest" time="0.001"/>
  <testcase name="repetition 3574 of 5000" classname="com.mindhub.homebanking.HomebankingApplicationTest" time="0.001"/>
  <testcase name="repetition 3575 of 5000" classname="com.mindhub.homebanking.HomebankingApplicationTest" time="0.001"/>
  <testcase name="repetition 3576 of 5000" classname="com.mindhub.homebanking.HomebankingApplicationTest" time="0.001"/>
  <testcase name="repetition 3577 of 5000" classname="com.mindhub.homebanking.HomebankingApplicationTest" time="0.0"/>
  <testcase name="repetition 3578 of 5000" classname="com.mindhub.homebanking.HomebankingApplicationTest" time="0.0"/>
  <testcase name="repetition 3579 of 5000" classname="com.mindhub.homebanking.HomebankingApplicationTest" time="0.001"/>
  <testcase name="repetition 3580 of 5000" classname="com.mindhub.homebanking.HomebankingApplicationTest" time="0.0"/>
  <testcase name="repetition 3581 of 5000" classname="com.mindhub.homebanking.HomebankingApplicationTest" time="0.0"/>
  <testcase name="repetition 3582 of 5000" classname="com.mindhub.homebanking.HomebankingApplicationTest" time="0.001"/>
  <testcase name="repetition 3583 of 5000" classname="com.mindhub.homebanking.HomebankingApplicationTest" time="0.0"/>
  <testcase name="repetition 3584 of 5000" classname="com.mindhub.homebanking.HomebankingApplicationTest" time="0.001"/>
  <testcase name="repetition 3585 of 5000" classname="com.mindhub.homebanking.HomebankingApplicationTest" time="0.0"/>
  <testcase name="repetition 3586 of 5000" classname="com.mindhub.homebanking.HomebankingApplicationTest" time="0.001"/>
  <testcase name="repetition 3587 of 5000" classname="com.mindhub.homebanking.HomebankingApplicationTest" time="0.0"/>
  <testcase name="repetition 3588 of 5000" classname="com.mindhub.homebanking.HomebankingApplicationTest" time="0.0"/>
  <testcase name="repetition 3589 of 5000" classname="com.mindhub.homebanking.HomebankingApplicationTest" time="0.0"/>
  <testcase name="repetition 3590 of 5000" classname="com.mindhub.homebanking.HomebankingApplicationTest" time="0.001"/>
  <testcase name="repetition 3591 of 5000" classname="com.mindhub.homebanking.HomebankingApplicationTest" time="0.0"/>
  <testcase name="repetition 3592 of 5000" classname="com.mindhub.homebanking.HomebankingApplicationTest" time="0.001"/>
  <testcase name="repetition 3593 of 5000" classname="com.mindhub.homebanking.HomebankingApplicationTest" time="0.0"/>
  <testcase name="repetition 3594 of 5000" classname="com.mindhub.homebanking.HomebankingApplicationTest" time="0.001"/>
  <testcase name="repetition 3595 of 5000" classname="com.mindhub.homebanking.HomebankingApplicationTest" time="0.0"/>
  <testcase name="repetition 3596 of 5000" classname="com.mindhub.homebanking.HomebankingApplicationTest" time="0.001"/>
  <testcase name="repetition 3597 of 5000" classname="com.mindhub.homebanking.HomebankingApplicationTest" time="0.001"/>
  <testcase name="repetition 3598 of 5000" classname="com.mindhub.homebanking.HomebankingApplicationTest" time="0.0"/>
  <testcase name="repetition 3599 of 5000" classname="com.mindhub.homebanking.HomebankingApplicationTest" time="0.001"/>
  <testcase name="repetition 3600 of 5000" classname="com.mindhub.homebanking.HomebankingApplicationTest" time="0.0"/>
  <testcase name="repetition 3601 of 5000" classname="com.mindhub.homebanking.HomebankingApplicationTest" time="0.0"/>
  <testcase name="repetition 3602 of 5000" classname="com.mindhub.homebanking.HomebankingApplicationTest" time="0.0"/>
  <testcase name="repetition 3603 of 5000" classname="com.mindhub.homebanking.HomebankingApplicationTest" time="0.0"/>
  <testcase name="repetition 3604 of 5000" classname="com.mindhub.homebanking.HomebankingApplicationTest" time="0.001"/>
  <testcase name="repetition 3605 of 5000" classname="com.mindhub.homebanking.HomebankingApplicationTest" time="0.0"/>
  <testcase name="repetition 3606 of 5000" classname="com.mindhub.homebanking.HomebankingApplicationTest" time="0.001"/>
  <testcase name="repetition 3607 of 5000" classname="com.mindhub.homebanking.HomebankingApplicationTest" time="0.001"/>
  <testcase name="repetition 3608 of 5000" classname="com.mindhub.homebanking.HomebankingApplicationTest" time="0.0"/>
  <testcase name="repetition 3609 of 5000" classname="com.mindhub.homebanking.HomebankingApplicationTest" time="0.001"/>
  <testcase name="repetition 3610 of 5000" classname="com.mindhub.homebanking.HomebankingApplicationTest" time="0.0"/>
  <testcase name="repetition 3611 of 5000" classname="com.mindhub.homebanking.HomebankingApplicationTest" time="0.0"/>
  <testcase name="repetition 3612 of 5000" classname="com.mindhub.homebanking.HomebankingApplicationTest" time="0.0"/>
  <testcase name="repetition 3613 of 5000" classname="com.mindhub.homebanking.HomebankingApplicationTest" time="0.001"/>
  <testcase name="repetition 3614 of 5000" classname="com.mindhub.homebanking.HomebankingApplicationTest" time="0.0"/>
  <testcase name="repetition 3615 of 5000" classname="com.mindhub.homebanking.HomebankingApplicationTest" time="0.0"/>
  <testcase name="repetition 3616 of 5000" classname="com.mindhub.homebanking.HomebankingApplicationTest" time="0.0"/>
  <testcase name="repetition 3617 of 5000" classname="com.mindhub.homebanking.HomebankingApplicationTest" time="0.001"/>
  <testcase name="repetition 3618 of 5000" classname="com.mindhub.homebanking.HomebankingApplicationTest" time="0.001"/>
  <testcase name="repetition 3619 of 5000" classname="com.mindhub.homebanking.HomebankingApplicationTest" time="0.002"/>
  <testcase name="repetition 3620 of 5000" classname="com.mindhub.homebanking.HomebankingApplicationTest" time="0.001"/>
  <testcase name="repetition 3621 of 5000" classname="com.mindhub.homebanking.HomebankingApplicationTest" time="0.001"/>
  <testcase name="repetition 3622 of 5000" classname="com.mindhub.homebanking.HomebankingApplicationTest" time="0.001"/>
  <testcase name="repetition 3623 of 5000" classname="com.mindhub.homebanking.HomebankingApplicationTest" time="0.002"/>
  <testcase name="repetition 3624 of 5000" classname="com.mindhub.homebanking.HomebankingApplicationTest" time="0.001"/>
  <testcase name="repetition 3625 of 5000" classname="com.mindhub.homebanking.HomebankingApplicationTest" time="0.001"/>
  <testcase name="repetition 3626 of 5000" classname="com.mindhub.homebanking.HomebankingApplicationTest" time="0.0"/>
  <testcase name="repetition 3627 of 5000" classname="com.mindhub.homebanking.HomebankingApplicationTest" time="0.0"/>
  <testcase name="repetition 3628 of 5000" classname="com.mindhub.homebanking.HomebankingApplicationTest" time="0.001"/>
  <testcase name="repetition 3629 of 5000" classname="com.mindhub.homebanking.HomebankingApplicationTest" time="0.001"/>
  <testcase name="repetition 3630 of 5000" classname="com.mindhub.homebanking.HomebankingApplicationTest" time="0.0"/>
  <testcase name="repetition 3631 of 5000" classname="com.mindhub.homebanking.HomebankingApplicationTest" time="0.001"/>
  <testcase name="repetition 3632 of 5000" classname="com.mindhub.homebanking.HomebankingApplicationTest" time="0.001"/>
  <testcase name="repetition 3633 of 5000" classname="com.mindhub.homebanking.HomebankingApplicationTest" time="0.0"/>
  <testcase name="repetition 3634 of 5000" classname="com.mindhub.homebanking.HomebankingApplicationTest" time="0.001"/>
  <testcase name="repetition 3635 of 5000" classname="com.mindhub.homebanking.HomebankingApplicationTest" time="0.001"/>
  <testcase name="repetition 3636 of 5000" classname="com.mindhub.homebanking.HomebankingApplicationTest" time="0.002"/>
  <testcase name="repetition 3637 of 5000" classname="com.mindhub.homebanking.HomebankingApplicationTest" time="0.001"/>
  <testcase name="repetition 3638 of 5000" classname="com.mindhub.homebanking.HomebankingApplicationTest" time="0.0"/>
  <testcase name="repetition 3639 of 5000" classname="com.mindhub.homebanking.HomebankingApplicationTest" time="0.001"/>
  <testcase name="repetition 3640 of 5000" classname="com.mindhub.homebanking.HomebankingApplicationTest" time="0.001"/>
  <testcase name="repetition 3641 of 5000" classname="com.mindhub.homebanking.HomebankingApplicationTest" time="0.001"/>
  <testcase name="repetition 3642 of 5000" classname="com.mindhub.homebanking.HomebankingApplicationTest" time="0.001"/>
  <testcase name="repetition 3643 of 5000" classname="com.mindhub.homebanking.HomebankingApplicationTest" time="0.0"/>
  <testcase name="repetition 3644 of 5000" classname="com.mindhub.homebanking.HomebankingApplicationTest" time="0.001"/>
  <testcase name="repetition 3645 of 5000" classname="com.mindhub.homebanking.HomebankingApplicationTest" time="0.001"/>
  <testcase name="repetition 3646 of 5000" classname="com.mindhub.homebanking.HomebankingApplicationTest" time="0.0"/>
  <testcase name="repetition 3647 of 5000" classname="com.mindhub.homebanking.HomebankingApplicationTest" time="0.001"/>
  <testcase name="repetition 3648 of 5000" classname="com.mindhub.homebanking.HomebankingApplicationTest" time="0.0"/>
  <testcase name="repetition 3649 of 5000" classname="com.mindhub.homebanking.HomebankingApplicationTest" time="0.001"/>
  <testcase name="repetition 3650 of 5000" classname="com.mindhub.homebanking.HomebankingApplicationTest" time="0.001"/>
  <testcase name="repetition 3651 of 5000" classname="com.mindhub.homebanking.HomebankingApplicationTest" time="0.001"/>
  <testcase name="repetition 3652 of 5000" classname="com.mindhub.homebanking.HomebankingApplicationTest" time="0.001"/>
  <testcase name="repetition 3653 of 5000" classname="com.mindhub.homebanking.HomebankingApplicationTest" time="0.001"/>
  <testcase name="repetition 3654 of 5000" classname="com.mindhub.homebanking.HomebankingApplicationTest" time="0.001"/>
  <testcase name="repetition 3655 of 5000" classname="com.mindhub.homebanking.HomebankingApplicationTest" time="0.001"/>
  <testcase name="repetition 3656 of 5000" classname="com.mindhub.homebanking.HomebankingApplicationTest" time="0.001"/>
  <testcase name="repetition 3657 of 5000" classname="com.mindhub.homebanking.HomebankingApplicationTest" time="0.0"/>
  <testcase name="repetition 3658 of 5000" classname="com.mindhub.homebanking.HomebankingApplicationTest" time="0.001"/>
  <testcase name="repetition 3659 of 5000" classname="com.mindhub.homebanking.HomebankingApplicationTest" time="0.0"/>
  <testcase name="repetition 3660 of 5000" classname="com.mindhub.homebanking.HomebankingApplicationTest" time="0.0"/>
  <testcase name="repetition 3661 of 5000" classname="com.mindhub.homebanking.HomebankingApplicationTest" time="0.0"/>
  <testcase name="repetition 3662 of 5000" classname="com.mindhub.homebanking.HomebankingApplicationTest" time="0.001"/>
  <testcase name="repetition 3663 of 5000" classname="com.mindhub.homebanking.HomebankingApplicationTest" time="0.001"/>
  <testcase name="repetition 3664 of 5000" classname="com.mindhub.homebanking.HomebankingApplicationTest" time="0.001"/>
  <testcase name="repetition 3665 of 5000" classname="com.mindhub.homebanking.HomebankingApplicationTest" time="0.001"/>
  <testcase name="repetition 3666 of 5000" classname="com.mindhub.homebanking.HomebankingApplicationTest" time="0.001"/>
  <testcase name="repetition 3667 of 5000" classname="com.mindhub.homebanking.HomebankingApplicationTest" time="0.0"/>
  <testcase name="repetition 3668 of 5000" classname="com.mindhub.homebanking.HomebankingApplicationTest" time="0.0"/>
  <testcase name="repetition 3669 of 5000" classname="com.mindhub.homebanking.HomebankingApplicationTest" time="0.001"/>
  <testcase name="repetition 3670 of 5000" classname="com.mindhub.homebanking.HomebankingApplicationTest" time="0.0"/>
  <testcase name="repetition 3671 of 5000" classname="com.mindhub.homebanking.HomebankingApplicationTest" time="0.001"/>
  <testcase name="repetition 3672 of 5000" classname="com.mindhub.homebanking.HomebankingApplicationTest" time="0.0"/>
  <testcase name="repetition 3673 of 5000" classname="com.mindhub.homebanking.HomebankingApplicationTest" time="0.0"/>
  <testcase name="repetition 3674 of 5000" classname="com.mindhub.homebanking.HomebankingApplicationTest" time="0.0"/>
  <testcase name="repetition 3675 of 5000" classname="com.mindhub.homebanking.HomebankingApplicationTest" time="0.0"/>
  <testcase name="repetition 3676 of 5000" classname="com.mindhub.homebanking.HomebankingApplicationTest" time="0.001"/>
  <testcase name="repetition 3677 of 5000" classname="com.mindhub.homebanking.HomebankingApplicationTest" time="0.001"/>
  <testcase name="repetition 3678 of 5000" classname="com.mindhub.homebanking.HomebankingApplicationTest" time="0.001"/>
  <testcase name="repetition 3679 of 5000" classname="com.mindhub.homebanking.HomebankingApplicationTest" time="0.0"/>
  <testcase name="repetition 3680 of 5000" classname="com.mindhub.homebanking.HomebankingApplicationTest" time="0.0"/>
  <testcase name="repetition 3681 of 5000" classname="com.mindhub.homebanking.HomebankingApplicationTest" time="0.0"/>
  <testcase name="repetition 3682 of 5000" classname="com.mindhub.homebanking.HomebankingApplicationTest" time="0.001"/>
  <testcase name="repetition 3683 of 5000" classname="com.mindhub.homebanking.HomebankingApplicationTest" time="0.0"/>
  <testcase name="repetition 3684 of 5000" classname="com.mindhub.homebanking.HomebankingApplicationTest" time="0.001"/>
  <testcase name="repetition 3685 of 5000" classname="com.mindhub.homebanking.HomebankingApplicationTest" time="0.001"/>
  <testcase name="repetition 3686 of 5000" classname="com.mindhub.homebanking.HomebankingApplicationTest" time="0.0"/>
  <testcase name="repetition 3687 of 5000" classname="com.mindhub.homebanking.HomebankingApplicationTest" time="0.0"/>
  <testcase name="repetition 3688 of 5000" classname="com.mindhub.homebanking.HomebankingApplicationTest" time="0.001"/>
  <testcase name="repetition 3689 of 5000" classname="com.mindhub.homebanking.HomebankingApplicationTest" time="0.001"/>
  <testcase name="repetition 3690 of 5000" classname="com.mindhub.homebanking.HomebankingApplicationTest" time="0.001"/>
  <testcase name="repetition 3691 of 5000" classname="com.mindhub.homebanking.HomebankingApplicationTest" time="0.0"/>
  <testcase name="repetition 3692 of 5000" classname="com.mindhub.homebanking.HomebankingApplicationTest" time="0.001"/>
  <testcase name="repetition 3693 of 5000" classname="com.mindhub.homebanking.HomebankingApplicationTest" time="0.0"/>
  <testcase name="repetition 3694 of 5000" classname="com.mindhub.homebanking.HomebankingApplicationTest" time="0.001"/>
  <testcase name="repetition 3695 of 5000" classname="com.mindhub.homebanking.HomebankingApplicationTest" time="0.001"/>
  <testcase name="repetition 3696 of 5000" classname="com.mindhub.homebanking.HomebankingApplicationTest" time="0.001"/>
  <testcase name="repetition 3697 of 5000" classname="com.mindhub.homebanking.HomebankingApplicationTest" time="0.001"/>
  <testcase name="repetition 3698 of 5000" classname="com.mindhub.homebanking.HomebankingApplicationTest" time="0.001"/>
  <testcase name="repetition 3699 of 5000" classname="com.mindhub.homebanking.HomebankingApplicationTest" time="0.001"/>
  <testcase name="repetition 3700 of 5000" classname="com.mindhub.homebanking.HomebankingApplicationTest" time="0.001"/>
  <testcase name="repetition 3701 of 5000" classname="com.mindhub.homebanking.HomebankingApplicationTest" time="0.001"/>
  <testcase name="repetition 3702 of 5000" classname="com.mindhub.homebanking.HomebankingApplicationTest" time="0.001"/>
  <testcase name="repetition 3703 of 5000" classname="com.mindhub.homebanking.HomebankingApplicationTest" time="0.001"/>
  <testcase name="repetition 3704 of 5000" classname="com.mindhub.homebanking.HomebankingApplicationTest" time="0.001"/>
  <testcase name="repetition 3705 of 5000" classname="com.mindhub.homebanking.HomebankingApplicationTest" time="0.001"/>
  <testcase name="repetition 3706 of 5000" classname="com.mindhub.homebanking.HomebankingApplicationTest" time="0.001"/>
  <testcase name="repetition 3707 of 5000" classname="com.mindhub.homebanking.HomebankingApplicationTest" time="0.001"/>
  <testcase name="repetition 3708 of 5000" classname="com.mindhub.homebanking.HomebankingApplicationTest" time="0.001"/>
  <testcase name="repetition 3709 of 5000" classname="com.mindhub.homebanking.HomebankingApplicationTest" time="0.001"/>
  <testcase name="repetition 3710 of 5000" classname="com.mindhub.homebanking.HomebankingApplicationTest" time="0.001"/>
  <testcase name="repetition 3711 of 5000" classname="com.mindhub.homebanking.HomebankingApplicationTest" time="0.0"/>
  <testcase name="repetition 3712 of 5000" classname="com.mindhub.homebanking.HomebankingApplicationTest" time="0.001"/>
  <testcase name="repetition 3713 of 5000" classname="com.mindhub.homebanking.HomebankingApplicationTest" time="0.001"/>
  <testcase name="repetition 3714 of 5000" classname="com.mindhub.homebanking.HomebankingApplicationTest" time="0.001"/>
  <testcase name="repetition 3715 of 5000" classname="com.mindhub.homebanking.HomebankingApplicationTest" time="0.001"/>
  <testcase name="repetition 3716 of 5000" classname="com.mindhub.homebanking.HomebankingApplicationTest" time="0.001"/>
  <testcase name="repetition 3717 of 5000" classname="com.mindhub.homebanking.HomebankingApplicationTest" time="0.001"/>
  <testcase name="repetition 3718 of 5000" classname="com.mindhub.homebanking.HomebankingApplicationTest" time="0.002"/>
  <testcase name="repetition 3719 of 5000" classname="com.mindhub.homebanking.HomebankingApplicationTest" time="0.001"/>
  <testcase name="repetition 3720 of 5000" classname="com.mindhub.homebanking.HomebankingApplicationTest" time="0.001"/>
  <testcase name="repetition 3721 of 5000" classname="com.mindhub.homebanking.HomebankingApplicationTest" time="0.001"/>
  <testcase name="repetition 3722 of 5000" classname="com.mindhub.homebanking.HomebankingApplicationTest" time="0.001"/>
  <testcase name="repetition 3723 of 5000" classname="com.mindhub.homebanking.HomebankingApplicationTest" time="0.002"/>
  <testcase name="repetition 3724 of 5000" classname="com.mindhub.homebanking.HomebankingApplicationTest" time="0.001"/>
  <testcase name="repetition 3725 of 5000" classname="com.mindhub.homebanking.HomebankingApplicationTest" time="0.001"/>
  <testcase name="repetition 3726 of 5000" classname="com.mindhub.homebanking.HomebankingApplicationTest" time="0.001"/>
  <testcase name="repetition 3727 of 5000" classname="com.mindhub.homebanking.HomebankingApplicationTest" time="0.0"/>
  <testcase name="repetition 3728 of 5000" classname="com.mindhub.homebanking.HomebankingApplicationTest" time="0.001"/>
  <testcase name="repetition 3729 of 5000" classname="com.mindhub.homebanking.HomebankingApplicationTest" time="0.002"/>
  <testcase name="repetition 3730 of 5000" classname="com.mindhub.homebanking.HomebankingApplicationTest" time="0.001"/>
  <testcase name="repetition 3731 of 5000" classname="com.mindhub.homebanking.HomebankingApplicationTest" time="0.0"/>
  <testcase name="repetition 3732 of 5000" classname="com.mindhub.homebanking.HomebankingApplicationTest" time="0.0"/>
  <testcase name="repetition 3733 of 5000" classname="com.mindhub.homebanking.HomebankingApplicationTest" time="0.001"/>
  <testcase name="repetition 3734 of 5000" classname="com.mindhub.homebanking.HomebankingApplicationTest" time="0.0"/>
  <testcase name="repetition 3735 of 5000" classname="com.mindhub.homebanking.HomebankingApplicationTest" time="0.0"/>
  <testcase name="repetition 3736 of 5000" classname="com.mindhub.homebanking.HomebankingApplicationTest" time="0.002"/>
  <testcase name="repetition 3737 of 5000" classname="com.mindhub.homebanking.HomebankingApplicationTest" time="0.001"/>
  <testcase name="repetition 3738 of 5000" classname="com.mindhub.homebanking.HomebankingApplicationTest" time="0.001"/>
  <testcase name="repetition 3739 of 5000" classname="com.mindhub.homebanking.HomebankingApplicationTest" time="0.0"/>
  <testcase name="repetition 3740 of 5000" classname="com.mindhub.homebanking.HomebankingApplicationTest" time="0.0"/>
  <testcase name="repetition 3741 of 5000" classname="com.mindhub.homebanking.HomebankingApplicationTest" time="0.001"/>
  <testcase name="repetition 3742 of 5000" classname="com.mindhub.homebanking.HomebankingApplicationTest" time="0.001"/>
  <testcase name="repetition 3743 of 5000" classname="com.mindhub.homebanking.HomebankingApplicationTest" time="0.0"/>
  <testcase name="repetition 3744 of 5000" classname="com.mindhub.homebanking.HomebankingApplicationTest" time="0.001"/>
  <testcase name="repetition 3745 of 5000" classname="com.mindhub.homebanking.HomebankingApplicationTest" time="0.0"/>
  <testcase name="repetition 3746 of 5000" classname="com.mindhub.homebanking.HomebankingApplicationTest" time="0.001"/>
  <testcase name="repetition 3747 of 5000" classname="com.mindhub.homebanking.HomebankingApplicationTest" time="0.0"/>
  <testcase name="repetition 3748 of 5000" classname="com.mindhub.homebanking.HomebankingApplicationTest" time="0.001"/>
  <testcase name="repetition 3749 of 5000" classname="com.mindhub.homebanking.HomebankingApplicationTest" time="0.0"/>
  <testcase name="repetition 3750 of 5000" classname="com.mindhub.homebanking.HomebankingApplicationTest" time="0.001"/>
  <testcase name="repetition 3751 of 5000" classname="com.mindhub.homebanking.HomebankingApplicationTest" time="0.0"/>
  <testcase name="repetition 3752 of 5000" classname="com.mindhub.homebanking.HomebankingApplicationTest" time="0.001"/>
  <testcase name="repetition 3753 of 5000" classname="com.mindhub.homebanking.HomebankingApplicationTest" time="0.0"/>
  <testcase name="repetition 3754 of 5000" classname="com.mindhub.homebanking.HomebankingApplicationTest" time="0.001"/>
  <testcase name="repetition 3755 of 5000" classname="com.mindhub.homebanking.HomebankingApplicationTest" time="0.001"/>
  <testcase name="repetition 3756 of 5000" classname="com.mindhub.homebanking.HomebankingApplicationTest" time="0.001"/>
  <testcase name="repetition 3757 of 5000" classname="com.mindhub.homebanking.HomebankingApplicationTest" time="0.001"/>
  <testcase name="repetition 3758 of 5000" classname="com.mindhub.homebanking.HomebankingApplicationTest" time="0.001"/>
  <testcase name="repetition 3759 of 5000" classname="com.mindhub.homebanking.HomebankingApplicationTest" time="0.001"/>
  <testcase name="repetition 3760 of 5000" classname="com.mindhub.homebanking.HomebankingApplicationTest" time="0.001"/>
  <testcase name="repetition 3761 of 5000" classname="com.mindhub.homebanking.HomebankingApplicationTest" time="0.001"/>
  <testcase name="repetition 3762 of 5000" classname="com.mindhub.homebanking.HomebankingApplicationTest" time="0.001"/>
  <testcase name="repetition 3763 of 5000" classname="com.mindhub.homebanking.HomebankingApplicationTest" time="0.001"/>
  <testcase name="repetition 3764 of 5000" classname="com.mindhub.homebanking.HomebankingApplicationTest" time="0.001"/>
  <testcase name="repetition 3765 of 5000" classname="com.mindhub.homebanking.HomebankingApplicationTest" time="0.001"/>
  <testcase name="repetition 3766 of 5000" classname="com.mindhub.homebanking.HomebankingApplicationTest" time="0.001"/>
  <testcase name="repetition 3767 of 5000" classname="com.mindhub.homebanking.HomebankingApplicationTest" time="0.001"/>
  <testcase name="repetition 3768 of 5000" classname="com.mindhub.homebanking.HomebankingApplicationTest" time="0.0"/>
  <testcase name="repetition 3769 of 5000" classname="com.mindhub.homebanking.HomebankingApplicationTest" time="0.0"/>
  <testcase name="repetition 3770 of 5000" classname="com.mindhub.homebanking.HomebankingApplicationTest" time="0.0"/>
  <testcase name="repetition 3771 of 5000" classname="com.mindhub.homebanking.HomebankingApplicationTest" time="0.0"/>
  <testcase name="repetition 3772 of 5000" classname="com.mindhub.homebanking.HomebankingApplicationTest" time="0.0"/>
  <testcase name="repetition 3773 of 5000" classname="com.mindhub.homebanking.HomebankingApplicationTest" time="0.001"/>
  <testcase name="repetition 3774 of 5000" classname="com.mindhub.homebanking.HomebankingApplicationTest" time="0.0"/>
  <testcase name="repetition 3775 of 5000" classname="com.mindhub.homebanking.HomebankingApplicationTest" time="0.001"/>
  <testcase name="repetition 3776 of 5000" classname="com.mindhub.homebanking.HomebankingApplicationTest" time="0.001"/>
  <testcase name="repetition 3777 of 5000" classname="com.mindhub.homebanking.HomebankingApplicationTest" time="0.001"/>
  <testcase name="repetition 3778 of 5000" classname="com.mindhub.homebanking.HomebankingApplicationTest" time="0.001"/>
  <testcase name="repetition 3779 of 5000" classname="com.mindhub.homebanking.HomebankingApplicationTest" time="0.001"/>
  <testcase name="repetition 3780 of 5000" classname="com.mindhub.homebanking.HomebankingApplicationTest" time="0.001"/>
  <testcase name="repetition 3781 of 5000" classname="com.mindhub.homebanking.HomebankingApplicationTest" time="0.001"/>
  <testcase name="repetition 3782 of 5000" classname="com.mindhub.homebanking.HomebankingApplicationTest" time="0.001"/>
  <testcase name="repetition 3783 of 5000" classname="com.mindhub.homebanking.HomebankingApplicationTest" time="0.001"/>
  <testcase name="repetition 3784 of 5000" classname="com.mindhub.homebanking.HomebankingApplicationTest" time="0.002"/>
  <testcase name="repetition 3785 of 5000" classname="com.mindhub.homebanking.HomebankingApplicationTest" time="0.002"/>
  <testcase name="repetition 3786 of 5000" classname="com.mindhub.homebanking.HomebankingApplicationTest" time="0.001"/>
  <testcase name="repetition 3787 of 5000" classname="com.mindhub.homebanking.HomebankingApplicationTest" time="0.002"/>
  <testcase name="repetition 3788 of 5000" classname="com.mindhub.homebanking.HomebankingApplicationTest" time="0.001"/>
  <testcase name="repetition 3789 of 5000" classname="com.mindhub.homebanking.HomebankingApplicationTest" time="0.001"/>
  <testcase name="repetition 3790 of 5000" classname="com.mindhub.homebanking.HomebankingApplicationTest" time="0.001"/>
  <testcase name="repetition 3791 of 5000" classname="com.mindhub.homebanking.HomebankingApplicationTest" time="0.001"/>
  <testcase name="repetition 3792 of 5000" classname="com.mindhub.homebanking.HomebankingApplicationTest" time="0.001"/>
  <testcase name="repetition 3793 of 5000" classname="com.mindhub.homebanking.HomebankingApplicationTest" time="0.002"/>
  <testcase name="repetition 3794 of 5000" classname="com.mindhub.homebanking.HomebankingApplicationTest" time="0.001"/>
  <testcase name="repetition 3795 of 5000" classname="com.mindhub.homebanking.HomebankingApplicationTest" time="0.001"/>
  <testcase name="repetition 3796 of 5000" classname="com.mindhub.homebanking.HomebankingApplicationTest" time="0.001"/>
  <testcase name="repetition 3797 of 5000" classname="com.mindhub.homebanking.HomebankingApplicationTest" time="0.0"/>
  <testcase name="repetition 3798 of 5000" classname="com.mindhub.homebanking.HomebankingApplicationTest" time="0.001"/>
  <testcase name="repetition 3799 of 5000" classname="com.mindhub.homebanking.HomebankingApplicationTest" time="0.001"/>
  <testcase name="repetition 3800 of 5000" classname="com.mindhub.homebanking.HomebankingApplicationTest" time="0.001"/>
  <testcase name="repetition 3801 of 5000" classname="com.mindhub.homebanking.HomebankingApplicationTest" time="0.004"/>
  <testcase name="repetition 3802 of 5000" classname="com.mindhub.homebanking.HomebankingApplicationTest" time="0.001"/>
  <testcase name="repetition 3803 of 5000" classname="com.mindhub.homebanking.HomebankingApplicationTest" time="0.001"/>
  <testcase name="repetition 3804 of 5000" classname="com.mindhub.homebanking.HomebankingApplicationTest" time="0.001"/>
  <testcase name="repetition 3805 of 5000" classname="com.mindhub.homebanking.HomebankingApplicationTest" time="0.001"/>
  <testcase name="repetition 3806 of 5000" classname="com.mindhub.homebanking.HomebankingApplicationTest" time="0.002"/>
  <testcase name="repetition 3807 of 5000" classname="com.mindhub.homebanking.HomebankingApplicationTest" time="0.001"/>
  <testcase name="repetition 3808 of 5000" classname="com.mindhub.homebanking.HomebankingApplicationTest" time="0.001"/>
  <testcase name="repetition 3809 of 5000" classname="com.mindhub.homebanking.HomebankingApplicationTest" time="0.001"/>
  <testcase name="repetition 3810 of 5000" classname="com.mindhub.homebanking.HomebankingApplicationTest" time="0.001"/>
  <testcase name="repetition 3811 of 5000" classname="com.mindhub.homebanking.HomebankingApplicationTest" time="0.001"/>
  <testcase name="repetition 3812 of 5000" classname="com.mindhub.homebanking.HomebankingApplicationTest" time="0.001"/>
  <testcase name="repetition 3813 of 5000" classname="com.mindhub.homebanking.HomebankingApplicationTest" time="0.002"/>
  <testcase name="repetition 3814 of 5000" classname="com.mindhub.homebanking.HomebankingApplicationTest" time="0.001"/>
  <testcase name="repetition 3815 of 5000" classname="com.mindhub.homebanking.HomebankingApplicationTest" time="0.001"/>
  <testcase name="repetition 3816 of 5000" classname="com.mindhub.homebanking.HomebankingApplicationTest" time="0.002"/>
  <testcase name="repetition 3817 of 5000" classname="com.mindhub.homebanking.HomebankingApplicationTest" time="0.001"/>
  <testcase name="repetition 3818 of 5000" classname="com.mindhub.homebanking.HomebankingApplicationTest" time="0.001"/>
  <testcase name="repetition 3819 of 5000" classname="com.mindhub.homebanking.HomebankingApplicationTest" time="0.001"/>
  <testcase name="repetition 3820 of 5000" classname="com.mindhub.homebanking.HomebankingApplicationTest" time="0.001"/>
  <testcase name="repetition 3821 of 5000" classname="com.mindhub.homebanking.HomebankingApplicationTest" time="0.001"/>
  <testcase name="repetition 3822 of 5000" classname="com.mindhub.homebanking.HomebankingApplicationTest" time="0.001"/>
  <testcase name="repetition 3823 of 5000" classname="com.mindhub.homebanking.HomebankingApplicationTest" time="0.001"/>
  <testcase name="repetition 3824 of 5000" classname="com.mindhub.homebanking.HomebankingApplicationTest" time="0.001"/>
  <testcase name="repetition 3825 of 5000" classname="com.mindhub.homebanking.HomebankingApplicationTest" time="0.001"/>
  <testcase name="repetition 3826 of 5000" classname="com.mindhub.homebanking.HomebankingApplicationTest" time="0.0"/>
  <testcase name="repetition 3827 of 5000" classname="com.mindhub.homebanking.HomebankingApplicationTest" time="0.0"/>
  <testcase name="repetition 3828 of 5000" classname="com.mindhub.homebanking.HomebankingApplicationTest" time="0.001"/>
  <testcase name="repetition 3829 of 5000" classname="com.mindhub.homebanking.HomebankingApplicationTest" time="0.001"/>
  <testcase name="repetition 3830 of 5000" classname="com.mindhub.homebanking.HomebankingApplicationTest" time="0.001"/>
  <testcase name="repetition 3831 of 5000" classname="com.mindhub.homebanking.HomebankingApplicationTest" time="0.001"/>
  <testcase name="repetition 3832 of 5000" classname="com.mindhub.homebanking.HomebankingApplicationTest" time="0.001"/>
  <testcase name="repetition 3833 of 5000" classname="com.mindhub.homebanking.HomebankingApplicationTest" time="0.001"/>
  <testcase name="repetition 3834 of 5000" classname="com.mindhub.homebanking.HomebankingApplicationTest" time="0.001"/>
  <testcase name="repetition 3835 of 5000" classname="com.mindhub.homebanking.HomebankingApplicationTest" time="0.001"/>
  <testcase name="repetition 3836 of 5000" classname="com.mindhub.homebanking.HomebankingApplicationTest" time="0.001"/>
  <testcase name="repetition 3837 of 5000" classname="com.mindhub.homebanking.HomebankingApplicationTest" time="0.001"/>
  <testcase name="repetition 3838 of 5000" classname="com.mindhub.homebanking.HomebankingApplicationTest" time="0.001"/>
  <testcase name="repetition 3839 of 5000" classname="com.mindhub.homebanking.HomebankingApplicationTest" time="0.0"/>
  <testcase name="repetition 3840 of 5000" classname="com.mindhub.homebanking.HomebankingApplicationTest" time="0.0"/>
  <testcase name="repetition 3841 of 5000" classname="com.mindhub.homebanking.HomebankingApplicationTest" time="0.001"/>
  <testcase name="repetition 3842 of 5000" classname="com.mindhub.homebanking.HomebankingApplicationTest" time="0.001"/>
  <testcase name="repetition 3843 of 5000" classname="com.mindhub.homebanking.HomebankingApplicationTest" time="0.001"/>
  <testcase name="repetition 3844 of 5000" classname="com.mindhub.homebanking.HomebankingApplicationTest" time="0.001"/>
  <testcase name="repetition 3845 of 5000" classname="com.mindhub.homebanking.HomebankingApplicationTest" time="0.001"/>
  <testcase name="repetition 3846 of 5000" classname="com.mindhub.homebanking.HomebankingApplicationTest" time="0.001"/>
  <testcase name="repetition 3847 of 5000" classname="com.mindhub.homebanking.HomebankingApplicationTest" time="0.002"/>
  <testcase name="repetition 3848 of 5000" classname="com.mindhub.homebanking.HomebankingApplicationTest" time="0.001"/>
  <testcase name="repetition 3849 of 5000" classname="com.mindhub.homebanking.HomebankingApplicationTest" time="0.001"/>
  <testcase name="repetition 3850 of 5000" classname="com.mindhub.homebanking.HomebankingApplicationTest" time="0.003"/>
  <testcase name="repetition 3851 of 5000" classname="com.mindhub.homebanking.HomebankingApplicationTest" time="0.001"/>
  <testcase name="repetition 3852 of 5000" classname="com.mindhub.homebanking.HomebankingApplicationTest" time="0.001"/>
  <testcase name="repetition 3853 of 5000" classname="com.mindhub.homebanking.HomebankingApplicationTest" time="0.002"/>
  <testcase name="repetition 3854 of 5000" classname="com.mindhub.homebanking.HomebankingApplicationTest" time="0.001"/>
  <testcase name="repetition 3855 of 5000" classname="com.mindhub.homebanking.HomebankingApplicationTest" time="0.002"/>
  <testcase name="repetition 3856 of 5000" classname="com.mindhub.homebanking.HomebankingApplicationTest" time="0.001"/>
  <testcase name="repetition 3857 of 5000" classname="com.mindhub.homebanking.HomebankingApplicationTest" time="0.001"/>
  <testcase name="repetition 3858 of 5000" classname="com.mindhub.homebanking.HomebankingApplicationTest" time="0.001"/>
  <testcase name="repetition 3859 of 5000" classname="com.mindhub.homebanking.HomebankingApplicationTest" time="0.0"/>
  <testcase name="repetition 3860 of 5000" classname="com.mindhub.homebanking.HomebankingApplicationTest" time="0.001"/>
  <testcase name="repetition 3861 of 5000" classname="com.mindhub.homebanking.HomebankingApplicationTest" time="0.0"/>
  <testcase name="repetition 3862 of 5000" classname="com.mindhub.homebanking.HomebankingApplicationTest" time="0.0"/>
  <testcase name="repetition 3863 of 5000" classname="com.mindhub.homebanking.HomebankingApplicationTest" time="0.001"/>
  <testcase name="repetition 3864 of 5000" classname="com.mindhub.homebanking.HomebankingApplicationTest" time="0.001"/>
  <testcase name="repetition 3865 of 5000" classname="com.mindhub.homebanking.HomebankingApplicationTest" time="0.0"/>
  <testcase name="repetition 3866 of 5000" classname="com.mindhub.homebanking.HomebankingApplicationTest" time="0.0"/>
  <testcase name="repetition 3867 of 5000" classname="com.mindhub.homebanking.HomebankingApplicationTest" time="0.0"/>
  <testcase name="repetition 3868 of 5000" classname="com.mindhub.homebanking.HomebankingApplicationTest" time="0.001"/>
  <testcase name="repetition 3869 of 5000" classname="com.mindhub.homebanking.HomebankingApplicationTest" time="0.001"/>
  <testcase name="repetition 3870 of 5000" classname="com.mindhub.homebanking.HomebankingApplicationTest" time="0.001"/>
  <testcase name="repetition 3871 of 5000" classname="com.mindhub.homebanking.HomebankingApplicationTest" time="0.001"/>
  <testcase name="repetition 3872 of 5000" classname="com.mindhub.homebanking.HomebankingApplicationTest" time="0.001"/>
  <testcase name="repetition 3873 of 5000" classname="com.mindhub.homebanking.HomebankingApplicationTest" time="0.001"/>
  <testcase name="repetition 3874 of 5000" classname="com.mindhub.homebanking.HomebankingApplicationTest" time="0.0"/>
  <testcase name="repetition 3875 of 5000" classname="com.mindhub.homebanking.HomebankingApplicationTest" time="0.0"/>
  <testcase name="repetition 3876 of 5000" classname="com.mindhub.homebanking.HomebankingApplicationTest" time="0.0"/>
  <testcase name="repetition 3877 of 5000" classname="com.mindhub.homebanking.HomebankingApplicationTest" time="0.001"/>
  <testcase name="repetition 3878 of 5000" classname="com.mindhub.homebanking.HomebankingApplicationTest" time="0.001"/>
  <testcase name="repetition 3879 of 5000" classname="com.mindhub.homebanking.HomebankingApplicationTest" time="0.0"/>
  <testcase name="repetition 3880 of 5000" classname="com.mindhub.homebanking.HomebankingApplicationTest" time="0.0"/>
  <testcase name="repetition 3881 of 5000" classname="com.mindhub.homebanking.HomebankingApplicationTest" time="0.0"/>
  <testcase name="repetition 3882 of 5000" classname="com.mindhub.homebanking.HomebankingApplicationTest" time="0.001"/>
  <testcase name="repetition 3883 of 5000" classname="com.mindhub.homebanking.HomebankingApplicationTest" time="0.001"/>
  <testcase name="repetition 3884 of 5000" classname="com.mindhub.homebanking.HomebankingApplicationTest" time="0.0"/>
  <testcase name="repetition 3885 of 5000" classname="com.mindhub.homebanking.HomebankingApplicationTest" time="0.0"/>
  <testcase name="repetition 3886 of 5000" classname="com.mindhub.homebanking.HomebankingApplicationTest" time="0.001"/>
  <testcase name="repetition 3887 of 5000" classname="com.mindhub.homebanking.HomebankingApplicationTest" time="0.001"/>
  <testcase name="repetition 3888 of 5000" classname="com.mindhub.homebanking.HomebankingApplicationTest" time="0.001"/>
  <testcase name="repetition 3889 of 5000" classname="com.mindhub.homebanking.HomebankingApplicationTest" time="0.0"/>
  <testcase name="repetition 3890 of 5000" classname="com.mindhub.homebanking.HomebankingApplicationTest" time="0.0"/>
  <testcase name="repetition 3891 of 5000" classname="com.mindhub.homebanking.HomebankingApplicationTest" time="0.001"/>
  <testcase name="repetition 3892 of 5000" classname="com.mindhub.homebanking.HomebankingApplicationTest" time="0.0"/>
  <testcase name="repetition 3893 of 5000" classname="com.mindhub.homebanking.HomebankingApplicationTest" time="0.0"/>
  <testcase name="repetition 3894 of 5000" classname="com.mindhub.homebanking.HomebankingApplicationTest" time="0.001"/>
  <testcase name="repetition 3895 of 5000" classname="com.mindhub.homebanking.HomebankingApplicationTest" time="0.0"/>
  <testcase name="repetition 3896 of 5000" classname="com.mindhub.homebanking.HomebankingApplicationTest" time="0.001"/>
  <testcase name="repetition 3897 of 5000" classname="com.mindhub.homebanking.HomebankingApplicationTest" time="0.001"/>
  <testcase name="repetition 3898 of 5000" classname="com.mindhub.homebanking.HomebankingApplicationTest" time="0.001"/>
  <testcase name="repetition 3899 of 5000" classname="com.mindhub.homebanking.HomebankingApplicationTest" time="0.001"/>
  <testcase name="repetition 3900 of 5000" classname="com.mindhub.homebanking.HomebankingApplicationTest" time="0.001"/>
  <testcase name="repetition 3901 of 5000" classname="com.mindhub.homebanking.HomebankingApplicationTest" time="0.001"/>
  <testcase name="repetition 3902 of 5000" classname="com.mindhub.homebanking.HomebankingApplicationTest" time="0.0"/>
  <testcase name="repetition 3903 of 5000" classname="com.mindhub.homebanking.HomebankingApplicationTest" time="0.001"/>
  <testcase name="repetition 3904 of 5000" classname="com.mindhub.homebanking.HomebankingApplicationTest" time="0.001"/>
  <testcase name="repetition 3905 of 5000" classname="com.mindhub.homebanking.HomebankingApplicationTest" time="0.001"/>
  <testcase name="repetition 3906 of 5000" classname="com.mindhub.homebanking.HomebankingApplicationTest" time="0.001"/>
  <testcase name="repetition 3907 of 5000" classname="com.mindhub.homebanking.HomebankingApplicationTest" time="0.001"/>
  <testcase name="repetition 3908 of 5000" classname="com.mindhub.homebanking.HomebankingApplicationTest" time="0.0"/>
  <testcase name="repetition 3909 of 5000" classname="com.mindhub.homebanking.HomebankingApplicationTest" time="0.0"/>
  <testcase name="repetition 3910 of 5000" classname="com.mindhub.homebanking.HomebankingApplicationTest" time="0.001"/>
  <testcase name="repetition 3911 of 5000" classname="com.mindhub.homebanking.HomebankingApplicationTest" time="0.0"/>
  <testcase name="repetition 3912 of 5000" classname="com.mindhub.homebanking.HomebankingApplicationTest" time="0.001"/>
  <testcase name="repetition 3913 of 5000" classname="com.mindhub.homebanking.HomebankingApplicationTest" time="0.0"/>
  <testcase name="repetition 3914 of 5000" classname="com.mindhub.homebanking.HomebankingApplicationTest" time="0.001"/>
  <testcase name="repetition 3915 of 5000" classname="com.mindhub.homebanking.HomebankingApplicationTest" time="0.001"/>
  <testcase name="repetition 3916 of 5000" classname="com.mindhub.homebanking.HomebankingApplicationTest" time="0.001"/>
  <testcase name="repetition 3917 of 5000" classname="com.mindhub.homebanking.HomebankingApplicationTest" time="0.001"/>
  <testcase name="repetition 3918 of 5000" classname="com.mindhub.homebanking.HomebankingApplicationTest" time="0.001"/>
  <testcase name="repetition 3919 of 5000" classname="com.mindhub.homebanking.HomebankingApplicationTest" time="0.0"/>
  <testcase name="repetition 3920 of 5000" classname="com.mindhub.homebanking.HomebankingApplicationTest" time="0.0"/>
  <testcase name="repetition 3921 of 5000" classname="com.mindhub.homebanking.HomebankingApplicationTest" time="0.001"/>
  <testcase name="repetition 3922 of 5000" classname="com.mindhub.homebanking.HomebankingApplicationTest" time="0.001"/>
  <testcase name="repetition 3923 of 5000" classname="com.mindhub.homebanking.HomebankingApplicationTest" time="0.0"/>
  <testcase name="repetition 3924 of 5000" classname="com.mindhub.homebanking.HomebankingApplicationTest" time="0.0"/>
  <testcase name="repetition 3925 of 5000" classname="com.mindhub.homebanking.HomebankingApplicationTest" time="0.001"/>
  <testcase name="repetition 3926 of 5000" classname="com.mindhub.homebanking.HomebankingApplicationTest" time="0.0"/>
  <testcase name="repetition 3927 of 5000" classname="com.mindhub.homebanking.HomebankingApplicationTest" time="0.001"/>
  <testcase name="repetition 3928 of 5000" classname="com.mindhub.homebanking.HomebankingApplicationTest" time="0.0"/>
  <testcase name="repetition 3929 of 5000" classname="com.mindhub.homebanking.HomebankingApplicationTest" time="0.0"/>
  <testcase name="repetition 3930 of 5000" classname="com.mindhub.homebanking.HomebankingApplicationTest" time="0.001"/>
  <testcase name="repetition 3931 of 5000" classname="com.mindhub.homebanking.HomebankingApplicationTest" time="0.0"/>
  <testcase name="repetition 3932 of 5000" classname="com.mindhub.homebanking.HomebankingApplicationTest" time="0.0"/>
  <testcase name="repetition 3933 of 5000" classname="com.mindhub.homebanking.HomebankingApplicationTest" time="0.0"/>
  <testcase name="repetition 3934 of 5000" classname="com.mindhub.homebanking.HomebankingApplicationTest" time="0.0"/>
  <testcase name="repetition 3935 of 5000" classname="com.mindhub.homebanking.HomebankingApplicationTest" time="0.001"/>
  <testcase name="repetition 3936 of 5000" classname="com.mindhub.homebanking.HomebankingApplicationTest" time="0.0"/>
  <testcase name="repetition 3937 of 5000" classname="com.mindhub.homebanking.HomebankingApplicationTest" time="0.001"/>
  <testcase name="repetition 3938 of 5000" classname="com.mindhub.homebanking.HomebankingApplicationTest" time="0.0"/>
  <testcase name="repetition 3939 of 5000" classname="com.mindhub.homebanking.HomebankingApplicationTest" time="0.001"/>
  <testcase name="repetition 3940 of 5000" classname="com.mindhub.homebanking.HomebankingApplicationTest" time="0.001"/>
  <testcase name="repetition 3941 of 5000" classname="com.mindhub.homebanking.HomebankingApplicationTest" time="0.0"/>
  <testcase name="repetition 3942 of 5000" classname="com.mindhub.homebanking.HomebankingApplicationTest" time="0.001"/>
  <testcase name="repetition 3943 of 5000" classname="com.mindhub.homebanking.HomebankingApplicationTest" time="0.001"/>
  <testcase name="repetition 3944 of 5000" classname="com.mindhub.homebanking.HomebankingApplicationTest" time="0.001"/>
  <testcase name="repetition 3945 of 5000" classname="com.mindhub.homebanking.HomebankingApplicationTest" time="0.0"/>
  <testcase name="repetition 3946 of 5000" classname="com.mindhub.homebanking.HomebankingApplicationTest" time="0.001"/>
  <testcase name="repetition 3947 of 5000" classname="com.mindhub.homebanking.HomebankingApplicationTest" time="0.0"/>
  <testcase name="repetition 3948 of 5000" classname="com.mindhub.homebanking.HomebankingApplicationTest" time="0.0"/>
  <testcase name="repetition 3949 of 5000" classname="com.mindhub.homebanking.HomebankingApplicationTest" time="0.0"/>
  <testcase name="repetition 3950 of 5000" classname="com.mindhub.homebanking.HomebankingApplicationTest" time="0.0"/>
  <testcase name="repetition 3951 of 5000" classname="com.mindhub.homebanking.HomebankingApplicationTest" time="0.001"/>
  <testcase name="repetition 3952 of 5000" classname="com.mindhub.homebanking.HomebankingApplicationTest" time="0.0"/>
  <testcase name="repetition 3953 of 5000" classname="com.mindhub.homebanking.HomebankingApplicationTest" time="0.001"/>
  <testcase name="repetition 3954 of 5000" classname="com.mindhub.homebanking.HomebankingApplicationTest" time="0.0"/>
  <testcase name="repetition 3955 of 5000" classname="com.mindhub.homebanking.HomebankingApplicationTest" time="0.0"/>
  <testcase name="repetition 3956 of 5000" classname="com.mindhub.homebanking.HomebankingApplicationTest" time="0.001"/>
  <testcase name="repetition 3957 of 5000" classname="com.mindhub.homebanking.HomebankingApplicationTest" time="0.0"/>
  <testcase name="repetition 3958 of 5000" classname="com.mindhub.homebanking.HomebankingApplicationTest" time="0.001"/>
  <testcase name="repetition 3959 of 5000" classname="com.mindhub.homebanking.HomebankingApplicationTest" time="0.0"/>
  <testcase name="repetition 3960 of 5000" classname="com.mindhub.homebanking.HomebankingApplicationTest" time="0.001"/>
  <testcase name="repetition 3961 of 5000" classname="com.mindhub.homebanking.HomebankingApplicationTest" time="0.0"/>
  <testcase name="repetition 3962 of 5000" classname="com.mindhub.homebanking.HomebankingApplicationTest" time="0.0"/>
  <testcase name="repetition 3963 of 5000" classname="com.mindhub.homebanking.HomebankingApplicationTest" time="0.001"/>
  <testcase name="repetition 3964 of 5000" classname="com.mindhub.homebanking.HomebankingApplicationTest" time="0.0"/>
  <testcase name="repetition 3965 of 5000" classname="com.mindhub.homebanking.HomebankingApplicationTest" time="0.0"/>
  <testcase name="repetition 3966 of 5000" classname="com.mindhub.homebanking.HomebankingApplicationTest" time="0.0"/>
  <testcase name="repetition 3967 of 5000" classname="com.mindhub.homebanking.HomebankingApplicationTest" time="0.0"/>
  <testcase name="repetition 3968 of 5000" classname="com.mindhub.homebanking.HomebankingApplicationTest" time="0.001"/>
  <testcase name="repetition 3969 of 5000" classname="com.mindhub.homebanking.HomebankingApplicationTest" time="0.0"/>
  <testcase name="repetition 3970 of 5000" classname="com.mindhub.homebanking.HomebankingApplicationTest" time="0.0"/>
  <testcase name="repetition 3971 of 5000" classname="com.mindhub.homebanking.HomebankingApplicationTest" time="0.001"/>
  <testcase name="repetition 3972 of 5000" classname="com.mindhub.homebanking.HomebankingApplicationTest" time="0.001"/>
  <testcase name="repetition 3973 of 5000" classname="com.mindhub.homebanking.HomebankingApplicationTest" time="0.001"/>
  <testcase name="repetition 3974 of 5000" classname="com.mindhub.homebanking.HomebankingApplicationTest" time="0.0"/>
  <testcase name="repetition 3975 of 5000" classname="com.mindhub.homebanking.HomebankingApplicationTest" time="0.001"/>
  <testcase name="repetition 3976 of 5000" classname="com.mindhub.homebanking.HomebankingApplicationTest" time="0.0"/>
  <testcase name="repetition 3977 of 5000" classname="com.mindhub.homebanking.HomebankingApplicationTest" time="0.001"/>
  <testcase name="repetition 3978 of 5000" classname="com.mindhub.homebanking.HomebankingApplicationTest" time="0.001"/>
  <testcase name="repetition 3979 of 5000" classname="com.mindhub.homebanking.HomebankingApplicationTest" time="0.0"/>
  <testcase name="repetition 3980 of 5000" classname="com.mindhub.homebanking.HomebankingApplicationTest" time="0.0"/>
  <testcase name="repetition 3981 of 5000" classname="com.mindhub.homebanking.HomebankingApplicationTest" time="0.001"/>
  <testcase name="repetition 3982 of 5000" classname="com.mindhub.homebanking.HomebankingApplicationTest" time="0.0"/>
  <testcase name="repetition 3983 of 5000" classname="com.mindhub.homebanking.HomebankingApplicationTest" time="0.001"/>
  <testcase name="repetition 3984 of 5000" classname="com.mindhub.homebanking.HomebankingApplicationTest" time="0.001"/>
  <testcase name="repetition 3985 of 5000" classname="com.mindhub.homebanking.HomebankingApplicationTest" time="0.0"/>
  <testcase name="repetition 3986 of 5000" classname="com.mindhub.homebanking.HomebankingApplicationTest" time="0.0"/>
  <testcase name="repetition 3987 of 5000" classname="com.mindhub.homebanking.HomebankingApplicationTest" time="0.0"/>
  <testcase name="repetition 3988 of 5000" classname="com.mindhub.homebanking.HomebankingApplicationTest" time="0.0"/>
  <testcase name="repetition 3989 of 5000" classname="com.mindhub.homebanking.HomebankingApplicationTest" time="0.001"/>
  <testcase name="repetition 3990 of 5000" classname="com.mindhub.homebanking.HomebankingApplicationTest" time="0.001"/>
  <testcase name="repetition 3991 of 5000" classname="com.mindhub.homebanking.HomebankingApplicationTest" time="0.002"/>
  <testcase name="repetition 3992 of 5000" classname="com.mindhub.homebanking.HomebankingApplicationTest" time="0.002"/>
  <testcase name="repetition 3993 of 5000" classname="com.mindhub.homebanking.HomebankingApplicationTest" time="0.001"/>
  <testcase name="repetition 3994 of 5000" classname="com.mindhub.homebanking.HomebankingApplicationTest" time="0.001"/>
  <testcase name="repetition 3995 of 5000" classname="com.mindhub.homebanking.HomebankingApplicationTest" time="0.001"/>
  <testcase name="repetition 3996 of 5000" classname="com.mindhub.homebanking.HomebankingApplicationTest" time="0.001"/>
  <testcase name="repetition 3997 of 5000" classname="com.mindhub.homebanking.HomebankingApplicationTest" time="0.001"/>
  <testcase name="repetition 3998 of 5000" classname="com.mindhub.homebanking.HomebankingApplicationTest" time="0.0"/>
  <testcase name="repetition 3999 of 5000" classname="com.mindhub.homebanking.HomebankingApplicationTest" time="0.001"/>
  <testcase name="repetition 4000 of 5000" classname="com.mindhub.homebanking.HomebankingApplicationTest" time="0.0"/>
  <testcase name="repetition 4001 of 5000" classname="com.mindhub.homebanking.HomebankingApplicationTest" time="0.001"/>
  <testcase name="repetition 4002 of 5000" classname="com.mindhub.homebanking.HomebankingApplicationTest" time="0.0"/>
  <testcase name="repetition 4003 of 5000" classname="com.mindhub.homebanking.HomebankingApplicationTest" time="0.0"/>
  <testcase name="repetition 4004 of 5000" classname="com.mindhub.homebanking.HomebankingApplicationTest" time="0.001"/>
  <testcase name="repetition 4005 of 5000" classname="com.mindhub.homebanking.HomebankingApplicationTest" time="0.0"/>
  <testcase name="repetition 4006 of 5000" classname="com.mindhub.homebanking.HomebankingApplicationTest" time="0.001"/>
  <testcase name="repetition 4007 of 5000" classname="com.mindhub.homebanking.HomebankingApplicationTest" time="0.001"/>
  <testcase name="repetition 4008 of 5000" classname="com.mindhub.homebanking.HomebankingApplicationTest" time="0.0"/>
  <testcase name="repetition 4009 of 5000" classname="com.mindhub.homebanking.HomebankingApplicationTest" time="0.001"/>
  <testcase name="repetition 4010 of 5000" classname="com.mindhub.homebanking.HomebankingApplicationTest" time="0.0"/>
  <testcase name="repetition 4011 of 5000" classname="com.mindhub.homebanking.HomebankingApplicationTest" time="0.001"/>
  <testcase name="repetition 4012 of 5000" classname="com.mindhub.homebanking.HomebankingApplicationTest" time="0.001"/>
  <testcase name="repetition 4013 of 5000" classname="com.mindhub.homebanking.HomebankingApplicationTest" time="0.001"/>
  <testcase name="repetition 4014 of 5000" classname="com.mindhub.homebanking.HomebankingApplicationTest" time="0.001"/>
  <testcase name="repetition 4015 of 5000" classname="com.mindhub.homebanking.HomebankingApplicationTest" time="0.001"/>
  <testcase name="repetition 4016 of 5000" classname="com.mindhub.homebanking.HomebankingApplicationTest" time="0.001"/>
  <testcase name="repetition 4017 of 5000" classname="com.mindhub.homebanking.HomebankingApplicationTest" time="0.0"/>
  <testcase name="repetition 4018 of 5000" classname="com.mindhub.homebanking.HomebankingApplicationTest" time="0.001"/>
  <testcase name="repetition 4019 of 5000" classname="com.mindhub.homebanking.HomebankingApplicationTest" time="0.0"/>
  <testcase name="repetition 4020 of 5000" classname="com.mindhub.homebanking.HomebankingApplicationTest" time="0.0"/>
  <testcase name="repetition 4021 of 5000" classname="com.mindhub.homebanking.HomebankingApplicationTest" time="0.001"/>
  <testcase name="repetition 4022 of 5000" classname="com.mindhub.homebanking.HomebankingApplicationTest" time="0.001"/>
  <testcase name="repetition 4023 of 5000" classname="com.mindhub.homebanking.HomebankingApplicationTest" time="0.001"/>
  <testcase name="repetition 4024 of 5000" classname="com.mindhub.homebanking.HomebankingApplicationTest" time="0.0"/>
  <testcase name="repetition 4025 of 5000" classname="com.mindhub.homebanking.HomebankingApplicationTest" time="0.0"/>
  <testcase name="repetition 4026 of 5000" classname="com.mindhub.homebanking.HomebankingApplicationTest" time="0.0"/>
  <testcase name="repetition 4027 of 5000" classname="com.mindhub.homebanking.HomebankingApplicationTest" time="0.001"/>
  <testcase name="repetition 4028 of 5000" classname="com.mindhub.homebanking.HomebankingApplicationTest" time="0.0"/>
  <testcase name="repetition 4029 of 5000" classname="com.mindhub.homebanking.HomebankingApplicationTest" time="0.001"/>
  <testcase name="repetition 4030 of 5000" classname="com.mindhub.homebanking.HomebankingApplicationTest" time="0.0"/>
  <testcase name="repetition 4031 of 5000" classname="com.mindhub.homebanking.HomebankingApplicationTest" time="0.0"/>
  <testcase name="repetition 4032 of 5000" classname="com.mindhub.homebanking.HomebankingApplicationTest" time="0.0"/>
  <testcase name="repetition 4033 of 5000" classname="com.mindhub.homebanking.HomebankingApplicationTest" time="0.001"/>
  <testcase name="repetition 4034 of 5000" classname="com.mindhub.homebanking.HomebankingApplicationTest" time="0.0"/>
  <testcase name="repetition 4035 of 5000" classname="com.mindhub.homebanking.HomebankingApplicationTest" time="0.0"/>
  <testcase name="repetition 4036 of 5000" classname="com.mindhub.homebanking.HomebankingApplicationTest" time="0.001"/>
  <testcase name="repetition 4037 of 5000" classname="com.mindhub.homebanking.HomebankingApplicationTest" time="0.001"/>
  <testcase name="repetition 4038 of 5000" classname="com.mindhub.homebanking.HomebankingApplicationTest" time="0.001"/>
  <testcase name="repetition 4039 of 5000" classname="com.mindhub.homebanking.HomebankingApplicationTest" time="0.0"/>
  <testcase name="repetition 4040 of 5000" classname="com.mindhub.homebanking.HomebankingApplicationTest" time="0.001"/>
  <testcase name="repetition 4041 of 5000" classname="com.mindhub.homebanking.HomebankingApplicationTest" time="0.0"/>
  <testcase name="repetition 4042 of 5000" classname="com.mindhub.homebanking.HomebankingApplicationTest" time="0.001"/>
  <testcase name="repetition 4043 of 5000" classname="com.mindhub.homebanking.HomebankingApplicationTest" time="0.0"/>
  <testcase name="repetition 4044 of 5000" classname="com.mindhub.homebanking.HomebankingApplicationTest" time="0.0"/>
  <testcase name="repetition 4045 of 5000" classname="com.mindhub.homebanking.HomebankingApplicationTest" time="0.001"/>
  <testcase name="repetition 4046 of 5000" classname="com.mindhub.homebanking.HomebankingApplicationTest" time="0.0"/>
  <testcase name="repetition 4047 of 5000" classname="com.mindhub.homebanking.HomebankingApplicationTest" time="0.001"/>
  <testcase name="repetition 4048 of 5000" classname="com.mindhub.homebanking.HomebankingApplicationTest" time="0.001"/>
  <testcase name="repetition 4049 of 5000" classname="com.mindhub.homebanking.HomebankingApplicationTest" time="0.0"/>
  <testcase name="repetition 4050 of 5000" classname="com.mindhub.homebanking.HomebankingApplicationTest" time="0.001"/>
  <testcase name="repetition 4051 of 5000" classname="com.mindhub.homebanking.HomebankingApplicationTest" time="0.001"/>
  <testcase name="repetition 4052 of 5000" classname="com.mindhub.homebanking.HomebankingApplicationTest" time="0.0"/>
  <testcase name="repetition 4053 of 5000" classname="com.mindhub.homebanking.HomebankingApplicationTest" time="0.0"/>
  <testcase name="repetition 4054 of 5000" classname="com.mindhub.homebanking.HomebankingApplicationTest" time="0.001"/>
  <testcase name="repetition 4055 of 5000" classname="com.mindhub.homebanking.HomebankingApplicationTest" time="0.0"/>
  <testcase name="repetition 4056 of 5000" classname="com.mindhub.homebanking.HomebankingApplicationTest" time="0.001"/>
  <testcase name="repetition 4057 of 5000" classname="com.mindhub.homebanking.HomebankingApplicationTest" time="0.001"/>
  <testcase name="repetition 4058 of 5000" classname="com.mindhub.homebanking.HomebankingApplicationTest" time="0.0"/>
  <testcase name="repetition 4059 of 5000" classname="com.mindhub.homebanking.HomebankingApplicationTest" time="0.001"/>
  <testcase name="repetition 4060 of 5000" classname="com.mindhub.homebanking.HomebankingApplicationTest" time="0.001"/>
  <testcase name="repetition 4061 of 5000" classname="com.mindhub.homebanking.HomebankingApplicationTest" time="0.001"/>
  <testcase name="repetition 4062 of 5000" classname="com.mindhub.homebanking.HomebankingApplicationTest" time="0.0"/>
  <testcase name="repetition 4063 of 5000" classname="com.mindhub.homebanking.HomebankingApplicationTest" time="0.001"/>
  <testcase name="repetition 4064 of 5000" classname="com.mindhub.homebanking.HomebankingApplicationTest" time="0.0"/>
  <testcase name="repetition 4065 of 5000" classname="com.mindhub.homebanking.HomebankingApplicationTest" time="0.001"/>
  <testcase name="repetition 4066 of 5000" classname="com.mindhub.homebanking.HomebankingApplicationTest" time="0.0"/>
  <testcase name="repetition 4067 of 5000" classname="com.mindhub.homebanking.HomebankingApplicationTest" time="0.001"/>
  <testcase name="repetition 4068 of 5000" classname="com.mindhub.homebanking.HomebankingApplicationTest" time="0.0"/>
  <testcase name="repetition 4069 of 5000" classname="com.mindhub.homebanking.HomebankingApplicationTest" time="0.001"/>
  <testcase name="repetition 4070 of 5000" classname="com.mindhub.homebanking.HomebankingApplicationTest" time="0.001"/>
  <testcase name="repetition 4071 of 5000" classname="com.mindhub.homebanking.HomebankingApplicationTest" time="0.001"/>
  <testcase name="repetition 4072 of 5000" classname="com.mindhub.homebanking.HomebankingApplicationTest" time="0.0"/>
  <testcase name="repetition 4073 of 5000" classname="com.mindhub.homebanking.HomebankingApplicationTest" time="0.001"/>
  <testcase name="repetition 4074 of 5000" classname="com.mindhub.homebanking.HomebankingApplicationTest" time="0.0"/>
  <testcase name="repetition 4075 of 5000" classname="com.mindhub.homebanking.HomebankingApplicationTest" time="0.001"/>
  <testcase name="repetition 4076 of 5000" classname="com.mindhub.homebanking.HomebankingApplicationTest" time="0.0"/>
  <testcase name="repetition 4077 of 5000" classname="com.mindhub.homebanking.HomebankingApplicationTest" time="0.001"/>
  <testcase name="repetition 4078 of 5000" classname="com.mindhub.homebanking.HomebankingApplicationTest" time="0.001"/>
  <testcase name="repetition 4079 of 5000" classname="com.mindhub.homebanking.HomebankingApplicationTest" time="0.0"/>
  <testcase name="repetition 4080 of 5000" classname="com.mindhub.homebanking.HomebankingApplicationTest" time="0.0"/>
  <testcase name="repetition 4081 of 5000" classname="com.mindhub.homebanking.HomebankingApplicationTest" time="0.001"/>
  <testcase name="repetition 4082 of 5000" classname="com.mindhub.homebanking.HomebankingApplicationTest" time="0.001"/>
  <testcase name="repetition 4083 of 5000" classname="com.mindhub.homebanking.HomebankingApplicationTest" time="0.001"/>
  <testcase name="repetition 4084 of 5000" classname="com.mindhub.homebanking.HomebankingApplicationTest" time="0.001"/>
  <testcase name="repetition 4085 of 5000" classname="com.mindhub.homebanking.HomebankingApplicationTest" time="0.0"/>
  <testcase name="repetition 4086 of 5000" classname="com.mindhub.homebanking.HomebankingApplicationTest" time="0.0"/>
  <testcase name="repetition 4087 of 5000" classname="com.mindhub.homebanking.HomebankingApplicationTest" time="0.001"/>
  <testcase name="repetition 4088 of 5000" classname="com.mindhub.homebanking.HomebankingApplicationTest" time="0.001"/>
  <testcase name="repetition 4089 of 5000" classname="com.mindhub.homebanking.HomebankingApplicationTest" time="0.0"/>
  <testcase name="repetition 4090 of 5000" classname="com.mindhub.homebanking.HomebankingApplicationTest" time="0.001"/>
  <testcase name="repetition 4091 of 5000" classname="com.mindhub.homebanking.HomebankingApplicationTest" time="0.0"/>
  <testcase name="repetition 4092 of 5000" classname="com.mindhub.homebanking.HomebankingApplicationTest" time="0.001"/>
  <testcase name="repetition 4093 of 5000" classname="com.mindhub.homebanking.HomebankingApplicationTest" time="0.0"/>
  <testcase name="repetition 4094 of 5000" classname="com.mindhub.homebanking.HomebankingApplicationTest" time="0.001"/>
  <testcase name="repetition 4095 of 5000" classname="com.mindhub.homebanking.HomebankingApplicationTest" time="0.001"/>
  <testcase name="repetition 4096 of 5000" classname="com.mindhub.homebanking.HomebankingApplicationTest" time="0.001"/>
  <testcase name="repetition 4097 of 5000" classname="com.mindhub.homebanking.HomebankingApplicationTest" time="0.001"/>
  <testcase name="repetition 4098 of 5000" classname="com.mindhub.homebanking.HomebankingApplicationTest" time="0.001"/>
  <testcase name="repetition 4099 of 5000" classname="com.mindhub.homebanking.HomebankingApplicationTest" time="0.0"/>
  <testcase name="repetition 4100 of 5000" classname="com.mindhub.homebanking.HomebankingApplicationTest" time="0.0"/>
  <testcase name="repetition 4101 of 5000" classname="com.mindhub.homebanking.HomebankingApplicationTest" time="0.001"/>
  <testcase name="repetition 4102 of 5000" classname="com.mindhub.homebanking.HomebankingApplicationTest" time="0.0"/>
  <testcase name="repetition 4103 of 5000" classname="com.mindhub.homebanking.HomebankingApplicationTest" time="0.001"/>
  <testcase name="repetition 4104 of 5000" classname="com.mindhub.homebanking.HomebankingApplicationTest" time="0.0"/>
  <testcase name="repetition 4105 of 5000" classname="com.mindhub.homebanking.HomebankingApplicationTest" time="0.001"/>
  <testcase name="repetition 4106 of 5000" classname="com.mindhub.homebanking.HomebankingApplicationTest" time="0.0"/>
  <testcase name="repetition 4107 of 5000" classname="com.mindhub.homebanking.HomebankingApplicationTest" time="0.0"/>
  <testcase name="repetition 4108 of 5000" classname="com.mindhub.homebanking.HomebankingApplicationTest" time="0.0"/>
  <testcase name="repetition 4109 of 5000" classname="com.mindhub.homebanking.HomebankingApplicationTest" time="0.0"/>
  <testcase name="repetition 4110 of 5000" classname="com.mindhub.homebanking.HomebankingApplicationTest" time="0.001"/>
  <testcase name="repetition 4111 of 5000" classname="com.mindhub.homebanking.HomebankingApplicationTest" time="0.001"/>
  <testcase name="repetition 4112 of 5000" classname="com.mindhub.homebanking.HomebankingApplicationTest" time="0.001"/>
  <testcase name="repetition 4113 of 5000" classname="com.mindhub.homebanking.HomebankingApplicationTest" time="0.0"/>
  <testcase name="repetition 4114 of 5000" classname="com.mindhub.homebanking.HomebankingApplicationTest" time="0.001"/>
  <testcase name="repetition 4115 of 5000" classname="com.mindhub.homebanking.HomebankingApplicationTest" time="0.0"/>
  <testcase name="repetition 4116 of 5000" classname="com.mindhub.homebanking.HomebankingApplicationTest" time="0.0"/>
  <testcase name="repetition 4117 of 5000" classname="com.mindhub.homebanking.HomebankingApplicationTest" time="0.0"/>
  <testcase name="repetition 4118 of 5000" classname="com.mindhub.homebanking.HomebankingApplicationTest" time="0.001"/>
  <testcase name="repetition 4119 of 5000" classname="com.mindhub.homebanking.HomebankingApplicationTest" time="0.0"/>
  <testcase name="repetition 4120 of 5000" classname="com.mindhub.homebanking.HomebankingApplicationTest" time="0.001"/>
  <testcase name="repetition 4121 of 5000" classname="com.mindhub.homebanking.HomebankingApplicationTest" time="0.0"/>
  <testcase name="repetition 4122 of 5000" classname="com.mindhub.homebanking.HomebankingApplicationTest" time="0.0"/>
  <testcase name="repetition 4123 of 5000" classname="com.mindhub.homebanking.HomebankingApplicationTest" time="0.0"/>
  <testcase name="repetition 4124 of 5000" classname="com.mindhub.homebanking.HomebankingApplicationTest" time="0.001"/>
  <testcase name="repetition 4125 of 5000" classname="com.mindhub.homebanking.HomebankingApplicationTest" time="0.0"/>
  <testcase name="repetition 4126 of 5000" classname="com.mindhub.homebanking.HomebankingApplicationTest" time="0.0"/>
  <testcase name="repetition 4127 of 5000" classname="com.mindhub.homebanking.HomebankingApplicationTest" time="0.0"/>
  <testcase name="repetition 4128 of 5000" classname="com.mindhub.homebanking.HomebankingApplicationTest" time="0.001"/>
  <testcase name="repetition 4129 of 5000" classname="com.mindhub.homebanking.HomebankingApplicationTest" time="0.001"/>
  <testcase name="repetition 4130 of 5000" classname="com.mindhub.homebanking.HomebankingApplicationTest" time="0.001"/>
  <testcase name="repetition 4131 of 5000" classname="com.mindhub.homebanking.HomebankingApplicationTest" time="0.0"/>
  <testcase name="repetition 4132 of 5000" classname="com.mindhub.homebanking.HomebankingApplicationTest" time="0.001"/>
  <testcase name="repetition 4133 of 5000" classname="com.mindhub.homebanking.HomebankingApplicationTest" time="0.001"/>
  <testcase name="repetition 4134 of 5000" classname="com.mindhub.homebanking.HomebankingApplicationTest" time="0.0"/>
  <testcase name="repetition 4135 of 5000" classname="com.mindhub.homebanking.HomebankingApplicationTest" time="0.001"/>
  <testcase name="repetition 4136 of 5000" classname="com.mindhub.homebanking.HomebankingApplicationTest" time="0.0"/>
  <testcase name="repetition 4137 of 5000" classname="com.mindhub.homebanking.HomebankingApplicationTest" time="0.001"/>
  <testcase name="repetition 4138 of 5000" classname="com.mindhub.homebanking.HomebankingApplicationTest" time="0.0"/>
  <testcase name="repetition 4139 of 5000" classname="com.mindhub.homebanking.HomebankingApplicationTest" time="0.0"/>
  <testcase name="repetition 4140 of 5000" classname="com.mindhub.homebanking.HomebankingApplicationTest" time="0.001"/>
  <testcase name="repetition 4141 of 5000" classname="com.mindhub.homebanking.HomebankingApplicationTest" time="0.001"/>
  <testcase name="repetition 4142 of 5000" classname="com.mindhub.homebanking.HomebankingApplicationTest" time="0.001"/>
  <testcase name="repetition 4143 of 5000" classname="com.mindhub.homebanking.HomebankingApplicationTest" time="0.0"/>
  <testcase name="repetition 4144 of 5000" classname="com.mindhub.homebanking.HomebankingApplicationTest" time="0.001"/>
  <testcase name="repetition 4145 of 5000" classname="com.mindhub.homebanking.HomebankingApplicationTest" time="0.0"/>
  <testcase name="repetition 4146 of 5000" classname="com.mindhub.homebanking.HomebankingApplicationTest" time="0.001"/>
  <testcase name="repetition 4147 of 5000" classname="com.mindhub.homebanking.HomebankingApplicationTest" time="0.0"/>
  <testcase name="repetition 4148 of 5000" classname="com.mindhub.homebanking.HomebankingApplicationTest" time="0.001"/>
  <testcase name="repetition 4149 of 5000" classname="com.mindhub.homebanking.HomebankingApplicationTest" time="0.001"/>
  <testcase name="repetition 4150 of 5000" classname="com.mindhub.homebanking.HomebankingApplicationTest" time="0.001"/>
  <testcase name="repetition 4151 of 5000" classname="com.mindhub.homebanking.HomebankingApplicationTest" time="0.0"/>
  <testcase name="repetition 4152 of 5000" classname="com.mindhub.homebanking.HomebankingApplicationTest" time="0.001"/>
  <testcase name="repetition 4153 of 5000" classname="com.mindhub.homebanking.HomebankingApplicationTest" time="0.001"/>
  <testcase name="repetition 4154 of 5000" classname="com.mindhub.homebanking.HomebankingApplicationTest" time="0.0"/>
  <testcase name="repetition 4155 of 5000" classname="com.mindhub.homebanking.HomebankingApplicationTest" time="0.001"/>
  <testcase name="repetition 4156 of 5000" classname="com.mindhub.homebanking.HomebankingApplicationTest" time="0.0"/>
  <testcase name="repetition 4157 of 5000" classname="com.mindhub.homebanking.HomebankingApplicationTest" time="0.0"/>
  <testcase name="repetition 4158 of 5000" classname="com.mindhub.homebanking.HomebankingApplicationTest" time="0.001"/>
  <testcase name="repetition 4159 of 5000" classname="com.mindhub.homebanking.HomebankingApplicationTest" time="0.001"/>
  <testcase name="repetition 4160 of 5000" classname="com.mindhub.homebanking.HomebankingApplicationTest" time="0.0"/>
  <testcase name="repetition 4161 of 5000" classname="com.mindhub.homebanking.HomebankingApplicationTest" time="0.001"/>
  <testcase name="repetition 4162 of 5000" classname="com.mindhub.homebanking.HomebankingApplicationTest" time="0.0"/>
  <testcase name="repetition 4163 of 5000" classname="com.mindhub.homebanking.HomebankingApplicationTest" time="0.001"/>
  <testcase name="repetition 4164 of 5000" classname="com.mindhub.homebanking.HomebankingApplicationTest" time="0.0"/>
  <testcase name="repetition 4165 of 5000" classname="com.mindhub.homebanking.HomebankingApplicationTest" time="0.0"/>
  <testcase name="repetition 4166 of 5000" classname="com.mindhub.homebanking.HomebankingApplicationTest" time="0.001"/>
  <testcase name="repetition 4167 of 5000" classname="com.mindhub.homebanking.HomebankingApplicationTest" time="0.0"/>
  <testcase name="repetition 4168 of 5000" classname="com.mindhub.homebanking.HomebankingApplicationTest" time="0.0"/>
  <testcase name="repetition 4169 of 5000" classname="com.mindhub.homebanking.HomebankingApplicationTest" time="0.0"/>
  <testcase name="repetition 4170 of 5000" classname="com.mindhub.homebanking.HomebankingApplicationTest" time="0.001"/>
  <testcase name="repetition 4171 of 5000" classname="com.mindhub.homebanking.HomebankingApplicationTest" time="0.0"/>
  <testcase name="repetition 4172 of 5000" classname="com.mindhub.homebanking.HomebankingApplicationTest" time="0.001"/>
  <testcase name="repetition 4173 of 5000" classname="com.mindhub.homebanking.HomebankingApplicationTest" time="0.0"/>
  <testcase name="repetition 4174 of 5000" classname="com.mindhub.homebanking.HomebankingApplicationTest" time="0.001"/>
  <testcase name="repetition 4175 of 5000" classname="com.mindhub.homebanking.HomebankingApplicationTest" time="0.001"/>
  <testcase name="repetition 4176 of 5000" classname="com.mindhub.homebanking.HomebankingApplicationTest" time="0.001"/>
  <testcase name="repetition 4177 of 5000" classname="com.mindhub.homebanking.HomebankingApplicationTest" time="0.001"/>
  <testcase name="repetition 4178 of 5000" classname="com.mindhub.homebanking.HomebankingApplicationTest" time="0.001"/>
  <testcase name="repetition 4179 of 5000" classname="com.mindhub.homebanking.HomebankingApplicationTest" time="0.001"/>
  <testcase name="repetition 4180 of 5000" classname="com.mindhub.homebanking.HomebankingApplicationTest" time="0.001"/>
  <testcase name="repetition 4181 of 5000" classname="com.mindhub.homebanking.HomebankingApplicationTest" time="0.001"/>
  <testcase name="repetition 4182 of 5000" classname="com.mindhub.homebanking.HomebankingApplicationTest" time="0.001"/>
  <testcase name="repetition 4183 of 5000" classname="com.mindhub.homebanking.HomebankingApplicationTest" time="0.0"/>
  <testcase name="repetition 4184 of 5000" classname="com.mindhub.homebanking.HomebankingApplicationTest" time="0.001"/>
  <testcase name="repetition 4185 of 5000" classname="com.mindhub.homebanking.HomebankingApplicationTest" time="0.0"/>
  <testcase name="repetition 4186 of 5000" classname="com.mindhub.homebanking.HomebankingApplicationTest" time="0.0"/>
  <testcase name="repetition 4187 of 5000" classname="com.mindhub.homebanking.HomebankingApplicationTest" time="0.001"/>
  <testcase name="repetition 4188 of 5000" classname="com.mindhub.homebanking.HomebankingApplicationTest" time="0.0"/>
  <testcase name="repetition 4189 of 5000" classname="com.mindhub.homebanking.HomebankingApplicationTest" time="0.001"/>
  <testcase name="repetition 4190 of 5000" classname="com.mindhub.homebanking.HomebankingApplicationTest" time="0.0"/>
  <testcase name="repetition 4191 of 5000" classname="com.mindhub.homebanking.HomebankingApplicationTest" time="0.001"/>
  <testcase name="repetition 4192 of 5000" classname="com.mindhub.homebanking.HomebankingApplicationTest" time="0.001"/>
  <testcase name="repetition 4193 of 5000" classname="com.mindhub.homebanking.HomebankingApplicationTest" time="0.001"/>
  <testcase name="repetition 4194 of 5000" classname="com.mindhub.homebanking.HomebankingApplicationTest" time="0.0"/>
  <testcase name="repetition 4195 of 5000" classname="com.mindhub.homebanking.HomebankingApplicationTest" time="0.001"/>
  <testcase name="repetition 4196 of 5000" classname="com.mindhub.homebanking.HomebankingApplicationTest" time="0.0"/>
  <testcase name="repetition 4197 of 5000" classname="com.mindhub.homebanking.HomebankingApplicationTest" time="0.001"/>
  <testcase name="repetition 4198 of 5000" classname="com.mindhub.homebanking.HomebankingApplicationTest" time="0.0"/>
  <testcase name="repetition 4199 of 5000" classname="com.mindhub.homebanking.HomebankingApplicationTest" time="0.001"/>
  <testcase name="repetition 4200 of 5000" classname="com.mindhub.homebanking.HomebankingApplicationTest" time="0.0"/>
  <testcase name="repetition 4201 of 5000" classname="com.mindhub.homebanking.HomebankingApplicationTest" time="0.001"/>
  <testcase name="repetition 4202 of 5000" classname="com.mindhub.homebanking.HomebankingApplicationTest" time="0.0"/>
  <testcase name="repetition 4203 of 5000" classname="com.mindhub.homebanking.HomebankingApplicationTest" time="0.001"/>
  <testcase name="repetition 4204 of 5000" classname="com.mindhub.homebanking.HomebankingApplicationTest" time="0.001"/>
  <testcase name="repetition 4205 of 5000" classname="com.mindhub.homebanking.HomebankingApplicationTest" time="0.0"/>
  <testcase name="repetition 4206 of 5000" classname="com.mindhub.homebanking.HomebankingApplicationTest" time="0.0"/>
  <testcase name="repetition 4207 of 5000" classname="com.mindhub.homebanking.HomebankingApplicationTest" time="0.0"/>
  <testcase name="repetition 4208 of 5000" classname="com.mindhub.homebanking.HomebankingApplicationTest" time="0.0"/>
  <testcase name="repetition 4209 of 5000" classname="com.mindhub.homebanking.HomebankingApplicationTest" time="0.0"/>
  <testcase name="repetition 4210 of 5000" classname="com.mindhub.homebanking.HomebankingApplicationTest" time="0.001"/>
  <testcase name="repetition 4211 of 5000" classname="com.mindhub.homebanking.HomebankingApplicationTest" time="0.0"/>
  <testcase name="repetition 4212 of 5000" classname="com.mindhub.homebanking.HomebankingApplicationTest" time="0.001"/>
  <testcase name="repetition 4213 of 5000" classname="com.mindhub.homebanking.HomebankingApplicationTest" time="0.0"/>
  <testcase name="repetition 4214 of 5000" classname="com.mindhub.homebanking.HomebankingApplicationTest" time="0.001"/>
  <testcase name="repetition 4215 of 5000" classname="com.mindhub.homebanking.HomebankingApplicationTest" time="0.0"/>
  <testcase name="repetition 4216 of 5000" classname="com.mindhub.homebanking.HomebankingApplicationTest" time="0.0"/>
  <testcase name="repetition 4217 of 5000" classname="com.mindhub.homebanking.HomebankingApplicationTest" time="0.001"/>
  <testcase name="repetition 4218 of 5000" classname="com.mindhub.homebanking.HomebankingApplicationTest" time="0.001"/>
  <testcase name="repetition 4219 of 5000" classname="com.mindhub.homebanking.HomebankingApplicationTest" time="0.0"/>
  <testcase name="repetition 4220 of 5000" classname="com.mindhub.homebanking.HomebankingApplicationTest" time="0.0"/>
  <testcase name="repetition 4221 of 5000" classname="com.mindhub.homebanking.HomebankingApplicationTest" time="0.0"/>
  <testcase name="repetition 4222 of 5000" classname="com.mindhub.homebanking.HomebankingApplicationTest" time="0.001"/>
  <testcase name="repetition 4223 of 5000" classname="com.mindhub.homebanking.HomebankingApplicationTest" time="0.001"/>
  <testcase name="repetition 4224 of 5000" classname="com.mindhub.homebanking.HomebankingApplicationTest" time="0.001"/>
  <testcase name="repetition 4225 of 5000" classname="com.mindhub.homebanking.HomebankingApplicationTest" time="0.001"/>
  <testcase name="repetition 4226 of 5000" classname="com.mindhub.homebanking.HomebankingApplicationTest" time="0.001"/>
  <testcase name="repetition 4227 of 5000" classname="com.mindhub.homebanking.HomebankingApplicationTest" time="0.001"/>
  <testcase name="repetition 4228 of 5000" classname="com.mindhub.homebanking.HomebankingApplicationTest" time="0.002"/>
  <testcase name="repetition 4229 of 5000" classname="com.mindhub.homebanking.HomebankingApplicationTest" time="0.001"/>
  <testcase name="repetition 4230 of 5000" classname="com.mindhub.homebanking.HomebankingApplicationTest" time="0.0"/>
  <testcase name="repetition 4231 of 5000" classname="com.mindhub.homebanking.HomebankingApplicationTest" time="0.001"/>
  <testcase name="repetition 4232 of 5000" classname="com.mindhub.homebanking.HomebankingApplicationTest" time="0.001"/>
  <testcase name="repetition 4233 of 5000" classname="com.mindhub.homebanking.HomebankingApplicationTest" time="0.0"/>
  <testcase name="repetition 4234 of 5000" classname="com.mindhub.homebanking.HomebankingApplicationTest" time="0.002"/>
  <testcase name="repetition 4235 of 5000" classname="com.mindhub.homebanking.HomebankingApplicationTest" time="0.001"/>
  <testcase name="repetition 4236 of 5000" classname="com.mindhub.homebanking.HomebankingApplicationTest" time="0.001"/>
  <testcase name="repetition 4237 of 5000" classname="com.mindhub.homebanking.HomebankingApplicationTest" time="0.001"/>
  <testcase name="repetition 4238 of 5000" classname="com.mindhub.homebanking.HomebankingApplicationTest" time="0.001"/>
  <testcase name="repetition 4239 of 5000" classname="com.mindhub.homebanking.HomebankingApplicationTest" time="0.001"/>
  <testcase name="repetition 4240 of 5000" classname="com.mindhub.homebanking.HomebankingApplicationTest" time="0.001"/>
  <testcase name="repetition 4241 of 5000" classname="com.mindhub.homebanking.HomebankingApplicationTest" time="0.001"/>
  <testcase name="repetition 4242 of 5000" classname="com.mindhub.homebanking.HomebankingApplicationTest" time="0.0"/>
  <testcase name="repetition 4243 of 5000" classname="com.mindhub.homebanking.HomebankingApplicationTest" time="0.001"/>
  <testcase name="repetition 4244 of 5000" classname="com.mindhub.homebanking.HomebankingApplicationTest" time="0.001"/>
  <testcase name="repetition 4245 of 5000" classname="com.mindhub.homebanking.HomebankingApplicationTest" time="0.001"/>
  <testcase name="repetition 4246 of 5000" classname="com.mindhub.homebanking.HomebankingApplicationTest" time="0.001"/>
  <testcase name="repetition 4247 of 5000" classname="com.mindhub.homebanking.HomebankingApplicationTest" time="0.001"/>
  <testcase name="repetition 4248 of 5000" classname="com.mindhub.homebanking.HomebankingApplicationTest" time="0.001"/>
  <testcase name="repetition 4249 of 5000" classname="com.mindhub.homebanking.HomebankingApplicationTest" time="0.001"/>
  <testcase name="repetition 4250 of 5000" classname="com.mindhub.homebanking.HomebankingApplicationTest" time="0.001"/>
  <testcase name="repetition 4251 of 5000" classname="com.mindhub.homebanking.HomebankingApplicationTest" time="0.0"/>
  <testcase name="repetition 4252 of 5000" classname="com.mindhub.homebanking.HomebankingApplicationTest" time="0.001"/>
  <testcase name="repetition 4253 of 5000" classname="com.mindhub.homebanking.HomebankingApplicationTest" time="0.001"/>
  <testcase name="repetition 4254 of 5000" classname="com.mindhub.homebanking.HomebankingApplicationTest" time="0.001"/>
  <testcase name="repetition 4255 of 5000" classname="com.mindhub.homebanking.HomebankingApplicationTest" time="0.001"/>
  <testcase name="repetition 4256 of 5000" classname="com.mindhub.homebanking.HomebankingApplicationTest" time="0.001"/>
  <testcase name="repetition 4257 of 5000" classname="com.mindhub.homebanking.HomebankingApplicationTest" time="0.0"/>
  <testcase name="repetition 4258 of 5000" classname="com.mindhub.homebanking.HomebankingApplicationTest" time="0.0"/>
  <testcase name="repetition 4259 of 5000" classname="com.mindhub.homebanking.HomebankingApplicationTest" time="0.001"/>
  <testcase name="repetition 4260 of 5000" classname="com.mindhub.homebanking.HomebankingApplicationTest" time="0.0"/>
  <testcase name="repetition 4261 of 5000" classname="com.mindhub.homebanking.HomebankingApplicationTest" time="0.001"/>
  <testcase name="repetition 4262 of 5000" classname="com.mindhub.homebanking.HomebankingApplicationTest" time="0.001"/>
  <testcase name="repetition 4263 of 5000" classname="com.mindhub.homebanking.HomebankingApplicationTest" time="0.001"/>
  <testcase name="repetition 4264 of 5000" classname="com.mindhub.homebanking.HomebankingApplicationTest" time="0.001"/>
  <testcase name="repetition 4265 of 5000" classname="com.mindhub.homebanking.HomebankingApplicationTest" time="0.0"/>
  <testcase name="repetition 4266 of 5000" classname="com.mindhub.homebanking.HomebankingApplicationTest" time="0.001"/>
  <testcase name="repetition 4267 of 5000" classname="com.mindhub.homebanking.HomebankingApplicationTest" time="0.0"/>
  <testcase name="repetition 4268 of 5000" classname="com.mindhub.homebanking.HomebankingApplicationTest" time="0.001"/>
  <testcase name="repetition 4269 of 5000" classname="com.mindhub.homebanking.HomebankingApplicationTest" time="0.001"/>
  <testcase name="repetition 4270 of 5000" classname="com.mindhub.homebanking.HomebankingApplicationTest" time="0.001"/>
  <testcase name="repetition 4271 of 5000" classname="com.mindhub.homebanking.HomebankingApplicationTest" time="0.0"/>
  <testcase name="repetition 4272 of 5000" classname="com.mindhub.homebanking.HomebankingApplicationTest" time="0.0"/>
  <testcase name="repetition 4273 of 5000" classname="com.mindhub.homebanking.HomebankingApplicationTest" time="0.0"/>
  <testcase name="repetition 4274 of 5000" classname="com.mindhub.homebanking.HomebankingApplicationTest" time="0.001"/>
  <testcase name="repetition 4275 of 5000" classname="com.mindhub.homebanking.HomebankingApplicationTest" time="0.0"/>
  <testcase name="repetition 4276 of 5000" classname="com.mindhub.homebanking.HomebankingApplicationTest" time="0.001"/>
  <testcase name="repetition 4277 of 5000" classname="com.mindhub.homebanking.HomebankingApplicationTest" time="0.0"/>
  <testcase name="repetition 4278 of 5000" classname="com.mindhub.homebanking.HomebankingApplicationTest" time="0.001"/>
  <testcase name="repetition 4279 of 5000" classname="com.mindhub.homebanking.HomebankingApplicationTest" time="0.0"/>
  <testcase name="repetition 4280 of 5000" classname="com.mindhub.homebanking.HomebankingApplicationTest" time="0.001"/>
  <testcase name="repetition 4281 of 5000" classname="com.mindhub.homebanking.HomebankingApplicationTest" time="0.0"/>
  <testcase name="repetition 4282 of 5000" classname="com.mindhub.homebanking.HomebankingApplicationTest" time="0.001"/>
  <testcase name="repetition 4283 of 5000" classname="com.mindhub.homebanking.HomebankingApplicationTest" time="0.0"/>
  <testcase name="repetition 4284 of 5000" classname="com.mindhub.homebanking.HomebankingApplicationTest" time="0.0"/>
  <testcase name="repetition 4285 of 5000" classname="com.mindhub.homebanking.HomebankingApplicationTest" time="0.001"/>
  <testcase name="repetition 4286 of 5000" classname="com.mindhub.homebanking.HomebankingApplicationTest" time="0.0"/>
  <testcase name="repetition 4287 of 5000" classname="com.mindhub.homebanking.HomebankingApplicationTest" time="0.001"/>
  <testcase name="repetition 4288 of 5000" classname="com.mindhub.homebanking.HomebankingApplicationTest" time="0.0"/>
  <testcase name="repetition 4289 of 5000" classname="com.mindhub.homebanking.HomebankingApplicationTest" time="0.001"/>
  <testcase name="repetition 4290 of 5000" classname="com.mindhub.homebanking.HomebankingApplicationTest" time="0.0"/>
  <testcase name="repetition 4291 of 5000" classname="com.mindhub.homebanking.HomebankingApplicationTest" time="0.001"/>
  <testcase name="repetition 4292 of 5000" classname="com.mindhub.homebanking.HomebankingApplicationTest" time="0.001"/>
  <testcase name="repetition 4293 of 5000" classname="com.mindhub.homebanking.HomebankingApplicationTest" time="0.001"/>
  <testcase name="repetition 4294 of 5000" classname="com.mindhub.homebanking.HomebankingApplicationTest" time="0.0"/>
  <testcase name="repetition 4295 of 5000" classname="com.mindhub.homebanking.HomebankingApplicationTest" time="0.001"/>
  <testcase name="repetition 4296 of 5000" classname="com.mindhub.homebanking.HomebankingApplicationTest" time="0.001"/>
  <testcase name="repetition 4297 of 5000" classname="com.mindhub.homebanking.HomebankingApplicationTest" time="0.001"/>
  <testcase name="repetition 4298 of 5000" classname="com.mindhub.homebanking.HomebankingApplicationTest" time="0.001"/>
  <testcase name="repetition 4299 of 5000" classname="com.mindhub.homebanking.HomebankingApplicationTest" time="0.0"/>
  <testcase name="repetition 4300 of 5000" classname="com.mindhub.homebanking.HomebankingApplicationTest" time="0.0"/>
  <testcase name="repetition 4301 of 5000" classname="com.mindhub.homebanking.HomebankingApplicationTest" time="0.0"/>
  <testcase name="repetition 4302 of 5000" classname="com.mindhub.homebanking.HomebankingApplicationTest" time="0.0"/>
  <testcase name="repetition 4303 of 5000" classname="com.mindhub.homebanking.HomebankingApplicationTest" time="0.001"/>
  <testcase name="repetition 4304 of 5000" classname="com.mindhub.homebanking.HomebankingApplicationTest" time="0.002"/>
  <testcase name="repetition 4305 of 5000" classname="com.mindhub.homebanking.HomebankingApplicationTest" time="0.001"/>
  <testcase name="repetition 4306 of 5000" classname="com.mindhub.homebanking.HomebankingApplicationTest" time="0.001"/>
  <testcase name="repetition 4307 of 5000" classname="com.mindhub.homebanking.HomebankingApplicationTest" time="0.001"/>
  <testcase name="repetition 4308 of 5000" classname="com.mindhub.homebanking.HomebankingApplicationTest" time="0.001"/>
  <testcase name="repetition 4309 of 5000" classname="com.mindhub.homebanking.HomebankingApplicationTest" time="0.001"/>
  <testcase name="repetition 4310 of 5000" classname="com.mindhub.homebanking.HomebankingApplicationTest" time="0.001"/>
  <testcase name="repetition 4311 of 5000" classname="com.mindhub.homebanking.HomebankingApplicationTest" time="0.001"/>
  <testcase name="repetition 4312 of 5000" classname="com.mindhub.homebanking.HomebankingApplicationTest" time="0.001"/>
  <testcase name="repetition 4313 of 5000" classname="com.mindhub.homebanking.HomebankingApplicationTest" time="0.001"/>
  <testcase name="repetition 4314 of 5000" classname="com.mindhub.homebanking.HomebankingApplicationTest" time="0.001"/>
  <testcase name="repetition 4315 of 5000" classname="com.mindhub.homebanking.HomebankingApplicationTest" time="0.001"/>
  <testcase name="repetition 4316 of 5000" classname="com.mindhub.homebanking.HomebankingApplicationTest" time="0.001"/>
  <testcase name="repetition 4317 of 5000" classname="com.mindhub.homebanking.HomebankingApplicationTest" time="0.001"/>
  <testcase name="repetition 4318 of 5000" classname="com.mindhub.homebanking.HomebankingApplicationTest" time="0.0"/>
  <testcase name="repetition 4319 of 5000" classname="com.mindhub.homebanking.HomebankingApplicationTest" time="0.001"/>
  <testcase name="repetition 4320 of 5000" classname="com.mindhub.homebanking.HomebankingApplicationTest" time="0.001"/>
  <testcase name="repetition 4321 of 5000" classname="com.mindhub.homebanking.HomebankingApplicationTest" time="0.0"/>
  <testcase name="repetition 4322 of 5000" classname="com.mindhub.homebanking.HomebankingApplicationTest" time="0.001"/>
  <testcase name="repetition 4323 of 5000" classname="com.mindhub.homebanking.HomebankingApplicationTest" time="0.001"/>
  <testcase name="repetition 4324 of 5000" classname="com.mindhub.homebanking.HomebankingApplicationTest" time="0.001"/>
  <testcase name="repetition 4325 of 5000" classname="com.mindhub.homebanking.HomebankingApplicationTest" time="0.0"/>
  <testcase name="repetition 4326 of 5000" classname="com.mindhub.homebanking.HomebankingApplicationTest" time="0.0"/>
  <testcase name="repetition 4327 of 5000" classname="com.mindhub.homebanking.HomebankingApplicationTest" time="0.0"/>
  <testcase name="repetition 4328 of 5000" classname="com.mindhub.homebanking.HomebankingApplicationTest" time="0.001"/>
  <testcase name="repetition 4329 of 5000" classname="com.mindhub.homebanking.HomebankingApplicationTest" time="0.001"/>
  <testcase name="repetition 4330 of 5000" classname="com.mindhub.homebanking.HomebankingApplicationTest" time="0.0"/>
  <testcase name="repetition 4331 of 5000" classname="com.mindhub.homebanking.HomebankingApplicationTest" time="0.001"/>
  <testcase name="repetition 4332 of 5000" classname="com.mindhub.homebanking.HomebankingApplicationTest" time="0.001"/>
  <testcase name="repetition 4333 of 5000" classname="com.mindhub.homebanking.HomebankingApplicationTest" time="0.001"/>
  <testcase name="repetition 4334 of 5000" classname="com.mindhub.homebanking.HomebankingApplicationTest" time="0.001"/>
  <testcase name="repetition 4335 of 5000" classname="com.mindhub.homebanking.HomebankingApplicationTest" time="0.002"/>
  <testcase name="repetition 4336 of 5000" classname="com.mindhub.homebanking.HomebankingApplicationTest" time="0.001"/>
  <testcase name="repetition 4337 of 5000" classname="com.mindhub.homebanking.HomebankingApplicationTest" time="0.001"/>
  <testcase name="repetition 4338 of 5000" classname="com.mindhub.homebanking.HomebankingApplicationTest" time="0.0"/>
  <testcase name="repetition 4339 of 5000" classname="com.mindhub.homebanking.HomebankingApplicationTest" time="0.001"/>
  <testcase name="repetition 4340 of 5000" classname="com.mindhub.homebanking.HomebankingApplicationTest" time="0.001"/>
  <testcase name="repetition 4341 of 5000" classname="com.mindhub.homebanking.HomebankingApplicationTest" time="0.0"/>
  <testcase name="repetition 4342 of 5000" classname="com.mindhub.homebanking.HomebankingApplicationTest" time="0.001"/>
  <testcase name="repetition 4343 of 5000" classname="com.mindhub.homebanking.HomebankingApplicationTest" time="0.0"/>
  <testcase name="repetition 4344 of 5000" classname="com.mindhub.homebanking.HomebankingApplicationTest" time="0.001"/>
  <testcase name="repetition 4345 of 5000" classname="com.mindhub.homebanking.HomebankingApplicationTest" time="0.001"/>
  <testcase name="repetition 4346 of 5000" classname="com.mindhub.homebanking.HomebankingApplicationTest" time="0.0"/>
  <testcase name="repetition 4347 of 5000" classname="com.mindhub.homebanking.HomebankingApplicationTest" time="0.001"/>
  <testcase name="repetition 4348 of 5000" classname="com.mindhub.homebanking.HomebankingApplicationTest" time="0.001"/>
  <testcase name="repetition 4349 of 5000" classname="com.mindhub.homebanking.HomebankingApplicationTest" time="0.0"/>
  <testcase name="repetition 4350 of 5000" classname="com.mindhub.homebanking.HomebankingApplicationTest" time="0.001"/>
  <testcase name="repetition 4351 of 5000" classname="com.mindhub.homebanking.HomebankingApplicationTest" time="0.001"/>
  <testcase name="repetition 4352 of 5000" classname="com.mindhub.homebanking.HomebankingApplicationTest" time="0.001"/>
  <testcase name="repetition 4353 of 5000" classname="com.mindhub.homebanking.HomebankingApplicationTest" time="0.0"/>
  <testcase name="repetition 4354 of 5000" classname="com.mindhub.homebanking.HomebankingApplicationTest" time="0.0"/>
  <testcase name="repetition 4355 of 5000" classname="com.mindhub.homebanking.HomebankingApplicationTest" time="0.0"/>
  <testcase name="repetition 4356 of 5000" classname="com.mindhub.homebanking.HomebankingApplicationTest" time="0.0"/>
  <testcase name="repetition 4357 of 5000" classname="com.mindhub.homebanking.HomebankingApplicationTest" time="0.001"/>
  <testcase name="repetition 4358 of 5000" classname="com.mindhub.homebanking.HomebankingApplicationTest" time="0.001"/>
  <testcase name="repetition 4359 of 5000" classname="com.mindhub.homebanking.HomebankingApplicationTest" time="0.0"/>
  <testcase name="repetition 4360 of 5000" classname="com.mindhub.homebanking.HomebankingApplicationTest" time="0.0"/>
  <testcase name="repetition 4361 of 5000" classname="com.mindhub.homebanking.HomebankingApplicationTest" time="0.001"/>
  <testcase name="repetition 4362 of 5000" classname="com.mindhub.homebanking.HomebankingApplicationTest" time="0.001"/>
  <testcase name="repetition 4363 of 5000" classname="com.mindhub.homebanking.HomebankingApplicationTest" time="0.001"/>
  <testcase name="repetition 4364 of 5000" classname="com.mindhub.homebanking.HomebankingApplicationTest" time="0.001"/>
  <testcase name="repetition 4365 of 5000" classname="com.mindhub.homebanking.HomebankingApplicationTest" time="0.001"/>
  <testcase name="repetition 4366 of 5000" classname="com.mindhub.homebanking.HomebankingApplicationTest" time="0.001"/>
  <testcase name="repetition 4367 of 5000" classname="com.mindhub.homebanking.HomebankingApplicationTest" time="0.001"/>
  <testcase name="repetition 4368 of 5000" classname="com.mindhub.homebanking.HomebankingApplicationTest" time="0.001"/>
  <testcase name="repetition 4369 of 5000" classname="com.mindhub.homebanking.HomebankingApplicationTest" time="0.0"/>
  <testcase name="repetition 4370 of 5000" classname="com.mindhub.homebanking.HomebankingApplicationTest" time="0.0"/>
  <testcase name="repetition 4371 of 5000" classname="com.mindhub.homebanking.HomebankingApplicationTest" time="0.001"/>
  <testcase name="repetition 4372 of 5000" classname="com.mindhub.homebanking.HomebankingApplicationTest" time="0.001"/>
  <testcase name="repetition 4373 of 5000" classname="com.mindhub.homebanking.HomebankingApplicationTest" time="0.001"/>
  <testcase name="repetition 4374 of 5000" classname="com.mindhub.homebanking.HomebankingApplicationTest" time="0.001"/>
  <testcase name="repetition 4375 of 5000" classname="com.mindhub.homebanking.HomebankingApplicationTest" time="0.001"/>
  <testcase name="repetition 4376 of 5000" classname="com.mindhub.homebanking.HomebankingApplicationTest" time="0.001"/>
  <testcase name="repetition 4377 of 5000" classname="com.mindhub.homebanking.HomebankingApplicationTest" time="0.001"/>
  <testcase name="repetition 4378 of 5000" classname="com.mindhub.homebanking.HomebankingApplicationTest" time="0.001"/>
  <testcase name="repetition 4379 of 5000" classname="com.mindhub.homebanking.HomebankingApplicationTest" time="0.0"/>
  <testcase name="repetition 4380 of 5000" classname="com.mindhub.homebanking.HomebankingApplicationTest" time="0.0"/>
  <testcase name="repetition 4381 of 5000" classname="com.mindhub.homebanking.HomebankingApplicationTest" time="0.001"/>
  <testcase name="repetition 4382 of 5000" classname="com.mindhub.homebanking.HomebankingApplicationTest" time="0.001"/>
  <testcase name="repetition 4383 of 5000" classname="com.mindhub.homebanking.HomebankingApplicationTest" time="0.001"/>
  <testcase name="repetition 4384 of 5000" classname="com.mindhub.homebanking.HomebankingApplicationTest" time="0.001"/>
  <testcase name="repetition 4385 of 5000" classname="com.mindhub.homebanking.HomebankingApplicationTest" time="0.001"/>
  <testcase name="repetition 4386 of 5000" classname="com.mindhub.homebanking.HomebankingApplicationTest" time="0.001"/>
  <testcase name="repetition 4387 of 5000" classname="com.mindhub.homebanking.HomebankingApplicationTest" time="0.001"/>
  <testcase name="repetition 4388 of 5000" classname="com.mindhub.homebanking.HomebankingApplicationTest" time="0.001"/>
  <testcase name="repetition 4389 of 5000" classname="com.mindhub.homebanking.HomebankingApplicationTest" time="0.001"/>
  <testcase name="repetition 4390 of 5000" classname="com.mindhub.homebanking.HomebankingApplicationTest" time="0.001"/>
  <testcase name="repetition 4391 of 5000" classname="com.mindhub.homebanking.HomebankingApplicationTest" time="0.001"/>
  <testcase name="repetition 4392 of 5000" classname="com.mindhub.homebanking.HomebankingApplicationTest" time="0.001"/>
  <testcase name="repetition 4393 of 5000" classname="com.mindhub.homebanking.HomebankingApplicationTest" time="0.001"/>
  <testcase name="repetition 4394 of 5000" classname="com.mindhub.homebanking.HomebankingApplicationTest" time="0.0"/>
  <testcase name="repetition 4395 of 5000" classname="com.mindhub.homebanking.HomebankingApplicationTest" time="0.001"/>
  <testcase name="repetition 4396 of 5000" classname="com.mindhub.homebanking.HomebankingApplicationTest" time="0.001"/>
  <testcase name="repetition 4397 of 5000" classname="com.mindhub.homebanking.HomebankingApplicationTest" time="0.001"/>
  <testcase name="repetition 4398 of 5000" classname="com.mindhub.homebanking.HomebankingApplicationTest" time="0.001"/>
  <testcase name="repetition 4399 of 5000" classname="com.mindhub.homebanking.HomebankingApplicationTest" time="0.0"/>
  <testcase name="repetition 4400 of 5000" classname="com.mindhub.homebanking.HomebankingApplicationTest" time="0.001"/>
  <testcase name="repetition 4401 of 5000" classname="com.mindhub.homebanking.HomebankingApplicationTest" time="0.001"/>
  <testcase name="repetition 4402 of 5000" classname="com.mindhub.homebanking.HomebankingApplicationTest" time="0.001"/>
  <testcase name="repetition 4403 of 5000" classname="com.mindhub.homebanking.HomebankingApplicationTest" time="0.001"/>
  <testcase name="repetition 4404 of 5000" classname="com.mindhub.homebanking.HomebankingApplicationTest" time="0.001"/>
  <testcase name="repetition 4405 of 5000" classname="com.mindhub.homebanking.HomebankingApplicationTest" time="0.001"/>
  <testcase name="repetition 4406 of 5000" classname="com.mindhub.homebanking.HomebankingApplicationTest" time="0.0"/>
  <testcase name="repetition 4407 of 5000" classname="com.mindhub.homebanking.HomebankingApplicationTest" time="0.001"/>
  <testcase name="repetition 4408 of 5000" classname="com.mindhub.homebanking.HomebankingApplicationTest" time="0.0"/>
  <testcase name="repetition 4409 of 5000" classname="com.mindhub.homebanking.HomebankingApplicationTest" time="0.0"/>
  <testcase name="repetition 4410 of 5000" classname="com.mindhub.homebanking.HomebankingApplicationTest" time="0.0"/>
  <testcase name="repetition 4411 of 5000" classname="com.mindhub.homebanking.HomebankingApplicationTest" time="0.001"/>
  <testcase name="repetition 4412 of 5000" classname="com.mindhub.homebanking.HomebankingApplicationTest" time="0.001"/>
  <testcase name="repetition 4413 of 5000" classname="com.mindhub.homebanking.HomebankingApplicationTest" time="0.001"/>
  <testcase name="repetition 4414 of 5000" classname="com.mindhub.homebanking.HomebankingApplicationTest" time="0.0"/>
  <testcase name="repetition 4415 of 5000" classname="com.mindhub.homebanking.HomebankingApplicationTest" time="0.0"/>
  <testcase name="repetition 4416 of 5000" classname="com.mindhub.homebanking.HomebankingApplicationTest" time="0.001"/>
  <testcase name="repetition 4417 of 5000" classname="com.mindhub.homebanking.HomebankingApplicationTest" time="0.001"/>
  <testcase name="repetition 4418 of 5000" classname="com.mindhub.homebanking.HomebankingApplicationTest" time="0.001"/>
  <testcase name="repetition 4419 of 5000" classname="com.mindhub.homebanking.HomebankingApplicationTest" time="0.0"/>
  <testcase name="repetition 4420 of 5000" classname="com.mindhub.homebanking.HomebankingApplicationTest" time="0.0"/>
  <testcase name="repetition 4421 of 5000" classname="com.mindhub.homebanking.HomebankingApplicationTest" time="0.001"/>
  <testcase name="repetition 4422 of 5000" classname="com.mindhub.homebanking.HomebankingApplicationTest" time="0.0"/>
  <testcase name="repetition 4423 of 5000" classname="com.mindhub.homebanking.HomebankingApplicationTest" time="0.0"/>
  <testcase name="repetition 4424 of 5000" classname="com.mindhub.homebanking.HomebankingApplicationTest" time="0.001"/>
  <testcase name="repetition 4425 of 5000" classname="com.mindhub.homebanking.HomebankingApplicationTest" time="0.0"/>
  <testcase name="repetition 4426 of 5000" classname="com.mindhub.homebanking.HomebankingApplicationTest" time="0.001"/>
  <testcase name="repetition 4427 of 5000" classname="com.mindhub.homebanking.HomebankingApplicationTest" time="0.001"/>
  <testcase name="repetition 4428 of 5000" classname="com.mindhub.homebanking.HomebankingApplicationTest" time="0.002"/>
  <testcase name="repetition 4429 of 5000" classname="com.mindhub.homebanking.HomebankingApplicationTest" time="0.001"/>
  <testcase name="repetition 4430 of 5000" classname="com.mindhub.homebanking.HomebankingApplicationTest" time="0.001"/>
  <testcase name="repetition 4431 of 5000" classname="com.mindhub.homebanking.HomebankingApplicationTest" time="0.001"/>
  <testcase name="repetition 4432 of 5000" classname="com.mindhub.homebanking.HomebankingApplicationTest" time="0.001"/>
  <testcase name="repetition 4433 of 5000" classname="com.mindhub.homebanking.HomebankingApplicationTest" time="0.001"/>
  <testcase name="repetition 4434 of 5000" classname="com.mindhub.homebanking.HomebankingApplicationTest" time="0.001"/>
  <testcase name="repetition 4435 of 5000" classname="com.mindhub.homebanking.HomebankingApplicationTest" time="0.001"/>
  <testcase name="repetition 4436 of 5000" classname="com.mindhub.homebanking.HomebankingApplicationTest" time="0.002"/>
  <testcase name="repetition 4437 of 5000" classname="com.mindhub.homebanking.HomebankingApplicationTest" time="0.001"/>
  <testcase name="repetition 4438 of 5000" classname="com.mindhub.homebanking.HomebankingApplicationTest" time="0.0"/>
  <testcase name="repetition 4439 of 5000" classname="com.mindhub.homebanking.HomebankingApplicationTest" time="0.0"/>
  <testcase name="repetition 4440 of 5000" classname="com.mindhub.homebanking.HomebankingApplicationTest" time="0.001"/>
  <testcase name="repetition 4441 of 5000" classname="com.mindhub.homebanking.HomebankingApplicationTest" time="0.0"/>
  <testcase name="repetition 4442 of 5000" classname="com.mindhub.homebanking.HomebankingApplicationTest" time="0.0"/>
  <testcase name="repetition 4443 of 5000" classname="com.mindhub.homebanking.HomebankingApplicationTest" time="0.0"/>
  <testcase name="repetition 4444 of 5000" classname="com.mindhub.homebanking.HomebankingApplicationTest" time="0.0"/>
  <testcase name="repetition 4445 of 5000" classname="com.mindhub.homebanking.HomebankingApplicationTest" time="0.001"/>
  <testcase name="repetition 4446 of 5000" classname="com.mindhub.homebanking.HomebankingApplicationTest" time="0.0"/>
  <testcase name="repetition 4447 of 5000" classname="com.mindhub.homebanking.HomebankingApplicationTest" time="0.001"/>
  <testcase name="repetition 4448 of 5000" classname="com.mindhub.homebanking.HomebankingApplicationTest" time="0.0"/>
  <testcase name="repetition 4449 of 5000" classname="com.mindhub.homebanking.HomebankingApplicationTest" time="0.001"/>
  <testcase name="repetition 4450 of 5000" classname="com.mindhub.homebanking.HomebankingApplicationTest" time="0.0"/>
  <testcase name="repetition 4451 of 5000" classname="com.mindhub.homebanking.HomebankingApplicationTest" time="0.001"/>
  <testcase name="repetition 4452 of 5000" classname="com.mindhub.homebanking.HomebankingApplicationTest" time="0.0"/>
  <testcase name="repetition 4453 of 5000" classname="com.mindhub.homebanking.HomebankingApplicationTest" time="0.001"/>
  <testcase name="repetition 4454 of 5000" classname="com.mindhub.homebanking.HomebankingApplicationTest" time="0.001"/>
  <testcase name="repetition 4455 of 5000" classname="com.mindhub.homebanking.HomebankingApplicationTest" time="0.0"/>
  <testcase name="repetition 4456 of 5000" classname="com.mindhub.homebanking.HomebankingApplicationTest" time="0.0"/>
  <testcase name="repetition 4457 of 5000" classname="com.mindhub.homebanking.HomebankingApplicationTest" time="0.0"/>
  <testcase name="repetition 4458 of 5000" classname="com.mindhub.homebanking.HomebankingApplicationTest" time="0.0"/>
  <testcase name="repetition 4459 of 5000" classname="com.mindhub.homebanking.HomebankingApplicationTest" time="0.001"/>
  <testcase name="repetition 4460 of 5000" classname="com.mindhub.homebanking.HomebankingApplicationTest" time="0.0"/>
  <testcase name="repetition 4461 of 5000" classname="com.mindhub.homebanking.HomebankingApplicationTest" time="0.001"/>
  <testcase name="repetition 4462 of 5000" classname="com.mindhub.homebanking.HomebankingApplicationTest" time="0.001"/>
  <testcase name="repetition 4463 of 5000" classname="com.mindhub.homebanking.HomebankingApplicationTest" time="0.001"/>
  <testcase name="repetition 4464 of 5000" classname="com.mindhub.homebanking.HomebankingApplicationTest" time="0.001"/>
  <testcase name="repetition 4465 of 5000" classname="com.mindhub.homebanking.HomebankingApplicationTest" time="0.001"/>
  <testcase name="repetition 4466 of 5000" classname="com.mindhub.homebanking.HomebankingApplicationTest" time="0.001"/>
  <testcase name="repetition 4467 of 5000" classname="com.mindhub.homebanking.HomebankingApplicationTest" time="0.0"/>
  <testcase name="repetition 4468 of 5000" classname="com.mindhub.homebanking.HomebankingApplicationTest" time="0.001"/>
  <testcase name="repetition 4469 of 5000" classname="com.mindhub.homebanking.HomebankingApplicationTest" time="0.0"/>
  <testcase name="repetition 4470 of 5000" classname="com.mindhub.homebanking.HomebankingApplicationTest" time="0.001"/>
  <testcase name="repetition 4471 of 5000" classname="com.mindhub.homebanking.HomebankingApplicationTest" time="0.001"/>
  <testcase name="repetition 4472 of 5000" classname="com.mindhub.homebanking.HomebankingApplicationTest" time="0.0"/>
  <testcase name="repetition 4473 of 5000" classname="com.mindhub.homebanking.HomebankingApplicationTest" time="0.001"/>
  <testcase name="repetition 4474 of 5000" classname="com.mindhub.homebanking.HomebankingApplicationTest" time="0.001"/>
  <testcase name="repetition 4475 of 5000" classname="com.mindhub.homebanking.HomebankingApplicationTest" time="0.001"/>
  <testcase name="repetition 4476 of 5000" classname="com.mindhub.homebanking.HomebankingApplicationTest" time="0.001"/>
  <testcase name="repetition 4477 of 5000" classname="com.mindhub.homebanking.HomebankingApplicationTest" time="0.001"/>
  <testcase name="repetition 4478 of 5000" classname="com.mindhub.homebanking.HomebankingApplicationTest" time="0.001"/>
  <testcase name="repetition 4479 of 5000" classname="com.mindhub.homebanking.HomebankingApplicationTest" time="0.0"/>
  <testcase name="repetition 4480 of 5000" classname="com.mindhub.homebanking.HomebankingApplicationTest" time="0.001"/>
  <testcase name="repetition 4481 of 5000" classname="com.mindhub.homebanking.HomebankingApplicationTest" time="0.001"/>
  <testcase name="repetition 4482 of 5000" classname="com.mindhub.homebanking.HomebankingApplicationTest" time="0.001"/>
  <testcase name="repetition 4483 of 5000" classname="com.mindhub.homebanking.HomebankingApplicationTest" time="0.0"/>
  <testcase name="repetition 4484 of 5000" classname="com.mindhub.homebanking.HomebankingApplicationTest" time="0.001"/>
  <testcase name="repetition 4485 of 5000" classname="com.mindhub.homebanking.HomebankingApplicationTest" time="0.0"/>
  <testcase name="repetition 4486 of 5000" classname="com.mindhub.homebanking.HomebankingApplicationTest" time="0.001"/>
  <testcase name="repetition 4487 of 5000" classname="com.mindhub.homebanking.HomebankingApplicationTest" time="0.0"/>
  <testcase name="repetition 4488 of 5000" classname="com.mindhub.homebanking.HomebankingApplicationTest" time="0.0"/>
  <testcase name="repetition 4489 of 5000" classname="com.mindhub.homebanking.HomebankingApplicationTest" time="0.0"/>
  <testcase name="repetition 4490 of 5000" classname="com.mindhub.homebanking.HomebankingApplicationTest" time="0.0"/>
  <testcase name="repetition 4491 of 5000" classname="com.mindhub.homebanking.HomebankingApplicationTest" time="0.001"/>
  <testcase name="repetition 4492 of 5000" classname="com.mindhub.homebanking.HomebankingApplicationTest" time="0.001"/>
  <testcase name="repetition 4493 of 5000" classname="com.mindhub.homebanking.HomebankingApplicationTest" time="0.0"/>
  <testcase name="repetition 4494 of 5000" classname="com.mindhub.homebanking.HomebankingApplicationTest" time="0.001"/>
  <testcase name="repetition 4495 of 5000" classname="com.mindhub.homebanking.HomebankingApplicationTest" time="0.0"/>
  <testcase name="repetition 4496 of 5000" classname="com.mindhub.homebanking.HomebankingApplicationTest" time="0.0"/>
  <testcase name="repetition 4497 of 5000" classname="com.mindhub.homebanking.HomebankingApplicationTest" time="0.0"/>
  <testcase name="repetition 4498 of 5000" classname="com.mindhub.homebanking.HomebankingApplicationTest" time="0.0"/>
  <testcase name="repetition 4499 of 5000" classname="com.mindhub.homebanking.HomebankingApplicationTest" time="0.001"/>
  <testcase name="repetition 4500 of 5000" classname="com.mindhub.homebanking.HomebankingApplicationTest" time="0.0"/>
  <testcase name="repetition 4501 of 5000" classname="com.mindhub.homebanking.HomebankingApplicationTest" time="0.001"/>
  <testcase name="repetition 4502 of 5000" classname="com.mindhub.homebanking.HomebankingApplicationTest" time="0.001"/>
  <testcase name="repetition 4503 of 5000" classname="com.mindhub.homebanking.HomebankingApplicationTest" time="0.0"/>
  <testcase name="repetition 4504 of 5000" classname="com.mindhub.homebanking.HomebankingApplicationTest" time="0.0"/>
  <testcase name="repetition 4505 of 5000" classname="com.mindhub.homebanking.HomebankingApplicationTest" time="0.0"/>
  <testcase name="repetition 4506 of 5000" classname="com.mindhub.homebanking.HomebankingApplicationTest" time="0.001"/>
  <testcase name="repetition 4507 of 5000" classname="com.mindhub.homebanking.HomebankingApplicationTest" time="0.0"/>
  <testcase name="repetition 4508 of 5000" classname="com.mindhub.homebanking.HomebankingApplicationTest" time="0.001"/>
  <testcase name="repetition 4509 of 5000" classname="com.mindhub.homebanking.HomebankingApplicationTest" time="0.0"/>
  <testcase name="repetition 4510 of 5000" classname="com.mindhub.homebanking.HomebankingApplicationTest" time="0.001"/>
  <testcase name="repetition 4511 of 5000" classname="com.mindhub.homebanking.HomebankingApplicationTest" time="0.001"/>
  <testcase name="repetition 4512 of 5000" classname="com.mindhub.homebanking.HomebankingApplicationTest" time="0.001"/>
  <testcase name="repetition 4513 of 5000" classname="com.mindhub.homebanking.HomebankingApplicationTest" time="0.0"/>
  <testcase name="repetition 4514 of 5000" classname="com.mindhub.homebanking.HomebankingApplicationTest" time="0.001"/>
  <testcase name="repetition 4515 of 5000" classname="com.mindhub.homebanking.HomebankingApplicationTest" time="0.001"/>
  <testcase name="repetition 4516 of 5000" classname="com.mindhub.homebanking.HomebankingApplicationTest" time="0.001"/>
  <testcase name="repetition 4517 of 5000" classname="com.mindhub.homebanking.HomebankingApplicationTest" time="0.0"/>
  <testcase name="repetition 4518 of 5000" classname="com.mindhub.homebanking.HomebankingApplicationTest" time="0.001"/>
  <testcase name="repetition 4519 of 5000" classname="com.mindhub.homebanking.HomebankingApplicationTest" time="0.001"/>
  <testcase name="repetition 4520 of 5000" classname="com.mindhub.homebanking.HomebankingApplicationTest" time="0.001"/>
  <testcase name="repetition 4521 of 5000" classname="com.mindhub.homebanking.HomebankingApplicationTest" time="0.0"/>
  <testcase name="repetition 4522 of 5000" classname="com.mindhub.homebanking.HomebankingApplicationTest" time="0.001"/>
  <testcase name="repetition 4523 of 5000" classname="com.mindhub.homebanking.HomebankingApplicationTest" time="0.001"/>
  <testcase name="repetition 4524 of 5000" classname="com.mindhub.homebanking.HomebankingApplicationTest" time="0.001"/>
  <testcase name="repetition 4525 of 5000" classname="com.mindhub.homebanking.HomebankingApplicationTest" time="0.001"/>
  <testcase name="repetition 4526 of 5000" classname="com.mindhub.homebanking.HomebankingApplicationTest" time="0.0"/>
  <testcase name="repetition 4527 of 5000" classname="com.mindhub.homebanking.HomebankingApplicationTest" time="0.001"/>
  <testcase name="repetition 4528 of 5000" classname="com.mindhub.homebanking.HomebankingApplicationTest" time="0.001"/>
  <testcase name="repetition 4529 of 5000" classname="com.mindhub.homebanking.HomebankingApplicationTest" time="0.0"/>
  <testcase name="repetition 4530 of 5000" classname="com.mindhub.homebanking.HomebankingApplicationTest" time="0.001"/>
  <testcase name="repetition 4531 of 5000" classname="com.mindhub.homebanking.HomebankingApplicationTest" time="0.001"/>
  <testcase name="repetition 4532 of 5000" classname="com.mindhub.homebanking.HomebankingApplicationTest" time="0.001"/>
  <testcase name="repetition 4533 of 5000" classname="com.mindhub.homebanking.HomebankingApplicationTest" time="0.0"/>
  <testcase name="repetition 4534 of 5000" classname="com.mindhub.homebanking.HomebankingApplicationTest" time="0.001"/>
  <testcase name="repetition 4535 of 5000" classname="com.mindhub.homebanking.HomebankingApplicationTest" time="0.0"/>
  <testcase name="repetition 4536 of 5000" classname="com.mindhub.homebanking.HomebankingApplicationTest" time="0.001"/>
  <testcase name="repetition 4537 of 5000" classname="com.mindhub.homebanking.HomebankingApplicationTest" time="0.0"/>
  <testcase name="repetition 4538 of 5000" classname="com.mindhub.homebanking.HomebankingApplicationTest" time="0.0"/>
  <testcase name="repetition 4539 of 5000" classname="com.mindhub.homebanking.HomebankingApplicationTest" time="0.001"/>
  <testcase name="repetition 4540 of 5000" classname="com.mindhub.homebanking.HomebankingApplicationTest" time="0.001"/>
  <testcase name="repetition 4541 of 5000" classname="com.mindhub.homebanking.HomebankingApplicationTest" time="0.0"/>
  <testcase name="repetition 4542 of 5000" classname="com.mindhub.homebanking.HomebankingApplicationTest" time="0.0"/>
  <testcase name="repetition 4543 of 5000" classname="com.mindhub.homebanking.HomebankingApplicationTest" time="0.001"/>
  <testcase name="repetition 4544 of 5000" classname="com.mindhub.homebanking.HomebankingApplicationTest" time="0.0"/>
  <testcase name="repetition 4545 of 5000" classname="com.mindhub.homebanking.HomebankingApplicationTest" time="0.001"/>
  <testcase name="repetition 4546 of 5000" classname="com.mindhub.homebanking.HomebankingApplicationTest" time="0.0"/>
  <testcase name="repetition 4547 of 5000" classname="com.mindhub.homebanking.HomebankingApplicationTest" time="0.001"/>
  <testcase name="repetition 4548 of 5000" classname="com.mindhub.homebanking.HomebankingApplicationTest" time="0.0"/>
  <testcase name="repetition 4549 of 5000" classname="com.mindhub.homebanking.HomebankingApplicationTest" time="0.0"/>
  <testcase name="repetition 4550 of 5000" classname="com.mindhub.homebanking.HomebankingApplicationTest" time="0.001"/>
  <testcase name="repetition 4551 of 5000" classname="com.mindhub.homebanking.HomebankingApplicationTest" time="0.001"/>
  <testcase name="repetition 4552 of 5000" classname="com.mindhub.homebanking.HomebankingApplicationTest" time="0.001"/>
  <testcase name="repetition 4553 of 5000" classname="com.mindhub.homebanking.HomebankingApplicationTest" time="0.0"/>
  <testcase name="repetition 4554 of 5000" classname="com.mindhub.homebanking.HomebankingApplicationTest" time="0.001"/>
  <testcase name="repetition 4555 of 5000" classname="com.mindhub.homebanking.HomebankingApplicationTest" time="0.001"/>
  <testcase name="repetition 4556 of 5000" classname="com.mindhub.homebanking.HomebankingApplicationTest" time="0.0"/>
  <testcase name="repetition 4557 of 5000" classname="com.mindhub.homebanking.HomebankingApplicationTest" time="0.001"/>
  <testcase name="repetition 4558 of 5000" classname="com.mindhub.homebanking.HomebankingApplicationTest" time="0.001"/>
  <testcase name="repetition 4559 of 5000" classname="com.mindhub.homebanking.HomebankingApplicationTest" time="0.001"/>
  <testcase name="repetition 4560 of 5000" classname="com.mindhub.homebanking.HomebankingApplicationTest" time="0.0"/>
  <testcase name="repetition 4561 of 5000" classname="com.mindhub.homebanking.HomebankingApplicationTest" time="0.001"/>
  <testcase name="repetition 4562 of 5000" classname="com.mindhub.homebanking.HomebankingApplicationTest" time="0.0"/>
  <testcase name="repetition 4563 of 5000" classname="com.mindhub.homebanking.HomebankingApplicationTest" time="0.001"/>
  <testcase name="repetition 4564 of 5000" classname="com.mindhub.homebanking.HomebankingApplicationTest" time="0.0"/>
  <testcase name="repetition 4565 of 5000" classname="com.mindhub.homebanking.HomebankingApplicationTest" time="0.0"/>
  <testcase name="repetition 4566 of 5000" classname="com.mindhub.homebanking.HomebankingApplicationTest" time="0.001"/>
  <testcase name="repetition 4567 of 5000" classname="com.mindhub.homebanking.HomebankingApplicationTest" time="0.001"/>
  <testcase name="repetition 4568 of 5000" classname="com.mindhub.homebanking.HomebankingApplicationTest" time="0.001"/>
  <testcase name="repetition 4569 of 5000" classname="com.mindhub.homebanking.HomebankingApplicationTest" time="0.001"/>
  <testcase name="repetition 4570 of 5000" classname="com.mindhub.homebanking.HomebankingApplicationTest" time="0.001"/>
  <testcase name="repetition 4571 of 5000" classname="com.mindhub.homebanking.HomebankingApplicationTest" time="0.001"/>
  <testcase name="repetition 4572 of 5000" classname="com.mindhub.homebanking.HomebankingApplicationTest" time="0.0"/>
  <testcase name="repetition 4573 of 5000" classname="com.mindhub.homebanking.HomebankingApplicationTest" time="0.0"/>
  <testcase name="repetition 4574 of 5000" classname="com.mindhub.homebanking.HomebankingApplicationTest" time="0.001"/>
  <testcase name="repetition 4575 of 5000" classname="com.mindhub.homebanking.HomebankingApplicationTest" time="0.0"/>
  <testcase name="repetition 4576 of 5000" classname="com.mindhub.homebanking.HomebankingApplicationTest" time="0.0"/>
  <testcase name="repetition 4577 of 5000" classname="com.mindhub.homebanking.HomebankingApplicationTest" time="0.0"/>
  <testcase name="repetition 4578 of 5000" classname="com.mindhub.homebanking.HomebankingApplicationTest" time="0.001"/>
  <testcase name="repetition 4579 of 5000" classname="com.mindhub.homebanking.HomebankingApplicationTest" time="0.003"/>
  <testcase name="repetition 4580 of 5000" classname="com.mindhub.homebanking.HomebankingApplicationTest" time="0.001"/>
  <testcase name="repetition 4581 of 5000" classname="com.mindhub.homebanking.HomebankingApplicationTest" time="0.0"/>
  <testcase name="repetition 4582 of 5000" classname="com.mindhub.homebanking.HomebankingApplicationTest" time="0.001"/>
  <testcase name="repetition 4583 of 5000" classname="com.mindhub.homebanking.HomebankingApplicationTest" time="0.0"/>
  <testcase name="repetition 4584 of 5000" classname="com.mindhub.homebanking.HomebankingApplicationTest" time="0.0"/>
  <testcase name="repetition 4585 of 5000" classname="com.mindhub.homebanking.HomebankingApplicationTest" time="0.001"/>
  <testcase name="repetition 4586 of 5000" classname="com.mindhub.homebanking.HomebankingApplicationTest" time="0.0"/>
  <testcase name="repetition 4587 of 5000" classname="com.mindhub.homebanking.HomebankingApplicationTest" time="0.001"/>
  <testcase name="repetition 4588 of 5000" classname="com.mindhub.homebanking.HomebankingApplicationTest" time="0.0"/>
  <testcase name="repetition 4589 of 5000" classname="com.mindhub.homebanking.HomebankingApplicationTest" time="0.0"/>
  <testcase name="repetition 4590 of 5000" classname="com.mindhub.homebanking.HomebankingApplicationTest" time="0.0"/>
  <testcase name="repetition 4591 of 5000" classname="com.mindhub.homebanking.HomebankingApplicationTest" time="0.0"/>
  <testcase name="repetition 4592 of 5000" classname="com.mindhub.homebanking.HomebankingApplicationTest" time="0.001"/>
  <testcase name="repetition 4593 of 5000" classname="com.mindhub.homebanking.HomebankingApplicationTest" time="0.0"/>
  <testcase name="repetition 4594 of 5000" classname="com.mindhub.homebanking.HomebankingApplicationTest" time="0.001"/>
  <testcase name="repetition 4595 of 5000" classname="com.mindhub.homebanking.HomebankingApplicationTest" time="0.001"/>
  <testcase name="repetition 4596 of 5000" classname="com.mindhub.homebanking.HomebankingApplicationTest" time="0.001"/>
  <testcase name="repetition 4597 of 5000" classname="com.mindhub.homebanking.HomebankingApplicationTest" time="0.0"/>
  <testcase name="repetition 4598 of 5000" classname="com.mindhub.homebanking.HomebankingApplicationTest" time="0.001"/>
  <testcase name="repetition 4599 of 5000" classname="com.mindhub.homebanking.HomebankingApplicationTest" time="0.0"/>
  <testcase name="repetition 4600 of 5000" classname="com.mindhub.homebanking.HomebankingApplicationTest" time="0.001"/>
  <testcase name="repetition 4601 of 5000" classname="com.mindhub.homebanking.HomebankingApplicationTest" time="0.0"/>
  <testcase name="repetition 4602 of 5000" classname="com.mindhub.homebanking.HomebankingApplicationTest" time="0.001"/>
  <testcase name="repetition 4603 of 5000" classname="com.mindhub.homebanking.HomebankingApplicationTest" time="0.0"/>
  <testcase name="repetition 4604 of 5000" classname="com.mindhub.homebanking.HomebankingApplicationTest" time="0.001"/>
  <testcase name="repetition 4605 of 5000" classname="com.mindhub.homebanking.HomebankingApplicationTest" time="0.001"/>
  <testcase name="repetition 4606 of 5000" classname="com.mindhub.homebanking.HomebankingApplicationTest" time="0.0"/>
  <testcase name="repetition 4607 of 5000" classname="com.mindhub.homebanking.HomebankingApplicationTest" time="0.001"/>
  <testcase name="repetition 4608 of 5000" classname="com.mindhub.homebanking.HomebankingApplicationTest" time="0.0"/>
  <testcase name="repetition 4609 of 5000" classname="com.mindhub.homebanking.HomebankingApplicationTest" time="0.0"/>
  <testcase name="repetition 4610 of 5000" classname="com.mindhub.homebanking.HomebankingApplicationTest" time="0.001"/>
  <testcase name="repetition 4611 of 5000" classname="com.mindhub.homebanking.HomebankingApplicationTest" time="0.001"/>
  <testcase name="repetition 4612 of 5000" classname="com.mindhub.homebanking.HomebankingApplicationTest" time="0.0"/>
  <testcase name="repetition 4613 of 5000" classname="com.mindhub.homebanking.HomebankingApplicationTest" time="0.001"/>
  <testcase name="repetition 4614 of 5000" classname="com.mindhub.homebanking.HomebankingApplicationTest" time="0.0"/>
  <testcase name="repetition 4615 of 5000" classname="com.mindhub.homebanking.HomebankingApplicationTest" time="0.0"/>
  <testcase name="repetition 4616 of 5000" classname="com.mindhub.homebanking.HomebankingApplicationTest" time="0.001"/>
  <testcase name="repetition 4617 of 5000" classname="com.mindhub.homebanking.HomebankingApplicationTest" time="0.0"/>
  <testcase name="repetition 4618 of 5000" classname="com.mindhub.homebanking.HomebankingApplicationTest" time="0.001"/>
  <testcase name="repetition 4619 of 5000" classname="com.mindhub.homebanking.HomebankingApplicationTest" time="0.0"/>
  <testcase name="repetition 4620 of 5000" classname="com.mindhub.homebanking.HomebankingApplicationTest" time="0.001"/>
  <testcase name="repetition 4621 of 5000" classname="com.mindhub.homebanking.HomebankingApplicationTest" time="0.0"/>
  <testcase name="repetition 4622 of 5000" classname="com.mindhub.homebanking.HomebankingApplicationTest" time="0.001"/>
  <testcase name="repetition 4623 of 5000" classname="com.mindhub.homebanking.HomebankingApplicationTest" time="0.0"/>
  <testcase name="repetition 4624 of 5000" classname="com.mindhub.homebanking.HomebankingApplicationTest" time="0.001"/>
  <testcase name="repetition 4625 of 5000" classname="com.mindhub.homebanking.HomebankingApplicationTest" time="0.0"/>
  <testcase name="repetition 4626 of 5000" classname="com.mindhub.homebanking.HomebankingApplicationTest" time="0.001"/>
  <testcase name="repetition 4627 of 5000" classname="com.mindhub.homebanking.HomebankingApplicationTest" time="0.0"/>
  <testcase name="repetition 4628 of 5000" classname="com.mindhub.homebanking.HomebankingApplicationTest" time="0.001"/>
  <testcase name="repetition 4629 of 5000" classname="com.mindhub.homebanking.HomebankingApplicationTest" time="0.001"/>
  <testcase name="repetition 4630 of 5000" classname="com.mindhub.homebanking.HomebankingApplicationTest" time="0.0"/>
  <testcase name="repetition 4631 of 5000" classname="com.mindhub.homebanking.HomebankingApplicationTest" time="0.001"/>
  <testcase name="repetition 4632 of 5000" classname="com.mindhub.homebanking.HomebankingApplicationTest" time="0.001"/>
  <testcase name="repetition 4633 of 5000" classname="com.mindhub.homebanking.HomebankingApplicationTest" time="0.0"/>
  <testcase name="repetition 4634 of 5000" classname="com.mindhub.homebanking.HomebankingApplicationTest" time="0.001"/>
  <testcase name="repetition 4635 of 5000" classname="com.mindhub.homebanking.HomebankingApplicationTest" time="0.0"/>
  <testcase name="repetition 4636 of 5000" classname="com.mindhub.homebanking.HomebankingApplicationTest" time="0.001"/>
  <testcase name="repetition 4637 of 5000" classname="com.mindhub.homebanking.HomebankingApplicationTest" time="0.0"/>
  <testcase name="repetition 4638 of 5000" classname="com.mindhub.homebanking.HomebankingApplicationTest" time="0.001"/>
  <testcase name="repetition 4639 of 5000" classname="com.mindhub.homebanking.HomebankingApplicationTest" time="0.0"/>
  <testcase name="repetition 4640 of 5000" classname="com.mindhub.homebanking.HomebankingApplicationTest" time="0.001"/>
  <testcase name="repetition 4641 of 5000" classname="com.mindhub.homebanking.HomebankingApplicationTest" time="0.0"/>
  <testcase name="repetition 4642 of 5000" classname="com.mindhub.homebanking.HomebankingApplicationTest" time="0.001"/>
  <testcase name="repetition 4643 of 5000" classname="com.mindhub.homebanking.HomebankingApplicationTest" time="0.0"/>
  <testcase name="repetition 4644 of 5000" classname="com.mindhub.homebanking.HomebankingApplicationTest" time="0.001"/>
  <testcase name="repetition 4645 of 5000" classname="com.mindhub.homebanking.HomebankingApplicationTest" time="0.0"/>
  <testcase name="repetition 4646 of 5000" classname="com.mindhub.homebanking.HomebankingApplicationTest" time="0.001"/>
  <testcase name="repetition 4647 of 5000" classname="com.mindhub.homebanking.HomebankingApplicationTest" time="0.0"/>
  <testcase name="repetition 4648 of 5000" classname="com.mindhub.homebanking.HomebankingApplicationTest" time="0.001"/>
  <testcase name="repetition 4649 of 5000" classname="com.mindhub.homebanking.HomebankingApplicationTest" time="0.0"/>
  <testcase name="repetition 4650 of 5000" classname="com.mindhub.homebanking.HomebankingApplicationTest" time="0.001"/>
  <testcase name="repetition 4651 of 5000" classname="com.mindhub.homebanking.HomebankingApplicationTest" time="0.0"/>
  <testcase name="repetition 4652 of 5000" classname="com.mindhub.homebanking.HomebankingApplicationTest" time="0.0"/>
  <testcase name="repetition 4653 of 5000" classname="com.mindhub.homebanking.HomebankingApplicationTest" time="0.0"/>
  <testcase name="repetition 4654 of 5000" classname="com.mindhub.homebanking.HomebankingApplicationTest" time="0.001"/>
  <testcase name="repetition 4655 of 5000" classname="com.mindhub.homebanking.HomebankingApplicationTest" time="0.0"/>
  <testcase name="repetition 4656 of 5000" classname="com.mindhub.homebanking.HomebankingApplicationTest" time="0.001"/>
  <testcase name="repetition 4657 of 5000" classname="com.mindhub.homebanking.HomebankingApplicationTest" time="0.0"/>
  <testcase name="repetition 4658 of 5000" classname="com.mindhub.homebanking.HomebankingApplicationTest" time="0.0"/>
  <testcase name="repetition 4659 of 5000" classname="com.mindhub.homebanking.HomebankingApplicationTest" time="0.0"/>
  <testcase name="repetition 4660 of 5000" classname="com.mindhub.homebanking.HomebankingApplicationTest" time="0.001"/>
  <testcase name="repetition 4661 of 5000" classname="com.mindhub.homebanking.HomebankingApplicationTest" time="0.0"/>
  <testcase name="repetition 4662 of 5000" classname="com.mindhub.homebanking.HomebankingApplicationTest" time="0.001"/>
  <testcase name="repetition 4663 of 5000" classname="com.mindhub.homebanking.HomebankingApplicationTest" time="0.0"/>
  <testcase name="repetition 4664 of 5000" classname="com.mindhub.homebanking.HomebankingApplicationTest" time="0.001"/>
  <testcase name="repetition 4665 of 5000" classname="com.mindhub.homebanking.HomebankingApplicationTest" time="0.0"/>
  <testcase name="repetition 4666 of 5000" classname="com.mindhub.homebanking.HomebankingApplicationTest" time="0.0"/>
  <testcase name="repetition 4667 of 5000" classname="com.mindhub.homebanking.HomebankingApplicationTest" time="0.001"/>
  <testcase name="repetition 4668 of 5000" classname="com.mindhub.homebanking.HomebankingApplicationTest" time="0.001"/>
  <testcase name="repetition 4669 of 5000" classname="com.mindhub.homebanking.HomebankingApplicationTest" time="0.0"/>
  <testcase name="repetition 4670 of 5000" classname="com.mindhub.homebanking.HomebankingApplicationTest" time="0.001"/>
  <testcase name="repetition 4671 of 5000" classname="com.mindhub.homebanking.HomebankingApplicationTest" time="0.0"/>
  <testcase name="repetition 4672 of 5000" classname="com.mindhub.homebanking.HomebankingApplicationTest" time="0.001"/>
  <testcase name="repetition 4673 of 5000" classname="com.mindhub.homebanking.HomebankingApplicationTest" time="0.001"/>
  <testcase name="repetition 4674 of 5000" classname="com.mindhub.homebanking.HomebankingApplicationTest" time="0.001"/>
  <testcase name="repetition 4675 of 5000" classname="com.mindhub.homebanking.HomebankingApplicationTest" time="0.0"/>
  <testcase name="repetition 4676 of 5000" classname="com.mindhub.homebanking.HomebankingApplicationTest" time="0.0"/>
  <testcase name="repetition 4677 of 5000" classname="com.mindhub.homebanking.HomebankingApplicationTest" time="0.001"/>
  <testcase name="repetition 4678 of 5000" classname="com.mindhub.homebanking.HomebankingApplicationTest" time="0.0"/>
  <testcase name="repetition 4679 of 5000" classname="com.mindhub.homebanking.HomebankingApplicationTest" time="0.0"/>
  <testcase name="repetition 4680 of 5000" classname="com.mindhub.homebanking.HomebankingApplicationTest" time="0.001"/>
  <testcase name="repetition 4681 of 5000" classname="com.mindhub.homebanking.HomebankingApplicationTest" time="0.0"/>
  <testcase name="repetition 4682 of 5000" classname="com.mindhub.homebanking.HomebankingApplicationTest" time="0.0"/>
  <testcase name="repetition 4683 of 5000" classname="com.mindhub.homebanking.HomebankingApplicationTest" time="0.001"/>
  <testcase name="repetition 4684 of 5000" classname="com.mindhub.homebanking.HomebankingApplicationTest" time="0.0"/>
  <testcase name="repetition 4685 of 5000" classname="com.mindhub.homebanking.HomebankingApplicationTest" time="0.001"/>
  <testcase name="repetition 4686 of 5000" classname="com.mindhub.homebanking.HomebankingApplicationTest" time="0.0"/>
  <testcase name="repetition 4687 of 5000" classname="com.mindhub.homebanking.HomebankingApplicationTest" time="0.0"/>
  <testcase name="repetition 4688 of 5000" classname="com.mindhub.homebanking.HomebankingApplicationTest" time="0.0"/>
  <testcase name="repetition 4689 of 5000" classname="com.mindhub.homebanking.HomebankingApplicationTest" time="0.001"/>
  <testcase name="repetition 4690 of 5000" classname="com.mindhub.homebanking.HomebankingApplicationTest" time="0.0"/>
  <testcase name="repetition 4691 of 5000" classname="com.mindhub.homebanking.HomebankingApplicationTest" time="0.001"/>
  <testcase name="repetition 4692 of 5000" classname="com.mindhub.homebanking.HomebankingApplicationTest" time="0.0"/>
  <testcase name="repetition 4693 of 5000" classname="com.mindhub.homebanking.HomebankingApplicationTest" time="0.001"/>
  <testcase name="repetition 4694 of 5000" classname="com.mindhub.homebanking.HomebankingApplicationTest" time="0.0"/>
  <testcase name="repetition 4695 of 5000" classname="com.mindhub.homebanking.HomebankingApplicationTest" time="0.001"/>
  <testcase name="repetition 4696 of 5000" classname="com.mindhub.homebanking.HomebankingApplicationTest" time="0.0"/>
  <testcase name="repetition 4697 of 5000" classname="com.mindhub.homebanking.HomebankingApplicationTest" time="0.001"/>
  <testcase name="repetition 4698 of 5000" classname="com.mindhub.homebanking.HomebankingApplicationTest" time="0.001"/>
  <testcase name="repetition 4699 of 5000" classname="com.mindhub.homebanking.HomebankingApplicationTest" time="0.0"/>
  <testcase name="repetition 4700 of 5000" classname="com.mindhub.homebanking.HomebankingApplicationTest" time="0.0"/>
  <testcase name="repetition 4701 of 5000" classname="com.mindhub.homebanking.HomebankingApplicationTest" time="0.001"/>
  <testcase name="repetition 4702 of 5000" classname="com.mindhub.homebanking.HomebankingApplicationTest" time="0.0"/>
  <testcase name="repetition 4703 of 5000" classname="com.mindhub.homebanking.HomebankingApplicationTest" time="0.001"/>
  <testcase name="repetition 4704 of 5000" classname="com.mindhub.homebanking.HomebankingApplicationTest" time="0.0"/>
  <testcase name="repetition 4705 of 5000" classname="com.mindhub.homebanking.HomebankingApplicationTest" time="0.0"/>
  <testcase name="repetition 4706 of 5000" classname="com.mindhub.homebanking.HomebankingApplicationTest" time="0.0"/>
  <testcase name="repetition 4707 of 5000" classname="com.mindhub.homebanking.HomebankingApplicationTest" time="0.001"/>
  <testcase name="repetition 4708 of 5000" classname="com.mindhub.homebanking.HomebankingApplicationTest" time="0.0"/>
  <testcase name="repetition 4709 of 5000" classname="com.mindhub.homebanking.HomebankingApplicationTest" time="0.001"/>
  <testcase name="repetition 4710 of 5000" classname="com.mindhub.homebanking.HomebankingApplicationTest" time="0.0"/>
  <testcase name="repetition 4711 of 5000" classname="com.mindhub.homebanking.HomebankingApplicationTest" time="0.001"/>
  <testcase name="repetition 4712 of 5000" classname="com.mindhub.homebanking.HomebankingApplicationTest" time="0.001"/>
  <testcase name="repetition 4713 of 5000" classname="com.mindhub.homebanking.HomebankingApplicationTest" time="0.0"/>
  <testcase name="repetition 4714 of 5000" classname="com.mindhub.homebanking.HomebankingApplicationTest" time="0.001"/>
  <testcase name="repetition 4715 of 5000" classname="com.mindhub.homebanking.HomebankingApplicationTest" time="0.0"/>
  <testcase name="repetition 4716 of 5000" classname="com.mindhub.homebanking.HomebankingApplicationTest" time="0.0"/>
  <testcase name="repetition 4717 of 5000" classname="com.mindhub.homebanking.HomebankingApplicationTest" time="0.0"/>
  <testcase name="repetition 4718 of 5000" classname="com.mindhub.homebanking.HomebankingApplicationTest" time="0.0"/>
  <testcase name="repetition 4719 of 5000" classname="com.mindhub.homebanking.HomebankingApplicationTest" time="0.001"/>
  <testcase name="repetition 4720 of 5000" classname="com.mindhub.homebanking.HomebankingApplicationTest" time="0.0"/>
  <testcase name="repetition 4721 of 5000" classname="com.mindhub.homebanking.HomebankingApplicationTest" time="0.001"/>
  <testcase name="repetition 4722 of 5000" classname="com.mindhub.homebanking.HomebankingApplicationTest" time="0.0"/>
  <testcase name="repetition 4723 of 5000" classname="com.mindhub.homebanking.HomebankingApplicationTest" time="0.001"/>
  <testcase name="repetition 4724 of 5000" classname="com.mindhub.homebanking.HomebankingApplicationTest" time="0.0"/>
  <testcase name="repetition 4725 of 5000" classname="com.mindhub.homebanking.HomebankingApplicationTest" time="0.001"/>
  <testcase name="repetition 4726 of 5000" classname="com.mindhub.homebanking.HomebankingApplicationTest" time="0.001"/>
  <testcase name="repetition 4727 of 5000" classname="com.mindhub.homebanking.HomebankingApplicationTest" time="0.001"/>
  <testcase name="repetition 4728 of 5000" classname="com.mindhub.homebanking.HomebankingApplicationTest" time="0.001"/>
  <testcase name="repetition 4729 of 5000" classname="com.mindhub.homebanking.HomebankingApplicationTest" time="0.001"/>
  <testcase name="repetition 4730 of 5000" classname="com.mindhub.homebanking.HomebankingApplicationTest" time="0.001"/>
  <testcase name="repetition 4731 of 5000" classname="com.mindhub.homebanking.HomebankingApplicationTest" time="0.0"/>
  <testcase name="repetition 4732 of 5000" classname="com.mindhub.homebanking.HomebankingApplicationTest" time="0.0"/>
  <testcase name="repetition 4733 of 5000" classname="com.mindhub.homebanking.HomebankingApplicationTest" time="0.001"/>
  <testcase name="repetition 4734 of 5000" classname="com.mindhub.homebanking.HomebankingApplicationTest" time="0.001"/>
  <testcase name="repetition 4735 of 5000" classname="com.mindhub.homebanking.HomebankingApplicationTest" time="0.0"/>
  <testcase name="repetition 4736 of 5000" classname="com.mindhub.homebanking.HomebankingApplicationTest" time="0.001"/>
  <testcase name="repetition 4737 of 5000" classname="com.mindhub.homebanking.HomebankingApplicationTest" time="0.0"/>
  <testcase name="repetition 4738 of 5000" classname="com.mindhub.homebanking.HomebankingApplicationTest" time="0.001"/>
  <testcase name="repetition 4739 of 5000" classname="com.mindhub.homebanking.HomebankingApplicationTest" time="0.0"/>
  <testcase name="repetition 4740 of 5000" classname="com.mindhub.homebanking.HomebankingApplicationTest" time="0.001"/>
  <testcase name="repetition 4741 of 5000" classname="com.mindhub.homebanking.HomebankingApplicationTest" time="0.0"/>
  <testcase name="repetition 4742 of 5000" classname="com.mindhub.homebanking.HomebankingApplicationTest" time="0.001"/>
  <testcase name="repetition 4743 of 5000" classname="com.mindhub.homebanking.HomebankingApplicationTest" time="0.0"/>
  <testcase name="repetition 4744 of 5000" classname="com.mindhub.homebanking.HomebankingApplicationTest" time="0.001"/>
  <testcase name="repetition 4745 of 5000" classname="com.mindhub.homebanking.HomebankingApplicationTest" time="0.0"/>
  <testcase name="repetition 4746 of 5000" classname="com.mindhub.homebanking.HomebankingApplicationTest" time="0.001"/>
  <testcase name="repetition 4747 of 5000" classname="com.mindhub.homebanking.HomebankingApplicationTest" time="0.0"/>
  <testcase name="repetition 4748 of 5000" classname="com.mindhub.homebanking.HomebankingApplicationTest" time="0.001"/>
  <testcase name="repetition 4749 of 5000" classname="com.mindhub.homebanking.HomebankingApplicationTest" time="0.0"/>
  <testcase name="repetition 4750 of 5000" classname="com.mindhub.homebanking.HomebankingApplicationTest" time="0.0"/>
  <testcase name="repetition 4751 of 5000" classname="com.mindhub.homebanking.HomebankingApplicationTest" time="0.0"/>
  <testcase name="repetition 4752 of 5000" classname="com.mindhub.homebanking.HomebankingApplicationTest" time="0.0"/>
  <testcase name="repetition 4753 of 5000" classname="com.mindhub.homebanking.HomebankingApplicationTest" time="0.0"/>
  <testcase name="repetition 4754 of 5000" classname="com.mindhub.homebanking.HomebankingApplicationTest" time="0.0"/>
  <testcase name="repetition 4755 of 5000" classname="com.mindhub.homebanking.HomebankingApplicationTest" time="0.001"/>
  <testcase name="repetition 4756 of 5000" classname="com.mindhub.homebanking.HomebankingApplicationTest" time="0.0"/>
  <testcase name="repetition 4757 of 5000" classname="com.mindhub.homebanking.HomebankingApplicationTest" time="0.0"/>
  <testcase name="repetition 4758 of 5000" classname="com.mindhub.homebanking.HomebankingApplicationTest" time="0.001"/>
  <testcase name="repetition 4759 of 5000" classname="com.mindhub.homebanking.HomebankingApplicationTest" time="0.0"/>
  <testcase name="repetition 4760 of 5000" classname="com.mindhub.homebanking.HomebankingApplicationTest" time="0.001"/>
  <testcase name="repetition 4761 of 5000" classname="com.mindhub.homebanking.HomebankingApplicationTest" time="0.0"/>
  <testcase name="repetition 4762 of 5000" classname="com.mindhub.homebanking.HomebankingApplicationTest" time="0.001"/>
  <testcase name="repetition 4763 of 5000" classname="com.mindhub.homebanking.HomebankingApplicationTest" time="0.001"/>
  <testcase name="repetition 4764 of 5000" classname="com.mindhub.homebanking.HomebankingApplicationTest" time="0.0"/>
  <testcase name="repetition 4765 of 5000" classname="com.mindhub.homebanking.HomebankingApplicationTest" time="0.0"/>
  <testcase name="repetition 4766 of 5000" classname="com.mindhub.homebanking.HomebankingApplicationTest" time="0.0"/>
  <testcase name="repetition 4767 of 5000" classname="com.mindhub.homebanking.HomebankingApplicationTest" time="0.002"/>
  <testcase name="repetition 4768 of 5000" classname="com.mindhub.homebanking.HomebankingApplicationTest" time="0.0"/>
  <testcase name="repetition 4769 of 5000" classname="com.mindhub.homebanking.HomebankingApplicationTest" time="0.0"/>
  <testcase name="repetition 4770 of 5000" classname="com.mindhub.homebanking.HomebankingApplicationTest" time="0.001"/>
  <testcase name="repetition 4771 of 5000" classname="com.mindhub.homebanking.HomebankingApplicationTest" time="0.0"/>
  <testcase name="repetition 4772 of 5000" classname="com.mindhub.homebanking.HomebankingApplicationTest" time="0.0"/>
  <testcase name="repetition 4773 of 5000" classname="com.mindhub.homebanking.HomebankingApplicationTest" time="0.001"/>
  <testcase name="repetition 4774 of 5000" classname="com.mindhub.homebanking.HomebankingApplicationTest" time="0.001"/>
  <testcase name="repetition 4775 of 5000" classname="com.mindhub.homebanking.HomebankingApplicationTest" time="0.001"/>
  <testcase name="repetition 4776 of 5000" classname="com.mindhub.homebanking.HomebankingApplicationTest" time="0.001"/>
  <testcase name="repetition 4777 of 5000" classname="com.mindhub.homebanking.HomebankingApplicationTest" time="0.001"/>
  <testcase name="repetition 4778 of 5000" classname="com.mindhub.homebanking.HomebankingApplicationTest" time="0.001"/>
  <testcase name="repetition 4779 of 5000" classname="com.mindhub.homebanking.HomebankingApplicationTest" time="0.001"/>
  <testcase name="repetition 4780 of 5000" classname="com.mindhub.homebanking.HomebankingApplicationTest" time="0.001"/>
  <testcase name="repetition 4781 of 5000" classname="com.mindhub.homebanking.HomebankingApplicationTest" time="0.0"/>
  <testcase name="repetition 4782 of 5000" classname="com.mindhub.homebanking.HomebankingApplicationTest" time="0.0"/>
  <testcase name="repetition 4783 of 5000" classname="com.mindhub.homebanking.HomebankingApplicationTest" time="0.001"/>
  <testcase name="repetition 4784 of 5000" classname="com.mindhub.homebanking.HomebankingApplicationTest" time="0.001"/>
  <testcase name="repetition 4785 of 5000" classname="com.mindhub.homebanking.HomebankingApplicationTest" time="0.001"/>
  <testcase name="repetition 4786 of 5000" classname="com.mindhub.homebanking.HomebankingApplicationTest" time="0.001"/>
  <testcase name="repetition 4787 of 5000" classname="com.mindhub.homebanking.HomebankingApplicationTest" time="0.001"/>
  <testcase name="repetition 4788 of 5000" classname="com.mindhub.homebanking.HomebankingApplicationTest" time="0.001"/>
  <testcase name="repetition 4789 of 5000" classname="com.mindhub.homebanking.HomebankingApplicationTest" time="0.001"/>
  <testcase name="repetition 4790 of 5000" classname="com.mindhub.homebanking.HomebankingApplicationTest" time="0.0"/>
  <testcase name="repetition 4791 of 5000" classname="com.mindhub.homebanking.HomebankingApplicationTest" time="0.001"/>
  <testcase name="repetition 4792 of 5000" classname="com.mindhub.homebanking.HomebankingApplicationTest" time="0.0"/>
  <testcase name="repetition 4793 of 5000" classname="com.mindhub.homebanking.HomebankingApplicationTest" time="0.001"/>
  <testcase name="repetition 4794 of 5000" classname="com.mindhub.homebanking.HomebankingApplicationTest" time="0.001"/>
  <testcase name="repetition 4795 of 5000" classname="com.mindhub.homebanking.HomebankingApplicationTest" time="0.001"/>
  <testcase name="repetition 4796 of 5000" classname="com.mindhub.homebanking.HomebankingApplicationTest" time="0.001"/>
  <testcase name="repetition 4797 of 5000" classname="com.mindhub.homebanking.HomebankingApplicationTest" time="0.001"/>
  <testcase name="repetition 4798 of 5000" classname="com.mindhub.homebanking.HomebankingApplicationTest" time="0.001"/>
  <testcase name="repetition 4799 of 5000" classname="com.mindhub.homebanking.HomebankingApplicationTest" time="0.001"/>
  <testcase name="repetition 4800 of 5000" classname="com.mindhub.homebanking.HomebankingApplicationTest" time="0.0"/>
  <testcase name="repetition 4801 of 5000" classname="com.mindhub.homebanking.HomebankingApplicationTest" time="0.0"/>
  <testcase name="repetition 4802 of 5000" classname="com.mindhub.homebanking.HomebankingApplicationTest" time="0.001"/>
  <testcase name="repetition 4803 of 5000" classname="com.mindhub.homebanking.HomebankingApplicationTest" time="0.001"/>
  <testcase name="repetition 4804 of 5000" classname="com.mindhub.homebanking.HomebankingApplicationTest" time="0.001"/>
  <testcase name="repetition 4805 of 5000" classname="com.mindhub.homebanking.HomebankingApplicationTest" time="0.001"/>
  <testcase name="repetition 4806 of 5000" classname="com.mindhub.homebanking.HomebankingApplicationTest" time="0.0"/>
  <testcase name="repetition 4807 of 5000" classname="com.mindhub.homebanking.HomebankingApplicationTest" time="0.001"/>
  <testcase name="repetition 4808 of 5000" classname="com.mindhub.homebanking.HomebankingApplicationTest" time="0.0"/>
  <testcase name="repetition 4809 of 5000" classname="com.mindhub.homebanking.HomebankingApplicationTest" time="0.001"/>
  <testcase name="repetition 4810 of 5000" classname="com.mindhub.homebanking.HomebankingApplicationTest" time="0.001"/>
  <testcase name="repetition 4811 of 5000" classname="com.mindhub.homebanking.HomebankingApplicationTest" time="0.0"/>
  <testcase name="repetition 4812 of 5000" classname="com.mindhub.homebanking.HomebankingApplicationTest" time="0.001"/>
  <testcase name="repetition 4813 of 5000" classname="com.mindhub.homebanking.HomebankingApplicationTest" time="0.001"/>
  <testcase name="repetition 4814 of 5000" classname="com.mindhub.homebanking.HomebankingApplicationTest" time="0.001"/>
  <testcase name="repetition 4815 of 5000" classname="com.mindhub.homebanking.HomebankingApplicationTest" time="0.001"/>
  <testcase name="repetition 4816 of 5000" classname="com.mindhub.homebanking.HomebankingApplicationTest" time="0.001"/>
  <testcase name="repetition 4817 of 5000" classname="com.mindhub.homebanking.HomebankingApplicationTest" time="0.001"/>
  <testcase name="repetition 4818 of 5000" classname="com.mindhub.homebanking.HomebankingApplicationTest" time="0.0"/>
  <testcase name="repetition 4819 of 5000" classname="com.mindhub.homebanking.HomebankingApplicationTest" time="0.001"/>
  <testcase name="repetition 4820 of 5000" classname="com.mindhub.homebanking.HomebankingApplicationTest" time="0.0"/>
  <testcase name="repetition 4821 of 5000" classname="com.mindhub.homebanking.HomebankingApplicationTest" time="0.001"/>
  <testcase name="repetition 4822 of 5000" classname="com.mindhub.homebanking.HomebankingApplicationTest" time="0.001"/>
  <testcase name="repetition 4823 of 5000" classname="com.mindhub.homebanking.HomebankingApplicationTest" time="0.001"/>
  <testcase name="repetition 4824 of 5000" classname="com.mindhub.homebanking.HomebankingApplicationTest" time="0.0"/>
  <testcase name="repetition 4825 of 5000" classname="com.mindhub.homebanking.HomebankingApplicationTest" time="0.0"/>
  <testcase name="repetition 4826 of 5000" classname="com.mindhub.homebanking.HomebankingApplicationTest" time="0.001"/>
  <testcase name="repetition 4827 of 5000" classname="com.mindhub.homebanking.HomebankingApplicationTest" time="0.0"/>
  <testcase name="repetition 4828 of 5000" classname="com.mindhub.homebanking.HomebankingApplicationTest" time="0.0"/>
  <testcase name="repetition 4829 of 5000" classname="com.mindhub.homebanking.HomebankingApplicationTest" time="0.0"/>
  <testcase name="repetition 4830 of 5000" classname="com.mindhub.homebanking.HomebankingApplicationTest" time="0.0"/>
  <testcase name="repetition 4831 of 5000" classname="com.mindhub.homebanking.HomebankingApplicationTest" time="0.0"/>
  <testcase name="repetition 4832 of 5000" classname="com.mindhub.homebanking.HomebankingApplicationTest" time="0.0"/>
  <testcase name="repetition 4833 of 5000" classname="com.mindhub.homebanking.HomebankingApplicationTest" time="0.0"/>
  <testcase name="repetition 4834 of 5000" classname="com.mindhub.homebanking.HomebankingApplicationTest" time="0.0"/>
  <testcase name="repetition 4835 of 5000" classname="com.mindhub.homebanking.HomebankingApplicationTest" time="0.001"/>
  <testcase name="repetition 4836 of 5000" classname="com.mindhub.homebanking.HomebankingApplicationTest" time="0.001"/>
  <testcase name="repetition 4837 of 5000" classname="com.mindhub.homebanking.HomebankingApplicationTest" time="0.0"/>
  <testcase name="repetition 4838 of 5000" classname="com.mindhub.homebanking.HomebankingApplicationTest" time="0.001"/>
  <testcase name="repetition 4839 of 5000" classname="com.mindhub.homebanking.HomebankingApplicationTest" time="0.0"/>
  <testcase name="repetition 4840 of 5000" classname="com.mindhub.homebanking.HomebankingApplicationTest" time="0.0"/>
  <testcase name="repetition 4841 of 5000" classname="com.mindhub.homebanking.HomebankingApplicationTest" time="0.001"/>
  <testcase name="repetition 4842 of 5000" classname="com.mindhub.homebanking.HomebankingApplicationTest" time="0.0"/>
  <testcase name="repetition 4843 of 5000" classname="com.mindhub.homebanking.HomebankingApplicationTest" time="0.001"/>
  <testcase name="repetition 4844 of 5000" classname="com.mindhub.homebanking.HomebankingApplicationTest" time="0.001"/>
  <testcase name="repetition 4845 of 5000" classname="com.mindhub.homebanking.HomebankingApplicationTest" time="0.0"/>
  <testcase name="repetition 4846 of 5000" classname="com.mindhub.homebanking.HomebankingApplicationTest" time="0.0"/>
  <testcase name="repetition 4847 of 5000" classname="com.mindhub.homebanking.HomebankingApplicationTest" time="0.001"/>
  <testcase name="repetition 4848 of 5000" classname="com.mindhub.homebanking.HomebankingApplicationTest" time="0.0"/>
  <testcase name="repetition 4849 of 5000" classname="com.mindhub.homebanking.HomebankingApplicationTest" time="0.001"/>
  <testcase name="repetition 4850 of 5000" classname="com.mindhub.homebanking.HomebankingApplicationTest" time="0.001"/>
  <testcase name="repetition 4851 of 5000" classname="com.mindhub.homebanking.HomebankingApplicationTest" time="0.0"/>
  <testcase name="repetition 4852 of 5000" classname="com.mindhub.homebanking.HomebankingApplicationTest" time="0.001"/>
  <testcase name="repetition 4853 of 5000" classname="com.mindhub.homebanking.HomebankingApplicationTest" time="0.0"/>
  <testcase name="repetition 4854 of 5000" classname="com.mindhub.homebanking.HomebankingApplicationTest" time="0.001"/>
  <testcase name="repetition 4855 of 5000" classname="com.mindhub.homebanking.HomebankingApplicationTest" time="0.0"/>
  <testcase name="repetition 4856 of 5000" classname="com.mindhub.homebanking.HomebankingApplicationTest" time="0.0"/>
  <testcase name="repetition 4857 of 5000" classname="com.mindhub.homebanking.HomebankingApplicationTest" time="0.0"/>
  <testcase name="repetition 4858 of 5000" classname="com.mindhub.homebanking.HomebankingApplicationTest" time="0.0"/>
  <testcase name="repetition 4859 of 5000" classname="com.mindhub.homebanking.HomebankingApplicationTest" time="0.001"/>
  <testcase name="repetition 4860 of 5000" classname="com.mindhub.homebanking.HomebankingApplicationTest" time="0.001"/>
  <testcase name="repetition 4861 of 5000" classname="com.mindhub.homebanking.HomebankingApplicationTest" time="0.0"/>
  <testcase name="repetition 4862 of 5000" classname="com.mindhub.homebanking.HomebankingApplicationTest" time="0.001"/>
  <testcase name="repetition 4863 of 5000" classname="com.mindhub.homebanking.HomebankingApplicationTest" time="0.001"/>
  <testcase name="repetition 4864 of 5000" classname="com.mindhub.homebanking.HomebankingApplicationTest" time="0.0"/>
  <testcase name="repetition 4865 of 5000" classname="com.mindhub.homebanking.HomebankingApplicationTest" time="0.001"/>
  <testcase name="repetition 4866 of 5000" classname="com.mindhub.homebanking.HomebankingApplicationTest" time="0.0"/>
  <testcase name="repetition 4867 of 5000" classname="com.mindhub.homebanking.HomebankingApplicationTest" time="0.001"/>
  <testcase name="repetition 4868 of 5000" classname="com.mindhub.homebanking.HomebankingApplicationTest" time="0.0"/>
  <testcase name="repetition 4869 of 5000" classname="com.mindhub.homebanking.HomebankingApplicationTest" time="0.001"/>
  <testcase name="repetition 4870 of 5000" classname="com.mindhub.homebanking.HomebankingApplicationTest" time="0.0"/>
  <testcase name="repetition 4871 of 5000" classname="com.mindhub.homebanking.HomebankingApplicationTest" time="0.001"/>
  <testcase name="repetition 4872 of 5000" classname="com.mindhub.homebanking.HomebankingApplicationTest" time="0.001"/>
  <testcase name="repetition 4873 of 5000" classname="com.mindhub.homebanking.HomebankingApplicationTest" time="0.0"/>
  <testcase name="repetition 4874 of 5000" classname="com.mindhub.homebanking.HomebankingApplicationTest" time="0.001"/>
  <testcase name="repetition 4875 of 5000" classname="com.mindhub.homebanking.HomebankingApplicationTest" time="0.0"/>
  <testcase name="repetition 4876 of 5000" classname="com.mindhub.homebanking.HomebankingApplicationTest" time="0.001"/>
  <testcase name="repetition 4877 of 5000" classname="com.mindhub.homebanking.HomebankingApplicationTest" time="0.0"/>
  <testcase name="repetition 4878 of 5000" classname="com.mindhub.homebanking.HomebankingApplicationTest" time="0.001"/>
  <testcase name="repetition 4879 of 5000" classname="com.mindhub.homebanking.HomebankingApplicationTest" time="0.0"/>
  <testcase name="repetition 4880 of 5000" classname="com.mindhub.homebanking.HomebankingApplicationTest" time="0.001"/>
  <testcase name="repetition 4881 of 5000" classname="com.mindhub.homebanking.HomebankingApplicationTest" time="0.0"/>
  <testcase name="repetition 4882 of 5000" classname="com.mindhub.homebanking.HomebankingApplicationTest" time="0.001"/>
  <testcase name="repetition 4883 of 5000" classname="com.mindhub.homebanking.HomebankingApplicationTest" time="0.0"/>
  <testcase name="repetition 4884 of 5000" classname="com.mindhub.homebanking.HomebankingApplicationTest" time="0.001"/>
  <testcase name="repetition 4885 of 5000" classname="com.mindhub.homebanking.HomebankingApplicationTest" time="0.0"/>
  <testcase name="repetition 4886 of 5000" classname="com.mindhub.homebanking.HomebankingApplicationTest" time="0.0"/>
  <testcase name="repetition 4887 of 5000" classname="com.mindhub.homebanking.HomebankingApplicationTest" time="0.0"/>
  <testcase name="repetition 4888 of 5000" classname="com.mindhub.homebanking.HomebankingApplicationTest" time="0.0"/>
  <testcase name="repetition 4889 of 5000" classname="com.mindhub.homebanking.HomebankingApplicationTest" time="0.0"/>
  <testcase name="repetition 4890 of 5000" classname="com.mindhub.homebanking.HomebankingApplicationTest" time="0.001"/>
  <testcase name="repetition 4891 of 5000" classname="com.mindhub.homebanking.HomebankingApplicationTest" time="0.0"/>
  <testcase name="repetition 4892 of 5000" classname="com.mindhub.homebanking.HomebankingApplicationTest" time="0.001"/>
  <testcase name="repetition 4893 of 5000" classname="com.mindhub.homebanking.HomebankingApplicationTest" time="0.001"/>
  <testcase name="repetition 4894 of 5000" classname="com.mindhub.homebanking.HomebankingApplicationTest" time="0.001"/>
  <testcase name="repetition 4895 of 5000" classname="com.mindhub.homebanking.HomebankingApplicationTest" time="0.001"/>
  <testcase name="repetition 4896 of 5000" classname="com.mindhub.homebanking.HomebankingApplicationTest" time="0.0"/>
  <testcase name="repetition 4897 of 5000" classname="com.mindhub.homebanking.HomebankingApplicationTest" time="0.0"/>
  <testcase name="repetition 4898 of 5000" classname="com.mindhub.homebanking.HomebankingApplicationTest" time="0.0"/>
  <testcase name="repetition 4899 of 5000" classname="com.mindhub.homebanking.HomebankingApplicationTest" time="0.001"/>
  <testcase name="repetition 4900 of 5000" classname="com.mindhub.homebanking.HomebankingApplicationTest" time="0.0"/>
  <testcase name="repetition 4901 of 5000" classname="com.mindhub.homebanking.HomebankingApplicationTest" time="0.001"/>
  <testcase name="repetition 4902 of 5000" classname="com.mindhub.homebanking.HomebankingApplicationTest" time="0.001"/>
  <testcase name="repetition 4903 of 5000" classname="com.mindhub.homebanking.HomebankingApplicationTest" time="0.0"/>
  <testcase name="repetition 4904 of 5000" classname="com.mindhub.homebanking.HomebankingApplicationTest" time="0.001"/>
  <testcase name="repetition 4905 of 5000" classname="com.mindhub.homebanking.HomebankingApplicationTest" time="0.0"/>
  <testcase name="repetition 4906 of 5000" classname="com.mindhub.homebanking.HomebankingApplicationTest" time="0.001"/>
  <testcase name="repetition 4907 of 5000" classname="com.mindhub.homebanking.HomebankingApplicationTest" time="0.001"/>
  <testcase name="repetition 4908 of 5000" classname="com.mindhub.homebanking.HomebankingApplicationTest" time="0.0"/>
  <testcase name="repetition 4909 of 5000" classname="com.mindhub.homebanking.HomebankingApplicationTest" time="0.001"/>
  <testcase name="repetition 4910 of 5000" classname="com.mindhub.homebanking.HomebankingApplicationTest" time="0.001"/>
  <testcase name="repetition 4911 of 5000" classname="com.mindhub.homebanking.HomebankingApplicationTest" time="0.0"/>
  <testcase name="repetition 4912 of 5000" classname="com.mindhub.homebanking.HomebankingApplicationTest" time="0.001"/>
  <testcase name="repetition 4913 of 5000" classname="com.mindhub.homebanking.HomebankingApplicationTest" time="0.001"/>
  <testcase name="repetition 4914 of 5000" classname="com.mindhub.homebanking.HomebankingApplicationTest" time="0.0"/>
  <testcase name="repetition 4915 of 5000" classname="com.mindhub.homebanking.HomebankingApplicationTest" time="0.001"/>
  <testcase name="repetition 4916 of 5000" classname="com.mindhub.homebanking.HomebankingApplicationTest" time="0.0"/>
  <testcase name="repetition 4917 of 5000" classname="com.mindhub.homebanking.HomebankingApplicationTest" time="0.001"/>
  <testcase name="repetition 4918 of 5000" classname="com.mindhub.homebanking.HomebankingApplicationTest" time="0.0"/>
  <testcase name="repetition 4919 of 5000" classname="com.mindhub.homebanking.HomebankingApplicationTest" time="0.001"/>
  <testcase name="repetition 4920 of 5000" classname="com.mindhub.homebanking.HomebankingApplicationTest" time="0.0"/>
  <testcase name="repetition 4921 of 5000" classname="com.mindhub.homebanking.HomebankingApplicationTest" time="0.001"/>
  <testcase name="repetition 4922 of 5000" classname="com.mindhub.homebanking.HomebankingApplicationTest" time="0.0"/>
  <testcase name="repetition 4923 of 5000" classname="com.mindhub.homebanking.HomebankingApplicationTest" time="0.001"/>
  <testcase name="repetition 4924 of 5000" classname="com.mindhub.homebanking.HomebankingApplicationTest" time="0.001"/>
  <testcase name="repetition 4925 of 5000" classname="com.mindhub.homebanking.HomebankingApplicationTest" time="0.001"/>
  <testcase name="repetition 4926 of 5000" classname="com.mindhub.homebanking.HomebankingApplicationTest" time="0.001"/>
  <testcase name="repetition 4927 of 5000" classname="com.mindhub.homebanking.HomebankingApplicationTest" time="0.0"/>
  <testcase name="repetition 4928 of 5000" classname="com.mindhub.homebanking.HomebankingApplicationTest" time="0.001"/>
  <testcase name="repetition 4929 of 5000" classname="com.mindhub.homebanking.HomebankingApplicationTest" time="0.0"/>
  <testcase name="repetition 4930 of 5000" classname="com.mindhub.homebanking.HomebankingApplicationTest" time="0.0"/>
  <testcase name="repetition 4931 of 5000" classname="com.mindhub.homebanking.HomebankingApplicationTest" time="0.001"/>
  <testcase name="repetition 4932 of 5000" classname="com.mindhub.homebanking.HomebankingApplicationTest" time="0.0"/>
  <testcase name="repetition 4933 of 5000" classname="com.mindhub.homebanking.HomebankingApplicationTest" time="0.001"/>
  <testcase name="repetition 4934 of 5000" classname="com.mindhub.homebanking.HomebankingApplicationTest" time="0.0"/>
  <testcase name="repetition 4935 of 5000" classname="com.mindhub.homebanking.HomebankingApplicationTest" time="0.001"/>
  <testcase name="repetition 4936 of 5000" classname="com.mindhub.homebanking.HomebankingApplicationTest" time="0.0"/>
  <testcase name="repetition 4937 of 5000" classname="com.mindhub.homebanking.HomebankingApplicationTest" time="0.001"/>
  <testcase name="repetition 4938 of 5000" classname="com.mindhub.homebanking.HomebankingApplicationTest" time="0.001"/>
  <testcase name="repetition 4939 of 5000" classname="com.mindhub.homebanking.HomebankingApplicationTest" time="0.0"/>
  <testcase name="repetition 4940 of 5000" classname="com.mindhub.homebanking.HomebankingApplicationTest" time="0.001"/>
  <testcase name="repetition 4941 of 5000" classname="com.mindhub.homebanking.HomebankingApplicationTest" time="0.001"/>
  <testcase name="repetition 4942 of 5000" classname="com.mindhub.homebanking.HomebankingApplicationTest" time="0.001"/>
  <testcase name="repetition 4943 of 5000" classname="com.mindhub.homebanking.HomebankingApplicationTest" time="0.0"/>
  <testcase name="repetition 4944 of 5000" classname="com.mindhub.homebanking.HomebankingApplicationTest" time="0.001"/>
  <testcase name="repetition 4945 of 5000" classname="com.mindhub.homebanking.HomebankingApplicationTest" time="0.0"/>
  <testcase name="repetition 4946 of 5000" classname="com.mindhub.homebanking.HomebankingApplicationTest" time="0.001"/>
  <testcase name="repetition 4947 of 5000" classname="com.mindhub.homebanking.HomebankingApplicationTest" time="0.001"/>
  <testcase name="repetition 4948 of 5000" classname="com.mindhub.homebanking.HomebankingApplicationTest" time="0.001"/>
  <testcase name="repetition 4949 of 5000" classname="com.mindhub.homebanking.HomebankingApplicationTest" time="0.0"/>
  <testcase name="repetition 4950 of 5000" classname="com.mindhub.homebanking.HomebankingApplicationTest" time="0.001"/>
  <testcase name="repetition 4951 of 5000" classname="com.mindhub.homebanking.HomebankingApplicationTest" time="0.0"/>
  <testcase name="repetition 4952 of 5000" classname="com.mindhub.homebanking.HomebankingApplicationTest" time="0.001"/>
  <testcase name="repetition 4953 of 5000" classname="com.mindhub.homebanking.HomebankingApplicationTest" time="0.0"/>
  <testcase name="repetition 4954 of 5000" classname="com.mindhub.homebanking.HomebankingApplicationTest" time="0.001"/>
  <testcase name="repetition 4955 of 5000" classname="com.mindhub.homebanking.HomebankingApplicationTest" time="0.001"/>
  <testcase name="repetition 4956 of 5000" classname="com.mindhub.homebanking.HomebankingApplicationTest" time="0.001"/>
  <testcase name="repetition 4957 of 5000" classname="com.mindhub.homebanking.HomebankingApplicationTest" time="0.0"/>
  <testcase name="repetition 4958 of 5000" classname="com.mindhub.homebanking.HomebankingApplicationTest" time="0.001"/>
  <testcase name="repetition 4959 of 5000" classname="com.mindhub.homebanking.HomebankingApplicationTest" time="0.001"/>
  <testcase name="repetition 4960 of 5000" classname="com.mindhub.homebanking.HomebankingApplicationTest" time="0.002"/>
  <testcase name="repetition 4961 of 5000" classname="com.mindhub.homebanking.HomebankingApplicationTest" time="0.001"/>
  <testcase name="repetition 4962 of 5000" classname="com.mindhub.homebanking.HomebankingApplicationTest" time="0.001"/>
  <testcase name="repetition 4963 of 5000" classname="com.mindhub.homebanking.HomebankingApplicationTest" time="0.0"/>
  <testcase name="repetition 4964 of 5000" classname="com.mindhub.homebanking.HomebankingApplicationTest" time="0.0"/>
  <testcase name="repetition 4965 of 5000" classname="com.mindhub.homebanking.HomebankingApplicationTest" time="0.0"/>
  <testcase name="repetition 4966 of 5000" classname="com.mindhub.homebanking.HomebankingApplicationTest" time="0.001"/>
  <testcase name="repetition 4967 of 5000" classname="com.mindhub.homebanking.HomebankingApplicationTest" time="0.0"/>
  <testcase name="repetition 4968 of 5000" classname="com.mindhub.homebanking.HomebankingApplicationTest" time="0.001"/>
  <testcase name="repetition 4969 of 5000" classname="com.mindhub.homebanking.HomebankingApplicationTest" time="0.0"/>
  <testcase name="repetition 4970 of 5000" classname="com.mindhub.homebanking.HomebankingApplicationTest" time="0.001"/>
  <testcase name="repetition 4971 of 5000" classname="com.mindhub.homebanking.HomebankingApplicationTest" time="0.0"/>
  <testcase name="repetition 4972 of 5000" classname="com.mindhub.homebanking.HomebankingApplicationTest" time="0.001"/>
  <testcase name="repetition 4973 of 5000" classname="com.mindhub.homebanking.HomebankingApplicationTest" time="0.001"/>
  <testcase name="repetition 4974 of 5000" classname="com.mindhub.homebanking.HomebankingApplicationTest" time="0.0"/>
  <testcase name="repetition 4975 of 5000" classname="com.mindhub.homebanking.HomebankingApplicationTest" time="0.0"/>
  <testcase name="repetition 4976 of 5000" classname="com.mindhub.homebanking.HomebankingApplicationTest" time="0.0"/>
  <testcase name="repetition 4977 of 5000" classname="com.mindhub.homebanking.HomebankingApplicationTest" time="0.001"/>
  <testcase name="repetition 4978 of 5000" classname="com.mindhub.homebanking.HomebankingApplicationTest" time="0.0"/>
  <testcase name="repetition 4979 of 5000" classname="com.mindhub.homebanking.HomebankingApplicationTest" time="0.0"/>
  <testcase name="repetition 4980 of 5000" classname="com.mindhub.homebanking.HomebankingApplicationTest" time="0.001"/>
  <testcase name="repetition 4981 of 5000" classname="com.mindhub.homebanking.HomebankingApplicationTest" time="0.001"/>
  <testcase name="repetition 4982 of 5000" classname="com.mindhub.homebanking.HomebankingApplicationTest" time="0.0"/>
  <testcase name="repetition 4983 of 5000" classname="com.mindhub.homebanking.HomebankingApplicationTest" time="0.001"/>
  <testcase name="repetition 4984 of 5000" classname="com.mindhub.homebanking.HomebankingApplicationTest" time="0.0"/>
  <testcase name="repetition 4985 of 5000" classname="com.mindhub.homebanking.HomebankingApplicationTest" time="0.0"/>
  <testcase name="repetition 4986 of 5000" classname="com.mindhub.homebanking.HomebankingApplicationTest" time="0.0"/>
  <testcase name="repetition 4987 of 5000" classname="com.mindhub.homebanking.HomebankingApplicationTest" time="0.001"/>
  <testcase name="repetition 4988 of 5000" classname="com.mindhub.homebanking.HomebankingApplicationTest" time="0.0"/>
  <testcase name="repetition 4989 of 5000" classname="com.mindhub.homebanking.HomebankingApplicationTest" time="0.001"/>
  <testcase name="repetition 4990 of 5000" classname="com.mindhub.homebanking.HomebankingApplicationTest" time="0.0"/>
  <testcase name="repetition 4991 of 5000" classname="com.mindhub.homebanking.HomebankingApplicationTest" time="0.0"/>
  <testcase name="repetition 4992 of 5000" classname="com.mindhub.homebanking.HomebankingApplicationTest" time="0.0"/>
  <testcase name="repetition 4993 of 5000" classname="com.mindhub.homebanking.HomebankingApplicationTest" time="0.001"/>
  <testcase name="repetition 4994 of 5000" classname="com.mindhub.homebanking.HomebankingApplicationTest" time="0.001"/>
  <testcase name="repetition 4995 of 5000" classname="com.mindhub.homebanking.HomebankingApplicationTest" time="0.0"/>
  <testcase name="repetition 4996 of 5000" classname="com.mindhub.homebanking.HomebankingApplicationTest" time="0.0"/>
  <testcase name="repetition 4997 of 5000" classname="com.mindhub.homebanking.HomebankingApplicationTest" time="0.0"/>
  <testcase name="repetition 4998 of 5000" classname="com.mindhub.homebanking.HomebankingApplicationTest" time="0.001"/>
  <testcase name="repetition 4999 of 5000" classname="com.mindhub.homebanking.HomebankingApplicationTest" time="0.0"/>
  <testcase name="repetition 5000 of 5000" classname="com.mindhub.homebanking.HomebankingApplicationTest" time="0.001"/>
  <testcase name="repetition 1 of 5000" classname="com.mindhub.homebanking.HomebankingApplicationTest" time="0.005"/>
  <testcase name="repetition 2 of 5000" classname="com.mindhub.homebanking.HomebankingApplicationTest" time="0.002"/>
  <testcase name="repetition 3 of 5000" classname="com.mindhub.homebanking.HomebankingApplicationTest" time="0.002"/>
  <testcase name="repetition 4 of 5000" classname="com.mindhub.homebanking.HomebankingApplicationTest" time="0.003"/>
  <testcase name="repetition 5 of 5000" classname="com.mindhub.homebanking.HomebankingApplicationTest" time="0.003"/>
  <testcase name="repetition 6 of 5000" classname="com.mindhub.homebanking.HomebankingApplicationTest" time="0.002"/>
  <testcase name="repetition 7 of 5000" classname="com.mindhub.homebanking.HomebankingApplicationTest" time="0.002"/>
  <testcase name="repetition 8 of 5000" classname="com.mindhub.homebanking.HomebankingApplicationTest" time="0.003"/>
  <testcase name="repetition 9 of 5000" classname="com.mindhub.homebanking.HomebankingApplicationTest" time="0.001"/>
  <testcase name="repetition 10 of 5000" classname="com.mindhub.homebanking.HomebankingApplicationTest" time="0.002"/>
  <testcase name="repetition 11 of 5000" classname="com.mindhub.homebanking.HomebankingApplicationTest" time="0.001"/>
  <testcase name="repetition 12 of 5000" classname="com.mindhub.homebanking.HomebankingApplicationTest" time="0.002"/>
  <testcase name="repetition 13 of 5000" classname="com.mindhub.homebanking.HomebankingApplicationTest" time="0.001"/>
  <testcase name="repetition 14 of 5000" classname="com.mindhub.homebanking.HomebankingApplicationTest" time="0.001"/>
  <testcase name="repetition 15 of 5000" classname="com.mindhub.homebanking.HomebankingApplicationTest" time="0.002"/>
  <testcase name="repetition 16 of 5000" classname="com.mindhub.homebanking.HomebankingApplicationTest" time="0.003"/>
  <testcase name="repetition 17 of 5000" classname="com.mindhub.homebanking.HomebankingApplicationTest" time="0.002"/>
  <testcase name="repetition 18 of 5000" classname="com.mindhub.homebanking.HomebankingApplicationTest" time="0.002"/>
  <testcase name="repetition 19 of 5000" classname="com.mindhub.homebanking.HomebankingApplicationTest" time="0.001"/>
  <testcase name="repetition 20 of 5000" classname="com.mindhub.homebanking.HomebankingApplicationTest" time="0.002"/>
  <testcase name="repetition 21 of 5000" classname="com.mindhub.homebanking.HomebankingApplicationTest" time="0.002"/>
  <testcase name="repetition 22 of 5000" classname="com.mindhub.homebanking.HomebankingApplicationTest" time="0.002"/>
  <testcase name="repetition 23 of 5000" classname="com.mindhub.homebanking.HomebankingApplicationTest" time="0.002"/>
  <testcase name="repetition 24 of 5000" classname="com.mindhub.homebanking.HomebankingApplicationTest" time="0.001"/>
  <testcase name="repetition 25 of 5000" classname="com.mindhub.homebanking.HomebankingApplicationTest" time="0.001"/>
  <testcase name="repetition 26 of 5000" classname="com.mindhub.homebanking.HomebankingApplicationTest" time="0.001"/>
  <testcase name="repetition 27 of 5000" classname="com.mindhub.homebanking.HomebankingApplicationTest" time="0.002"/>
  <testcase name="repetition 28 of 5000" classname="com.mindhub.homebanking.HomebankingApplicationTest" time="0.002"/>
  <testcase name="repetition 29 of 5000" classname="com.mindhub.homebanking.HomebankingApplicationTest" time="0.001"/>
  <testcase name="repetition 30 of 5000" classname="com.mindhub.homebanking.HomebankingApplicationTest" time="0.001"/>
  <testcase name="repetition 31 of 5000" classname="com.mindhub.homebanking.HomebankingApplicationTest" time="0.001"/>
  <testcase name="repetition 32 of 5000" classname="com.mindhub.homebanking.HomebankingApplicationTest" time="0.001"/>
  <testcase name="repetition 33 of 5000" classname="com.mindhub.homebanking.HomebankingApplicationTest" time="0.002"/>
  <testcase name="repetition 34 of 5000" classname="com.mindhub.homebanking.HomebankingApplicationTest" time="0.002"/>
  <testcase name="repetition 35 of 5000" classname="com.mindhub.homebanking.HomebankingApplicationTest" time="0.001"/>
  <testcase name="repetition 36 of 5000" classname="com.mindhub.homebanking.HomebankingApplicationTest" time="0.001"/>
  <testcase name="repetition 37 of 5000" classname="com.mindhub.homebanking.HomebankingApplicationTest" time="0.002"/>
  <testcase name="repetition 38 of 5000" classname="com.mindhub.homebanking.HomebankingApplicationTest" time="0.001"/>
  <testcase name="repetition 39 of 5000" classname="com.mindhub.homebanking.HomebankingApplicationTest" time="0.001"/>
  <testcase name="repetition 40 of 5000" classname="com.mindhub.homebanking.HomebankingApplicationTest" time="0.0"/>
  <testcase name="repetition 41 of 5000" classname="com.mindhub.homebanking.HomebankingApplicationTest" time="0.0"/>
  <testcase name="repetition 42 of 5000" classname="com.mindhub.homebanking.HomebankingApplicationTest" time="0.001"/>
  <testcase name="repetition 43 of 5000" classname="com.mindhub.homebanking.HomebankingApplicationTest" time="0.001"/>
  <testcase name="repetition 44 of 5000" classname="com.mindhub.homebanking.HomebankingApplicationTest" time="0.0"/>
  <testcase name="repetition 45 of 5000" classname="com.mindhub.homebanking.HomebankingApplicationTest" time="0.0"/>
  <testcase name="repetition 46 of 5000" classname="com.mindhub.homebanking.HomebankingApplicationTest" time="0.001"/>
  <testcase name="repetition 47 of 5000" classname="com.mindhub.homebanking.HomebankingApplicationTest" time="0.0"/>
  <testcase name="repetition 48 of 5000" classname="com.mindhub.homebanking.HomebankingApplicationTest" time="0.0"/>
  <testcase name="repetition 49 of 5000" classname="com.mindhub.homebanking.HomebankingApplicationTest" time="0.001"/>
  <testcase name="repetition 50 of 5000" classname="com.mindhub.homebanking.HomebankingApplicationTest" time="0.001"/>
  <testcase name="repetition 51 of 5000" classname="com.mindhub.homebanking.HomebankingApplicationTest" time="0.002"/>
  <testcase name="repetition 52 of 5000" classname="com.mindhub.homebanking.HomebankingApplicationTest" time="0.002"/>
  <testcase name="repetition 53 of 5000" classname="com.mindhub.homebanking.HomebankingApplicationTest" time="0.001"/>
  <testcase name="repetition 54 of 5000" classname="com.mindhub.homebanking.HomebankingApplicationTest" time="0.001"/>
  <testcase name="repetition 55 of 5000" classname="com.mindhub.homebanking.HomebankingApplicationTest" time="0.003"/>
  <testcase name="repetition 56 of 5000" classname="com.mindhub.homebanking.HomebankingApplicationTest" time="0.002"/>
  <testcase name="repetition 57 of 5000" classname="com.mindhub.homebanking.HomebankingApplicationTest" time="0.007"/>
  <testcase name="repetition 58 of 5000" classname="com.mindhub.homebanking.HomebankingApplicationTest" time="0.001"/>
  <testcase name="repetition 59 of 5000" classname="com.mindhub.homebanking.HomebankingApplicationTest" time="0.001"/>
  <testcase name="repetition 60 of 5000" classname="com.mindhub.homebanking.HomebankingApplicationTest" time="0.001"/>
  <testcase name="repetition 61 of 5000" classname="com.mindhub.homebanking.HomebankingApplicationTest" time="0.001"/>
  <testcase name="repetition 62 of 5000" classname="com.mindhub.homebanking.HomebankingApplicationTest" time="0.001"/>
  <testcase name="repetition 63 of 5000" classname="com.mindhub.homebanking.HomebankingApplicationTest" time="0.001"/>
  <testcase name="repetition 64 of 5000" classname="com.mindhub.homebanking.HomebankingApplicationTest" time="0.002"/>
  <testcase name="repetition 65 of 5000" classname="com.mindhub.homebanking.HomebankingApplicationTest" time="0.003"/>
  <testcase name="repetition 66 of 5000" classname="com.mindhub.homebanking.HomebankingApplicationTest" time="0.002"/>
  <testcase name="repetition 67 of 5000" classname="com.mindhub.homebanking.HomebankingApplicationTest" time="0.001"/>
  <testcase name="repetition 68 of 5000" classname="com.mindhub.homebanking.HomebankingApplicationTest" time="0.001"/>
  <testcase name="repetition 69 of 5000" classname="com.mindhub.homebanking.HomebankingApplicationTest" time="0.001"/>
  <testcase name="repetition 70 of 5000" classname="com.mindhub.homebanking.HomebankingApplicationTest" time="0.001"/>
  <testcase name="repetition 71 of 5000" classname="com.mindhub.homebanking.HomebankingApplicationTest" time="0.002"/>
  <testcase name="repetition 72 of 5000" classname="com.mindhub.homebanking.HomebankingApplicationTest" time="0.003"/>
  <testcase name="repetition 73 of 5000" classname="com.mindhub.homebanking.HomebankingApplicationTest" time="0.002"/>
  <testcase name="repetition 74 of 5000" classname="com.mindhub.homebanking.HomebankingApplicationTest" time="0.001"/>
  <testcase name="repetition 75 of 5000" classname="com.mindhub.homebanking.HomebankingApplicationTest" time="0.001"/>
  <testcase name="repetition 76 of 5000" classname="com.mindhub.homebanking.HomebankingApplicationTest" time="0.001"/>
  <testcase name="repetition 77 of 5000" classname="com.mindhub.homebanking.HomebankingApplicationTest" time="0.002"/>
  <testcase name="repetition 78 of 5000" classname="com.mindhub.homebanking.HomebankingApplicationTest" time="0.002"/>
  <testcase name="repetition 79 of 5000" classname="com.mindhub.homebanking.HomebankingApplicationTest" time="0.001"/>
  <testcase name="repetition 80 of 5000" classname="com.mindhub.homebanking.HomebankingApplicationTest" time="0.001"/>
  <testcase name="repetition 81 of 5000" classname="com.mindhub.homebanking.HomebankingApplicationTest" time="0.001"/>
  <testcase name="repetition 82 of 5000" classname="com.mindhub.homebanking.HomebankingApplicationTest" time="0.001"/>
  <testcase name="repetition 83 of 5000" classname="com.mindhub.homebanking.HomebankingApplicationTest" time="0.001"/>
  <testcase name="repetition 84 of 5000" classname="com.mindhub.homebanking.HomebankingApplicationTest" time="0.002"/>
  <testcase name="repetition 85 of 5000" classname="com.mindhub.homebanking.HomebankingApplicationTest" time="0.001"/>
  <testcase name="repetition 86 of 5000" classname="com.mindhub.homebanking.HomebankingApplicationTest" time="0.002"/>
  <testcase name="repetition 87 of 5000" classname="com.mindhub.homebanking.HomebankingApplicationTest" time="0.002"/>
  <testcase name="repetition 88 of 5000" classname="com.mindhub.homebanking.HomebankingApplicationTest" time="0.002"/>
  <testcase name="repetition 89 of 5000" classname="com.mindhub.homebanking.HomebankingApplicationTest" time="0.002"/>
  <testcase name="repetition 90 of 5000" classname="com.mindhub.homebanking.HomebankingApplicationTest" time="0.002"/>
  <testcase name="repetition 91 of 5000" classname="com.mindhub.homebanking.HomebankingApplicationTest" time="0.002"/>
  <testcase name="repetition 92 of 5000" classname="com.mindhub.homebanking.HomebankingApplicationTest" time="0.002"/>
  <testcase name="repetition 93 of 5000" classname="com.mindhub.homebanking.HomebankingApplicationTest" time="0.001"/>
  <testcase name="repetition 94 of 5000" classname="com.mindhub.homebanking.HomebankingApplicationTest" time="0.002"/>
  <testcase name="repetition 95 of 5000" classname="com.mindhub.homebanking.HomebankingApplicationTest" time="0.001"/>
  <testcase name="repetition 96 of 5000" classname="com.mindhub.homebanking.HomebankingApplicationTest" time="0.002"/>
  <testcase name="repetition 97 of 5000" classname="com.mindhub.homebanking.HomebankingApplicationTest" time="0.001"/>
  <testcase name="repetition 98 of 5000" classname="com.mindhub.homebanking.HomebankingApplicationTest" time="0.001"/>
  <testcase name="repetition 99 of 5000" classname="com.mindhub.homebanking.HomebankingApplicationTest" time="0.001"/>
  <testcase name="repetition 100 of 5000" classname="com.mindhub.homebanking.HomebankingApplicationTest" time="0.001"/>
  <testcase name="repetition 101 of 5000" classname="com.mindhub.homebanking.HomebankingApplicationTest" time="0.001"/>
  <testcase name="repetition 102 of 5000" classname="com.mindhub.homebanking.HomebankingApplicationTest" time="0.001"/>
  <testcase name="repetition 103 of 5000" classname="com.mindhub.homebanking.HomebankingApplicationTest" time="0.001"/>
  <testcase name="repetition 104 of 5000" classname="com.mindhub.homebanking.HomebankingApplicationTest" time="0.002"/>
  <testcase name="repetition 105 of 5000" classname="com.mindhub.homebanking.HomebankingApplicationTest" time="0.001"/>
  <testcase name="repetition 106 of 5000" classname="com.mindhub.homebanking.HomebankingApplicationTest" time="0.002"/>
  <testcase name="repetition 107 of 5000" classname="com.mindhub.homebanking.HomebankingApplicationTest" time="0.003"/>
  <testcase name="repetition 108 of 5000" classname="com.mindhub.homebanking.HomebankingApplicationTest" time="0.002"/>
  <testcase name="repetition 109 of 5000" classname="com.mindhub.homebanking.HomebankingApplicationTest" time="0.001"/>
  <testcase name="repetition 110 of 5000" classname="com.mindhub.homebanking.HomebankingApplicationTest" time="0.002"/>
  <testcase name="repetition 111 of 5000" classname="com.mindhub.homebanking.HomebankingApplicationTest" time="0.002"/>
  <testcase name="repetition 112 of 5000" classname="com.mindhub.homebanking.HomebankingApplicationTest" time="0.002"/>
  <testcase name="repetition 113 of 5000" classname="com.mindhub.homebanking.HomebankingApplicationTest" time="0.002"/>
  <testcase name="repetition 114 of 5000" classname="com.mindhub.homebanking.HomebankingApplicationTest" time="0.002"/>
  <testcase name="repetition 115 of 5000" classname="com.mindhub.homebanking.HomebankingApplicationTest" time="0.002"/>
  <testcase name="repetition 116 of 5000" classname="com.mindhub.homebanking.HomebankingApplicationTest" time="0.002"/>
  <testcase name="repetition 117 of 5000" classname="com.mindhub.homebanking.HomebankingApplicationTest" time="0.002"/>
  <testcase name="repetition 118 of 5000" classname="com.mindhub.homebanking.HomebankingApplicationTest" time="0.002"/>
  <testcase name="repetition 119 of 5000" classname="com.mindhub.homebanking.HomebankingApplicationTest" time="0.003"/>
  <testcase name="repetition 120 of 5000" classname="com.mindhub.homebanking.HomebankingApplicationTest" time="0.003"/>
  <testcase name="repetition 121 of 5000" classname="com.mindhub.homebanking.HomebankingApplicationTest" time="0.002"/>
  <testcase name="repetition 122 of 5000" classname="com.mindhub.homebanking.HomebankingApplicationTest" time="0.002"/>
  <testcase name="repetition 123 of 5000" classname="com.mindhub.homebanking.HomebankingApplicationTest" time="0.001"/>
  <testcase name="repetition 124 of 5000" classname="com.mindhub.homebanking.HomebankingApplicationTest" time="0.001"/>
  <testcase name="repetition 125 of 5000" classname="com.mindhub.homebanking.HomebankingApplicationTest" time="0.001"/>
  <testcase name="repetition 126 of 5000" classname="com.mindhub.homebanking.HomebankingApplicationTest" time="0.001"/>
  <testcase name="repetition 127 of 5000" classname="com.mindhub.homebanking.HomebankingApplicationTest" time="0.002"/>
  <testcase name="repetition 128 of 5000" classname="com.mindhub.homebanking.HomebankingApplicationTest" time="0.002"/>
  <testcase name="repetition 129 of 5000" classname="com.mindhub.homebanking.HomebankingApplicationTest" time="0.002"/>
  <testcase name="repetition 130 of 5000" classname="com.mindhub.homebanking.HomebankingApplicationTest" time="0.002"/>
  <testcase name="repetition 131 of 5000" classname="com.mindhub.homebanking.HomebankingApplicationTest" time="0.001"/>
  <testcase name="repetition 132 of 5000" classname="com.mindhub.homebanking.HomebankingApplicationTest" time="0.001"/>
  <testcase name="repetition 133 of 5000" classname="com.mindhub.homebanking.HomebankingApplicationTest" time="0.001"/>
  <testcase name="repetition 134 of 5000" classname="com.mindhub.homebanking.HomebankingApplicationTest" time="0.001"/>
  <testcase name="repetition 135 of 5000" classname="com.mindhub.homebanking.HomebankingApplicationTest" time="0.002"/>
  <testcase name="repetition 136 of 5000" classname="com.mindhub.homebanking.HomebankingApplicationTest" time="0.002"/>
  <testcase name="repetition 137 of 5000" classname="com.mindhub.homebanking.HomebankingApplicationTest" time="0.002"/>
  <testcase name="repetition 138 of 5000" classname="com.mindhub.homebanking.HomebankingApplicationTest" time="0.001"/>
  <testcase name="repetition 139 of 5000" classname="com.mindhub.homebanking.HomebankingApplicationTest" time="0.001"/>
  <testcase name="repetition 140 of 5000" classname="com.mindhub.homebanking.HomebankingApplicationTest" time="0.002"/>
  <testcase name="repetition 141 of 5000" classname="com.mindhub.homebanking.HomebankingApplicationTest" time="0.002"/>
  <testcase name="repetition 142 of 5000" classname="com.mindhub.homebanking.HomebankingApplicationTest" time="0.001"/>
  <testcase name="repetition 143 of 5000" classname="com.mindhub.homebanking.HomebankingApplicationTest" time="0.001"/>
  <testcase name="repetition 144 of 5000" classname="com.mindhub.homebanking.HomebankingApplicationTest" time="0.001"/>
  <testcase name="repetition 145 of 5000" classname="com.mindhub.homebanking.HomebankingApplicationTest" time="0.001"/>
  <testcase name="repetition 146 of 5000" classname="com.mindhub.homebanking.HomebankingApplicationTest" time="0.001"/>
  <testcase name="repetition 147 of 5000" classname="com.mindhub.homebanking.HomebankingApplicationTest" time="0.002"/>
  <testcase name="repetition 148 of 5000" classname="com.mindhub.homebanking.HomebankingApplicationTest" time="0.002"/>
  <testcase name="repetition 149 of 5000" classname="com.mindhub.homebanking.HomebankingApplicationTest" time="0.002"/>
  <testcase name="repetition 150 of 5000" classname="com.mindhub.homebanking.HomebankingApplicationTest" time="0.005"/>
  <testcase name="repetition 151 of 5000" classname="com.mindhub.homebanking.HomebankingApplicationTest" time="0.002"/>
  <testcase name="repetition 152 of 5000" classname="com.mindhub.homebanking.HomebankingApplicationTest" time="0.001"/>
  <testcase name="repetition 153 of 5000" classname="com.mindhub.homebanking.HomebankingApplicationTest" time="0.001"/>
  <testcase name="repetition 154 of 5000" classname="com.mindhub.homebanking.HomebankingApplicationTest" time="0.001"/>
  <testcase name="repetition 155 of 5000" classname="com.mindhub.homebanking.HomebankingApplicationTest" time="0.002"/>
  <testcase name="repetition 156 of 5000" classname="com.mindhub.homebanking.HomebankingApplicationTest" time="0.001"/>
  <testcase name="repetition 157 of 5000" classname="com.mindhub.homebanking.HomebankingApplicationTest" time="0.001"/>
  <testcase name="repetition 158 of 5000" classname="com.mindhub.homebanking.HomebankingApplicationTest" time="0.002"/>
  <testcase name="repetition 159 of 5000" classname="com.mindhub.homebanking.HomebankingApplicationTest" time="0.002"/>
  <testcase name="repetition 160 of 5000" classname="com.mindhub.homebanking.HomebankingApplicationTest" time="0.001"/>
  <testcase name="repetition 161 of 5000" classname="com.mindhub.homebanking.HomebankingApplicationTest" time="0.001"/>
  <testcase name="repetition 162 of 5000" classname="com.mindhub.homebanking.HomebankingApplicationTest" time="0.001"/>
  <testcase name="repetition 163 of 5000" classname="com.mindhub.homebanking.HomebankingApplicationTest" time="0.001"/>
  <testcase name="repetition 164 of 5000" classname="com.mindhub.homebanking.HomebankingApplicationTest" time="0.001"/>
  <testcase name="repetition 165 of 5000" classname="com.mindhub.homebanking.HomebankingApplicationTest" time="0.002"/>
  <testcase name="repetition 166 of 5000" classname="com.mindhub.homebanking.HomebankingApplicationTest" time="0.003"/>
  <testcase name="repetition 167 of 5000" classname="com.mindhub.homebanking.HomebankingApplicationTest" time="0.002"/>
  <testcase name="repetition 168 of 5000" classname="com.mindhub.homebanking.HomebankingApplicationTest" time="0.002"/>
  <testcase name="repetition 169 of 5000" classname="com.mindhub.homebanking.HomebankingApplicationTest" time="0.001"/>
  <testcase name="repetition 170 of 5000" classname="com.mindhub.homebanking.HomebankingApplicationTest" time="0.001"/>
  <testcase name="repetition 171 of 5000" classname="com.mindhub.homebanking.HomebankingApplicationTest" time="0.002"/>
  <testcase name="repetition 172 of 5000" classname="com.mindhub.homebanking.HomebankingApplicationTest" time="0.002"/>
  <testcase name="repetition 173 of 5000" classname="com.mindhub.homebanking.HomebankingApplicationTest" time="0.002"/>
  <testcase name="repetition 174 of 5000" classname="com.mindhub.homebanking.HomebankingApplicationTest" time="0.002"/>
  <testcase name="repetition 175 of 5000" classname="com.mindhub.homebanking.HomebankingApplicationTest" time="0.001"/>
  <testcase name="repetition 176 of 5000" classname="com.mindhub.homebanking.HomebankingApplicationTest" time="0.001"/>
  <testcase name="repetition 177 of 5000" classname="com.mindhub.homebanking.HomebankingApplicationTest" time="0.001"/>
  <testcase name="repetition 178 of 5000" classname="com.mindhub.homebanking.HomebankingApplicationTest" time="0.001"/>
  <testcase name="repetition 179 of 5000" classname="com.mindhub.homebanking.HomebankingApplicationTest" time="0.002"/>
  <testcase name="repetition 180 of 5000" classname="com.mindhub.homebanking.HomebankingApplicationTest" time="0.002"/>
  <testcase name="repetition 181 of 5000" classname="com.mindhub.homebanking.HomebankingApplicationTest" time="0.001"/>
  <testcase name="repetition 182 of 5000" classname="com.mindhub.homebanking.HomebankingApplicationTest" time="0.003"/>
  <testcase name="repetition 183 of 5000" classname="com.mindhub.homebanking.HomebankingApplicationTest" time="0.002"/>
  <testcase name="repetition 184 of 5000" classname="com.mindhub.homebanking.HomebankingApplicationTest" time="0.002"/>
  <testcase name="repetition 185 of 5000" classname="com.mindhub.homebanking.HomebankingApplicationTest" time="0.002"/>
  <testcase name="repetition 186 of 5000" classname="com.mindhub.homebanking.HomebankingApplicationTest" time="0.002"/>
  <testcase name="repetition 187 of 5000" classname="com.mindhub.homebanking.HomebankingApplicationTest" time="0.001"/>
  <testcase name="repetition 188 of 5000" classname="com.mindhub.homebanking.HomebankingApplicationTest" time="0.001"/>
  <testcase name="repetition 189 of 5000" classname="com.mindhub.homebanking.HomebankingApplicationTest" time="0.002"/>
  <testcase name="repetition 190 of 5000" classname="com.mindhub.homebanking.HomebankingApplicationTest" time="0.001"/>
  <testcase name="repetition 191 of 5000" classname="com.mindhub.homebanking.HomebankingApplicationTest" time="0.001"/>
  <testcase name="repetition 192 of 5000" classname="com.mindhub.homebanking.HomebankingApplicationTest" time="0.001"/>
  <testcase name="repetition 193 of 5000" classname="com.mindhub.homebanking.HomebankingApplicationTest" time="0.001"/>
  <testcase name="repetition 194 of 5000" classname="com.mindhub.homebanking.HomebankingApplicationTest" time="0.001"/>
  <testcase name="repetition 195 of 5000" classname="com.mindhub.homebanking.HomebankingApplicationTest" time="0.001"/>
  <testcase name="repetition 196 of 5000" classname="com.mindhub.homebanking.HomebankingApplicationTest" time="0.001"/>
  <testcase name="repetition 197 of 5000" classname="com.mindhub.homebanking.HomebankingApplicationTest" time="0.002"/>
  <testcase name="repetition 198 of 5000" classname="com.mindhub.homebanking.HomebankingApplicationTest" time="0.002"/>
  <testcase name="repetition 199 of 5000" classname="com.mindhub.homebanking.HomebankingApplicationTest" time="0.002"/>
  <testcase name="repetition 200 of 5000" classname="com.mindhub.homebanking.HomebankingApplicationTest" time="0.001"/>
  <testcase name="repetition 201 of 5000" classname="com.mindhub.homebanking.HomebankingApplicationTest" time="0.001"/>
  <testcase name="repetition 202 of 5000" classname="com.mindhub.homebanking.HomebankingApplicationTest" time="0.001"/>
  <testcase name="repetition 203 of 5000" classname="com.mindhub.homebanking.HomebankingApplicationTest" time="0.001"/>
  <testcase name="repetition 204 of 5000" classname="com.mindhub.homebanking.HomebankingApplicationTest" time="0.0"/>
  <testcase name="repetition 205 of 5000" classname="com.mindhub.homebanking.HomebankingApplicationTest" time="0.0"/>
  <testcase name="repetition 206 of 5000" classname="com.mindhub.homebanking.HomebankingApplicationTest" time="0.001"/>
  <testcase name="repetition 207 of 5000" classname="com.mindhub.homebanking.HomebankingApplicationTest" time="0.001"/>
  <testcase name="repetition 208 of 5000" classname="com.mindhub.homebanking.HomebankingApplicationTest" time="0.0"/>
  <testcase name="repetition 209 of 5000" classname="com.mindhub.homebanking.HomebankingApplicationTest" time="0.003"/>
  <testcase name="repetition 210 of 5000" classname="com.mindhub.homebanking.HomebankingApplicationTest" time="0.002"/>
  <testcase name="repetition 211 of 5000" classname="com.mindhub.homebanking.HomebankingApplicationTest" time="0.001"/>
  <testcase name="repetition 212 of 5000" classname="com.mindhub.homebanking.HomebankingApplicationTest" time="0.0"/>
  <testcase name="repetition 213 of 5000" classname="com.mindhub.homebanking.HomebankingApplicationTest" time="0.0"/>
  <testcase name="repetition 214 of 5000" classname="com.mindhub.homebanking.HomebankingApplicationTest" time="0.0"/>
  <testcase name="repetition 215 of 5000" classname="com.mindhub.homebanking.HomebankingApplicationTest" time="0.001"/>
  <testcase name="repetition 216 of 5000" classname="com.mindhub.homebanking.HomebankingApplicationTest" time="0.0"/>
  <testcase name="repetition 217 of 5000" classname="com.mindhub.homebanking.HomebankingApplicationTest" time="0.001"/>
  <testcase name="repetition 218 of 5000" classname="com.mindhub.homebanking.HomebankingApplicationTest" time="0.001"/>
  <testcase name="repetition 219 of 5000" classname="com.mindhub.homebanking.HomebankingApplicationTest" time="0.001"/>
  <testcase name="repetition 220 of 5000" classname="com.mindhub.homebanking.HomebankingApplicationTest" time="0.001"/>
  <testcase name="repetition 221 of 5000" classname="com.mindhub.homebanking.HomebankingApplicationTest" time="0.001"/>
  <testcase name="repetition 222 of 5000" classname="com.mindhub.homebanking.HomebankingApplicationTest" time="0.0"/>
  <testcase name="repetition 223 of 5000" classname="com.mindhub.homebanking.HomebankingApplicationTest" time="0.0"/>
  <testcase name="repetition 224 of 5000" classname="com.mindhub.homebanking.HomebankingApplicationTest" time="0.0"/>
  <testcase name="repetition 225 of 5000" classname="com.mindhub.homebanking.HomebankingApplicationTest" time="0.001"/>
  <testcase name="repetition 226 of 5000" classname="com.mindhub.homebanking.HomebankingApplicationTest" time="0.0"/>
  <testcase name="repetition 227 of 5000" classname="com.mindhub.homebanking.HomebankingApplicationTest" time="0.0"/>
  <testcase name="repetition 228 of 5000" classname="com.mindhub.homebanking.HomebankingApplicationTest" time="0.001"/>
  <testcase name="repetition 229 of 5000" classname="com.mindhub.homebanking.HomebankingApplicationTest" time="0.001"/>
  <testcase name="repetition 230 of 5000" classname="com.mindhub.homebanking.HomebankingApplicationTest" time="0.001"/>
  <testcase name="repetition 231 of 5000" classname="com.mindhub.homebanking.HomebankingApplicationTest" time="0.001"/>
  <testcase name="repetition 232 of 5000" classname="com.mindhub.homebanking.HomebankingApplicationTest" time="0.001"/>
  <testcase name="repetition 233 of 5000" classname="com.mindhub.homebanking.HomebankingApplicationTest" time="0.001"/>
  <testcase name="repetition 234 of 5000" classname="com.mindhub.homebanking.HomebankingApplicationTest" time="0.001"/>
  <testcase name="repetition 235 of 5000" classname="com.mindhub.homebanking.HomebankingApplicationTest" time="0.001"/>
  <testcase name="repetition 236 of 5000" classname="com.mindhub.homebanking.HomebankingApplicationTest" time="0.001"/>
  <testcase name="repetition 237 of 5000" classname="com.mindhub.homebanking.HomebankingApplicationTest" time="0.001"/>
  <testcase name="repetition 238 of 5000" classname="com.mindhub.homebanking.HomebankingApplicationTest" time="0.001"/>
  <testcase name="repetition 239 of 5000" classname="com.mindhub.homebanking.HomebankingApplicationTest" time="0.001"/>
  <testcase name="repetition 240 of 5000" classname="com.mindhub.homebanking.HomebankingApplicationTest" time="0.001"/>
  <testcase name="repetition 241 of 5000" classname="com.mindhub.homebanking.HomebankingApplicationTest" time="0.001"/>
  <testcase name="repetition 242 of 5000" classname="com.mindhub.homebanking.HomebankingApplicationTest" time="0.001"/>
  <testcase name="repetition 243 of 5000" classname="com.mindhub.homebanking.HomebankingApplicationTest" time="0.001"/>
  <testcase name="repetition 244 of 5000" classname="com.mindhub.homebanking.HomebankingApplicationTest" time="0.0"/>
  <testcase name="repetition 245 of 5000" classname="com.mindhub.homebanking.HomebankingApplicationTest" time="0.0"/>
  <testcase name="repetition 246 of 5000" classname="com.mindhub.homebanking.HomebankingApplicationTest" time="0.001"/>
  <testcase name="repetition 247 of 5000" classname="com.mindhub.homebanking.HomebankingApplicationTest" time="0.001"/>
  <testcase name="repetition 248 of 5000" classname="com.mindhub.homebanking.HomebankingApplicationTest" time="0.0"/>
  <testcase name="repetition 249 of 5000" classname="com.mindhub.homebanking.HomebankingApplicationTest" time="0.001"/>
  <testcase name="repetition 250 of 5000" classname="com.mindhub.homebanking.HomebankingApplicationTest" time="0.0"/>
  <testcase name="repetition 251 of 5000" classname="com.mindhub.homebanking.HomebankingApplicationTest" time="0.001"/>
  <testcase name="repetition 252 of 5000" classname="com.mindhub.homebanking.HomebankingApplicationTest" time="0.001"/>
  <testcase name="repetition 253 of 5000" classname="com.mindhub.homebanking.HomebankingApplicationTest" time="0.0"/>
  <testcase name="repetition 254 of 5000" classname="com.mindhub.homebanking.HomebankingApplicationTest" time="0.001"/>
  <testcase name="repetition 255 of 5000" classname="com.mindhub.homebanking.HomebankingApplicationTest" time="0.001"/>
  <testcase name="repetition 256 of 5000" classname="com.mindhub.homebanking.HomebankingApplicationTest" time="0.0"/>
  <testcase name="repetition 257 of 5000" classname="com.mindhub.homebanking.HomebankingApplicationTest" time="0.001"/>
  <testcase name="repetition 258 of 5000" classname="com.mindhub.homebanking.HomebankingApplicationTest" time="0.0"/>
  <testcase name="repetition 259 of 5000" classname="com.mindhub.homebanking.HomebankingApplicationTest" time="0.001"/>
  <testcase name="repetition 260 of 5000" classname="com.mindhub.homebanking.HomebankingApplicationTest" time="0.001"/>
  <testcase name="repetition 261 of 5000" classname="com.mindhub.homebanking.HomebankingApplicationTest" time="0.001"/>
  <testcase name="repetition 262 of 5000" classname="com.mindhub.homebanking.HomebankingApplicationTest" time="0.001"/>
  <testcase name="repetition 263 of 5000" classname="com.mindhub.homebanking.HomebankingApplicationTest" time="0.001"/>
  <testcase name="repetition 264 of 5000" classname="com.mindhub.homebanking.HomebankingApplicationTest" time="0.0"/>
  <testcase name="repetition 265 of 5000" classname="com.mindhub.homebanking.HomebankingApplicationTest" time="0.0"/>
  <testcase name="repetition 266 of 5000" classname="com.mindhub.homebanking.HomebankingApplicationTest" time="0.0"/>
  <testcase name="repetition 267 of 5000" classname="com.mindhub.homebanking.HomebankingApplicationTest" time="0.001"/>
  <testcase name="repetition 268 of 5000" classname="com.mindhub.homebanking.HomebankingApplicationTest" time="0.0"/>
  <testcase name="repetition 269 of 5000" classname="com.mindhub.homebanking.HomebankingApplicationTest" time="0.001"/>
  <testcase name="repetition 270 of 5000" classname="com.mindhub.homebanking.HomebankingApplicationTest" time="0.001"/>
  <testcase name="repetition 271 of 5000" classname="com.mindhub.homebanking.HomebankingApplicationTest" time="0.0"/>
  <testcase name="repetition 272 of 5000" classname="com.mindhub.homebanking.HomebankingApplicationTest" time="0.001"/>
  <testcase name="repetition 273 of 5000" classname="com.mindhub.homebanking.HomebankingApplicationTest" time="0.0"/>
  <testcase name="repetition 274 of 5000" classname="com.mindhub.homebanking.HomebankingApplicationTest" time="0.001"/>
  <testcase name="repetition 275 of 5000" classname="com.mindhub.homebanking.HomebankingApplicationTest" time="0.0"/>
  <testcase name="repetition 276 of 5000" classname="com.mindhub.homebanking.HomebankingApplicationTest" time="0.001"/>
  <testcase name="repetition 277 of 5000" classname="com.mindhub.homebanking.HomebankingApplicationTest" time="0.0"/>
  <testcase name="repetition 278 of 5000" classname="com.mindhub.homebanking.HomebankingApplicationTest" time="0.001"/>
  <testcase name="repetition 279 of 5000" classname="com.mindhub.homebanking.HomebankingApplicationTest" time="0.0"/>
  <testcase name="repetition 280 of 5000" classname="com.mindhub.homebanking.HomebankingApplicationTest" time="0.001"/>
  <testcase name="repetition 281 of 5000" classname="com.mindhub.homebanking.HomebankingApplicationTest" time="0.001"/>
  <testcase name="repetition 282 of 5000" classname="com.mindhub.homebanking.HomebankingApplicationTest" time="0.001"/>
  <testcase name="repetition 283 of 5000" classname="com.mindhub.homebanking.HomebankingApplicationTest" time="0.001"/>
  <testcase name="repetition 284 of 5000" classname="com.mindhub.homebanking.HomebankingApplicationTest" time="0.0"/>
  <testcase name="repetition 285 of 5000" classname="com.mindhub.homebanking.HomebankingApplicationTest" time="0.001"/>
  <testcase name="repetition 286 of 5000" classname="com.mindhub.homebanking.HomebankingApplicationTest" time="0.0"/>
  <testcase name="repetition 287 of 5000" classname="com.mindhub.homebanking.HomebankingApplicationTest" time="0.0"/>
  <testcase name="repetition 288 of 5000" classname="com.mindhub.homebanking.HomebankingApplicationTest" time="0.001"/>
  <testcase name="repetition 289 of 5000" classname="com.mindhub.homebanking.HomebankingApplicationTest" time="0.0"/>
  <testcase name="repetition 290 of 5000" classname="com.mindhub.homebanking.HomebankingApplicationTest" time="0.0"/>
  <testcase name="repetition 291 of 5000" classname="com.mindhub.homebanking.HomebankingApplicationTest" time="0.0"/>
  <testcase name="repetition 292 of 5000" classname="com.mindhub.homebanking.HomebankingApplicationTest" time="0.0"/>
  <testcase name="repetition 293 of 5000" classname="com.mindhub.homebanking.HomebankingApplicationTest" time="0.0"/>
  <testcase name="repetition 294 of 5000" classname="com.mindhub.homebanking.HomebankingApplicationTest" time="0.001"/>
  <testcase name="repetition 295 of 5000" classname="com.mindhub.homebanking.HomebankingApplicationTest" time="0.0"/>
  <testcase name="repetition 296 of 5000" classname="com.mindhub.homebanking.HomebankingApplicationTest" time="0.001"/>
  <testcase name="repetition 297 of 5000" classname="com.mindhub.homebanking.HomebankingApplicationTest" time="0.0"/>
  <testcase name="repetition 298 of 5000" classname="com.mindhub.homebanking.HomebankingApplicationTest" time="0.001"/>
  <testcase name="repetition 299 of 5000" classname="com.mindhub.homebanking.HomebankingApplicationTest" time="0.0"/>
  <testcase name="repetition 300 of 5000" classname="com.mindhub.homebanking.HomebankingApplicationTest" time="0.001"/>
  <testcase name="repetition 301 of 5000" classname="com.mindhub.homebanking.HomebankingApplicationTest" time="0.0"/>
  <testcase name="repetition 302 of 5000" classname="com.mindhub.homebanking.HomebankingApplicationTest" time="0.001"/>
  <testcase name="repetition 303 of 5000" classname="com.mindhub.homebanking.HomebankingApplicationTest" time="0.0"/>
  <testcase name="repetition 304 of 5000" classname="com.mindhub.homebanking.HomebankingApplicationTest" time="0.001"/>
  <testcase name="repetition 305 of 5000" classname="com.mindhub.homebanking.HomebankingApplicationTest" time="0.0"/>
  <testcase name="repetition 306 of 5000" classname="com.mindhub.homebanking.HomebankingApplicationTest" time="0.0"/>
  <testcase name="repetition 307 of 5000" classname="com.mindhub.homebanking.HomebankingApplicationTest" time="0.001"/>
  <testcase name="repetition 308 of 5000" classname="com.mindhub.homebanking.HomebankingApplicationTest" time="0.0"/>
  <testcase name="repetition 309 of 5000" classname="com.mindhub.homebanking.HomebankingApplicationTest" time="0.001"/>
  <testcase name="repetition 310 of 5000" classname="com.mindhub.homebanking.HomebankingApplicationTest" time="0.0"/>
  <testcase name="repetition 311 of 5000" classname="com.mindhub.homebanking.HomebankingApplicationTest" time="0.001"/>
  <testcase name="repetition 312 of 5000" classname="com.mindhub.homebanking.HomebankingApplicationTest" time="0.0"/>
  <testcase name="repetition 313 of 5000" classname="com.mindhub.homebanking.HomebankingApplicationTest" time="0.001"/>
  <testcase name="repetition 314 of 5000" classname="com.mindhub.homebanking.HomebankingApplicationTest" time="0.001"/>
  <testcase name="repetition 315 of 5000" classname="com.mindhub.homebanking.HomebankingApplicationTest" time="0.001"/>
  <testcase name="repetition 316 of 5000" classname="com.mindhub.homebanking.HomebankingApplicationTest" time="0.002"/>
  <testcase name="repetition 317 of 5000" classname="com.mindhub.homebanking.HomebankingApplicationTest" time="0.002"/>
  <testcase name="repetition 318 of 5000" classname="com.mindhub.homebanking.HomebankingApplicationTest" time="0.002"/>
  <testcase name="repetition 319 of 5000" classname="com.mindhub.homebanking.HomebankingApplicationTest" time="0.0"/>
  <testcase name="repetition 320 of 5000" classname="com.mindhub.homebanking.HomebankingApplicationTest" time="0.001"/>
  <testcase name="repetition 321 of 5000" classname="com.mindhub.homebanking.HomebankingApplicationTest" time="0.001"/>
  <testcase name="repetition 322 of 5000" classname="com.mindhub.homebanking.HomebankingApplicationTest" time="0.0"/>
  <testcase name="repetition 323 of 5000" classname="com.mindhub.homebanking.HomebankingApplicationTest" time="0.001"/>
  <testcase name="repetition 324 of 5000" classname="com.mindhub.homebanking.HomebankingApplicationTest" time="0.0"/>
  <testcase name="repetition 325 of 5000" classname="com.mindhub.homebanking.HomebankingApplicationTest" time="0.0"/>
  <testcase name="repetition 326 of 5000" classname="com.mindhub.homebanking.HomebankingApplicationTest" time="0.001"/>
  <testcase name="repetition 327 of 5000" classname="com.mindhub.homebanking.HomebankingApplicationTest" time="0.001"/>
  <testcase name="repetition 328 of 5000" classname="com.mindhub.homebanking.HomebankingApplicationTest" time="0.0"/>
  <testcase name="repetition 329 of 5000" classname="com.mindhub.homebanking.HomebankingApplicationTest" time="0.0"/>
  <testcase name="repetition 330 of 5000" classname="com.mindhub.homebanking.HomebankingApplicationTest" time="0.0"/>
  <testcase name="repetition 331 of 5000" classname="com.mindhub.homebanking.HomebankingApplicationTest" time="0.001"/>
  <testcase name="repetition 332 of 5000" classname="com.mindhub.homebanking.HomebankingApplicationTest" time="0.0"/>
  <testcase name="repetition 333 of 5000" classname="com.mindhub.homebanking.HomebankingApplicationTest" time="0.001"/>
  <testcase name="repetition 334 of 5000" classname="com.mindhub.homebanking.HomebankingApplicationTest" time="0.0"/>
  <testcase name="repetition 335 of 5000" classname="com.mindhub.homebanking.HomebankingApplicationTest" time="0.001"/>
  <testcase name="repetition 336 of 5000" classname="com.mindhub.homebanking.HomebankingApplicationTest" time="0.0"/>
  <testcase name="repetition 337 of 5000" classname="com.mindhub.homebanking.HomebankingApplicationTest" time="0.001"/>
  <testcase name="repetition 338 of 5000" classname="com.mindhub.homebanking.HomebankingApplicationTest" time="0.001"/>
  <testcase name="repetition 339 of 5000" classname="com.mindhub.homebanking.HomebankingApplicationTest" time="0.0"/>
  <testcase name="repetition 340 of 5000" classname="com.mindhub.homebanking.HomebankingApplicationTest" time="0.0"/>
  <testcase name="repetition 341 of 5000" classname="com.mindhub.homebanking.HomebankingApplicationTest" time="0.001"/>
  <testcase name="repetition 342 of 5000" classname="com.mindhub.homebanking.HomebankingApplicationTest" time="0.0"/>
  <testcase name="repetition 343 of 5000" classname="com.mindhub.homebanking.HomebankingApplicationTest" time="0.0"/>
  <testcase name="repetition 344 of 5000" classname="com.mindhub.homebanking.HomebankingApplicationTest" time="0.0"/>
  <testcase name="repetition 345 of 5000" classname="com.mindhub.homebanking.HomebankingApplicationTest" time="0.0"/>
  <testcase name="repetition 346 of 5000" classname="com.mindhub.homebanking.HomebankingApplicationTest" time="0.001"/>
  <testcase name="repetition 347 of 5000" classname="com.mindhub.homebanking.HomebankingApplicationTest" time="0.0"/>
  <testcase name="repetition 348 of 5000" classname="com.mindhub.homebanking.HomebankingApplicationTest" time="0.001"/>
  <testcase name="repetition 349 of 5000" classname="com.mindhub.homebanking.HomebankingApplicationTest" time="0.001"/>
  <testcase name="repetition 350 of 5000" classname="com.mindhub.homebanking.HomebankingApplicationTest" time="0.0"/>
  <testcase name="repetition 351 of 5000" classname="com.mindhub.homebanking.HomebankingApplicationTest" time="0.0"/>
  <testcase name="repetition 352 of 5000" classname="com.mindhub.homebanking.HomebankingApplicationTest" time="0.001"/>
  <testcase name="repetition 353 of 5000" classname="com.mindhub.homebanking.HomebankingApplicationTest" time="0.001"/>
  <testcase name="repetition 354 of 5000" classname="com.mindhub.homebanking.HomebankingApplicationTest" time="0.001"/>
  <testcase name="repetition 355 of 5000" classname="com.mindhub.homebanking.HomebankingApplicationTest" time="0.001"/>
  <testcase name="repetition 356 of 5000" classname="com.mindhub.homebanking.HomebankingApplicationTest" time="0.001"/>
  <testcase name="repetition 357 of 5000" classname="com.mindhub.homebanking.HomebankingApplicationTest" time="0.001"/>
  <testcase name="repetition 358 of 5000" classname="com.mindhub.homebanking.HomebankingApplicationTest" time="0.001"/>
  <testcase name="repetition 359 of 5000" classname="com.mindhub.homebanking.HomebankingApplicationTest" time="0.001"/>
  <testcase name="repetition 360 of 5000" classname="com.mindhub.homebanking.HomebankingApplicationTest" time="0.0"/>
  <testcase name="repetition 361 of 5000" classname="com.mindhub.homebanking.HomebankingApplicationTest" time="0.001"/>
  <testcase name="repetition 362 of 5000" classname="com.mindhub.homebanking.HomebankingApplicationTest" time="0.001"/>
  <testcase name="repetition 363 of 5000" classname="com.mindhub.homebanking.HomebankingApplicationTest" time="0.0"/>
  <testcase name="repetition 364 of 5000" classname="com.mindhub.homebanking.HomebankingApplicationTest" time="0.001"/>
  <testcase name="repetition 365 of 5000" classname="com.mindhub.homebanking.HomebankingApplicationTest" time="0.001"/>
  <testcase name="repetition 366 of 5000" classname="com.mindhub.homebanking.HomebankingApplicationTest" time="0.001"/>
  <testcase name="repetition 367 of 5000" classname="com.mindhub.homebanking.HomebankingApplicationTest" time="0.001"/>
  <testcase name="repetition 368 of 5000" classname="com.mindhub.homebanking.HomebankingApplicationTest" time="0.0"/>
  <testcase name="repetition 369 of 5000" classname="com.mindhub.homebanking.HomebankingApplicationTest" time="0.0"/>
  <testcase name="repetition 370 of 5000" classname="com.mindhub.homebanking.HomebankingApplicationTest" time="0.0"/>
  <testcase name="repetition 371 of 5000" classname="com.mindhub.homebanking.HomebankingApplicationTest" time="0.001"/>
  <testcase name="repetition 372 of 5000" classname="com.mindhub.homebanking.HomebankingApplicationTest" time="0.001"/>
  <testcase name="repetition 373 of 5000" classname="com.mindhub.homebanking.HomebankingApplicationTest" time="0.001"/>
  <testcase name="repetition 374 of 5000" classname="com.mindhub.homebanking.HomebankingApplicationTest" time="0.0"/>
  <testcase name="repetition 375 of 5000" classname="com.mindhub.homebanking.HomebankingApplicationTest" time="0.001"/>
  <testcase name="repetition 376 of 5000" classname="com.mindhub.homebanking.HomebankingApplicationTest" time="0.001"/>
  <testcase name="repetition 377 of 5000" classname="com.mindhub.homebanking.HomebankingApplicationTest" time="0.001"/>
  <testcase name="repetition 378 of 5000" classname="com.mindhub.homebanking.HomebankingApplicationTest" time="0.001"/>
  <testcase name="repetition 379 of 5000" classname="com.mindhub.homebanking.HomebankingApplicationTest" time="0.001"/>
  <testcase name="repetition 380 of 5000" classname="com.mindhub.homebanking.HomebankingApplicationTest" time="0.001"/>
  <testcase name="repetition 381 of 5000" classname="com.mindhub.homebanking.HomebankingApplicationTest" time="0.001"/>
  <testcase name="repetition 382 of 5000" classname="com.mindhub.homebanking.HomebankingApplicationTest" time="0.001"/>
  <testcase name="repetition 383 of 5000" classname="com.mindhub.homebanking.HomebankingApplicationTest" time="0.001"/>
  <testcase name="repetition 384 of 5000" classname="com.mindhub.homebanking.HomebankingApplicationTest" time="0.001"/>
  <testcase name="repetition 385 of 5000" classname="com.mindhub.homebanking.HomebankingApplicationTest" time="0.0"/>
  <testcase name="repetition 386 of 5000" classname="com.mindhub.homebanking.HomebankingApplicationTest" time="0.0"/>
  <testcase name="repetition 387 of 5000" classname="com.mindhub.homebanking.HomebankingApplicationTest" time="0.001"/>
  <testcase name="repetition 388 of 5000" classname="com.mindhub.homebanking.HomebankingApplicationTest" time="0.001"/>
  <testcase name="repetition 389 of 5000" classname="com.mindhub.homebanking.HomebankingApplicationTest" time="0.0"/>
  <testcase name="repetition 390 of 5000" classname="com.mindhub.homebanking.HomebankingApplicationTest" time="0.001"/>
  <testcase name="repetition 391 of 5000" classname="com.mindhub.homebanking.HomebankingApplicationTest" time="0.001"/>
  <testcase name="repetition 392 of 5000" classname="com.mindhub.homebanking.HomebankingApplicationTest" time="0.001"/>
  <testcase name="repetition 393 of 5000" classname="com.mindhub.homebanking.HomebankingApplicationTest" time="0.001"/>
  <testcase name="repetition 394 of 5000" classname="com.mindhub.homebanking.HomebankingApplicationTest" time="0.001"/>
  <testcase name="repetition 395 of 5000" classname="com.mindhub.homebanking.HomebankingApplicationTest" time="0.0"/>
  <testcase name="repetition 396 of 5000" classname="com.mindhub.homebanking.HomebankingApplicationTest" time="0.0"/>
  <testcase name="repetition 397 of 5000" classname="com.mindhub.homebanking.HomebankingApplicationTest" time="0.001"/>
  <testcase name="repetition 398 of 5000" classname="com.mindhub.homebanking.HomebankingApplicationTest" time="0.0"/>
  <testcase name="repetition 399 of 5000" classname="com.mindhub.homebanking.HomebankingApplicationTest" time="0.001"/>
  <testcase name="repetition 400 of 5000" classname="com.mindhub.homebanking.HomebankingApplicationTest" time="0.0"/>
  <testcase name="repetition 401 of 5000" classname="com.mindhub.homebanking.HomebankingApplicationTest" time="0.001"/>
  <testcase name="repetition 402 of 5000" classname="com.mindhub.homebanking.HomebankingApplicationTest" time="0.0"/>
  <testcase name="repetition 403 of 5000" classname="com.mindhub.homebanking.HomebankingApplicationTest" time="0.001"/>
  <testcase name="repetition 404 of 5000" classname="com.mindhub.homebanking.HomebankingApplicationTest" time="0.001"/>
  <testcase name="repetition 405 of 5000" classname="com.mindhub.homebanking.HomebankingApplicationTest" time="0.0"/>
  <testcase name="repetition 406 of 5000" classname="com.mindhub.homebanking.HomebankingApplicationTest" time="0.0"/>
  <testcase name="repetition 407 of 5000" classname="com.mindhub.homebanking.HomebankingApplicationTest" time="0.001"/>
  <testcase name="repetition 408 of 5000" classname="com.mindhub.homebanking.HomebankingApplicationTest" time="0.001"/>
  <testcase name="repetition 409 of 5000" classname="com.mindhub.homebanking.HomebankingApplicationTest" time="0.001"/>
  <testcase name="repetition 410 of 5000" classname="com.mindhub.homebanking.HomebankingApplicationTest" time="0.0"/>
  <testcase name="repetition 411 of 5000" classname="com.mindhub.homebanking.HomebankingApplicationTest" time="0.001"/>
  <testcase name="repetition 412 of 5000" classname="com.mindhub.homebanking.HomebankingApplicationTest" time="0.0"/>
  <testcase name="repetition 413 of 5000" classname="com.mindhub.homebanking.HomebankingApplicationTest" time="0.001"/>
  <testcase name="repetition 414 of 5000" classname="com.mindhub.homebanking.HomebankingApplicationTest" time="0.0"/>
  <testcase name="repetition 415 of 5000" classname="com.mindhub.homebanking.HomebankingApplicationTest" time="0.0"/>
  <testcase name="repetition 416 of 5000" classname="com.mindhub.homebanking.HomebankingApplicationTest" time="0.001"/>
  <testcase name="repetition 417 of 5000" classname="com.mindhub.homebanking.HomebankingApplicationTest" time="0.0"/>
  <testcase name="repetition 418 of 5000" classname="com.mindhub.homebanking.HomebankingApplicationTest" time="0.001"/>
  <testcase name="repetition 419 of 5000" classname="com.mindhub.homebanking.HomebankingApplicationTest" time="0.0"/>
  <testcase name="repetition 420 of 5000" classname="com.mindhub.homebanking.HomebankingApplicationTest" time="0.0"/>
  <testcase name="repetition 421 of 5000" classname="com.mindhub.homebanking.HomebankingApplicationTest" time="0.001"/>
  <testcase name="repetition 422 of 5000" classname="com.mindhub.homebanking.HomebankingApplicationTest" time="0.0"/>
  <testcase name="repetition 423 of 5000" classname="com.mindhub.homebanking.HomebankingApplicationTest" time="0.001"/>
  <testcase name="repetition 424 of 5000" classname="com.mindhub.homebanking.HomebankingApplicationTest" time="0.0"/>
  <testcase name="repetition 425 of 5000" classname="com.mindhub.homebanking.HomebankingApplicationTest" time="0.001"/>
  <testcase name="repetition 426 of 5000" classname="com.mindhub.homebanking.HomebankingApplicationTest" time="0.0"/>
  <testcase name="repetition 427 of 5000" classname="com.mindhub.homebanking.HomebankingApplicationTest" time="0.001"/>
  <testcase name="repetition 428 of 5000" classname="com.mindhub.homebanking.HomebankingApplicationTest" time="0.0"/>
  <testcase name="repetition 429 of 5000" classname="com.mindhub.homebanking.HomebankingApplicationTest" time="0.001"/>
  <testcase name="repetition 430 of 5000" classname="com.mindhub.homebanking.HomebankingApplicationTest" time="0.001"/>
  <testcase name="repetition 431 of 5000" classname="com.mindhub.homebanking.HomebankingApplicationTest" time="0.001"/>
  <testcase name="repetition 432 of 5000" classname="com.mindhub.homebanking.HomebankingApplicationTest" time="0.001"/>
  <testcase name="repetition 433 of 5000" classname="com.mindhub.homebanking.HomebankingApplicationTest" time="0.0"/>
  <testcase name="repetition 434 of 5000" classname="com.mindhub.homebanking.HomebankingApplicationTest" time="0.0"/>
  <testcase name="repetition 435 of 5000" classname="com.mindhub.homebanking.HomebankingApplicationTest" time="0.001"/>
  <testcase name="repetition 436 of 5000" classname="com.mindhub.homebanking.HomebankingApplicationTest" time="0.001"/>
  <testcase name="repetition 437 of 5000" classname="com.mindhub.homebanking.HomebankingApplicationTest" time="0.001"/>
  <testcase name="repetition 438 of 5000" classname="com.mindhub.homebanking.HomebankingApplicationTest" time="0.001"/>
  <testcase name="repetition 439 of 5000" classname="com.mindhub.homebanking.HomebankingApplicationTest" time="0.001"/>
  <testcase name="repetition 440 of 5000" classname="com.mindhub.homebanking.HomebankingApplicationTest" time="0.001"/>
  <testcase name="repetition 441 of 5000" classname="com.mindhub.homebanking.HomebankingApplicationTest" time="0.001"/>
  <testcase name="repetition 442 of 5000" classname="com.mindhub.homebanking.HomebankingApplicationTest" time="0.001"/>
  <testcase name="repetition 443 of 5000" classname="com.mindhub.homebanking.HomebankingApplicationTest" time="0.0"/>
  <testcase name="repetition 444 of 5000" classname="com.mindhub.homebanking.HomebankingApplicationTest" time="0.001"/>
  <testcase name="repetition 445 of 5000" classname="com.mindhub.homebanking.HomebankingApplicationTest" time="0.001"/>
  <testcase name="repetition 446 of 5000" classname="com.mindhub.homebanking.HomebankingApplicationTest" time="0.0"/>
  <testcase name="repetition 447 of 5000" classname="com.mindhub.homebanking.HomebankingApplicationTest" time="0.001"/>
  <testcase name="repetition 448 of 5000" classname="com.mindhub.homebanking.HomebankingApplicationTest" time="0.0"/>
  <testcase name="repetition 449 of 5000" classname="com.mindhub.homebanking.HomebankingApplicationTest" time="0.001"/>
  <testcase name="repetition 450 of 5000" classname="com.mindhub.homebanking.HomebankingApplicationTest" time="0.0"/>
  <testcase name="repetition 451 of 5000" classname="com.mindhub.homebanking.HomebankingApplicationTest" time="0.001"/>
  <testcase name="repetition 452 of 5000" classname="com.mindhub.homebanking.HomebankingApplicationTest" time="0.0"/>
  <testcase name="repetition 453 of 5000" classname="com.mindhub.homebanking.HomebankingApplicationTest" time="0.0"/>
  <testcase name="repetition 454 of 5000" classname="com.mindhub.homebanking.HomebankingApplicationTest" time="0.001"/>
  <testcase name="repetition 455 of 5000" classname="com.mindhub.homebanking.HomebankingApplicationTest" time="0.0"/>
  <testcase name="repetition 456 of 5000" classname="com.mindhub.homebanking.HomebankingApplicationTest" time="0.0"/>
  <testcase name="repetition 457 of 5000" classname="com.mindhub.homebanking.HomebankingApplicationTest" time="0.0"/>
  <testcase name="repetition 458 of 5000" classname="com.mindhub.homebanking.HomebankingApplicationTest" time="0.001"/>
  <testcase name="repetition 459 of 5000" classname="com.mindhub.homebanking.HomebankingApplicationTest" time="0.0"/>
  <testcase name="repetition 460 of 5000" classname="com.mindhub.homebanking.HomebankingApplicationTest" time="0.0"/>
  <testcase name="repetition 461 of 5000" classname="com.mindhub.homebanking.HomebankingApplicationTest" time="0.0"/>
  <testcase name="repetition 462 of 5000" classname="com.mindhub.homebanking.HomebankingApplicationTest" time="0.001"/>
  <testcase name="repetition 463 of 5000" classname="com.mindhub.homebanking.HomebankingApplicationTest" time="0.001"/>
  <testcase name="repetition 464 of 5000" classname="com.mindhub.homebanking.HomebankingApplicationTest" time="0.001"/>
  <testcase name="repetition 465 of 5000" classname="com.mindhub.homebanking.HomebankingApplicationTest" time="0.001"/>
  <testcase name="repetition 466 of 5000" classname="com.mindhub.homebanking.HomebankingApplicationTest" time="0.0"/>
  <testcase name="repetition 467 of 5000" classname="com.mindhub.homebanking.HomebankingApplicationTest" time="0.0"/>
  <testcase name="repetition 468 of 5000" classname="com.mindhub.homebanking.HomebankingApplicationTest" time="0.001"/>
  <testcase name="repetition 469 of 5000" classname="com.mindhub.homebanking.HomebankingApplicationTest" time="0.001"/>
  <testcase name="repetition 470 of 5000" classname="com.mindhub.homebanking.HomebankingApplicationTest" time="0.0"/>
  <testcase name="repetition 471 of 5000" classname="com.mindhub.homebanking.HomebankingApplicationTest" time="0.001"/>
  <testcase name="repetition 472 of 5000" classname="com.mindhub.homebanking.HomebankingApplicationTest" time="0.0"/>
  <testcase name="repetition 473 of 5000" classname="com.mindhub.homebanking.HomebankingApplicationTest" time="0.001"/>
  <testcase name="repetition 474 of 5000" classname="com.mindhub.homebanking.HomebankingApplicationTest" time="0.001"/>
  <testcase name="repetition 475 of 5000" classname="com.mindhub.homebanking.HomebankingApplicationTest" time="0.001"/>
  <testcase name="repetition 476 of 5000" classname="com.mindhub.homebanking.HomebankingApplicationTest" time="0.001"/>
  <testcase name="repetition 477 of 5000" classname="com.mindhub.homebanking.HomebankingApplicationTest" time="0.001"/>
  <testcase name="repetition 478 of 5000" classname="com.mindhub.homebanking.HomebankingApplicationTest" time="0.0"/>
  <testcase name="repetition 479 of 5000" classname="com.mindhub.homebanking.HomebankingApplicationTest" time="0.001"/>
  <testcase name="repetition 480 of 5000" classname="com.mindhub.homebanking.HomebankingApplicationTest" time="0.001"/>
  <testcase name="repetition 481 of 5000" classname="com.mindhub.homebanking.HomebankingApplicationTest" time="0.001"/>
  <testcase name="repetition 482 of 5000" classname="com.mindhub.homebanking.HomebankingApplicationTest" time="0.0"/>
  <testcase name="repetition 483 of 5000" classname="com.mindhub.homebanking.HomebankingApplicationTest" time="0.001"/>
  <testcase name="repetition 484 of 5000" classname="com.mindhub.homebanking.HomebankingApplicationTest" time="0.001"/>
  <testcase name="repetition 485 of 5000" classname="com.mindhub.homebanking.HomebankingApplicationTest" time="0.0"/>
  <testcase name="repetition 486 of 5000" classname="com.mindhub.homebanking.HomebankingApplicationTest" time="0.0"/>
  <testcase name="repetition 487 of 5000" classname="com.mindhub.homebanking.HomebankingApplicationTest" time="0.001"/>
  <testcase name="repetition 488 of 5000" classname="com.mindhub.homebanking.HomebankingApplicationTest" time="0.0"/>
  <testcase name="repetition 489 of 5000" classname="com.mindhub.homebanking.HomebankingApplicationTest" time="0.001"/>
  <testcase name="repetition 490 of 5000" classname="com.mindhub.homebanking.HomebankingApplicationTest" time="0.001"/>
  <testcase name="repetition 491 of 5000" classname="com.mindhub.homebanking.HomebankingApplicationTest" time="0.0"/>
  <testcase name="repetition 492 of 5000" classname="com.mindhub.homebanking.HomebankingApplicationTest" time="0.001"/>
  <testcase name="repetition 493 of 5000" classname="com.mindhub.homebanking.HomebankingApplicationTest" time="0.001"/>
  <testcase name="repetition 494 of 5000" classname="com.mindhub.homebanking.HomebankingApplicationTest" time="0.0"/>
  <testcase name="repetition 495 of 5000" classname="com.mindhub.homebanking.HomebankingApplicationTest" time="0.0"/>
  <testcase name="repetition 496 of 5000" classname="com.mindhub.homebanking.HomebankingApplicationTest" time="0.001"/>
  <testcase name="repetition 497 of 5000" classname="com.mindhub.homebanking.HomebankingApplicationTest" time="0.0"/>
  <testcase name="repetition 498 of 5000" classname="com.mindhub.homebanking.HomebankingApplicationTest" time="0.001"/>
  <testcase name="repetition 499 of 5000" classname="com.mindhub.homebanking.HomebankingApplicationTest" time="0.0"/>
  <testcase name="repetition 500 of 5000" classname="com.mindhub.homebanking.HomebankingApplicationTest" time="0.001"/>
  <testcase name="repetition 501 of 5000" classname="com.mindhub.homebanking.HomebankingApplicationTest" time="0.0"/>
  <testcase name="repetition 502 of 5000" classname="com.mindhub.homebanking.HomebankingApplicationTest" time="0.001"/>
  <testcase name="repetition 503 of 5000" classname="com.mindhub.homebanking.HomebankingApplicationTest" time="0.001"/>
  <testcase name="repetition 504 of 5000" classname="com.mindhub.homebanking.HomebankingApplicationTest" time="0.0"/>
  <testcase name="repetition 505 of 5000" classname="com.mindhub.homebanking.HomebankingApplicationTest" time="0.0"/>
  <testcase name="repetition 506 of 5000" classname="com.mindhub.homebanking.HomebankingApplicationTest" time="0.0"/>
  <testcase name="repetition 507 of 5000" classname="com.mindhub.homebanking.HomebankingApplicationTest" time="0.001"/>
  <testcase name="repetition 508 of 5000" classname="com.mindhub.homebanking.HomebankingApplicationTest" time="0.001"/>
  <testcase name="repetition 509 of 5000" classname="com.mindhub.homebanking.HomebankingApplicationTest" time="0.001"/>
  <testcase name="repetition 510 of 5000" classname="com.mindhub.homebanking.HomebankingApplicationTest" time="0.001"/>
  <testcase name="repetition 511 of 5000" classname="com.mindhub.homebanking.HomebankingApplicationTest" time="0.001"/>
  <testcase name="repetition 512 of 5000" classname="com.mindhub.homebanking.HomebankingApplicationTest" time="0.001"/>
  <testcase name="repetition 513 of 5000" classname="com.mindhub.homebanking.HomebankingApplicationTest" time="0.001"/>
  <testcase name="repetition 514 of 5000" classname="com.mindhub.homebanking.HomebankingApplicationTest" time="0.001"/>
  <testcase name="repetition 515 of 5000" classname="com.mindhub.homebanking.HomebankingApplicationTest" time="0.002"/>
  <testcase name="repetition 516 of 5000" classname="com.mindhub.homebanking.HomebankingApplicationTest" time="0.001"/>
  <testcase name="repetition 517 of 5000" classname="com.mindhub.homebanking.HomebankingApplicationTest" time="0.001"/>
  <testcase name="repetition 518 of 5000" classname="com.mindhub.homebanking.HomebankingApplicationTest" time="0.001"/>
  <testcase name="repetition 519 of 5000" classname="com.mindhub.homebanking.HomebankingApplicationTest" time="0.001"/>
  <testcase name="repetition 520 of 5000" classname="com.mindhub.homebanking.HomebankingApplicationTest" time="0.001"/>
  <testcase name="repetition 521 of 5000" classname="com.mindhub.homebanking.HomebankingApplicationTest" time="0.001"/>
  <testcase name="repetition 522 of 5000" classname="com.mindhub.homebanking.HomebankingApplicationTest" time="0.001"/>
  <testcase name="repetition 523 of 5000" classname="com.mindhub.homebanking.HomebankingApplicationTest" time="0.0"/>
  <testcase name="repetition 524 of 5000" classname="com.mindhub.homebanking.HomebankingApplicationTest" time="0.001"/>
  <testcase name="repetition 525 of 5000" classname="com.mindhub.homebanking.HomebankingApplicationTest" time="0.001"/>
  <testcase name="repetition 526 of 5000" classname="com.mindhub.homebanking.HomebankingApplicationTest" time="0.001"/>
  <testcase name="repetition 527 of 5000" classname="com.mindhub.homebanking.HomebankingApplicationTest" time="0.001"/>
  <testcase name="repetition 528 of 5000" classname="com.mindhub.homebanking.HomebankingApplicationTest" time="0.001"/>
  <testcase name="repetition 529 of 5000" classname="com.mindhub.homebanking.HomebankingApplicationTest" time="0.002"/>
  <testcase name="repetition 530 of 5000" classname="com.mindhub.homebanking.HomebankingApplicationTest" time="0.001"/>
  <testcase name="repetition 531 of 5000" classname="com.mindhub.homebanking.HomebankingApplicationTest" time="0.002"/>
  <testcase name="repetition 532 of 5000" classname="com.mindhub.homebanking.HomebankingApplicationTest" time="0.001"/>
  <testcase name="repetition 533 of 5000" classname="com.mindhub.homebanking.HomebankingApplicationTest" time="0.001"/>
  <testcase name="repetition 534 of 5000" classname="com.mindhub.homebanking.HomebankingApplicationTest" time="0.001"/>
  <testcase name="repetition 535 of 5000" classname="com.mindhub.homebanking.HomebankingApplicationTest" time="0.001"/>
  <testcase name="repetition 536 of 5000" classname="com.mindhub.homebanking.HomebankingApplicationTest" time="0.001"/>
  <testcase name="repetition 537 of 5000" classname="com.mindhub.homebanking.HomebankingApplicationTest" time="0.001"/>
  <testcase name="repetition 538 of 5000" classname="com.mindhub.homebanking.HomebankingApplicationTest" time="0.0"/>
  <testcase name="repetition 539 of 5000" classname="com.mindhub.homebanking.HomebankingApplicationTest" time="0.001"/>
  <testcase name="repetition 540 of 5000" classname="com.mindhub.homebanking.HomebankingApplicationTest" time="0.001"/>
  <testcase name="repetition 541 of 5000" classname="com.mindhub.homebanking.HomebankingApplicationTest" time="0.001"/>
  <testcase name="repetition 542 of 5000" classname="com.mindhub.homebanking.HomebankingApplicationTest" time="0.002"/>
  <testcase name="repetition 543 of 5000" classname="com.mindhub.homebanking.HomebankingApplicationTest" time="0.002"/>
  <testcase name="repetition 544 of 5000" classname="com.mindhub.homebanking.HomebankingApplicationTest" time="0.001"/>
  <testcase name="repetition 545 of 5000" classname="com.mindhub.homebanking.HomebankingApplicationTest" time="0.001"/>
  <testcase name="repetition 546 of 5000" classname="com.mindhub.homebanking.HomebankingApplicationTest" time="0.0"/>
  <testcase name="repetition 547 of 5000" classname="com.mindhub.homebanking.HomebankingApplicationTest" time="0.001"/>
  <testcase name="repetition 548 of 5000" classname="com.mindhub.homebanking.HomebankingApplicationTest" time="0.002"/>
  <testcase name="repetition 549 of 5000" classname="com.mindhub.homebanking.HomebankingApplicationTest" time="0.002"/>
  <testcase name="repetition 550 of 5000" classname="com.mindhub.homebanking.HomebankingApplicationTest" time="0.001"/>
  <testcase name="repetition 551 of 5000" classname="com.mindhub.homebanking.HomebankingApplicationTest" time="0.0"/>
  <testcase name="repetition 552 of 5000" classname="com.mindhub.homebanking.HomebankingApplicationTest" time="0.001"/>
  <testcase name="repetition 553 of 5000" classname="com.mindhub.homebanking.HomebankingApplicationTest" time="0.0"/>
  <testcase name="repetition 554 of 5000" classname="com.mindhub.homebanking.HomebankingApplicationTest" time="0.0"/>
  <testcase name="repetition 555 of 5000" classname="com.mindhub.homebanking.HomebankingApplicationTest" time="0.0"/>
  <testcase name="repetition 556 of 5000" classname="com.mindhub.homebanking.HomebankingApplicationTest" time="0.0"/>
  <testcase name="repetition 557 of 5000" classname="com.mindhub.homebanking.HomebankingApplicationTest" time="0.002"/>
  <testcase name="repetition 558 of 5000" classname="com.mindhub.homebanking.HomebankingApplicationTest" time="0.001"/>
  <testcase name="repetition 559 of 5000" classname="com.mindhub.homebanking.HomebankingApplicationTest" time="0.002"/>
  <testcase name="repetition 560 of 5000" classname="com.mindhub.homebanking.HomebankingApplicationTest" time="0.001"/>
  <testcase name="repetition 561 of 5000" classname="com.mindhub.homebanking.HomebankingApplicationTest" time="0.001"/>
  <testcase name="repetition 562 of 5000" classname="com.mindhub.homebanking.HomebankingApplicationTest" time="0.001"/>
  <testcase name="repetition 563 of 5000" classname="com.mindhub.homebanking.HomebankingApplicationTest" time="0.001"/>
  <testcase name="repetition 564 of 5000" classname="com.mindhub.homebanking.HomebankingApplicationTest" time="0.001"/>
  <testcase name="repetition 565 of 5000" classname="com.mindhub.homebanking.HomebankingApplicationTest" time="0.0"/>
  <testcase name="repetition 566 of 5000" classname="com.mindhub.homebanking.HomebankingApplicationTest" time="0.0"/>
  <testcase name="repetition 567 of 5000" classname="com.mindhub.homebanking.HomebankingApplicationTest" time="0.0"/>
  <testcase name="repetition 568 of 5000" classname="com.mindhub.homebanking.HomebankingApplicationTest" time="0.001"/>
  <testcase name="repetition 569 of 5000" classname="com.mindhub.homebanking.HomebankingApplicationTest" time="0.001"/>
  <testcase name="repetition 570 of 5000" classname="com.mindhub.homebanking.HomebankingApplicationTest" time="0.001"/>
  <testcase name="repetition 571 of 5000" classname="com.mindhub.homebanking.HomebankingApplicationTest" time="0.001"/>
  <testcase name="repetition 572 of 5000" classname="com.mindhub.homebanking.HomebankingApplicationTest" time="0.001"/>
  <testcase name="repetition 573 of 5000" classname="com.mindhub.homebanking.HomebankingApplicationTest" time="0.001"/>
  <testcase name="repetition 574 of 5000" classname="com.mindhub.homebanking.HomebankingApplicationTest" time="0.002"/>
  <testcase name="repetition 575 of 5000" classname="com.mindhub.homebanking.HomebankingApplicationTest" time="0.001"/>
  <testcase name="repetition 576 of 5000" classname="com.mindhub.homebanking.HomebankingApplicationTest" time="0.0"/>
  <testcase name="repetition 577 of 5000" classname="com.mindhub.homebanking.HomebankingApplicationTest" time="0.0"/>
  <testcase name="repetition 578 of 5000" classname="com.mindhub.homebanking.HomebankingApplicationTest" time="0.0"/>
  <testcase name="repetition 579 of 5000" classname="com.mindhub.homebanking.HomebankingApplicationTest" time="0.001"/>
  <testcase name="repetition 580 of 5000" classname="com.mindhub.homebanking.HomebankingApplicationTest" time="0.001"/>
  <testcase name="repetition 581 of 5000" classname="com.mindhub.homebanking.HomebankingApplicationTest" time="0.001"/>
  <testcase name="repetition 582 of 5000" classname="com.mindhub.homebanking.HomebankingApplicationTest" time="0.001"/>
  <testcase name="repetition 583 of 5000" classname="com.mindhub.homebanking.HomebankingApplicationTest" time="0.001"/>
  <testcase name="repetition 584 of 5000" classname="com.mindhub.homebanking.HomebankingApplicationTest" time="0.001"/>
  <testcase name="repetition 585 of 5000" classname="com.mindhub.homebanking.HomebankingApplicationTest" time="0.001"/>
  <testcase name="repetition 586 of 5000" classname="com.mindhub.homebanking.HomebankingApplicationTest" time="0.002"/>
  <testcase name="repetition 587 of 5000" classname="com.mindhub.homebanking.HomebankingApplicationTest" time="0.001"/>
  <testcase name="repetition 588 of 5000" classname="com.mindhub.homebanking.HomebankingApplicationTest" time="0.001"/>
  <testcase name="repetition 589 of 5000" classname="com.mindhub.homebanking.HomebankingApplicationTest" time="0.001"/>
  <testcase name="repetition 590 of 5000" classname="com.mindhub.homebanking.HomebankingApplicationTest" time="0.001"/>
  <testcase name="repetition 591 of 5000" classname="com.mindhub.homebanking.HomebankingApplicationTest" time="0.001"/>
  <testcase name="repetition 592 of 5000" classname="com.mindhub.homebanking.HomebankingApplicationTest" time="0.001"/>
  <testcase name="repetition 593 of 5000" classname="com.mindhub.homebanking.HomebankingApplicationTest" time="0.002"/>
  <testcase name="repetition 594 of 5000" classname="com.mindhub.homebanking.HomebankingApplicationTest" time="0.002"/>
  <testcase name="repetition 595 of 5000" classname="com.mindhub.homebanking.HomebankingApplicationTest" time="0.001"/>
  <testcase name="repetition 596 of 5000" classname="com.mindhub.homebanking.HomebankingApplicationTest" time="0.001"/>
  <testcase name="repetition 597 of 5000" classname="com.mindhub.homebanking.HomebankingApplicationTest" time="0.001"/>
  <testcase name="repetition 598 of 5000" classname="com.mindhub.homebanking.HomebankingApplicationTest" time="0.001"/>
  <testcase name="repetition 599 of 5000" classname="com.mindhub.homebanking.HomebankingApplicationTest" time="0.001"/>
  <testcase name="repetition 600 of 5000" classname="com.mindhub.homebanking.HomebankingApplicationTest" time="0.0"/>
  <testcase name="repetition 601 of 5000" classname="com.mindhub.homebanking.HomebankingApplicationTest" time="0.001"/>
  <testcase name="repetition 602 of 5000" classname="com.mindhub.homebanking.HomebankingApplicationTest" time="0.001"/>
  <testcase name="repetition 603 of 5000" classname="com.mindhub.homebanking.HomebankingApplicationTest" time="0.001"/>
  <testcase name="repetition 604 of 5000" classname="com.mindhub.homebanking.HomebankingApplicationTest" time="0.001"/>
  <testcase name="repetition 605 of 5000" classname="com.mindhub.homebanking.HomebankingApplicationTest" time="0.001"/>
  <testcase name="repetition 606 of 5000" classname="com.mindhub.homebanking.HomebankingApplicationTest" time="0.001"/>
  <testcase name="repetition 607 of 5000" classname="com.mindhub.homebanking.HomebankingApplicationTest" time="0.001"/>
  <testcase name="repetition 608 of 5000" classname="com.mindhub.homebanking.HomebankingApplicationTest" time="0.001"/>
  <testcase name="repetition 609 of 5000" classname="com.mindhub.homebanking.HomebankingApplicationTest" time="0.001"/>
  <testcase name="repetition 610 of 5000" classname="com.mindhub.homebanking.HomebankingApplicationTest" time="0.001"/>
  <testcase name="repetition 611 of 5000" classname="com.mindhub.homebanking.HomebankingApplicationTest" time="0.001"/>
  <testcase name="repetition 612 of 5000" classname="com.mindhub.homebanking.HomebankingApplicationTest" time="0.0"/>
  <testcase name="repetition 613 of 5000" classname="com.mindhub.homebanking.HomebankingApplicationTest" time="0.001"/>
  <testcase name="repetition 614 of 5000" classname="com.mindhub.homebanking.HomebankingApplicationTest" time="0.001"/>
  <testcase name="repetition 615 of 5000" classname="com.mindhub.homebanking.HomebankingApplicationTest" time="0.001"/>
  <testcase name="repetition 616 of 5000" classname="com.mindhub.homebanking.HomebankingApplicationTest" time="0.0"/>
  <testcase name="repetition 617 of 5000" classname="com.mindhub.homebanking.HomebankingApplicationTest" time="0.001"/>
  <testcase name="repetition 618 of 5000" classname="com.mindhub.homebanking.HomebankingApplicationTest" time="0.001"/>
  <testcase name="repetition 619 of 5000" classname="com.mindhub.homebanking.HomebankingApplicationTest" time="0.001"/>
  <testcase name="repetition 620 of 5000" classname="com.mindhub.homebanking.HomebankingApplicationTest" time="0.001"/>
  <testcase name="repetition 621 of 5000" classname="com.mindhub.homebanking.HomebankingApplicationTest" time="0.002"/>
  <testcase name="repetition 622 of 5000" classname="com.mindhub.homebanking.HomebankingApplicationTest" time="0.001"/>
  <testcase name="repetition 623 of 5000" classname="com.mindhub.homebanking.HomebankingApplicationTest" time="0.001"/>
  <testcase name="repetition 624 of 5000" classname="com.mindhub.homebanking.HomebankingApplicationTest" time="0.001"/>
  <testcase name="repetition 625 of 5000" classname="com.mindhub.homebanking.HomebankingApplicationTest" time="0.0"/>
  <testcase name="repetition 626 of 5000" classname="com.mindhub.homebanking.HomebankingApplicationTest" time="0.0"/>
  <testcase name="repetition 627 of 5000" classname="com.mindhub.homebanking.HomebankingApplicationTest" time="0.001"/>
  <testcase name="repetition 628 of 5000" classname="com.mindhub.homebanking.HomebankingApplicationTest" time="0.0"/>
  <testcase name="repetition 629 of 5000" classname="com.mindhub.homebanking.HomebankingApplicationTest" time="0.001"/>
  <testcase name="repetition 630 of 5000" classname="com.mindhub.homebanking.HomebankingApplicationTest" time="0.002"/>
  <testcase name="repetition 631 of 5000" classname="com.mindhub.homebanking.HomebankingApplicationTest" time="0.001"/>
  <testcase name="repetition 632 of 5000" classname="com.mindhub.homebanking.HomebankingApplicationTest" time="0.001"/>
  <testcase name="repetition 633 of 5000" classname="com.mindhub.homebanking.HomebankingApplicationTest" time="0.001"/>
  <testcase name="repetition 634 of 5000" classname="com.mindhub.homebanking.HomebankingApplicationTest" time="0.001"/>
  <testcase name="repetition 635 of 5000" classname="com.mindhub.homebanking.HomebankingApplicationTest" time="0.001"/>
  <testcase name="repetition 636 of 5000" classname="com.mindhub.homebanking.HomebankingApplicationTest" time="0.001"/>
  <testcase name="repetition 637 of 5000" classname="com.mindhub.homebanking.HomebankingApplicationTest" time="0.001"/>
  <testcase name="repetition 638 of 5000" classname="com.mindhub.homebanking.HomebankingApplicationTest" time="0.001"/>
  <testcase name="repetition 639 of 5000" classname="com.mindhub.homebanking.HomebankingApplicationTest" time="0.001"/>
  <testcase name="repetition 640 of 5000" classname="com.mindhub.homebanking.HomebankingApplicationTest" time="0.001"/>
  <testcase name="repetition 641 of 5000" classname="com.mindhub.homebanking.HomebankingApplicationTest" time="0.001"/>
  <testcase name="repetition 642 of 5000" classname="com.mindhub.homebanking.HomebankingApplicationTest" time="0.001"/>
  <testcase name="repetition 643 of 5000" classname="com.mindhub.homebanking.HomebankingApplicationTest" time="0.001"/>
  <testcase name="repetition 644 of 5000" classname="com.mindhub.homebanking.HomebankingApplicationTest" time="0.001"/>
  <testcase name="repetition 645 of 5000" classname="com.mindhub.homebanking.HomebankingApplicationTest" time="0.001"/>
  <testcase name="repetition 646 of 5000" classname="com.mindhub.homebanking.HomebankingApplicationTest" time="0.001"/>
  <testcase name="repetition 647 of 5000" classname="com.mindhub.homebanking.HomebankingApplicationTest" time="0.001"/>
  <testcase name="repetition 648 of 5000" classname="com.mindhub.homebanking.HomebankingApplicationTest" time="0.002"/>
  <testcase name="repetition 649 of 5000" classname="com.mindhub.homebanking.HomebankingApplicationTest" time="0.002"/>
  <testcase name="repetition 650 of 5000" classname="com.mindhub.homebanking.HomebankingApplicationTest" time="0.002"/>
  <testcase name="repetition 651 of 5000" classname="com.mindhub.homebanking.HomebankingApplicationTest" time="0.001"/>
  <testcase name="repetition 652 of 5000" classname="com.mindhub.homebanking.HomebankingApplicationTest" time="0.001"/>
  <testcase name="repetition 653 of 5000" classname="com.mindhub.homebanking.HomebankingApplicationTest" time="0.001"/>
  <testcase name="repetition 654 of 5000" classname="com.mindhub.homebanking.HomebankingApplicationTest" time="0.001"/>
  <testcase name="repetition 655 of 5000" classname="com.mindhub.homebanking.HomebankingApplicationTest" time="0.001"/>
  <testcase name="repetition 656 of 5000" classname="com.mindhub.homebanking.HomebankingApplicationTest" time="0.001"/>
  <testcase name="repetition 657 of 5000" classname="com.mindhub.homebanking.HomebankingApplicationTest" time="0.0"/>
  <testcase name="repetition 658 of 5000" classname="com.mindhub.homebanking.HomebankingApplicationTest" time="0.001"/>
  <testcase name="repetition 659 of 5000" classname="com.mindhub.homebanking.HomebankingApplicationTest" time="0.002"/>
  <testcase name="repetition 660 of 5000" classname="com.mindhub.homebanking.HomebankingApplicationTest" time="0.001"/>
  <testcase name="repetition 661 of 5000" classname="com.mindhub.homebanking.HomebankingApplicationTest" time="0.001"/>
  <testcase name="repetition 662 of 5000" classname="com.mindhub.homebanking.HomebankingApplicationTest" time="0.001"/>
  <testcase name="repetition 663 of 5000" classname="com.mindhub.homebanking.HomebankingApplicationTest" time="0.001"/>
  <testcase name="repetition 664 of 5000" classname="com.mindhub.homebanking.HomebankingApplicationTest" time="0.001"/>
  <testcase name="repetition 665 of 5000" classname="com.mindhub.homebanking.HomebankingApplicationTest" time="0.001"/>
  <testcase name="repetition 666 of 5000" classname="com.mindhub.homebanking.HomebankingApplicationTest" time="0.0"/>
  <testcase name="repetition 667 of 5000" classname="com.mindhub.homebanking.HomebankingApplicationTest" time="0.001"/>
  <testcase name="repetition 668 of 5000" classname="com.mindhub.homebanking.HomebankingApplicationTest" time="0.001"/>
  <testcase name="repetition 669 of 5000" classname="com.mindhub.homebanking.HomebankingApplicationTest" time="0.001"/>
  <testcase name="repetition 670 of 5000" classname="com.mindhub.homebanking.HomebankingApplicationTest" time="0.001"/>
  <testcase name="repetition 671 of 5000" classname="com.mindhub.homebanking.HomebankingApplicationTest" time="0.001"/>
  <testcase name="repetition 672 of 5000" classname="com.mindhub.homebanking.HomebankingApplicationTest" time="0.0"/>
  <testcase name="repetition 673 of 5000" classname="com.mindhub.homebanking.HomebankingApplicationTest" time="0.0"/>
  <testcase name="repetition 674 of 5000" classname="com.mindhub.homebanking.HomebankingApplicationTest" time="0.005"/>
  <testcase name="repetition 675 of 5000" classname="com.mindhub.homebanking.HomebankingApplicationTest" time="0.001"/>
  <testcase name="repetition 676 of 5000" classname="com.mindhub.homebanking.HomebankingApplicationTest" time="0.001"/>
  <testcase name="repetition 677 of 5000" classname="com.mindhub.homebanking.HomebankingApplicationTest" time="0.002"/>
  <testcase name="repetition 678 of 5000" classname="com.mindhub.homebanking.HomebankingApplicationTest" time="0.0"/>
  <testcase name="repetition 679 of 5000" classname="com.mindhub.homebanking.HomebankingApplicationTest" time="0.0"/>
  <testcase name="repetition 680 of 5000" classname="com.mindhub.homebanking.HomebankingApplicationTest" time="0.001"/>
  <testcase name="repetition 681 of 5000" classname="com.mindhub.homebanking.HomebankingApplicationTest" time="0.001"/>
  <testcase name="repetition 682 of 5000" classname="com.mindhub.homebanking.HomebankingApplicationTest" time="0.002"/>
  <testcase name="repetition 683 of 5000" classname="com.mindhub.homebanking.HomebankingApplicationTest" time="0.001"/>
  <testcase name="repetition 684 of 5000" classname="com.mindhub.homebanking.HomebankingApplicationTest" time="0.001"/>
  <testcase name="repetition 685 of 5000" classname="com.mindhub.homebanking.HomebankingApplicationTest" time="0.0"/>
  <testcase name="repetition 686 of 5000" classname="com.mindhub.homebanking.HomebankingApplicationTest" time="0.0"/>
  <testcase name="repetition 687 of 5000" classname="com.mindhub.homebanking.HomebankingApplicationTest" time="0.001"/>
  <testcase name="repetition 688 of 5000" classname="com.mindhub.homebanking.HomebankingApplicationTest" time="0.001"/>
  <testcase name="repetition 689 of 5000" classname="com.mindhub.homebanking.HomebankingApplicationTest" time="0.0"/>
  <testcase name="repetition 690 of 5000" classname="com.mindhub.homebanking.HomebankingApplicationTest" time="0.0"/>
  <testcase name="repetition 691 of 5000" classname="com.mindhub.homebanking.HomebankingApplicationTest" time="0.001"/>
  <testcase name="repetition 692 of 5000" classname="com.mindhub.homebanking.HomebankingApplicationTest" time="0.001"/>
  <testcase name="repetition 693 of 5000" classname="com.mindhub.homebanking.HomebankingApplicationTest" time="0.0"/>
  <testcase name="repetition 694 of 5000" classname="com.mindhub.homebanking.HomebankingApplicationTest" time="0.0"/>
  <testcase name="repetition 695 of 5000" classname="com.mindhub.homebanking.HomebankingApplicationTest" time="0.001"/>
  <testcase name="repetition 696 of 5000" classname="com.mindhub.homebanking.HomebankingApplicationTest" time="0.001"/>
  <testcase name="repetition 697 of 5000" classname="com.mindhub.homebanking.HomebankingApplicationTest" time="0.0"/>
  <testcase name="repetition 698 of 5000" classname="com.mindhub.homebanking.HomebankingApplicationTest" time="0.0"/>
  <testcase name="repetition 699 of 5000" classname="com.mindhub.homebanking.HomebankingApplicationTest" time="0.001"/>
  <testcase name="repetition 700 of 5000" classname="com.mindhub.homebanking.HomebankingApplicationTest" time="0.0"/>
  <testcase name="repetition 701 of 5000" classname="com.mindhub.homebanking.HomebankingApplicationTest" time="0.001"/>
  <testcase name="repetition 702 of 5000" classname="com.mindhub.homebanking.HomebankingApplicationTest" time="0.0"/>
  <testcase name="repetition 703 of 5000" classname="com.mindhub.homebanking.HomebankingApplicationTest" time="0.001"/>
  <testcase name="repetition 704 of 5000" classname="com.mindhub.homebanking.HomebankingApplicationTest" time="0.001"/>
  <testcase name="repetition 705 of 5000" classname="com.mindhub.homebanking.HomebankingApplicationTest" time="0.0"/>
  <testcase name="repetition 706 of 5000" classname="com.mindhub.homebanking.HomebankingApplicationTest" time="0.0"/>
  <testcase name="repetition 707 of 5000" classname="com.mindhub.homebanking.HomebankingApplicationTest" time="0.001"/>
  <testcase name="repetition 708 of 5000" classname="com.mindhub.homebanking.HomebankingApplicationTest" time="0.001"/>
  <testcase name="repetition 709 of 5000" classname="com.mindhub.homebanking.HomebankingApplicationTest" time="0.0"/>
  <testcase name="repetition 710 of 5000" classname="com.mindhub.homebanking.HomebankingApplicationTest" time="0.001"/>
  <testcase name="repetition 711 of 5000" classname="com.mindhub.homebanking.HomebankingApplicationTest" time="0.0"/>
  <testcase name="repetition 712 of 5000" classname="com.mindhub.homebanking.HomebankingApplicationTest" time="0.001"/>
  <testcase name="repetition 713 of 5000" classname="com.mindhub.homebanking.HomebankingApplicationTest" time="0.0"/>
  <testcase name="repetition 714 of 5000" classname="com.mindhub.homebanking.HomebankingApplicationTest" time="0.001"/>
  <testcase name="repetition 715 of 5000" classname="com.mindhub.homebanking.HomebankingApplicationTest" time="0.0"/>
  <testcase name="repetition 716 of 5000" classname="com.mindhub.homebanking.HomebankingApplicationTest" time="0.001"/>
  <testcase name="repetition 717 of 5000" classname="com.mindhub.homebanking.HomebankingApplicationTest" time="0.0"/>
  <testcase name="repetition 718 of 5000" classname="com.mindhub.homebanking.HomebankingApplicationTest" time="0.001"/>
  <testcase name="repetition 719 of 5000" classname="com.mindhub.homebanking.HomebankingApplicationTest" time="0.0"/>
  <testcase name="repetition 720 of 5000" classname="com.mindhub.homebanking.HomebankingApplicationTest" time="0.001"/>
  <testcase name="repetition 721 of 5000" classname="com.mindhub.homebanking.HomebankingApplicationTest" time="0.0"/>
  <testcase name="repetition 722 of 5000" classname="com.mindhub.homebanking.HomebankingApplicationTest" time="0.001"/>
  <testcase name="repetition 723 of 5000" classname="com.mindhub.homebanking.HomebankingApplicationTest" time="0.0"/>
  <testcase name="repetition 724 of 5000" classname="com.mindhub.homebanking.HomebankingApplicationTest" time="0.001"/>
  <testcase name="repetition 725 of 5000" classname="com.mindhub.homebanking.HomebankingApplicationTest" time="0.0"/>
  <testcase name="repetition 726 of 5000" classname="com.mindhub.homebanking.HomebankingApplicationTest" time="0.001"/>
  <testcase name="repetition 727 of 5000" classname="com.mindhub.homebanking.HomebankingApplicationTest" time="0.0"/>
  <testcase name="repetition 728 of 5000" classname="com.mindhub.homebanking.HomebankingApplicationTest" time="0.001"/>
  <testcase name="repetition 729 of 5000" classname="com.mindhub.homebanking.HomebankingApplicationTest" time="0.0"/>
  <testcase name="repetition 730 of 5000" classname="com.mindhub.homebanking.HomebankingApplicationTest" time="0.001"/>
  <testcase name="repetition 731 of 5000" classname="com.mindhub.homebanking.HomebankingApplicationTest" time="0.0"/>
  <testcase name="repetition 732 of 5000" classname="com.mindhub.homebanking.HomebankingApplicationTest" time="0.0"/>
  <testcase name="repetition 733 of 5000" classname="com.mindhub.homebanking.HomebankingApplicationTest" time="0.0"/>
  <testcase name="repetition 734 of 5000" classname="com.mindhub.homebanking.HomebankingApplicationTest" time="0.0"/>
  <testcase name="repetition 735 of 5000" classname="com.mindhub.homebanking.HomebankingApplicationTest" time="0.001"/>
  <testcase name="repetition 736 of 5000" classname="com.mindhub.homebanking.HomebankingApplicationTest" time="0.0"/>
  <testcase name="repetition 737 of 5000" classname="com.mindhub.homebanking.HomebankingApplicationTest" time="0.0"/>
  <testcase name="repetition 738 of 5000" classname="com.mindhub.homebanking.HomebankingApplicationTest" time="0.001"/>
  <testcase name="repetition 739 of 5000" classname="com.mindhub.homebanking.HomebankingApplicationTest" time="0.001"/>
  <testcase name="repetition 740 of 5000" classname="com.mindhub.homebanking.HomebankingApplicationTest" time="0.001"/>
  <testcase name="repetition 741 of 5000" classname="com.mindhub.homebanking.HomebankingApplicationTest" time="0.001"/>
  <testcase name="repetition 742 of 5000" classname="com.mindhub.homebanking.HomebankingApplicationTest" time="0.001"/>
  <testcase name="repetition 743 of 5000" classname="com.mindhub.homebanking.HomebankingApplicationTest" time="0.001"/>
  <testcase name="repetition 744 of 5000" classname="com.mindhub.homebanking.HomebankingApplicationTest" time="0.0"/>
  <testcase name="repetition 745 of 5000" classname="com.mindhub.homebanking.HomebankingApplicationTest" time="0.001"/>
  <testcase name="repetition 746 of 5000" classname="com.mindhub.homebanking.HomebankingApplicationTest" time="0.001"/>
  <testcase name="repetition 747 of 5000" classname="com.mindhub.homebanking.HomebankingApplicationTest" time="0.001"/>
  <testcase name="repetition 748 of 5000" classname="com.mindhub.homebanking.HomebankingApplicationTest" time="0.001"/>
  <testcase name="repetition 749 of 5000" classname="com.mindhub.homebanking.HomebankingApplicationTest" time="0.001"/>
  <testcase name="repetition 750 of 5000" classname="com.mindhub.homebanking.HomebankingApplicationTest" time="0.001"/>
  <testcase name="repetition 751 of 5000" classname="com.mindhub.homebanking.HomebankingApplicationTest" time="0.0"/>
  <testcase name="repetition 752 of 5000" classname="com.mindhub.homebanking.HomebankingApplicationTest" time="0.001"/>
  <testcase name="repetition 753 of 5000" classname="com.mindhub.homebanking.HomebankingApplicationTest" time="0.0"/>
  <testcase name="repetition 754 of 5000" classname="com.mindhub.homebanking.HomebankingApplicationTest" time="0.001"/>
  <testcase name="repetition 755 of 5000" classname="com.mindhub.homebanking.HomebankingApplicationTest" time="0.001"/>
  <testcase name="repetition 756 of 5000" classname="com.mindhub.homebanking.HomebankingApplicationTest" time="0.001"/>
  <testcase name="repetition 757 of 5000" classname="com.mindhub.homebanking.HomebankingApplicationTest" time="0.001"/>
  <testcase name="repetition 758 of 5000" classname="com.mindhub.homebanking.HomebankingApplicationTest" time="0.001"/>
  <testcase name="repetition 759 of 5000" classname="com.mindhub.homebanking.HomebankingApplicationTest" time="0.0"/>
  <testcase name="repetition 760 of 5000" classname="com.mindhub.homebanking.HomebankingApplicationTest" time="0.001"/>
  <testcase name="repetition 761 of 5000" classname="com.mindhub.homebanking.HomebankingApplicationTest" time="0.001"/>
  <testcase name="repetition 762 of 5000" classname="com.mindhub.homebanking.HomebankingApplicationTest" time="0.0"/>
  <testcase name="repetition 763 of 5000" classname="com.mindhub.homebanking.HomebankingApplicationTest" time="0.001"/>
  <testcase name="repetition 764 of 5000" classname="com.mindhub.homebanking.HomebankingApplicationTest" time="0.001"/>
  <testcase name="repetition 765 of 5000" classname="com.mindhub.homebanking.HomebankingApplicationTest" time="0.001"/>
  <testcase name="repetition 766 of 5000" classname="com.mindhub.homebanking.HomebankingApplicationTest" time="0.001"/>
  <testcase name="repetition 767 of 5000" classname="com.mindhub.homebanking.HomebankingApplicationTest" time="0.0"/>
  <testcase name="repetition 768 of 5000" classname="com.mindhub.homebanking.HomebankingApplicationTest" time="0.0"/>
  <testcase name="repetition 769 of 5000" classname="com.mindhub.homebanking.HomebankingApplicationTest" time="0.001"/>
  <testcase name="repetition 770 of 5000" classname="com.mindhub.homebanking.HomebankingApplicationTest" time="0.0"/>
  <testcase name="repetition 771 of 5000" classname="com.mindhub.homebanking.HomebankingApplicationTest" time="0.001"/>
  <testcase name="repetition 772 of 5000" classname="com.mindhub.homebanking.HomebankingApplicationTest" time="0.0"/>
  <testcase name="repetition 773 of 5000" classname="com.mindhub.homebanking.HomebankingApplicationTest" time="0.001"/>
  <testcase name="repetition 774 of 5000" classname="com.mindhub.homebanking.HomebankingApplicationTest" time="0.0"/>
  <testcase name="repetition 775 of 5000" classname="com.mindhub.homebanking.HomebankingApplicationTest" time="0.001"/>
  <testcase name="repetition 776 of 5000" classname="com.mindhub.homebanking.HomebankingApplicationTest" time="0.0"/>
  <testcase name="repetition 777 of 5000" classname="com.mindhub.homebanking.HomebankingApplicationTest" time="0.0"/>
  <testcase name="repetition 778 of 5000" classname="com.mindhub.homebanking.HomebankingApplicationTest" time="0.0"/>
  <testcase name="repetition 779 of 5000" classname="com.mindhub.homebanking.HomebankingApplicationTest" time="0.001"/>
  <testcase name="repetition 780 of 5000" classname="com.mindhub.homebanking.HomebankingApplicationTest" time="0.0"/>
  <testcase name="repetition 781 of 5000" classname="com.mindhub.homebanking.HomebankingApplicationTest" time="0.001"/>
  <testcase name="repetition 782 of 5000" classname="com.mindhub.homebanking.HomebankingApplicationTest" time="0.0"/>
  <testcase name="repetition 783 of 5000" classname="com.mindhub.homebanking.HomebankingApplicationTest" time="0.0"/>
  <testcase name="repetition 784 of 5000" classname="com.mindhub.homebanking.HomebankingApplicationTest" time="0.001"/>
  <testcase name="repetition 785 of 5000" classname="com.mindhub.homebanking.HomebankingApplicationTest" time="0.001"/>
  <testcase name="repetition 786 of 5000" classname="com.mindhub.homebanking.HomebankingApplicationTest" time="0.0"/>
  <testcase name="repetition 787 of 5000" classname="com.mindhub.homebanking.HomebankingApplicationTest" time="0.001"/>
  <testcase name="repetition 788 of 5000" classname="com.mindhub.homebanking.HomebankingApplicationTest" time="0.0"/>
  <testcase name="repetition 789 of 5000" classname="com.mindhub.homebanking.HomebankingApplicationTest" time="0.002"/>
  <testcase name="repetition 790 of 5000" classname="com.mindhub.homebanking.HomebankingApplicationTest" time="0.001"/>
  <testcase name="repetition 791 of 5000" classname="com.mindhub.homebanking.HomebankingApplicationTest" time="0.001"/>
  <testcase name="repetition 792 of 5000" classname="com.mindhub.homebanking.HomebankingApplicationTest" time="0.0"/>
  <testcase name="repetition 793 of 5000" classname="com.mindhub.homebanking.HomebankingApplicationTest" time="0.001"/>
  <testcase name="repetition 794 of 5000" classname="com.mindhub.homebanking.HomebankingApplicationTest" time="0.001"/>
  <testcase name="repetition 795 of 5000" classname="com.mindhub.homebanking.HomebankingApplicationTest" time="0.001"/>
  <testcase name="repetition 796 of 5000" classname="com.mindhub.homebanking.HomebankingApplicationTest" time="0.0"/>
  <testcase name="repetition 797 of 5000" classname="com.mindhub.homebanking.HomebankingApplicationTest" time="0.0"/>
  <testcase name="repetition 798 of 5000" classname="com.mindhub.homebanking.HomebankingApplicationTest" time="0.001"/>
  <testcase name="repetition 799 of 5000" classname="com.mindhub.homebanking.HomebankingApplicationTest" time="0.001"/>
  <testcase name="repetition 800 of 5000" classname="com.mindhub.homebanking.HomebankingApplicationTest" time="0.001"/>
  <testcase name="repetition 801 of 5000" classname="com.mindhub.homebanking.HomebankingApplicationTest" time="0.001"/>
  <testcase name="repetition 802 of 5000" classname="com.mindhub.homebanking.HomebankingApplicationTest" time="0.001"/>
  <testcase name="repetition 803 of 5000" classname="com.mindhub.homebanking.HomebankingApplicationTest" time="0.001"/>
  <testcase name="repetition 804 of 5000" classname="com.mindhub.homebanking.HomebankingApplicationTest" time="0.001"/>
  <testcase name="repetition 805 of 5000" classname="com.mindhub.homebanking.HomebankingApplicationTest" time="0.001"/>
  <testcase name="repetition 806 of 5000" classname="com.mindhub.homebanking.HomebankingApplicationTest" time="0.001"/>
  <testcase name="repetition 807 of 5000" classname="com.mindhub.homebanking.HomebankingApplicationTest" time="0.001"/>
  <testcase name="repetition 808 of 5000" classname="com.mindhub.homebanking.HomebankingApplicationTest" time="0.001"/>
  <testcase name="repetition 809 of 5000" classname="com.mindhub.homebanking.HomebankingApplicationTest" time="0.0"/>
  <testcase name="repetition 810 of 5000" classname="com.mindhub.homebanking.HomebankingApplicationTest" time="0.001"/>
  <testcase name="repetition 811 of 5000" classname="com.mindhub.homebanking.HomebankingApplicationTest" time="0.0"/>
  <testcase name="repetition 812 of 5000" classname="com.mindhub.homebanking.HomebankingApplicationTest" time="0.001"/>
  <testcase name="repetition 813 of 5000" classname="com.mindhub.homebanking.HomebankingApplicationTest" time="0.0"/>
  <testcase name="repetition 814 of 5000" classname="com.mindhub.homebanking.HomebankingApplicationTest" time="0.001"/>
  <testcase name="repetition 815 of 5000" classname="com.mindhub.homebanking.HomebankingApplicationTest" time="0.0"/>
  <testcase name="repetition 816 of 5000" classname="com.mindhub.homebanking.HomebankingApplicationTest" time="0.0"/>
  <testcase name="repetition 817 of 5000" classname="com.mindhub.homebanking.HomebankingApplicationTest" time="0.001"/>
  <testcase name="repetition 818 of 5000" classname="com.mindhub.homebanking.HomebankingApplicationTest" time="0.0"/>
  <testcase name="repetition 819 of 5000" classname="com.mindhub.homebanking.HomebankingApplicationTest" time="0.001"/>
  <testcase name="repetition 820 of 5000" classname="com.mindhub.homebanking.HomebankingApplicationTest" time="0.0"/>
  <testcase name="repetition 821 of 5000" classname="com.mindhub.homebanking.HomebankingApplicationTest" time="0.001"/>
  <testcase name="repetition 822 of 5000" classname="com.mindhub.homebanking.HomebankingApplicationTest" time="0.0"/>
  <testcase name="repetition 823 of 5000" classname="com.mindhub.homebanking.HomebankingApplicationTest" time="0.001"/>
  <testcase name="repetition 824 of 5000" classname="com.mindhub.homebanking.HomebankingApplicationTest" time="0.0"/>
  <testcase name="repetition 825 of 5000" classname="com.mindhub.homebanking.HomebankingApplicationTest" time="0.001"/>
  <testcase name="repetition 826 of 5000" classname="com.mindhub.homebanking.HomebankingApplicationTest" time="0.0"/>
  <testcase name="repetition 827 of 5000" classname="com.mindhub.homebanking.HomebankingApplicationTest" time="0.001"/>
  <testcase name="repetition 828 of 5000" classname="com.mindhub.homebanking.HomebankingApplicationTest" time="0.0"/>
  <testcase name="repetition 829 of 5000" classname="com.mindhub.homebanking.HomebankingApplicationTest" time="0.0"/>
  <testcase name="repetition 830 of 5000" classname="com.mindhub.homebanking.HomebankingApplicationTest" time="0.001"/>
  <testcase name="repetition 831 of 5000" classname="com.mindhub.homebanking.HomebankingApplicationTest" time="0.0"/>
  <testcase name="repetition 832 of 5000" classname="com.mindhub.homebanking.HomebankingApplicationTest" time="0.0"/>
  <testcase name="repetition 833 of 5000" classname="com.mindhub.homebanking.HomebankingApplicationTest" time="0.001"/>
  <testcase name="repetition 834 of 5000" classname="com.mindhub.homebanking.HomebankingApplicationTest" time="0.0"/>
  <testcase name="repetition 835 of 5000" classname="com.mindhub.homebanking.HomebankingApplicationTest" time="0.001"/>
  <testcase name="repetition 836 of 5000" classname="com.mindhub.homebanking.HomebankingApplicationTest" time="0.001"/>
  <testcase name="repetition 837 of 5000" classname="com.mindhub.homebanking.HomebankingApplicationTest" time="0.001"/>
  <testcase name="repetition 838 of 5000" classname="com.mindhub.homebanking.HomebankingApplicationTest" time="0.001"/>
  <testcase name="repetition 839 of 5000" classname="com.mindhub.homebanking.HomebankingApplicationTest" time="0.001"/>
  <testcase name="repetition 840 of 5000" classname="com.mindhub.homebanking.HomebankingApplicationTest" time="0.002"/>
  <testcase name="repetition 841 of 5000" classname="com.mindhub.homebanking.HomebankingApplicationTest" time="0.001"/>
  <testcase name="repetition 842 of 5000" classname="com.mindhub.homebanking.HomebankingApplicationTest" time="0.001"/>
  <testcase name="repetition 843 of 5000" classname="com.mindhub.homebanking.HomebankingApplicationTest" time="0.001"/>
  <testcase name="repetition 844 of 5000" classname="com.mindhub.homebanking.HomebankingApplicationTest" time="0.001"/>
  <testcase name="repetition 845 of 5000" classname="com.mindhub.homebanking.HomebankingApplicationTest" time="0.001"/>
  <testcase name="repetition 846 of 5000" classname="com.mindhub.homebanking.HomebankingApplicationTest" time="0.002"/>
  <testcase name="repetition 847 of 5000" classname="com.mindhub.homebanking.HomebankingApplicationTest" time="0.001"/>
  <testcase name="repetition 848 of 5000" classname="com.mindhub.homebanking.HomebankingApplicationTest" time="0.001"/>
  <testcase name="repetition 849 of 5000" classname="com.mindhub.homebanking.HomebankingApplicationTest" time="0.0"/>
  <testcase name="repetition 850 of 5000" classname="com.mindhub.homebanking.HomebankingApplicationTest" time="0.001"/>
  <testcase name="repetition 851 of 5000" classname="com.mindhub.homebanking.HomebankingApplicationTest" time="0.001"/>
  <testcase name="repetition 852 of 5000" classname="com.mindhub.homebanking.HomebankingApplicationTest" time="0.002"/>
  <testcase name="repetition 853 of 5000" classname="com.mindhub.homebanking.HomebankingApplicationTest" time="0.001"/>
  <testcase name="repetition 854 of 5000" classname="com.mindhub.homebanking.HomebankingApplicationTest" time="0.001"/>
  <testcase name="repetition 855 of 5000" classname="com.mindhub.homebanking.HomebankingApplicationTest" time="0.001"/>
  <testcase name="repetition 856 of 5000" classname="com.mindhub.homebanking.HomebankingApplicationTest" time="0.0"/>
  <testcase name="repetition 857 of 5000" classname="com.mindhub.homebanking.HomebankingApplicationTest" time="0.001"/>
  <testcase name="repetition 858 of 5000" classname="com.mindhub.homebanking.HomebankingApplicationTest" time="0.001"/>
  <testcase name="repetition 859 of 5000" classname="com.mindhub.homebanking.HomebankingApplicationTest" time="0.001"/>
  <testcase name="repetition 860 of 5000" classname="com.mindhub.homebanking.HomebankingApplicationTest" time="0.001"/>
  <testcase name="repetition 861 of 5000" classname="com.mindhub.homebanking.HomebankingApplicationTest" time="0.002"/>
  <testcase name="repetition 862 of 5000" classname="com.mindhub.homebanking.HomebankingApplicationTest" time="0.001"/>
  <testcase name="repetition 863 of 5000" classname="com.mindhub.homebanking.HomebankingApplicationTest" time="0.001"/>
  <testcase name="repetition 864 of 5000" classname="com.mindhub.homebanking.HomebankingApplicationTest" time="0.001"/>
  <testcase name="repetition 865 of 5000" classname="com.mindhub.homebanking.HomebankingApplicationTest" time="0.001"/>
  <testcase name="repetition 866 of 5000" classname="com.mindhub.homebanking.HomebankingApplicationTest" time="0.001"/>
  <testcase name="repetition 867 of 5000" classname="com.mindhub.homebanking.HomebankingApplicationTest" time="0.001"/>
  <testcase name="repetition 868 of 5000" classname="com.mindhub.homebanking.HomebankingApplicationTest" time="0.001"/>
  <testcase name="repetition 869 of 5000" classname="com.mindhub.homebanking.HomebankingApplicationTest" time="0.001"/>
  <testcase name="repetition 870 of 5000" classname="com.mindhub.homebanking.HomebankingApplicationTest" time="0.0"/>
  <testcase name="repetition 871 of 5000" classname="com.mindhub.homebanking.HomebankingApplicationTest" time="0.001"/>
  <testcase name="repetition 872 of 5000" classname="com.mindhub.homebanking.HomebankingApplicationTest" time="0.0"/>
  <testcase name="repetition 873 of 5000" classname="com.mindhub.homebanking.HomebankingApplicationTest" time="0.0"/>
  <testcase name="repetition 874 of 5000" classname="com.mindhub.homebanking.HomebankingApplicationTest" time="0.001"/>
  <testcase name="repetition 875 of 5000" classname="com.mindhub.homebanking.HomebankingApplicationTest" time="0.001"/>
  <testcase name="repetition 876 of 5000" classname="com.mindhub.homebanking.HomebankingApplicationTest" time="0.0"/>
  <testcase name="repetition 877 of 5000" classname="com.mindhub.homebanking.HomebankingApplicationTest" time="0.0"/>
  <testcase name="repetition 878 of 5000" classname="com.mindhub.homebanking.HomebankingApplicationTest" time="0.0"/>
  <testcase name="repetition 879 of 5000" classname="com.mindhub.homebanking.HomebankingApplicationTest" time="0.0"/>
  <testcase name="repetition 880 of 5000" classname="com.mindhub.homebanking.HomebankingApplicationTest" time="0.001"/>
  <testcase name="repetition 881 of 5000" classname="com.mindhub.homebanking.HomebankingApplicationTest" time="0.0"/>
  <testcase name="repetition 882 of 5000" classname="com.mindhub.homebanking.HomebankingApplicationTest" time="0.001"/>
  <testcase name="repetition 883 of 5000" classname="com.mindhub.homebanking.HomebankingApplicationTest" time="0.0"/>
  <testcase name="repetition 884 of 5000" classname="com.mindhub.homebanking.HomebankingApplicationTest" time="0.001"/>
  <testcase name="repetition 885 of 5000" classname="com.mindhub.homebanking.HomebankingApplicationTest" time="0.0"/>
  <testcase name="repetition 886 of 5000" classname="com.mindhub.homebanking.HomebankingApplicationTest" time="0.0"/>
  <testcase name="repetition 887 of 5000" classname="com.mindhub.homebanking.HomebankingApplicationTest" time="0.001"/>
  <testcase name="repetition 888 of 5000" classname="com.mindhub.homebanking.HomebankingApplicationTest" time="0.0"/>
  <testcase name="repetition 889 of 5000" classname="com.mindhub.homebanking.HomebankingApplicationTest" time="0.001"/>
  <testcase name="repetition 890 of 5000" classname="com.mindhub.homebanking.HomebankingApplicationTest" time="0.0"/>
  <testcase name="repetition 891 of 5000" classname="com.mindhub.homebanking.HomebankingApplicationTest" time="0.001"/>
  <testcase name="repetition 892 of 5000" classname="com.mindhub.homebanking.HomebankingApplicationTest" time="0.0"/>
  <testcase name="repetition 893 of 5000" classname="com.mindhub.homebanking.HomebankingApplicationTest" time="0.001"/>
  <testcase name="repetition 894 of 5000" classname="com.mindhub.homebanking.HomebankingApplicationTest" time="0.001"/>
  <testcase name="repetition 895 of 5000" classname="com.mindhub.homebanking.HomebankingApplicationTest" time="0.001"/>
  <testcase name="repetition 896 of 5000" classname="com.mindhub.homebanking.HomebankingApplicationTest" time="0.001"/>
  <testcase name="repetition 897 of 5000" classname="com.mindhub.homebanking.HomebankingApplicationTest" time="0.001"/>
  <testcase name="repetition 898 of 5000" classname="com.mindhub.homebanking.HomebankingApplicationTest" time="0.0"/>
  <testcase name="repetition 899 of 5000" classname="com.mindhub.homebanking.HomebankingApplicationTest" time="0.0"/>
  <testcase name="repetition 900 of 5000" classname="com.mindhub.homebanking.HomebankingApplicationTest" time="0.001"/>
  <testcase name="repetition 901 of 5000" classname="com.mindhub.homebanking.HomebankingApplicationTest" time="0.001"/>
  <testcase name="repetition 902 of 5000" classname="com.mindhub.homebanking.HomebankingApplicationTest" time="0.001"/>
  <testcase name="repetition 903 of 5000" classname="com.mindhub.homebanking.HomebankingApplicationTest" time="0.001"/>
  <testcase name="repetition 904 of 5000" classname="com.mindhub.homebanking.HomebankingApplicationTest" time="0.001"/>
  <testcase name="repetition 905 of 5000" classname="com.mindhub.homebanking.HomebankingApplicationTest" time="0.001"/>
  <testcase name="repetition 906 of 5000" classname="com.mindhub.homebanking.HomebankingApplicationTest" time="0.0"/>
  <testcase name="repetition 907 of 5000" classname="com.mindhub.homebanking.HomebankingApplicationTest" time="0.001"/>
  <testcase name="repetition 908 of 5000" classname="com.mindhub.homebanking.HomebankingApplicationTest" time="0.001"/>
  <testcase name="repetition 909 of 5000" classname="com.mindhub.homebanking.HomebankingApplicationTest" time="0.001"/>
  <testcase name="repetition 910 of 5000" classname="com.mindhub.homebanking.HomebankingApplicationTest" time="0.001"/>
  <testcase name="repetition 911 of 5000" classname="com.mindhub.homebanking.HomebankingApplicationTest" time="0.001"/>
  <testcase name="repetition 912 of 5000" classname="com.mindhub.homebanking.HomebankingApplicationTest" time="0.002"/>
  <testcase name="repetition 913 of 5000" classname="com.mindhub.homebanking.HomebankingApplicationTest" time="0.001"/>
  <testcase name="repetition 914 of 5000" classname="com.mindhub.homebanking.HomebankingApplicationTest" time="0.0"/>
  <testcase name="repetition 915 of 5000" classname="com.mindhub.homebanking.HomebankingApplicationTest" time="0.0"/>
  <testcase name="repetition 916 of 5000" classname="com.mindhub.homebanking.HomebankingApplicationTest" time="0.001"/>
  <testcase name="repetition 917 of 5000" classname="com.mindhub.homebanking.HomebankingApplicationTest" time="0.0"/>
  <testcase name="repetition 918 of 5000" classname="com.mindhub.homebanking.HomebankingApplicationTest" time="0.001"/>
  <testcase name="repetition 919 of 5000" classname="com.mindhub.homebanking.HomebankingApplicationTest" time="0.0"/>
  <testcase name="repetition 920 of 5000" classname="com.mindhub.homebanking.HomebankingApplicationTest" time="0.001"/>
  <testcase name="repetition 921 of 5000" classname="com.mindhub.homebanking.HomebankingApplicationTest" time="0.001"/>
  <testcase name="repetition 922 of 5000" classname="com.mindhub.homebanking.HomebankingApplicationTest" time="0.0"/>
  <testcase name="repetition 923 of 5000" classname="com.mindhub.homebanking.HomebankingApplicationTest" time="0.001"/>
  <testcase name="repetition 924 of 5000" classname="com.mindhub.homebanking.HomebankingApplicationTest" time="0.001"/>
  <testcase name="repetition 925 of 5000" classname="com.mindhub.homebanking.HomebankingApplicationTest" time="0.001"/>
  <testcase name="repetition 926 of 5000" classname="com.mindhub.homebanking.HomebankingApplicationTest" time="0.001"/>
  <testcase name="repetition 927 of 5000" classname="com.mindhub.homebanking.HomebankingApplicationTest" time="0.001"/>
  <testcase name="repetition 928 of 5000" classname="com.mindhub.homebanking.HomebankingApplicationTest" time="0.001"/>
  <testcase name="repetition 929 of 5000" classname="com.mindhub.homebanking.HomebankingApplicationTest" time="0.0"/>
  <testcase name="repetition 930 of 5000" classname="com.mindhub.homebanking.HomebankingApplicationTest" time="0.001"/>
  <testcase name="repetition 931 of 5000" classname="com.mindhub.homebanking.HomebankingApplicationTest" time="0.0"/>
  <testcase name="repetition 932 of 5000" classname="com.mindhub.homebanking.HomebankingApplicationTest" time="0.0"/>
  <testcase name="repetition 933 of 5000" classname="com.mindhub.homebanking.HomebankingApplicationTest" time="0.001"/>
  <testcase name="repetition 934 of 5000" classname="com.mindhub.homebanking.HomebankingApplicationTest" time="0.0"/>
  <testcase name="repetition 935 of 5000" classname="com.mindhub.homebanking.HomebankingApplicationTest" time="0.001"/>
  <testcase name="repetition 936 of 5000" classname="com.mindhub.homebanking.HomebankingApplicationTest" time="0.0"/>
  <testcase name="repetition 937 of 5000" classname="com.mindhub.homebanking.HomebankingApplicationTest" time="0.002"/>
  <testcase name="repetition 938 of 5000" classname="com.mindhub.homebanking.HomebankingApplicationTest" time="0.0"/>
  <testcase name="repetition 939 of 5000" classname="com.mindhub.homebanking.HomebankingApplicationTest" time="0.001"/>
  <testcase name="repetition 940 of 5000" classname="com.mindhub.homebanking.HomebankingApplicationTest" time="0.0"/>
  <testcase name="repetition 941 of 5000" classname="com.mindhub.homebanking.HomebankingApplicationTest" time="0.001"/>
  <testcase name="repetition 942 of 5000" classname="com.mindhub.homebanking.HomebankingApplicationTest" time="0.0"/>
  <testcase name="repetition 943 of 5000" classname="com.mindhub.homebanking.HomebankingApplicationTest" time="0.0"/>
  <testcase name="repetition 944 of 5000" classname="com.mindhub.homebanking.HomebankingApplicationTest" time="0.001"/>
  <testcase name="repetition 945 of 5000" classname="com.mindhub.homebanking.HomebankingApplicationTest" time="0.001"/>
  <testcase name="repetition 946 of 5000" classname="com.mindhub.homebanking.HomebankingApplicationTest" time="0.001"/>
  <testcase name="repetition 947 of 5000" classname="com.mindhub.homebanking.HomebankingApplicationTest" time="0.0"/>
  <testcase name="repetition 948 of 5000" classname="com.mindhub.homebanking.HomebankingApplicationTest" time="0.001"/>
  <testcase name="repetition 949 of 5000" classname="com.mindhub.homebanking.HomebankingApplicationTest" time="0.0"/>
  <testcase name="repetition 950 of 5000" classname="com.mindhub.homebanking.HomebankingApplicationTest" time="0.0"/>
  <testcase name="repetition 951 of 5000" classname="com.mindhub.homebanking.HomebankingApplicationTest" time="0.001"/>
  <testcase name="repetition 952 of 5000" classname="com.mindhub.homebanking.HomebankingApplicationTest" time="0.001"/>
  <testcase name="repetition 953 of 5000" classname="com.mindhub.homebanking.HomebankingApplicationTest" time="0.001"/>
  <testcase name="repetition 954 of 5000" classname="com.mindhub.homebanking.HomebankingApplicationTest" time="0.001"/>
  <testcase name="repetition 955 of 5000" classname="com.mindhub.homebanking.HomebankingApplicationTest" time="0.001"/>
  <testcase name="repetition 956 of 5000" classname="com.mindhub.homebanking.HomebankingApplicationTest" time="0.001"/>
  <testcase name="repetition 957 of 5000" classname="com.mindhub.homebanking.HomebankingApplicationTest" time="0.0"/>
  <testcase name="repetition 958 of 5000" classname="com.mindhub.homebanking.HomebankingApplicationTest" time="0.0"/>
  <testcase name="repetition 959 of 5000" classname="com.mindhub.homebanking.HomebankingApplicationTest" time="0.0"/>
  <testcase name="repetition 960 of 5000" classname="com.mindhub.homebanking.HomebankingApplicationTest" time="0.0"/>
  <testcase name="repetition 961 of 5000" classname="com.mindhub.homebanking.HomebankingApplicationTest" time="0.001"/>
  <testcase name="repetition 962 of 5000" classname="com.mindhub.homebanking.HomebankingApplicationTest" time="0.001"/>
  <testcase name="repetition 963 of 5000" classname="com.mindhub.homebanking.HomebankingApplicationTest" time="0.0"/>
  <testcase name="repetition 964 of 5000" classname="com.mindhub.homebanking.HomebankingApplicationTest" time="0.001"/>
  <testcase name="repetition 965 of 5000" classname="com.mindhub.homebanking.HomebankingApplicationTest" time="0.002"/>
  <testcase name="repetition 966 of 5000" classname="com.mindhub.homebanking.HomebankingApplicationTest" time="0.001"/>
  <testcase name="repetition 967 of 5000" classname="com.mindhub.homebanking.HomebankingApplicationTest" time="0.0"/>
  <testcase name="repetition 968 of 5000" classname="com.mindhub.homebanking.HomebankingApplicationTest" time="0.001"/>
  <testcase name="repetition 969 of 5000" classname="com.mindhub.homebanking.HomebankingApplicationTest" time="0.001"/>
  <testcase name="repetition 970 of 5000" classname="com.mindhub.homebanking.HomebankingApplicationTest" time="0.0"/>
  <testcase name="repetition 971 of 5000" classname="com.mindhub.homebanking.HomebankingApplicationTest" time="0.001"/>
  <testcase name="repetition 972 of 5000" classname="com.mindhub.homebanking.HomebankingApplicationTest" time="0.0"/>
  <testcase name="repetition 973 of 5000" classname="com.mindhub.homebanking.HomebankingApplicationTest" time="0.0"/>
  <testcase name="repetition 974 of 5000" classname="com.mindhub.homebanking.HomebankingApplicationTest" time="0.001"/>
  <testcase name="repetition 975 of 5000" classname="com.mindhub.homebanking.HomebankingApplicationTest" time="0.0"/>
  <testcase name="repetition 976 of 5000" classname="com.mindhub.homebanking.HomebankingApplicationTest" time="0.001"/>
  <testcase name="repetition 977 of 5000" classname="com.mindhub.homebanking.HomebankingApplicationTest" time="0.0"/>
  <testcase name="repetition 978 of 5000" classname="com.mindhub.homebanking.HomebankingApplicationTest" time="0.001"/>
  <testcase name="repetition 979 of 5000" classname="com.mindhub.homebanking.HomebankingApplicationTest" time="0.0"/>
  <testcase name="repetition 980 of 5000" classname="com.mindhub.homebanking.HomebankingApplicationTest" time="0.0"/>
  <testcase name="repetition 981 of 5000" classname="com.mindhub.homebanking.HomebankingApplicationTest" time="0.001"/>
  <testcase name="repetition 982 of 5000" classname="com.mindhub.homebanking.HomebankingApplicationTest" time="0.0"/>
  <testcase name="repetition 983 of 5000" classname="com.mindhub.homebanking.HomebankingApplicationTest" time="0.0"/>
  <testcase name="repetition 984 of 5000" classname="com.mindhub.homebanking.HomebankingApplicationTest" time="0.0"/>
  <testcase name="repetition 985 of 5000" classname="com.mindhub.homebanking.HomebankingApplicationTest" time="0.001"/>
  <testcase name="repetition 986 of 5000" classname="com.mindhub.homebanking.HomebankingApplicationTest" time="0.0"/>
  <testcase name="repetition 987 of 5000" classname="com.mindhub.homebanking.HomebankingApplicationTest" time="0.0"/>
  <testcase name="repetition 988 of 5000" classname="com.mindhub.homebanking.HomebankingApplicationTest" time="0.0"/>
  <testcase name="repetition 989 of 5000" classname="com.mindhub.homebanking.HomebankingApplicationTest" time="0.001"/>
  <testcase name="repetition 990 of 5000" classname="com.mindhub.homebanking.HomebankingApplicationTest" time="0.0"/>
  <testcase name="repetition 991 of 5000" classname="com.mindhub.homebanking.HomebankingApplicationTest" time="0.001"/>
  <testcase name="repetition 992 of 5000" classname="com.mindhub.homebanking.HomebankingApplicationTest" time="0.001"/>
  <testcase name="repetition 993 of 5000" classname="com.mindhub.homebanking.HomebankingApplicationTest" time="0.0"/>
  <testcase name="repetition 994 of 5000" classname="com.mindhub.homebanking.HomebankingApplicationTest" time="0.001"/>
  <testcase name="repetition 995 of 5000" classname="com.mindhub.homebanking.HomebankingApplicationTest" time="0.001"/>
  <testcase name="repetition 996 of 5000" classname="com.mindhub.homebanking.HomebankingApplicationTest" time="0.0"/>
  <testcase name="repetition 997 of 5000" classname="com.mindhub.homebanking.HomebankingApplicationTest" time="0.001"/>
  <testcase name="repetition 998 of 5000" classname="com.mindhub.homebanking.HomebankingApplicationTest" time="0.0"/>
  <testcase name="repetition 999 of 5000" classname="com.mindhub.homebanking.HomebankingApplicationTest" time="0.0"/>
  <testcase name="repetition 1000 of 5000" classname="com.mindhub.homebanking.HomebankingApplicationTest" time="0.001"/>
  <testcase name="repetition 1001 of 5000" classname="com.mindhub.homebanking.HomebankingApplicationTest" time="0.0"/>
  <testcase name="repetition 1002 of 5000" classname="com.mindhub.homebanking.HomebankingApplicationTest" time="0.001"/>
  <testcase name="repetition 1003 of 5000" classname="com.mindhub.homebanking.HomebankingApplicationTest" time="0.001"/>
  <testcase name="repetition 1004 of 5000" classname="com.mindhub.homebanking.HomebankingApplicationTest" time="0.0"/>
  <testcase name="repetition 1005 of 5000" classname="com.mindhub.homebanking.HomebankingApplicationTest" time="0.0"/>
  <testcase name="repetition 1006 of 5000" classname="com.mindhub.homebanking.HomebankingApplicationTest" time="0.001"/>
  <testcase name="repetition 1007 of 5000" classname="com.mindhub.homebanking.HomebankingApplicationTest" time="0.0"/>
  <testcase name="repetition 1008 of 5000" classname="com.mindhub.homebanking.HomebankingApplicationTest" time="0.001"/>
  <testcase name="repetition 1009 of 5000" classname="com.mindhub.homebanking.HomebankingApplicationTest" time="0.0"/>
  <testcase name="repetition 1010 of 5000" classname="com.mindhub.homebanking.HomebankingApplicationTest" time="0.0"/>
  <testcase name="repetition 1011 of 5000" classname="com.mindhub.homebanking.HomebankingApplicationTest" time="0.001"/>
  <testcase name="repetition 1012 of 5000" classname="com.mindhub.homebanking.HomebankingApplicationTest" time="0.001"/>
  <testcase name="repetition 1013 of 5000" classname="com.mindhub.homebanking.HomebankingApplicationTest" time="0.0"/>
  <testcase name="repetition 1014 of 5000" classname="com.mindhub.homebanking.HomebankingApplicationTest" time="0.0"/>
  <testcase name="repetition 1015 of 5000" classname="com.mindhub.homebanking.HomebankingApplicationTest" time="0.001"/>
  <testcase name="repetition 1016 of 5000" classname="com.mindhub.homebanking.HomebankingApplicationTest" time="0.001"/>
  <testcase name="repetition 1017 of 5000" classname="com.mindhub.homebanking.HomebankingApplicationTest" time="0.0"/>
  <testcase name="repetition 1018 of 5000" classname="com.mindhub.homebanking.HomebankingApplicationTest" time="0.0"/>
  <testcase name="repetition 1019 of 5000" classname="com.mindhub.homebanking.HomebankingApplicationTest" time="0.001"/>
  <testcase name="repetition 1020 of 5000" classname="com.mindhub.homebanking.HomebankingApplicationTest" time="0.0"/>
  <testcase name="repetition 1021 of 5000" classname="com.mindhub.homebanking.HomebankingApplicationTest" time="0.001"/>
  <testcase name="repetition 1022 of 5000" classname="com.mindhub.homebanking.HomebankingApplicationTest" time="0.0"/>
  <testcase name="repetition 1023 of 5000" classname="com.mindhub.homebanking.HomebankingApplicationTest" time="0.001"/>
  <testcase name="repetition 1024 of 5000" classname="com.mindhub.homebanking.HomebankingApplicationTest" time="0.0"/>
  <testcase name="repetition 1025 of 5000" classname="com.mindhub.homebanking.HomebankingApplicationTest" time="0.001"/>
  <testcase name="repetition 1026 of 5000" classname="com.mindhub.homebanking.HomebankingApplicationTest" time="0.001"/>
  <testcase name="repetition 1027 of 5000" classname="com.mindhub.homebanking.HomebankingApplicationTest" time="0.001"/>
  <testcase name="repetition 1028 of 5000" classname="com.mindhub.homebanking.HomebankingApplicationTest" time="0.001"/>
  <testcase name="repetition 1029 of 5000" classname="com.mindhub.homebanking.HomebankingApplicationTest" time="0.0"/>
  <testcase name="repetition 1030 of 5000" classname="com.mindhub.homebanking.HomebankingApplicationTest" time="0.0"/>
  <testcase name="repetition 1031 of 5000" classname="com.mindhub.homebanking.HomebankingApplicationTest" time="0.001"/>
  <testcase name="repetition 1032 of 5000" classname="com.mindhub.homebanking.HomebankingApplicationTest" time="0.0"/>
  <testcase name="repetition 1033 of 5000" classname="com.mindhub.homebanking.HomebankingApplicationTest" time="0.0"/>
  <testcase name="repetition 1034 of 5000" classname="com.mindhub.homebanking.HomebankingApplicationTest" time="0.001"/>
  <testcase name="repetition 1035 of 5000" classname="com.mindhub.homebanking.HomebankingApplicationTest" time="0.0"/>
  <testcase name="repetition 1036 of 5000" classname="com.mindhub.homebanking.HomebankingApplicationTest" time="0.001"/>
  <testcase name="repetition 1037 of 5000" classname="com.mindhub.homebanking.HomebankingApplicationTest" time="0.0"/>
  <testcase name="repetition 1038 of 5000" classname="com.mindhub.homebanking.HomebankingApplicationTest" time="0.0"/>
  <testcase name="repetition 1039 of 5000" classname="com.mindhub.homebanking.HomebankingApplicationTest" time="0.001"/>
  <testcase name="repetition 1040 of 5000" classname="com.mindhub.homebanking.HomebankingApplicationTest" time="0.0"/>
  <testcase name="repetition 1041 of 5000" classname="com.mindhub.homebanking.HomebankingApplicationTest" time="0.0"/>
  <testcase name="repetition 1042 of 5000" classname="com.mindhub.homebanking.HomebankingApplicationTest" time="0.001"/>
  <testcase name="repetition 1043 of 5000" classname="com.mindhub.homebanking.HomebankingApplicationTest" time="0.001"/>
  <testcase name="repetition 1044 of 5000" classname="com.mindhub.homebanking.HomebankingApplicationTest" time="0.001"/>
  <testcase name="repetition 1045 of 5000" classname="com.mindhub.homebanking.HomebankingApplicationTest" time="0.001"/>
  <testcase name="repetition 1046 of 5000" classname="com.mindhub.homebanking.HomebankingApplicationTest" time="0.001"/>
  <testcase name="repetition 1047 of 5000" classname="com.mindhub.homebanking.HomebankingApplicationTest" time="0.001"/>
  <testcase name="repetition 1048 of 5000" classname="com.mindhub.homebanking.HomebankingApplicationTest" time="0.001"/>
  <testcase name="repetition 1049 of 5000" classname="com.mindhub.homebanking.HomebankingApplicationTest" time="0.001"/>
  <testcase name="repetition 1050 of 5000" classname="com.mindhub.homebanking.HomebankingApplicationTest" time="0.001"/>
  <testcase name="repetition 1051 of 5000" classname="com.mindhub.homebanking.HomebankingApplicationTest" time="0.001"/>
  <testcase name="repetition 1052 of 5000" classname="com.mindhub.homebanking.HomebankingApplicationTest" time="0.001"/>
  <testcase name="repetition 1053 of 5000" classname="com.mindhub.homebanking.HomebankingApplicationTest" time="0.0"/>
  <testcase name="repetition 1054 of 5000" classname="com.mindhub.homebanking.HomebankingApplicationTest" time="0.0"/>
  <testcase name="repetition 1055 of 5000" classname="com.mindhub.homebanking.HomebankingApplicationTest" time="0.001"/>
  <testcase name="repetition 1056 of 5000" classname="com.mindhub.homebanking.HomebankingApplicationTest" time="0.0"/>
  <testcase name="repetition 1057 of 5000" classname="com.mindhub.homebanking.HomebankingApplicationTest" time="0.001"/>
  <testcase name="repetition 1058 of 5000" classname="com.mindhub.homebanking.HomebankingApplicationTest" time="0.0"/>
  <testcase name="repetition 1059 of 5000" classname="com.mindhub.homebanking.HomebankingApplicationTest" time="0.0"/>
  <testcase name="repetition 1060 of 5000" classname="com.mindhub.homebanking.HomebankingApplicationTest" time="0.001"/>
  <testcase name="repetition 1061 of 5000" classname="com.mindhub.homebanking.HomebankingApplicationTest" time="0.001"/>
  <testcase name="repetition 1062 of 5000" classname="com.mindhub.homebanking.HomebankingApplicationTest" time="0.0"/>
  <testcase name="repetition 1063 of 5000" classname="com.mindhub.homebanking.HomebankingApplicationTest" time="0.001"/>
  <testcase name="repetition 1064 of 5000" classname="com.mindhub.homebanking.HomebankingApplicationTest" time="0.001"/>
  <testcase name="repetition 1065 of 5000" classname="com.mindhub.homebanking.HomebankingApplicationTest" time="0.0"/>
  <testcase name="repetition 1066 of 5000" classname="com.mindhub.homebanking.HomebankingApplicationTest" time="0.0"/>
  <testcase name="repetition 1067 of 5000" classname="com.mindhub.homebanking.HomebankingApplicationTest" time="0.0"/>
  <testcase name="repetition 1068 of 5000" classname="com.mindhub.homebanking.HomebankingApplicationTest" time="0.0"/>
  <testcase name="repetition 1069 of 5000" classname="com.mindhub.homebanking.HomebankingApplicationTest" time="0.0"/>
  <testcase name="repetition 1070 of 5000" classname="com.mindhub.homebanking.HomebankingApplicationTest" time="0.001"/>
  <testcase name="repetition 1071 of 5000" classname="com.mindhub.homebanking.HomebankingApplicationTest" time="0.0"/>
  <testcase name="repetition 1072 of 5000" classname="com.mindhub.homebanking.HomebankingApplicationTest" time="0.0"/>
  <testcase name="repetition 1073 of 5000" classname="com.mindhub.homebanking.HomebankingApplicationTest" time="0.0"/>
  <testcase name="repetition 1074 of 5000" classname="com.mindhub.homebanking.HomebankingApplicationTest" time="0.001"/>
  <testcase name="repetition 1075 of 5000" classname="com.mindhub.homebanking.HomebankingApplicationTest" time="0.001"/>
  <testcase name="repetition 1076 of 5000" classname="com.mindhub.homebanking.HomebankingApplicationTest" time="0.001"/>
  <testcase name="repetition 1077 of 5000" classname="com.mindhub.homebanking.HomebankingApplicationTest" time="0.001"/>
  <testcase name="repetition 1078 of 5000" classname="com.mindhub.homebanking.HomebankingApplicationTest" time="0.0"/>
  <testcase name="repetition 1079 of 5000" classname="com.mindhub.homebanking.HomebankingApplicationTest" time="0.001"/>
  <testcase name="repetition 1080 of 5000" classname="com.mindhub.homebanking.HomebankingApplicationTest" time="0.001"/>
  <testcase name="repetition 1081 of 5000" classname="com.mindhub.homebanking.HomebankingApplicationTest" time="0.001"/>
  <testcase name="repetition 1082 of 5000" classname="com.mindhub.homebanking.HomebankingApplicationTest" time="0.001"/>
  <testcase name="repetition 1083 of 5000" classname="com.mindhub.homebanking.HomebankingApplicationTest" time="0.001"/>
  <testcase name="repetition 1084 of 5000" classname="com.mindhub.homebanking.HomebankingApplicationTest" time="0.001"/>
  <testcase name="repetition 1085 of 5000" classname="com.mindhub.homebanking.HomebankingApplicationTest" time="0.001"/>
  <testcase name="repetition 1086 of 5000" classname="com.mindhub.homebanking.HomebankingApplicationTest" time="0.001"/>
  <testcase name="repetition 1087 of 5000" classname="com.mindhub.homebanking.HomebankingApplicationTest" time="0.001"/>
  <testcase name="repetition 1088 of 5000" classname="com.mindhub.homebanking.HomebankingApplicationTest" time="0.001"/>
  <testcase name="repetition 1089 of 5000" classname="com.mindhub.homebanking.HomebankingApplicationTest" time="0.002"/>
  <testcase name="repetition 1090 of 5000" classname="com.mindhub.homebanking.HomebankingApplicationTest" time="0.001"/>
  <testcase name="repetition 1091 of 5000" classname="com.mindhub.homebanking.HomebankingApplicationTest" time="0.001"/>
  <testcase name="repetition 1092 of 5000" classname="com.mindhub.homebanking.HomebankingApplicationTest" time="0.001"/>
  <testcase name="repetition 1093 of 5000" classname="com.mindhub.homebanking.HomebankingApplicationTest" time="0.001"/>
  <testcase name="repetition 1094 of 5000" classname="com.mindhub.homebanking.HomebankingApplicationTest" time="0.001"/>
  <testcase name="repetition 1095 of 5000" classname="com.mindhub.homebanking.HomebankingApplicationTest" time="0.001"/>
  <testcase name="repetition 1096 of 5000" classname="com.mindhub.homebanking.HomebankingApplicationTest" time="0.001"/>
  <testcase name="repetition 1097 of 5000" classname="com.mindhub.homebanking.HomebankingApplicationTest" time="0.001"/>
  <testcase name="repetition 1098 of 5000" classname="com.mindhub.homebanking.HomebankingApplicationTest" time="0.001"/>
  <testcase name="repetition 1099 of 5000" classname="com.mindhub.homebanking.HomebankingApplicationTest" time="0.001"/>
  <testcase name="repetition 1100 of 5000" classname="com.mindhub.homebanking.HomebankingApplicationTest" time="0.001"/>
  <testcase name="repetition 1101 of 5000" classname="com.mindhub.homebanking.HomebankingApplicationTest" time="0.001"/>
  <testcase name="repetition 1102 of 5000" classname="com.mindhub.homebanking.HomebankingApplicationTest" time="0.0"/>
  <testcase name="repetition 1103 of 5000" classname="com.mindhub.homebanking.HomebankingApplicationTest" time="0.0"/>
  <testcase name="repetition 1104 of 5000" classname="com.mindhub.homebanking.HomebankingApplicationTest" time="0.001"/>
  <testcase name="repetition 1105 of 5000" classname="com.mindhub.homebanking.HomebankingApplicationTest" time="0.001"/>
  <testcase name="repetition 1106 of 5000" classname="com.mindhub.homebanking.HomebankingApplicationTest" time="0.001"/>
  <testcase name="repetition 1107 of 5000" classname="com.mindhub.homebanking.HomebankingApplicationTest" time="0.002"/>
  <testcase name="repetition 1108 of 5000" classname="com.mindhub.homebanking.HomebankingApplicationTest" time="0.0"/>
  <testcase name="repetition 1109 of 5000" classname="com.mindhub.homebanking.HomebankingApplicationTest" time="0.001"/>
  <testcase name="repetition 1110 of 5000" classname="com.mindhub.homebanking.HomebankingApplicationTest" time="0.001"/>
  <testcase name="repetition 1111 of 5000" classname="com.mindhub.homebanking.HomebankingApplicationTest" time="0.0"/>
  <testcase name="repetition 1112 of 5000" classname="com.mindhub.homebanking.HomebankingApplicationTest" time="0.001"/>
  <testcase name="repetition 1113 of 5000" classname="com.mindhub.homebanking.HomebankingApplicationTest" time="0.001"/>
  <testcase name="repetition 1114 of 5000" classname="com.mindhub.homebanking.HomebankingApplicationTest" time="0.001"/>
  <testcase name="repetition 1115 of 5000" classname="com.mindhub.homebanking.HomebankingApplicationTest" time="0.001"/>
  <testcase name="repetition 1116 of 5000" classname="com.mindhub.homebanking.HomebankingApplicationTest" time="0.001"/>
  <testcase name="repetition 1117 of 5000" classname="com.mindhub.homebanking.HomebankingApplicationTest" time="0.001"/>
  <testcase name="repetition 1118 of 5000" classname="com.mindhub.homebanking.HomebankingApplicationTest" time="0.0"/>
  <testcase name="repetition 1119 of 5000" classname="com.mindhub.homebanking.HomebankingApplicationTest" time="0.0"/>
  <testcase name="repetition 1120 of 5000" classname="com.mindhub.homebanking.HomebankingApplicationTest" time="0.001"/>
  <testcase name="repetition 1121 of 5000" classname="com.mindhub.homebanking.HomebankingApplicationTest" time="0.001"/>
  <testcase name="repetition 1122 of 5000" classname="com.mindhub.homebanking.HomebankingApplicationTest" time="0.001"/>
  <testcase name="repetition 1123 of 5000" classname="com.mindhub.homebanking.HomebankingApplicationTest" time="0.002"/>
  <testcase name="repetition 1124 of 5000" classname="com.mindhub.homebanking.HomebankingApplicationTest" time="0.002"/>
  <testcase name="repetition 1125 of 5000" classname="com.mindhub.homebanking.HomebankingApplicationTest" time="0.001"/>
  <testcase name="repetition 1126 of 5000" classname="com.mindhub.homebanking.HomebankingApplicationTest" time="0.001"/>
  <testcase name="repetition 1127 of 5000" classname="com.mindhub.homebanking.HomebankingApplicationTest" time="0.001"/>
  <testcase name="repetition 1128 of 5000" classname="com.mindhub.homebanking.HomebankingApplicationTest" time="0.001"/>
  <testcase name="repetition 1129 of 5000" classname="com.mindhub.homebanking.HomebankingApplicationTest" time="0.001"/>
  <testcase name="repetition 1130 of 5000" classname="com.mindhub.homebanking.HomebankingApplicationTest" time="0.0"/>
  <testcase name="repetition 1131 of 5000" classname="com.mindhub.homebanking.HomebankingApplicationTest" time="0.0"/>
  <testcase name="repetition 1132 of 5000" classname="com.mindhub.homebanking.HomebankingApplicationTest" time="0.001"/>
  <testcase name="repetition 1133 of 5000" classname="com.mindhub.homebanking.HomebankingApplicationTest" time="0.0"/>
  <testcase name="repetition 1134 of 5000" classname="com.mindhub.homebanking.HomebankingApplicationTest" time="0.001"/>
  <testcase name="repetition 1135 of 5000" classname="com.mindhub.homebanking.HomebankingApplicationTest" time="0.001"/>
  <testcase name="repetition 1136 of 5000" classname="com.mindhub.homebanking.HomebankingApplicationTest" time="0.0"/>
  <testcase name="repetition 1137 of 5000" classname="com.mindhub.homebanking.HomebankingApplicationTest" time="0.003"/>
  <testcase name="repetition 1138 of 5000" classname="com.mindhub.homebanking.HomebankingApplicationTest" time="0.0"/>
  <testcase name="repetition 1139 of 5000" classname="com.mindhub.homebanking.HomebankingApplicationTest" time="0.001"/>
  <testcase name="repetition 1140 of 5000" classname="com.mindhub.homebanking.HomebankingApplicationTest" time="0.001"/>
  <testcase name="repetition 1141 of 5000" classname="com.mindhub.homebanking.HomebankingApplicationTest" time="0.0"/>
  <testcase name="repetition 1142 of 5000" classname="com.mindhub.homebanking.HomebankingApplicationTest" time="0.001"/>
  <testcase name="repetition 1143 of 5000" classname="com.mindhub.homebanking.HomebankingApplicationTest" time="0.0"/>
  <testcase name="repetition 1144 of 5000" classname="com.mindhub.homebanking.HomebankingApplicationTest" time="0.0"/>
  <testcase name="repetition 1145 of 5000" classname="com.mindhub.homebanking.HomebankingApplicationTest" time="0.001"/>
  <testcase name="repetition 1146 of 5000" classname="com.mindhub.homebanking.HomebankingApplicationTest" time="0.001"/>
  <testcase name="repetition 1147 of 5000" classname="com.mindhub.homebanking.HomebankingApplicationTest" time="0.0"/>
  <testcase name="repetition 1148 of 5000" classname="com.mindhub.homebanking.HomebankingApplicationTest" time="0.001"/>
  <testcase name="repetition 1149 of 5000" classname="com.mindhub.homebanking.HomebankingApplicationTest" time="0.001"/>
  <testcase name="repetition 1150 of 5000" classname="com.mindhub.homebanking.HomebankingApplicationTest" time="0.001"/>
  <testcase name="repetition 1151 of 5000" classname="com.mindhub.homebanking.HomebankingApplicationTest" time="0.0"/>
  <testcase name="repetition 1152 of 5000" classname="com.mindhub.homebanking.HomebankingApplicationTest" time="0.001"/>
  <testcase name="repetition 1153 of 5000" classname="com.mindhub.homebanking.HomebankingApplicationTest" time="0.001"/>
  <testcase name="repetition 1154 of 5000" classname="com.mindhub.homebanking.HomebankingApplicationTest" time="0.001"/>
  <testcase name="repetition 1155 of 5000" classname="com.mindhub.homebanking.HomebankingApplicationTest" time="0.001"/>
  <testcase name="repetition 1156 of 5000" classname="com.mindhub.homebanking.HomebankingApplicationTest" time="0.001"/>
  <testcase name="repetition 1157 of 5000" classname="com.mindhub.homebanking.HomebankingApplicationTest" time="0.0"/>
  <testcase name="repetition 1158 of 5000" classname="com.mindhub.homebanking.HomebankingApplicationTest" time="0.001"/>
  <testcase name="repetition 1159 of 5000" classname="com.mindhub.homebanking.HomebankingApplicationTest" time="0.001"/>
  <testcase name="repetition 1160 of 5000" classname="com.mindhub.homebanking.HomebankingApplicationTest" time="0.0"/>
  <testcase name="repetition 1161 of 5000" classname="com.mindhub.homebanking.HomebankingApplicationTest" time="0.0"/>
  <testcase name="repetition 1162 of 5000" classname="com.mindhub.homebanking.HomebankingApplicationTest" time="0.001"/>
  <testcase name="repetition 1163 of 5000" classname="com.mindhub.homebanking.HomebankingApplicationTest" time="0.001"/>
  <testcase name="repetition 1164 of 5000" classname="com.mindhub.homebanking.HomebankingApplicationTest" time="0.001"/>
  <testcase name="repetition 1165 of 5000" classname="com.mindhub.homebanking.HomebankingApplicationTest" time="0.001"/>
  <testcase name="repetition 1166 of 5000" classname="com.mindhub.homebanking.HomebankingApplicationTest" time="0.0"/>
  <testcase name="repetition 1167 of 5000" classname="com.mindhub.homebanking.HomebankingApplicationTest" time="0.0"/>
  <testcase name="repetition 1168 of 5000" classname="com.mindhub.homebanking.HomebankingApplicationTest" time="0.0"/>
  <testcase name="repetition 1169 of 5000" classname="com.mindhub.homebanking.HomebankingApplicationTest" time="0.001"/>
  <testcase name="repetition 1170 of 5000" classname="com.mindhub.homebanking.HomebankingApplicationTest" time="0.001"/>
  <testcase name="repetition 1171 of 5000" classname="com.mindhub.homebanking.HomebankingApplicationTest" time="0.001"/>
  <testcase name="repetition 1172 of 5000" classname="com.mindhub.homebanking.HomebankingApplicationTest" time="0.001"/>
  <testcase name="repetition 1173 of 5000" classname="com.mindhub.homebanking.HomebankingApplicationTest" time="0.001"/>
  <testcase name="repetition 1174 of 5000" classname="com.mindhub.homebanking.HomebankingApplicationTest" time="0.001"/>
  <testcase name="repetition 1175 of 5000" classname="com.mindhub.homebanking.HomebankingApplicationTest" time="0.001"/>
  <testcase name="repetition 1176 of 5000" classname="com.mindhub.homebanking.HomebankingApplicationTest" time="0.001"/>
  <testcase name="repetition 1177 of 5000" classname="com.mindhub.homebanking.HomebankingApplicationTest" time="0.001"/>
  <testcase name="repetition 1178 of 5000" classname="com.mindhub.homebanking.HomebankingApplicationTest" time="0.001"/>
  <testcase name="repetition 1179 of 5000" classname="com.mindhub.homebanking.HomebankingApplicationTest" time="0.0"/>
  <testcase name="repetition 1180 of 5000" classname="com.mindhub.homebanking.HomebankingApplicationTest" time="0.0"/>
  <testcase name="repetition 1181 of 5000" classname="com.mindhub.homebanking.HomebankingApplicationTest" time="0.0"/>
  <testcase name="repetition 1182 of 5000" classname="com.mindhub.homebanking.HomebankingApplicationTest" time="0.0"/>
  <testcase name="repetition 1183 of 5000" classname="com.mindhub.homebanking.HomebankingApplicationTest" time="0.001"/>
  <testcase name="repetition 1184 of 5000" classname="com.mindhub.homebanking.HomebankingApplicationTest" time="0.0"/>
  <testcase name="repetition 1185 of 5000" classname="com.mindhub.homebanking.HomebankingApplicationTest" time="0.001"/>
  <testcase name="repetition 1186 of 5000" classname="com.mindhub.homebanking.HomebankingApplicationTest" time="0.001"/>
  <testcase name="repetition 1187 of 5000" classname="com.mindhub.homebanking.HomebankingApplicationTest" time="0.001"/>
  <testcase name="repetition 1188 of 5000" classname="com.mindhub.homebanking.HomebankingApplicationTest" time="0.001"/>
  <testcase name="repetition 1189 of 5000" classname="com.mindhub.homebanking.HomebankingApplicationTest" time="0.001"/>
  <testcase name="repetition 1190 of 5000" classname="com.mindhub.homebanking.HomebankingApplicationTest" time="0.001"/>
  <testcase name="repetition 1191 of 5000" classname="com.mindhub.homebanking.HomebankingApplicationTest" time="0.001"/>
  <testcase name="repetition 1192 of 5000" classname="com.mindhub.homebanking.HomebankingApplicationTest" time="0.001"/>
  <testcase name="repetition 1193 of 5000" classname="com.mindhub.homebanking.HomebankingApplicationTest" time="0.001"/>
  <testcase name="repetition 1194 of 5000" classname="com.mindhub.homebanking.HomebankingApplicationTest" time="0.001"/>
  <testcase name="repetition 1195 of 5000" classname="com.mindhub.homebanking.HomebankingApplicationTest" time="0.001"/>
  <testcase name="repetition 1196 of 5000" classname="com.mindhub.homebanking.HomebankingApplicationTest" time="0.001"/>
  <testcase name="repetition 1197 of 5000" classname="com.mindhub.homebanking.HomebankingApplicationTest" time="0.001"/>
  <testcase name="repetition 1198 of 5000" classname="com.mindhub.homebanking.HomebankingApplicationTest" time="0.001"/>
  <testcase name="repetition 1199 of 5000" classname="com.mindhub.homebanking.HomebankingApplicationTest" time="0.001"/>
  <testcase name="repetition 1200 of 5000" classname="com.mindhub.homebanking.HomebankingApplicationTest" time="0.001"/>
  <testcase name="repetition 1201 of 5000" classname="com.mindhub.homebanking.HomebankingApplicationTest" time="0.001"/>
  <testcase name="repetition 1202 of 5000" classname="com.mindhub.homebanking.HomebankingApplicationTest" time="0.001"/>
  <testcase name="repetition 1203 of 5000" classname="com.mindhub.homebanking.HomebankingApplicationTest" time="0.001"/>
  <testcase name="repetition 1204 of 5000" classname="com.mindhub.homebanking.HomebankingApplicationTest" time="0.001"/>
  <testcase name="repetition 1205 of 5000" classname="com.mindhub.homebanking.HomebankingApplicationTest" time="0.001"/>
  <testcase name="repetition 1206 of 5000" classname="com.mindhub.homebanking.HomebankingApplicationTest" time="0.001"/>
  <testcase name="repetition 1207 of 5000" classname="com.mindhub.homebanking.HomebankingApplicationTest" time="0.001"/>
  <testcase name="repetition 1208 of 5000" classname="com.mindhub.homebanking.HomebankingApplicationTest" time="0.0"/>
  <testcase name="repetition 1209 of 5000" classname="com.mindhub.homebanking.HomebankingApplicationTest" time="0.001"/>
  <testcase name="repetition 1210 of 5000" classname="com.mindhub.homebanking.HomebankingApplicationTest" time="0.001"/>
  <testcase name="repetition 1211 of 5000" classname="com.mindhub.homebanking.HomebankingApplicationTest" time="0.0"/>
  <testcase name="repetition 1212 of 5000" classname="com.mindhub.homebanking.HomebankingApplicationTest" time="0.001"/>
  <testcase name="repetition 1213 of 5000" classname="com.mindhub.homebanking.HomebankingApplicationTest" time="0.001"/>
  <testcase name="repetition 1214 of 5000" classname="com.mindhub.homebanking.HomebankingApplicationTest" time="0.002"/>
  <testcase name="repetition 1215 of 5000" classname="com.mindhub.homebanking.HomebankingApplicationTest" time="0.002"/>
  <testcase name="repetition 1216 of 5000" classname="com.mindhub.homebanking.HomebankingApplicationTest" time="0.002"/>
  <testcase name="repetition 1217 of 5000" classname="com.mindhub.homebanking.HomebankingApplicationTest" time="0.001"/>
  <testcase name="repetition 1218 of 5000" classname="com.mindhub.homebanking.HomebankingApplicationTest" time="0.001"/>
  <testcase name="repetition 1219 of 5000" classname="com.mindhub.homebanking.HomebankingApplicationTest" time="0.001"/>
  <testcase name="repetition 1220 of 5000" classname="com.mindhub.homebanking.HomebankingApplicationTest" time="0.001"/>
  <testcase name="repetition 1221 of 5000" classname="com.mindhub.homebanking.HomebankingApplicationTest" time="0.001"/>
  <testcase name="repetition 1222 of 5000" classname="com.mindhub.homebanking.HomebankingApplicationTest" time="0.001"/>
  <testcase name="repetition 1223 of 5000" classname="com.mindhub.homebanking.HomebankingApplicationTest" time="0.002"/>
  <testcase name="repetition 1224 of 5000" classname="com.mindhub.homebanking.HomebankingApplicationTest" time="0.001"/>
  <testcase name="repetition 1225 of 5000" classname="com.mindhub.homebanking.HomebankingApplicationTest" time="0.001"/>
  <testcase name="repetition 1226 of 5000" classname="com.mindhub.homebanking.HomebankingApplicationTest" time="0.001"/>
  <testcase name="repetition 1227 of 5000" classname="com.mindhub.homebanking.HomebankingApplicationTest" time="0.0"/>
  <testcase name="repetition 1228 of 5000" classname="com.mindhub.homebanking.HomebankingApplicationTest" time="0.001"/>
  <testcase name="repetition 1229 of 5000" classname="com.mindhub.homebanking.HomebankingApplicationTest" time="0.001"/>
  <testcase name="repetition 1230 of 5000" classname="com.mindhub.homebanking.HomebankingApplicationTest" time="0.001"/>
  <testcase name="repetition 1231 of 5000" classname="com.mindhub.homebanking.HomebankingApplicationTest" time="0.001"/>
  <testcase name="repetition 1232 of 5000" classname="com.mindhub.homebanking.HomebankingApplicationTest" time="0.0"/>
  <testcase name="repetition 1233 of 5000" classname="com.mindhub.homebanking.HomebankingApplicationTest" time="0.001"/>
  <testcase name="repetition 1234 of 5000" classname="com.mindhub.homebanking.HomebankingApplicationTest" time="0.001"/>
  <testcase name="repetition 1235 of 5000" classname="com.mindhub.homebanking.HomebankingApplicationTest" time="0.003"/>
  <testcase name="repetition 1236 of 5000" classname="com.mindhub.homebanking.HomebankingApplicationTest" time="0.002"/>
  <testcase name="repetition 1237 of 5000" classname="com.mindhub.homebanking.HomebankingApplicationTest" time="0.002"/>
  <testcase name="repetition 1238 of 5000" classname="com.mindhub.homebanking.HomebankingApplicationTest" time="0.002"/>
  <testcase name="repetition 1239 of 5000" classname="com.mindhub.homebanking.HomebankingApplicationTest" time="0.002"/>
  <testcase name="repetition 1240 of 5000" classname="com.mindhub.homebanking.HomebankingApplicationTest" time="0.001"/>
  <testcase name="repetition 1241 of 5000" classname="com.mindhub.homebanking.HomebankingApplicationTest" time="0.0"/>
  <testcase name="repetition 1242 of 5000" classname="com.mindhub.homebanking.HomebankingApplicationTest" time="0.001"/>
  <testcase name="repetition 1243 of 5000" classname="com.mindhub.homebanking.HomebankingApplicationTest" time="0.001"/>
  <testcase name="repetition 1244 of 5000" classname="com.mindhub.homebanking.HomebankingApplicationTest" time="0.002"/>
  <testcase name="repetition 1245 of 5000" classname="com.mindhub.homebanking.HomebankingApplicationTest" time="0.001"/>
  <testcase name="repetition 1246 of 5000" classname="com.mindhub.homebanking.HomebankingApplicationTest" time="0.001"/>
  <testcase name="repetition 1247 of 5000" classname="com.mindhub.homebanking.HomebankingApplicationTest" time="0.001"/>
  <testcase name="repetition 1248 of 5000" classname="com.mindhub.homebanking.HomebankingApplicationTest" time="0.0"/>
  <testcase name="repetition 1249 of 5000" classname="com.mindhub.homebanking.HomebankingApplicationTest" time="0.0"/>
  <testcase name="repetition 1250 of 5000" classname="com.mindhub.homebanking.HomebankingApplicationTest" time="0.001"/>
  <testcase name="repetition 1251 of 5000" classname="com.mindhub.homebanking.HomebankingApplicationTest" time="0.0"/>
  <testcase name="repetition 1252 of 5000" classname="com.mindhub.homebanking.HomebankingApplicationTest" time="0.001"/>
  <testcase name="repetition 1253 of 5000" classname="com.mindhub.homebanking.HomebankingApplicationTest" time="0.002"/>
  <testcase name="repetition 1254 of 5000" classname="com.mindhub.homebanking.HomebankingApplicationTest" time="0.002"/>
  <testcase name="repetition 1255 of 5000" classname="com.mindhub.homebanking.HomebankingApplicationTest" time="0.001"/>
  <testcase name="repetition 1256 of 5000" classname="com.mindhub.homebanking.HomebankingApplicationTest" time="0.002"/>
  <testcase name="repetition 1257 of 5000" classname="com.mindhub.homebanking.HomebankingApplicationTest" time="0.003"/>
  <testcase name="repetition 1258 of 5000" classname="com.mindhub.homebanking.HomebankingApplicationTest" time="0.002"/>
  <testcase name="repetition 1259 of 5000" classname="com.mindhub.homebanking.HomebankingApplicationTest" time="0.002"/>
  <testcase name="repetition 1260 of 5000" classname="com.mindhub.homebanking.HomebankingApplicationTest" time="0.002"/>
  <testcase name="repetition 1261 of 5000" classname="com.mindhub.homebanking.HomebankingApplicationTest" time="0.001"/>
  <testcase name="repetition 1262 of 5000" classname="com.mindhub.homebanking.HomebankingApplicationTest" time="0.001"/>
  <testcase name="repetition 1263 of 5000" classname="com.mindhub.homebanking.HomebankingApplicationTest" time="0.002"/>
  <testcase name="repetition 1264 of 5000" classname="com.mindhub.homebanking.HomebankingApplicationTest" time="0.002"/>
  <testcase name="repetition 1265 of 5000" classname="com.mindhub.homebanking.HomebankingApplicationTest" time="0.001"/>
  <testcase name="repetition 1266 of 5000" classname="com.mindhub.homebanking.HomebankingApplicationTest" time="0.001"/>
  <testcase name="repetition 1267 of 5000" classname="com.mindhub.homebanking.HomebankingApplicationTest" time="0.002"/>
  <testcase name="repetition 1268 of 5000" classname="com.mindhub.homebanking.HomebankingApplicationTest" time="0.002"/>
  <testcase name="repetition 1269 of 5000" classname="com.mindhub.homebanking.HomebankingApplicationTest" time="0.002"/>
  <testcase name="repetition 1270 of 5000" classname="com.mindhub.homebanking.HomebankingApplicationTest" time="0.001"/>
  <testcase name="repetition 1271 of 5000" classname="com.mindhub.homebanking.HomebankingApplicationTest" time="0.001"/>
  <testcase name="repetition 1272 of 5000" classname="com.mindhub.homebanking.HomebankingApplicationTest" time="0.002"/>
  <testcase name="repetition 1273 of 5000" classname="com.mindhub.homebanking.HomebankingApplicationTest" time="0.001"/>
  <testcase name="repetition 1274 of 5000" classname="com.mindhub.homebanking.HomebankingApplicationTest" time="0.001"/>
  <testcase name="repetition 1275 of 5000" classname="com.mindhub.homebanking.HomebankingApplicationTest" time="0.001"/>
  <testcase name="repetition 1276 of 5000" classname="com.mindhub.homebanking.HomebankingApplicationTest" time="0.001"/>
  <testcase name="repetition 1277 of 5000" classname="com.mindhub.homebanking.HomebankingApplicationTest" time="0.001"/>
  <testcase name="repetition 1278 of 5000" classname="com.mindhub.homebanking.HomebankingApplicationTest" time="0.001"/>
  <testcase name="repetition 1279 of 5000" classname="com.mindhub.homebanking.HomebankingApplicationTest" time="0.001"/>
  <testcase name="repetition 1280 of 5000" classname="com.mindhub.homebanking.HomebankingApplicationTest" time="0.002"/>
  <testcase name="repetition 1281 of 5000" classname="com.mindhub.homebanking.HomebankingApplicationTest" time="0.002"/>
  <testcase name="repetition 1282 of 5000" classname="com.mindhub.homebanking.HomebankingApplicationTest" time="0.001"/>
  <testcase name="repetition 1283 of 5000" classname="com.mindhub.homebanking.HomebankingApplicationTest" time="0.001"/>
  <testcase name="repetition 1284 of 5000" classname="com.mindhub.homebanking.HomebankingApplicationTest" time="0.001"/>
  <testcase name="repetition 1285 of 5000" classname="com.mindhub.homebanking.HomebankingApplicationTest" time="0.001"/>
  <testcase name="repetition 1286 of 5000" classname="com.mindhub.homebanking.HomebankingApplicationTest" time="0.001"/>
  <testcase name="repetition 1287 of 5000" classname="com.mindhub.homebanking.HomebankingApplicationTest" time="0.001"/>
  <testcase name="repetition 1288 of 5000" classname="com.mindhub.homebanking.HomebankingApplicationTest" time="0.001"/>
  <testcase name="repetition 1289 of 5000" classname="com.mindhub.homebanking.HomebankingApplicationTest" time="0.001"/>
  <testcase name="repetition 1290 of 5000" classname="com.mindhub.homebanking.HomebankingApplicationTest" time="0.002"/>
  <testcase name="repetition 1291 of 5000" classname="com.mindhub.homebanking.HomebankingApplicationTest" time="0.003"/>
  <testcase name="repetition 1292 of 5000" classname="com.mindhub.homebanking.HomebankingApplicationTest" time="0.002"/>
  <testcase name="repetition 1293 of 5000" classname="com.mindhub.homebanking.HomebankingApplicationTest" time="0.002"/>
  <testcase name="repetition 1294 of 5000" classname="com.mindhub.homebanking.HomebankingApplicationTest" time="0.001"/>
  <testcase name="repetition 1295 of 5000" classname="com.mindhub.homebanking.HomebankingApplicationTest" time="0.002"/>
  <testcase name="repetition 1296 of 5000" classname="com.mindhub.homebanking.HomebankingApplicationTest" time="0.002"/>
  <testcase name="repetition 1297 of 5000" classname="com.mindhub.homebanking.HomebankingApplicationTest" time="0.001"/>
  <testcase name="repetition 1298 of 5000" classname="com.mindhub.homebanking.HomebankingApplicationTest" time="0.002"/>
  <testcase name="repetition 1299 of 5000" classname="com.mindhub.homebanking.HomebankingApplicationTest" time="0.001"/>
  <testcase name="repetition 1300 of 5000" classname="com.mindhub.homebanking.HomebankingApplicationTest" time="0.002"/>
  <testcase name="repetition 1301 of 5000" classname="com.mindhub.homebanking.HomebankingApplicationTest" time="0.001"/>
  <testcase name="repetition 1302 of 5000" classname="com.mindhub.homebanking.HomebankingApplicationTest" time="0.002"/>
  <testcase name="repetition 1303 of 5000" classname="com.mindhub.homebanking.HomebankingApplicationTest" time="0.001"/>
  <testcase name="repetition 1304 of 5000" classname="com.mindhub.homebanking.HomebankingApplicationTest" time="0.001"/>
  <testcase name="repetition 1305 of 5000" classname="com.mindhub.homebanking.HomebankingApplicationTest" time="0.002"/>
  <testcase name="repetition 1306 of 5000" classname="com.mindhub.homebanking.HomebankingApplicationTest" time="0.002"/>
  <testcase name="repetition 1307 of 5000" classname="com.mindhub.homebanking.HomebankingApplicationTest" time="0.001"/>
  <testcase name="repetition 1308 of 5000" classname="com.mindhub.homebanking.HomebankingApplicationTest" time="0.002"/>
  <testcase name="repetition 1309 of 5000" classname="com.mindhub.homebanking.HomebankingApplicationTest" time="0.001"/>
  <testcase name="repetition 1310 of 5000" classname="com.mindhub.homebanking.HomebankingApplicationTest" time="0.001"/>
  <testcase name="repetition 1311 of 5000" classname="com.mindhub.homebanking.HomebankingApplicationTest" time="0.001"/>
  <testcase name="repetition 1312 of 5000" classname="com.mindhub.homebanking.HomebankingApplicationTest" time="0.002"/>
  <testcase name="repetition 1313 of 5000" classname="com.mindhub.homebanking.HomebankingApplicationTest" time="0.001"/>
  <testcase name="repetition 1314 of 5000" classname="com.mindhub.homebanking.HomebankingApplicationTest" time="0.001"/>
  <testcase name="repetition 1315 of 5000" classname="com.mindhub.homebanking.HomebankingApplicationTest" time="0.001"/>
  <testcase name="repetition 1316 of 5000" classname="com.mindhub.homebanking.HomebankingApplicationTest" time="0.001"/>
  <testcase name="repetition 1317 of 5000" classname="com.mindhub.homebanking.HomebankingApplicationTest" time="0.001"/>
  <testcase name="repetition 1318 of 5000" classname="com.mindhub.homebanking.HomebankingApplicationTest" time="0.001"/>
  <testcase name="repetition 1319 of 5000" classname="com.mindhub.homebanking.HomebankingApplicationTest" time="0.002"/>
  <testcase name="repetition 1320 of 5000" classname="com.mindhub.homebanking.HomebankingApplicationTest" time="0.001"/>
  <testcase name="repetition 1321 of 5000" classname="com.mindhub.homebanking.HomebankingApplicationTest" time="0.001"/>
  <testcase name="repetition 1322 of 5000" classname="com.mindhub.homebanking.HomebankingApplicationTest" time="0.001"/>
  <testcase name="repetition 1323 of 5000" classname="com.mindhub.homebanking.HomebankingApplicationTest" time="0.001"/>
  <testcase name="repetition 1324 of 5000" classname="com.mindhub.homebanking.HomebankingApplicationTest" time="0.001"/>
  <testcase name="repetition 1325 of 5000" classname="com.mindhub.homebanking.HomebankingApplicationTest" time="0.001"/>
  <testcase name="repetition 1326 of 5000" classname="com.mindhub.homebanking.HomebankingApplicationTest" time="0.001"/>
  <testcase name="repetition 1327 of 5000" classname="com.mindhub.homebanking.HomebankingApplicationTest" time="0.001"/>
  <testcase name="repetition 1328 of 5000" classname="com.mindhub.homebanking.HomebankingApplicationTest" time="0.001"/>
  <testcase name="repetition 1329 of 5000" classname="com.mindhub.homebanking.HomebankingApplicationTest" time="0.001"/>
  <testcase name="repetition 1330 of 5000" classname="com.mindhub.homebanking.HomebankingApplicationTest" time="0.001"/>
  <testcase name="repetition 1331 of 5000" classname="com.mindhub.homebanking.HomebankingApplicationTest" time="0.001"/>
  <testcase name="repetition 1332 of 5000" classname="com.mindhub.homebanking.HomebankingApplicationTest" time="0.001"/>
  <testcase name="repetition 1333 of 5000" classname="com.mindhub.homebanking.HomebankingApplicationTest" time="0.001"/>
  <testcase name="repetition 1334 of 5000" classname="com.mindhub.homebanking.HomebankingApplicationTest" time="0.001"/>
  <testcase name="repetition 1335 of 5000" classname="com.mindhub.homebanking.HomebankingApplicationTest" time="0.001"/>
  <testcase name="repetition 1336 of 5000" classname="com.mindhub.homebanking.HomebankingApplicationTest" time="0.001"/>
  <testcase name="repetition 1337 of 5000" classname="com.mindhub.homebanking.HomebankingApplicationTest" time="0.002"/>
  <testcase name="repetition 1338 of 5000" classname="com.mindhub.homebanking.HomebankingApplicationTest" time="0.002"/>
  <testcase name="repetition 1339 of 5000" classname="com.mindhub.homebanking.HomebankingApplicationTest" time="0.001"/>
  <testcase name="repetition 1340 of 5000" classname="com.mindhub.homebanking.HomebankingApplicationTest" time="0.001"/>
  <testcase name="repetition 1341 of 5000" classname="com.mindhub.homebanking.HomebankingApplicationTest" time="0.002"/>
  <testcase name="repetition 1342 of 5000" classname="com.mindhub.homebanking.HomebankingApplicationTest" time="0.001"/>
  <testcase name="repetition 1343 of 5000" classname="com.mindhub.homebanking.HomebankingApplicationTest" time="0.002"/>
  <testcase name="repetition 1344 of 5000" classname="com.mindhub.homebanking.HomebankingApplicationTest" time="0.001"/>
  <testcase name="repetition 1345 of 5000" classname="com.mindhub.homebanking.HomebankingApplicationTest" time="0.002"/>
  <testcase name="repetition 1346 of 5000" classname="com.mindhub.homebanking.HomebankingApplicationTest" time="0.001"/>
  <testcase name="repetition 1347 of 5000" classname="com.mindhub.homebanking.HomebankingApplicationTest" time="0.001"/>
  <testcase name="repetition 1348 of 5000" classname="com.mindhub.homebanking.HomebankingApplicationTest" time="0.001"/>
  <testcase name="repetition 1349 of 5000" classname="com.mindhub.homebanking.HomebankingApplicationTest" time="0.001"/>
  <testcase name="repetition 1350 of 5000" classname="com.mindhub.homebanking.HomebankingApplicationTest" time="0.0"/>
  <testcase name="repetition 1351 of 5000" classname="com.mindhub.homebanking.HomebankingApplicationTest" time="0.001"/>
  <testcase name="repetition 1352 of 5000" classname="com.mindhub.homebanking.HomebankingApplicationTest" time="0.001"/>
  <testcase name="repetition 1353 of 5000" classname="com.mindhub.homebanking.HomebankingApplicationTest" time="0.0"/>
  <testcase name="repetition 1354 of 5000" classname="com.mindhub.homebanking.HomebankingApplicationTest" time="0.001"/>
  <testcase name="repetition 1355 of 5000" classname="com.mindhub.homebanking.HomebankingApplicationTest" time="0.0"/>
  <testcase name="repetition 1356 of 5000" classname="com.mindhub.homebanking.HomebankingApplicationTest" time="0.001"/>
  <testcase name="repetition 1357 of 5000" classname="com.mindhub.homebanking.HomebankingApplicationTest" time="0.001"/>
  <testcase name="repetition 1358 of 5000" classname="com.mindhub.homebanking.HomebankingApplicationTest" time="0.001"/>
  <testcase name="repetition 1359 of 5000" classname="com.mindhub.homebanking.HomebankingApplicationTest" time="0.001"/>
  <testcase name="repetition 1360 of 5000" classname="com.mindhub.homebanking.HomebankingApplicationTest" time="0.001"/>
  <testcase name="repetition 1361 of 5000" classname="com.mindhub.homebanking.HomebankingApplicationTest" time="0.001"/>
  <testcase name="repetition 1362 of 5000" classname="com.mindhub.homebanking.HomebankingApplicationTest" time="0.001"/>
  <testcase name="repetition 1363 of 5000" classname="com.mindhub.homebanking.HomebankingApplicationTest" time="0.001"/>
  <testcase name="repetition 1364 of 5000" classname="com.mindhub.homebanking.HomebankingApplicationTest" time="0.001"/>
  <testcase name="repetition 1365 of 5000" classname="com.mindhub.homebanking.HomebankingApplicationTest" time="0.001"/>
  <testcase name="repetition 1366 of 5000" classname="com.mindhub.homebanking.HomebankingApplicationTest" time="0.001"/>
  <testcase name="repetition 1367 of 5000" classname="com.mindhub.homebanking.HomebankingApplicationTest" time="0.001"/>
  <testcase name="repetition 1368 of 5000" classname="com.mindhub.homebanking.HomebankingApplicationTest" time="0.001"/>
  <testcase name="repetition 1369 of 5000" classname="com.mindhub.homebanking.HomebankingApplicationTest" time="0.001"/>
  <testcase name="repetition 1370 of 5000" classname="com.mindhub.homebanking.HomebankingApplicationTest" time="0.001"/>
  <testcase name="repetition 1371 of 5000" classname="com.mindhub.homebanking.HomebankingApplicationTest" time="0.001"/>
  <testcase name="repetition 1372 of 5000" classname="com.mindhub.homebanking.HomebankingApplicationTest" time="0.002"/>
  <testcase name="repetition 1373 of 5000" classname="com.mindhub.homebanking.HomebankingApplicationTest" time="0.001"/>
  <testcase name="repetition 1374 of 5000" classname="com.mindhub.homebanking.HomebankingApplicationTest" time="0.001"/>
  <testcase name="repetition 1375 of 5000" classname="com.mindhub.homebanking.HomebankingApplicationTest" time="0.001"/>
  <testcase name="repetition 1376 of 5000" classname="com.mindhub.homebanking.HomebankingApplicationTest" time="0.001"/>
  <testcase name="repetition 1377 of 5000" classname="com.mindhub.homebanking.HomebankingApplicationTest" time="0.001"/>
  <testcase name="repetition 1378 of 5000" classname="com.mindhub.homebanking.HomebankingApplicationTest" time="0.001"/>
  <testcase name="repetition 1379 of 5000" classname="com.mindhub.homebanking.HomebankingApplicationTest" time="0.001"/>
  <testcase name="repetition 1380 of 5000" classname="com.mindhub.homebanking.HomebankingApplicationTest" time="0.0"/>
  <testcase name="repetition 1381 of 5000" classname="com.mindhub.homebanking.HomebankingApplicationTest" time="0.001"/>
  <testcase name="repetition 1382 of 5000" classname="com.mindhub.homebanking.HomebankingApplicationTest" time="0.0"/>
  <testcase name="repetition 1383 of 5000" classname="com.mindhub.homebanking.HomebankingApplicationTest" time="0.001"/>
  <testcase name="repetition 1384 of 5000" classname="com.mindhub.homebanking.HomebankingApplicationTest" time="0.0"/>
  <testcase name="repetition 1385 of 5000" classname="com.mindhub.homebanking.HomebankingApplicationTest" time="0.001"/>
  <testcase name="repetition 1386 of 5000" classname="com.mindhub.homebanking.HomebankingApplicationTest" time="0.0"/>
  <testcase name="repetition 1387 of 5000" classname="com.mindhub.homebanking.HomebankingApplicationTest" time="0.0"/>
  <testcase name="repetition 1388 of 5000" classname="com.mindhub.homebanking.HomebankingApplicationTest" time="0.002"/>
  <testcase name="repetition 1389 of 5000" classname="com.mindhub.homebanking.HomebankingApplicationTest" time="0.001"/>
  <testcase name="repetition 1390 of 5000" classname="com.mindhub.homebanking.HomebankingApplicationTest" time="0.001"/>
  <testcase name="repetition 1391 of 5000" classname="com.mindhub.homebanking.HomebankingApplicationTest" time="0.001"/>
  <testcase name="repetition 1392 of 5000" classname="com.mindhub.homebanking.HomebankingApplicationTest" time="0.001"/>
  <testcase name="repetition 1393 of 5000" classname="com.mindhub.homebanking.HomebankingApplicationTest" time="0.002"/>
  <testcase name="repetition 1394 of 5000" classname="com.mindhub.homebanking.HomebankingApplicationTest" time="0.001"/>
  <testcase name="repetition 1395 of 5000" classname="com.mindhub.homebanking.HomebankingApplicationTest" time="0.001"/>
  <testcase name="repetition 1396 of 5000" classname="com.mindhub.homebanking.HomebankingApplicationTest" time="0.0"/>
  <testcase name="repetition 1397 of 5000" classname="com.mindhub.homebanking.HomebankingApplicationTest" time="0.0"/>
  <testcase name="repetition 1398 of 5000" classname="com.mindhub.homebanking.HomebankingApplicationTest" time="0.001"/>
  <testcase name="repetition 1399 of 5000" classname="com.mindhub.homebanking.HomebankingApplicationTest" time="0.002"/>
  <testcase name="repetition 1400 of 5000" classname="com.mindhub.homebanking.HomebankingApplicationTest" time="0.002"/>
  <testcase name="repetition 1401 of 5000" classname="com.mindhub.homebanking.HomebankingApplicationTest" time="0.001"/>
  <testcase name="repetition 1402 of 5000" classname="com.mindhub.homebanking.HomebankingApplicationTest" time="0.001"/>
  <testcase name="repetition 1403 of 5000" classname="com.mindhub.homebanking.HomebankingApplicationTest" time="0.001"/>
  <testcase name="repetition 1404 of 5000" classname="com.mindhub.homebanking.HomebankingApplicationTest" time="0.002"/>
  <testcase name="repetition 1405 of 5000" classname="com.mindhub.homebanking.HomebankingApplicationTest" time="0.001"/>
  <testcase name="repetition 1406 of 5000" classname="com.mindhub.homebanking.HomebankingApplicationTest" time="0.001"/>
  <testcase name="repetition 1407 of 5000" classname="com.mindhub.homebanking.HomebankingApplicationTest" time="0.001"/>
  <testcase name="repetition 1408 of 5000" classname="com.mindhub.homebanking.HomebankingApplicationTest" time="0.001"/>
  <testcase name="repetition 1409 of 5000" classname="com.mindhub.homebanking.HomebankingApplicationTest" time="0.001"/>
  <testcase name="repetition 1410 of 5000" classname="com.mindhub.homebanking.HomebankingApplicationTest" time="0.001"/>
  <testcase name="repetition 1411 of 5000" classname="com.mindhub.homebanking.HomebankingApplicationTest" time="0.001"/>
  <testcase name="repetition 1412 of 5000" classname="com.mindhub.homebanking.HomebankingApplicationTest" time="0.0"/>
  <testcase name="repetition 1413 of 5000" classname="com.mindhub.homebanking.HomebankingApplicationTest" time="0.001"/>
  <testcase name="repetition 1414 of 5000" classname="com.mindhub.homebanking.HomebankingApplicationTest" time="0.001"/>
  <testcase name="repetition 1415 of 5000" classname="com.mindhub.homebanking.HomebankingApplicationTest" time="0.001"/>
  <testcase name="repetition 1416 of 5000" classname="com.mindhub.homebanking.HomebankingApplicationTest" time="0.001"/>
  <testcase name="repetition 1417 of 5000" classname="com.mindhub.homebanking.HomebankingApplicationTest" time="0.002"/>
  <testcase name="repetition 1418 of 5000" classname="com.mindhub.homebanking.HomebankingApplicationTest" time="0.001"/>
  <testcase name="repetition 1419 of 5000" classname="com.mindhub.homebanking.HomebankingApplicationTest" time="0.001"/>
  <testcase name="repetition 1420 of 5000" classname="com.mindhub.homebanking.HomebankingApplicationTest" time="0.001"/>
  <testcase name="repetition 1421 of 5000" classname="com.mindhub.homebanking.HomebankingApplicationTest" time="0.001"/>
  <testcase name="repetition 1422 of 5000" classname="com.mindhub.homebanking.HomebankingApplicationTest" time="0.002"/>
  <testcase name="repetition 1423 of 5000" classname="com.mindhub.homebanking.HomebankingApplicationTest" time="0.001"/>
  <testcase name="repetition 1424 of 5000" classname="com.mindhub.homebanking.HomebankingApplicationTest" time="0.001"/>
  <testcase name="repetition 1425 of 5000" classname="com.mindhub.homebanking.HomebankingApplicationTest" time="0.001"/>
  <testcase name="repetition 1426 of 5000" classname="com.mindhub.homebanking.HomebankingApplicationTest" time="0.002"/>
  <testcase name="repetition 1427 of 5000" classname="com.mindhub.homebanking.HomebankingApplicationTest" time="0.002"/>
  <testcase name="repetition 1428 of 5000" classname="com.mindhub.homebanking.HomebankingApplicationTest" time="0.001"/>
  <testcase name="repetition 1429 of 5000" classname="com.mindhub.homebanking.HomebankingApplicationTest" time="0.002"/>
  <testcase name="repetition 1430 of 5000" classname="com.mindhub.homebanking.HomebankingApplicationTest" time="0.001"/>
  <testcase name="repetition 1431 of 5000" classname="com.mindhub.homebanking.HomebankingApplicationTest" time="0.001"/>
  <testcase name="repetition 1432 of 5000" classname="com.mindhub.homebanking.HomebankingApplicationTest" time="0.0"/>
  <testcase name="repetition 1433 of 5000" classname="com.mindhub.homebanking.HomebankingApplicationTest" time="0.001"/>
  <testcase name="repetition 1434 of 5000" classname="com.mindhub.homebanking.HomebankingApplicationTest" time="0.001"/>
  <testcase name="repetition 1435 of 5000" classname="com.mindhub.homebanking.HomebankingApplicationTest" time="0.001"/>
  <testcase name="repetition 1436 of 5000" classname="com.mindhub.homebanking.HomebankingApplicationTest" time="0.001"/>
  <testcase name="repetition 1437 of 5000" classname="com.mindhub.homebanking.HomebankingApplicationTest" time="0.001"/>
  <testcase name="repetition 1438 of 5000" classname="com.mindhub.homebanking.HomebankingApplicationTest" time="0.0"/>
  <testcase name="repetition 1439 of 5000" classname="com.mindhub.homebanking.HomebankingApplicationTest" time="0.001"/>
  <testcase name="repetition 1440 of 5000" classname="com.mindhub.homebanking.HomebankingApplicationTest" time="0.001"/>
  <testcase name="repetition 1441 of 5000" classname="com.mindhub.homebanking.HomebankingApplicationTest" time="0.0"/>
  <testcase name="repetition 1442 of 5000" classname="com.mindhub.homebanking.HomebankingApplicationTest" time="0.001"/>
  <testcase name="repetition 1443 of 5000" classname="com.mindhub.homebanking.HomebankingApplicationTest" time="0.0"/>
  <testcase name="repetition 1444 of 5000" classname="com.mindhub.homebanking.HomebankingApplicationTest" time="0.001"/>
  <testcase name="repetition 1445 of 5000" classname="com.mindhub.homebanking.HomebankingApplicationTest" time="0.0"/>
  <testcase name="repetition 1446 of 5000" classname="com.mindhub.homebanking.HomebankingApplicationTest" time="0.001"/>
  <testcase name="repetition 1447 of 5000" classname="com.mindhub.homebanking.HomebankingApplicationTest" time="0.002"/>
  <testcase name="repetition 1448 of 5000" classname="com.mindhub.homebanking.HomebankingApplicationTest" time="0.001"/>
  <testcase name="repetition 1449 of 5000" classname="com.mindhub.homebanking.HomebankingApplicationTest" time="0.0"/>
  <testcase name="repetition 1450 of 5000" classname="com.mindhub.homebanking.HomebankingApplicationTest" time="0.001"/>
  <testcase name="repetition 1451 of 5000" classname="com.mindhub.homebanking.HomebankingApplicationTest" time="0.001"/>
  <testcase name="repetition 1452 of 5000" classname="com.mindhub.homebanking.HomebankingApplicationTest" time="0.001"/>
  <testcase name="repetition 1453 of 5000" classname="com.mindhub.homebanking.HomebankingApplicationTest" time="0.001"/>
  <testcase name="repetition 1454 of 5000" classname="com.mindhub.homebanking.HomebankingApplicationTest" time="0.001"/>
  <testcase name="repetition 1455 of 5000" classname="com.mindhub.homebanking.HomebankingApplicationTest" time="0.001"/>
  <testcase name="repetition 1456 of 5000" classname="com.mindhub.homebanking.HomebankingApplicationTest" time="0.001"/>
  <testcase name="repetition 1457 of 5000" classname="com.mindhub.homebanking.HomebankingApplicationTest" time="0.002"/>
  <testcase name="repetition 1458 of 5000" classname="com.mindhub.homebanking.HomebankingApplicationTest" time="0.001"/>
  <testcase name="repetition 1459 of 5000" classname="com.mindhub.homebanking.HomebankingApplicationTest" time="0.0"/>
  <testcase name="repetition 1460 of 5000" classname="com.mindhub.homebanking.HomebankingApplicationTest" time="0.0"/>
  <testcase name="repetition 1461 of 5000" classname="com.mindhub.homebanking.HomebankingApplicationTest" time="0.0"/>
  <testcase name="repetition 1462 of 5000" classname="com.mindhub.homebanking.HomebankingApplicationTest" time="0.0"/>
  <testcase name="repetition 1463 of 5000" classname="com.mindhub.homebanking.HomebankingApplicationTest" time="0.0"/>
  <testcase name="repetition 1464 of 5000" classname="com.mindhub.homebanking.HomebankingApplicationTest" time="0.0"/>
  <testcase name="repetition 1465 of 5000" classname="com.mindhub.homebanking.HomebankingApplicationTest" time="0.001"/>
  <testcase name="repetition 1466 of 5000" classname="com.mindhub.homebanking.HomebankingApplicationTest" time="0.001"/>
  <testcase name="repetition 1467 of 5000" classname="com.mindhub.homebanking.HomebankingApplicationTest" time="0.0"/>
  <testcase name="repetition 1468 of 5000" classname="com.mindhub.homebanking.HomebankingApplicationTest" time="0.001"/>
  <testcase name="repetition 1469 of 5000" classname="com.mindhub.homebanking.HomebankingApplicationTest" time="0.001"/>
  <testcase name="repetition 1470 of 5000" classname="com.mindhub.homebanking.HomebankingApplicationTest" time="0.001"/>
  <testcase name="repetition 1471 of 5000" classname="com.mindhub.homebanking.HomebankingApplicationTest" time="0.0"/>
  <testcase name="repetition 1472 of 5000" classname="com.mindhub.homebanking.HomebankingApplicationTest" time="0.0"/>
  <testcase name="repetition 1473 of 5000" classname="com.mindhub.homebanking.HomebankingApplicationTest" time="0.001"/>
  <testcase name="repetition 1474 of 5000" classname="com.mindhub.homebanking.HomebankingApplicationTest" time="0.001"/>
  <testcase name="repetition 1475 of 5000" classname="com.mindhub.homebanking.HomebankingApplicationTest" time="0.001"/>
  <testcase name="repetition 1476 of 5000" classname="com.mindhub.homebanking.HomebankingApplicationTest" time="0.0"/>
  <testcase name="repetition 1477 of 5000" classname="com.mindhub.homebanking.HomebankingApplicationTest" time="0.001"/>
  <testcase name="repetition 1478 of 5000" classname="com.mindhub.homebanking.HomebankingApplicationTest" time="0.001"/>
  <testcase name="repetition 1479 of 5000" classname="com.mindhub.homebanking.HomebankingApplicationTest" time="0.0"/>
  <testcase name="repetition 1480 of 5000" classname="com.mindhub.homebanking.HomebankingApplicationTest" time="0.0"/>
  <testcase name="repetition 1481 of 5000" classname="com.mindhub.homebanking.HomebankingApplicationTest" time="0.001"/>
  <testcase name="repetition 1482 of 5000" classname="com.mindhub.homebanking.HomebankingApplicationTest" time="0.001"/>
  <testcase name="repetition 1483 of 5000" classname="com.mindhub.homebanking.HomebankingApplicationTest" time="0.001"/>
  <testcase name="repetition 1484 of 5000" classname="com.mindhub.homebanking.HomebankingApplicationTest" time="0.001"/>
  <testcase name="repetition 1485 of 5000" classname="com.mindhub.homebanking.HomebankingApplicationTest" time="0.001"/>
  <testcase name="repetition 1486 of 5000" classname="com.mindhub.homebanking.HomebankingApplicationTest" time="0.0"/>
  <testcase name="repetition 1487 of 5000" classname="com.mindhub.homebanking.HomebankingApplicationTest" time="0.001"/>
  <testcase name="repetition 1488 of 5000" classname="com.mindhub.homebanking.HomebankingApplicationTest" time="0.001"/>
  <testcase name="repetition 1489 of 5000" classname="com.mindhub.homebanking.HomebankingApplicationTest" time="0.001"/>
  <testcase name="repetition 1490 of 5000" classname="com.mindhub.homebanking.HomebankingApplicationTest" time="0.001"/>
  <testcase name="repetition 1491 of 5000" classname="com.mindhub.homebanking.HomebankingApplicationTest" time="0.001"/>
  <testcase name="repetition 1492 of 5000" classname="com.mindhub.homebanking.HomebankingApplicationTest" time="0.001"/>
  <testcase name="repetition 1493 of 5000" classname="com.mindhub.homebanking.HomebankingApplicationTest" time="0.001"/>
  <testcase name="repetition 1494 of 5000" classname="com.mindhub.homebanking.HomebankingApplicationTest" time="0.0"/>
  <testcase name="repetition 1495 of 5000" classname="com.mindhub.homebanking.HomebankingApplicationTest" time="0.001"/>
  <testcase name="repetition 1496 of 5000" classname="com.mindhub.homebanking.HomebankingApplicationTest" time="0.001"/>
  <testcase name="repetition 1497 of 5000" classname="com.mindhub.homebanking.HomebankingApplicationTest" time="0.001"/>
  <testcase name="repetition 1498 of 5000" classname="com.mindhub.homebanking.HomebankingApplicationTest" time="0.001"/>
  <testcase name="repetition 1499 of 5000" classname="com.mindhub.homebanking.HomebankingApplicationTest" time="0.001"/>
  <testcase name="repetition 1500 of 5000" classname="com.mindhub.homebanking.HomebankingApplicationTest" time="0.0"/>
  <testcase name="repetition 1501 of 5000" classname="com.mindhub.homebanking.HomebankingApplicationTest" time="0.001"/>
  <testcase name="repetition 1502 of 5000" classname="com.mindhub.homebanking.HomebankingApplicationTest" time="0.0"/>
  <testcase name="repetition 1503 of 5000" classname="com.mindhub.homebanking.HomebankingApplicationTest" time="0.001"/>
  <testcase name="repetition 1504 of 5000" classname="com.mindhub.homebanking.HomebankingApplicationTest" time="0.0"/>
  <testcase name="repetition 1505 of 5000" classname="com.mindhub.homebanking.HomebankingApplicationTest" time="0.001"/>
  <testcase name="repetition 1506 of 5000" classname="com.mindhub.homebanking.HomebankingApplicationTest" time="0.001"/>
  <testcase name="repetition 1507 of 5000" classname="com.mindhub.homebanking.HomebankingApplicationTest" time="0.0"/>
  <testcase name="repetition 1508 of 5000" classname="com.mindhub.homebanking.HomebankingApplicationTest" time="0.001"/>
  <testcase name="repetition 1509 of 5000" classname="com.mindhub.homebanking.HomebankingApplicationTest" time="0.0"/>
  <testcase name="repetition 1510 of 5000" classname="com.mindhub.homebanking.HomebankingApplicationTest" time="0.001"/>
  <testcase name="repetition 1511 of 5000" classname="com.mindhub.homebanking.HomebankingApplicationTest" time="0.001"/>
  <testcase name="repetition 1512 of 5000" classname="com.mindhub.homebanking.HomebankingApplicationTest" time="0.0"/>
  <testcase name="repetition 1513 of 5000" classname="com.mindhub.homebanking.HomebankingApplicationTest" time="0.001"/>
  <testcase name="repetition 1514 of 5000" classname="com.mindhub.homebanking.HomebankingApplicationTest" time="0.0"/>
  <testcase name="repetition 1515 of 5000" classname="com.mindhub.homebanking.HomebankingApplicationTest" time="0.001"/>
  <testcase name="repetition 1516 of 5000" classname="com.mindhub.homebanking.HomebankingApplicationTest" time="0.001"/>
  <testcase name="repetition 1517 of 5000" classname="com.mindhub.homebanking.HomebankingApplicationTest" time="0.001"/>
  <testcase name="repetition 1518 of 5000" classname="com.mindhub.homebanking.HomebankingApplicationTest" time="0.001"/>
  <testcase name="repetition 1519 of 5000" classname="com.mindhub.homebanking.HomebankingApplicationTest" time="0.002"/>
  <testcase name="repetition 1520 of 5000" classname="com.mindhub.homebanking.HomebankingApplicationTest" time="0.0"/>
  <testcase name="repetition 1521 of 5000" classname="com.mindhub.homebanking.HomebankingApplicationTest" time="0.0"/>
  <testcase name="repetition 1522 of 5000" classname="com.mindhub.homebanking.HomebankingApplicationTest" time="0.001"/>
  <testcase name="repetition 1523 of 5000" classname="com.mindhub.homebanking.HomebankingApplicationTest" time="0.0"/>
  <testcase name="repetition 1524 of 5000" classname="com.mindhub.homebanking.HomebankingApplicationTest" time="0.001"/>
  <testcase name="repetition 1525 of 5000" classname="com.mindhub.homebanking.HomebankingApplicationTest" time="0.001"/>
  <testcase name="repetition 1526 of 5000" classname="com.mindhub.homebanking.HomebankingApplicationTest" time="0.001"/>
  <testcase name="repetition 1527 of 5000" classname="com.mindhub.homebanking.HomebankingApplicationTest" time="0.001"/>
  <testcase name="repetition 1528 of 5000" classname="com.mindhub.homebanking.HomebankingApplicationTest" time="0.001"/>
  <testcase name="repetition 1529 of 5000" classname="com.mindhub.homebanking.HomebankingApplicationTest" time="0.001"/>
  <testcase name="repetition 1530 of 5000" classname="com.mindhub.homebanking.HomebankingApplicationTest" time="0.0"/>
  <testcase name="repetition 1531 of 5000" classname="com.mindhub.homebanking.HomebankingApplicationTest" time="0.0"/>
  <testcase name="repetition 1532 of 5000" classname="com.mindhub.homebanking.HomebankingApplicationTest" time="0.001"/>
  <testcase name="repetition 1533 of 5000" classname="com.mindhub.homebanking.HomebankingApplicationTest" time="0.001"/>
  <testcase name="repetition 1534 of 5000" classname="com.mindhub.homebanking.HomebankingApplicationTest" time="0.0"/>
  <testcase name="repetition 1535 of 5000" classname="com.mindhub.homebanking.HomebankingApplicationTest" time="0.001"/>
  <testcase name="repetition 1536 of 5000" classname="com.mindhub.homebanking.HomebankingApplicationTest" time="0.001"/>
  <testcase name="repetition 1537 of 5000" classname="com.mindhub.homebanking.HomebankingApplicationTest" time="0.001"/>
  <testcase name="repetition 1538 of 5000" classname="com.mindhub.homebanking.HomebankingApplicationTest" time="0.001"/>
  <testcase name="repetition 1539 of 5000" classname="com.mindhub.homebanking.HomebankingApplicationTest" time="0.001"/>
  <testcase name="repetition 1540 of 5000" classname="com.mindhub.homebanking.HomebankingApplicationTest" time="0.001"/>
  <testcase name="repetition 1541 of 5000" classname="com.mindhub.homebanking.HomebankingApplicationTest" time="0.001"/>
  <testcase name="repetition 1542 of 5000" classname="com.mindhub.homebanking.HomebankingApplicationTest" time="0.001"/>
  <testcase name="repetition 1543 of 5000" classname="com.mindhub.homebanking.HomebankingApplicationTest" time="0.002"/>
  <testcase name="repetition 1544 of 5000" classname="com.mindhub.homebanking.HomebankingApplicationTest" time="0.001"/>
  <testcase name="repetition 1545 of 5000" classname="com.mindhub.homebanking.HomebankingApplicationTest" time="0.001"/>
  <testcase name="repetition 1546 of 5000" classname="com.mindhub.homebanking.HomebankingApplicationTest" time="0.001"/>
  <testcase name="repetition 1547 of 5000" classname="com.mindhub.homebanking.HomebankingApplicationTest" time="0.001"/>
  <testcase name="repetition 1548 of 5000" classname="com.mindhub.homebanking.HomebankingApplicationTest" time="0.001"/>
  <testcase name="repetition 1549 of 5000" classname="com.mindhub.homebanking.HomebankingApplicationTest" time="0.001"/>
  <testcase name="repetition 1550 of 5000" classname="com.mindhub.homebanking.HomebankingApplicationTest" time="0.001"/>
  <testcase name="repetition 1551 of 5000" classname="com.mindhub.homebanking.HomebankingApplicationTest" time="0.0"/>
  <testcase name="repetition 1552 of 5000" classname="com.mindhub.homebanking.HomebankingApplicationTest" time="0.0"/>
  <testcase name="repetition 1553 of 5000" classname="com.mindhub.homebanking.HomebankingApplicationTest" time="0.001"/>
  <testcase name="repetition 1554 of 5000" classname="com.mindhub.homebanking.HomebankingApplicationTest" time="0.001"/>
  <testcase name="repetition 1555 of 5000" classname="com.mindhub.homebanking.HomebankingApplicationTest" time="0.001"/>
  <testcase name="repetition 1556 of 5000" classname="com.mindhub.homebanking.HomebankingApplicationTest" time="0.0"/>
  <testcase name="repetition 1557 of 5000" classname="com.mindhub.homebanking.HomebankingApplicationTest" time="0.002"/>
  <testcase name="repetition 1558 of 5000" classname="com.mindhub.homebanking.HomebankingApplicationTest" time="0.001"/>
  <testcase name="repetition 1559 of 5000" classname="com.mindhub.homebanking.HomebankingApplicationTest" time="0.001"/>
  <testcase name="repetition 1560 of 5000" classname="com.mindhub.homebanking.HomebankingApplicationTest" time="0.001"/>
  <testcase name="repetition 1561 of 5000" classname="com.mindhub.homebanking.HomebankingApplicationTest" time="0.001"/>
  <testcase name="repetition 1562 of 5000" classname="com.mindhub.homebanking.HomebankingApplicationTest" time="0.001"/>
  <testcase name="repetition 1563 of 5000" classname="com.mindhub.homebanking.HomebankingApplicationTest" time="0.001"/>
  <testcase name="repetition 1564 of 5000" classname="com.mindhub.homebanking.HomebankingApplicationTest" time="0.0"/>
  <testcase name="repetition 1565 of 5000" classname="com.mindhub.homebanking.HomebankingApplicationTest" time="0.001"/>
  <testcase name="repetition 1566 of 5000" classname="com.mindhub.homebanking.HomebankingApplicationTest" time="0.001"/>
  <testcase name="repetition 1567 of 5000" classname="com.mindhub.homebanking.HomebankingApplicationTest" time="0.001"/>
  <testcase name="repetition 1568 of 5000" classname="com.mindhub.homebanking.HomebankingApplicationTest" time="0.0"/>
  <testcase name="repetition 1569 of 5000" classname="com.mindhub.homebanking.HomebankingApplicationTest" time="0.001"/>
  <testcase name="repetition 1570 of 5000" classname="com.mindhub.homebanking.HomebankingApplicationTest" time="0.001"/>
  <testcase name="repetition 1571 of 5000" classname="com.mindhub.homebanking.HomebankingApplicationTest" time="0.0"/>
  <testcase name="repetition 1572 of 5000" classname="com.mindhub.homebanking.HomebankingApplicationTest" time="0.0"/>
  <testcase name="repetition 1573 of 5000" classname="com.mindhub.homebanking.HomebankingApplicationTest" time="0.002"/>
  <testcase name="repetition 1574 of 5000" classname="com.mindhub.homebanking.HomebankingApplicationTest" time="0.002"/>
  <testcase name="repetition 1575 of 5000" classname="com.mindhub.homebanking.HomebankingApplicationTest" time="0.001"/>
  <testcase name="repetition 1576 of 5000" classname="com.mindhub.homebanking.HomebankingApplicationTest" time="0.001"/>
  <testcase name="repetition 1577 of 5000" classname="com.mindhub.homebanking.HomebankingApplicationTest" time="0.001"/>
  <testcase name="repetition 1578 of 5000" classname="com.mindhub.homebanking.HomebankingApplicationTest" time="0.001"/>
  <testcase name="repetition 1579 of 5000" classname="com.mindhub.homebanking.HomebankingApplicationTest" time="0.001"/>
  <testcase name="repetition 1580 of 5000" classname="com.mindhub.homebanking.HomebankingApplicationTest" time="0.001"/>
  <testcase name="repetition 1581 of 5000" classname="com.mindhub.homebanking.HomebankingApplicationTest" time="0.001"/>
  <testcase name="repetition 1582 of 5000" classname="com.mindhub.homebanking.HomebankingApplicationTest" time="0.001"/>
  <testcase name="repetition 1583 of 5000" classname="com.mindhub.homebanking.HomebankingApplicationTest" time="0.001"/>
  <testcase name="repetition 1584 of 5000" classname="com.mindhub.homebanking.HomebankingApplicationTest" time="0.0"/>
  <testcase name="repetition 1585 of 5000" classname="com.mindhub.homebanking.HomebankingApplicationTest" time="0.0"/>
  <testcase name="repetition 1586 of 5000" classname="com.mindhub.homebanking.HomebankingApplicationTest" time="0.001"/>
  <testcase name="repetition 1587 of 5000" classname="com.mindhub.homebanking.HomebankingApplicationTest" time="0.0"/>
  <testcase name="repetition 1588 of 5000" classname="com.mindhub.homebanking.HomebankingApplicationTest" time="0.001"/>
  <testcase name="repetition 1589 of 5000" classname="com.mindhub.homebanking.HomebankingApplicationTest" time="0.001"/>
  <testcase name="repetition 1590 of 5000" classname="com.mindhub.homebanking.HomebankingApplicationTest" time="0.002"/>
  <testcase name="repetition 1591 of 5000" classname="com.mindhub.homebanking.HomebankingApplicationTest" time="0.001"/>
  <testcase name="repetition 1592 of 5000" classname="com.mindhub.homebanking.HomebankingApplicationTest" time="0.001"/>
  <testcase name="repetition 1593 of 5000" classname="com.mindhub.homebanking.HomebankingApplicationTest" time="0.001"/>
  <testcase name="repetition 1594 of 5000" classname="com.mindhub.homebanking.HomebankingApplicationTest" time="0.0"/>
  <testcase name="repetition 1595 of 5000" classname="com.mindhub.homebanking.HomebankingApplicationTest" time="0.0"/>
  <testcase name="repetition 1596 of 5000" classname="com.mindhub.homebanking.HomebankingApplicationTest" time="0.001"/>
  <testcase name="repetition 1597 of 5000" classname="com.mindhub.homebanking.HomebankingApplicationTest" time="0.001"/>
  <testcase name="repetition 1598 of 5000" classname="com.mindhub.homebanking.HomebankingApplicationTest" time="0.0"/>
  <testcase name="repetition 1599 of 5000" classname="com.mindhub.homebanking.HomebankingApplicationTest" time="0.0"/>
  <testcase name="repetition 1600 of 5000" classname="com.mindhub.homebanking.HomebankingApplicationTest" time="0.001"/>
  <testcase name="repetition 1601 of 5000" classname="com.mindhub.homebanking.HomebankingApplicationTest" time="0.001"/>
  <testcase name="repetition 1602 of 5000" classname="com.mindhub.homebanking.HomebankingApplicationTest" time="0.001"/>
  <testcase name="repetition 1603 of 5000" classname="com.mindhub.homebanking.HomebankingApplicationTest" time="0.0"/>
  <testcase name="repetition 1604 of 5000" classname="com.mindhub.homebanking.HomebankingApplicationTest" time="0.0"/>
  <testcase name="repetition 1605 of 5000" classname="com.mindhub.homebanking.HomebankingApplicationTest" time="0.0"/>
  <testcase name="repetition 1606 of 5000" classname="com.mindhub.homebanking.HomebankingApplicationTest" time="0.001"/>
  <testcase name="repetition 1607 of 5000" classname="com.mindhub.homebanking.HomebankingApplicationTest" time="0.001"/>
  <testcase name="repetition 1608 of 5000" classname="com.mindhub.homebanking.HomebankingApplicationTest" time="0.001"/>
  <testcase name="repetition 1609 of 5000" classname="com.mindhub.homebanking.HomebankingApplicationTest" time="0.001"/>
  <testcase name="repetition 1610 of 5000" classname="com.mindhub.homebanking.HomebankingApplicationTest" time="0.001"/>
  <testcase name="repetition 1611 of 5000" classname="com.mindhub.homebanking.HomebankingApplicationTest" time="0.001"/>
  <testcase name="repetition 1612 of 5000" classname="com.mindhub.homebanking.HomebankingApplicationTest" time="0.001"/>
  <testcase name="repetition 1613 of 5000" classname="com.mindhub.homebanking.HomebankingApplicationTest" time="0.001"/>
  <testcase name="repetition 1614 of 5000" classname="com.mindhub.homebanking.HomebankingApplicationTest" time="0.001"/>
  <testcase name="repetition 1615 of 5000" classname="com.mindhub.homebanking.HomebankingApplicationTest" time="0.001"/>
  <testcase name="repetition 1616 of 5000" classname="com.mindhub.homebanking.HomebankingApplicationTest" time="0.001"/>
  <testcase name="repetition 1617 of 5000" classname="com.mindhub.homebanking.HomebankingApplicationTest" time="0.001"/>
  <testcase name="repetition 1618 of 5000" classname="com.mindhub.homebanking.HomebankingApplicationTest" time="0.001"/>
  <testcase name="repetition 1619 of 5000" classname="com.mindhub.homebanking.HomebankingApplicationTest" time="0.001"/>
  <testcase name="repetition 1620 of 5000" classname="com.mindhub.homebanking.HomebankingApplicationTest" time="0.001"/>
  <testcase name="repetition 1621 of 5000" classname="com.mindhub.homebanking.HomebankingApplicationTest" time="0.001"/>
  <testcase name="repetition 1622 of 5000" classname="com.mindhub.homebanking.HomebankingApplicationTest" time="0.001"/>
  <testcase name="repetition 1623 of 5000" classname="com.mindhub.homebanking.HomebankingApplicationTest" time="0.002"/>
  <testcase name="repetition 1624 of 5000" classname="com.mindhub.homebanking.HomebankingApplicationTest" time="0.001"/>
  <testcase name="repetition 1625 of 5000" classname="com.mindhub.homebanking.HomebankingApplicationTest" time="0.001"/>
  <testcase name="repetition 1626 of 5000" classname="com.mindhub.homebanking.HomebankingApplicationTest" time="0.001"/>
  <testcase name="repetition 1627 of 5000" classname="com.mindhub.homebanking.HomebankingApplicationTest" time="0.002"/>
  <testcase name="repetition 1628 of 5000" classname="com.mindhub.homebanking.HomebankingApplicationTest" time="0.002"/>
  <testcase name="repetition 1629 of 5000" classname="com.mindhub.homebanking.HomebankingApplicationTest" time="0.001"/>
  <testcase name="repetition 1630 of 5000" classname="com.mindhub.homebanking.HomebankingApplicationTest" time="0.001"/>
  <testcase name="repetition 1631 of 5000" classname="com.mindhub.homebanking.HomebankingApplicationTest" time="0.0"/>
  <testcase name="repetition 1632 of 5000" classname="com.mindhub.homebanking.HomebankingApplicationTest" time="0.001"/>
  <testcase name="repetition 1633 of 5000" classname="com.mindhub.homebanking.HomebankingApplicationTest" time="0.0"/>
  <testcase name="repetition 1634 of 5000" classname="com.mindhub.homebanking.HomebankingApplicationTest" time="0.0"/>
  <testcase name="repetition 1635 of 5000" classname="com.mindhub.homebanking.HomebankingApplicationTest" time="0.001"/>
  <testcase name="repetition 1636 of 5000" classname="com.mindhub.homebanking.HomebankingApplicationTest" time="0.001"/>
  <testcase name="repetition 1637 of 5000" classname="com.mindhub.homebanking.HomebankingApplicationTest" time="0.002"/>
  <testcase name="repetition 1638 of 5000" classname="com.mindhub.homebanking.HomebankingApplicationTest" time="0.002"/>
  <testcase name="repetition 1639 of 5000" classname="com.mindhub.homebanking.HomebankingApplicationTest" time="0.0"/>
  <testcase name="repetition 1640 of 5000" classname="com.mindhub.homebanking.HomebankingApplicationTest" time="0.001"/>
  <testcase name="repetition 1641 of 5000" classname="com.mindhub.homebanking.HomebankingApplicationTest" time="0.001"/>
  <testcase name="repetition 1642 of 5000" classname="com.mindhub.homebanking.HomebankingApplicationTest" time="0.001"/>
  <testcase name="repetition 1643 of 5000" classname="com.mindhub.homebanking.HomebankingApplicationTest" time="0.001"/>
  <testcase name="repetition 1644 of 5000" classname="com.mindhub.homebanking.HomebankingApplicationTest" time="0.001"/>
  <testcase name="repetition 1645 of 5000" classname="com.mindhub.homebanking.HomebankingApplicationTest" time="0.001"/>
  <testcase name="repetition 1646 of 5000" classname="com.mindhub.homebanking.HomebankingApplicationTest" time="0.001"/>
  <testcase name="repetition 1647 of 5000" classname="com.mindhub.homebanking.HomebankingApplicationTest" time="0.0"/>
  <testcase name="repetition 1648 of 5000" classname="com.mindhub.homebanking.HomebankingApplicationTest" time="0.001"/>
  <testcase name="repetition 1649 of 5000" classname="com.mindhub.homebanking.HomebankingApplicationTest" time="0.001"/>
  <testcase name="repetition 1650 of 5000" classname="com.mindhub.homebanking.HomebankingApplicationTest" time="0.0"/>
  <testcase name="repetition 1651 of 5000" classname="com.mindhub.homebanking.HomebankingApplicationTest" time="0.002"/>
  <testcase name="repetition 1652 of 5000" classname="com.mindhub.homebanking.HomebankingApplicationTest" time="0.001"/>
  <testcase name="repetition 1653 of 5000" classname="com.mindhub.homebanking.HomebankingApplicationTest" time="0.001"/>
  <testcase name="repetition 1654 of 5000" classname="com.mindhub.homebanking.HomebankingApplicationTest" time="0.001"/>
  <testcase name="repetition 1655 of 5000" classname="com.mindhub.homebanking.HomebankingApplicationTest" time="0.001"/>
  <testcase name="repetition 1656 of 5000" classname="com.mindhub.homebanking.HomebankingApplicationTest" time="0.001"/>
  <testcase name="repetition 1657 of 5000" classname="com.mindhub.homebanking.HomebankingApplicationTest" time="0.001"/>
  <testcase name="repetition 1658 of 5000" classname="com.mindhub.homebanking.HomebankingApplicationTest" time="0.001"/>
  <testcase name="repetition 1659 of 5000" classname="com.mindhub.homebanking.HomebankingApplicationTest" time="0.001"/>
  <testcase name="repetition 1660 of 5000" classname="com.mindhub.homebanking.HomebankingApplicationTest" time="0.001"/>
  <testcase name="repetition 1661 of 5000" classname="com.mindhub.homebanking.HomebankingApplicationTest" time="0.002"/>
  <testcase name="repetition 1662 of 5000" classname="com.mindhub.homebanking.HomebankingApplicationTest" time="0.001"/>
  <testcase name="repetition 1663 of 5000" classname="com.mindhub.homebanking.HomebankingApplicationTest" time="0.001"/>
  <testcase name="repetition 1664 of 5000" classname="com.mindhub.homebanking.HomebankingApplicationTest" time="0.001"/>
  <testcase name="repetition 1665 of 5000" classname="com.mindhub.homebanking.HomebankingApplicationTest" time="0.002"/>
  <testcase name="repetition 1666 of 5000" classname="com.mindhub.homebanking.HomebankingApplicationTest" time="0.001"/>
  <testcase name="repetition 1667 of 5000" classname="com.mindhub.homebanking.HomebankingApplicationTest" time="0.001"/>
  <testcase name="repetition 1668 of 5000" classname="com.mindhub.homebanking.HomebankingApplicationTest" time="0.001"/>
  <testcase name="repetition 1669 of 5000" classname="com.mindhub.homebanking.HomebankingApplicationTest" time="0.001"/>
  <testcase name="repetition 1670 of 5000" classname="com.mindhub.homebanking.HomebankingApplicationTest" time="0.002"/>
  <testcase name="repetition 1671 of 5000" classname="com.mindhub.homebanking.HomebankingApplicationTest" time="0.001"/>
  <testcase name="repetition 1672 of 5000" classname="com.mindhub.homebanking.HomebankingApplicationTest" time="0.001"/>
  <testcase name="repetition 1673 of 5000" classname="com.mindhub.homebanking.HomebankingApplicationTest" time="0.001"/>
  <testcase name="repetition 1674 of 5000" classname="com.mindhub.homebanking.HomebankingApplicationTest" time="0.001"/>
  <testcase name="repetition 1675 of 5000" classname="com.mindhub.homebanking.HomebankingApplicationTest" time="0.001"/>
  <testcase name="repetition 1676 of 5000" classname="com.mindhub.homebanking.HomebankingApplicationTest" time="0.001"/>
  <testcase name="repetition 1677 of 5000" classname="com.mindhub.homebanking.HomebankingApplicationTest" time="0.001"/>
  <testcase name="repetition 1678 of 5000" classname="com.mindhub.homebanking.HomebankingApplicationTest" time="0.001"/>
  <testcase name="repetition 1679 of 5000" classname="com.mindhub.homebanking.HomebankingApplicationTest" time="0.001"/>
  <testcase name="repetition 1680 of 5000" classname="com.mindhub.homebanking.HomebankingApplicationTest" time="0.001"/>
  <testcase name="repetition 1681 of 5000" classname="com.mindhub.homebanking.HomebankingApplicationTest" time="0.002"/>
  <testcase name="repetition 1682 of 5000" classname="com.mindhub.homebanking.HomebankingApplicationTest" time="0.001"/>
  <testcase name="repetition 1683 of 5000" classname="com.mindhub.homebanking.HomebankingApplicationTest" time="0.001"/>
  <testcase name="repetition 1684 of 5000" classname="com.mindhub.homebanking.HomebankingApplicationTest" time="0.001"/>
  <testcase name="repetition 1685 of 5000" classname="com.mindhub.homebanking.HomebankingApplicationTest" time="0.002"/>
  <testcase name="repetition 1686 of 5000" classname="com.mindhub.homebanking.HomebankingApplicationTest" time="0.002"/>
  <testcase name="repetition 1687 of 5000" classname="com.mindhub.homebanking.HomebankingApplicationTest" time="0.001"/>
  <testcase name="repetition 1688 of 5000" classname="com.mindhub.homebanking.HomebankingApplicationTest" time="0.002"/>
  <testcase name="repetition 1689 of 5000" classname="com.mindhub.homebanking.HomebankingApplicationTest" time="0.001"/>
  <testcase name="repetition 1690 of 5000" classname="com.mindhub.homebanking.HomebankingApplicationTest" time="0.002"/>
  <testcase name="repetition 1691 of 5000" classname="com.mindhub.homebanking.HomebankingApplicationTest" time="0.001"/>
  <testcase name="repetition 1692 of 5000" classname="com.mindhub.homebanking.HomebankingApplicationTest" time="0.001"/>
  <testcase name="repetition 1693 of 5000" classname="com.mindhub.homebanking.HomebankingApplicationTest" time="0.001"/>
  <testcase name="repetition 1694 of 5000" classname="com.mindhub.homebanking.HomebankingApplicationTest" time="0.001"/>
  <testcase name="repetition 1695 of 5000" classname="com.mindhub.homebanking.HomebankingApplicationTest" time="0.0"/>
  <testcase name="repetition 1696 of 5000" classname="com.mindhub.homebanking.HomebankingApplicationTest" time="0.001"/>
  <testcase name="repetition 1697 of 5000" classname="com.mindhub.homebanking.HomebankingApplicationTest" time="0.001"/>
  <testcase name="repetition 1698 of 5000" classname="com.mindhub.homebanking.HomebankingApplicationTest" time="0.0"/>
  <testcase name="repetition 1699 of 5000" classname="com.mindhub.homebanking.HomebankingApplicationTest" time="0.001"/>
  <testcase name="repetition 1700 of 5000" classname="com.mindhub.homebanking.HomebankingApplicationTest" time="0.001"/>
  <testcase name="repetition 1701 of 5000" classname="com.mindhub.homebanking.HomebankingApplicationTest" time="0.001"/>
  <testcase name="repetition 1702 of 5000" classname="com.mindhub.homebanking.HomebankingApplicationTest" time="0.001"/>
  <testcase name="repetition 1703 of 5000" classname="com.mindhub.homebanking.HomebankingApplicationTest" time="0.001"/>
  <testcase name="repetition 1704 of 5000" classname="com.mindhub.homebanking.HomebankingApplicationTest" time="0.001"/>
  <testcase name="repetition 1705 of 5000" classname="com.mindhub.homebanking.HomebankingApplicationTest" time="0.001"/>
  <testcase name="repetition 1706 of 5000" classname="com.mindhub.homebanking.HomebankingApplicationTest" time="0.001"/>
  <testcase name="repetition 1707 of 5000" classname="com.mindhub.homebanking.HomebankingApplicationTest" time="0.0"/>
  <testcase name="repetition 1708 of 5000" classname="com.mindhub.homebanking.HomebankingApplicationTest" time="0.001"/>
  <testcase name="repetition 1709 of 5000" classname="com.mindhub.homebanking.HomebankingApplicationTest" time="0.001"/>
  <testcase name="repetition 1710 of 5000" classname="com.mindhub.homebanking.HomebankingApplicationTest" time="0.001"/>
  <testcase name="repetition 1711 of 5000" classname="com.mindhub.homebanking.HomebankingApplicationTest" time="0.001"/>
  <testcase name="repetition 1712 of 5000" classname="com.mindhub.homebanking.HomebankingApplicationTest" time="0.001"/>
  <testcase name="repetition 1713 of 5000" classname="com.mindhub.homebanking.HomebankingApplicationTest" time="0.002"/>
  <testcase name="repetition 1714 of 5000" classname="com.mindhub.homebanking.HomebankingApplicationTest" time="0.001"/>
  <testcase name="repetition 1715 of 5000" classname="com.mindhub.homebanking.HomebankingApplicationTest" time="0.001"/>
  <testcase name="repetition 1716 of 5000" classname="com.mindhub.homebanking.HomebankingApplicationTest" time="0.002"/>
  <testcase name="repetition 1717 of 5000" classname="com.mindhub.homebanking.HomebankingApplicationTest" time="0.001"/>
  <testcase name="repetition 1718 of 5000" classname="com.mindhub.homebanking.HomebankingApplicationTest" time="0.001"/>
  <testcase name="repetition 1719 of 5000" classname="com.mindhub.homebanking.HomebankingApplicationTest" time="0.001"/>
  <testcase name="repetition 1720 of 5000" classname="com.mindhub.homebanking.HomebankingApplicationTest" time="0.001"/>
  <testcase name="repetition 1721 of 5000" classname="com.mindhub.homebanking.HomebankingApplicationTest" time="0.001"/>
  <testcase name="repetition 1722 of 5000" classname="com.mindhub.homebanking.HomebankingApplicationTest" time="0.001"/>
  <testcase name="repetition 1723 of 5000" classname="com.mindhub.homebanking.HomebankingApplicationTest" time="0.0"/>
  <testcase name="repetition 1724 of 5000" classname="com.mindhub.homebanking.HomebankingApplicationTest" time="0.001"/>
  <testcase name="repetition 1725 of 5000" classname="com.mindhub.homebanking.HomebankingApplicationTest" time="0.001"/>
  <testcase name="repetition 1726 of 5000" classname="com.mindhub.homebanking.HomebankingApplicationTest" time="0.001"/>
  <testcase name="repetition 1727 of 5000" classname="com.mindhub.homebanking.HomebankingApplicationTest" time="0.001"/>
  <testcase name="repetition 1728 of 5000" classname="com.mindhub.homebanking.HomebankingApplicationTest" time="0.001"/>
  <testcase name="repetition 1729 of 5000" classname="com.mindhub.homebanking.HomebankingApplicationTest" time="0.001"/>
  <testcase name="repetition 1730 of 5000" classname="com.mindhub.homebanking.HomebankingApplicationTest" time="0.001"/>
  <testcase name="repetition 1731 of 5000" classname="com.mindhub.homebanking.HomebankingApplicationTest" time="0.001"/>
  <testcase name="repetition 1732 of 5000" classname="com.mindhub.homebanking.HomebankingApplicationTest" time="0.0"/>
  <testcase name="repetition 1733 of 5000" classname="com.mindhub.homebanking.HomebankingApplicationTest" time="0.001"/>
  <testcase name="repetition 1734 of 5000" classname="com.mindhub.homebanking.HomebankingApplicationTest" time="0.001"/>
  <testcase name="repetition 1735 of 5000" classname="com.mindhub.homebanking.HomebankingApplicationTest" time="0.0"/>
  <testcase name="repetition 1736 of 5000" classname="com.mindhub.homebanking.HomebankingApplicationTest" time="0.001"/>
  <testcase name="repetition 1737 of 5000" classname="com.mindhub.homebanking.HomebankingApplicationTest" time="0.0"/>
  <testcase name="repetition 1738 of 5000" classname="com.mindhub.homebanking.HomebankingApplicationTest" time="0.001"/>
  <testcase name="repetition 1739 of 5000" classname="com.mindhub.homebanking.HomebankingApplicationTest" time="0.001"/>
  <testcase name="repetition 1740 of 5000" classname="com.mindhub.homebanking.HomebankingApplicationTest" time="0.001"/>
  <testcase name="repetition 1741 of 5000" classname="com.mindhub.homebanking.HomebankingApplicationTest" time="0.001"/>
  <testcase name="repetition 1742 of 5000" classname="com.mindhub.homebanking.HomebankingApplicationTest" time="0.001"/>
  <testcase name="repetition 1743 of 5000" classname="com.mindhub.homebanking.HomebankingApplicationTest" time="0.0"/>
  <testcase name="repetition 1744 of 5000" classname="com.mindhub.homebanking.HomebankingApplicationTest" time="0.001"/>
  <testcase name="repetition 1745 of 5000" classname="com.mindhub.homebanking.HomebankingApplicationTest" time="0.001"/>
  <testcase name="repetition 1746 of 5000" classname="com.mindhub.homebanking.HomebankingApplicationTest" time="0.0"/>
  <testcase name="repetition 1747 of 5000" classname="com.mindhub.homebanking.HomebankingApplicationTest" time="0.001"/>
  <testcase name="repetition 1748 of 5000" classname="com.mindhub.homebanking.HomebankingApplicationTest" time="0.001"/>
  <testcase name="repetition 1749 of 5000" classname="com.mindhub.homebanking.HomebankingApplicationTest" time="0.001"/>
  <testcase name="repetition 1750 of 5000" classname="com.mindhub.homebanking.HomebankingApplicationTest" time="0.001"/>
  <testcase name="repetition 1751 of 5000" classname="com.mindhub.homebanking.HomebankingApplicationTest" time="0.001"/>
  <testcase name="repetition 1752 of 5000" classname="com.mindhub.homebanking.HomebankingApplicationTest" time="0.001"/>
  <testcase name="repetition 1753 of 5000" classname="com.mindhub.homebanking.HomebankingApplicationTest" time="0.001"/>
  <testcase name="repetition 1754 of 5000" classname="com.mindhub.homebanking.HomebankingApplicationTest" time="0.0"/>
  <testcase name="repetition 1755 of 5000" classname="com.mindhub.homebanking.HomebankingApplicationTest" time="0.0"/>
  <testcase name="repetition 1756 of 5000" classname="com.mindhub.homebanking.HomebankingApplicationTest" time="0.001"/>
  <testcase name="repetition 1757 of 5000" classname="com.mindhub.homebanking.HomebankingApplicationTest" time="0.0"/>
  <testcase name="repetition 1758 of 5000" classname="com.mindhub.homebanking.HomebankingApplicationTest" time="0.001"/>
  <testcase name="repetition 1759 of 5000" classname="com.mindhub.homebanking.HomebankingApplicationTest" time="0.001"/>
  <testcase name="repetition 1760 of 5000" classname="com.mindhub.homebanking.HomebankingApplicationTest" time="0.0"/>
  <testcase name="repetition 1761 of 5000" classname="com.mindhub.homebanking.HomebankingApplicationTest" time="0.001"/>
  <testcase name="repetition 1762 of 5000" classname="com.mindhub.homebanking.HomebankingApplicationTest" time="0.001"/>
  <testcase name="repetition 1763 of 5000" classname="com.mindhub.homebanking.HomebankingApplicationTest" time="0.001"/>
  <testcase name="repetition 1764 of 5000" classname="com.mindhub.homebanking.HomebankingApplicationTest" time="0.001"/>
  <testcase name="repetition 1765 of 5000" classname="com.mindhub.homebanking.HomebankingApplicationTest" time="0.001"/>
  <testcase name="repetition 1766 of 5000" classname="com.mindhub.homebanking.HomebankingApplicationTest" time="0.001"/>
  <testcase name="repetition 1767 of 5000" classname="com.mindhub.homebanking.HomebankingApplicationTest" time="0.001"/>
  <testcase name="repetition 1768 of 5000" classname="com.mindhub.homebanking.HomebankingApplicationTest" time="0.001"/>
  <testcase name="repetition 1769 of 5000" classname="com.mindhub.homebanking.HomebankingApplicationTest" time="0.0"/>
  <testcase name="repetition 1770 of 5000" classname="com.mindhub.homebanking.HomebankingApplicationTest" time="0.001"/>
  <testcase name="repetition 1771 of 5000" classname="com.mindhub.homebanking.HomebankingApplicationTest" time="0.001"/>
  <testcase name="repetition 1772 of 5000" classname="com.mindhub.homebanking.HomebankingApplicationTest" time="0.001"/>
  <testcase name="repetition 1773 of 5000" classname="com.mindhub.homebanking.HomebankingApplicationTest" time="0.001"/>
  <testcase name="repetition 1774 of 5000" classname="com.mindhub.homebanking.HomebankingApplicationTest" time="0.001"/>
  <testcase name="repetition 1775 of 5000" classname="com.mindhub.homebanking.HomebankingApplicationTest" time="0.001"/>
  <testcase name="repetition 1776 of 5000" classname="com.mindhub.homebanking.HomebankingApplicationTest" time="0.001"/>
  <testcase name="repetition 1777 of 5000" classname="com.mindhub.homebanking.HomebankingApplicationTest" time="0.001"/>
  <testcase name="repetition 1778 of 5000" classname="com.mindhub.homebanking.HomebankingApplicationTest" time="0.001"/>
  <testcase name="repetition 1779 of 5000" classname="com.mindhub.homebanking.HomebankingApplicationTest" time="0.001"/>
  <testcase name="repetition 1780 of 5000" classname="com.mindhub.homebanking.HomebankingApplicationTest" time="0.003"/>
  <testcase name="repetition 1781 of 5000" classname="com.mindhub.homebanking.HomebankingApplicationTest" time="0.001"/>
  <testcase name="repetition 1782 of 5000" classname="com.mindhub.homebanking.HomebankingApplicationTest" time="0.001"/>
  <testcase name="repetition 1783 of 5000" classname="com.mindhub.homebanking.HomebankingApplicationTest" time="0.0"/>
  <testcase name="repetition 1784 of 5000" classname="com.mindhub.homebanking.HomebankingApplicationTest" time="0.001"/>
  <testcase name="repetition 1785 of 5000" classname="com.mindhub.homebanking.HomebankingApplicationTest" time="0.0"/>
  <testcase name="repetition 1786 of 5000" classname="com.mindhub.homebanking.HomebankingApplicationTest" time="0.0"/>
  <testcase name="repetition 1787 of 5000" classname="com.mindhub.homebanking.HomebankingApplicationTest" time="0.001"/>
  <testcase name="repetition 1788 of 5000" classname="com.mindhub.homebanking.HomebankingApplicationTest" time="0.0"/>
  <testcase name="repetition 1789 of 5000" classname="com.mindhub.homebanking.HomebankingApplicationTest" time="0.0"/>
  <testcase name="repetition 1790 of 5000" classname="com.mindhub.homebanking.HomebankingApplicationTest" time="0.001"/>
  <testcase name="repetition 1791 of 5000" classname="com.mindhub.homebanking.HomebankingApplicationTest" time="0.001"/>
  <testcase name="repetition 1792 of 5000" classname="com.mindhub.homebanking.HomebankingApplicationTest" time="0.001"/>
  <testcase name="repetition 1793 of 5000" classname="com.mindhub.homebanking.HomebankingApplicationTest" time="0.001"/>
  <testcase name="repetition 1794 of 5000" classname="com.mindhub.homebanking.HomebankingApplicationTest" time="0.001"/>
  <testcase name="repetition 1795 of 5000" classname="com.mindhub.homebanking.HomebankingApplicationTest" time="0.0"/>
  <testcase name="repetition 1796 of 5000" classname="com.mindhub.homebanking.HomebankingApplicationTest" time="0.001"/>
  <testcase name="repetition 1797 of 5000" classname="com.mindhub.homebanking.HomebankingApplicationTest" time="0.001"/>
  <testcase name="repetition 1798 of 5000" classname="com.mindhub.homebanking.HomebankingApplicationTest" time="0.002"/>
  <testcase name="repetition 1799 of 5000" classname="com.mindhub.homebanking.HomebankingApplicationTest" time="0.001"/>
  <testcase name="repetition 1800 of 5000" classname="com.mindhub.homebanking.HomebankingApplicationTest" time="0.0"/>
  <testcase name="repetition 1801 of 5000" classname="com.mindhub.homebanking.HomebankingApplicationTest" time="0.0"/>
  <testcase name="repetition 1802 of 5000" classname="com.mindhub.homebanking.HomebankingApplicationTest" time="0.001"/>
  <testcase name="repetition 1803 of 5000" classname="com.mindhub.homebanking.HomebankingApplicationTest" time="0.001"/>
  <testcase name="repetition 1804 of 5000" classname="com.mindhub.homebanking.HomebankingApplicationTest" time="0.001"/>
  <testcase name="repetition 1805 of 5000" classname="com.mindhub.homebanking.HomebankingApplicationTest" time="0.0"/>
  <testcase name="repetition 1806 of 5000" classname="com.mindhub.homebanking.HomebankingApplicationTest" time="0.001"/>
  <testcase name="repetition 1807 of 5000" classname="com.mindhub.homebanking.HomebankingApplicationTest" time="0.001"/>
  <testcase name="repetition 1808 of 5000" classname="com.mindhub.homebanking.HomebankingApplicationTest" time="0.0"/>
  <testcase name="repetition 1809 of 5000" classname="com.mindhub.homebanking.HomebankingApplicationTest" time="0.001"/>
  <testcase name="repetition 1810 of 5000" classname="com.mindhub.homebanking.HomebankingApplicationTest" time="0.0"/>
  <testcase name="repetition 1811 of 5000" classname="com.mindhub.homebanking.HomebankingApplicationTest" time="0.001"/>
  <testcase name="repetition 1812 of 5000" classname="com.mindhub.homebanking.HomebankingApplicationTest" time="0.0"/>
  <testcase name="repetition 1813 of 5000" classname="com.mindhub.homebanking.HomebankingApplicationTest" time="0.001"/>
  <testcase name="repetition 1814 of 5000" classname="com.mindhub.homebanking.HomebankingApplicationTest" time="0.001"/>
  <testcase name="repetition 1815 of 5000" classname="com.mindhub.homebanking.HomebankingApplicationTest" time="0.0"/>
  <testcase name="repetition 1816 of 5000" classname="com.mindhub.homebanking.HomebankingApplicationTest" time="0.0"/>
  <testcase name="repetition 1817 of 5000" classname="com.mindhub.homebanking.HomebankingApplicationTest" time="0.001"/>
  <testcase name="repetition 1818 of 5000" classname="com.mindhub.homebanking.HomebankingApplicationTest" time="0.0"/>
  <testcase name="repetition 1819 of 5000" classname="com.mindhub.homebanking.HomebankingApplicationTest" time="0.0"/>
  <testcase name="repetition 1820 of 5000" classname="com.mindhub.homebanking.HomebankingApplicationTest" time="0.001"/>
  <testcase name="repetition 1821 of 5000" classname="com.mindhub.homebanking.HomebankingApplicationTest" time="0.0"/>
  <testcase name="repetition 1822 of 5000" classname="com.mindhub.homebanking.HomebankingApplicationTest" time="0.001"/>
  <testcase name="repetition 1823 of 5000" classname="com.mindhub.homebanking.HomebankingApplicationTest" time="0.0"/>
  <testcase name="repetition 1824 of 5000" classname="com.mindhub.homebanking.HomebankingApplicationTest" time="0.001"/>
  <testcase name="repetition 1825 of 5000" classname="com.mindhub.homebanking.HomebankingApplicationTest" time="0.001"/>
  <testcase name="repetition 1826 of 5000" classname="com.mindhub.homebanking.HomebankingApplicationTest" time="0.0"/>
  <testcase name="repetition 1827 of 5000" classname="com.mindhub.homebanking.HomebankingApplicationTest" time="0.001"/>
  <testcase name="repetition 1828 of 5000" classname="com.mindhub.homebanking.HomebankingApplicationTest" time="0.0"/>
  <testcase name="repetition 1829 of 5000" classname="com.mindhub.homebanking.HomebankingApplicationTest" time="0.001"/>
  <testcase name="repetition 1830 of 5000" classname="com.mindhub.homebanking.HomebankingApplicationTest" time="0.0"/>
  <testcase name="repetition 1831 of 5000" classname="com.mindhub.homebanking.HomebankingApplicationTest" time="0.0"/>
  <testcase name="repetition 1832 of 5000" classname="com.mindhub.homebanking.HomebankingApplicationTest" time="0.001"/>
  <testcase name="repetition 1833 of 5000" classname="com.mindhub.homebanking.HomebankingApplicationTest" time="0.0"/>
  <testcase name="repetition 1834 of 5000" classname="com.mindhub.homebanking.HomebankingApplicationTest" time="0.001"/>
  <testcase name="repetition 1835 of 5000" classname="com.mindhub.homebanking.HomebankingApplicationTest" time="0.0"/>
  <testcase name="repetition 1836 of 5000" classname="com.mindhub.homebanking.HomebankingApplicationTest" time="0.001"/>
  <testcase name="repetition 1837 of 5000" classname="com.mindhub.homebanking.HomebankingApplicationTest" time="0.0"/>
  <testcase name="repetition 1838 of 5000" classname="com.mindhub.homebanking.HomebankingApplicationTest" time="0.0"/>
  <testcase name="repetition 1839 of 5000" classname="com.mindhub.homebanking.HomebankingApplicationTest" time="0.0"/>
  <testcase name="repetition 1840 of 5000" classname="com.mindhub.homebanking.HomebankingApplicationTest" time="0.0"/>
  <testcase name="repetition 1841 of 5000" classname="com.mindhub.homebanking.HomebankingApplicationTest" time="0.0"/>
  <testcase name="repetition 1842 of 5000" classname="com.mindhub.homebanking.HomebankingApplicationTest" time="0.001"/>
  <testcase name="repetition 1843 of 5000" classname="com.mindhub.homebanking.HomebankingApplicationTest" time="0.0"/>
  <testcase name="repetition 1844 of 5000" classname="com.mindhub.homebanking.HomebankingApplicationTest" time="0.001"/>
  <testcase name="repetition 1845 of 5000" classname="com.mindhub.homebanking.HomebankingApplicationTest" time="0.001"/>
  <testcase name="repetition 1846 of 5000" classname="com.mindhub.homebanking.HomebankingApplicationTest" time="0.001"/>
  <testcase name="repetition 1847 of 5000" classname="com.mindhub.homebanking.HomebankingApplicationTest" time="0.0"/>
  <testcase name="repetition 1848 of 5000" classname="com.mindhub.homebanking.HomebankingApplicationTest" time="0.0"/>
  <testcase name="repetition 1849 of 5000" classname="com.mindhub.homebanking.HomebankingApplicationTest" time="0.001"/>
  <testcase name="repetition 1850 of 5000" classname="com.mindhub.homebanking.HomebankingApplicationTest" time="0.001"/>
  <testcase name="repetition 1851 of 5000" classname="com.mindhub.homebanking.HomebankingApplicationTest" time="0.001"/>
  <testcase name="repetition 1852 of 5000" classname="com.mindhub.homebanking.HomebankingApplicationTest" time="0.001"/>
  <testcase name="repetition 1853 of 5000" classname="com.mindhub.homebanking.HomebankingApplicationTest" time="0.0"/>
  <testcase name="repetition 1854 of 5000" classname="com.mindhub.homebanking.HomebankingApplicationTest" time="0.001"/>
  <testcase name="repetition 1855 of 5000" classname="com.mindhub.homebanking.HomebankingApplicationTest" time="0.001"/>
  <testcase name="repetition 1856 of 5000" classname="com.mindhub.homebanking.HomebankingApplicationTest" time="0.001"/>
  <testcase name="repetition 1857 of 5000" classname="com.mindhub.homebanking.HomebankingApplicationTest" time="0.001"/>
  <testcase name="repetition 1858 of 5000" classname="com.mindhub.homebanking.HomebankingApplicationTest" time="0.001"/>
  <testcase name="repetition 1859 of 5000" classname="com.mindhub.homebanking.HomebankingApplicationTest" time="0.002"/>
  <testcase name="repetition 1860 of 5000" classname="com.mindhub.homebanking.HomebankingApplicationTest" time="0.001"/>
  <testcase name="repetition 1861 of 5000" classname="com.mindhub.homebanking.HomebankingApplicationTest" time="0.001"/>
  <testcase name="repetition 1862 of 5000" classname="com.mindhub.homebanking.HomebankingApplicationTest" time="0.001"/>
  <testcase name="repetition 1863 of 5000" classname="com.mindhub.homebanking.HomebankingApplicationTest" time="0.0"/>
  <testcase name="repetition 1864 of 5000" classname="com.mindhub.homebanking.HomebankingApplicationTest" time="0.001"/>
  <testcase name="repetition 1865 of 5000" classname="com.mindhub.homebanking.HomebankingApplicationTest" time="0.001"/>
  <testcase name="repetition 1866 of 5000" classname="com.mindhub.homebanking.HomebankingApplicationTest" time="0.001"/>
  <testcase name="repetition 1867 of 5000" classname="com.mindhub.homebanking.HomebankingApplicationTest" time="0.001"/>
  <testcase name="repetition 1868 of 5000" classname="com.mindhub.homebanking.HomebankingApplicationTest" time="0.001"/>
  <testcase name="repetition 1869 of 5000" classname="com.mindhub.homebanking.HomebankingApplicationTest" time="0.0"/>
  <testcase name="repetition 1870 of 5000" classname="com.mindhub.homebanking.HomebankingApplicationTest" time="0.0"/>
  <testcase name="repetition 1871 of 5000" classname="com.mindhub.homebanking.HomebankingApplicationTest" time="0.001"/>
  <testcase name="repetition 1872 of 5000" classname="com.mindhub.homebanking.HomebankingApplicationTest" time="0.0"/>
  <testcase name="repetition 1873 of 5000" classname="com.mindhub.homebanking.HomebankingApplicationTest" time="0.0"/>
  <testcase name="repetition 1874 of 5000" classname="com.mindhub.homebanking.HomebankingApplicationTest" time="0.001"/>
  <testcase name="repetition 1875 of 5000" classname="com.mindhub.homebanking.HomebankingApplicationTest" time="0.001"/>
  <testcase name="repetition 1876 of 5000" classname="com.mindhub.homebanking.HomebankingApplicationTest" time="0.001"/>
  <testcase name="repetition 1877 of 5000" classname="com.mindhub.homebanking.HomebankingApplicationTest" time="0.0"/>
  <testcase name="repetition 1878 of 5000" classname="com.mindhub.homebanking.HomebankingApplicationTest" time="0.0"/>
  <testcase name="repetition 1879 of 5000" classname="com.mindhub.homebanking.HomebankingApplicationTest" time="0.0"/>
  <testcase name="repetition 1880 of 5000" classname="com.mindhub.homebanking.HomebankingApplicationTest" time="0.0"/>
  <testcase name="repetition 1881 of 5000" classname="com.mindhub.homebanking.HomebankingApplicationTest" time="0.001"/>
  <testcase name="repetition 1882 of 5000" classname="com.mindhub.homebanking.HomebankingApplicationTest" time="0.001"/>
  <testcase name="repetition 1883 of 5000" classname="com.mindhub.homebanking.HomebankingApplicationTest" time="0.001"/>
  <testcase name="repetition 1884 of 5000" classname="com.mindhub.homebanking.HomebankingApplicationTest" time="0.001"/>
  <testcase name="repetition 1885 of 5000" classname="com.mindhub.homebanking.HomebankingApplicationTest" time="0.0"/>
  <testcase name="repetition 1886 of 5000" classname="com.mindhub.homebanking.HomebankingApplicationTest" time="0.001"/>
  <testcase name="repetition 1887 of 5000" classname="com.mindhub.homebanking.HomebankingApplicationTest" time="0.0"/>
  <testcase name="repetition 1888 of 5000" classname="com.mindhub.homebanking.HomebankingApplicationTest" time="0.001"/>
  <testcase name="repetition 1889 of 5000" classname="com.mindhub.homebanking.HomebankingApplicationTest" time="0.001"/>
  <testcase name="repetition 1890 of 5000" classname="com.mindhub.homebanking.HomebankingApplicationTest" time="0.001"/>
  <testcase name="repetition 1891 of 5000" classname="com.mindhub.homebanking.HomebankingApplicationTest" time="0.001"/>
  <testcase name="repetition 1892 of 5000" classname="com.mindhub.homebanking.HomebankingApplicationTest" time="0.001"/>
  <testcase name="repetition 1893 of 5000" classname="com.mindhub.homebanking.HomebankingApplicationTest" time="0.001"/>
  <testcase name="repetition 1894 of 5000" classname="com.mindhub.homebanking.HomebankingApplicationTest" time="0.001"/>
  <testcase name="repetition 1895 of 5000" classname="com.mindhub.homebanking.HomebankingApplicationTest" time="0.001"/>
  <testcase name="repetition 1896 of 5000" classname="com.mindhub.homebanking.HomebankingApplicationTest" time="0.001"/>
  <testcase name="repetition 1897 of 5000" classname="com.mindhub.homebanking.HomebankingApplicationTest" time="0.0"/>
  <testcase name="repetition 1898 of 5000" classname="com.mindhub.homebanking.HomebankingApplicationTest" time="0.0"/>
  <testcase name="repetition 1899 of 5000" classname="com.mindhub.homebanking.HomebankingApplicationTest" time="0.0"/>
  <testcase name="repetition 1900 of 5000" classname="com.mindhub.homebanking.HomebankingApplicationTest" time="0.0"/>
  <testcase name="repetition 1901 of 5000" classname="com.mindhub.homebanking.HomebankingApplicationTest" time="0.001"/>
  <testcase name="repetition 1902 of 5000" classname="com.mindhub.homebanking.HomebankingApplicationTest" time="0.001"/>
  <testcase name="repetition 1903 of 5000" classname="com.mindhub.homebanking.HomebankingApplicationTest" time="0.001"/>
  <testcase name="repetition 1904 of 5000" classname="com.mindhub.homebanking.HomebankingApplicationTest" time="0.0"/>
  <testcase name="repetition 1905 of 5000" classname="com.mindhub.homebanking.HomebankingApplicationTest" time="0.001"/>
  <testcase name="repetition 1906 of 5000" classname="com.mindhub.homebanking.HomebankingApplicationTest" time="0.0"/>
  <testcase name="repetition 1907 of 5000" classname="com.mindhub.homebanking.HomebankingApplicationTest" time="0.001"/>
  <testcase name="repetition 1908 of 5000" classname="com.mindhub.homebanking.HomebankingApplicationTest" time="0.0"/>
  <testcase name="repetition 1909 of 5000" classname="com.mindhub.homebanking.HomebankingApplicationTest" time="0.0"/>
  <testcase name="repetition 1910 of 5000" classname="com.mindhub.homebanking.HomebankingApplicationTest" time="0.0"/>
  <testcase name="repetition 1911 of 5000" classname="com.mindhub.homebanking.HomebankingApplicationTest" time="0.0"/>
  <testcase name="repetition 1912 of 5000" classname="com.mindhub.homebanking.HomebankingApplicationTest" time="0.001"/>
  <testcase name="repetition 1913 of 5000" classname="com.mindhub.homebanking.HomebankingApplicationTest" time="0.0"/>
  <testcase name="repetition 1914 of 5000" classname="com.mindhub.homebanking.HomebankingApplicationTest" time="0.001"/>
  <testcase name="repetition 1915 of 5000" classname="com.mindhub.homebanking.HomebankingApplicationTest" time="0.0"/>
  <testcase name="repetition 1916 of 5000" classname="com.mindhub.homebanking.HomebankingApplicationTest" time="0.001"/>
  <testcase name="repetition 1917 of 5000" classname="com.mindhub.homebanking.HomebankingApplicationTest" time="0.0"/>
  <testcase name="repetition 1918 of 5000" classname="com.mindhub.homebanking.HomebankingApplicationTest" time="0.001"/>
  <testcase name="repetition 1919 of 5000" classname="com.mindhub.homebanking.HomebankingApplicationTest" time="0.0"/>
  <testcase name="repetition 1920 of 5000" classname="com.mindhub.homebanking.HomebankingApplicationTest" time="0.001"/>
  <testcase name="repetition 1921 of 5000" classname="com.mindhub.homebanking.HomebankingApplicationTest" time="0.0"/>
  <testcase name="repetition 1922 of 5000" classname="com.mindhub.homebanking.HomebankingApplicationTest" time="0.001"/>
  <testcase name="repetition 1923 of 5000" classname="com.mindhub.homebanking.HomebankingApplicationTest" time="0.0"/>
  <testcase name="repetition 1924 of 5000" classname="com.mindhub.homebanking.HomebankingApplicationTest" time="0.001"/>
  <testcase name="repetition 1925 of 5000" classname="com.mindhub.homebanking.HomebankingApplicationTest" time="0.001"/>
  <testcase name="repetition 1926 of 5000" classname="com.mindhub.homebanking.HomebankingApplicationTest" time="0.0"/>
  <testcase name="repetition 1927 of 5000" classname="com.mindhub.homebanking.HomebankingApplicationTest" time="0.001"/>
  <testcase name="repetition 1928 of 5000" classname="com.mindhub.homebanking.HomebankingApplicationTest" time="0.0"/>
  <testcase name="repetition 1929 of 5000" classname="com.mindhub.homebanking.HomebankingApplicationTest" time="0.001"/>
  <testcase name="repetition 1930 of 5000" classname="com.mindhub.homebanking.HomebankingApplicationTest" time="0.001"/>
  <testcase name="repetition 1931 of 5000" classname="com.mindhub.homebanking.HomebankingApplicationTest" time="0.001"/>
  <testcase name="repetition 1932 of 5000" classname="com.mindhub.homebanking.HomebankingApplicationTest" time="0.001"/>
  <testcase name="repetition 1933 of 5000" classname="com.mindhub.homebanking.HomebankingApplicationTest" time="0.0"/>
  <testcase name="repetition 1934 of 5000" classname="com.mindhub.homebanking.HomebankingApplicationTest" time="0.001"/>
  <testcase name="repetition 1935 of 5000" classname="com.mindhub.homebanking.HomebankingApplicationTest" time="0.0"/>
  <testcase name="repetition 1936 of 5000" classname="com.mindhub.homebanking.HomebankingApplicationTest" time="0.001"/>
  <testcase name="repetition 1937 of 5000" classname="com.mindhub.homebanking.HomebankingApplicationTest" time="0.001"/>
  <testcase name="repetition 1938 of 5000" classname="com.mindhub.homebanking.HomebankingApplicationTest" time="0.0"/>
  <testcase name="repetition 1939 of 5000" classname="com.mindhub.homebanking.HomebankingApplicationTest" time="0.001"/>
  <testcase name="repetition 1940 of 5000" classname="com.mindhub.homebanking.HomebankingApplicationTest" time="0.0"/>
  <testcase name="repetition 1941 of 5000" classname="com.mindhub.homebanking.HomebankingApplicationTest" time="0.001"/>
  <testcase name="repetition 1942 of 5000" classname="com.mindhub.homebanking.HomebankingApplicationTest" time="0.001"/>
  <testcase name="repetition 1943 of 5000" classname="com.mindhub.homebanking.HomebankingApplicationTest" time="0.0"/>
  <testcase name="repetition 1944 of 5000" classname="com.mindhub.homebanking.HomebankingApplicationTest" time="0.001"/>
  <testcase name="repetition 1945 of 5000" classname="com.mindhub.homebanking.HomebankingApplicationTest" time="0.001"/>
  <testcase name="repetition 1946 of 5000" classname="com.mindhub.homebanking.HomebankingApplicationTest" time="0.001"/>
  <testcase name="repetition 1947 of 5000" classname="com.mindhub.homebanking.HomebankingApplicationTest" time="0.001"/>
  <testcase name="repetition 1948 of 5000" classname="com.mindhub.homebanking.HomebankingApplicationTest" time="0.001"/>
  <testcase name="repetition 1949 of 5000" classname="com.mindhub.homebanking.HomebankingApplicationTest" time="0.001"/>
  <testcase name="repetition 1950 of 5000" classname="com.mindhub.homebanking.HomebankingApplicationTest" time="0.001"/>
  <testcase name="repetition 1951 of 5000" classname="com.mindhub.homebanking.HomebankingApplicationTest" time="0.0"/>
  <testcase name="repetition 1952 of 5000" classname="com.mindhub.homebanking.HomebankingApplicationTest" time="0.001"/>
  <testcase name="repetition 1953 of 5000" classname="com.mindhub.homebanking.HomebankingApplicationTest" time="0.001"/>
  <testcase name="repetition 1954 of 5000" classname="com.mindhub.homebanking.HomebankingApplicationTest" time="0.0"/>
  <testcase name="repetition 1955 of 5000" classname="com.mindhub.homebanking.HomebankingApplicationTest" time="0.001"/>
  <testcase name="repetition 1956 of 5000" classname="com.mindhub.homebanking.HomebankingApplicationTest" time="0.0"/>
  <testcase name="repetition 1957 of 5000" classname="com.mindhub.homebanking.HomebankingApplicationTest" time="0.0"/>
  <testcase name="repetition 1958 of 5000" classname="com.mindhub.homebanking.HomebankingApplicationTest" time="0.0"/>
  <testcase name="repetition 1959 of 5000" classname="com.mindhub.homebanking.HomebankingApplicationTest" time="0.0"/>
  <testcase name="repetition 1960 of 5000" classname="com.mindhub.homebanking.HomebankingApplicationTest" time="0.001"/>
  <testcase name="repetition 1961 of 5000" classname="com.mindhub.homebanking.HomebankingApplicationTest" time="0.0"/>
  <testcase name="repetition 1962 of 5000" classname="com.mindhub.homebanking.HomebankingApplicationTest" time="0.0"/>
  <testcase name="repetition 1963 of 5000" classname="com.mindhub.homebanking.HomebankingApplicationTest" time="0.001"/>
  <testcase name="repetition 1964 of 5000" classname="com.mindhub.homebanking.HomebankingApplicationTest" time="0.0"/>
  <testcase name="repetition 1965 of 5000" classname="com.mindhub.homebanking.HomebankingApplicationTest" time="0.001"/>
  <testcase name="repetition 1966 of 5000" classname="com.mindhub.homebanking.HomebankingApplicationTest" time="0.0"/>
  <testcase name="repetition 1967 of 5000" classname="com.mindhub.homebanking.HomebankingApplicationTest" time="0.001"/>
  <testcase name="repetition 1968 of 5000" classname="com.mindhub.homebanking.HomebankingApplicationTest" time="0.0"/>
  <testcase name="repetition 1969 of 5000" classname="com.mindhub.homebanking.HomebankingApplicationTest" time="0.001"/>
  <testcase name="repetition 1970 of 5000" classname="com.mindhub.homebanking.HomebankingApplicationTest" time="0.0"/>
  <testcase name="repetition 1971 of 5000" classname="com.mindhub.homebanking.HomebankingApplicationTest" time="0.001"/>
  <testcase name="repetition 1972 of 5000" classname="com.mindhub.homebanking.HomebankingApplicationTest" time="0.0"/>
  <testcase name="repetition 1973 of 5000" classname="com.mindhub.homebanking.HomebankingApplicationTest" time="0.001"/>
  <testcase name="repetition 1974 of 5000" classname="com.mindhub.homebanking.HomebankingApplicationTest" time="0.0"/>
  <testcase name="repetition 1975 of 5000" classname="com.mindhub.homebanking.HomebankingApplicationTest" time="0.001"/>
  <testcase name="repetition 1976 of 5000" classname="com.mindhub.homebanking.HomebankingApplicationTest" time="0.001"/>
  <testcase name="repetition 1977 of 5000" classname="com.mindhub.homebanking.HomebankingApplicationTest" time="0.001"/>
  <testcase name="repetition 1978 of 5000" classname="com.mindhub.homebanking.HomebankingApplicationTest" time="0.0"/>
  <testcase name="repetition 1979 of 5000" classname="com.mindhub.homebanking.HomebankingApplicationTest" time="0.001"/>
  <testcase name="repetition 1980 of 5000" classname="com.mindhub.homebanking.HomebankingApplicationTest" time="0.0"/>
  <testcase name="repetition 1981 of 5000" classname="com.mindhub.homebanking.HomebankingApplicationTest" time="0.001"/>
  <testcase name="repetition 1982 of 5000" classname="com.mindhub.homebanking.HomebankingApplicationTest" time="0.001"/>
  <testcase name="repetition 1983 of 5000" classname="com.mindhub.homebanking.HomebankingApplicationTest" time="0.001"/>
  <testcase name="repetition 1984 of 5000" classname="com.mindhub.homebanking.HomebankingApplicationTest" time="0.0"/>
  <testcase name="repetition 1985 of 5000" classname="com.mindhub.homebanking.HomebankingApplicationTest" time="0.001"/>
  <testcase name="repetition 1986 of 5000" classname="com.mindhub.homebanking.HomebankingApplicationTest" time="0.0"/>
  <testcase name="repetition 1987 of 5000" classname="com.mindhub.homebanking.HomebankingApplicationTest" time="0.001"/>
  <testcase name="repetition 1988 of 5000" classname="com.mindhub.homebanking.HomebankingApplicationTest" time="0.0"/>
  <testcase name="repetition 1989 of 5000" classname="com.mindhub.homebanking.HomebankingApplicationTest" time="0.001"/>
  <testcase name="repetition 1990 of 5000" classname="com.mindhub.homebanking.HomebankingApplicationTest" time="0.0"/>
  <testcase name="repetition 1991 of 5000" classname="com.mindhub.homebanking.HomebankingApplicationTest" time="0.0"/>
  <testcase name="repetition 1992 of 5000" classname="com.mindhub.homebanking.HomebankingApplicationTest" time="0.001"/>
  <testcase name="repetition 1993 of 5000" classname="com.mindhub.homebanking.HomebankingApplicationTest" time="0.0"/>
  <testcase name="repetition 1994 of 5000" classname="com.mindhub.homebanking.HomebankingApplicationTest" time="0.001"/>
  <testcase name="repetition 1995 of 5000" classname="com.mindhub.homebanking.HomebankingApplicationTest" time="0.0"/>
  <testcase name="repetition 1996 of 5000" classname="com.mindhub.homebanking.HomebankingApplicationTest" time="0.001"/>
  <testcase name="repetition 1997 of 5000" classname="com.mindhub.homebanking.HomebankingApplicationTest" time="0.0"/>
  <testcase name="repetition 1998 of 5000" classname="com.mindhub.homebanking.HomebankingApplicationTest" time="0.0"/>
  <testcase name="repetition 1999 of 5000" classname="com.mindhub.homebanking.HomebankingApplicationTest" time="0.0"/>
  <testcase name="repetition 2000 of 5000" classname="com.mindhub.homebanking.HomebankingApplicationTest" time="0.001"/>
  <testcase name="repetition 2001 of 5000" classname="com.mindhub.homebanking.HomebankingApplicationTest" time="0.001"/>
  <testcase name="repetition 2002 of 5000" classname="com.mindhub.homebanking.HomebankingApplicationTest" time="0.001"/>
  <testcase name="repetition 2003 of 5000" classname="com.mindhub.homebanking.HomebankingApplicationTest" time="0.001"/>
  <testcase name="repetition 2004 of 5000" classname="com.mindhub.homebanking.HomebankingApplicationTest" time="0.0"/>
  <testcase name="repetition 2005 of 5000" classname="com.mindhub.homebanking.HomebankingApplicationTest" time="0.001"/>
  <testcase name="repetition 2006 of 5000" classname="com.mindhub.homebanking.HomebankingApplicationTest" time="0.0"/>
  <testcase name="repetition 2007 of 5000" classname="com.mindhub.homebanking.HomebankingApplicationTest" time="0.0"/>
  <testcase name="repetition 2008 of 5000" classname="com.mindhub.homebanking.HomebankingApplicationTest" time="0.001"/>
  <testcase name="repetition 2009 of 5000" classname="com.mindhub.homebanking.HomebankingApplicationTest" time="0.0"/>
  <testcase name="repetition 2010 of 5000" classname="com.mindhub.homebanking.HomebankingApplicationTest" time="0.0"/>
  <testcase name="repetition 2011 of 5000" classname="com.mindhub.homebanking.HomebankingApplicationTest" time="0.0"/>
  <testcase name="repetition 2012 of 5000" classname="com.mindhub.homebanking.HomebankingApplicationTest" time="0.001"/>
  <testcase name="repetition 2013 of 5000" classname="com.mindhub.homebanking.HomebankingApplicationTest" time="0.001"/>
  <testcase name="repetition 2014 of 5000" classname="com.mindhub.homebanking.HomebankingApplicationTest" time="0.0"/>
  <testcase name="repetition 2015 of 5000" classname="com.mindhub.homebanking.HomebankingApplicationTest" time="0.0"/>
  <testcase name="repetition 2016 of 5000" classname="com.mindhub.homebanking.HomebankingApplicationTest" time="0.0"/>
  <testcase name="repetition 2017 of 5000" classname="com.mindhub.homebanking.HomebankingApplicationTest" time="0.0"/>
  <testcase name="repetition 2018 of 5000" classname="com.mindhub.homebanking.HomebankingApplicationTest" time="0.0"/>
  <testcase name="repetition 2019 of 5000" classname="com.mindhub.homebanking.HomebankingApplicationTest" time="0.001"/>
  <testcase name="repetition 2020 of 5000" classname="com.mindhub.homebanking.HomebankingApplicationTest" time="0.0"/>
  <testcase name="repetition 2021 of 5000" classname="com.mindhub.homebanking.HomebankingApplicationTest" time="0.001"/>
  <testcase name="repetition 2022 of 5000" classname="com.mindhub.homebanking.HomebankingApplicationTest" time="0.0"/>
  <testcase name="repetition 2023 of 5000" classname="com.mindhub.homebanking.HomebankingApplicationTest" time="0.0"/>
  <testcase name="repetition 2024 of 5000" classname="com.mindhub.homebanking.HomebankingApplicationTest" time="0.0"/>
  <testcase name="repetition 2025 of 5000" classname="com.mindhub.homebanking.HomebankingApplicationTest" time="0.0"/>
  <testcase name="repetition 2026 of 5000" classname="com.mindhub.homebanking.HomebankingApplicationTest" time="0.001"/>
  <testcase name="repetition 2027 of 5000" classname="com.mindhub.homebanking.HomebankingApplicationTest" time="0.001"/>
  <testcase name="repetition 2028 of 5000" classname="com.mindhub.homebanking.HomebankingApplicationTest" time="0.001"/>
  <testcase name="repetition 2029 of 5000" classname="com.mindhub.homebanking.HomebankingApplicationTest" time="0.0"/>
  <testcase name="repetition 2030 of 5000" classname="com.mindhub.homebanking.HomebankingApplicationTest" time="0.001"/>
  <testcase name="repetition 2031 of 5000" classname="com.mindhub.homebanking.HomebankingApplicationTest" time="0.0"/>
  <testcase name="repetition 2032 of 5000" classname="com.mindhub.homebanking.HomebankingApplicationTest" time="0.001"/>
  <testcase name="repetition 2033 of 5000" classname="com.mindhub.homebanking.HomebankingApplicationTest" time="0.0"/>
  <testcase name="repetition 2034 of 5000" classname="com.mindhub.homebanking.HomebankingApplicationTest" time="0.001"/>
  <testcase name="repetition 2035 of 5000" classname="com.mindhub.homebanking.HomebankingApplicationTest" time="0.001"/>
  <testcase name="repetition 2036 of 5000" classname="com.mindhub.homebanking.HomebankingApplicationTest" time="0.0"/>
  <testcase name="repetition 2037 of 5000" classname="com.mindhub.homebanking.HomebankingApplicationTest" time="0.001"/>
  <testcase name="repetition 2038 of 5000" classname="com.mindhub.homebanking.HomebankingApplicationTest" time="0.0"/>
  <testcase name="repetition 2039 of 5000" classname="com.mindhub.homebanking.HomebankingApplicationTest" time="0.0"/>
  <testcase name="repetition 2040 of 5000" classname="com.mindhub.homebanking.HomebankingApplicationTest" time="0.001"/>
  <testcase name="repetition 2041 of 5000" classname="com.mindhub.homebanking.HomebankingApplicationTest" time="0.0"/>
  <testcase name="repetition 2042 of 5000" classname="com.mindhub.homebanking.HomebankingApplicationTest" time="0.001"/>
  <testcase name="repetition 2043 of 5000" classname="com.mindhub.homebanking.HomebankingApplicationTest" time="0.001"/>
  <testcase name="repetition 2044 of 5000" classname="com.mindhub.homebanking.HomebankingApplicationTest" time="0.0"/>
  <testcase name="repetition 2045 of 5000" classname="com.mindhub.homebanking.HomebankingApplicationTest" time="0.001"/>
  <testcase name="repetition 2046 of 5000" classname="com.mindhub.homebanking.HomebankingApplicationTest" time="0.001"/>
  <testcase name="repetition 2047 of 5000" classname="com.mindhub.homebanking.HomebankingApplicationTest" time="0.001"/>
  <testcase name="repetition 2048 of 5000" classname="com.mindhub.homebanking.HomebankingApplicationTest" time="0.001"/>
  <testcase name="repetition 2049 of 5000" classname="com.mindhub.homebanking.HomebankingApplicationTest" time="0.001"/>
  <testcase name="repetition 2050 of 5000" classname="com.mindhub.homebanking.HomebankingApplicationTest" time="0.0"/>
  <testcase name="repetition 2051 of 5000" classname="com.mindhub.homebanking.HomebankingApplicationTest" time="0.0"/>
  <testcase name="repetition 2052 of 5000" classname="com.mindhub.homebanking.HomebankingApplicationTest" time="0.001"/>
  <testcase name="repetition 2053 of 5000" classname="com.mindhub.homebanking.HomebankingApplicationTest" time="0.0"/>
  <testcase name="repetition 2054 of 5000" classname="com.mindhub.homebanking.HomebankingApplicationTest" time="0.0"/>
  <testcase name="repetition 2055 of 5000" classname="com.mindhub.homebanking.HomebankingApplicationTest" time="0.001"/>
  <testcase name="repetition 2056 of 5000" classname="com.mindhub.homebanking.HomebankingApplicationTest" time="0.001"/>
  <testcase name="repetition 2057 of 5000" classname="com.mindhub.homebanking.HomebankingApplicationTest" time="0.001"/>
  <testcase name="repetition 2058 of 5000" classname="com.mindhub.homebanking.HomebankingApplicationTest" time="0.0"/>
  <testcase name="repetition 2059 of 5000" classname="com.mindhub.homebanking.HomebankingApplicationTest" time="0.001"/>
  <testcase name="repetition 2060 of 5000" classname="com.mindhub.homebanking.HomebankingApplicationTest" time="0.0"/>
  <testcase name="repetition 2061 of 5000" classname="com.mindhub.homebanking.HomebankingApplicationTest" time="0.001"/>
  <testcase name="repetition 2062 of 5000" classname="com.mindhub.homebanking.HomebankingApplicationTest" time="0.001"/>
  <testcase name="repetition 2063 of 5000" classname="com.mindhub.homebanking.HomebankingApplicationTest" time="0.002"/>
  <testcase name="repetition 2064 of 5000" classname="com.mindhub.homebanking.HomebankingApplicationTest" time="0.001"/>
  <testcase name="repetition 2065 of 5000" classname="com.mindhub.homebanking.HomebankingApplicationTest" time="0.0"/>
  <testcase name="repetition 2066 of 5000" classname="com.mindhub.homebanking.HomebankingApplicationTest" time="0.001"/>
  <testcase name="repetition 2067 of 5000" classname="com.mindhub.homebanking.HomebankingApplicationTest" time="0.0"/>
  <testcase name="repetition 2068 of 5000" classname="com.mindhub.homebanking.HomebankingApplicationTest" time="0.001"/>
  <testcase name="repetition 2069 of 5000" classname="com.mindhub.homebanking.HomebankingApplicationTest" time="0.001"/>
  <testcase name="repetition 2070 of 5000" classname="com.mindhub.homebanking.HomebankingApplicationTest" time="0.001"/>
  <testcase name="repetition 2071 of 5000" classname="com.mindhub.homebanking.HomebankingApplicationTest" time="0.0"/>
  <testcase name="repetition 2072 of 5000" classname="com.mindhub.homebanking.HomebankingApplicationTest" time="0.001"/>
  <testcase name="repetition 2073 of 5000" classname="com.mindhub.homebanking.HomebankingApplicationTest" time="0.0"/>
  <testcase name="repetition 2074 of 5000" classname="com.mindhub.homebanking.HomebankingApplicationTest" time="0.001"/>
  <testcase name="repetition 2075 of 5000" classname="com.mindhub.homebanking.HomebankingApplicationTest" time="0.001"/>
  <testcase name="repetition 2076 of 5000" classname="com.mindhub.homebanking.HomebankingApplicationTest" time="0.001"/>
  <testcase name="repetition 2077 of 5000" classname="com.mindhub.homebanking.HomebankingApplicationTest" time="0.0"/>
  <testcase name="repetition 2078 of 5000" classname="com.mindhub.homebanking.HomebankingApplicationTest" time="0.001"/>
  <testcase name="repetition 2079 of 5000" classname="com.mindhub.homebanking.HomebankingApplicationTest" time="0.001"/>
  <testcase name="repetition 2080 of 5000" classname="com.mindhub.homebanking.HomebankingApplicationTest" time="0.001"/>
  <testcase name="repetition 2081 of 5000" classname="com.mindhub.homebanking.HomebankingApplicationTest" time="0.001"/>
  <testcase name="repetition 2082 of 5000" classname="com.mindhub.homebanking.HomebankingApplicationTest" time="0.001"/>
  <testcase name="repetition 2083 of 5000" classname="com.mindhub.homebanking.HomebankingApplicationTest" time="0.001"/>
  <testcase name="repetition 2084 of 5000" classname="com.mindhub.homebanking.HomebankingApplicationTest" time="0.0"/>
  <testcase name="repetition 2085 of 5000" classname="com.mindhub.homebanking.HomebankingApplicationTest" time="0.001"/>
  <testcase name="repetition 2086 of 5000" classname="com.mindhub.homebanking.HomebankingApplicationTest" time="0.001"/>
  <testcase name="repetition 2087 of 5000" classname="com.mindhub.homebanking.HomebankingApplicationTest" time="0.0"/>
  <testcase name="repetition 2088 of 5000" classname="com.mindhub.homebanking.HomebankingApplicationTest" time="0.001"/>
  <testcase name="repetition 2089 of 5000" classname="com.mindhub.homebanking.HomebankingApplicationTest" time="0.001"/>
  <testcase name="repetition 2090 of 5000" classname="com.mindhub.homebanking.HomebankingApplicationTest" time="0.001"/>
  <testcase name="repetition 2091 of 5000" classname="com.mindhub.homebanking.HomebankingApplicationTest" time="0.001"/>
  <testcase name="repetition 2092 of 5000" classname="com.mindhub.homebanking.HomebankingApplicationTest" time="0.0"/>
  <testcase name="repetition 2093 of 5000" classname="com.mindhub.homebanking.HomebankingApplicationTest" time="0.001"/>
  <testcase name="repetition 2094 of 5000" classname="com.mindhub.homebanking.HomebankingApplicationTest" time="0.001"/>
  <testcase name="repetition 2095 of 5000" classname="com.mindhub.homebanking.HomebankingApplicationTest" time="0.0"/>
  <testcase name="repetition 2096 of 5000" classname="com.mindhub.homebanking.HomebankingApplicationTest" time="0.0"/>
  <testcase name="repetition 2097 of 5000" classname="com.mindhub.homebanking.HomebankingApplicationTest" time="0.001"/>
  <testcase name="repetition 2098 of 5000" classname="com.mindhub.homebanking.HomebankingApplicationTest" time="0.001"/>
  <testcase name="repetition 2099 of 5000" classname="com.mindhub.homebanking.HomebankingApplicationTest" time="0.0"/>
  <testcase name="repetition 2100 of 5000" classname="com.mindhub.homebanking.HomebankingApplicationTest" time="0.001"/>
  <testcase name="repetition 2101 of 5000" classname="com.mindhub.homebanking.HomebankingApplicationTest" time="0.0"/>
  <testcase name="repetition 2102 of 5000" classname="com.mindhub.homebanking.HomebankingApplicationTest" time="0.001"/>
  <testcase name="repetition 2103 of 5000" classname="com.mindhub.homebanking.HomebankingApplicationTest" time="0.001"/>
  <testcase name="repetition 2104 of 5000" classname="com.mindhub.homebanking.HomebankingApplicationTest" time="0.001"/>
  <testcase name="repetition 2105 of 5000" classname="com.mindhub.homebanking.HomebankingApplicationTest" time="0.001"/>
  <testcase name="repetition 2106 of 5000" classname="com.mindhub.homebanking.HomebankingApplicationTest" time="0.0"/>
  <testcase name="repetition 2107 of 5000" classname="com.mindhub.homebanking.HomebankingApplicationTest" time="0.001"/>
  <testcase name="repetition 2108 of 5000" classname="com.mindhub.homebanking.HomebankingApplicationTest" time="0.0"/>
  <testcase name="repetition 2109 of 5000" classname="com.mindhub.homebanking.HomebankingApplicationTest" time="0.0"/>
  <testcase name="repetition 2110 of 5000" classname="com.mindhub.homebanking.HomebankingApplicationTest" time="0.001"/>
  <testcase name="repetition 2111 of 5000" classname="com.mindhub.homebanking.HomebankingApplicationTest" time="0.0"/>
  <testcase name="repetition 2112 of 5000" classname="com.mindhub.homebanking.HomebankingApplicationTest" time="0.001"/>
  <testcase name="repetition 2113 of 5000" classname="com.mindhub.homebanking.HomebankingApplicationTest" time="0.0"/>
  <testcase name="repetition 2114 of 5000" classname="com.mindhub.homebanking.HomebankingApplicationTest" time="0.001"/>
  <testcase name="repetition 2115 of 5000" classname="com.mindhub.homebanking.HomebankingApplicationTest" time="0.0"/>
  <testcase name="repetition 2116 of 5000" classname="com.mindhub.homebanking.HomebankingApplicationTest" time="0.001"/>
  <testcase name="repetition 2117 of 5000" classname="com.mindhub.homebanking.HomebankingApplicationTest" time="0.0"/>
  <testcase name="repetition 2118 of 5000" classname="com.mindhub.homebanking.HomebankingApplicationTest" time="0.001"/>
  <testcase name="repetition 2119 of 5000" classname="com.mindhub.homebanking.HomebankingApplicationTest" time="0.001"/>
  <testcase name="repetition 2120 of 5000" classname="com.mindhub.homebanking.HomebankingApplicationTest" time="0.001"/>
  <testcase name="repetition 2121 of 5000" classname="com.mindhub.homebanking.HomebankingApplicationTest" time="0.001"/>
  <testcase name="repetition 2122 of 5000" classname="com.mindhub.homebanking.HomebankingApplicationTest" time="0.0"/>
  <testcase name="repetition 2123 of 5000" classname="com.mindhub.homebanking.HomebankingApplicationTest" time="0.001"/>
  <testcase name="repetition 2124 of 5000" classname="com.mindhub.homebanking.HomebankingApplicationTest" time="0.0"/>
  <testcase name="repetition 2125 of 5000" classname="com.mindhub.homebanking.HomebankingApplicationTest" time="0.001"/>
  <testcase name="repetition 2126 of 5000" classname="com.mindhub.homebanking.HomebankingApplicationTest" time="0.001"/>
  <testcase name="repetition 2127 of 5000" classname="com.mindhub.homebanking.HomebankingApplicationTest" time="0.001"/>
  <testcase name="repetition 2128 of 5000" classname="com.mindhub.homebanking.HomebankingApplicationTest" time="0.0"/>
  <testcase name="repetition 2129 of 5000" classname="com.mindhub.homebanking.HomebankingApplicationTest" time="0.0"/>
  <testcase name="repetition 2130 of 5000" classname="com.mindhub.homebanking.HomebankingApplicationTest" time="0.001"/>
  <testcase name="repetition 2131 of 5000" classname="com.mindhub.homebanking.HomebankingApplicationTest" time="0.0"/>
  <testcase name="repetition 2132 of 5000" classname="com.mindhub.homebanking.HomebankingApplicationTest" time="0.001"/>
  <testcase name="repetition 2133 of 5000" classname="com.mindhub.homebanking.HomebankingApplicationTest" time="0.0"/>
  <testcase name="repetition 2134 of 5000" classname="com.mindhub.homebanking.HomebankingApplicationTest" time="0.0"/>
  <testcase name="repetition 2135 of 5000" classname="com.mindhub.homebanking.HomebankingApplicationTest" time="0.001"/>
  <testcase name="repetition 2136 of 5000" classname="com.mindhub.homebanking.HomebankingApplicationTest" time="0.001"/>
  <testcase name="repetition 2137 of 5000" classname="com.mindhub.homebanking.HomebankingApplicationTest" time="0.001"/>
  <testcase name="repetition 2138 of 5000" classname="com.mindhub.homebanking.HomebankingApplicationTest" time="0.001"/>
  <testcase name="repetition 2139 of 5000" classname="com.mindhub.homebanking.HomebankingApplicationTest" time="0.001"/>
  <testcase name="repetition 2140 of 5000" classname="com.mindhub.homebanking.HomebankingApplicationTest" time="0.001"/>
  <testcase name="repetition 2141 of 5000" classname="com.mindhub.homebanking.HomebankingApplicationTest" time="0.001"/>
  <testcase name="repetition 2142 of 5000" classname="com.mindhub.homebanking.HomebankingApplicationTest" time="0.0"/>
  <testcase name="repetition 2143 of 5000" classname="com.mindhub.homebanking.HomebankingApplicationTest" time="0.0"/>
  <testcase name="repetition 2144 of 5000" classname="com.mindhub.homebanking.HomebankingApplicationTest" time="0.001"/>
  <testcase name="repetition 2145 of 5000" classname="com.mindhub.homebanking.HomebankingApplicationTest" time="0.001"/>
  <testcase name="repetition 2146 of 5000" classname="com.mindhub.homebanking.HomebankingApplicationTest" time="0.001"/>
  <testcase name="repetition 2147 of 5000" classname="com.mindhub.homebanking.HomebankingApplicationTest" time="0.0"/>
  <testcase name="repetition 2148 of 5000" classname="com.mindhub.homebanking.HomebankingApplicationTest" time="0.001"/>
  <testcase name="repetition 2149 of 5000" classname="com.mindhub.homebanking.HomebankingApplicationTest" time="0.001"/>
  <testcase name="repetition 2150 of 5000" classname="com.mindhub.homebanking.HomebankingApplicationTest" time="0.0"/>
  <testcase name="repetition 2151 of 5000" classname="com.mindhub.homebanking.HomebankingApplicationTest" time="0.0"/>
  <testcase name="repetition 2152 of 5000" classname="com.mindhub.homebanking.HomebankingApplicationTest" time="0.001"/>
  <testcase name="repetition 2153 of 5000" classname="com.mindhub.homebanking.HomebankingApplicationTest" time="0.001"/>
  <testcase name="repetition 2154 of 5000" classname="com.mindhub.homebanking.HomebankingApplicationTest" time="0.001"/>
  <testcase name="repetition 2155 of 5000" classname="com.mindhub.homebanking.HomebankingApplicationTest" time="0.0"/>
  <testcase name="repetition 2156 of 5000" classname="com.mindhub.homebanking.HomebankingApplicationTest" time="0.001"/>
  <testcase name="repetition 2157 of 5000" classname="com.mindhub.homebanking.HomebankingApplicationTest" time="0.0"/>
  <testcase name="repetition 2158 of 5000" classname="com.mindhub.homebanking.HomebankingApplicationTest" time="0.001"/>
  <testcase name="repetition 2159 of 5000" classname="com.mindhub.homebanking.HomebankingApplicationTest" time="0.0"/>
  <testcase name="repetition 2160 of 5000" classname="com.mindhub.homebanking.HomebankingApplicationTest" time="0.0"/>
  <testcase name="repetition 2161 of 5000" classname="com.mindhub.homebanking.HomebankingApplicationTest" time="0.001"/>
  <testcase name="repetition 2162 of 5000" classname="com.mindhub.homebanking.HomebankingApplicationTest" time="0.001"/>
  <testcase name="repetition 2163 of 5000" classname="com.mindhub.homebanking.HomebankingApplicationTest" time="0.001"/>
  <testcase name="repetition 2164 of 5000" classname="com.mindhub.homebanking.HomebankingApplicationTest" time="0.001"/>
  <testcase name="repetition 2165 of 5000" classname="com.mindhub.homebanking.HomebankingApplicationTest" time="0.001"/>
  <testcase name="repetition 2166 of 5000" classname="com.mindhub.homebanking.HomebankingApplicationTest" time="0.001"/>
  <testcase name="repetition 2167 of 5000" classname="com.mindhub.homebanking.HomebankingApplicationTest" time="0.001"/>
  <testcase name="repetition 2168 of 5000" classname="com.mindhub.homebanking.HomebankingApplicationTest" time="0.0"/>
  <testcase name="repetition 2169 of 5000" classname="com.mindhub.homebanking.HomebankingApplicationTest" time="0.001"/>
  <testcase name="repetition 2170 of 5000" classname="com.mindhub.homebanking.HomebankingApplicationTest" time="0.001"/>
  <testcase name="repetition 2171 of 5000" classname="com.mindhub.homebanking.HomebankingApplicationTest" time="0.001"/>
  <testcase name="repetition 2172 of 5000" classname="com.mindhub.homebanking.HomebankingApplicationTest" time="0.0"/>
  <testcase name="repetition 2173 of 5000" classname="com.mindhub.homebanking.HomebankingApplicationTest" time="0.001"/>
  <testcase name="repetition 2174 of 5000" classname="com.mindhub.homebanking.HomebankingApplicationTest" time="0.001"/>
  <testcase name="repetition 2175 of 5000" classname="com.mindhub.homebanking.HomebankingApplicationTest" time="0.001"/>
  <testcase name="repetition 2176 of 5000" classname="com.mindhub.homebanking.HomebankingApplicationTest" time="0.001"/>
  <testcase name="repetition 2177 of 5000" classname="com.mindhub.homebanking.HomebankingApplicationTest" time="0.0"/>
  <testcase name="repetition 2178 of 5000" classname="com.mindhub.homebanking.HomebankingApplicationTest" time="0.001"/>
  <testcase name="repetition 2179 of 5000" classname="com.mindhub.homebanking.HomebankingApplicationTest" time="0.001"/>
  <testcase name="repetition 2180 of 5000" classname="com.mindhub.homebanking.HomebankingApplicationTest" time="0.001"/>
  <testcase name="repetition 2181 of 5000" classname="com.mindhub.homebanking.HomebankingApplicationTest" time="0.001"/>
  <testcase name="repetition 2182 of 5000" classname="com.mindhub.homebanking.HomebankingApplicationTest" time="0.001"/>
  <testcase name="repetition 2183 of 5000" classname="com.mindhub.homebanking.HomebankingApplicationTest" time="0.001"/>
  <testcase name="repetition 2184 of 5000" classname="com.mindhub.homebanking.HomebankingApplicationTest" time="0.001"/>
  <testcase name="repetition 2185 of 5000" classname="com.mindhub.homebanking.HomebankingApplicationTest" time="0.001"/>
  <testcase name="repetition 2186 of 5000" classname="com.mindhub.homebanking.HomebankingApplicationTest" time="0.0"/>
  <testcase name="repetition 2187 of 5000" classname="com.mindhub.homebanking.HomebankingApplicationTest" time="0.001"/>
  <testcase name="repetition 2188 of 5000" classname="com.mindhub.homebanking.HomebankingApplicationTest" time="0.001"/>
  <testcase name="repetition 2189 of 5000" classname="com.mindhub.homebanking.HomebankingApplicationTest" time="0.001"/>
  <testcase name="repetition 2190 of 5000" classname="com.mindhub.homebanking.HomebankingApplicationTest" time="0.0"/>
  <testcase name="repetition 2191 of 5000" classname="com.mindhub.homebanking.HomebankingApplicationTest" time="0.001"/>
  <testcase name="repetition 2192 of 5000" classname="com.mindhub.homebanking.HomebankingApplicationTest" time="0.0"/>
  <testcase name="repetition 2193 of 5000" classname="com.mindhub.homebanking.HomebankingApplicationTest" time="0.0"/>
  <testcase name="repetition 2194 of 5000" classname="com.mindhub.homebanking.HomebankingApplicationTest" time="0.0"/>
  <testcase name="repetition 2195 of 5000" classname="com.mindhub.homebanking.HomebankingApplicationTest" time="0.001"/>
  <testcase name="repetition 2196 of 5000" classname="com.mindhub.homebanking.HomebankingApplicationTest" time="0.0"/>
  <testcase name="repetition 2197 of 5000" classname="com.mindhub.homebanking.HomebankingApplicationTest" time="0.001"/>
  <testcase name="repetition 2198 of 5000" classname="com.mindhub.homebanking.HomebankingApplicationTest" time="0.0"/>
  <testcase name="repetition 2199 of 5000" classname="com.mindhub.homebanking.HomebankingApplicationTest" time="0.001"/>
  <testcase name="repetition 2200 of 5000" classname="com.mindhub.homebanking.HomebankingApplicationTest" time="0.0"/>
  <testcase name="repetition 2201 of 5000" classname="com.mindhub.homebanking.HomebankingApplicationTest" time="0.001"/>
  <testcase name="repetition 2202 of 5000" classname="com.mindhub.homebanking.HomebankingApplicationTest" time="0.0"/>
  <testcase name="repetition 2203 of 5000" classname="com.mindhub.homebanking.HomebankingApplicationTest" time="0.0"/>
  <testcase name="repetition 2204 of 5000" classname="com.mindhub.homebanking.HomebankingApplicationTest" time="0.001"/>
  <testcase name="repetition 2205 of 5000" classname="com.mindhub.homebanking.HomebankingApplicationTest" time="0.0"/>
  <testcase name="repetition 2206 of 5000" classname="com.mindhub.homebanking.HomebankingApplicationTest" time="0.001"/>
  <testcase name="repetition 2207 of 5000" classname="com.mindhub.homebanking.HomebankingApplicationTest" time="0.0"/>
  <testcase name="repetition 2208 of 5000" classname="com.mindhub.homebanking.HomebankingApplicationTest" time="0.0"/>
  <testcase name="repetition 2209 of 5000" classname="com.mindhub.homebanking.HomebankingApplicationTest" time="0.001"/>
  <testcase name="repetition 2210 of 5000" classname="com.mindhub.homebanking.HomebankingApplicationTest" time="0.001"/>
  <testcase name="repetition 2211 of 5000" classname="com.mindhub.homebanking.HomebankingApplicationTest" time="0.001"/>
  <testcase name="repetition 2212 of 5000" classname="com.mindhub.homebanking.HomebankingApplicationTest" time="0.0"/>
  <testcase name="repetition 2213 of 5000" classname="com.mindhub.homebanking.HomebankingApplicationTest" time="0.0"/>
  <testcase name="repetition 2214 of 5000" classname="com.mindhub.homebanking.HomebankingApplicationTest" time="0.001"/>
  <testcase name="repetition 2215 of 5000" classname="com.mindhub.homebanking.HomebankingApplicationTest" time="0.001"/>
  <testcase name="repetition 2216 of 5000" classname="com.mindhub.homebanking.HomebankingApplicationTest" time="0.001"/>
  <testcase name="repetition 2217 of 5000" classname="com.mindhub.homebanking.HomebankingApplicationTest" time="0.001"/>
  <testcase name="repetition 2218 of 5000" classname="com.mindhub.homebanking.HomebankingApplicationTest" time="0.001"/>
  <testcase name="repetition 2219 of 5000" classname="com.mindhub.homebanking.HomebankingApplicationTest" time="0.001"/>
  <testcase name="repetition 2220 of 5000" classname="com.mindhub.homebanking.HomebankingApplicationTest" time="0.001"/>
  <testcase name="repetition 2221 of 5000" classname="com.mindhub.homebanking.HomebankingApplicationTest" time="0.001"/>
  <testcase name="repetition 2222 of 5000" classname="com.mindhub.homebanking.HomebankingApplicationTest" time="0.001"/>
  <testcase name="repetition 2223 of 5000" classname="com.mindhub.homebanking.HomebankingApplicationTest" time="0.001"/>
  <testcase name="repetition 2224 of 5000" classname="com.mindhub.homebanking.HomebankingApplicationTest" time="0.0"/>
  <testcase name="repetition 2225 of 5000" classname="com.mindhub.homebanking.HomebankingApplicationTest" time="0.001"/>
  <testcase name="repetition 2226 of 5000" classname="com.mindhub.homebanking.HomebankingApplicationTest" time="0.0"/>
  <testcase name="repetition 2227 of 5000" classname="com.mindhub.homebanking.HomebankingApplicationTest" time="0.001"/>
  <testcase name="repetition 2228 of 5000" classname="com.mindhub.homebanking.HomebankingApplicationTest" time="0.0"/>
  <testcase name="repetition 2229 of 5000" classname="com.mindhub.homebanking.HomebankingApplicationTest" time="0.001"/>
  <testcase name="repetition 2230 of 5000" classname="com.mindhub.homebanking.HomebankingApplicationTest" time="0.0"/>
  <testcase name="repetition 2231 of 5000" classname="com.mindhub.homebanking.HomebankingApplicationTest" time="0.001"/>
  <testcase name="repetition 2232 of 5000" classname="com.mindhub.homebanking.HomebankingApplicationTest" time="0.0"/>
  <testcase name="repetition 2233 of 5000" classname="com.mindhub.homebanking.HomebankingApplicationTest" time="0.001"/>
  <testcase name="repetition 2234 of 5000" classname="com.mindhub.homebanking.HomebankingApplicationTest" time="0.001"/>
  <testcase name="repetition 2235 of 5000" classname="com.mindhub.homebanking.HomebankingApplicationTest" time="0.0"/>
  <testcase name="repetition 2236 of 5000" classname="com.mindhub.homebanking.HomebankingApplicationTest" time="0.001"/>
  <testcase name="repetition 2237 of 5000" classname="com.mindhub.homebanking.HomebankingApplicationTest" time="0.0"/>
  <testcase name="repetition 2238 of 5000" classname="com.mindhub.homebanking.HomebankingApplicationTest" time="0.0"/>
  <testcase name="repetition 2239 of 5000" classname="com.mindhub.homebanking.HomebankingApplicationTest" time="0.001"/>
  <testcase name="repetition 2240 of 5000" classname="com.mindhub.homebanking.HomebankingApplicationTest" time="0.0"/>
  <testcase name="repetition 2241 of 5000" classname="com.mindhub.homebanking.HomebankingApplicationTest" time="0.001"/>
  <testcase name="repetition 2242 of 5000" classname="com.mindhub.homebanking.HomebankingApplicationTest" time="0.0"/>
  <testcase name="repetition 2243 of 5000" classname="com.mindhub.homebanking.HomebankingApplicationTest" time="0.001"/>
  <testcase name="repetition 2244 of 5000" classname="com.mindhub.homebanking.HomebankingApplicationTest" time="0.001"/>
  <testcase name="repetition 2245 of 5000" classname="com.mindhub.homebanking.HomebankingApplicationTest" time="0.0"/>
  <testcase name="repetition 2246 of 5000" classname="com.mindhub.homebanking.HomebankingApplicationTest" time="0.001"/>
  <testcase name="repetition 2247 of 5000" classname="com.mindhub.homebanking.HomebankingApplicationTest" time="0.001"/>
  <testcase name="repetition 2248 of 5000" classname="com.mindhub.homebanking.HomebankingApplicationTest" time="0.0"/>
  <testcase name="repetition 2249 of 5000" classname="com.mindhub.homebanking.HomebankingApplicationTest" time="0.001"/>
  <testcase name="repetition 2250 of 5000" classname="com.mindhub.homebanking.HomebankingApplicationTest" time="0.0"/>
  <testcase name="repetition 2251 of 5000" classname="com.mindhub.homebanking.HomebankingApplicationTest" time="0.001"/>
  <testcase name="repetition 2252 of 5000" classname="com.mindhub.homebanking.HomebankingApplicationTest" time="0.0"/>
  <testcase name="repetition 2253 of 5000" classname="com.mindhub.homebanking.HomebankingApplicationTest" time="0.001"/>
  <testcase name="repetition 2254 of 5000" classname="com.mindhub.homebanking.HomebankingApplicationTest" time="0.0"/>
  <testcase name="repetition 2255 of 5000" classname="com.mindhub.homebanking.HomebankingApplicationTest" time="0.0"/>
  <testcase name="repetition 2256 of 5000" classname="com.mindhub.homebanking.HomebankingApplicationTest" time="0.001"/>
  <testcase name="repetition 2257 of 5000" classname="com.mindhub.homebanking.HomebankingApplicationTest" time="0.0"/>
  <testcase name="repetition 2258 of 5000" classname="com.mindhub.homebanking.HomebankingApplicationTest" time="0.001"/>
  <testcase name="repetition 2259 of 5000" classname="com.mindhub.homebanking.HomebankingApplicationTest" time="0.001"/>
  <testcase name="repetition 2260 of 5000" classname="com.mindhub.homebanking.HomebankingApplicationTest" time="0.0"/>
  <testcase name="repetition 2261 of 5000" classname="com.mindhub.homebanking.HomebankingApplicationTest" time="0.001"/>
  <testcase name="repetition 2262 of 5000" classname="com.mindhub.homebanking.HomebankingApplicationTest" time="0.001"/>
  <testcase name="repetition 2263 of 5000" classname="com.mindhub.homebanking.HomebankingApplicationTest" time="0.0"/>
  <testcase name="repetition 2264 of 5000" classname="com.mindhub.homebanking.HomebankingApplicationTest" time="0.001"/>
  <testcase name="repetition 2265 of 5000" classname="com.mindhub.homebanking.HomebankingApplicationTest" time="0.001"/>
  <testcase name="repetition 2266 of 5000" classname="com.mindhub.homebanking.HomebankingApplicationTest" time="0.001"/>
  <testcase name="repetition 2267 of 5000" classname="com.mindhub.homebanking.HomebankingApplicationTest" time="0.001"/>
  <testcase name="repetition 2268 of 5000" classname="com.mindhub.homebanking.HomebankingApplicationTest" time="0.001"/>
  <testcase name="repetition 2269 of 5000" classname="com.mindhub.homebanking.HomebankingApplicationTest" time="0.001"/>
  <testcase name="repetition 2270 of 5000" classname="com.mindhub.homebanking.HomebankingApplicationTest" time="0.001"/>
  <testcase name="repetition 2271 of 5000" classname="com.mindhub.homebanking.HomebankingApplicationTest" time="0.0"/>
  <testcase name="repetition 2272 of 5000" classname="com.mindhub.homebanking.HomebankingApplicationTest" time="0.0"/>
  <testcase name="repetition 2273 of 5000" classname="com.mindhub.homebanking.HomebankingApplicationTest" time="0.0"/>
  <testcase name="repetition 2274 of 5000" classname="com.mindhub.homebanking.HomebankingApplicationTest" time="0.0"/>
  <testcase name="repetition 2275 of 5000" classname="com.mindhub.homebanking.HomebankingApplicationTest" time="0.0"/>
  <testcase name="repetition 2276 of 5000" classname="com.mindhub.homebanking.HomebankingApplicationTest" time="0.001"/>
  <testcase name="repetition 2277 of 5000" classname="com.mindhub.homebanking.HomebankingApplicationTest" time="0.0"/>
  <testcase name="repetition 2278 of 5000" classname="com.mindhub.homebanking.HomebankingApplicationTest" time="0.001"/>
  <testcase name="repetition 2279 of 5000" classname="com.mindhub.homebanking.HomebankingApplicationTest" time="0.001"/>
  <testcase name="repetition 2280 of 5000" classname="com.mindhub.homebanking.HomebankingApplicationTest" time="0.001"/>
  <testcase name="repetition 2281 of 5000" classname="com.mindhub.homebanking.HomebankingApplicationTest" time="0.0"/>
  <testcase name="repetition 2282 of 5000" classname="com.mindhub.homebanking.HomebankingApplicationTest" time="0.0"/>
  <testcase name="repetition 2283 of 5000" classname="com.mindhub.homebanking.HomebankingApplicationTest" time="0.001"/>
  <testcase name="repetition 2284 of 5000" classname="com.mindhub.homebanking.HomebankingApplicationTest" time="0.001"/>
  <testcase name="repetition 2285 of 5000" classname="com.mindhub.homebanking.HomebankingApplicationTest" time="0.0"/>
  <testcase name="repetition 2286 of 5000" classname="com.mindhub.homebanking.HomebankingApplicationTest" time="0.0"/>
  <testcase name="repetition 2287 of 5000" classname="com.mindhub.homebanking.HomebankingApplicationTest" time="0.001"/>
  <testcase name="repetition 2288 of 5000" classname="com.mindhub.homebanking.HomebankingApplicationTest" time="0.001"/>
  <testcase name="repetition 2289 of 5000" classname="com.mindhub.homebanking.HomebankingApplicationTest" time="0.0"/>
  <testcase name="repetition 2290 of 5000" classname="com.mindhub.homebanking.HomebankingApplicationTest" time="0.001"/>
  <testcase name="repetition 2291 of 5000" classname="com.mindhub.homebanking.HomebankingApplicationTest" time="0.0"/>
  <testcase name="repetition 2292 of 5000" classname="com.mindhub.homebanking.HomebankingApplicationTest" time="0.001"/>
  <testcase name="repetition 2293 of 5000" classname="com.mindhub.homebanking.HomebankingApplicationTest" time="0.0"/>
  <testcase name="repetition 2294 of 5000" classname="com.mindhub.homebanking.HomebankingApplicationTest" time="0.001"/>
  <testcase name="repetition 2295 of 5000" classname="com.mindhub.homebanking.HomebankingApplicationTest" time="0.0"/>
  <testcase name="repetition 2296 of 5000" classname="com.mindhub.homebanking.HomebankingApplicationTest" time="0.001"/>
  <testcase name="repetition 2297 of 5000" classname="com.mindhub.homebanking.HomebankingApplicationTest" time="0.001"/>
  <testcase name="repetition 2298 of 5000" classname="com.mindhub.homebanking.HomebankingApplicationTest" time="0.001"/>
  <testcase name="repetition 2299 of 5000" classname="com.mindhub.homebanking.HomebankingApplicationTest" time="0.001"/>
  <testcase name="repetition 2300 of 5000" classname="com.mindhub.homebanking.HomebankingApplicationTest" time="0.001"/>
  <testcase name="repetition 2301 of 5000" classname="com.mindhub.homebanking.HomebankingApplicationTest" time="0.0"/>
  <testcase name="repetition 2302 of 5000" classname="com.mindhub.homebanking.HomebankingApplicationTest" time="0.001"/>
  <testcase name="repetition 2303 of 5000" classname="com.mindhub.homebanking.HomebankingApplicationTest" time="0.0"/>
  <testcase name="repetition 2304 of 5000" classname="com.mindhub.homebanking.HomebankingApplicationTest" time="0.001"/>
  <testcase name="repetition 2305 of 5000" classname="com.mindhub.homebanking.HomebankingApplicationTest" time="0.001"/>
  <testcase name="repetition 2306 of 5000" classname="com.mindhub.homebanking.HomebankingApplicationTest" time="0.002"/>
  <testcase name="repetition 2307 of 5000" classname="com.mindhub.homebanking.HomebankingApplicationTest" time="0.001"/>
  <testcase name="repetition 2308 of 5000" classname="com.mindhub.homebanking.HomebankingApplicationTest" time="0.001"/>
  <testcase name="repetition 2309 of 5000" classname="com.mindhub.homebanking.HomebankingApplicationTest" time="0.001"/>
  <testcase name="repetition 2310 of 5000" classname="com.mindhub.homebanking.HomebankingApplicationTest" time="0.001"/>
  <testcase name="repetition 2311 of 5000" classname="com.mindhub.homebanking.HomebankingApplicationTest" time="0.001"/>
  <testcase name="repetition 2312 of 5000" classname="com.mindhub.homebanking.HomebankingApplicationTest" time="0.001"/>
  <testcase name="repetition 2313 of 5000" classname="com.mindhub.homebanking.HomebankingApplicationTest" time="0.001"/>
  <testcase name="repetition 2314 of 5000" classname="com.mindhub.homebanking.HomebankingApplicationTest" time="0.001"/>
  <testcase name="repetition 2315 of 5000" classname="com.mindhub.homebanking.HomebankingApplicationTest" time="0.0"/>
  <testcase name="repetition 2316 of 5000" classname="com.mindhub.homebanking.HomebankingApplicationTest" time="0.001"/>
  <testcase name="repetition 2317 of 5000" classname="com.mindhub.homebanking.HomebankingApplicationTest" time="0.001"/>
  <testcase name="repetition 2318 of 5000" classname="com.mindhub.homebanking.HomebankingApplicationTest" time="0.0"/>
  <testcase name="repetition 2319 of 5000" classname="com.mindhub.homebanking.HomebankingApplicationTest" time="0.0"/>
  <testcase name="repetition 2320 of 5000" classname="com.mindhub.homebanking.HomebankingApplicationTest" time="0.001"/>
  <testcase name="repetition 2321 of 5000" classname="com.mindhub.homebanking.HomebankingApplicationTest" time="0.001"/>
  <testcase name="repetition 2322 of 5000" classname="com.mindhub.homebanking.HomebankingApplicationTest" time="0.0"/>
  <testcase name="repetition 2323 of 5000" classname="com.mindhub.homebanking.HomebankingApplicationTest" time="0.0"/>
  <testcase name="repetition 2324 of 5000" classname="com.mindhub.homebanking.HomebankingApplicationTest" time="0.0"/>
  <testcase name="repetition 2325 of 5000" classname="com.mindhub.homebanking.HomebankingApplicationTest" time="0.0"/>
  <testcase name="repetition 2326 of 5000" classname="com.mindhub.homebanking.HomebankingApplicationTest" time="0.0"/>
  <testcase name="repetition 2327 of 5000" classname="com.mindhub.homebanking.HomebankingApplicationTest" time="0.001"/>
  <testcase name="repetition 2328 of 5000" classname="com.mindhub.homebanking.HomebankingApplicationTest" time="0.001"/>
  <testcase name="repetition 2329 of 5000" classname="com.mindhub.homebanking.HomebankingApplicationTest" time="0.0"/>
  <testcase name="repetition 2330 of 5000" classname="com.mindhub.homebanking.HomebankingApplicationTest" time="0.001"/>
  <testcase name="repetition 2331 of 5000" classname="com.mindhub.homebanking.HomebankingApplicationTest" time="0.0"/>
  <testcase name="repetition 2332 of 5000" classname="com.mindhub.homebanking.HomebankingApplicationTest" time="0.001"/>
  <testcase name="repetition 2333 of 5000" classname="com.mindhub.homebanking.HomebankingApplicationTest" time="0.001"/>
  <testcase name="repetition 2334 of 5000" classname="com.mindhub.homebanking.HomebankingApplicationTest" time="0.001"/>
  <testcase name="repetition 2335 of 5000" classname="com.mindhub.homebanking.HomebankingApplicationTest" time="0.0"/>
  <testcase name="repetition 2336 of 5000" classname="com.mindhub.homebanking.HomebankingApplicationTest" time="0.0"/>
  <testcase name="repetition 2337 of 5000" classname="com.mindhub.homebanking.HomebankingApplicationTest" time="0.001"/>
  <testcase name="repetition 2338 of 5000" classname="com.mindhub.homebanking.HomebankingApplicationTest" time="0.0"/>
  <testcase name="repetition 2339 of 5000" classname="com.mindhub.homebanking.HomebankingApplicationTest" time="0.001"/>
  <testcase name="repetition 2340 of 5000" classname="com.mindhub.homebanking.HomebankingApplicationTest" time="0.0"/>
  <testcase name="repetition 2341 of 5000" classname="com.mindhub.homebanking.HomebankingApplicationTest" time="0.001"/>
  <testcase name="repetition 2342 of 5000" classname="com.mindhub.homebanking.HomebankingApplicationTest" time="0.0"/>
  <testcase name="repetition 2343 of 5000" classname="com.mindhub.homebanking.HomebankingApplicationTest" time="0.001"/>
  <testcase name="repetition 2344 of 5000" classname="com.mindhub.homebanking.HomebankingApplicationTest" time="0.001"/>
  <testcase name="repetition 2345 of 5000" classname="com.mindhub.homebanking.HomebankingApplicationTest" time="0.0"/>
  <testcase name="repetition 2346 of 5000" classname="com.mindhub.homebanking.HomebankingApplicationTest" time="0.001"/>
  <testcase name="repetition 2347 of 5000" classname="com.mindhub.homebanking.HomebankingApplicationTest" time="0.0"/>
  <testcase name="repetition 2348 of 5000" classname="com.mindhub.homebanking.HomebankingApplicationTest" time="0.001"/>
  <testcase name="repetition 2349 of 5000" classname="com.mindhub.homebanking.HomebankingApplicationTest" time="0.001"/>
  <testcase name="repetition 2350 of 5000" classname="com.mindhub.homebanking.HomebankingApplicationTest" time="0.001"/>
  <testcase name="repetition 2351 of 5000" classname="com.mindhub.homebanking.HomebankingApplicationTest" time="0.001"/>
  <testcase name="repetition 2352 of 5000" classname="com.mindhub.homebanking.HomebankingApplicationTest" time="0.0"/>
  <testcase name="repetition 2353 of 5000" classname="com.mindhub.homebanking.HomebankingApplicationTest" time="0.001"/>
  <testcase name="repetition 2354 of 5000" classname="com.mindhub.homebanking.HomebankingApplicationTest" time="0.001"/>
  <testcase name="repetition 2355 of 5000" classname="com.mindhub.homebanking.HomebankingApplicationTest" time="0.0"/>
  <testcase name="repetition 2356 of 5000" classname="com.mindhub.homebanking.HomebankingApplicationTest" time="0.001"/>
  <testcase name="repetition 2357 of 5000" classname="com.mindhub.homebanking.HomebankingApplicationTest" time="0.0"/>
  <testcase name="repetition 2358 of 5000" classname="com.mindhub.homebanking.HomebankingApplicationTest" time="0.001"/>
  <testcase name="repetition 2359 of 5000" classname="com.mindhub.homebanking.HomebankingApplicationTest" time="0.0"/>
  <testcase name="repetition 2360 of 5000" classname="com.mindhub.homebanking.HomebankingApplicationTest" time="0.001"/>
  <testcase name="repetition 2361 of 5000" classname="com.mindhub.homebanking.HomebankingApplicationTest" time="0.001"/>
  <testcase name="repetition 2362 of 5000" classname="com.mindhub.homebanking.HomebankingApplicationTest" time="0.001"/>
  <testcase name="repetition 2363 of 5000" classname="com.mindhub.homebanking.HomebankingApplicationTest" time="0.001"/>
  <testcase name="repetition 2364 of 5000" classname="com.mindhub.homebanking.HomebankingApplicationTest" time="0.001"/>
  <testcase name="repetition 2365 of 5000" classname="com.mindhub.homebanking.HomebankingApplicationTest" time="0.0"/>
  <testcase name="repetition 2366 of 5000" classname="com.mindhub.homebanking.HomebankingApplicationTest" time="0.001"/>
  <testcase name="repetition 2367 of 5000" classname="com.mindhub.homebanking.HomebankingApplicationTest" time="0.0"/>
  <testcase name="repetition 2368 of 5000" classname="com.mindhub.homebanking.HomebankingApplicationTest" time="0.001"/>
  <testcase name="repetition 2369 of 5000" classname="com.mindhub.homebanking.HomebankingApplicationTest" time="0.0"/>
  <testcase name="repetition 2370 of 5000" classname="com.mindhub.homebanking.HomebankingApplicationTest" time="0.001"/>
  <testcase name="repetition 2371 of 5000" classname="com.mindhub.homebanking.HomebankingApplicationTest" time="0.001"/>
  <testcase name="repetition 2372 of 5000" classname="com.mindhub.homebanking.HomebankingApplicationTest" time="0.0"/>
  <testcase name="repetition 2373 of 5000" classname="com.mindhub.homebanking.HomebankingApplicationTest" time="0.0"/>
  <testcase name="repetition 2374 of 5000" classname="com.mindhub.homebanking.HomebankingApplicationTest" time="0.001"/>
  <testcase name="repetition 2375 of 5000" classname="com.mindhub.homebanking.HomebankingApplicationTest" time="0.001"/>
  <testcase name="repetition 2376 of 5000" classname="com.mindhub.homebanking.HomebankingApplicationTest" time="0.001"/>
  <testcase name="repetition 2377 of 5000" classname="com.mindhub.homebanking.HomebankingApplicationTest" time="0.0"/>
  <testcase name="repetition 2378 of 5000" classname="com.mindhub.homebanking.HomebankingApplicationTest" time="0.001"/>
  <testcase name="repetition 2379 of 5000" classname="com.mindhub.homebanking.HomebankingApplicationTest" time="0.0"/>
  <testcase name="repetition 2380 of 5000" classname="com.mindhub.homebanking.HomebankingApplicationTest" time="0.001"/>
  <testcase name="repetition 2381 of 5000" classname="com.mindhub.homebanking.HomebankingApplicationTest" time="0.001"/>
  <testcase name="repetition 2382 of 5000" classname="com.mindhub.homebanking.HomebankingApplicationTest" time="0.001"/>
  <testcase name="repetition 2383 of 5000" classname="com.mindhub.homebanking.HomebankingApplicationTest" time="0.001"/>
  <testcase name="repetition 2384 of 5000" classname="com.mindhub.homebanking.HomebankingApplicationTest" time="0.001"/>
  <testcase name="repetition 2385 of 5000" classname="com.mindhub.homebanking.HomebankingApplicationTest" time="0.001"/>
  <testcase name="repetition 2386 of 5000" classname="com.mindhub.homebanking.HomebankingApplicationTest" time="0.0"/>
  <testcase name="repetition 2387 of 5000" classname="com.mindhub.homebanking.HomebankingApplicationTest" time="0.0"/>
  <testcase name="repetition 2388 of 5000" classname="com.mindhub.homebanking.HomebankingApplicationTest" time="0.0"/>
  <testcase name="repetition 2389 of 5000" classname="com.mindhub.homebanking.HomebankingApplicationTest" time="0.001"/>
  <testcase name="repetition 2390 of 5000" classname="com.mindhub.homebanking.HomebankingApplicationTest" time="0.0"/>
  <testcase name="repetition 2391 of 5000" classname="com.mindhub.homebanking.HomebankingApplicationTest" time="0.001"/>
  <testcase name="repetition 2392 of 5000" classname="com.mindhub.homebanking.HomebankingApplicationTest" time="0.0"/>
  <testcase name="repetition 2393 of 5000" classname="com.mindhub.homebanking.HomebankingApplicationTest" time="0.0"/>
  <testcase name="repetition 2394 of 5000" classname="com.mindhub.homebanking.HomebankingApplicationTest" time="0.001"/>
  <testcase name="repetition 2395 of 5000" classname="com.mindhub.homebanking.HomebankingApplicationTest" time="0.0"/>
  <testcase name="repetition 2396 of 5000" classname="com.mindhub.homebanking.HomebankingApplicationTest" time="0.001"/>
  <testcase name="repetition 2397 of 5000" classname="com.mindhub.homebanking.HomebankingApplicationTest" time="0.0"/>
  <testcase name="repetition 2398 of 5000" classname="com.mindhub.homebanking.HomebankingApplicationTest" time="0.001"/>
  <testcase name="repetition 2399 of 5000" classname="com.mindhub.homebanking.HomebankingApplicationTest" time="0.0"/>
  <testcase name="repetition 2400 of 5000" classname="com.mindhub.homebanking.HomebankingApplicationTest" time="0.001"/>
  <testcase name="repetition 2401 of 5000" classname="com.mindhub.homebanking.HomebankingApplicationTest" time="0.001"/>
  <testcase name="repetition 2402 of 5000" classname="com.mindhub.homebanking.HomebankingApplicationTest" time="0.001"/>
  <testcase name="repetition 2403 of 5000" classname="com.mindhub.homebanking.HomebankingApplicationTest" time="0.001"/>
  <testcase name="repetition 2404 of 5000" classname="com.mindhub.homebanking.HomebankingApplicationTest" time="0.001"/>
  <testcase name="repetition 2405 of 5000" classname="com.mindhub.homebanking.HomebankingApplicationTest" time="0.001"/>
  <testcase name="repetition 2406 of 5000" classname="com.mindhub.homebanking.HomebankingApplicationTest" time="0.001"/>
  <testcase name="repetition 2407 of 5000" classname="com.mindhub.homebanking.HomebankingApplicationTest" time="0.001"/>
  <testcase name="repetition 2408 of 5000" classname="com.mindhub.homebanking.HomebankingApplicationTest" time="0.001"/>
  <testcase name="repetition 2409 of 5000" classname="com.mindhub.homebanking.HomebankingApplicationTest" time="0.001"/>
  <testcase name="repetition 2410 of 5000" classname="com.mindhub.homebanking.HomebankingApplicationTest" time="0.001"/>
  <testcase name="repetition 2411 of 5000" classname="com.mindhub.homebanking.HomebankingApplicationTest" time="0.0"/>
  <testcase name="repetition 2412 of 5000" classname="com.mindhub.homebanking.HomebankingApplicationTest" time="0.001"/>
  <testcase name="repetition 2413 of 5000" classname="com.mindhub.homebanking.HomebankingApplicationTest" time="0.001"/>
  <testcase name="repetition 2414 of 5000" classname="com.mindhub.homebanking.HomebankingApplicationTest" time="0.001"/>
  <testcase name="repetition 2415 of 5000" classname="com.mindhub.homebanking.HomebankingApplicationTest" time="0.001"/>
  <testcase name="repetition 2416 of 5000" classname="com.mindhub.homebanking.HomebankingApplicationTest" time="0.001"/>
  <testcase name="repetition 2417 of 5000" classname="com.mindhub.homebanking.HomebankingApplicationTest" time="0.001"/>
  <testcase name="repetition 2418 of 5000" classname="com.mindhub.homebanking.HomebankingApplicationTest" time="0.001"/>
  <testcase name="repetition 2419 of 5000" classname="com.mindhub.homebanking.HomebankingApplicationTest" time="0.0"/>
  <testcase name="repetition 2420 of 5000" classname="com.mindhub.homebanking.HomebankingApplicationTest" time="0.001"/>
  <testcase name="repetition 2421 of 5000" classname="com.mindhub.homebanking.HomebankingApplicationTest" time="0.001"/>
  <testcase name="repetition 2422 of 5000" classname="com.mindhub.homebanking.HomebankingApplicationTest" time="0.002"/>
  <testcase name="repetition 2423 of 5000" classname="com.mindhub.homebanking.HomebankingApplicationTest" time="0.001"/>
  <testcase name="repetition 2424 of 5000" classname="com.mindhub.homebanking.HomebankingApplicationTest" time="0.0"/>
  <testcase name="repetition 2425 of 5000" classname="com.mindhub.homebanking.HomebankingApplicationTest" time="0.0"/>
  <testcase name="repetition 2426 of 5000" classname="com.mindhub.homebanking.HomebankingApplicationTest" time="0.001"/>
  <testcase name="repetition 2427 of 5000" classname="com.mindhub.homebanking.HomebankingApplicationTest" time="0.0"/>
  <testcase name="repetition 2428 of 5000" classname="com.mindhub.homebanking.HomebankingApplicationTest" time="0.001"/>
  <testcase name="repetition 2429 of 5000" classname="com.mindhub.homebanking.HomebankingApplicationTest" time="0.001"/>
  <testcase name="repetition 2430 of 5000" classname="com.mindhub.homebanking.HomebankingApplicationTest" time="0.0"/>
  <testcase name="repetition 2431 of 5000" classname="com.mindhub.homebanking.HomebankingApplicationTest" time="0.001"/>
  <testcase name="repetition 2432 of 5000" classname="com.mindhub.homebanking.HomebankingApplicationTest" time="0.001"/>
  <testcase name="repetition 2433 of 5000" classname="com.mindhub.homebanking.HomebankingApplicationTest" time="0.0"/>
  <testcase name="repetition 2434 of 5000" classname="com.mindhub.homebanking.HomebankingApplicationTest" time="0.001"/>
  <testcase name="repetition 2435 of 5000" classname="com.mindhub.homebanking.HomebankingApplicationTest" time="0.0"/>
  <testcase name="repetition 2436 of 5000" classname="com.mindhub.homebanking.HomebankingApplicationTest" time="0.0"/>
  <testcase name="repetition 2437 of 5000" classname="com.mindhub.homebanking.HomebankingApplicationTest" time="0.001"/>
  <testcase name="repetition 2438 of 5000" classname="com.mindhub.homebanking.HomebankingApplicationTest" time="0.001"/>
  <testcase name="repetition 2439 of 5000" classname="com.mindhub.homebanking.HomebankingApplicationTest" time="0.002"/>
  <testcase name="repetition 2440 of 5000" classname="com.mindhub.homebanking.HomebankingApplicationTest" time="0.001"/>
  <testcase name="repetition 2441 of 5000" classname="com.mindhub.homebanking.HomebankingApplicationTest" time="0.001"/>
  <testcase name="repetition 2442 of 5000" classname="com.mindhub.homebanking.HomebankingApplicationTest" time="0.001"/>
  <testcase name="repetition 2443 of 5000" classname="com.mindhub.homebanking.HomebankingApplicationTest" time="0.001"/>
  <testcase name="repetition 2444 of 5000" classname="com.mindhub.homebanking.HomebankingApplicationTest" time="0.0"/>
  <testcase name="repetition 2445 of 5000" classname="com.mindhub.homebanking.HomebankingApplicationTest" time="0.001"/>
  <testcase name="repetition 2446 of 5000" classname="com.mindhub.homebanking.HomebankingApplicationTest" time="0.001"/>
  <testcase name="repetition 2447 of 5000" classname="com.mindhub.homebanking.HomebankingApplicationTest" time="0.001"/>
  <testcase name="repetition 2448 of 5000" classname="com.mindhub.homebanking.HomebankingApplicationTest" time="0.001"/>
  <testcase name="repetition 2449 of 5000" classname="com.mindhub.homebanking.HomebankingApplicationTest" time="0.001"/>
  <testcase name="repetition 2450 of 5000" classname="com.mindhub.homebanking.HomebankingApplicationTest" time="0.001"/>
  <testcase name="repetition 2451 of 5000" classname="com.mindhub.homebanking.HomebankingApplicationTest" time="0.001"/>
  <testcase name="repetition 2452 of 5000" classname="com.mindhub.homebanking.HomebankingApplicationTest" time="0.001"/>
  <testcase name="repetition 2453 of 5000" classname="com.mindhub.homebanking.HomebankingApplicationTest" time="0.0"/>
  <testcase name="repetition 2454 of 5000" classname="com.mindhub.homebanking.HomebankingApplicationTest" time="0.001"/>
  <testcase name="repetition 2455 of 5000" classname="com.mindhub.homebanking.HomebankingApplicationTest" time="0.001"/>
  <testcase name="repetition 2456 of 5000" classname="com.mindhub.homebanking.HomebankingApplicationTest" time="0.001"/>
  <testcase name="repetition 2457 of 5000" classname="com.mindhub.homebanking.HomebankingApplicationTest" time="0.001"/>
  <testcase name="repetition 2458 of 5000" classname="com.mindhub.homebanking.HomebankingApplicationTest" time="0.001"/>
  <testcase name="repetition 2459 of 5000" classname="com.mindhub.homebanking.HomebankingApplicationTest" time="0.001"/>
  <testcase name="repetition 2460 of 5000" classname="com.mindhub.homebanking.HomebankingApplicationTest" time="0.001"/>
  <testcase name="repetition 2461 of 5000" classname="com.mindhub.homebanking.HomebankingApplicationTest" time="0.001"/>
  <testcase name="repetition 2462 of 5000" classname="com.mindhub.homebanking.HomebankingApplicationTest" time="0.0"/>
  <testcase name="repetition 2463 of 5000" classname="com.mindhub.homebanking.HomebankingApplicationTest" time="0.001"/>
  <testcase name="repetition 2464 of 5000" classname="com.mindhub.homebanking.HomebankingApplicationTest" time="0.001"/>
  <testcase name="repetition 2465 of 5000" classname="com.mindhub.homebanking.HomebankingApplicationTest" time="0.001"/>
  <testcase name="repetition 2466 of 5000" classname="com.mindhub.homebanking.HomebankingApplicationTest" time="0.001"/>
  <testcase name="repetition 2467 of 5000" classname="com.mindhub.homebanking.HomebankingApplicationTest" time="0.001"/>
  <testcase name="repetition 2468 of 5000" classname="com.mindhub.homebanking.HomebankingApplicationTest" time="0.001"/>
  <testcase name="repetition 2469 of 5000" classname="com.mindhub.homebanking.HomebankingApplicationTest" time="0.001"/>
  <testcase name="repetition 2470 of 5000" classname="com.mindhub.homebanking.HomebankingApplicationTest" time="0.0"/>
  <testcase name="repetition 2471 of 5000" classname="com.mindhub.homebanking.HomebankingApplicationTest" time="0.0"/>
  <testcase name="repetition 2472 of 5000" classname="com.mindhub.homebanking.HomebankingApplicationTest" time="0.001"/>
  <testcase name="repetition 2473 of 5000" classname="com.mindhub.homebanking.HomebankingApplicationTest" time="0.0"/>
  <testcase name="repetition 2474 of 5000" classname="com.mindhub.homebanking.HomebankingApplicationTest" time="0.001"/>
  <testcase name="repetition 2475 of 5000" classname="com.mindhub.homebanking.HomebankingApplicationTest" time="0.001"/>
  <testcase name="repetition 2476 of 5000" classname="com.mindhub.homebanking.HomebankingApplicationTest" time="0.001"/>
  <testcase name="repetition 2477 of 5000" classname="com.mindhub.homebanking.HomebankingApplicationTest" time="0.001"/>
  <testcase name="repetition 2478 of 5000" classname="com.mindhub.homebanking.HomebankingApplicationTest" time="0.001"/>
  <testcase name="repetition 2479 of 5000" classname="com.mindhub.homebanking.HomebankingApplicationTest" time="0.002"/>
  <testcase name="repetition 2480 of 5000" classname="com.mindhub.homebanking.HomebankingApplicationTest" time="0.001"/>
  <testcase name="repetition 2481 of 5000" classname="com.mindhub.homebanking.HomebankingApplicationTest" time="0.0"/>
  <testcase name="repetition 2482 of 5000" classname="com.mindhub.homebanking.HomebankingApplicationTest" time="0.001"/>
  <testcase name="repetition 2483 of 5000" classname="com.mindhub.homebanking.HomebankingApplicationTest" time="0.001"/>
  <testcase name="repetition 2484 of 5000" classname="com.mindhub.homebanking.HomebankingApplicationTest" time="0.001"/>
  <testcase name="repetition 2485 of 5000" classname="com.mindhub.homebanking.HomebankingApplicationTest" time="0.0"/>
  <testcase name="repetition 2486 of 5000" classname="com.mindhub.homebanking.HomebankingApplicationTest" time="0.001"/>
  <testcase name="repetition 2487 of 5000" classname="com.mindhub.homebanking.HomebankingApplicationTest" time="0.001"/>
  <testcase name="repetition 2488 of 5000" classname="com.mindhub.homebanking.HomebankingApplicationTest" time="0.001"/>
  <testcase name="repetition 2489 of 5000" classname="com.mindhub.homebanking.HomebankingApplicationTest" time="0.001"/>
  <testcase name="repetition 2490 of 5000" classname="com.mindhub.homebanking.HomebankingApplicationTest" time="0.001"/>
  <testcase name="repetition 2491 of 5000" classname="com.mindhub.homebanking.HomebankingApplicationTest" time="0.002"/>
  <testcase name="repetition 2492 of 5000" classname="com.mindhub.homebanking.HomebankingApplicationTest" time="0.001"/>
  <testcase name="repetition 2493 of 5000" classname="com.mindhub.homebanking.HomebankingApplicationTest" time="0.001"/>
  <testcase name="repetition 2494 of 5000" classname="com.mindhub.homebanking.HomebankingApplicationTest" time="0.001"/>
  <testcase name="repetition 2495 of 5000" classname="com.mindhub.homebanking.HomebankingApplicationTest" time="0.001"/>
  <testcase name="repetition 2496 of 5000" classname="com.mindhub.homebanking.HomebankingApplicationTest" time="0.001"/>
  <testcase name="repetition 2497 of 5000" classname="com.mindhub.homebanking.HomebankingApplicationTest" time="0.002"/>
  <testcase name="repetition 2498 of 5000" classname="com.mindhub.homebanking.HomebankingApplicationTest" time="0.002"/>
  <testcase name="repetition 2499 of 5000" classname="com.mindhub.homebanking.HomebankingApplicationTest" time="0.001"/>
  <testcase name="repetition 2500 of 5000" classname="com.mindhub.homebanking.HomebankingApplicationTest" time="0.001"/>
  <testcase name="repetition 2501 of 5000" classname="com.mindhub.homebanking.HomebankingApplicationTest" time="0.001"/>
  <testcase name="repetition 2502 of 5000" classname="com.mindhub.homebanking.HomebankingApplicationTest" time="0.001"/>
  <testcase name="repetition 2503 of 5000" classname="com.mindhub.homebanking.HomebankingApplicationTest" time="0.001"/>
  <testcase name="repetition 2504 of 5000" classname="com.mindhub.homebanking.HomebankingApplicationTest" time="0.001"/>
  <testcase name="repetition 2505 of 5000" classname="com.mindhub.homebanking.HomebankingApplicationTest" time="0.001"/>
  <testcase name="repetition 2506 of 5000" classname="com.mindhub.homebanking.HomebankingApplicationTest" time="0.001"/>
  <testcase name="repetition 2507 of 5000" classname="com.mindhub.homebanking.HomebankingApplicationTest" time="0.002"/>
  <testcase name="repetition 2508 of 5000" classname="com.mindhub.homebanking.HomebankingApplicationTest" time="0.001"/>
  <testcase name="repetition 2509 of 5000" classname="com.mindhub.homebanking.HomebankingApplicationTest" time="0.001"/>
  <testcase name="repetition 2510 of 5000" classname="com.mindhub.homebanking.HomebankingApplicationTest" time="0.0"/>
  <testcase name="repetition 2511 of 5000" classname="com.mindhub.homebanking.HomebankingApplicationTest" time="0.0"/>
  <testcase name="repetition 2512 of 5000" classname="com.mindhub.homebanking.HomebankingApplicationTest" time="0.0"/>
  <testcase name="repetition 2513 of 5000" classname="com.mindhub.homebanking.HomebankingApplicationTest" time="0.001"/>
  <testcase name="repetition 2514 of 5000" classname="com.mindhub.homebanking.HomebankingApplicationTest" time="0.001"/>
  <testcase name="repetition 2515 of 5000" classname="com.mindhub.homebanking.HomebankingApplicationTest" time="0.001"/>
  <testcase name="repetition 2516 of 5000" classname="com.mindhub.homebanking.HomebankingApplicationTest" time="0.0"/>
  <testcase name="repetition 2517 of 5000" classname="com.mindhub.homebanking.HomebankingApplicationTest" time="0.001"/>
  <testcase name="repetition 2518 of 5000" classname="com.mindhub.homebanking.HomebankingApplicationTest" time="0.0"/>
  <testcase name="repetition 2519 of 5000" classname="com.mindhub.homebanking.HomebankingApplicationTest" time="0.001"/>
  <testcase name="repetition 2520 of 5000" classname="com.mindhub.homebanking.HomebankingApplicationTest" time="0.0"/>
  <testcase name="repetition 2521 of 5000" classname="com.mindhub.homebanking.HomebankingApplicationTest" time="0.001"/>
  <testcase name="repetition 2522 of 5000" classname="com.mindhub.homebanking.HomebankingApplicationTest" time="0.001"/>
  <testcase name="repetition 2523 of 5000" classname="com.mindhub.homebanking.HomebankingApplicationTest" time="0.001"/>
  <testcase name="repetition 2524 of 5000" classname="com.mindhub.homebanking.HomebankingApplicationTest" time="0.005"/>
  <testcase name="repetition 2525 of 5000" classname="com.mindhub.homebanking.HomebankingApplicationTest" time="0.001"/>
  <testcase name="repetition 2526 of 5000" classname="com.mindhub.homebanking.HomebankingApplicationTest" time="0.001"/>
  <testcase name="repetition 2527 of 5000" classname="com.mindhub.homebanking.HomebankingApplicationTest" time="0.001"/>
  <testcase name="repetition 2528 of 5000" classname="com.mindhub.homebanking.HomebankingApplicationTest" time="0.001"/>
  <testcase name="repetition 2529 of 5000" classname="com.mindhub.homebanking.HomebankingApplicationTest" time="0.001"/>
  <testcase name="repetition 2530 of 5000" classname="com.mindhub.homebanking.HomebankingApplicationTest" time="0.0"/>
  <testcase name="repetition 2531 of 5000" classname="com.mindhub.homebanking.HomebankingApplicationTest" time="0.001"/>
  <testcase name="repetition 2532 of 5000" classname="com.mindhub.homebanking.HomebankingApplicationTest" time="0.001"/>
  <testcase name="repetition 2533 of 5000" classname="com.mindhub.homebanking.HomebankingApplicationTest" time="0.001"/>
  <testcase name="repetition 2534 of 5000" classname="com.mindhub.homebanking.HomebankingApplicationTest" time="0.0"/>
  <testcase name="repetition 2535 of 5000" classname="com.mindhub.homebanking.HomebankingApplicationTest" time="0.001"/>
  <testcase name="repetition 2536 of 5000" classname="com.mindhub.homebanking.HomebankingApplicationTest" time="0.0"/>
  <testcase name="repetition 2537 of 5000" classname="com.mindhub.homebanking.HomebankingApplicationTest" time="0.001"/>
  <testcase name="repetition 2538 of 5000" classname="com.mindhub.homebanking.HomebankingApplicationTest" time="0.0"/>
  <testcase name="repetition 2539 of 5000" classname="com.mindhub.homebanking.HomebankingApplicationTest" time="0.0"/>
  <testcase name="repetition 2540 of 5000" classname="com.mindhub.homebanking.HomebankingApplicationTest" time="0.0"/>
  <testcase name="repetition 2541 of 5000" classname="com.mindhub.homebanking.HomebankingApplicationTest" time="0.0"/>
  <testcase name="repetition 2542 of 5000" classname="com.mindhub.homebanking.HomebankingApplicationTest" time="0.0"/>
  <testcase name="repetition 2543 of 5000" classname="com.mindhub.homebanking.HomebankingApplicationTest" time="0.0"/>
  <testcase name="repetition 2544 of 5000" classname="com.mindhub.homebanking.HomebankingApplicationTest" time="0.001"/>
  <testcase name="repetition 2545 of 5000" classname="com.mindhub.homebanking.HomebankingApplicationTest" time="0.0"/>
  <testcase name="repetition 2546 of 5000" classname="com.mindhub.homebanking.HomebankingApplicationTest" time="0.0"/>
  <testcase name="repetition 2547 of 5000" classname="com.mindhub.homebanking.HomebankingApplicationTest" time="0.0"/>
  <testcase name="repetition 2548 of 5000" classname="com.mindhub.homebanking.HomebankingApplicationTest" time="0.001"/>
  <testcase name="repetition 2549 of 5000" classname="com.mindhub.homebanking.HomebankingApplicationTest" time="0.001"/>
  <testcase name="repetition 2550 of 5000" classname="com.mindhub.homebanking.HomebankingApplicationTest" time="0.001"/>
  <testcase name="repetition 2551 of 5000" classname="com.mindhub.homebanking.HomebankingApplicationTest" time="0.001"/>
  <testcase name="repetition 2552 of 5000" classname="com.mindhub.homebanking.HomebankingApplicationTest" time="0.001"/>
  <testcase name="repetition 2553 of 5000" classname="com.mindhub.homebanking.HomebankingApplicationTest" time="0.001"/>
  <testcase name="repetition 2554 of 5000" classname="com.mindhub.homebanking.HomebankingApplicationTest" time="0.001"/>
  <testcase name="repetition 2555 of 5000" classname="com.mindhub.homebanking.HomebankingApplicationTest" time="0.001"/>
  <testcase name="repetition 2556 of 5000" classname="com.mindhub.homebanking.HomebankingApplicationTest" time="0.001"/>
  <testcase name="repetition 2557 of 5000" classname="com.mindhub.homebanking.HomebankingApplicationTest" time="0.0"/>
  <testcase name="repetition 2558 of 5000" classname="com.mindhub.homebanking.HomebankingApplicationTest" time="0.001"/>
  <testcase name="repetition 2559 of 5000" classname="com.mindhub.homebanking.HomebankingApplicationTest" time="0.001"/>
  <testcase name="repetition 2560 of 5000" classname="com.mindhub.homebanking.HomebankingApplicationTest" time="0.005"/>
  <testcase name="repetition 2561 of 5000" classname="com.mindhub.homebanking.HomebankingApplicationTest" time="0.001"/>
  <testcase name="repetition 2562 of 5000" classname="com.mindhub.homebanking.HomebankingApplicationTest" time="0.001"/>
  <testcase name="repetition 2563 of 5000" classname="com.mindhub.homebanking.HomebankingApplicationTest" time="0.0"/>
  <testcase name="repetition 2564 of 5000" classname="com.mindhub.homebanking.HomebankingApplicationTest" time="0.001"/>
  <testcase name="repetition 2565 of 5000" classname="com.mindhub.homebanking.HomebankingApplicationTest" time="0.0"/>
  <testcase name="repetition 2566 of 5000" classname="com.mindhub.homebanking.HomebankingApplicationTest" time="0.0"/>
  <testcase name="repetition 2567 of 5000" classname="com.mindhub.homebanking.HomebankingApplicationTest" time="0.001"/>
  <testcase name="repetition 2568 of 5000" classname="com.mindhub.homebanking.HomebankingApplicationTest" time="0.001"/>
  <testcase name="repetition 2569 of 5000" classname="com.mindhub.homebanking.HomebankingApplicationTest" time="0.001"/>
  <testcase name="repetition 2570 of 5000" classname="com.mindhub.homebanking.HomebankingApplicationTest" time="0.001"/>
  <testcase name="repetition 2571 of 5000" classname="com.mindhub.homebanking.HomebankingApplicationTest" time="0.001"/>
  <testcase name="repetition 2572 of 5000" classname="com.mindhub.homebanking.HomebankingApplicationTest" time="0.001"/>
  <testcase name="repetition 2573 of 5000" classname="com.mindhub.homebanking.HomebankingApplicationTest" time="0.001"/>
  <testcase name="repetition 2574 of 5000" classname="com.mindhub.homebanking.HomebankingApplicationTest" time="0.001"/>
  <testcase name="repetition 2575 of 5000" classname="com.mindhub.homebanking.HomebankingApplicationTest" time="0.001"/>
  <testcase name="repetition 2576 of 5000" classname="com.mindhub.homebanking.HomebankingApplicationTest" time="0.001"/>
  <testcase name="repetition 2577 of 5000" classname="com.mindhub.homebanking.HomebankingApplicationTest" time="0.001"/>
  <testcase name="repetition 2578 of 5000" classname="com.mindhub.homebanking.HomebankingApplicationTest" time="0.001"/>
  <testcase name="repetition 2579 of 5000" classname="com.mindhub.homebanking.HomebankingApplicationTest" time="0.0"/>
  <testcase name="repetition 2580 of 5000" classname="com.mindhub.homebanking.HomebankingApplicationTest" time="0.002"/>
  <testcase name="repetition 2581 of 5000" classname="com.mindhub.homebanking.HomebankingApplicationTest" time="0.001"/>
  <testcase name="repetition 2582 of 5000" classname="com.mindhub.homebanking.HomebankingApplicationTest" time="0.001"/>
  <testcase name="repetition 2583 of 5000" classname="com.mindhub.homebanking.HomebankingApplicationTest" time="0.001"/>
  <testcase name="repetition 2584 of 5000" classname="com.mindhub.homebanking.HomebankingApplicationTest" time="0.0"/>
  <testcase name="repetition 2585 of 5000" classname="com.mindhub.homebanking.HomebankingApplicationTest" time="0.001"/>
  <testcase name="repetition 2586 of 5000" classname="com.mindhub.homebanking.HomebankingApplicationTest" time="0.0"/>
  <testcase name="repetition 2587 of 5000" classname="com.mindhub.homebanking.HomebankingApplicationTest" time="0.001"/>
  <testcase name="repetition 2588 of 5000" classname="com.mindhub.homebanking.HomebankingApplicationTest" time="0.001"/>
  <testcase name="repetition 2589 of 5000" classname="com.mindhub.homebanking.HomebankingApplicationTest" time="0.002"/>
  <testcase name="repetition 2590 of 5000" classname="com.mindhub.homebanking.HomebankingApplicationTest" time="0.001"/>
  <testcase name="repetition 2591 of 5000" classname="com.mindhub.homebanking.HomebankingApplicationTest" time="0.001"/>
  <testcase name="repetition 2592 of 5000" classname="com.mindhub.homebanking.HomebankingApplicationTest" time="0.0"/>
  <testcase name="repetition 2593 of 5000" classname="com.mindhub.homebanking.HomebankingApplicationTest" time="0.001"/>
  <testcase name="repetition 2594 of 5000" classname="com.mindhub.homebanking.HomebankingApplicationTest" time="0.001"/>
  <testcase name="repetition 2595 of 5000" classname="com.mindhub.homebanking.HomebankingApplicationTest" time="0.001"/>
  <testcase name="repetition 2596 of 5000" classname="com.mindhub.homebanking.HomebankingApplicationTest" time="0.001"/>
  <testcase name="repetition 2597 of 5000" classname="com.mindhub.homebanking.HomebankingApplicationTest" time="0.001"/>
  <testcase name="repetition 2598 of 5000" classname="com.mindhub.homebanking.HomebankingApplicationTest" time="0.0"/>
  <testcase name="repetition 2599 of 5000" classname="com.mindhub.homebanking.HomebankingApplicationTest" time="0.001"/>
  <testcase name="repetition 2600 of 5000" classname="com.mindhub.homebanking.HomebankingApplicationTest" time="0.0"/>
  <testcase name="repetition 2601 of 5000" classname="com.mindhub.homebanking.HomebankingApplicationTest" time="0.0"/>
  <testcase name="repetition 2602 of 5000" classname="com.mindhub.homebanking.HomebankingApplicationTest" time="0.001"/>
  <testcase name="repetition 2603 of 5000" classname="com.mindhub.homebanking.HomebankingApplicationTest" time="0.0"/>
  <testcase name="repetition 2604 of 5000" classname="com.mindhub.homebanking.HomebankingApplicationTest" time="0.001"/>
  <testcase name="repetition 2605 of 5000" classname="com.mindhub.homebanking.HomebankingApplicationTest" time="0.0"/>
  <testcase name="repetition 2606 of 5000" classname="com.mindhub.homebanking.HomebankingApplicationTest" time="0.001"/>
  <testcase name="repetition 2607 of 5000" classname="com.mindhub.homebanking.HomebankingApplicationTest" time="0.0"/>
  <testcase name="repetition 2608 of 5000" classname="com.mindhub.homebanking.HomebankingApplicationTest" time="0.001"/>
  <testcase name="repetition 2609 of 5000" classname="com.mindhub.homebanking.HomebankingApplicationTest" time="0.001"/>
  <testcase name="repetition 2610 of 5000" classname="com.mindhub.homebanking.HomebankingApplicationTest" time="0.0"/>
  <testcase name="repetition 2611 of 5000" classname="com.mindhub.homebanking.HomebankingApplicationTest" time="0.001"/>
  <testcase name="repetition 2612 of 5000" classname="com.mindhub.homebanking.HomebankingApplicationTest" time="0.0"/>
  <testcase name="repetition 2613 of 5000" classname="com.mindhub.homebanking.HomebankingApplicationTest" time="0.001"/>
  <testcase name="repetition 2614 of 5000" classname="com.mindhub.homebanking.HomebankingApplicationTest" time="0.0"/>
  <testcase name="repetition 2615 of 5000" classname="com.mindhub.homebanking.HomebankingApplicationTest" time="0.001"/>
  <testcase name="repetition 2616 of 5000" classname="com.mindhub.homebanking.HomebankingApplicationTest" time="0.001"/>
  <testcase name="repetition 2617 of 5000" classname="com.mindhub.homebanking.HomebankingApplicationTest" time="0.0"/>
  <testcase name="repetition 2618 of 5000" classname="com.mindhub.homebanking.HomebankingApplicationTest" time="0.0"/>
  <testcase name="repetition 2619 of 5000" classname="com.mindhub.homebanking.HomebankingApplicationTest" time="0.0"/>
  <testcase name="repetition 2620 of 5000" classname="com.mindhub.homebanking.HomebankingApplicationTest" time="0.001"/>
  <testcase name="repetition 2621 of 5000" classname="com.mindhub.homebanking.HomebankingApplicationTest" time="0.0"/>
  <testcase name="repetition 2622 of 5000" classname="com.mindhub.homebanking.HomebankingApplicationTest" time="0.001"/>
  <testcase name="repetition 2623 of 5000" classname="com.mindhub.homebanking.HomebankingApplicationTest" time="0.0"/>
  <testcase name="repetition 2624 of 5000" classname="com.mindhub.homebanking.HomebankingApplicationTest" time="0.001"/>
  <testcase name="repetition 2625 of 5000" classname="com.mindhub.homebanking.HomebankingApplicationTest" time="0.0"/>
  <testcase name="repetition 2626 of 5000" classname="com.mindhub.homebanking.HomebankingApplicationTest" time="0.001"/>
  <testcase name="repetition 2627 of 5000" classname="com.mindhub.homebanking.HomebankingApplicationTest" time="0.0"/>
  <testcase name="repetition 2628 of 5000" classname="com.mindhub.homebanking.HomebankingApplicationTest" time="0.001"/>
  <testcase name="repetition 2629 of 5000" classname="com.mindhub.homebanking.HomebankingApplicationTest" time="0.0"/>
  <testcase name="repetition 2630 of 5000" classname="com.mindhub.homebanking.HomebankingApplicationTest" time="0.001"/>
  <testcase name="repetition 2631 of 5000" classname="com.mindhub.homebanking.HomebankingApplicationTest" time="0.0"/>
  <testcase name="repetition 2632 of 5000" classname="com.mindhub.homebanking.HomebankingApplicationTest" time="0.001"/>
  <testcase name="repetition 2633 of 5000" classname="com.mindhub.homebanking.HomebankingApplicationTest" time="0.0"/>
  <testcase name="repetition 2634 of 5000" classname="com.mindhub.homebanking.HomebankingApplicationTest" time="0.001"/>
  <testcase name="repetition 2635 of 5000" classname="com.mindhub.homebanking.HomebankingApplicationTest" time="0.0"/>
  <testcase name="repetition 2636 of 5000" classname="com.mindhub.homebanking.HomebankingApplicationTest" time="0.001"/>
  <testcase name="repetition 2637 of 5000" classname="com.mindhub.homebanking.HomebankingApplicationTest" time="0.0"/>
  <testcase name="repetition 2638 of 5000" classname="com.mindhub.homebanking.HomebankingApplicationTest" time="0.001"/>
  <testcase name="repetition 2639 of 5000" classname="com.mindhub.homebanking.HomebankingApplicationTest" time="0.001"/>
  <testcase name="repetition 2640 of 5000" classname="com.mindhub.homebanking.HomebankingApplicationTest" time="0.0"/>
  <testcase name="repetition 2641 of 5000" classname="com.mindhub.homebanking.HomebankingApplicationTest" time="0.0"/>
  <testcase name="repetition 2642 of 5000" classname="com.mindhub.homebanking.HomebankingApplicationTest" time="0.001"/>
  <testcase name="repetition 2643 of 5000" classname="com.mindhub.homebanking.HomebankingApplicationTest" time="0.001"/>
  <testcase name="repetition 2644 of 5000" classname="com.mindhub.homebanking.HomebankingApplicationTest" time="0.0"/>
  <testcase name="repetition 2645 of 5000" classname="com.mindhub.homebanking.HomebankingApplicationTest" time="0.001"/>
  <testcase name="repetition 2646 of 5000" classname="com.mindhub.homebanking.HomebankingApplicationTest" time="0.0"/>
  <testcase name="repetition 2647 of 5000" classname="com.mindhub.homebanking.HomebankingApplicationTest" time="0.001"/>
  <testcase name="repetition 2648 of 5000" classname="com.mindhub.homebanking.HomebankingApplicationTest" time="0.001"/>
  <testcase name="repetition 2649 of 5000" classname="com.mindhub.homebanking.HomebankingApplicationTest" time="0.0"/>
  <testcase name="repetition 2650 of 5000" classname="com.mindhub.homebanking.HomebankingApplicationTest" time="0.001"/>
  <testcase name="repetition 2651 of 5000" classname="com.mindhub.homebanking.HomebankingApplicationTest" time="0.0"/>
  <testcase name="repetition 2652 of 5000" classname="com.mindhub.homebanking.HomebankingApplicationTest" time="0.001"/>
  <testcase name="repetition 2653 of 5000" classname="com.mindhub.homebanking.HomebankingApplicationTest" time="0.001"/>
  <testcase name="repetition 2654 of 5000" classname="com.mindhub.homebanking.HomebankingApplicationTest" time="0.0"/>
  <testcase name="repetition 2655 of 5000" classname="com.mindhub.homebanking.HomebankingApplicationTest" time="0.001"/>
  <testcase name="repetition 2656 of 5000" classname="com.mindhub.homebanking.HomebankingApplicationTest" time="0.0"/>
  <testcase name="repetition 2657 of 5000" classname="com.mindhub.homebanking.HomebankingApplicationTest" time="0.001"/>
  <testcase name="repetition 2658 of 5000" classname="com.mindhub.homebanking.HomebankingApplicationTest" time="0.0"/>
  <testcase name="repetition 2659 of 5000" classname="com.mindhub.homebanking.HomebankingApplicationTest" time="0.0"/>
  <testcase name="repetition 2660 of 5000" classname="com.mindhub.homebanking.HomebankingApplicationTest" time="0.001"/>
  <testcase name="repetition 2661 of 5000" classname="com.mindhub.homebanking.HomebankingApplicationTest" time="0.001"/>
  <testcase name="repetition 2662 of 5000" classname="com.mindhub.homebanking.HomebankingApplicationTest" time="0.0"/>
  <testcase name="repetition 2663 of 5000" classname="com.mindhub.homebanking.HomebankingApplicationTest" time="0.008"/>
  <testcase name="repetition 2664 of 5000" classname="com.mindhub.homebanking.HomebankingApplicationTest" time="0.001"/>
  <testcase name="repetition 2665 of 5000" classname="com.mindhub.homebanking.HomebankingApplicationTest" time="0.0"/>
  <testcase name="repetition 2666 of 5000" classname="com.mindhub.homebanking.HomebankingApplicationTest" time="0.001"/>
  <testcase name="repetition 2667 of 5000" classname="com.mindhub.homebanking.HomebankingApplicationTest" time="0.0"/>
  <testcase name="repetition 2668 of 5000" classname="com.mindhub.homebanking.HomebankingApplicationTest" time="0.0"/>
  <testcase name="repetition 2669 of 5000" classname="com.mindhub.homebanking.HomebankingApplicationTest" time="0.0"/>
  <testcase name="repetition 2670 of 5000" classname="com.mindhub.homebanking.HomebankingApplicationTest" time="0.0"/>
  <testcase name="repetition 2671 of 5000" classname="com.mindhub.homebanking.HomebankingApplicationTest" time="0.001"/>
  <testcase name="repetition 2672 of 5000" classname="com.mindhub.homebanking.HomebankingApplicationTest" time="0.001"/>
  <testcase name="repetition 2673 of 5000" classname="com.mindhub.homebanking.HomebankingApplicationTest" time="0.001"/>
  <testcase name="repetition 2674 of 5000" classname="com.mindhub.homebanking.HomebankingApplicationTest" time="0.0"/>
  <testcase name="repetition 2675 of 5000" classname="com.mindhub.homebanking.HomebankingApplicationTest" time="0.001"/>
  <testcase name="repetition 2676 of 5000" classname="com.mindhub.homebanking.HomebankingApplicationTest" time="0.001"/>
  <testcase name="repetition 2677 of 5000" classname="com.mindhub.homebanking.HomebankingApplicationTest" time="0.001"/>
  <testcase name="repetition 2678 of 5000" classname="com.mindhub.homebanking.HomebankingApplicationTest" time="0.0"/>
  <testcase name="repetition 2679 of 5000" classname="com.mindhub.homebanking.HomebankingApplicationTest" time="0.001"/>
  <testcase name="repetition 2680 of 5000" classname="com.mindhub.homebanking.HomebankingApplicationTest" time="0.002"/>
  <testcase name="repetition 2681 of 5000" classname="com.mindhub.homebanking.HomebankingApplicationTest" time="0.002"/>
  <testcase name="repetition 2682 of 5000" classname="com.mindhub.homebanking.HomebankingApplicationTest" time="0.002"/>
  <testcase name="repetition 2683 of 5000" classname="com.mindhub.homebanking.HomebankingApplicationTest" time="0.001"/>
  <testcase name="repetition 2684 of 5000" classname="com.mindhub.homebanking.HomebankingApplicationTest" time="0.001"/>
  <testcase name="repetition 2685 of 5000" classname="com.mindhub.homebanking.HomebankingApplicationTest" time="0.001"/>
  <testcase name="repetition 2686 of 5000" classname="com.mindhub.homebanking.HomebankingApplicationTest" time="0.001"/>
  <testcase name="repetition 2687 of 5000" classname="com.mindhub.homebanking.HomebankingApplicationTest" time="0.001"/>
  <testcase name="repetition 2688 of 5000" classname="com.mindhub.homebanking.HomebankingApplicationTest" time="0.001"/>
  <testcase name="repetition 2689 of 5000" classname="com.mindhub.homebanking.HomebankingApplicationTest" time="0.0"/>
  <testcase name="repetition 2690 of 5000" classname="com.mindhub.homebanking.HomebankingApplicationTest" time="0.001"/>
  <testcase name="repetition 2691 of 5000" classname="com.mindhub.homebanking.HomebankingApplicationTest" time="0.001"/>
  <testcase name="repetition 2692 of 5000" classname="com.mindhub.homebanking.HomebankingApplicationTest" time="0.001"/>
  <testcase name="repetition 2693 of 5000" classname="com.mindhub.homebanking.HomebankingApplicationTest" time="0.001"/>
  <testcase name="repetition 2694 of 5000" classname="com.mindhub.homebanking.HomebankingApplicationTest" time="0.001"/>
  <testcase name="repetition 2695 of 5000" classname="com.mindhub.homebanking.HomebankingApplicationTest" time="0.0"/>
  <testcase name="repetition 2696 of 5000" classname="com.mindhub.homebanking.HomebankingApplicationTest" time="0.001"/>
  <testcase name="repetition 2697 of 5000" classname="com.mindhub.homebanking.HomebankingApplicationTest" time="0.0"/>
  <testcase name="repetition 2698 of 5000" classname="com.mindhub.homebanking.HomebankingApplicationTest" time="0.001"/>
  <testcase name="repetition 2699 of 5000" classname="com.mindhub.homebanking.HomebankingApplicationTest" time="0.0"/>
  <testcase name="repetition 2700 of 5000" classname="com.mindhub.homebanking.HomebankingApplicationTest" time="0.0"/>
  <testcase name="repetition 2701 of 5000" classname="com.mindhub.homebanking.HomebankingApplicationTest" time="0.0"/>
  <testcase name="repetition 2702 of 5000" classname="com.mindhub.homebanking.HomebankingApplicationTest" time="0.0"/>
  <testcase name="repetition 2703 of 5000" classname="com.mindhub.homebanking.HomebankingApplicationTest" time="0.001"/>
  <testcase name="repetition 2704 of 5000" classname="com.mindhub.homebanking.HomebankingApplicationTest" time="0.0"/>
  <testcase name="repetition 2705 of 5000" classname="com.mindhub.homebanking.HomebankingApplicationTest" time="0.001"/>
  <testcase name="repetition 2706 of 5000" classname="com.mindhub.homebanking.HomebankingApplicationTest" time="0.0"/>
  <testcase name="repetition 2707 of 5000" classname="com.mindhub.homebanking.HomebankingApplicationTest" time="0.0"/>
  <testcase name="repetition 2708 of 5000" classname="com.mindhub.homebanking.HomebankingApplicationTest" time="0.001"/>
  <testcase name="repetition 2709 of 5000" classname="com.mindhub.homebanking.HomebankingApplicationTest" time="0.0"/>
  <testcase name="repetition 2710 of 5000" classname="com.mindhub.homebanking.HomebankingApplicationTest" time="0.0"/>
  <testcase name="repetition 2711 of 5000" classname="com.mindhub.homebanking.HomebankingApplicationTest" time="0.001"/>
  <testcase name="repetition 2712 of 5000" classname="com.mindhub.homebanking.HomebankingApplicationTest" time="0.0"/>
  <testcase name="repetition 2713 of 5000" classname="com.mindhub.homebanking.HomebankingApplicationTest" time="0.0"/>
  <testcase name="repetition 2714 of 5000" classname="com.mindhub.homebanking.HomebankingApplicationTest" time="0.001"/>
  <testcase name="repetition 2715 of 5000" classname="com.mindhub.homebanking.HomebankingApplicationTest" time="0.0"/>
  <testcase name="repetition 2716 of 5000" classname="com.mindhub.homebanking.HomebankingApplicationTest" time="0.001"/>
  <testcase name="repetition 2717 of 5000" classname="com.mindhub.homebanking.HomebankingApplicationTest" time="0.0"/>
  <testcase name="repetition 2718 of 5000" classname="com.mindhub.homebanking.HomebankingApplicationTest" time="0.001"/>
  <testcase name="repetition 2719 of 5000" classname="com.mindhub.homebanking.HomebankingApplicationTest" time="0.0"/>
  <testcase name="repetition 2720 of 5000" classname="com.mindhub.homebanking.HomebankingApplicationTest" time="0.001"/>
  <testcase name="repetition 2721 of 5000" classname="com.mindhub.homebanking.HomebankingApplicationTest" time="0.0"/>
  <testcase name="repetition 2722 of 5000" classname="com.mindhub.homebanking.HomebankingApplicationTest" time="0.001"/>
  <testcase name="repetition 2723 of 5000" classname="com.mindhub.homebanking.HomebankingApplicationTest" time="0.0"/>
  <testcase name="repetition 2724 of 5000" classname="com.mindhub.homebanking.HomebankingApplicationTest" time="0.001"/>
  <testcase name="repetition 2725 of 5000" classname="com.mindhub.homebanking.HomebankingApplicationTest" time="0.0"/>
  <testcase name="repetition 2726 of 5000" classname="com.mindhub.homebanking.HomebankingApplicationTest" time="0.001"/>
  <testcase name="repetition 2727 of 5000" classname="com.mindhub.homebanking.HomebankingApplicationTest" time="0.001"/>
  <testcase name="repetition 2728 of 5000" classname="com.mindhub.homebanking.HomebankingApplicationTest" time="0.001"/>
  <testcase name="repetition 2729 of 5000" classname="com.mindhub.homebanking.HomebankingApplicationTest" time="0.001"/>
  <testcase name="repetition 2730 of 5000" classname="com.mindhub.homebanking.HomebankingApplicationTest" time="0.001"/>
  <testcase name="repetition 2731 of 5000" classname="com.mindhub.homebanking.HomebankingApplicationTest" time="0.0"/>
  <testcase name="repetition 2732 of 5000" classname="com.mindhub.homebanking.HomebankingApplicationTest" time="0.001"/>
  <testcase name="repetition 2733 of 5000" classname="com.mindhub.homebanking.HomebankingApplicationTest" time="0.0"/>
  <testcase name="repetition 2734 of 5000" classname="com.mindhub.homebanking.HomebankingApplicationTest" time="0.0"/>
  <testcase name="repetition 2735 of 5000" classname="com.mindhub.homebanking.HomebankingApplicationTest" time="0.0"/>
  <testcase name="repetition 2736 of 5000" classname="com.mindhub.homebanking.HomebankingApplicationTest" time="0.001"/>
  <testcase name="repetition 2737 of 5000" classname="com.mindhub.homebanking.HomebankingApplicationTest" time="0.0"/>
  <testcase name="repetition 2738 of 5000" classname="com.mindhub.homebanking.HomebankingApplicationTest" time="0.001"/>
  <testcase name="repetition 2739 of 5000" classname="com.mindhub.homebanking.HomebankingApplicationTest" time="0.0"/>
  <testcase name="repetition 2740 of 5000" classname="com.mindhub.homebanking.HomebankingApplicationTest" time="0.001"/>
  <testcase name="repetition 2741 of 5000" classname="com.mindhub.homebanking.HomebankingApplicationTest" time="0.001"/>
  <testcase name="repetition 2742 of 5000" classname="com.mindhub.homebanking.HomebankingApplicationTest" time="0.001"/>
  <testcase name="repetition 2743 of 5000" classname="com.mindhub.homebanking.HomebankingApplicationTest" time="0.0"/>
  <testcase name="repetition 2744 of 5000" classname="com.mindhub.homebanking.HomebankingApplicationTest" time="0.001"/>
  <testcase name="repetition 2745 of 5000" classname="com.mindhub.homebanking.HomebankingApplicationTest" time="0.0"/>
  <testcase name="repetition 2746 of 5000" classname="com.mindhub.homebanking.HomebankingApplicationTest" time="0.0"/>
  <testcase name="repetition 2747 of 5000" classname="com.mindhub.homebanking.HomebankingApplicationTest" time="0.001"/>
  <testcase name="repetition 2748 of 5000" classname="com.mindhub.homebanking.HomebankingApplicationTest" time="0.0"/>
  <testcase name="repetition 2749 of 5000" classname="com.mindhub.homebanking.HomebankingApplicationTest" time="0.001"/>
  <testcase name="repetition 2750 of 5000" classname="com.mindhub.homebanking.HomebankingApplicationTest" time="0.0"/>
  <testcase name="repetition 2751 of 5000" classname="com.mindhub.homebanking.HomebankingApplicationTest" time="0.001"/>
  <testcase name="repetition 2752 of 5000" classname="com.mindhub.homebanking.HomebankingApplicationTest" time="0.0"/>
  <testcase name="repetition 2753 of 5000" classname="com.mindhub.homebanking.HomebankingApplicationTest" time="0.001"/>
  <testcase name="repetition 2754 of 5000" classname="com.mindhub.homebanking.HomebankingApplicationTest" time="0.0"/>
  <testcase name="repetition 2755 of 5000" classname="com.mindhub.homebanking.HomebankingApplicationTest" time="0.001"/>
  <testcase name="repetition 2756 of 5000" classname="com.mindhub.homebanking.HomebankingApplicationTest" time="0.0"/>
  <testcase name="repetition 2757 of 5000" classname="com.mindhub.homebanking.HomebankingApplicationTest" time="0.001"/>
  <testcase name="repetition 2758 of 5000" classname="com.mindhub.homebanking.HomebankingApplicationTest" time="0.0"/>
  <testcase name="repetition 2759 of 5000" classname="com.mindhub.homebanking.HomebankingApplicationTest" time="0.001"/>
  <testcase name="repetition 2760 of 5000" classname="com.mindhub.homebanking.HomebankingApplicationTest" time="0.0"/>
  <testcase name="repetition 2761 of 5000" classname="com.mindhub.homebanking.HomebankingApplicationTest" time="0.001"/>
  <testcase name="repetition 2762 of 5000" classname="com.mindhub.homebanking.HomebankingApplicationTest" time="0.0"/>
  <testcase name="repetition 2763 of 5000" classname="com.mindhub.homebanking.HomebankingApplicationTest" time="0.001"/>
  <testcase name="repetition 2764 of 5000" classname="com.mindhub.homebanking.HomebankingApplicationTest" time="0.001"/>
  <testcase name="repetition 2765 of 5000" classname="com.mindhub.homebanking.HomebankingApplicationTest" time="0.0"/>
  <testcase name="repetition 2766 of 5000" classname="com.mindhub.homebanking.HomebankingApplicationTest" time="0.001"/>
  <testcase name="repetition 2767 of 5000" classname="com.mindhub.homebanking.HomebankingApplicationTest" time="0.001"/>
  <testcase name="repetition 2768 of 5000" classname="com.mindhub.homebanking.HomebankingApplicationTest" time="0.001"/>
  <testcase name="repetition 2769 of 5000" classname="com.mindhub.homebanking.HomebankingApplicationTest" time="0.0"/>
  <testcase name="repetition 2770 of 5000" classname="com.mindhub.homebanking.HomebankingApplicationTest" time="0.001"/>
  <testcase name="repetition 2771 of 5000" classname="com.mindhub.homebanking.HomebankingApplicationTest" time="0.0"/>
  <testcase name="repetition 2772 of 5000" classname="com.mindhub.homebanking.HomebankingApplicationTest" time="0.001"/>
  <testcase name="repetition 2773 of 5000" classname="com.mindhub.homebanking.HomebankingApplicationTest" time="0.0"/>
  <testcase name="repetition 2774 of 5000" classname="com.mindhub.homebanking.HomebankingApplicationTest" time="0.0"/>
  <testcase name="repetition 2775 of 5000" classname="com.mindhub.homebanking.HomebankingApplicationTest" time="0.0"/>
  <testcase name="repetition 2776 of 5000" classname="com.mindhub.homebanking.HomebankingApplicationTest" time="0.0"/>
  <testcase name="repetition 2777 of 5000" classname="com.mindhub.homebanking.HomebankingApplicationTest" time="0.001"/>
  <testcase name="repetition 2778 of 5000" classname="com.mindhub.homebanking.HomebankingApplicationTest" time="0.001"/>
  <testcase name="repetition 2779 of 5000" classname="com.mindhub.homebanking.HomebankingApplicationTest" time="0.001"/>
  <testcase name="repetition 2780 of 5000" classname="com.mindhub.homebanking.HomebankingApplicationTest" time="0.001"/>
  <testcase name="repetition 2781 of 5000" classname="com.mindhub.homebanking.HomebankingApplicationTest" time="0.0"/>
  <testcase name="repetition 2782 of 5000" classname="com.mindhub.homebanking.HomebankingApplicationTest" time="0.001"/>
  <testcase name="repetition 2783 of 5000" classname="com.mindhub.homebanking.HomebankingApplicationTest" time="0.002"/>
  <testcase name="repetition 2784 of 5000" classname="com.mindhub.homebanking.HomebankingApplicationTest" time="0.0"/>
  <testcase name="repetition 2785 of 5000" classname="com.mindhub.homebanking.HomebankingApplicationTest" time="0.0"/>
  <testcase name="repetition 2786 of 5000" classname="com.mindhub.homebanking.HomebankingApplicationTest" time="0.001"/>
  <testcase name="repetition 2787 of 5000" classname="com.mindhub.homebanking.HomebankingApplicationTest" time="0.001"/>
  <testcase name="repetition 2788 of 5000" classname="com.mindhub.homebanking.HomebankingApplicationTest" time="0.001"/>
  <testcase name="repetition 2789 of 5000" classname="com.mindhub.homebanking.HomebankingApplicationTest" time="0.0"/>
  <testcase name="repetition 2790 of 5000" classname="com.mindhub.homebanking.HomebankingApplicationTest" time="0.001"/>
  <testcase name="repetition 2791 of 5000" classname="com.mindhub.homebanking.HomebankingApplicationTest" time="0.001"/>
  <testcase name="repetition 2792 of 5000" classname="com.mindhub.homebanking.HomebankingApplicationTest" time="0.0"/>
  <testcase name="repetition 2793 of 5000" classname="com.mindhub.homebanking.HomebankingApplicationTest" time="0.001"/>
  <testcase name="repetition 2794 of 5000" classname="com.mindhub.homebanking.HomebankingApplicationTest" time="0.0"/>
  <testcase name="repetition 2795 of 5000" classname="com.mindhub.homebanking.HomebankingApplicationTest" time="0.001"/>
  <testcase name="repetition 2796 of 5000" classname="com.mindhub.homebanking.HomebankingApplicationTest" time="0.0"/>
  <testcase name="repetition 2797 of 5000" classname="com.mindhub.homebanking.HomebankingApplicationTest" time="0.001"/>
  <testcase name="repetition 2798 of 5000" classname="com.mindhub.homebanking.HomebankingApplicationTest" time="0.001"/>
  <testcase name="repetition 2799 of 5000" classname="com.mindhub.homebanking.HomebankingApplicationTest" time="0.0"/>
  <testcase name="repetition 2800 of 5000" classname="com.mindhub.homebanking.HomebankingApplicationTest" time="0.001"/>
  <testcase name="repetition 2801 of 5000" classname="com.mindhub.homebanking.HomebankingApplicationTest" time="0.0"/>
  <testcase name="repetition 2802 of 5000" classname="com.mindhub.homebanking.HomebankingApplicationTest" time="0.0"/>
  <testcase name="repetition 2803 of 5000" classname="com.mindhub.homebanking.HomebankingApplicationTest" time="0.0"/>
  <testcase name="repetition 2804 of 5000" classname="com.mindhub.homebanking.HomebankingApplicationTest" time="0.001"/>
  <testcase name="repetition 2805 of 5000" classname="com.mindhub.homebanking.HomebankingApplicationTest" time="0.0"/>
  <testcase name="repetition 2806 of 5000" classname="com.mindhub.homebanking.HomebankingApplicationTest" time="0.0"/>
  <testcase name="repetition 2807 of 5000" classname="com.mindhub.homebanking.HomebankingApplicationTest" time="0.001"/>
  <testcase name="repetition 2808 of 5000" classname="com.mindhub.homebanking.HomebankingApplicationTest" time="0.001"/>
  <testcase name="repetition 2809 of 5000" classname="com.mindhub.homebanking.HomebankingApplicationTest" time="0.0"/>
  <testcase name="repetition 2810 of 5000" classname="com.mindhub.homebanking.HomebankingApplicationTest" time="0.001"/>
  <testcase name="repetition 2811 of 5000" classname="com.mindhub.homebanking.HomebankingApplicationTest" time="0.0"/>
  <testcase name="repetition 2812 of 5000" classname="com.mindhub.homebanking.HomebankingApplicationTest" time="0.001"/>
  <testcase name="repetition 2813 of 5000" classname="com.mindhub.homebanking.HomebankingApplicationTest" time="0.001"/>
  <testcase name="repetition 2814 of 5000" classname="com.mindhub.homebanking.HomebankingApplicationTest" time="0.001"/>
  <testcase name="repetition 2815 of 5000" classname="com.mindhub.homebanking.HomebankingApplicationTest" time="0.001"/>
  <testcase name="repetition 2816 of 5000" classname="com.mindhub.homebanking.HomebankingApplicationTest" time="0.0"/>
  <testcase name="repetition 2817 of 5000" classname="com.mindhub.homebanking.HomebankingApplicationTest" time="0.001"/>
  <testcase name="repetition 2818 of 5000" classname="com.mindhub.homebanking.HomebankingApplicationTest" time="0.001"/>
  <testcase name="repetition 2819 of 5000" classname="com.mindhub.homebanking.HomebankingApplicationTest" time="0.001"/>
  <testcase name="repetition 2820 of 5000" classname="com.mindhub.homebanking.HomebankingApplicationTest" time="0.001"/>
  <testcase name="repetition 2821 of 5000" classname="com.mindhub.homebanking.HomebankingApplicationTest" time="0.0"/>
  <testcase name="repetition 2822 of 5000" classname="com.mindhub.homebanking.HomebankingApplicationTest" time="0.001"/>
  <testcase name="repetition 2823 of 5000" classname="com.mindhub.homebanking.HomebankingApplicationTest" time="0.0"/>
  <testcase name="repetition 2824 of 5000" classname="com.mindhub.homebanking.HomebankingApplicationTest" time="0.001"/>
  <testcase name="repetition 2825 of 5000" classname="com.mindhub.homebanking.HomebankingApplicationTest" time="0.0"/>
  <testcase name="repetition 2826 of 5000" classname="com.mindhub.homebanking.HomebankingApplicationTest" time="0.001"/>
  <testcase name="repetition 2827 of 5000" classname="com.mindhub.homebanking.HomebankingApplicationTest" time="0.001"/>
  <testcase name="repetition 2828 of 5000" classname="com.mindhub.homebanking.HomebankingApplicationTest" time="0.0"/>
  <testcase name="repetition 2829 of 5000" classname="com.mindhub.homebanking.HomebankingApplicationTest" time="0.001"/>
  <testcase name="repetition 2830 of 5000" classname="com.mindhub.homebanking.HomebankingApplicationTest" time="0.001"/>
  <testcase name="repetition 2831 of 5000" classname="com.mindhub.homebanking.HomebankingApplicationTest" time="0.0"/>
  <testcase name="repetition 2832 of 5000" classname="com.mindhub.homebanking.HomebankingApplicationTest" time="0.0"/>
  <testcase name="repetition 2833 of 5000" classname="com.mindhub.homebanking.HomebankingApplicationTest" time="0.0"/>
  <testcase name="repetition 2834 of 5000" classname="com.mindhub.homebanking.HomebankingApplicationTest" time="0.001"/>
  <testcase name="repetition 2835 of 5000" classname="com.mindhub.homebanking.HomebankingApplicationTest" time="0.001"/>
  <testcase name="repetition 2836 of 5000" classname="com.mindhub.homebanking.HomebankingApplicationTest" time="0.001"/>
  <testcase name="repetition 2837 of 5000" classname="com.mindhub.homebanking.HomebankingApplicationTest" time="0.0"/>
  <testcase name="repetition 2838 of 5000" classname="com.mindhub.homebanking.HomebankingApplicationTest" time="0.001"/>
  <testcase name="repetition 2839 of 5000" classname="com.mindhub.homebanking.HomebankingApplicationTest" time="0.001"/>
  <testcase name="repetition 2840 of 5000" classname="com.mindhub.homebanking.HomebankingApplicationTest" time="0.0"/>
  <testcase name="repetition 2841 of 5000" classname="com.mindhub.homebanking.HomebankingApplicationTest" time="0.001"/>
  <testcase name="repetition 2842 of 5000" classname="com.mindhub.homebanking.HomebankingApplicationTest" time="0.001"/>
  <testcase name="repetition 2843 of 5000" classname="com.mindhub.homebanking.HomebankingApplicationTest" time="0.0"/>
  <testcase name="repetition 2844 of 5000" classname="com.mindhub.homebanking.HomebankingApplicationTest" time="0.0"/>
  <testcase name="repetition 2845 of 5000" classname="com.mindhub.homebanking.HomebankingApplicationTest" time="0.0"/>
  <testcase name="repetition 2846 of 5000" classname="com.mindhub.homebanking.HomebankingApplicationTest" time="0.0"/>
  <testcase name="repetition 2847 of 5000" classname="com.mindhub.homebanking.HomebankingApplicationTest" time="0.001"/>
  <testcase name="repetition 2848 of 5000" classname="com.mindhub.homebanking.HomebankingApplicationTest" time="0.0"/>
  <testcase name="repetition 2849 of 5000" classname="com.mindhub.homebanking.HomebankingApplicationTest" time="0.001"/>
  <testcase name="repetition 2850 of 5000" classname="com.mindhub.homebanking.HomebankingApplicationTest" time="0.001"/>
  <testcase name="repetition 2851 of 5000" classname="com.mindhub.homebanking.HomebankingApplicationTest" time="0.0"/>
  <testcase name="repetition 2852 of 5000" classname="com.mindhub.homebanking.HomebankingApplicationTest" time="0.0"/>
  <testcase name="repetition 2853 of 5000" classname="com.mindhub.homebanking.HomebankingApplicationTest" time="0.0"/>
  <testcase name="repetition 2854 of 5000" classname="com.mindhub.homebanking.HomebankingApplicationTest" time="0.0"/>
  <testcase name="repetition 2855 of 5000" classname="com.mindhub.homebanking.HomebankingApplicationTest" time="0.001"/>
  <testcase name="repetition 2856 of 5000" classname="com.mindhub.homebanking.HomebankingApplicationTest" time="0.0"/>
  <testcase name="repetition 2857 of 5000" classname="com.mindhub.homebanking.HomebankingApplicationTest" time="0.0"/>
  <testcase name="repetition 2858 of 5000" classname="com.mindhub.homebanking.HomebankingApplicationTest" time="0.001"/>
  <testcase name="repetition 2859 of 5000" classname="com.mindhub.homebanking.HomebankingApplicationTest" time="0.0"/>
  <testcase name="repetition 2860 of 5000" classname="com.mindhub.homebanking.HomebankingApplicationTest" time="0.001"/>
  <testcase name="repetition 2861 of 5000" classname="com.mindhub.homebanking.HomebankingApplicationTest" time="0.0"/>
  <testcase name="repetition 2862 of 5000" classname="com.mindhub.homebanking.HomebankingApplicationTest" time="0.001"/>
  <testcase name="repetition 2863 of 5000" classname="com.mindhub.homebanking.HomebankingApplicationTest" time="0.0"/>
  <testcase name="repetition 2864 of 5000" classname="com.mindhub.homebanking.HomebankingApplicationTest" time="0.001"/>
  <testcase name="repetition 2865 of 5000" classname="com.mindhub.homebanking.HomebankingApplicationTest" time="0.0"/>
  <testcase name="repetition 2866 of 5000" classname="com.mindhub.homebanking.HomebankingApplicationTest" time="0.001"/>
  <testcase name="repetition 2867 of 5000" classname="com.mindhub.homebanking.HomebankingApplicationTest" time="0.0"/>
  <testcase name="repetition 2868 of 5000" classname="com.mindhub.homebanking.HomebankingApplicationTest" time="0.001"/>
  <testcase name="repetition 2869 of 5000" classname="com.mindhub.homebanking.HomebankingApplicationTest" time="0.001"/>
  <testcase name="repetition 2870 of 5000" classname="com.mindhub.homebanking.HomebankingApplicationTest" time="0.0"/>
  <testcase name="repetition 2871 of 5000" classname="com.mindhub.homebanking.HomebankingApplicationTest" time="0.0"/>
  <testcase name="repetition 2872 of 5000" classname="com.mindhub.homebanking.HomebankingApplicationTest" time="0.002"/>
  <testcase name="repetition 2873 of 5000" classname="com.mindhub.homebanking.HomebankingApplicationTest" time="0.001"/>
  <testcase name="repetition 2874 of 5000" classname="com.mindhub.homebanking.HomebankingApplicationTest" time="0.001"/>
  <testcase name="repetition 2875 of 5000" classname="com.mindhub.homebanking.HomebankingApplicationTest" time="0.0"/>
  <testcase name="repetition 2876 of 5000" classname="com.mindhub.homebanking.HomebankingApplicationTest" time="0.001"/>
  <testcase name="repetition 2877 of 5000" classname="com.mindhub.homebanking.HomebankingApplicationTest" time="0.0"/>
  <testcase name="repetition 2878 of 5000" classname="com.mindhub.homebanking.HomebankingApplicationTest" time="0.001"/>
  <testcase name="repetition 2879 of 5000" classname="com.mindhub.homebanking.HomebankingApplicationTest" time="0.001"/>
  <testcase name="repetition 2880 of 5000" classname="com.mindhub.homebanking.HomebankingApplicationTest" time="0.001"/>
  <testcase name="repetition 2881 of 5000" classname="com.mindhub.homebanking.HomebankingApplicationTest" time="0.002"/>
  <testcase name="repetition 2882 of 5000" classname="com.mindhub.homebanking.HomebankingApplicationTest" time="0.0"/>
  <testcase name="repetition 2883 of 5000" classname="com.mindhub.homebanking.HomebankingApplicationTest" time="0.0"/>
  <testcase name="repetition 2884 of 5000" classname="com.mindhub.homebanking.HomebankingApplicationTest" time="0.001"/>
  <testcase name="repetition 2885 of 5000" classname="com.mindhub.homebanking.HomebankingApplicationTest" time="0.001"/>
  <testcase name="repetition 2886 of 5000" classname="com.mindhub.homebanking.HomebankingApplicationTest" time="0.001"/>
  <testcase name="repetition 2887 of 5000" classname="com.mindhub.homebanking.HomebankingApplicationTest" time="0.0"/>
  <testcase name="repetition 2888 of 5000" classname="com.mindhub.homebanking.HomebankingApplicationTest" time="0.001"/>
  <testcase name="repetition 2889 of 5000" classname="com.mindhub.homebanking.HomebankingApplicationTest" time="0.001"/>
  <testcase name="repetition 2890 of 5000" classname="com.mindhub.homebanking.HomebankingApplicationTest" time="0.0"/>
  <testcase name="repetition 2891 of 5000" classname="com.mindhub.homebanking.HomebankingApplicationTest" time="0.001"/>
  <testcase name="repetition 2892 of 5000" classname="com.mindhub.homebanking.HomebankingApplicationTest" time="0.0"/>
  <testcase name="repetition 2893 of 5000" classname="com.mindhub.homebanking.HomebankingApplicationTest" time="0.001"/>
  <testcase name="repetition 2894 of 5000" classname="com.mindhub.homebanking.HomebankingApplicationTest" time="0.0"/>
  <testcase name="repetition 2895 of 5000" classname="com.mindhub.homebanking.HomebankingApplicationTest" time="0.001"/>
  <testcase name="repetition 2896 of 5000" classname="com.mindhub.homebanking.HomebankingApplicationTest" time="0.001"/>
  <testcase name="repetition 2897 of 5000" classname="com.mindhub.homebanking.HomebankingApplicationTest" time="0.0"/>
  <testcase name="repetition 2898 of 5000" classname="com.mindhub.homebanking.HomebankingApplicationTest" time="0.001"/>
  <testcase name="repetition 2899 of 5000" classname="com.mindhub.homebanking.HomebankingApplicationTest" time="0.0"/>
  <testcase name="repetition 2900 of 5000" classname="com.mindhub.homebanking.HomebankingApplicationTest" time="0.001"/>
  <testcase name="repetition 2901 of 5000" classname="com.mindhub.homebanking.HomebankingApplicationTest" time="0.0"/>
  <testcase name="repetition 2902 of 5000" classname="com.mindhub.homebanking.HomebankingApplicationTest" time="0.001"/>
  <testcase name="repetition 2903 of 5000" classname="com.mindhub.homebanking.HomebankingApplicationTest" time="0.0"/>
  <testcase name="repetition 2904 of 5000" classname="com.mindhub.homebanking.HomebankingApplicationTest" time="0.0"/>
  <testcase name="repetition 2905 of 5000" classname="com.mindhub.homebanking.HomebankingApplicationTest" time="0.001"/>
  <testcase name="repetition 2906 of 5000" classname="com.mindhub.homebanking.HomebankingApplicationTest" time="0.0"/>
  <testcase name="repetition 2907 of 5000" classname="com.mindhub.homebanking.HomebankingApplicationTest" time="0.001"/>
  <testcase name="repetition 2908 of 5000" classname="com.mindhub.homebanking.HomebankingApplicationTest" time="0.0"/>
  <testcase name="repetition 2909 of 5000" classname="com.mindhub.homebanking.HomebankingApplicationTest" time="0.001"/>
  <testcase name="repetition 2910 of 5000" classname="com.mindhub.homebanking.HomebankingApplicationTest" time="0.001"/>
  <testcase name="repetition 2911 of 5000" classname="com.mindhub.homebanking.HomebankingApplicationTest" time="0.0"/>
  <testcase name="repetition 2912 of 5000" classname="com.mindhub.homebanking.HomebankingApplicationTest" time="0.0"/>
  <testcase name="repetition 2913 of 5000" classname="com.mindhub.homebanking.HomebankingApplicationTest" time="0.001"/>
  <testcase name="repetition 2914 of 5000" classname="com.mindhub.homebanking.HomebankingApplicationTest" time="0.0"/>
  <testcase name="repetition 2915 of 5000" classname="com.mindhub.homebanking.HomebankingApplicationTest" time="0.001"/>
  <testcase name="repetition 2916 of 5000" classname="com.mindhub.homebanking.HomebankingApplicationTest" time="0.0"/>
  <testcase name="repetition 2917 of 5000" classname="com.mindhub.homebanking.HomebankingApplicationTest" time="0.001"/>
  <testcase name="repetition 2918 of 5000" classname="com.mindhub.homebanking.HomebankingApplicationTest" time="0.001"/>
  <testcase name="repetition 2919 of 5000" classname="com.mindhub.homebanking.HomebankingApplicationTest" time="0.0"/>
  <testcase name="repetition 2920 of 5000" classname="com.mindhub.homebanking.HomebankingApplicationTest" time="0.001"/>
  <testcase name="repetition 2921 of 5000" classname="com.mindhub.homebanking.HomebankingApplicationTest" time="0.0"/>
  <testcase name="repetition 2922 of 5000" classname="com.mindhub.homebanking.HomebankingApplicationTest" time="0.001"/>
  <testcase name="repetition 2923 of 5000" classname="com.mindhub.homebanking.HomebankingApplicationTest" time="0.001"/>
  <testcase name="repetition 2924 of 5000" classname="com.mindhub.homebanking.HomebankingApplicationTest" time="0.0"/>
  <testcase name="repetition 2925 of 5000" classname="com.mindhub.homebanking.HomebankingApplicationTest" time="0.0"/>
  <testcase name="repetition 2926 of 5000" classname="com.mindhub.homebanking.HomebankingApplicationTest" time="0.001"/>
  <testcase name="repetition 2927 of 5000" classname="com.mindhub.homebanking.HomebankingApplicationTest" time="0.0"/>
  <testcase name="repetition 2928 of 5000" classname="com.mindhub.homebanking.HomebankingApplicationTest" time="0.001"/>
  <testcase name="repetition 2929 of 5000" classname="com.mindhub.homebanking.HomebankingApplicationTest" time="0.001"/>
  <testcase name="repetition 2930 of 5000" classname="com.mindhub.homebanking.HomebankingApplicationTest" time="0.001"/>
  <testcase name="repetition 2931 of 5000" classname="com.mindhub.homebanking.HomebankingApplicationTest" time="0.001"/>
  <testcase name="repetition 2932 of 5000" classname="com.mindhub.homebanking.HomebankingApplicationTest" time="0.0"/>
  <testcase name="repetition 2933 of 5000" classname="com.mindhub.homebanking.HomebankingApplicationTest" time="0.001"/>
  <testcase name="repetition 2934 of 5000" classname="com.mindhub.homebanking.HomebankingApplicationTest" time="0.0"/>
  <testcase name="repetition 2935 of 5000" classname="com.mindhub.homebanking.HomebankingApplicationTest" time="0.0"/>
  <testcase name="repetition 2936 of 5000" classname="com.mindhub.homebanking.HomebankingApplicationTest" time="0.001"/>
  <testcase name="repetition 2937 of 5000" classname="com.mindhub.homebanking.HomebankingApplicationTest" time="0.001"/>
  <testcase name="repetition 2938 of 5000" classname="com.mindhub.homebanking.HomebankingApplicationTest" time="0.0"/>
  <testcase name="repetition 2939 of 5000" classname="com.mindhub.homebanking.HomebankingApplicationTest" time="0.001"/>
  <testcase name="repetition 2940 of 5000" classname="com.mindhub.homebanking.HomebankingApplicationTest" time="0.0"/>
  <testcase name="repetition 2941 of 5000" classname="com.mindhub.homebanking.HomebankingApplicationTest" time="0.001"/>
  <testcase name="repetition 2942 of 5000" classname="com.mindhub.homebanking.HomebankingApplicationTest" time="0.001"/>
  <testcase name="repetition 2943 of 5000" classname="com.mindhub.homebanking.HomebankingApplicationTest" time="0.001"/>
  <testcase name="repetition 2944 of 5000" classname="com.mindhub.homebanking.HomebankingApplicationTest" time="0.0"/>
  <testcase name="repetition 2945 of 5000" classname="com.mindhub.homebanking.HomebankingApplicationTest" time="0.001"/>
  <testcase name="repetition 2946 of 5000" classname="com.mindhub.homebanking.HomebankingApplicationTest" time="0.001"/>
  <testcase name="repetition 2947 of 5000" classname="com.mindhub.homebanking.HomebankingApplicationTest" time="0.0"/>
  <testcase name="repetition 2948 of 5000" classname="com.mindhub.homebanking.HomebankingApplicationTest" time="0.0"/>
  <testcase name="repetition 2949 of 5000" classname="com.mindhub.homebanking.HomebankingApplicationTest" time="0.0"/>
  <testcase name="repetition 2950 of 5000" classname="com.mindhub.homebanking.HomebankingApplicationTest" time="0.0"/>
  <testcase name="repetition 2951 of 5000" classname="com.mindhub.homebanking.HomebankingApplicationTest" time="0.001"/>
  <testcase name="repetition 2952 of 5000" classname="com.mindhub.homebanking.HomebankingApplicationTest" time="0.001"/>
  <testcase name="repetition 2953 of 5000" classname="com.mindhub.homebanking.HomebankingApplicationTest" time="0.0"/>
  <testcase name="repetition 2954 of 5000" classname="com.mindhub.homebanking.HomebankingApplicationTest" time="0.001"/>
  <testcase name="repetition 2955 of 5000" classname="com.mindhub.homebanking.HomebankingApplicationTest" time="0.0"/>
  <testcase name="repetition 2956 of 5000" classname="com.mindhub.homebanking.HomebankingApplicationTest" time="0.001"/>
  <testcase name="repetition 2957 of 5000" classname="com.mindhub.homebanking.HomebankingApplicationTest" time="0.001"/>
  <testcase name="repetition 2958 of 5000" classname="com.mindhub.homebanking.HomebankingApplicationTest" time="0.0"/>
  <testcase name="repetition 2959 of 5000" classname="com.mindhub.homebanking.HomebankingApplicationTest" time="0.001"/>
  <testcase name="repetition 2960 of 5000" classname="com.mindhub.homebanking.HomebankingApplicationTest" time="0.0"/>
  <testcase name="repetition 2961 of 5000" classname="com.mindhub.homebanking.HomebankingApplicationTest" time="0.001"/>
  <testcase name="repetition 2962 of 5000" classname="com.mindhub.homebanking.HomebankingApplicationTest" time="0.001"/>
  <testcase name="repetition 2963 of 5000" classname="com.mindhub.homebanking.HomebankingApplicationTest" time="0.001"/>
  <testcase name="repetition 2964 of 5000" classname="com.mindhub.homebanking.HomebankingApplicationTest" time="0.0"/>
  <testcase name="repetition 2965 of 5000" classname="com.mindhub.homebanking.HomebankingApplicationTest" time="0.0"/>
  <testcase name="repetition 2966 of 5000" classname="com.mindhub.homebanking.HomebankingApplicationTest" time="0.001"/>
  <testcase name="repetition 2967 of 5000" classname="com.mindhub.homebanking.HomebankingApplicationTest" time="0.0"/>
  <testcase name="repetition 2968 of 5000" classname="com.mindhub.homebanking.HomebankingApplicationTest" time="0.001"/>
  <testcase name="repetition 2969 of 5000" classname="com.mindhub.homebanking.HomebankingApplicationTest" time="0.0"/>
  <testcase name="repetition 2970 of 5000" classname="com.mindhub.homebanking.HomebankingApplicationTest" time="0.0"/>
  <testcase name="repetition 2971 of 5000" classname="com.mindhub.homebanking.HomebankingApplicationTest" time="0.001"/>
  <testcase name="repetition 2972 of 5000" classname="com.mindhub.homebanking.HomebankingApplicationTest" time="0.002"/>
  <testcase name="repetition 2973 of 5000" classname="com.mindhub.homebanking.HomebankingApplicationTest" time="0.001"/>
  <testcase name="repetition 2974 of 5000" classname="com.mindhub.homebanking.HomebankingApplicationTest" time="0.001"/>
  <testcase name="repetition 2975 of 5000" classname="com.mindhub.homebanking.HomebankingApplicationTest" time="0.001"/>
  <testcase name="repetition 2976 of 5000" classname="com.mindhub.homebanking.HomebankingApplicationTest" time="0.002"/>
  <testcase name="repetition 2977 of 5000" classname="com.mindhub.homebanking.HomebankingApplicationTest" time="0.001"/>
  <testcase name="repetition 2978 of 5000" classname="com.mindhub.homebanking.HomebankingApplicationTest" time="0.001"/>
  <testcase name="repetition 2979 of 5000" classname="com.mindhub.homebanking.HomebankingApplicationTest" time="0.0"/>
  <testcase name="repetition 2980 of 5000" classname="com.mindhub.homebanking.HomebankingApplicationTest" time="0.0"/>
  <testcase name="repetition 2981 of 5000" classname="com.mindhub.homebanking.HomebankingApplicationTest" time="0.001"/>
  <testcase name="repetition 2982 of 5000" classname="com.mindhub.homebanking.HomebankingApplicationTest" time="0.0"/>
  <testcase name="repetition 2983 of 5000" classname="com.mindhub.homebanking.HomebankingApplicationTest" time="0.001"/>
  <testcase name="repetition 2984 of 5000" classname="com.mindhub.homebanking.HomebankingApplicationTest" time="0.0"/>
  <testcase name="repetition 2985 of 5000" classname="com.mindhub.homebanking.HomebankingApplicationTest" time="0.003"/>
  <testcase name="repetition 2986 of 5000" classname="com.mindhub.homebanking.HomebankingApplicationTest" time="0.001"/>
  <testcase name="repetition 2987 of 5000" classname="com.mindhub.homebanking.HomebankingApplicationTest" time="0.0"/>
  <testcase name="repetition 2988 of 5000" classname="com.mindhub.homebanking.HomebankingApplicationTest" time="0.001"/>
  <testcase name="repetition 2989 of 5000" classname="com.mindhub.homebanking.HomebankingApplicationTest" time="0.0"/>
  <testcase name="repetition 2990 of 5000" classname="com.mindhub.homebanking.HomebankingApplicationTest" time="0.001"/>
  <testcase name="repetition 2991 of 5000" classname="com.mindhub.homebanking.HomebankingApplicationTest" time="0.001"/>
  <testcase name="repetition 2992 of 5000" classname="com.mindhub.homebanking.HomebankingApplicationTest" time="0.001"/>
  <testcase name="repetition 2993 of 5000" classname="com.mindhub.homebanking.HomebankingApplicationTest" time="0.0"/>
  <testcase name="repetition 2994 of 5000" classname="com.mindhub.homebanking.HomebankingApplicationTest" time="0.0"/>
  <testcase name="repetition 2995 of 5000" classname="com.mindhub.homebanking.HomebankingApplicationTest" time="0.001"/>
  <testcase name="repetition 2996 of 5000" classname="com.mindhub.homebanking.HomebankingApplicationTest" time="0.001"/>
  <testcase name="repetition 2997 of 5000" classname="com.mindhub.homebanking.HomebankingApplicationTest" time="0.001"/>
  <testcase name="repetition 2998 of 5000" classname="com.mindhub.homebanking.HomebankingApplicationTest" time="0.0"/>
  <testcase name="repetition 2999 of 5000" classname="com.mindhub.homebanking.HomebankingApplicationTest" time="0.001"/>
  <testcase name="repetition 3000 of 5000" classname="com.mindhub.homebanking.HomebankingApplicationTest" time="0.001"/>
  <testcase name="repetition 3001 of 5000" classname="com.mindhub.homebanking.HomebankingApplicationTest" time="0.0"/>
  <testcase name="repetition 3002 of 5000" classname="com.mindhub.homebanking.HomebankingApplicationTest" time="0.001"/>
  <testcase name="repetition 3003 of 5000" classname="com.mindhub.homebanking.HomebankingApplicationTest" time="0.0"/>
  <testcase name="repetition 3004 of 5000" classname="com.mindhub.homebanking.HomebankingApplicationTest" time="0.0"/>
  <testcase name="repetition 3005 of 5000" classname="com.mindhub.homebanking.HomebankingApplicationTest" time="0.001"/>
  <testcase name="repetition 3006 of 5000" classname="com.mindhub.homebanking.HomebankingApplicationTest" time="0.0"/>
  <testcase name="repetition 3007 of 5000" classname="com.mindhub.homebanking.HomebankingApplicationTest" time="0.0"/>
  <testcase name="repetition 3008 of 5000" classname="com.mindhub.homebanking.HomebankingApplicationTest" time="0.001"/>
  <testcase name="repetition 3009 of 5000" classname="com.mindhub.homebanking.HomebankingApplicationTest" time="0.001"/>
  <testcase name="repetition 3010 of 5000" classname="com.mindhub.homebanking.HomebankingApplicationTest" time="0.0"/>
  <testcase name="repetition 3011 of 5000" classname="com.mindhub.homebanking.HomebankingApplicationTest" time="0.001"/>
  <testcase name="repetition 3012 of 5000" classname="com.mindhub.homebanking.HomebankingApplicationTest" time="0.0"/>
  <testcase name="repetition 3013 of 5000" classname="com.mindhub.homebanking.HomebankingApplicationTest" time="0.001"/>
  <testcase name="repetition 3014 of 5000" classname="com.mindhub.homebanking.HomebankingApplicationTest" time="0.0"/>
  <testcase name="repetition 3015 of 5000" classname="com.mindhub.homebanking.HomebankingApplicationTest" time="0.001"/>
  <testcase name="repetition 3016 of 5000" classname="com.mindhub.homebanking.HomebankingApplicationTest" time="0.0"/>
  <testcase name="repetition 3017 of 5000" classname="com.mindhub.homebanking.HomebankingApplicationTest" time="0.001"/>
  <testcase name="repetition 3018 of 5000" classname="com.mindhub.homebanking.HomebankingApplicationTest" time="0.0"/>
  <testcase name="repetition 3019 of 5000" classname="com.mindhub.homebanking.HomebankingApplicationTest" time="0.0"/>
  <testcase name="repetition 3020 of 5000" classname="com.mindhub.homebanking.HomebankingApplicationTest" time="0.001"/>
  <testcase name="repetition 3021 of 5000" classname="com.mindhub.homebanking.HomebankingApplicationTest" time="0.0"/>
  <testcase name="repetition 3022 of 5000" classname="com.mindhub.homebanking.HomebankingApplicationTest" time="0.001"/>
  <testcase name="repetition 3023 of 5000" classname="com.mindhub.homebanking.HomebankingApplicationTest" time="0.002"/>
  <testcase name="repetition 3024 of 5000" classname="com.mindhub.homebanking.HomebankingApplicationTest" time="0.001"/>
  <testcase name="repetition 3025 of 5000" classname="com.mindhub.homebanking.HomebankingApplicationTest" time="0.001"/>
  <testcase name="repetition 3026 of 5000" classname="com.mindhub.homebanking.HomebankingApplicationTest" time="0.001"/>
  <testcase name="repetition 3027 of 5000" classname="com.mindhub.homebanking.HomebankingApplicationTest" time="0.001"/>
  <testcase name="repetition 3028 of 5000" classname="com.mindhub.homebanking.HomebankingApplicationTest" time="0.001"/>
  <testcase name="repetition 3029 of 5000" classname="com.mindhub.homebanking.HomebankingApplicationTest" time="0.001"/>
  <testcase name="repetition 3030 of 5000" classname="com.mindhub.homebanking.HomebankingApplicationTest" time="0.001"/>
  <testcase name="repetition 3031 of 5000" classname="com.mindhub.homebanking.HomebankingApplicationTest" time="0.001"/>
  <testcase name="repetition 3032 of 5000" classname="com.mindhub.homebanking.HomebankingApplicationTest" time="0.0"/>
  <testcase name="repetition 3033 of 5000" classname="com.mindhub.homebanking.HomebankingApplicationTest" time="0.001"/>
  <testcase name="repetition 3034 of 5000" classname="com.mindhub.homebanking.HomebankingApplicationTest" time="0.0"/>
  <testcase name="repetition 3035 of 5000" classname="com.mindhub.homebanking.HomebankingApplicationTest" time="0.001"/>
  <testcase name="repetition 3036 of 5000" classname="com.mindhub.homebanking.HomebankingApplicationTest" time="0.001"/>
  <testcase name="repetition 3037 of 5000" classname="com.mindhub.homebanking.HomebankingApplicationTest" time="0.0"/>
  <testcase name="repetition 3038 of 5000" classname="com.mindhub.homebanking.HomebankingApplicationTest" time="0.0"/>
  <testcase name="repetition 3039 of 5000" classname="com.mindhub.homebanking.HomebankingApplicationTest" time="0.001"/>
  <testcase name="repetition 3040 of 5000" classname="com.mindhub.homebanking.HomebankingApplicationTest" time="0.0"/>
  <testcase name="repetition 3041 of 5000" classname="com.mindhub.homebanking.HomebankingApplicationTest" time="0.0"/>
  <testcase name="repetition 3042 of 5000" classname="com.mindhub.homebanking.HomebankingApplicationTest" time="0.0"/>
  <testcase name="repetition 3043 of 5000" classname="com.mindhub.homebanking.HomebankingApplicationTest" time="0.001"/>
  <testcase name="repetition 3044 of 5000" classname="com.mindhub.homebanking.HomebankingApplicationTest" time="0.0"/>
  <testcase name="repetition 3045 of 5000" classname="com.mindhub.homebanking.HomebankingApplicationTest" time="0.001"/>
  <testcase name="repetition 3046 of 5000" classname="com.mindhub.homebanking.HomebankingApplicationTest" time="0.0"/>
  <testcase name="repetition 3047 of 5000" classname="com.mindhub.homebanking.HomebankingApplicationTest" time="0.0"/>
  <testcase name="repetition 3048 of 5000" classname="com.mindhub.homebanking.HomebankingApplicationTest" time="0.001"/>
  <testcase name="repetition 3049 of 5000" classname="com.mindhub.homebanking.HomebankingApplicationTest" time="0.0"/>
  <testcase name="repetition 3050 of 5000" classname="com.mindhub.homebanking.HomebankingApplicationTest" time="0.001"/>
  <testcase name="repetition 3051 of 5000" classname="com.mindhub.homebanking.HomebankingApplicationTest" time="0.0"/>
  <testcase name="repetition 3052 of 5000" classname="com.mindhub.homebanking.HomebankingApplicationTest" time="0.0"/>
  <testcase name="repetition 3053 of 5000" classname="com.mindhub.homebanking.HomebankingApplicationTest" time="0.001"/>
  <testcase name="repetition 3054 of 5000" classname="com.mindhub.homebanking.HomebankingApplicationTest" time="0.0"/>
  <testcase name="repetition 3055 of 5000" classname="com.mindhub.homebanking.HomebankingApplicationTest" time="0.001"/>
  <testcase name="repetition 3056 of 5000" classname="com.mindhub.homebanking.HomebankingApplicationTest" time="0.0"/>
  <testcase name="repetition 3057 of 5000" classname="com.mindhub.homebanking.HomebankingApplicationTest" time="0.001"/>
  <testcase name="repetition 3058 of 5000" classname="com.mindhub.homebanking.HomebankingApplicationTest" time="0.0"/>
  <testcase name="repetition 3059 of 5000" classname="com.mindhub.homebanking.HomebankingApplicationTest" time="0.001"/>
  <testcase name="repetition 3060 of 5000" classname="com.mindhub.homebanking.HomebankingApplicationTest" time="0.0"/>
  <testcase name="repetition 3061 of 5000" classname="com.mindhub.homebanking.HomebankingApplicationTest" time="0.001"/>
  <testcase name="repetition 3062 of 5000" classname="com.mindhub.homebanking.HomebankingApplicationTest" time="0.0"/>
  <testcase name="repetition 3063 of 5000" classname="com.mindhub.homebanking.HomebankingApplicationTest" time="0.0"/>
  <testcase name="repetition 3064 of 5000" classname="com.mindhub.homebanking.HomebankingApplicationTest" time="0.001"/>
  <testcase name="repetition 3065 of 5000" classname="com.mindhub.homebanking.HomebankingApplicationTest" time="0.0"/>
  <testcase name="repetition 3066 of 5000" classname="com.mindhub.homebanking.HomebankingApplicationTest" time="0.0"/>
  <testcase name="repetition 3067 of 5000" classname="com.mindhub.homebanking.HomebankingApplicationTest" time="0.001"/>
  <testcase name="repetition 3068 of 5000" classname="com.mindhub.homebanking.HomebankingApplicationTest" time="0.0"/>
  <testcase name="repetition 3069 of 5000" classname="com.mindhub.homebanking.HomebankingApplicationTest" time="0.001"/>
  <testcase name="repetition 3070 of 5000" classname="com.mindhub.homebanking.HomebankingApplicationTest" time="0.0"/>
  <testcase name="repetition 3071 of 5000" classname="com.mindhub.homebanking.HomebankingApplicationTest" time="0.001"/>
  <testcase name="repetition 3072 of 5000" classname="com.mindhub.homebanking.HomebankingApplicationTest" time="0.0"/>
  <testcase name="repetition 3073 of 5000" classname="com.mindhub.homebanking.HomebankingApplicationTest" time="0.001"/>
  <testcase name="repetition 3074 of 5000" classname="com.mindhub.homebanking.HomebankingApplicationTest" time="0.001"/>
  <testcase name="repetition 3075 of 5000" classname="com.mindhub.homebanking.HomebankingApplicationTest" time="0.0"/>
  <testcase name="repetition 3076 of 5000" classname="com.mindhub.homebanking.HomebankingApplicationTest" time="0.001"/>
  <testcase name="repetition 3077 of 5000" classname="com.mindhub.homebanking.HomebankingApplicationTest" time="0.001"/>
  <testcase name="repetition 3078 of 5000" classname="com.mindhub.homebanking.HomebankingApplicationTest" time="0.0"/>
  <testcase name="repetition 3079 of 5000" classname="com.mindhub.homebanking.HomebankingApplicationTest" time="0.001"/>
  <testcase name="repetition 3080 of 5000" classname="com.mindhub.homebanking.HomebankingApplicationTest" time="0.0"/>
  <testcase name="repetition 3081 of 5000" classname="com.mindhub.homebanking.HomebankingApplicationTest" time="0.001"/>
  <testcase name="repetition 3082 of 5000" classname="com.mindhub.homebanking.HomebankingApplicationTest" time="0.001"/>
  <testcase name="repetition 3083 of 5000" classname="com.mindhub.homebanking.HomebankingApplicationTest" time="0.0"/>
  <testcase name="repetition 3084 of 5000" classname="com.mindhub.homebanking.HomebankingApplicationTest" time="0.001"/>
  <testcase name="repetition 3085 of 5000" classname="com.mindhub.homebanking.HomebankingApplicationTest" time="0.0"/>
  <testcase name="repetition 3086 of 5000" classname="com.mindhub.homebanking.HomebankingApplicationTest" time="0.001"/>
  <testcase name="repetition 3087 of 5000" classname="com.mindhub.homebanking.HomebankingApplicationTest" time="0.0"/>
  <testcase name="repetition 3088 of 5000" classname="com.mindhub.homebanking.HomebankingApplicationTest" time="0.001"/>
  <testcase name="repetition 3089 of 5000" classname="com.mindhub.homebanking.HomebankingApplicationTest" time="0.001"/>
  <testcase name="repetition 3090 of 5000" classname="com.mindhub.homebanking.HomebankingApplicationTest" time="0.001"/>
  <testcase name="repetition 3091 of 5000" classname="com.mindhub.homebanking.HomebankingApplicationTest" time="0.0"/>
  <testcase name="repetition 3092 of 5000" classname="com.mindhub.homebanking.HomebankingApplicationTest" time="0.001"/>
  <testcase name="repetition 3093 of 5000" classname="com.mindhub.homebanking.HomebankingApplicationTest" time="0.0"/>
  <testcase name="repetition 3094 of 5000" classname="com.mindhub.homebanking.HomebankingApplicationTest" time="0.0"/>
  <testcase name="repetition 3095 of 5000" classname="com.mindhub.homebanking.HomebankingApplicationTest" time="0.0"/>
  <testcase name="repetition 3096 of 5000" classname="com.mindhub.homebanking.HomebankingApplicationTest" time="0.0"/>
  <testcase name="repetition 3097 of 5000" classname="com.mindhub.homebanking.HomebankingApplicationTest" time="0.001"/>
  <testcase name="repetition 3098 of 5000" classname="com.mindhub.homebanking.HomebankingApplicationTest" time="0.001"/>
  <testcase name="repetition 3099 of 5000" classname="com.mindhub.homebanking.HomebankingApplicationTest" time="0.0"/>
  <testcase name="repetition 3100 of 5000" classname="com.mindhub.homebanking.HomebankingApplicationTest" time="0.001"/>
  <testcase name="repetition 3101 of 5000" classname="com.mindhub.homebanking.HomebankingApplicationTest" time="0.0"/>
  <testcase name="repetition 3102 of 5000" classname="com.mindhub.homebanking.HomebankingApplicationTest" time="0.001"/>
  <testcase name="repetition 3103 of 5000" classname="com.mindhub.homebanking.HomebankingApplicationTest" time="0.0"/>
  <testcase name="repetition 3104 of 5000" classname="com.mindhub.homebanking.HomebankingApplicationTest" time="0.0"/>
  <testcase name="repetition 3105 of 5000" classname="com.mindhub.homebanking.HomebankingApplicationTest" time="0.0"/>
  <testcase name="repetition 3106 of 5000" classname="com.mindhub.homebanking.HomebankingApplicationTest" time="0.001"/>
  <testcase name="repetition 3107 of 5000" classname="com.mindhub.homebanking.HomebankingApplicationTest" time="0.0"/>
  <testcase name="repetition 3108 of 5000" classname="com.mindhub.homebanking.HomebankingApplicationTest" time="0.001"/>
  <testcase name="repetition 3109 of 5000" classname="com.mindhub.homebanking.HomebankingApplicationTest" time="0.001"/>
  <testcase name="repetition 3110 of 5000" classname="com.mindhub.homebanking.HomebankingApplicationTest" time="0.0"/>
  <testcase name="repetition 3111 of 5000" classname="com.mindhub.homebanking.HomebankingApplicationTest" time="0.001"/>
  <testcase name="repetition 3112 of 5000" classname="com.mindhub.homebanking.HomebankingApplicationTest" time="0.0"/>
  <testcase name="repetition 3113 of 5000" classname="com.mindhub.homebanking.HomebankingApplicationTest" time="0.001"/>
  <testcase name="repetition 3114 of 5000" classname="com.mindhub.homebanking.HomebankingApplicationTest" time="0.0"/>
  <testcase name="repetition 3115 of 5000" classname="com.mindhub.homebanking.HomebankingApplicationTest" time="0.0"/>
  <testcase name="repetition 3116 of 5000" classname="com.mindhub.homebanking.HomebankingApplicationTest" time="0.0"/>
  <testcase name="repetition 3117 of 5000" classname="com.mindhub.homebanking.HomebankingApplicationTest" time="0.0"/>
  <testcase name="repetition 3118 of 5000" classname="com.mindhub.homebanking.HomebankingApplicationTest" time="0.001"/>
  <testcase name="repetition 3119 of 5000" classname="com.mindhub.homebanking.HomebankingApplicationTest" time="0.001"/>
  <testcase name="repetition 3120 of 5000" classname="com.mindhub.homebanking.HomebankingApplicationTest" time="0.001"/>
  <testcase name="repetition 3121 of 5000" classname="com.mindhub.homebanking.HomebankingApplicationTest" time="0.0"/>
  <testcase name="repetition 3122 of 5000" classname="com.mindhub.homebanking.HomebankingApplicationTest" time="0.001"/>
  <testcase name="repetition 3123 of 5000" classname="com.mindhub.homebanking.HomebankingApplicationTest" time="0.0"/>
  <testcase name="repetition 3124 of 5000" classname="com.mindhub.homebanking.HomebankingApplicationTest" time="0.001"/>
  <testcase name="repetition 3125 of 5000" classname="com.mindhub.homebanking.HomebankingApplicationTest" time="0.0"/>
  <testcase name="repetition 3126 of 5000" classname="com.mindhub.homebanking.HomebankingApplicationTest" time="0.0"/>
  <testcase name="repetition 3127 of 5000" classname="com.mindhub.homebanking.HomebankingApplicationTest" time="0.001"/>
  <testcase name="repetition 3128 of 5000" classname="com.mindhub.homebanking.HomebankingApplicationTest" time="0.0"/>
  <testcase name="repetition 3129 of 5000" classname="com.mindhub.homebanking.HomebankingApplicationTest" time="0.0"/>
  <testcase name="repetition 3130 of 5000" classname="com.mindhub.homebanking.HomebankingApplicationTest" time="0.001"/>
  <testcase name="repetition 3131 of 5000" classname="com.mindhub.homebanking.HomebankingApplicationTest" time="0.0"/>
  <testcase name="repetition 3132 of 5000" classname="com.mindhub.homebanking.HomebankingApplicationTest" time="0.001"/>
  <testcase name="repetition 3133 of 5000" classname="com.mindhub.homebanking.HomebankingApplicationTest" time="0.001"/>
  <testcase name="repetition 3134 of 5000" classname="com.mindhub.homebanking.HomebankingApplicationTest" time="0.001"/>
  <testcase name="repetition 3135 of 5000" classname="com.mindhub.homebanking.HomebankingApplicationTest" time="0.001"/>
  <testcase name="repetition 3136 of 5000" classname="com.mindhub.homebanking.HomebankingApplicationTest" time="0.0"/>
  <testcase name="repetition 3137 of 5000" classname="com.mindhub.homebanking.HomebankingApplicationTest" time="0.0"/>
  <testcase name="repetition 3138 of 5000" classname="com.mindhub.homebanking.HomebankingApplicationTest" time="0.001"/>
  <testcase name="repetition 3139 of 5000" classname="com.mindhub.homebanking.HomebankingApplicationTest" time="0.001"/>
  <testcase name="repetition 3140 of 5000" classname="com.mindhub.homebanking.HomebankingApplicationTest" time="0.0"/>
  <testcase name="repetition 3141 of 5000" classname="com.mindhub.homebanking.HomebankingApplicationTest" time="0.0"/>
  <testcase name="repetition 3142 of 5000" classname="com.mindhub.homebanking.HomebankingApplicationTest" time="0.0"/>
  <testcase name="repetition 3143 of 5000" classname="com.mindhub.homebanking.HomebankingApplicationTest" time="0.0"/>
  <testcase name="repetition 3144 of 5000" classname="com.mindhub.homebanking.HomebankingApplicationTest" time="0.001"/>
  <testcase name="repetition 3145 of 5000" classname="com.mindhub.homebanking.HomebankingApplicationTest" time="0.001"/>
  <testcase name="repetition 3146 of 5000" classname="com.mindhub.homebanking.HomebankingApplicationTest" time="0.0"/>
  <testcase name="repetition 3147 of 5000" classname="com.mindhub.homebanking.HomebankingApplicationTest" time="0.0"/>
  <testcase name="repetition 3148 of 5000" classname="com.mindhub.homebanking.HomebankingApplicationTest" time="0.0"/>
  <testcase name="repetition 3149 of 5000" classname="com.mindhub.homebanking.HomebankingApplicationTest" time="0.001"/>
  <testcase name="repetition 3150 of 5000" classname="com.mindhub.homebanking.HomebankingApplicationTest" time="0.0"/>
  <testcase name="repetition 3151 of 5000" classname="com.mindhub.homebanking.HomebankingApplicationTest" time="0.0"/>
  <testcase name="repetition 3152 of 5000" classname="com.mindhub.homebanking.HomebankingApplicationTest" time="0.0"/>
  <testcase name="repetition 3153 of 5000" classname="com.mindhub.homebanking.HomebankingApplicationTest" time="0.001"/>
  <testcase name="repetition 3154 of 5000" classname="com.mindhub.homebanking.HomebankingApplicationTest" time="0.0"/>
  <testcase name="repetition 3155 of 5000" classname="com.mindhub.homebanking.HomebankingApplicationTest" time="0.001"/>
  <testcase name="repetition 3156 of 5000" classname="com.mindhub.homebanking.HomebankingApplicationTest" time="0.0"/>
  <testcase name="repetition 3157 of 5000" classname="com.mindhub.homebanking.HomebankingApplicationTest" time="0.001"/>
  <testcase name="repetition 3158 of 5000" classname="com.mindhub.homebanking.HomebankingApplicationTest" time="0.0"/>
  <testcase name="repetition 3159 of 5000" classname="com.mindhub.homebanking.HomebankingApplicationTest" time="0.001"/>
  <testcase name="repetition 3160 of 5000" classname="com.mindhub.homebanking.HomebankingApplicationTest" time="0.0"/>
  <testcase name="repetition 3161 of 5000" classname="com.mindhub.homebanking.HomebankingApplicationTest" time="0.001"/>
  <testcase name="repetition 3162 of 5000" classname="com.mindhub.homebanking.HomebankingApplicationTest" time="0.0"/>
  <testcase name="repetition 3163 of 5000" classname="com.mindhub.homebanking.HomebankingApplicationTest" time="0.001"/>
  <testcase name="repetition 3164 of 5000" classname="com.mindhub.homebanking.HomebankingApplicationTest" time="0.001"/>
  <testcase name="repetition 3165 of 5000" classname="com.mindhub.homebanking.HomebankingApplicationTest" time="0.0"/>
  <testcase name="repetition 3166 of 5000" classname="com.mindhub.homebanking.HomebankingApplicationTest" time="0.0"/>
  <testcase name="repetition 3167 of 5000" classname="com.mindhub.homebanking.HomebankingApplicationTest" time="0.001"/>
  <testcase name="repetition 3168 of 5000" classname="com.mindhub.homebanking.HomebankingApplicationTest" time="0.0"/>
  <testcase name="repetition 3169 of 5000" classname="com.mindhub.homebanking.HomebankingApplicationTest" time="0.001"/>
  <testcase name="repetition 3170 of 5000" classname="com.mindhub.homebanking.HomebankingApplicationTest" time="0.0"/>
  <testcase name="repetition 3171 of 5000" classname="com.mindhub.homebanking.HomebankingApplicationTest" time="0.001"/>
  <testcase name="repetition 3172 of 5000" classname="com.mindhub.homebanking.HomebankingApplicationTest" time="0.0"/>
  <testcase name="repetition 3173 of 5000" classname="com.mindhub.homebanking.HomebankingApplicationTest" time="0.001"/>
  <testcase name="repetition 3174 of 5000" classname="com.mindhub.homebanking.HomebankingApplicationTest" time="0.0"/>
  <testcase name="repetition 3175 of 5000" classname="com.mindhub.homebanking.HomebankingApplicationTest" time="0.0"/>
  <testcase name="repetition 3176 of 5000" classname="com.mindhub.homebanking.HomebankingApplicationTest" time="0.0"/>
  <testcase name="repetition 3177 of 5000" classname="com.mindhub.homebanking.HomebankingApplicationTest" time="0.001"/>
  <testcase name="repetition 3178 of 5000" classname="com.mindhub.homebanking.HomebankingApplicationTest" time="0.001"/>
  <testcase name="repetition 3179 of 5000" classname="com.mindhub.homebanking.HomebankingApplicationTest" time="0.0"/>
  <testcase name="repetition 3180 of 5000" classname="com.mindhub.homebanking.HomebankingApplicationTest" time="0.001"/>
  <testcase name="repetition 3181 of 5000" classname="com.mindhub.homebanking.HomebankingApplicationTest" time="0.0"/>
  <testcase name="repetition 3182 of 5000" classname="com.mindhub.homebanking.HomebankingApplicationTest" time="0.001"/>
  <testcase name="repetition 3183 of 5000" classname="com.mindhub.homebanking.HomebankingApplicationTest" time="0.0"/>
  <testcase name="repetition 3184 of 5000" classname="com.mindhub.homebanking.HomebankingApplicationTest" time="0.0"/>
  <testcase name="repetition 3185 of 5000" classname="com.mindhub.homebanking.HomebankingApplicationTest" time="0.001"/>
  <testcase name="repetition 3186 of 5000" classname="com.mindhub.homebanking.HomebankingApplicationTest" time="0.0"/>
  <testcase name="repetition 3187 of 5000" classname="com.mindhub.homebanking.HomebankingApplicationTest" time="0.0"/>
  <testcase name="repetition 3188 of 5000" classname="com.mindhub.homebanking.HomebankingApplicationTest" time="0.001"/>
  <testcase name="repetition 3189 of 5000" classname="com.mindhub.homebanking.HomebankingApplicationTest" time="0.001"/>
  <testcase name="repetition 3190 of 5000" classname="com.mindhub.homebanking.HomebankingApplicationTest" time="0.001"/>
  <testcase name="repetition 3191 of 5000" classname="com.mindhub.homebanking.HomebankingApplicationTest" time="0.0"/>
  <testcase name="repetition 3192 of 5000" classname="com.mindhub.homebanking.HomebankingApplicationTest" time="0.001"/>
  <testcase name="repetition 3193 of 5000" classname="com.mindhub.homebanking.HomebankingApplicationTest" time="0.0"/>
  <testcase name="repetition 3194 of 5000" classname="com.mindhub.homebanking.HomebankingApplicationTest" time="0.001"/>
  <testcase name="repetition 3195 of 5000" classname="com.mindhub.homebanking.HomebankingApplicationTest" time="0.0"/>
  <testcase name="repetition 3196 of 5000" classname="com.mindhub.homebanking.HomebankingApplicationTest" time="0.001"/>
  <testcase name="repetition 3197 of 5000" classname="com.mindhub.homebanking.HomebankingApplicationTest" time="0.0"/>
  <testcase name="repetition 3198 of 5000" classname="com.mindhub.homebanking.HomebankingApplicationTest" time="0.001"/>
  <testcase name="repetition 3199 of 5000" classname="com.mindhub.homebanking.HomebankingApplicationTest" time="0.0"/>
  <testcase name="repetition 3200 of 5000" classname="com.mindhub.homebanking.HomebankingApplicationTest" time="0.001"/>
  <testcase name="repetition 3201 of 5000" classname="com.mindhub.homebanking.HomebankingApplicationTest" time="0.0"/>
  <testcase name="repetition 3202 of 5000" classname="com.mindhub.homebanking.HomebankingApplicationTest" time="0.001"/>
  <testcase name="repetition 3203 of 5000" classname="com.mindhub.homebanking.HomebankingApplicationTest" time="0.0"/>
  <testcase name="repetition 3204 of 5000" classname="com.mindhub.homebanking.HomebankingApplicationTest" time="0.001"/>
  <testcase name="repetition 3205 of 5000" classname="com.mindhub.homebanking.HomebankingApplicationTest" time="0.0"/>
  <testcase name="repetition 3206 of 5000" classname="com.mindhub.homebanking.HomebankingApplicationTest" time="0.0"/>
  <testcase name="repetition 3207 of 5000" classname="com.mindhub.homebanking.HomebankingApplicationTest" time="0.001"/>
  <testcase name="repetition 3208 of 5000" classname="com.mindhub.homebanking.HomebankingApplicationTest" time="0.001"/>
  <testcase name="repetition 3209 of 5000" classname="com.mindhub.homebanking.HomebankingApplicationTest" time="0.001"/>
  <testcase name="repetition 3210 of 5000" classname="com.mindhub.homebanking.HomebankingApplicationTest" time="0.001"/>
  <testcase name="repetition 3211 of 5000" classname="com.mindhub.homebanking.HomebankingApplicationTest" time="0.001"/>
  <testcase name="repetition 3212 of 5000" classname="com.mindhub.homebanking.HomebankingApplicationTest" time="0.001"/>
  <testcase name="repetition 3213 of 5000" classname="com.mindhub.homebanking.HomebankingApplicationTest" time="0.001"/>
  <testcase name="repetition 3214 of 5000" classname="com.mindhub.homebanking.HomebankingApplicationTest" time="0.001"/>
  <testcase name="repetition 3215 of 5000" classname="com.mindhub.homebanking.HomebankingApplicationTest" time="0.001"/>
  <testcase name="repetition 3216 of 5000" classname="com.mindhub.homebanking.HomebankingApplicationTest" time="0.0"/>
  <testcase name="repetition 3217 of 5000" classname="com.mindhub.homebanking.HomebankingApplicationTest" time="0.001"/>
  <testcase name="repetition 3218 of 5000" classname="com.mindhub.homebanking.HomebankingApplicationTest" time="0.0"/>
  <testcase name="repetition 3219 of 5000" classname="com.mindhub.homebanking.HomebankingApplicationTest" time="0.001"/>
  <testcase name="repetition 3220 of 5000" classname="com.mindhub.homebanking.HomebankingApplicationTest" time="0.001"/>
  <testcase name="repetition 3221 of 5000" classname="com.mindhub.homebanking.HomebankingApplicationTest" time="0.0"/>
  <testcase name="repetition 3222 of 5000" classname="com.mindhub.homebanking.HomebankingApplicationTest" time="0.001"/>
  <testcase name="repetition 3223 of 5000" classname="com.mindhub.homebanking.HomebankingApplicationTest" time="0.001"/>
  <testcase name="repetition 3224 of 5000" classname="com.mindhub.homebanking.HomebankingApplicationTest" time="0.001"/>
  <testcase name="repetition 3225 of 5000" classname="com.mindhub.homebanking.HomebankingApplicationTest" time="0.0"/>
  <testcase name="repetition 3226 of 5000" classname="com.mindhub.homebanking.HomebankingApplicationTest" time="0.001"/>
  <testcase name="repetition 3227 of 5000" classname="com.mindhub.homebanking.HomebankingApplicationTest" time="0.001"/>
  <testcase name="repetition 3228 of 5000" classname="com.mindhub.homebanking.HomebankingApplicationTest" time="0.0"/>
  <testcase name="repetition 3229 of 5000" classname="com.mindhub.homebanking.HomebankingApplicationTest" time="0.001"/>
  <testcase name="repetition 3230 of 5000" classname="com.mindhub.homebanking.HomebankingApplicationTest" time="0.001"/>
  <testcase name="repetition 3231 of 5000" classname="com.mindhub.homebanking.HomebankingApplicationTest" time="0.002"/>
  <testcase name="repetition 3232 of 5000" classname="com.mindhub.homebanking.HomebankingApplicationTest" time="0.002"/>
  <testcase name="repetition 3233 of 5000" classname="com.mindhub.homebanking.HomebankingApplicationTest" time="0.001"/>
  <testcase name="repetition 3234 of 5000" classname="com.mindhub.homebanking.HomebankingApplicationTest" time="0.002"/>
  <testcase name="repetition 3235 of 5000" classname="com.mindhub.homebanking.HomebankingApplicationTest" time="0.001"/>
  <testcase name="repetition 3236 of 5000" classname="com.mindhub.homebanking.HomebankingApplicationTest" time="0.0"/>
  <testcase name="repetition 3237 of 5000" classname="com.mindhub.homebanking.HomebankingApplicationTest" time="0.001"/>
  <testcase name="repetition 3238 of 5000" classname="com.mindhub.homebanking.HomebankingApplicationTest" time="0.001"/>
  <testcase name="repetition 3239 of 5000" classname="com.mindhub.homebanking.HomebankingApplicationTest" time="0.001"/>
  <testcase name="repetition 3240 of 5000" classname="com.mindhub.homebanking.HomebankingApplicationTest" time="0.0"/>
  <testcase name="repetition 3241 of 5000" classname="com.mindhub.homebanking.HomebankingApplicationTest" time="0.001"/>
  <testcase name="repetition 3242 of 5000" classname="com.mindhub.homebanking.HomebankingApplicationTest" time="0.0"/>
  <testcase name="repetition 3243 of 5000" classname="com.mindhub.homebanking.HomebankingApplicationTest" time="0.0"/>
  <testcase name="repetition 3244 of 5000" classname="com.mindhub.homebanking.HomebankingApplicationTest" time="0.001"/>
  <testcase name="repetition 3245 of 5000" classname="com.mindhub.homebanking.HomebankingApplicationTest" time="0.0"/>
  <testcase name="repetition 3246 of 5000" classname="com.mindhub.homebanking.HomebankingApplicationTest" time="0.001"/>
  <testcase name="repetition 3247 of 5000" classname="com.mindhub.homebanking.HomebankingApplicationTest" time="0.001"/>
  <testcase name="repetition 3248 of 5000" classname="com.mindhub.homebanking.HomebankingApplicationTest" time="0.0"/>
  <testcase name="repetition 3249 of 5000" classname="com.mindhub.homebanking.HomebankingApplicationTest" time="0.0"/>
  <testcase name="repetition 3250 of 5000" classname="com.mindhub.homebanking.HomebankingApplicationTest" time="0.0"/>
  <testcase name="repetition 3251 of 5000" classname="com.mindhub.homebanking.HomebankingApplicationTest" time="0.001"/>
  <testcase name="repetition 3252 of 5000" classname="com.mindhub.homebanking.HomebankingApplicationTest" time="0.001"/>
  <testcase name="repetition 3253 of 5000" classname="com.mindhub.homebanking.HomebankingApplicationTest" time="0.001"/>
  <testcase name="repetition 3254 of 5000" classname="com.mindhub.homebanking.HomebankingApplicationTest" time="0.0"/>
  <testcase name="repetition 3255 of 5000" classname="com.mindhub.homebanking.HomebankingApplicationTest" time="0.001"/>
  <testcase name="repetition 3256 of 5000" classname="com.mindhub.homebanking.HomebankingApplicationTest" time="0.001"/>
  <testcase name="repetition 3257 of 5000" classname="com.mindhub.homebanking.HomebankingApplicationTest" time="0.001"/>
  <testcase name="repetition 3258 of 5000" classname="com.mindhub.homebanking.HomebankingApplicationTest" time="0.002"/>
  <testcase name="repetition 3259 of 5000" classname="com.mindhub.homebanking.HomebankingApplicationTest" time="0.001"/>
  <testcase name="repetition 3260 of 5000" classname="com.mindhub.homebanking.HomebankingApplicationTest" time="0.001"/>
  <testcase name="repetition 3261 of 5000" classname="com.mindhub.homebanking.HomebankingApplicationTest" time="0.001"/>
  <testcase name="repetition 3262 of 5000" classname="com.mindhub.homebanking.HomebankingApplicationTest" time="0.001"/>
  <testcase name="repetition 3263 of 5000" classname="com.mindhub.homebanking.HomebankingApplicationTest" time="0.002"/>
  <testcase name="repetition 3264 of 5000" classname="com.mindhub.homebanking.HomebankingApplicationTest" time="0.002"/>
  <testcase name="repetition 3265 of 5000" classname="com.mindhub.homebanking.HomebankingApplicationTest" time="0.001"/>
  <testcase name="repetition 3266 of 5000" classname="com.mindhub.homebanking.HomebankingApplicationTest" time="0.001"/>
  <testcase name="repetition 3267 of 5000" classname="com.mindhub.homebanking.HomebankingApplicationTest" time="0.001"/>
  <testcase name="repetition 3268 of 5000" classname="com.mindhub.homebanking.HomebankingApplicationTest" time="0.001"/>
  <testcase name="repetition 3269 of 5000" classname="com.mindhub.homebanking.HomebankingApplicationTest" time="0.0"/>
  <testcase name="repetition 3270 of 5000" classname="com.mindhub.homebanking.HomebankingApplicationTest" time="0.0"/>
  <testcase name="repetition 3271 of 5000" classname="com.mindhub.homebanking.HomebankingApplicationTest" time="0.001"/>
  <testcase name="repetition 3272 of 5000" classname="com.mindhub.homebanking.HomebankingApplicationTest" time="0.0"/>
  <testcase name="repetition 3273 of 5000" classname="com.mindhub.homebanking.HomebankingApplicationTest" time="0.001"/>
  <testcase name="repetition 3274 of 5000" classname="com.mindhub.homebanking.HomebankingApplicationTest" time="0.0"/>
  <testcase name="repetition 3275 of 5000" classname="com.mindhub.homebanking.HomebankingApplicationTest" time="0.0"/>
  <testcase name="repetition 3276 of 5000" classname="com.mindhub.homebanking.HomebankingApplicationTest" time="0.0"/>
  <testcase name="repetition 3277 of 5000" classname="com.mindhub.homebanking.HomebankingApplicationTest" time="0.0"/>
  <testcase name="repetition 3278 of 5000" classname="com.mindhub.homebanking.HomebankingApplicationTest" time="0.001"/>
  <testcase name="repetition 3279 of 5000" classname="com.mindhub.homebanking.HomebankingApplicationTest" time="0.0"/>
  <testcase name="repetition 3280 of 5000" classname="com.mindhub.homebanking.HomebankingApplicationTest" time="0.001"/>
  <testcase name="repetition 3281 of 5000" classname="com.mindhub.homebanking.HomebankingApplicationTest" time="0.0"/>
  <testcase name="repetition 3282 of 5000" classname="com.mindhub.homebanking.HomebankingApplicationTest" time="0.0"/>
  <testcase name="repetition 3283 of 5000" classname="com.mindhub.homebanking.HomebankingApplicationTest" time="0.001"/>
  <testcase name="repetition 3284 of 5000" classname="com.mindhub.homebanking.HomebankingApplicationTest" time="0.0"/>
  <testcase name="repetition 3285 of 5000" classname="com.mindhub.homebanking.HomebankingApplicationTest" time="0.001"/>
  <testcase name="repetition 3286 of 5000" classname="com.mindhub.homebanking.HomebankingApplicationTest" time="0.001"/>
  <testcase name="repetition 3287 of 5000" classname="com.mindhub.homebanking.HomebankingApplicationTest" time="0.001"/>
  <testcase name="repetition 3288 of 5000" classname="com.mindhub.homebanking.HomebankingApplicationTest" time="0.0"/>
  <testcase name="repetition 3289 of 5000" classname="com.mindhub.homebanking.HomebankingApplicationTest" time="0.001"/>
  <testcase name="repetition 3290 of 5000" classname="com.mindhub.homebanking.HomebankingApplicationTest" time="0.001"/>
  <testcase name="repetition 3291 of 5000" classname="com.mindhub.homebanking.HomebankingApplicationTest" time="0.0"/>
  <testcase name="repetition 3292 of 5000" classname="com.mindhub.homebanking.HomebankingApplicationTest" time="0.001"/>
  <testcase name="repetition 3293 of 5000" classname="com.mindhub.homebanking.HomebankingApplicationTest" time="0.0"/>
  <testcase name="repetition 3294 of 5000" classname="com.mindhub.homebanking.HomebankingApplicationTest" time="0.001"/>
  <testcase name="repetition 3295 of 5000" classname="com.mindhub.homebanking.HomebankingApplicationTest" time="0.0"/>
  <testcase name="repetition 3296 of 5000" classname="com.mindhub.homebanking.HomebankingApplicationTest" time="0.001"/>
  <testcase name="repetition 3297 of 5000" classname="com.mindhub.homebanking.HomebankingApplicationTest" time="0.0"/>
  <testcase name="repetition 3298 of 5000" classname="com.mindhub.homebanking.HomebankingApplicationTest" time="0.001"/>
  <testcase name="repetition 3299 of 5000" classname="com.mindhub.homebanking.HomebankingApplicationTest" time="0.0"/>
  <testcase name="repetition 3300 of 5000" classname="com.mindhub.homebanking.HomebankingApplicationTest" time="0.001"/>
  <testcase name="repetition 3301 of 5000" classname="com.mindhub.homebanking.HomebankingApplicationTest" time="0.0"/>
  <testcase name="repetition 3302 of 5000" classname="com.mindhub.homebanking.HomebankingApplicationTest" time="0.0"/>
  <testcase name="repetition 3303 of 5000" classname="com.mindhub.homebanking.HomebankingApplicationTest" time="0.001"/>
  <testcase name="repetition 3304 of 5000" classname="com.mindhub.homebanking.HomebankingApplicationTest" time="0.0"/>
  <testcase name="repetition 3305 of 5000" classname="com.mindhub.homebanking.HomebankingApplicationTest" time="0.001"/>
  <testcase name="repetition 3306 of 5000" classname="com.mindhub.homebanking.HomebankingApplicationTest" time="0.001"/>
  <testcase name="repetition 3307 of 5000" classname="com.mindhub.homebanking.HomebankingApplicationTest" time="0.0"/>
  <testcase name="repetition 3308 of 5000" classname="com.mindhub.homebanking.HomebankingApplicationTest" time="0.0"/>
  <testcase name="repetition 3309 of 5000" classname="com.mindhub.homebanking.HomebankingApplicationTest" time="0.001"/>
  <testcase name="repetition 3310 of 5000" classname="com.mindhub.homebanking.HomebankingApplicationTest" time="0.001"/>
  <testcase name="repetition 3311 of 5000" classname="com.mindhub.homebanking.HomebankingApplicationTest" time="0.0"/>
  <testcase name="repetition 3312 of 5000" classname="com.mindhub.homebanking.HomebankingApplicationTest" time="0.001"/>
  <testcase name="repetition 3313 of 5000" classname="com.mindhub.homebanking.HomebankingApplicationTest" time="0.001"/>
  <testcase name="repetition 3314 of 5000" classname="com.mindhub.homebanking.HomebankingApplicationTest" time="0.001"/>
  <testcase name="repetition 3315 of 5000" classname="com.mindhub.homebanking.HomebankingApplicationTest" time="0.0"/>
  <testcase name="repetition 3316 of 5000" classname="com.mindhub.homebanking.HomebankingApplicationTest" time="0.001"/>
  <testcase name="repetition 3317 of 5000" classname="com.mindhub.homebanking.HomebankingApplicationTest" time="0.001"/>
  <testcase name="repetition 3318 of 5000" classname="com.mindhub.homebanking.HomebankingApplicationTest" time="0.001"/>
  <testcase name="repetition 3319 of 5000" classname="com.mindhub.homebanking.HomebankingApplicationTest" time="0.001"/>
  <testcase name="repetition 3320 of 5000" classname="com.mindhub.homebanking.HomebankingApplicationTest" time="0.001"/>
  <testcase name="repetition 3321 of 5000" classname="com.mindhub.homebanking.HomebankingApplicationTest" time="0.001"/>
  <testcase name="repetition 3322 of 5000" classname="com.mindhub.homebanking.HomebankingApplicationTest" time="0.001"/>
  <testcase name="repetition 3323 of 5000" classname="com.mindhub.homebanking.HomebankingApplicationTest" time="0.0"/>
  <testcase name="repetition 3324 of 5000" classname="com.mindhub.homebanking.HomebankingApplicationTest" time="0.001"/>
  <testcase name="repetition 3325 of 5000" classname="com.mindhub.homebanking.HomebankingApplicationTest" time="0.0"/>
  <testcase name="repetition 3326 of 5000" classname="com.mindhub.homebanking.HomebankingApplicationTest" time="0.0"/>
  <testcase name="repetition 3327 of 5000" classname="com.mindhub.homebanking.HomebankingApplicationTest" time="0.0"/>
  <testcase name="repetition 3328 of 5000" classname="com.mindhub.homebanking.HomebankingApplicationTest" time="0.0"/>
  <testcase name="repetition 3329 of 5000" classname="com.mindhub.homebanking.HomebankingApplicationTest" time="0.001"/>
  <testcase name="repetition 3330 of 5000" classname="com.mindhub.homebanking.HomebankingApplicationTest" time="0.0"/>
  <testcase name="repetition 3331 of 5000" classname="com.mindhub.homebanking.HomebankingApplicationTest" time="0.001"/>
  <testcase name="repetition 3332 of 5000" classname="com.mindhub.homebanking.HomebankingApplicationTest" time="0.0"/>
  <testcase name="repetition 3333 of 5000" classname="com.mindhub.homebanking.HomebankingApplicationTest" time="0.0"/>
  <testcase name="repetition 3334 of 5000" classname="com.mindhub.homebanking.HomebankingApplicationTest" time="0.001"/>
  <testcase name="repetition 3335 of 5000" classname="com.mindhub.homebanking.HomebankingApplicationTest" time="0.001"/>
  <testcase name="repetition 3336 of 5000" classname="com.mindhub.homebanking.HomebankingApplicationTest" time="0.001"/>
  <testcase name="repetition 3337 of 5000" classname="com.mindhub.homebanking.HomebankingApplicationTest" time="0.0"/>
  <testcase name="repetition 3338 of 5000" classname="com.mindhub.homebanking.HomebankingApplicationTest" time="0.001"/>
  <testcase name="repetition 3339 of 5000" classname="com.mindhub.homebanking.HomebankingApplicationTest" time="0.0"/>
  <testcase name="repetition 3340 of 5000" classname="com.mindhub.homebanking.HomebankingApplicationTest" time="0.001"/>
  <testcase name="repetition 3341 of 5000" classname="com.mindhub.homebanking.HomebankingApplicationTest" time="0.0"/>
  <testcase name="repetition 3342 of 5000" classname="com.mindhub.homebanking.HomebankingApplicationTest" time="0.001"/>
  <testcase name="repetition 3343 of 5000" classname="com.mindhub.homebanking.HomebankingApplicationTest" time="0.0"/>
  <testcase name="repetition 3344 of 5000" classname="com.mindhub.homebanking.HomebankingApplicationTest" time="0.001"/>
  <testcase name="repetition 3345 of 5000" classname="com.mindhub.homebanking.HomebankingApplicationTest" time="0.0"/>
  <testcase name="repetition 3346 of 5000" classname="com.mindhub.homebanking.HomebankingApplicationTest" time="0.0"/>
  <testcase name="repetition 3347 of 5000" classname="com.mindhub.homebanking.HomebankingApplicationTest" time="0.001"/>
  <testcase name="repetition 3348 of 5000" classname="com.mindhub.homebanking.HomebankingApplicationTest" time="0.001"/>
  <testcase name="repetition 3349 of 5000" classname="com.mindhub.homebanking.HomebankingApplicationTest" time="0.001"/>
  <testcase name="repetition 3350 of 5000" classname="com.mindhub.homebanking.HomebankingApplicationTest" time="0.001"/>
  <testcase name="repetition 3351 of 5000" classname="com.mindhub.homebanking.HomebankingApplicationTest" time="0.001"/>
  <testcase name="repetition 3352 of 5000" classname="com.mindhub.homebanking.HomebankingApplicationTest" time="0.001"/>
  <testcase name="repetition 3353 of 5000" classname="com.mindhub.homebanking.HomebankingApplicationTest" time="0.0"/>
  <testcase name="repetition 3354 of 5000" classname="com.mindhub.homebanking.HomebankingApplicationTest" time="0.001"/>
  <testcase name="repetition 3355 of 5000" classname="com.mindhub.homebanking.HomebankingApplicationTest" time="0.0"/>
  <testcase name="repetition 3356 of 5000" classname="com.mindhub.homebanking.HomebankingApplicationTest" time="0.001"/>
  <testcase name="repetition 3357 of 5000" classname="com.mindhub.homebanking.HomebankingApplicationTest" time="0.0"/>
  <testcase name="repetition 3358 of 5000" classname="com.mindhub.homebanking.HomebankingApplicationTest" time="0.0"/>
  <testcase name="repetition 3359 of 5000" classname="com.mindhub.homebanking.HomebankingApplicationTest" time="0.001"/>
  <testcase name="repetition 3360 of 5000" classname="com.mindhub.homebanking.HomebankingApplicationTest" time="0.0"/>
  <testcase name="repetition 3361 of 5000" classname="com.mindhub.homebanking.HomebankingApplicationTest" time="0.0"/>
  <testcase name="repetition 3362 of 5000" classname="com.mindhub.homebanking.HomebankingApplicationTest" time="0.001"/>
  <testcase name="repetition 3363 of 5000" classname="com.mindhub.homebanking.HomebankingApplicationTest" time="0.001"/>
  <testcase name="repetition 3364 of 5000" classname="com.mindhub.homebanking.HomebankingApplicationTest" time="0.0"/>
  <testcase name="repetition 3365 of 5000" classname="com.mindhub.homebanking.HomebankingApplicationTest" time="0.001"/>
  <testcase name="repetition 3366 of 5000" classname="com.mindhub.homebanking.HomebankingApplicationTest" time="0.0"/>
  <testcase name="repetition 3367 of 5000" classname="com.mindhub.homebanking.HomebankingApplicationTest" time="0.001"/>
  <testcase name="repetition 3368 of 5000" classname="com.mindhub.homebanking.HomebankingApplicationTest" time="0.0"/>
  <testcase name="repetition 3369 of 5000" classname="com.mindhub.homebanking.HomebankingApplicationTest" time="0.0"/>
  <testcase name="repetition 3370 of 5000" classname="com.mindhub.homebanking.HomebankingApplicationTest" time="0.001"/>
  <testcase name="repetition 3371 of 5000" classname="com.mindhub.homebanking.HomebankingApplicationTest" time="0.001"/>
  <testcase name="repetition 3372 of 5000" classname="com.mindhub.homebanking.HomebankingApplicationTest" time="0.001"/>
  <testcase name="repetition 3373 of 5000" classname="com.mindhub.homebanking.HomebankingApplicationTest" time="0.001"/>
  <testcase name="repetition 3374 of 5000" classname="com.mindhub.homebanking.HomebankingApplicationTest" time="0.001"/>
  <testcase name="repetition 3375 of 5000" classname="com.mindhub.homebanking.HomebankingApplicationTest" time="0.001"/>
  <testcase name="repetition 3376 of 5000" classname="com.mindhub.homebanking.HomebankingApplicationTest" time="0.0"/>
  <testcase name="repetition 3377 of 5000" classname="com.mindhub.homebanking.HomebankingApplicationTest" time="0.0"/>
  <testcase name="repetition 3378 of 5000" classname="com.mindhub.homebanking.HomebankingApplicationTest" time="0.001"/>
  <testcase name="repetition 3379 of 5000" classname="com.mindhub.homebanking.HomebankingApplicationTest" time="0.002"/>
  <testcase name="repetition 3380 of 5000" classname="com.mindhub.homebanking.HomebankingApplicationTest" time="0.001"/>
  <testcase name="repetition 3381 of 5000" classname="com.mindhub.homebanking.HomebankingApplicationTest" time="0.001"/>
  <testcase name="repetition 3382 of 5000" classname="com.mindhub.homebanking.HomebankingApplicationTest" time="0.0"/>
  <testcase name="repetition 3383 of 5000" classname="com.mindhub.homebanking.HomebankingApplicationTest" time="0.001"/>
  <testcase name="repetition 3384 of 5000" classname="com.mindhub.homebanking.HomebankingApplicationTest" time="0.0"/>
  <testcase name="repetition 3385 of 5000" classname="com.mindhub.homebanking.HomebankingApplicationTest" time="0.001"/>
  <testcase name="repetition 3386 of 5000" classname="com.mindhub.homebanking.HomebankingApplicationTest" time="0.001"/>
  <testcase name="repetition 3387 of 5000" classname="com.mindhub.homebanking.HomebankingApplicationTest" time="0.001"/>
  <testcase name="repetition 3388 of 5000" classname="com.mindhub.homebanking.HomebankingApplicationTest" time="0.001"/>
  <testcase name="repetition 3389 of 5000" classname="com.mindhub.homebanking.HomebankingApplicationTest" time="0.001"/>
  <testcase name="repetition 3390 of 5000" classname="com.mindhub.homebanking.HomebankingApplicationTest" time="0.001"/>
  <testcase name="repetition 3391 of 5000" classname="com.mindhub.homebanking.HomebankingApplicationTest" time="0.001"/>
  <testcase name="repetition 3392 of 5000" classname="com.mindhub.homebanking.HomebankingApplicationTest" time="0.001"/>
  <testcase name="repetition 3393 of 5000" classname="com.mindhub.homebanking.HomebankingApplicationTest" time="0.0"/>
  <testcase name="repetition 3394 of 5000" classname="com.mindhub.homebanking.HomebankingApplicationTest" time="0.001"/>
  <testcase name="repetition 3395 of 5000" classname="com.mindhub.homebanking.HomebankingApplicationTest" time="0.0"/>
  <testcase name="repetition 3396 of 5000" classname="com.mindhub.homebanking.HomebankingApplicationTest" time="0.001"/>
  <testcase name="repetition 3397 of 5000" classname="com.mindhub.homebanking.HomebankingApplicationTest" time="0.001"/>
  <testcase name="repetition 3398 of 5000" classname="com.mindhub.homebanking.HomebankingApplicationTest" time="0.0"/>
  <testcase name="repetition 3399 of 5000" classname="com.mindhub.homebanking.HomebankingApplicationTest" time="0.001"/>
  <testcase name="repetition 3400 of 5000" classname="com.mindhub.homebanking.HomebankingApplicationTest" time="0.001"/>
  <testcase name="repetition 3401 of 5000" classname="com.mindhub.homebanking.HomebankingApplicationTest" time="0.001"/>
  <testcase name="repetition 3402 of 5000" classname="com.mindhub.homebanking.HomebankingApplicationTest" time="0.001"/>
  <testcase name="repetition 3403 of 5000" classname="com.mindhub.homebanking.HomebankingApplicationTest" time="0.001"/>
  <testcase name="repetition 3404 of 5000" classname="com.mindhub.homebanking.HomebankingApplicationTest" time="0.001"/>
  <testcase name="repetition 3405 of 5000" classname="com.mindhub.homebanking.HomebankingApplicationTest" time="0.0"/>
  <testcase name="repetition 3406 of 5000" classname="com.mindhub.homebanking.HomebankingApplicationTest" time="0.0"/>
  <testcase name="repetition 3407 of 5000" classname="com.mindhub.homebanking.HomebankingApplicationTest" time="0.001"/>
  <testcase name="repetition 3408 of 5000" classname="com.mindhub.homebanking.HomebankingApplicationTest" time="0.001"/>
  <testcase name="repetition 3409 of 5000" classname="com.mindhub.homebanking.HomebankingApplicationTest" time="0.001"/>
  <testcase name="repetition 3410 of 5000" classname="com.mindhub.homebanking.HomebankingApplicationTest" time="0.002"/>
  <testcase name="repetition 3411 of 5000" classname="com.mindhub.homebanking.HomebankingApplicationTest" time="0.001"/>
  <testcase name="repetition 3412 of 5000" classname="com.mindhub.homebanking.HomebankingApplicationTest" time="0.001"/>
  <testcase name="repetition 3413 of 5000" classname="com.mindhub.homebanking.HomebankingApplicationTest" time="0.001"/>
  <testcase name="repetition 3414 of 5000" classname="com.mindhub.homebanking.HomebankingApplicationTest" time="0.001"/>
  <testcase name="repetition 3415 of 5000" classname="com.mindhub.homebanking.HomebankingApplicationTest" time="0.001"/>
  <testcase name="repetition 3416 of 5000" classname="com.mindhub.homebanking.HomebankingApplicationTest" time="0.001"/>
  <testcase name="repetition 3417 of 5000" classname="com.mindhub.homebanking.HomebankingApplicationTest" time="0.001"/>
  <testcase name="repetition 3418 of 5000" classname="com.mindhub.homebanking.HomebankingApplicationTest" time="0.001"/>
  <testcase name="repetition 3419 of 5000" classname="com.mindhub.homebanking.HomebankingApplicationTest" time="0.001"/>
  <testcase name="repetition 3420 of 5000" classname="com.mindhub.homebanking.HomebankingApplicationTest" time="0.001"/>
  <testcase name="repetition 3421 of 5000" classname="com.mindhub.homebanking.HomebankingApplicationTest" time="0.001"/>
  <testcase name="repetition 3422 of 5000" classname="com.mindhub.homebanking.HomebankingApplicationTest" time="0.001"/>
  <testcase name="repetition 3423 of 5000" classname="com.mindhub.homebanking.HomebankingApplicationTest" time="0.001"/>
  <testcase name="repetition 3424 of 5000" classname="com.mindhub.homebanking.HomebankingApplicationTest" time="0.0"/>
  <testcase name="repetition 3425 of 5000" classname="com.mindhub.homebanking.HomebankingApplicationTest" time="0.001"/>
  <testcase name="repetition 3426 of 5000" classname="com.mindhub.homebanking.HomebankingApplicationTest" time="0.0"/>
  <testcase name="repetition 3427 of 5000" classname="com.mindhub.homebanking.HomebankingApplicationTest" time="0.001"/>
  <testcase name="repetition 3428 of 5000" classname="com.mindhub.homebanking.HomebankingApplicationTest" time="0.0"/>
  <testcase name="repetition 3429 of 5000" classname="com.mindhub.homebanking.HomebankingApplicationTest" time="0.001"/>
  <testcase name="repetition 3430 of 5000" classname="com.mindhub.homebanking.HomebankingApplicationTest" time="0.001"/>
  <testcase name="repetition 3431 of 5000" classname="com.mindhub.homebanking.HomebankingApplicationTest" time="0.0"/>
  <testcase name="repetition 3432 of 5000" classname="com.mindhub.homebanking.HomebankingApplicationTest" time="0.001"/>
  <testcase name="repetition 3433 of 5000" classname="com.mindhub.homebanking.HomebankingApplicationTest" time="0.001"/>
  <testcase name="repetition 3434 of 5000" classname="com.mindhub.homebanking.HomebankingApplicationTest" time="0.001"/>
  <testcase name="repetition 3435 of 5000" classname="com.mindhub.homebanking.HomebankingApplicationTest" time="0.0"/>
  <testcase name="repetition 3436 of 5000" classname="com.mindhub.homebanking.HomebankingApplicationTest" time="0.001"/>
  <testcase name="repetition 3437 of 5000" classname="com.mindhub.homebanking.HomebankingApplicationTest" time="0.0"/>
  <testcase name="repetition 3438 of 5000" classname="com.mindhub.homebanking.HomebankingApplicationTest" time="0.001"/>
  <testcase name="repetition 3439 of 5000" classname="com.mindhub.homebanking.HomebankingApplicationTest" time="0.0"/>
  <testcase name="repetition 3440 of 5000" classname="com.mindhub.homebanking.HomebankingApplicationTest" time="0.001"/>
  <testcase name="repetition 3441 of 5000" classname="com.mindhub.homebanking.HomebankingApplicationTest" time="0.0"/>
  <testcase name="repetition 3442 of 5000" classname="com.mindhub.homebanking.HomebankingApplicationTest" time="0.0"/>
  <testcase name="repetition 3443 of 5000" classname="com.mindhub.homebanking.HomebankingApplicationTest" time="0.001"/>
  <testcase name="repetition 3444 of 5000" classname="com.mindhub.homebanking.HomebankingApplicationTest" time="0.001"/>
  <testcase name="repetition 3445 of 5000" classname="com.mindhub.homebanking.HomebankingApplicationTest" time="0.001"/>
  <testcase name="repetition 3446 of 5000" classname="com.mindhub.homebanking.HomebankingApplicationTest" time="0.003"/>
  <testcase name="repetition 3447 of 5000" classname="com.mindhub.homebanking.HomebankingApplicationTest" time="0.001"/>
  <testcase name="repetition 3448 of 5000" classname="com.mindhub.homebanking.HomebankingApplicationTest" time="0.001"/>
  <testcase name="repetition 3449 of 5000" classname="com.mindhub.homebanking.HomebankingApplicationTest" time="0.001"/>
  <testcase name="repetition 3450 of 5000" classname="com.mindhub.homebanking.HomebankingApplicationTest" time="0.001"/>
  <testcase name="repetition 3451 of 5000" classname="com.mindhub.homebanking.HomebankingApplicationTest" time="0.001"/>
  <testcase name="repetition 3452 of 5000" classname="com.mindhub.homebanking.HomebankingApplicationTest" time="0.0"/>
  <testcase name="repetition 3453 of 5000" classname="com.mindhub.homebanking.HomebankingApplicationTest" time="0.001"/>
  <testcase name="repetition 3454 of 5000" classname="com.mindhub.homebanking.HomebankingApplicationTest" time="0.002"/>
  <testcase name="repetition 3455 of 5000" classname="com.mindhub.homebanking.HomebankingApplicationTest" time="0.002"/>
  <testcase name="repetition 3456 of 5000" classname="com.mindhub.homebanking.HomebankingApplicationTest" time="0.001"/>
  <testcase name="repetition 3457 of 5000" classname="com.mindhub.homebanking.HomebankingApplicationTest" time="0.001"/>
  <testcase name="repetition 3458 of 5000" classname="com.mindhub.homebanking.HomebankingApplicationTest" time="0.001"/>
  <testcase name="repetition 3459 of 5000" classname="com.mindhub.homebanking.HomebankingApplicationTest" time="0.0"/>
  <testcase name="repetition 3460 of 5000" classname="com.mindhub.homebanking.HomebankingApplicationTest" time="0.0"/>
  <testcase name="repetition 3461 of 5000" classname="com.mindhub.homebanking.HomebankingApplicationTest" time="0.002"/>
  <testcase name="repetition 3462 of 5000" classname="com.mindhub.homebanking.HomebankingApplicationTest" time="0.001"/>
  <testcase name="repetition 3463 of 5000" classname="com.mindhub.homebanking.HomebankingApplicationTest" time="0.001"/>
  <testcase name="repetition 3464 of 5000" classname="com.mindhub.homebanking.HomebankingApplicationTest" time="0.001"/>
  <testcase name="repetition 3465 of 5000" classname="com.mindhub.homebanking.HomebankingApplicationTest" time="0.0"/>
  <testcase name="repetition 3466 of 5000" classname="com.mindhub.homebanking.HomebankingApplicationTest" time="0.001"/>
  <testcase name="repetition 3467 of 5000" classname="com.mindhub.homebanking.HomebankingApplicationTest" time="0.001"/>
  <testcase name="repetition 3468 of 5000" classname="com.mindhub.homebanking.HomebankingApplicationTest" time="0.0"/>
  <testcase name="repetition 3469 of 5000" classname="com.mindhub.homebanking.HomebankingApplicationTest" time="0.0"/>
  <testcase name="repetition 3470 of 5000" classname="com.mindhub.homebanking.HomebankingApplicationTest" time="0.001"/>
  <testcase name="repetition 3471 of 5000" classname="com.mindhub.homebanking.HomebankingApplicationTest" time="0.001"/>
  <testcase name="repetition 3472 of 5000" classname="com.mindhub.homebanking.HomebankingApplicationTest" time="0.001"/>
  <testcase name="repetition 3473 of 5000" classname="com.mindhub.homebanking.HomebankingApplicationTest" time="0.001"/>
  <testcase name="repetition 3474 of 5000" classname="com.mindhub.homebanking.HomebankingApplicationTest" time="0.001"/>
  <testcase name="repetition 3475 of 5000" classname="com.mindhub.homebanking.HomebankingApplicationTest" time="0.001"/>
  <testcase name="repetition 3476 of 5000" classname="com.mindhub.homebanking.HomebankingApplicationTest" time="0.002"/>
  <testcase name="repetition 3477 of 5000" classname="com.mindhub.homebanking.HomebankingApplicationTest" time="0.0"/>
  <testcase name="repetition 3478 of 5000" classname="com.mindhub.homebanking.HomebankingApplicationTest" time="0.001"/>
  <testcase name="repetition 3479 of 5000" classname="com.mindhub.homebanking.HomebankingApplicationTest" time="0.001"/>
  <testcase name="repetition 3480 of 5000" classname="com.mindhub.homebanking.HomebankingApplicationTest" time="0.001"/>
  <testcase name="repetition 3481 of 5000" classname="com.mindhub.homebanking.HomebankingApplicationTest" time="0.001"/>
  <testcase name="repetition 3482 of 5000" classname="com.mindhub.homebanking.HomebankingApplicationTest" time="0.001"/>
  <testcase name="repetition 3483 of 5000" classname="com.mindhub.homebanking.HomebankingApplicationTest" time="0.001"/>
  <testcase name="repetition 3484 of 5000" classname="com.mindhub.homebanking.HomebankingApplicationTest" time="0.0"/>
  <testcase name="repetition 3485 of 5000" classname="com.mindhub.homebanking.HomebankingApplicationTest" time="0.0"/>
  <testcase name="repetition 3486 of 5000" classname="com.mindhub.homebanking.HomebankingApplicationTest" time="0.0"/>
  <testcase name="repetition 3487 of 5000" classname="com.mindhub.homebanking.HomebankingApplicationTest" time="0.001"/>
  <testcase name="repetition 3488 of 5000" classname="com.mindhub.homebanking.HomebankingApplicationTest" time="0.0"/>
  <testcase name="repetition 3489 of 5000" classname="com.mindhub.homebanking.HomebankingApplicationTest" time="0.001"/>
  <testcase name="repetition 3490 of 5000" classname="com.mindhub.homebanking.HomebankingApplicationTest" time="0.0"/>
  <testcase name="repetition 3491 of 5000" classname="com.mindhub.homebanking.HomebankingApplicationTest" time="0.0"/>
  <testcase name="repetition 3492 of 5000" classname="com.mindhub.homebanking.HomebankingApplicationTest" time="0.001"/>
  <testcase name="repetition 3493 of 5000" classname="com.mindhub.homebanking.HomebankingApplicationTest" time="0.0"/>
  <testcase name="repetition 3494 of 5000" classname="com.mindhub.homebanking.HomebankingApplicationTest" time="0.001"/>
  <testcase name="repetition 3495 of 5000" classname="com.mindhub.homebanking.HomebankingApplicationTest" time="0.0"/>
  <testcase name="repetition 3496 of 5000" classname="com.mindhub.homebanking.HomebankingApplicationTest" time="0.001"/>
  <testcase name="repetition 3497 of 5000" classname="com.mindhub.homebanking.HomebankingApplicationTest" time="0.001"/>
  <testcase name="repetition 3498 of 5000" classname="com.mindhub.homebanking.HomebankingApplicationTest" time="0.001"/>
  <testcase name="repetition 3499 of 5000" classname="com.mindhub.homebanking.HomebankingApplicationTest" time="0.001"/>
  <testcase name="repetition 3500 of 5000" classname="com.mindhub.homebanking.HomebankingApplicationTest" time="0.0"/>
  <testcase name="repetition 3501 of 5000" classname="com.mindhub.homebanking.HomebankingApplicationTest" time="0.0"/>
  <testcase name="repetition 3502 of 5000" classname="com.mindhub.homebanking.HomebankingApplicationTest" time="0.001"/>
  <testcase name="repetition 3503 of 5000" classname="com.mindhub.homebanking.HomebankingApplicationTest" time="0.001"/>
  <testcase name="repetition 3504 of 5000" classname="com.mindhub.homebanking.HomebankingApplicationTest" time="0.0"/>
  <testcase name="repetition 3505 of 5000" classname="com.mindhub.homebanking.HomebankingApplicationTest" time="0.001"/>
  <testcase name="repetition 3506 of 5000" classname="com.mindhub.homebanking.HomebankingApplicationTest" time="0.0"/>
  <testcase name="repetition 3507 of 5000" classname="com.mindhub.homebanking.HomebankingApplicationTest" time="0.0"/>
  <testcase name="repetition 3508 of 5000" classname="com.mindhub.homebanking.HomebankingApplicationTest" time="0.001"/>
  <testcase name="repetition 3509 of 5000" classname="com.mindhub.homebanking.HomebankingApplicationTest" time="0.002"/>
  <testcase name="repetition 3510 of 5000" classname="com.mindhub.homebanking.HomebankingApplicationTest" time="0.002"/>
  <testcase name="repetition 3511 of 5000" classname="com.mindhub.homebanking.HomebankingApplicationTest" time="0.001"/>
  <testcase name="repetition 3512 of 5000" classname="com.mindhub.homebanking.HomebankingApplicationTest" time="0.0"/>
  <testcase name="repetition 3513 of 5000" classname="com.mindhub.homebanking.HomebankingApplicationTest" time="0.0"/>
  <testcase name="repetition 3514 of 5000" classname="com.mindhub.homebanking.HomebankingApplicationTest" time="0.001"/>
  <testcase name="repetition 3515 of 5000" classname="com.mindhub.homebanking.HomebankingApplicationTest" time="0.001"/>
  <testcase name="repetition 3516 of 5000" classname="com.mindhub.homebanking.HomebankingApplicationTest" time="0.0"/>
  <testcase name="repetition 3517 of 5000" classname="com.mindhub.homebanking.HomebankingApplicationTest" time="0.001"/>
  <testcase name="repetition 3518 of 5000" classname="com.mindhub.homebanking.HomebankingApplicationTest" time="0.0"/>
  <testcase name="repetition 3519 of 5000" classname="com.mindhub.homebanking.HomebankingApplicationTest" time="0.001"/>
  <testcase name="repetition 3520 of 5000" classname="com.mindhub.homebanking.HomebankingApplicationTest" time="0.0"/>
  <testcase name="repetition 3521 of 5000" classname="com.mindhub.homebanking.HomebankingApplicationTest" time="0.0"/>
  <testcase name="repetition 3522 of 5000" classname="com.mindhub.homebanking.HomebankingApplicationTest" time="0.0"/>
  <testcase name="repetition 3523 of 5000" classname="com.mindhub.homebanking.HomebankingApplicationTest" time="0.001"/>
  <testcase name="repetition 3524 of 5000" classname="com.mindhub.homebanking.HomebankingApplicationTest" time="0.0"/>
  <testcase name="repetition 3525 of 5000" classname="com.mindhub.homebanking.HomebankingApplicationTest" time="0.001"/>
  <testcase name="repetition 3526 of 5000" classname="com.mindhub.homebanking.HomebankingApplicationTest" time="0.0"/>
  <testcase name="repetition 3527 of 5000" classname="com.mindhub.homebanking.HomebankingApplicationTest" time="0.0"/>
  <testcase name="repetition 3528 of 5000" classname="com.mindhub.homebanking.HomebankingApplicationTest" time="0.0"/>
  <testcase name="repetition 3529 of 5000" classname="com.mindhub.homebanking.HomebankingApplicationTest" time="0.0"/>
  <testcase name="repetition 3530 of 5000" classname="com.mindhub.homebanking.HomebankingApplicationTest" time="0.001"/>
  <testcase name="repetition 3531 of 5000" classname="com.mindhub.homebanking.HomebankingApplicationTest" time="0.0"/>
  <testcase name="repetition 3532 of 5000" classname="com.mindhub.homebanking.HomebankingApplicationTest" time="0.0"/>
  <testcase name="repetition 3533 of 5000" classname="com.mindhub.homebanking.HomebankingApplicationTest" time="0.001"/>
  <testcase name="repetition 3534 of 5000" classname="com.mindhub.homebanking.HomebankingApplicationTest" time="0.0"/>
  <testcase name="repetition 3535 of 5000" classname="com.mindhub.homebanking.HomebankingApplicationTest" time="0.001"/>
  <testcase name="repetition 3536 of 5000" classname="com.mindhub.homebanking.HomebankingApplicationTest" time="0.0"/>
  <testcase name="repetition 3537 of 5000" classname="com.mindhub.homebanking.HomebankingApplicationTest" time="0.001"/>
  <testcase name="repetition 3538 of 5000" classname="com.mindhub.homebanking.HomebankingApplicationTest" time="0.0"/>
  <testcase name="repetition 3539 of 5000" classname="com.mindhub.homebanking.HomebankingApplicationTest" time="0.001"/>
  <testcase name="repetition 3540 of 5000" classname="com.mindhub.homebanking.HomebankingApplicationTest" time="0.0"/>
  <testcase name="repetition 3541 of 5000" classname="com.mindhub.homebanking.HomebankingApplicationTest" time="0.001"/>
  <testcase name="repetition 3542 of 5000" classname="com.mindhub.homebanking.HomebankingApplicationTest" time="0.0"/>
  <testcase name="repetition 3543 of 5000" classname="com.mindhub.homebanking.HomebankingApplicationTest" time="0.001"/>
  <testcase name="repetition 3544 of 5000" classname="com.mindhub.homebanking.HomebankingApplicationTest" time="0.0"/>
  <testcase name="repetition 3545 of 5000" classname="com.mindhub.homebanking.HomebankingApplicationTest" time="0.0"/>
  <testcase name="repetition 3546 of 5000" classname="com.mindhub.homebanking.HomebankingApplicationTest" time="0.001"/>
  <testcase name="repetition 3547 of 5000" classname="com.mindhub.homebanking.HomebankingApplicationTest" time="0.0"/>
  <testcase name="repetition 3548 of 5000" classname="com.mindhub.homebanking.HomebankingApplicationTest" time="0.001"/>
  <testcase name="repetition 3549 of 5000" classname="com.mindhub.homebanking.HomebankingApplicationTest" time="0.0"/>
  <testcase name="repetition 3550 of 5000" classname="com.mindhub.homebanking.HomebankingApplicationTest" time="0.0"/>
  <testcase name="repetition 3551 of 5000" classname="com.mindhub.homebanking.HomebankingApplicationTest" time="0.001"/>
  <testcase name="repetition 3552 of 5000" classname="com.mindhub.homebanking.HomebankingApplicationTest" time="0.0"/>
  <testcase name="repetition 3553 of 5000" classname="com.mindhub.homebanking.HomebankingApplicationTest" time="0.001"/>
  <testcase name="repetition 3554 of 5000" classname="com.mindhub.homebanking.HomebankingApplicationTest" time="0.0"/>
  <testcase name="repetition 3555 of 5000" classname="com.mindhub.homebanking.HomebankingApplicationTest" time="0.001"/>
  <testcase name="repetition 3556 of 5000" classname="com.mindhub.homebanking.HomebankingApplicationTest" time="0.0"/>
  <testcase name="repetition 3557 of 5000" classname="com.mindhub.homebanking.HomebankingApplicationTest" time="0.0"/>
  <testcase name="repetition 3558 of 5000" classname="com.mindhub.homebanking.HomebankingApplicationTest" time="0.001"/>
  <testcase name="repetition 3559 of 5000" classname="com.mindhub.homebanking.HomebankingApplicationTest" time="0.0"/>
  <testcase name="repetition 3560 of 5000" classname="com.mindhub.homebanking.HomebankingApplicationTest" time="0.001"/>
  <testcase name="repetition 3561 of 5000" classname="com.mindhub.homebanking.HomebankingApplicationTest" time="0.0"/>
  <testcase name="repetition 3562 of 5000" classname="com.mindhub.homebanking.HomebankingApplicationTest" time="0.0"/>
  <testcase name="repetition 3563 of 5000" classname="com.mindhub.homebanking.HomebankingApplicationTest" time="0.001"/>
  <testcase name="repetition 3564 of 5000" classname="com.mindhub.homebanking.HomebankingApplicationTest" time="0.0"/>
  <testcase name="repetition 3565 of 5000" classname="com.mindhub.homebanking.HomebankingApplicationTest" time="0.001"/>
  <testcase name="repetition 3566 of 5000" classname="com.mindhub.homebanking.HomebankingApplicationTest" time="0.0"/>
  <testcase name="repetition 3567 of 5000" classname="com.mindhub.homebanking.HomebankingApplicationTest" time="0.001"/>
  <testcase name="repetition 3568 of 5000" classname="com.mindhub.homebanking.HomebankingApplicationTest" time="0.001"/>
  <testcase name="repetition 3569 of 5000" classname="com.mindhub.homebanking.HomebankingApplicationTest" time="0.0"/>
  <testcase name="repetition 3570 of 5000" classname="com.mindhub.homebanking.HomebankingApplicationTest" time="0.001"/>
  <testcase name="repetition 3571 of 5000" classname="com.mindhub.homebanking.HomebankingApplicationTest" time="0.0"/>
  <testcase name="repetition 3572 of 5000" classname="com.mindhub.homebanking.HomebankingApplicationTest" time="0.001"/>
  <testcase name="repetition 3573 of 5000" classname="com.mindhub.homebanking.HomebankingApplicationTest" time="0.001"/>
  <testcase name="repetition 3574 of 5000" classname="com.mindhub.homebanking.HomebankingApplicationTest" time="0.0"/>
  <testcase name="repetition 3575 of 5000" classname="com.mindhub.homebanking.HomebankingApplicationTest" time="0.0"/>
  <testcase name="repetition 3576 of 5000" classname="com.mindhub.homebanking.HomebankingApplicationTest" time="0.001"/>
  <testcase name="repetition 3577 of 5000" classname="com.mindhub.homebanking.HomebankingApplicationTest" time="0.0"/>
  <testcase name="repetition 3578 of 5000" classname="com.mindhub.homebanking.HomebankingApplicationTest" time="0.001"/>
  <testcase name="repetition 3579 of 5000" classname="com.mindhub.homebanking.HomebankingApplicationTest" time="0.001"/>
  <testcase name="repetition 3580 of 5000" classname="com.mindhub.homebanking.HomebankingApplicationTest" time="0.0"/>
  <testcase name="repetition 3581 of 5000" classname="com.mindhub.homebanking.HomebankingApplicationTest" time="0.0"/>
  <testcase name="repetition 3582 of 5000" classname="com.mindhub.homebanking.HomebankingApplicationTest" time="0.001"/>
  <testcase name="repetition 3583 of 5000" classname="com.mindhub.homebanking.HomebankingApplicationTest" time="0.0"/>
  <testcase name="repetition 3584 of 5000" classname="com.mindhub.homebanking.HomebankingApplicationTest" time="0.0"/>
  <testcase name="repetition 3585 of 5000" classname="com.mindhub.homebanking.HomebankingApplicationTest" time="0.0"/>
  <testcase name="repetition 3586 of 5000" classname="com.mindhub.homebanking.HomebankingApplicationTest" time="0.0"/>
  <testcase name="repetition 3587 of 5000" classname="com.mindhub.homebanking.HomebankingApplicationTest" time="0.001"/>
  <testcase name="repetition 3588 of 5000" classname="com.mindhub.homebanking.HomebankingApplicationTest" time="0.0"/>
  <testcase name="repetition 3589 of 5000" classname="com.mindhub.homebanking.HomebankingApplicationTest" time="0.001"/>
  <testcase name="repetition 3590 of 5000" classname="com.mindhub.homebanking.HomebankingApplicationTest" time="0.0"/>
  <testcase name="repetition 3591 of 5000" classname="com.mindhub.homebanking.HomebankingApplicationTest" time="0.001"/>
  <testcase name="repetition 3592 of 5000" classname="com.mindhub.homebanking.HomebankingApplicationTest" time="0.0"/>
  <testcase name="repetition 3593 of 5000" classname="com.mindhub.homebanking.HomebankingApplicationTest" time="0.0"/>
  <testcase name="repetition 3594 of 5000" classname="com.mindhub.homebanking.HomebankingApplicationTest" time="0.001"/>
  <testcase name="repetition 3595 of 5000" classname="com.mindhub.homebanking.HomebankingApplicationTest" time="0.0"/>
  <testcase name="repetition 3596 of 5000" classname="com.mindhub.homebanking.HomebankingApplicationTest" time="0.001"/>
  <testcase name="repetition 3597 of 5000" classname="com.mindhub.homebanking.HomebankingApplicationTest" time="0.0"/>
  <testcase name="repetition 3598 of 5000" classname="com.mindhub.homebanking.HomebankingApplicationTest" time="0.0"/>
  <testcase name="repetition 3599 of 5000" classname="com.mindhub.homebanking.HomebankingApplicationTest" time="0.001"/>
  <testcase name="repetition 3600 of 5000" classname="com.mindhub.homebanking.HomebankingApplicationTest" time="0.0"/>
  <testcase name="repetition 3601 of 5000" classname="com.mindhub.homebanking.HomebankingApplicationTest" time="0.001"/>
  <testcase name="repetition 3602 of 5000" classname="com.mindhub.homebanking.HomebankingApplicationTest" time="0.0"/>
  <testcase name="repetition 3603 of 5000" classname="com.mindhub.homebanking.HomebankingApplicationTest" time="0.001"/>
  <testcase name="repetition 3604 of 5000" classname="com.mindhub.homebanking.HomebankingApplicationTest" time="0.0"/>
  <testcase name="repetition 3605 of 5000" classname="com.mindhub.homebanking.HomebankingApplicationTest" time="0.0"/>
  <testcase name="repetition 3606 of 5000" classname="com.mindhub.homebanking.HomebankingApplicationTest" time="0.0"/>
  <testcase name="repetition 3607 of 5000" classname="com.mindhub.homebanking.HomebankingApplicationTest" time="0.0"/>
  <testcase name="repetition 3608 of 5000" classname="com.mindhub.homebanking.HomebankingApplicationTest" time="0.001"/>
  <testcase name="repetition 3609 of 5000" classname="com.mindhub.homebanking.HomebankingApplicationTest" time="0.0"/>
  <testcase name="repetition 3610 of 5000" classname="com.mindhub.homebanking.HomebankingApplicationTest" time="0.001"/>
  <testcase name="repetition 3611 of 5000" classname="com.mindhub.homebanking.HomebankingApplicationTest" time="0.0"/>
  <testcase name="repetition 3612 of 5000" classname="com.mindhub.homebanking.HomebankingApplicationTest" time="0.001"/>
  <testcase name="repetition 3613 of 5000" classname="com.mindhub.homebanking.HomebankingApplicationTest" time="0.001"/>
  <testcase name="repetition 3614 of 5000" classname="com.mindhub.homebanking.HomebankingApplicationTest" time="0.001"/>
  <testcase name="repetition 3615 of 5000" classname="com.mindhub.homebanking.HomebankingApplicationTest" time="0.001"/>
  <testcase name="repetition 3616 of 5000" classname="com.mindhub.homebanking.HomebankingApplicationTest" time="0.0"/>
  <testcase name="repetition 3617 of 5000" classname="com.mindhub.homebanking.HomebankingApplicationTest" time="0.0"/>
  <testcase name="repetition 3618 of 5000" classname="com.mindhub.homebanking.HomebankingApplicationTest" time="0.001"/>
  <testcase name="repetition 3619 of 5000" classname="com.mindhub.homebanking.HomebankingApplicationTest" time="0.001"/>
  <testcase name="repetition 3620 of 5000" classname="com.mindhub.homebanking.HomebankingApplicationTest" time="0.001"/>
  <testcase name="repetition 3621 of 5000" classname="com.mindhub.homebanking.HomebankingApplicationTest" time="0.0"/>
  <testcase name="repetition 3622 of 5000" classname="com.mindhub.homebanking.HomebankingApplicationTest" time="0.001"/>
  <testcase name="repetition 3623 of 5000" classname="com.mindhub.homebanking.HomebankingApplicationTest" time="0.001"/>
  <testcase name="repetition 3624 of 5000" classname="com.mindhub.homebanking.HomebankingApplicationTest" time="0.0"/>
  <testcase name="repetition 3625 of 5000" classname="com.mindhub.homebanking.HomebankingApplicationTest" time="0.001"/>
  <testcase name="repetition 3626 of 5000" classname="com.mindhub.homebanking.HomebankingApplicationTest" time="0.0"/>
  <testcase name="repetition 3627 of 5000" classname="com.mindhub.homebanking.HomebankingApplicationTest" time="0.001"/>
  <testcase name="repetition 3628 of 5000" classname="com.mindhub.homebanking.HomebankingApplicationTest" time="0.0"/>
  <testcase name="repetition 3629 of 5000" classname="com.mindhub.homebanking.HomebankingApplicationTest" time="0.001"/>
  <testcase name="repetition 3630 of 5000" classname="com.mindhub.homebanking.HomebankingApplicationTest" time="0.0"/>
  <testcase name="repetition 3631 of 5000" classname="com.mindhub.homebanking.HomebankingApplicationTest" time="0.001"/>
  <testcase name="repetition 3632 of 5000" classname="com.mindhub.homebanking.HomebankingApplicationTest" time="0.0"/>
  <testcase name="repetition 3633 of 5000" classname="com.mindhub.homebanking.HomebankingApplicationTest" time="0.001"/>
  <testcase name="repetition 3634 of 5000" classname="com.mindhub.homebanking.HomebankingApplicationTest" time="0.002"/>
  <testcase name="repetition 3635 of 5000" classname="com.mindhub.homebanking.HomebankingApplicationTest" time="0.001"/>
  <testcase name="repetition 3636 of 5000" classname="com.mindhub.homebanking.HomebankingApplicationTest" time="0.0"/>
  <testcase name="repetition 3637 of 5000" classname="com.mindhub.homebanking.HomebankingApplicationTest" time="0.001"/>
  <testcase name="repetition 3638 of 5000" classname="com.mindhub.homebanking.HomebankingApplicationTest" time="0.001"/>
  <testcase name="repetition 3639 of 5000" classname="com.mindhub.homebanking.HomebankingApplicationTest" time="0.0"/>
  <testcase name="repetition 3640 of 5000" classname="com.mindhub.homebanking.HomebankingApplicationTest" time="0.001"/>
  <testcase name="repetition 3641 of 5000" classname="com.mindhub.homebanking.HomebankingApplicationTest" time="0.001"/>
  <testcase name="repetition 3642 of 5000" classname="com.mindhub.homebanking.HomebankingApplicationTest" time="0.001"/>
  <testcase name="repetition 3643 of 5000" classname="com.mindhub.homebanking.HomebankingApplicationTest" time="0.0"/>
  <testcase name="repetition 3644 of 5000" classname="com.mindhub.homebanking.HomebankingApplicationTest" time="0.001"/>
  <testcase name="repetition 3645 of 5000" classname="com.mindhub.homebanking.HomebankingApplicationTest" time="0.0"/>
  <testcase name="repetition 3646 of 5000" classname="com.mindhub.homebanking.HomebankingApplicationTest" time="0.001"/>
  <testcase name="repetition 3647 of 5000" classname="com.mindhub.homebanking.HomebankingApplicationTest" time="0.0"/>
  <testcase name="repetition 3648 of 5000" classname="com.mindhub.homebanking.HomebankingApplicationTest" time="0.001"/>
  <testcase name="repetition 3649 of 5000" classname="com.mindhub.homebanking.HomebankingApplicationTest" time="0.0"/>
  <testcase name="repetition 3650 of 5000" classname="com.mindhub.homebanking.HomebankingApplicationTest" time="0.001"/>
  <testcase name="repetition 3651 of 5000" classname="com.mindhub.homebanking.HomebankingApplicationTest" time="0.0"/>
  <testcase name="repetition 3652 of 5000" classname="com.mindhub.homebanking.HomebankingApplicationTest" time="0.0"/>
  <testcase name="repetition 3653 of 5000" classname="com.mindhub.homebanking.HomebankingApplicationTest" time="0.001"/>
  <testcase name="repetition 3654 of 5000" classname="com.mindhub.homebanking.HomebankingApplicationTest" time="0.0"/>
  <testcase name="repetition 3655 of 5000" classname="com.mindhub.homebanking.HomebankingApplicationTest" time="0.001"/>
  <testcase name="repetition 3656 of 5000" classname="com.mindhub.homebanking.HomebankingApplicationTest" time="0.0"/>
  <testcase name="repetition 3657 of 5000" classname="com.mindhub.homebanking.HomebankingApplicationTest" time="0.001"/>
  <testcase name="repetition 3658 of 5000" classname="com.mindhub.homebanking.HomebankingApplicationTest" time="0.0"/>
  <testcase name="repetition 3659 of 5000" classname="com.mindhub.homebanking.HomebankingApplicationTest" time="0.001"/>
  <testcase name="repetition 3660 of 5000" classname="com.mindhub.homebanking.HomebankingApplicationTest" time="0.0"/>
  <testcase name="repetition 3661 of 5000" classname="com.mindhub.homebanking.HomebankingApplicationTest" time="0.0"/>
  <testcase name="repetition 3662 of 5000" classname="com.mindhub.homebanking.HomebankingApplicationTest" time="0.0"/>
  <testcase name="repetition 3663 of 5000" classname="com.mindhub.homebanking.HomebankingApplicationTest" time="0.001"/>
  <testcase name="repetition 3664 of 5000" classname="com.mindhub.homebanking.HomebankingApplicationTest" time="0.0"/>
  <testcase name="repetition 3665 of 5000" classname="com.mindhub.homebanking.HomebankingApplicationTest" time="0.001"/>
  <testcase name="repetition 3666 of 5000" classname="com.mindhub.homebanking.HomebankingApplicationTest" time="0.0"/>
  <testcase name="repetition 3667 of 5000" classname="com.mindhub.homebanking.HomebankingApplicationTest" time="0.0"/>
  <testcase name="repetition 3668 of 5000" classname="com.mindhub.homebanking.HomebankingApplicationTest" time="0.001"/>
  <testcase name="repetition 3669 of 5000" classname="com.mindhub.homebanking.HomebankingApplicationTest" time="0.0"/>
  <testcase name="repetition 3670 of 5000" classname="com.mindhub.homebanking.HomebankingApplicationTest" time="0.001"/>
  <testcase name="repetition 3671 of 5000" classname="com.mindhub.homebanking.HomebankingApplicationTest" time="0.0"/>
  <testcase name="repetition 3672 of 5000" classname="com.mindhub.homebanking.HomebankingApplicationTest" time="0.001"/>
  <testcase name="repetition 3673 of 5000" classname="com.mindhub.homebanking.HomebankingApplicationTest" time="0.0"/>
  <testcase name="repetition 3674 of 5000" classname="com.mindhub.homebanking.HomebankingApplicationTest" time="0.001"/>
  <testcase name="repetition 3675 of 5000" classname="com.mindhub.homebanking.HomebankingApplicationTest" time="0.0"/>
  <testcase name="repetition 3676 of 5000" classname="com.mindhub.homebanking.HomebankingApplicationTest" time="0.0"/>
  <testcase name="repetition 3677 of 5000" classname="com.mindhub.homebanking.HomebankingApplicationTest" time="0.001"/>
  <testcase name="repetition 3678 of 5000" classname="com.mindhub.homebanking.HomebankingApplicationTest" time="0.0"/>
  <testcase name="repetition 3679 of 5000" classname="com.mindhub.homebanking.HomebankingApplicationTest" time="0.0"/>
  <testcase name="repetition 3680 of 5000" classname="com.mindhub.homebanking.HomebankingApplicationTest" time="0.001"/>
  <testcase name="repetition 3681 of 5000" classname="com.mindhub.homebanking.HomebankingApplicationTest" time="0.0"/>
  <testcase name="repetition 3682 of 5000" classname="com.mindhub.homebanking.HomebankingApplicationTest" time="0.001"/>
  <testcase name="repetition 3683 of 5000" classname="com.mindhub.homebanking.HomebankingApplicationTest" time="0.0"/>
  <testcase name="repetition 3684 of 5000" classname="com.mindhub.homebanking.HomebankingApplicationTest" time="0.001"/>
  <testcase name="repetition 3685 of 5000" classname="com.mindhub.homebanking.HomebankingApplicationTest" time="0.0"/>
  <testcase name="repetition 3686 of 5000" classname="com.mindhub.homebanking.HomebankingApplicationTest" time="0.001"/>
  <testcase name="repetition 3687 of 5000" classname="com.mindhub.homebanking.HomebankingApplicationTest" time="0.0"/>
  <testcase name="repetition 3688 of 5000" classname="com.mindhub.homebanking.HomebankingApplicationTest" time="0.001"/>
  <testcase name="repetition 3689 of 5000" classname="com.mindhub.homebanking.HomebankingApplicationTest" time="0.0"/>
  <testcase name="repetition 3690 of 5000" classname="com.mindhub.homebanking.HomebankingApplicationTest" time="0.0"/>
  <testcase name="repetition 3691 of 5000" classname="com.mindhub.homebanking.HomebankingApplicationTest" time="0.001"/>
  <testcase name="repetition 3692 of 5000" classname="com.mindhub.homebanking.HomebankingApplicationTest" time="0.0"/>
  <testcase name="repetition 3693 of 5000" classname="com.mindhub.homebanking.HomebankingApplicationTest" time="0.001"/>
  <testcase name="repetition 3694 of 5000" classname="com.mindhub.homebanking.HomebankingApplicationTest" time="0.0"/>
  <testcase name="repetition 3695 of 5000" classname="com.mindhub.homebanking.HomebankingApplicationTest" time="0.0"/>
  <testcase name="repetition 3696 of 5000" classname="com.mindhub.homebanking.HomebankingApplicationTest" time="0.001"/>
  <testcase name="repetition 3697 of 5000" classname="com.mindhub.homebanking.HomebankingApplicationTest" time="0.0"/>
  <testcase name="repetition 3698 of 5000" classname="com.mindhub.homebanking.HomebankingApplicationTest" time="0.0"/>
  <testcase name="repetition 3699 of 5000" classname="com.mindhub.homebanking.HomebankingApplicationTest" time="0.0"/>
  <testcase name="repetition 3700 of 5000" classname="com.mindhub.homebanking.HomebankingApplicationTest" time="0.001"/>
  <testcase name="repetition 3701 of 5000" classname="com.mindhub.homebanking.HomebankingApplicationTest" time="0.001"/>
  <testcase name="repetition 3702 of 5000" classname="com.mindhub.homebanking.HomebankingApplicationTest" time="0.0"/>
  <testcase name="repetition 3703 of 5000" classname="com.mindhub.homebanking.HomebankingApplicationTest" time="0.001"/>
  <testcase name="repetition 3704 of 5000" classname="com.mindhub.homebanking.HomebankingApplicationTest" time="0.001"/>
  <testcase name="repetition 3705 of 5000" classname="com.mindhub.homebanking.HomebankingApplicationTest" time="0.001"/>
  <testcase name="repetition 3706 of 5000" classname="com.mindhub.homebanking.HomebankingApplicationTest" time="0.001"/>
  <testcase name="repetition 3707 of 5000" classname="com.mindhub.homebanking.HomebankingApplicationTest" time="0.001"/>
  <testcase name="repetition 3708 of 5000" classname="com.mindhub.homebanking.HomebankingApplicationTest" time="0.001"/>
  <testcase name="repetition 3709 of 5000" classname="com.mindhub.homebanking.HomebankingApplicationTest" time="0.001"/>
  <testcase name="repetition 3710 of 5000" classname="com.mindhub.homebanking.HomebankingApplicationTest" time="0.001"/>
  <testcase name="repetition 3711 of 5000" classname="com.mindhub.homebanking.HomebankingApplicationTest" time="0.001"/>
  <testcase name="repetition 3712 of 5000" classname="com.mindhub.homebanking.HomebankingApplicationTest" time="0.001"/>
  <testcase name="repetition 3713 of 5000" classname="com.mindhub.homebanking.HomebankingApplicationTest" time="0.0"/>
  <testcase name="repetition 3714 of 5000" classname="com.mindhub.homebanking.HomebankingApplicationTest" time="0.001"/>
  <testcase name="repetition 3715 of 5000" classname="com.mindhub.homebanking.HomebankingApplicationTest" time="0.0"/>
  <testcase name="repetition 3716 of 5000" classname="com.mindhub.homebanking.HomebankingApplicationTest" time="0.001"/>
  <testcase name="repetition 3717 of 5000" classname="com.mindhub.homebanking.HomebankingApplicationTest" time="0.001"/>
  <testcase name="repetition 3718 of 5000" classname="com.mindhub.homebanking.HomebankingApplicationTest" time="0.0"/>
  <testcase name="repetition 3719 of 5000" classname="com.mindhub.homebanking.HomebankingApplicationTest" time="0.0"/>
  <testcase name="repetition 3720 of 5000" classname="com.mindhub.homebanking.HomebankingApplicationTest" time="0.001"/>
  <testcase name="repetition 3721 of 5000" classname="com.mindhub.homebanking.HomebankingApplicationTest" time="0.0"/>
  <testcase name="repetition 3722 of 5000" classname="com.mindhub.homebanking.HomebankingApplicationTest" time="0.001"/>
  <testcase name="repetition 3723 of 5000" classname="com.mindhub.homebanking.HomebankingApplicationTest" time="0.001"/>
  <testcase name="repetition 3724 of 5000" classname="com.mindhub.homebanking.HomebankingApplicationTest" time="0.0"/>
  <testcase name="repetition 3725 of 5000" classname="com.mindhub.homebanking.HomebankingApplicationTest" time="0.001"/>
  <testcase name="repetition 3726 of 5000" classname="com.mindhub.homebanking.HomebankingApplicationTest" time="0.0"/>
  <testcase name="repetition 3727 of 5000" classname="com.mindhub.homebanking.HomebankingApplicationTest" time="0.0"/>
  <testcase name="repetition 3728 of 5000" classname="com.mindhub.homebanking.HomebankingApplicationTest" time="0.001"/>
  <testcase name="repetition 3729 of 5000" classname="com.mindhub.homebanking.HomebankingApplicationTest" time="0.0"/>
  <testcase name="repetition 3730 of 5000" classname="com.mindhub.homebanking.HomebankingApplicationTest" time="0.001"/>
  <testcase name="repetition 3731 of 5000" classname="com.mindhub.homebanking.HomebankingApplicationTest" time="0.001"/>
  <testcase name="repetition 3732 of 5000" classname="com.mindhub.homebanking.HomebankingApplicationTest" time="0.0"/>
  <testcase name="repetition 3733 of 5000" classname="com.mindhub.homebanking.HomebankingApplicationTest" time="0.001"/>
  <testcase name="repetition 3734 of 5000" classname="com.mindhub.homebanking.HomebankingApplicationTest" time="0.002"/>
  <testcase name="repetition 3735 of 5000" classname="com.mindhub.homebanking.HomebankingApplicationTest" time="0.0"/>
  <testcase name="repetition 3736 of 5000" classname="com.mindhub.homebanking.HomebankingApplicationTest" time="0.001"/>
  <testcase name="repetition 3737 of 5000" classname="com.mindhub.homebanking.HomebankingApplicationTest" time="0.0"/>
  <testcase name="repetition 3738 of 5000" classname="com.mindhub.homebanking.HomebankingApplicationTest" time="0.001"/>
  <testcase name="repetition 3739 of 5000" classname="com.mindhub.homebanking.HomebankingApplicationTest" time="0.0"/>
  <testcase name="repetition 3740 of 5000" classname="com.mindhub.homebanking.HomebankingApplicationTest" time="0.001"/>
  <testcase name="repetition 3741 of 5000" classname="com.mindhub.homebanking.HomebankingApplicationTest" time="0.0"/>
  <testcase name="repetition 3742 of 5000" classname="com.mindhub.homebanking.HomebankingApplicationTest" time="0.001"/>
  <testcase name="repetition 3743 of 5000" classname="com.mindhub.homebanking.HomebankingApplicationTest" time="0.001"/>
  <testcase name="repetition 3744 of 5000" classname="com.mindhub.homebanking.HomebankingApplicationTest" time="0.001"/>
  <testcase name="repetition 3745 of 5000" classname="com.mindhub.homebanking.HomebankingApplicationTest" time="0.001"/>
  <testcase name="repetition 3746 of 5000" classname="com.mindhub.homebanking.HomebankingApplicationTest" time="0.0"/>
  <testcase name="repetition 3747 of 5000" classname="com.mindhub.homebanking.HomebankingApplicationTest" time="0.0"/>
  <testcase name="repetition 3748 of 5000" classname="com.mindhub.homebanking.HomebankingApplicationTest" time="0.001"/>
  <testcase name="repetition 3749 of 5000" classname="com.mindhub.homebanking.HomebankingApplicationTest" time="0.001"/>
  <testcase name="repetition 3750 of 5000" classname="com.mindhub.homebanking.HomebankingApplicationTest" time="0.0"/>
  <testcase name="repetition 3751 of 5000" classname="com.mindhub.homebanking.HomebankingApplicationTest" time="0.001"/>
  <testcase name="repetition 3752 of 5000" classname="com.mindhub.homebanking.HomebankingApplicationTest" time="0.0"/>
  <testcase name="repetition 3753 of 5000" classname="com.mindhub.homebanking.HomebankingApplicationTest" time="0.001"/>
  <testcase name="repetition 3754 of 5000" classname="com.mindhub.homebanking.HomebankingApplicationTest" time="0.0"/>
  <testcase name="repetition 3755 of 5000" classname="com.mindhub.homebanking.HomebankingApplicationTest" time="0.001"/>
  <testcase name="repetition 3756 of 5000" classname="com.mindhub.homebanking.HomebankingApplicationTest" time="0.0"/>
  <testcase name="repetition 3757 of 5000" classname="com.mindhub.homebanking.HomebankingApplicationTest" time="0.001"/>
  <testcase name="repetition 3758 of 5000" classname="com.mindhub.homebanking.HomebankingApplicationTest" time="0.0"/>
  <testcase name="repetition 3759 of 5000" classname="com.mindhub.homebanking.HomebankingApplicationTest" time="0.0"/>
  <testcase name="repetition 3760 of 5000" classname="com.mindhub.homebanking.HomebankingApplicationTest" time="0.001"/>
  <testcase name="repetition 3761 of 5000" classname="com.mindhub.homebanking.HomebankingApplicationTest" time="0.0"/>
  <testcase name="repetition 3762 of 5000" classname="com.mindhub.homebanking.HomebankingApplicationTest" time="0.001"/>
  <testcase name="repetition 3763 of 5000" classname="com.mindhub.homebanking.HomebankingApplicationTest" time="0.0"/>
  <testcase name="repetition 3764 of 5000" classname="com.mindhub.homebanking.HomebankingApplicationTest" time="0.001"/>
  <testcase name="repetition 3765 of 5000" classname="com.mindhub.homebanking.HomebankingApplicationTest" time="0.0"/>
  <testcase name="repetition 3766 of 5000" classname="com.mindhub.homebanking.HomebankingApplicationTest" time="0.001"/>
  <testcase name="repetition 3767 of 5000" classname="com.mindhub.homebanking.HomebankingApplicationTest" time="0.0"/>
  <testcase name="repetition 3768 of 5000" classname="com.mindhub.homebanking.HomebankingApplicationTest" time="0.001"/>
  <testcase name="repetition 3769 of 5000" classname="com.mindhub.homebanking.HomebankingApplicationTest" time="0.0"/>
  <testcase name="repetition 3770 of 5000" classname="com.mindhub.homebanking.HomebankingApplicationTest" time="0.001"/>
  <testcase name="repetition 3771 of 5000" classname="com.mindhub.homebanking.HomebankingApplicationTest" time="0.0"/>
  <testcase name="repetition 3772 of 5000" classname="com.mindhub.homebanking.HomebankingApplicationTest" time="0.001"/>
  <testcase name="repetition 3773 of 5000" classname="com.mindhub.homebanking.HomebankingApplicationTest" time="0.0"/>
  <testcase name="repetition 3774 of 5000" classname="com.mindhub.homebanking.HomebankingApplicationTest" time="0.0"/>
  <testcase name="repetition 3775 of 5000" classname="com.mindhub.homebanking.HomebankingApplicationTest" time="0.001"/>
  <testcase name="repetition 3776 of 5000" classname="com.mindhub.homebanking.HomebankingApplicationTest" time="0.0"/>
  <testcase name="repetition 3777 of 5000" classname="com.mindhub.homebanking.HomebankingApplicationTest" time="0.001"/>
  <testcase name="repetition 3778 of 5000" classname="com.mindhub.homebanking.HomebankingApplicationTest" time="0.0"/>
  <testcase name="repetition 3779 of 5000" classname="com.mindhub.homebanking.HomebankingApplicationTest" time="0.001"/>
  <testcase name="repetition 3780 of 5000" classname="com.mindhub.homebanking.HomebankingApplicationTest" time="0.0"/>
  <testcase name="repetition 3781 of 5000" classname="com.mindhub.homebanking.HomebankingApplicationTest" time="0.001"/>
  <testcase name="repetition 3782 of 5000" classname="com.mindhub.homebanking.HomebankingApplicationTest" time="0.0"/>
  <testcase name="repetition 3783 of 5000" classname="com.mindhub.homebanking.HomebankingApplicationTest" time="0.001"/>
  <testcase name="repetition 3784 of 5000" classname="com.mindhub.homebanking.HomebankingApplicationTest" time="0.0"/>
  <testcase name="repetition 3785 of 5000" classname="com.mindhub.homebanking.HomebankingApplicationTest" time="0.001"/>
  <testcase name="repetition 3786 of 5000" classname="com.mindhub.homebanking.HomebankingApplicationTest" time="0.0"/>
  <testcase name="repetition 3787 of 5000" classname="com.mindhub.homebanking.HomebankingApplicationTest" time="0.0"/>
  <testcase name="repetition 3788 of 5000" classname="com.mindhub.homebanking.HomebankingApplicationTest" time="0.0"/>
  <testcase name="repetition 3789 of 5000" classname="com.mindhub.homebanking.HomebankingApplicationTest" time="0.001"/>
  <testcase name="repetition 3790 of 5000" classname="com.mindhub.homebanking.HomebankingApplicationTest" time="0.0"/>
  <testcase name="repetition 3791 of 5000" classname="com.mindhub.homebanking.HomebankingApplicationTest" time="0.001"/>
  <testcase name="repetition 3792 of 5000" classname="com.mindhub.homebanking.HomebankingApplicationTest" time="0.0"/>
  <testcase name="repetition 3793 of 5000" classname="com.mindhub.homebanking.HomebankingApplicationTest" time="0.001"/>
  <testcase name="repetition 3794 of 5000" classname="com.mindhub.homebanking.HomebankingApplicationTest" time="0.001"/>
  <testcase name="repetition 3795 of 5000" classname="com.mindhub.homebanking.HomebankingApplicationTest" time="0.001"/>
  <testcase name="repetition 3796 of 5000" classname="com.mindhub.homebanking.HomebankingApplicationTest" time="0.0"/>
  <testcase name="repetition 3797 of 5000" classname="com.mindhub.homebanking.HomebankingApplicationTest" time="0.001"/>
  <testcase name="repetition 3798 of 5000" classname="com.mindhub.homebanking.HomebankingApplicationTest" time="0.0"/>
  <testcase name="repetition 3799 of 5000" classname="com.mindhub.homebanking.HomebankingApplicationTest" time="0.001"/>
  <testcase name="repetition 3800 of 5000" classname="com.mindhub.homebanking.HomebankingApplicationTest" time="0.0"/>
  <testcase name="repetition 3801 of 5000" classname="com.mindhub.homebanking.HomebankingApplicationTest" time="0.0"/>
  <testcase name="repetition 3802 of 5000" classname="com.mindhub.homebanking.HomebankingApplicationTest" time="0.0"/>
  <testcase name="repetition 3803 of 5000" classname="com.mindhub.homebanking.HomebankingApplicationTest" time="0.0"/>
  <testcase name="repetition 3804 of 5000" classname="com.mindhub.homebanking.HomebankingApplicationTest" time="0.001"/>
  <testcase name="repetition 3805 of 5000" classname="com.mindhub.homebanking.HomebankingApplicationTest" time="0.001"/>
  <testcase name="repetition 3806 of 5000" classname="com.mindhub.homebanking.HomebankingApplicationTest" time="0.0"/>
  <testcase name="repetition 3807 of 5000" classname="com.mindhub.homebanking.HomebankingApplicationTest" time="0.001"/>
  <testcase name="repetition 3808 of 5000" classname="com.mindhub.homebanking.HomebankingApplicationTest" time="0.0"/>
  <testcase name="repetition 3809 of 5000" classname="com.mindhub.homebanking.HomebankingApplicationTest" time="0.001"/>
  <testcase name="repetition 3810 of 5000" classname="com.mindhub.homebanking.HomebankingApplicationTest" time="0.001"/>
  <testcase name="repetition 3811 of 5000" classname="com.mindhub.homebanking.HomebankingApplicationTest" time="0.001"/>
  <testcase name="repetition 3812 of 5000" classname="com.mindhub.homebanking.HomebankingApplicationTest" time="0.0"/>
  <testcase name="repetition 3813 of 5000" classname="com.mindhub.homebanking.HomebankingApplicationTest" time="0.001"/>
  <testcase name="repetition 3814 of 5000" classname="com.mindhub.homebanking.HomebankingApplicationTest" time="0.001"/>
  <testcase name="repetition 3815 of 5000" classname="com.mindhub.homebanking.HomebankingApplicationTest" time="0.0"/>
  <testcase name="repetition 3816 of 5000" classname="com.mindhub.homebanking.HomebankingApplicationTest" time="0.001"/>
  <testcase name="repetition 3817 of 5000" classname="com.mindhub.homebanking.HomebankingApplicationTest" time="0.0"/>
  <testcase name="repetition 3818 of 5000" classname="com.mindhub.homebanking.HomebankingApplicationTest" time="0.0"/>
  <testcase name="repetition 3819 of 5000" classname="com.mindhub.homebanking.HomebankingApplicationTest" time="0.001"/>
  <testcase name="repetition 3820 of 5000" classname="com.mindhub.homebanking.HomebankingApplicationTest" time="0.0"/>
  <testcase name="repetition 3821 of 5000" classname="com.mindhub.homebanking.HomebankingApplicationTest" time="0.001"/>
  <testcase name="repetition 3822 of 5000" classname="com.mindhub.homebanking.HomebankingApplicationTest" time="0.001"/>
  <testcase name="repetition 3823 of 5000" classname="com.mindhub.homebanking.HomebankingApplicationTest" time="0.0"/>
  <testcase name="repetition 3824 of 5000" classname="com.mindhub.homebanking.HomebankingApplicationTest" time="0.001"/>
  <testcase name="repetition 3825 of 5000" classname="com.mindhub.homebanking.HomebankingApplicationTest" time="0.0"/>
  <testcase name="repetition 3826 of 5000" classname="com.mindhub.homebanking.HomebankingApplicationTest" time="0.0"/>
  <testcase name="repetition 3827 of 5000" classname="com.mindhub.homebanking.HomebankingApplicationTest" time="0.001"/>
  <testcase name="repetition 3828 of 5000" classname="com.mindhub.homebanking.HomebankingApplicationTest" time="0.0"/>
  <testcase name="repetition 3829 of 5000" classname="com.mindhub.homebanking.HomebankingApplicationTest" time="0.0"/>
  <testcase name="repetition 3830 of 5000" classname="com.mindhub.homebanking.HomebankingApplicationTest" time="0.0"/>
  <testcase name="repetition 3831 of 5000" classname="com.mindhub.homebanking.HomebankingApplicationTest" time="0.001"/>
  <testcase name="repetition 3832 of 5000" classname="com.mindhub.homebanking.HomebankingApplicationTest" time="0.0"/>
  <testcase name="repetition 3833 of 5000" classname="com.mindhub.homebanking.HomebankingApplicationTest" time="0.001"/>
  <testcase name="repetition 3834 of 5000" classname="com.mindhub.homebanking.HomebankingApplicationTest" time="0.0"/>
  <testcase name="repetition 3835 of 5000" classname="com.mindhub.homebanking.HomebankingApplicationTest" time="0.001"/>
  <testcase name="repetition 3836 of 5000" classname="com.mindhub.homebanking.HomebankingApplicationTest" time="0.0"/>
  <testcase name="repetition 3837 of 5000" classname="com.mindhub.homebanking.HomebankingApplicationTest" time="0.001"/>
  <testcase name="repetition 3838 of 5000" classname="com.mindhub.homebanking.HomebankingApplicationTest" time="0.0"/>
  <testcase name="repetition 3839 of 5000" classname="com.mindhub.homebanking.HomebankingApplicationTest" time="0.0"/>
  <testcase name="repetition 3840 of 5000" classname="com.mindhub.homebanking.HomebankingApplicationTest" time="0.0"/>
  <testcase name="repetition 3841 of 5000" classname="com.mindhub.homebanking.HomebankingApplicationTest" time="0.0"/>
  <testcase name="repetition 3842 of 5000" classname="com.mindhub.homebanking.HomebankingApplicationTest" time="0.001"/>
  <testcase name="repetition 3843 of 5000" classname="com.mindhub.homebanking.HomebankingApplicationTest" time="0.0"/>
  <testcase name="repetition 3844 of 5000" classname="com.mindhub.homebanking.HomebankingApplicationTest" time="0.001"/>
  <testcase name="repetition 3845 of 5000" classname="com.mindhub.homebanking.HomebankingApplicationTest" time="0.0"/>
  <testcase name="repetition 3846 of 5000" classname="com.mindhub.homebanking.HomebankingApplicationTest" time="0.0"/>
  <testcase name="repetition 3847 of 5000" classname="com.mindhub.homebanking.HomebankingApplicationTest" time="0.001"/>
  <testcase name="repetition 3848 of 5000" classname="com.mindhub.homebanking.HomebankingApplicationTest" time="0.001"/>
  <testcase name="repetition 3849 of 5000" classname="com.mindhub.homebanking.HomebankingApplicationTest" time="0.0"/>
  <testcase name="repetition 3850 of 5000" classname="com.mindhub.homebanking.HomebankingApplicationTest" time="0.001"/>
  <testcase name="repetition 3851 of 5000" classname="com.mindhub.homebanking.HomebankingApplicationTest" time="0.0"/>
  <testcase name="repetition 3852 of 5000" classname="com.mindhub.homebanking.HomebankingApplicationTest" time="0.001"/>
  <testcase name="repetition 3853 of 5000" classname="com.mindhub.homebanking.HomebankingApplicationTest" time="0.0"/>
  <testcase name="repetition 3854 of 5000" classname="com.mindhub.homebanking.HomebankingApplicationTest" time="0.0"/>
  <testcase name="repetition 3855 of 5000" classname="com.mindhub.homebanking.HomebankingApplicationTest" time="0.0"/>
  <testcase name="repetition 3856 of 5000" classname="com.mindhub.homebanking.HomebankingApplicationTest" time="0.0"/>
  <testcase name="repetition 3857 of 5000" classname="com.mindhub.homebanking.HomebankingApplicationTest" time="0.0"/>
  <testcase name="repetition 3858 of 5000" classname="com.mindhub.homebanking.HomebankingApplicationTest" time="0.001"/>
  <testcase name="repetition 3859 of 5000" classname="com.mindhub.homebanking.HomebankingApplicationTest" time="0.001"/>
  <testcase name="repetition 3860 of 5000" classname="com.mindhub.homebanking.HomebankingApplicationTest" time="0.001"/>
  <testcase name="repetition 3861 of 5000" classname="com.mindhub.homebanking.HomebankingApplicationTest" time="0.0"/>
  <testcase name="repetition 3862 of 5000" classname="com.mindhub.homebanking.HomebankingApplicationTest" time="0.001"/>
  <testcase name="repetition 3863 of 5000" classname="com.mindhub.homebanking.HomebankingApplicationTest" time="0.001"/>
  <testcase name="repetition 3864 of 5000" classname="com.mindhub.homebanking.HomebankingApplicationTest" time="0.001"/>
  <testcase name="repetition 3865 of 5000" classname="com.mindhub.homebanking.HomebankingApplicationTest" time="0.001"/>
  <testcase name="repetition 3866 of 5000" classname="com.mindhub.homebanking.HomebankingApplicationTest" time="0.0"/>
  <testcase name="repetition 3867 of 5000" classname="com.mindhub.homebanking.HomebankingApplicationTest" time="0.001"/>
  <testcase name="repetition 3868 of 5000" classname="com.mindhub.homebanking.HomebankingApplicationTest" time="0.001"/>
  <testcase name="repetition 3869 of 5000" classname="com.mindhub.homebanking.HomebankingApplicationTest" time="0.001"/>
  <testcase name="repetition 3870 of 5000" classname="com.mindhub.homebanking.HomebankingApplicationTest" time="0.001"/>
  <testcase name="repetition 3871 of 5000" classname="com.mindhub.homebanking.HomebankingApplicationTest" time="0.001"/>
  <testcase name="repetition 3872 of 5000" classname="com.mindhub.homebanking.HomebankingApplicationTest" time="0.001"/>
  <testcase name="repetition 3873 of 5000" classname="com.mindhub.homebanking.HomebankingApplicationTest" time="0.0"/>
  <testcase name="repetition 3874 of 5000" classname="com.mindhub.homebanking.HomebankingApplicationTest" time="0.0"/>
  <testcase name="repetition 3875 of 5000" classname="com.mindhub.homebanking.HomebankingApplicationTest" time="0.001"/>
  <testcase name="repetition 3876 of 5000" classname="com.mindhub.homebanking.HomebankingApplicationTest" time="0.0"/>
  <testcase name="repetition 3877 of 5000" classname="com.mindhub.homebanking.HomebankingApplicationTest" time="0.001"/>
  <testcase name="repetition 3878 of 5000" classname="com.mindhub.homebanking.HomebankingApplicationTest" time="0.0"/>
  <testcase name="repetition 3879 of 5000" classname="com.mindhub.homebanking.HomebankingApplicationTest" time="0.001"/>
  <testcase name="repetition 3880 of 5000" classname="com.mindhub.homebanking.HomebankingApplicationTest" time="0.0"/>
  <testcase name="repetition 3881 of 5000" classname="com.mindhub.homebanking.HomebankingApplicationTest" time="0.0"/>
  <testcase name="repetition 3882 of 5000" classname="com.mindhub.homebanking.HomebankingApplicationTest" time="0.001"/>
  <testcase name="repetition 3883 of 5000" classname="com.mindhub.homebanking.HomebankingApplicationTest" time="0.0"/>
  <testcase name="repetition 3884 of 5000" classname="com.mindhub.homebanking.HomebankingApplicationTest" time="0.0"/>
  <testcase name="repetition 3885 of 5000" classname="com.mindhub.homebanking.HomebankingApplicationTest" time="0.0"/>
  <testcase name="repetition 3886 of 5000" classname="com.mindhub.homebanking.HomebankingApplicationTest" time="0.0"/>
  <testcase name="repetition 3887 of 5000" classname="com.mindhub.homebanking.HomebankingApplicationTest" time="0.001"/>
  <testcase name="repetition 3888 of 5000" classname="com.mindhub.homebanking.HomebankingApplicationTest" time="0.0"/>
  <testcase name="repetition 3889 of 5000" classname="com.mindhub.homebanking.HomebankingApplicationTest" time="0.001"/>
  <testcase name="repetition 3890 of 5000" classname="com.mindhub.homebanking.HomebankingApplicationTest" time="0.0"/>
  <testcase name="repetition 3891 of 5000" classname="com.mindhub.homebanking.HomebankingApplicationTest" time="0.001"/>
  <testcase name="repetition 3892 of 5000" classname="com.mindhub.homebanking.HomebankingApplicationTest" time="0.0"/>
  <testcase name="repetition 3893 of 5000" classname="com.mindhub.homebanking.HomebankingApplicationTest" time="0.001"/>
  <testcase name="repetition 3894 of 5000" classname="com.mindhub.homebanking.HomebankingApplicationTest" time="0.001"/>
  <testcase name="repetition 3895 of 5000" classname="com.mindhub.homebanking.HomebankingApplicationTest" time="0.0"/>
  <testcase name="repetition 3896 of 5000" classname="com.mindhub.homebanking.HomebankingApplicationTest" time="0.001"/>
  <testcase name="repetition 3897 of 5000" classname="com.mindhub.homebanking.HomebankingApplicationTest" time="0.0"/>
  <testcase name="repetition 3898 of 5000" classname="com.mindhub.homebanking.HomebankingApplicationTest" time="0.001"/>
  <testcase name="repetition 3899 of 5000" classname="com.mindhub.homebanking.HomebankingApplicationTest" time="0.0"/>
  <testcase name="repetition 3900 of 5000" classname="com.mindhub.homebanking.HomebankingApplicationTest" time="0.001"/>
  <testcase name="repetition 3901 of 5000" classname="com.mindhub.homebanking.HomebankingApplicationTest" time="0.001"/>
  <testcase name="repetition 3902 of 5000" classname="com.mindhub.homebanking.HomebankingApplicationTest" time="0.001"/>
  <testcase name="repetition 3903 of 5000" classname="com.mindhub.homebanking.HomebankingApplicationTest" time="0.0"/>
  <testcase name="repetition 3904 of 5000" classname="com.mindhub.homebanking.HomebankingApplicationTest" time="0.001"/>
  <testcase name="repetition 3905 of 5000" classname="com.mindhub.homebanking.HomebankingApplicationTest" time="0.001"/>
  <testcase name="repetition 3906 of 5000" classname="com.mindhub.homebanking.HomebankingApplicationTest" time="0.001"/>
  <testcase name="repetition 3907 of 5000" classname="com.mindhub.homebanking.HomebankingApplicationTest" time="0.001"/>
  <testcase name="repetition 3908 of 5000" classname="com.mindhub.homebanking.HomebankingApplicationTest" time="0.0"/>
  <testcase name="repetition 3909 of 5000" classname="com.mindhub.homebanking.HomebankingApplicationTest" time="0.001"/>
  <testcase name="repetition 3910 of 5000" classname="com.mindhub.homebanking.HomebankingApplicationTest" time="0.0"/>
  <testcase name="repetition 3911 of 5000" classname="com.mindhub.homebanking.HomebankingApplicationTest" time="0.001"/>
  <testcase name="repetition 3912 of 5000" classname="com.mindhub.homebanking.HomebankingApplicationTest" time="0.0"/>
  <testcase name="repetition 3913 of 5000" classname="com.mindhub.homebanking.HomebankingApplicationTest" time="0.001"/>
  <testcase name="repetition 3914 of 5000" classname="com.mindhub.homebanking.HomebankingApplicationTest" time="0.0"/>
  <testcase name="repetition 3915 of 5000" classname="com.mindhub.homebanking.HomebankingApplicationTest" time="0.0"/>
  <testcase name="repetition 3916 of 5000" classname="com.mindhub.homebanking.HomebankingApplicationTest" time="0.001"/>
  <testcase name="repetition 3917 of 5000" classname="com.mindhub.homebanking.HomebankingApplicationTest" time="0.001"/>
  <testcase name="repetition 3918 of 5000" classname="com.mindhub.homebanking.HomebankingApplicationTest" time="0.001"/>
  <testcase name="repetition 3919 of 5000" classname="com.mindhub.homebanking.HomebankingApplicationTest" time="0.001"/>
  <testcase name="repetition 3920 of 5000" classname="com.mindhub.homebanking.HomebankingApplicationTest" time="0.001"/>
  <testcase name="repetition 3921 of 5000" classname="com.mindhub.homebanking.HomebankingApplicationTest" time="0.0"/>
  <testcase name="repetition 3922 of 5000" classname="com.mindhub.homebanking.HomebankingApplicationTest" time="0.0"/>
  <testcase name="repetition 3923 of 5000" classname="com.mindhub.homebanking.HomebankingApplicationTest" time="0.001"/>
  <testcase name="repetition 3924 of 5000" classname="com.mindhub.homebanking.HomebankingApplicationTest" time="0.0"/>
  <testcase name="repetition 3925 of 5000" classname="com.mindhub.homebanking.HomebankingApplicationTest" time="0.001"/>
  <testcase name="repetition 3926 of 5000" classname="com.mindhub.homebanking.HomebankingApplicationTest" time="0.0"/>
  <testcase name="repetition 3927 of 5000" classname="com.mindhub.homebanking.HomebankingApplicationTest" time="0.0"/>
  <testcase name="repetition 3928 of 5000" classname="com.mindhub.homebanking.HomebankingApplicationTest" time="0.001"/>
  <testcase name="repetition 3929 of 5000" classname="com.mindhub.homebanking.HomebankingApplicationTest" time="0.0"/>
  <testcase name="repetition 3930 of 5000" classname="com.mindhub.homebanking.HomebankingApplicationTest" time="0.001"/>
  <testcase name="repetition 3931 of 5000" classname="com.mindhub.homebanking.HomebankingApplicationTest" time="0.001"/>
  <testcase name="repetition 3932 of 5000" classname="com.mindhub.homebanking.HomebankingApplicationTest" time="0.001"/>
  <testcase name="repetition 3933 of 5000" classname="com.mindhub.homebanking.HomebankingApplicationTest" time="0.0"/>
  <testcase name="repetition 3934 of 5000" classname="com.mindhub.homebanking.HomebankingApplicationTest" time="0.001"/>
  <testcase name="repetition 3935 of 5000" classname="com.mindhub.homebanking.HomebankingApplicationTest" time="0.001"/>
  <testcase name="repetition 3936 of 5000" classname="com.mindhub.homebanking.HomebankingApplicationTest" time="0.001"/>
  <testcase name="repetition 3937 of 5000" classname="com.mindhub.homebanking.HomebankingApplicationTest" time="0.0"/>
  <testcase name="repetition 3938 of 5000" classname="com.mindhub.homebanking.HomebankingApplicationTest" time="0.001"/>
  <testcase name="repetition 3939 of 5000" classname="com.mindhub.homebanking.HomebankingApplicationTest" time="0.001"/>
  <testcase name="repetition 3940 of 5000" classname="com.mindhub.homebanking.HomebankingApplicationTest" time="0.001"/>
  <testcase name="repetition 3941 of 5000" classname="com.mindhub.homebanking.HomebankingApplicationTest" time="0.0"/>
  <testcase name="repetition 3942 of 5000" classname="com.mindhub.homebanking.HomebankingApplicationTest" time="0.0"/>
  <testcase name="repetition 3943 of 5000" classname="com.mindhub.homebanking.HomebankingApplicationTest" time="0.001"/>
  <testcase name="repetition 3944 of 5000" classname="com.mindhub.homebanking.HomebankingApplicationTest" time="0.0"/>
  <testcase name="repetition 3945 of 5000" classname="com.mindhub.homebanking.HomebankingApplicationTest" time="0.001"/>
  <testcase name="repetition 3946 of 5000" classname="com.mindhub.homebanking.HomebankingApplicationTest" time="0.0"/>
  <testcase name="repetition 3947 of 5000" classname="com.mindhub.homebanking.HomebankingApplicationTest" time="0.001"/>
  <testcase name="repetition 3948 of 5000" classname="com.mindhub.homebanking.HomebankingApplicationTest" time="0.0"/>
  <testcase name="repetition 3949 of 5000" classname="com.mindhub.homebanking.HomebankingApplicationTest" time="0.001"/>
  <testcase name="repetition 3950 of 5000" classname="com.mindhub.homebanking.HomebankingApplicationTest" time="0.0"/>
  <testcase name="repetition 3951 of 5000" classname="com.mindhub.homebanking.HomebankingApplicationTest" time="0.001"/>
  <testcase name="repetition 3952 of 5000" classname="com.mindhub.homebanking.HomebankingApplicationTest" time="0.0"/>
  <testcase name="repetition 3953 of 5000" classname="com.mindhub.homebanking.HomebankingApplicationTest" time="0.001"/>
  <testcase name="repetition 3954 of 5000" classname="com.mindhub.homebanking.HomebankingApplicationTest" time="0.0"/>
  <testcase name="repetition 3955 of 5000" classname="com.mindhub.homebanking.HomebankingApplicationTest" time="0.001"/>
  <testcase name="repetition 3956 of 5000" classname="com.mindhub.homebanking.HomebankingApplicationTest" time="0.0"/>
  <testcase name="repetition 3957 of 5000" classname="com.mindhub.homebanking.HomebankingApplicationTest" time="0.001"/>
  <testcase name="repetition 3958 of 5000" classname="com.mindhub.homebanking.HomebankingApplicationTest" time="0.0"/>
  <testcase name="repetition 3959 of 5000" classname="com.mindhub.homebanking.HomebankingApplicationTest" time="0.0"/>
  <testcase name="repetition 3960 of 5000" classname="com.mindhub.homebanking.HomebankingApplicationTest" time="0.001"/>
  <testcase name="repetition 3961 of 5000" classname="com.mindhub.homebanking.HomebankingApplicationTest" time="0.0"/>
  <testcase name="repetition 3962 of 5000" classname="com.mindhub.homebanking.HomebankingApplicationTest" time="0.001"/>
  <testcase name="repetition 3963 of 5000" classname="com.mindhub.homebanking.HomebankingApplicationTest" time="0.0"/>
  <testcase name="repetition 3964 of 5000" classname="com.mindhub.homebanking.HomebankingApplicationTest" time="0.001"/>
  <testcase name="repetition 3965 of 5000" classname="com.mindhub.homebanking.HomebankingApplicationTest" time="0.001"/>
  <testcase name="repetition 3966 of 5000" classname="com.mindhub.homebanking.HomebankingApplicationTest" time="0.0"/>
  <testcase name="repetition 3967 of 5000" classname="com.mindhub.homebanking.HomebankingApplicationTest" time="0.0"/>
  <testcase name="repetition 3968 of 5000" classname="com.mindhub.homebanking.HomebankingApplicationTest" time="0.001"/>
  <testcase name="repetition 3969 of 5000" classname="com.mindhub.homebanking.HomebankingApplicationTest" time="0.0"/>
  <testcase name="repetition 3970 of 5000" classname="com.mindhub.homebanking.HomebankingApplicationTest" time="0.001"/>
  <testcase name="repetition 3971 of 5000" classname="com.mindhub.homebanking.HomebankingApplicationTest" time="0.0"/>
  <testcase name="repetition 3972 of 5000" classname="com.mindhub.homebanking.HomebankingApplicationTest" time="0.001"/>
  <testcase name="repetition 3973 of 5000" classname="com.mindhub.homebanking.HomebankingApplicationTest" time="0.0"/>
  <testcase name="repetition 3974 of 5000" classname="com.mindhub.homebanking.HomebankingApplicationTest" time="0.001"/>
  <testcase name="repetition 3975 of 5000" classname="com.mindhub.homebanking.HomebankingApplicationTest" time="0.0"/>
  <testcase name="repetition 3976 of 5000" classname="com.mindhub.homebanking.HomebankingApplicationTest" time="0.001"/>
  <testcase name="repetition 3977 of 5000" classname="com.mindhub.homebanking.HomebankingApplicationTest" time="0.001"/>
  <testcase name="repetition 3978 of 5000" classname="com.mindhub.homebanking.HomebankingApplicationTest" time="0.0"/>
  <testcase name="repetition 3979 of 5000" classname="com.mindhub.homebanking.HomebankingApplicationTest" time="0.0"/>
  <testcase name="repetition 3980 of 5000" classname="com.mindhub.homebanking.HomebankingApplicationTest" time="0.001"/>
  <testcase name="repetition 3981 of 5000" classname="com.mindhub.homebanking.HomebankingApplicationTest" time="0.0"/>
  <testcase name="repetition 3982 of 5000" classname="com.mindhub.homebanking.HomebankingApplicationTest" time="0.0"/>
  <testcase name="repetition 3983 of 5000" classname="com.mindhub.homebanking.HomebankingApplicationTest" time="0.001"/>
  <testcase name="repetition 3984 of 5000" classname="com.mindhub.homebanking.HomebankingApplicationTest" time="0.001"/>
  <testcase name="repetition 3985 of 5000" classname="com.mindhub.homebanking.HomebankingApplicationTest" time="0.0"/>
  <testcase name="repetition 3986 of 5000" classname="com.mindhub.homebanking.HomebankingApplicationTest" time="0.001"/>
  <testcase name="repetition 3987 of 5000" classname="com.mindhub.homebanking.HomebankingApplicationTest" time="0.001"/>
  <testcase name="repetition 3988 of 5000" classname="com.mindhub.homebanking.HomebankingApplicationTest" time="0.001"/>
  <testcase name="repetition 3989 of 5000" classname="com.mindhub.homebanking.HomebankingApplicationTest" time="0.0"/>
  <testcase name="repetition 3990 of 5000" classname="com.mindhub.homebanking.HomebankingApplicationTest" time="0.001"/>
  <testcase name="repetition 3991 of 5000" classname="com.mindhub.homebanking.HomebankingApplicationTest" time="0.0"/>
  <testcase name="repetition 3992 of 5000" classname="com.mindhub.homebanking.HomebankingApplicationTest" time="0.0"/>
  <testcase name="repetition 3993 of 5000" classname="com.mindhub.homebanking.HomebankingApplicationTest" time="0.0"/>
  <testcase name="repetition 3994 of 5000" classname="com.mindhub.homebanking.HomebankingApplicationTest" time="0.0"/>
  <testcase name="repetition 3995 of 5000" classname="com.mindhub.homebanking.HomebankingApplicationTest" time="0.0"/>
  <testcase name="repetition 3996 of 5000" classname="com.mindhub.homebanking.HomebankingApplicationTest" time="0.001"/>
  <testcase name="repetition 3997 of 5000" classname="com.mindhub.homebanking.HomebankingApplicationTest" time="0.0"/>
  <testcase name="repetition 3998 of 5000" classname="com.mindhub.homebanking.HomebankingApplicationTest" time="0.001"/>
  <testcase name="repetition 3999 of 5000" classname="com.mindhub.homebanking.HomebankingApplicationTest" time="0.001"/>
  <testcase name="repetition 4000 of 5000" classname="com.mindhub.homebanking.HomebankingApplicationTest" time="0.0"/>
  <testcase name="repetition 4001 of 5000" classname="com.mindhub.homebanking.HomebankingApplicationTest" time="0.001"/>
  <testcase name="repetition 4002 of 5000" classname="com.mindhub.homebanking.HomebankingApplicationTest" time="0.0"/>
  <testcase name="repetition 4003 of 5000" classname="com.mindhub.homebanking.HomebankingApplicationTest" time="0.001"/>
  <testcase name="repetition 4004 of 5000" classname="com.mindhub.homebanking.HomebankingApplicationTest" time="0.0"/>
  <testcase name="repetition 4005 of 5000" classname="com.mindhub.homebanking.HomebankingApplicationTest" time="0.001"/>
  <testcase name="repetition 4006 of 5000" classname="com.mindhub.homebanking.HomebankingApplicationTest" time="0.0"/>
  <testcase name="repetition 4007 of 5000" classname="com.mindhub.homebanking.HomebankingApplicationTest" time="0.001"/>
  <testcase name="repetition 4008 of 5000" classname="com.mindhub.homebanking.HomebankingApplicationTest" time="0.001"/>
  <testcase name="repetition 4009 of 5000" classname="com.mindhub.homebanking.HomebankingApplicationTest" time="0.0"/>
  <testcase name="repetition 4010 of 5000" classname="com.mindhub.homebanking.HomebankingApplicationTest" time="0.001"/>
  <testcase name="repetition 4011 of 5000" classname="com.mindhub.homebanking.HomebankingApplicationTest" time="0.001"/>
  <testcase name="repetition 4012 of 5000" classname="com.mindhub.homebanking.HomebankingApplicationTest" time="0.0"/>
  <testcase name="repetition 4013 of 5000" classname="com.mindhub.homebanking.HomebankingApplicationTest" time="0.001"/>
  <testcase name="repetition 4014 of 5000" classname="com.mindhub.homebanking.HomebankingApplicationTest" time="0.0"/>
  <testcase name="repetition 4015 of 5000" classname="com.mindhub.homebanking.HomebankingApplicationTest" time="0.001"/>
  <testcase name="repetition 4016 of 5000" classname="com.mindhub.homebanking.HomebankingApplicationTest" time="0.0"/>
  <testcase name="repetition 4017 of 5000" classname="com.mindhub.homebanking.HomebankingApplicationTest" time="0.0"/>
  <testcase name="repetition 4018 of 5000" classname="com.mindhub.homebanking.HomebankingApplicationTest" time="0.001"/>
  <testcase name="repetition 4019 of 5000" classname="com.mindhub.homebanking.HomebankingApplicationTest" time="0.001"/>
  <testcase name="repetition 4020 of 5000" classname="com.mindhub.homebanking.HomebankingApplicationTest" time="0.0"/>
  <testcase name="repetition 4021 of 5000" classname="com.mindhub.homebanking.HomebankingApplicationTest" time="0.001"/>
  <testcase name="repetition 4022 of 5000" classname="com.mindhub.homebanking.HomebankingApplicationTest" time="0.001"/>
  <testcase name="repetition 4023 of 5000" classname="com.mindhub.homebanking.HomebankingApplicationTest" time="0.0"/>
  <testcase name="repetition 4024 of 5000" classname="com.mindhub.homebanking.HomebankingApplicationTest" time="0.0"/>
  <testcase name="repetition 4025 of 5000" classname="com.mindhub.homebanking.HomebankingApplicationTest" time="0.001"/>
  <testcase name="repetition 4026 of 5000" classname="com.mindhub.homebanking.HomebankingApplicationTest" time="0.0"/>
  <testcase name="repetition 4027 of 5000" classname="com.mindhub.homebanking.HomebankingApplicationTest" time="0.001"/>
  <testcase name="repetition 4028 of 5000" classname="com.mindhub.homebanking.HomebankingApplicationTest" time="0.0"/>
  <testcase name="repetition 4029 of 5000" classname="com.mindhub.homebanking.HomebankingApplicationTest" time="0.001"/>
  <testcase name="repetition 4030 of 5000" classname="com.mindhub.homebanking.HomebankingApplicationTest" time="0.001"/>
  <testcase name="repetition 4031 of 5000" classname="com.mindhub.homebanking.HomebankingApplicationTest" time="0.001"/>
  <testcase name="repetition 4032 of 5000" classname="com.mindhub.homebanking.HomebankingApplicationTest" time="0.0"/>
  <testcase name="repetition 4033 of 5000" classname="com.mindhub.homebanking.HomebankingApplicationTest" time="0.001"/>
  <testcase name="repetition 4034 of 5000" classname="com.mindhub.homebanking.HomebankingApplicationTest" time="0.0"/>
  <testcase name="repetition 4035 of 5000" classname="com.mindhub.homebanking.HomebankingApplicationTest" time="0.001"/>
  <testcase name="repetition 4036 of 5000" classname="com.mindhub.homebanking.HomebankingApplicationTest" time="0.0"/>
  <testcase name="repetition 4037 of 5000" classname="com.mindhub.homebanking.HomebankingApplicationTest" time="0.001"/>
  <testcase name="repetition 4038 of 5000" classname="com.mindhub.homebanking.HomebankingApplicationTest" time="0.0"/>
  <testcase name="repetition 4039 of 5000" classname="com.mindhub.homebanking.HomebankingApplicationTest" time="0.001"/>
  <testcase name="repetition 4040 of 5000" classname="com.mindhub.homebanking.HomebankingApplicationTest" time="0.0"/>
  <testcase name="repetition 4041 of 5000" classname="com.mindhub.homebanking.HomebankingApplicationTest" time="0.0"/>
  <testcase name="repetition 4042 of 5000" classname="com.mindhub.homebanking.HomebankingApplicationTest" time="0.001"/>
  <testcase name="repetition 4043 of 5000" classname="com.mindhub.homebanking.HomebankingApplicationTest" time="0.001"/>
  <testcase name="repetition 4044 of 5000" classname="com.mindhub.homebanking.HomebankingApplicationTest" time="0.0"/>
  <testcase name="repetition 4045 of 5000" classname="com.mindhub.homebanking.HomebankingApplicationTest" time="0.001"/>
  <testcase name="repetition 4046 of 5000" classname="com.mindhub.homebanking.HomebankingApplicationTest" time="0.001"/>
  <testcase name="repetition 4047 of 5000" classname="com.mindhub.homebanking.HomebankingApplicationTest" time="0.0"/>
  <testcase name="repetition 4048 of 5000" classname="com.mindhub.homebanking.HomebankingApplicationTest" time="0.001"/>
  <testcase name="repetition 4049 of 5000" classname="com.mindhub.homebanking.HomebankingApplicationTest" time="0.0"/>
  <testcase name="repetition 4050 of 5000" classname="com.mindhub.homebanking.HomebankingApplicationTest" time="0.0"/>
  <testcase name="repetition 4051 of 5000" classname="com.mindhub.homebanking.HomebankingApplicationTest" time="0.0"/>
  <testcase name="repetition 4052 of 5000" classname="com.mindhub.homebanking.HomebankingApplicationTest" time="0.001"/>
  <testcase name="repetition 4053 of 5000" classname="com.mindhub.homebanking.HomebankingApplicationTest" time="0.0"/>
  <testcase name="repetition 4054 of 5000" classname="com.mindhub.homebanking.HomebankingApplicationTest" time="0.001"/>
  <testcase name="repetition 4055 of 5000" classname="com.mindhub.homebanking.HomebankingApplicationTest" time="0.0"/>
  <testcase name="repetition 4056 of 5000" classname="com.mindhub.homebanking.HomebankingApplicationTest" time="0.001"/>
  <testcase name="repetition 4057 of 5000" classname="com.mindhub.homebanking.HomebankingApplicationTest" time="0.0"/>
  <testcase name="repetition 4058 of 5000" classname="com.mindhub.homebanking.HomebankingApplicationTest" time="0.0"/>
  <testcase name="repetition 4059 of 5000" classname="com.mindhub.homebanking.HomebankingApplicationTest" time="0.001"/>
  <testcase name="repetition 4060 of 5000" classname="com.mindhub.homebanking.HomebankingApplicationTest" time="0.0"/>
  <testcase name="repetition 4061 of 5000" classname="com.mindhub.homebanking.HomebankingApplicationTest" time="0.001"/>
  <testcase name="repetition 4062 of 5000" classname="com.mindhub.homebanking.HomebankingApplicationTest" time="0.0"/>
  <testcase name="repetition 4063 of 5000" classname="com.mindhub.homebanking.HomebankingApplicationTest" time="0.0"/>
  <testcase name="repetition 4064 of 5000" classname="com.mindhub.homebanking.HomebankingApplicationTest" time="0.001"/>
  <testcase name="repetition 4065 of 5000" classname="com.mindhub.homebanking.HomebankingApplicationTest" time="0.001"/>
  <testcase name="repetition 4066 of 5000" classname="com.mindhub.homebanking.HomebankingApplicationTest" time="0.001"/>
  <testcase name="repetition 4067 of 5000" classname="com.mindhub.homebanking.HomebankingApplicationTest" time="0.001"/>
  <testcase name="repetition 4068 of 5000" classname="com.mindhub.homebanking.HomebankingApplicationTest" time="0.001"/>
  <testcase name="repetition 4069 of 5000" classname="com.mindhub.homebanking.HomebankingApplicationTest" time="0.001"/>
  <testcase name="repetition 4070 of 5000" classname="com.mindhub.homebanking.HomebankingApplicationTest" time="0.0"/>
  <testcase name="repetition 4071 of 5000" classname="com.mindhub.homebanking.HomebankingApplicationTest" time="0.001"/>
  <testcase name="repetition 4072 of 5000" classname="com.mindhub.homebanking.HomebankingApplicationTest" time="0.0"/>
  <testcase name="repetition 4073 of 5000" classname="com.mindhub.homebanking.HomebankingApplicationTest" time="0.001"/>
  <testcase name="repetition 4074 of 5000" classname="com.mindhub.homebanking.HomebankingApplicationTest" time="0.0"/>
  <testcase name="repetition 4075 of 5000" classname="com.mindhub.homebanking.HomebankingApplicationTest" time="0.001"/>
  <testcase name="repetition 4076 of 5000" classname="com.mindhub.homebanking.HomebankingApplicationTest" time="0.0"/>
  <testcase name="repetition 4077 of 5000" classname="com.mindhub.homebanking.HomebankingApplicationTest" time="0.001"/>
  <testcase name="repetition 4078 of 5000" classname="com.mindhub.homebanking.HomebankingApplicationTest" time="0.0"/>
  <testcase name="repetition 4079 of 5000" classname="com.mindhub.homebanking.HomebankingApplicationTest" time="0.001"/>
  <testcase name="repetition 4080 of 5000" classname="com.mindhub.homebanking.HomebankingApplicationTest" time="0.001"/>
  <testcase name="repetition 4081 of 5000" classname="com.mindhub.homebanking.HomebankingApplicationTest" time="0.001"/>
  <testcase name="repetition 4082 of 5000" classname="com.mindhub.homebanking.HomebankingApplicationTest" time="0.001"/>
  <testcase name="repetition 4083 of 5000" classname="com.mindhub.homebanking.HomebankingApplicationTest" time="0.001"/>
  <testcase name="repetition 4084 of 5000" classname="com.mindhub.homebanking.HomebankingApplicationTest" time="0.001"/>
  <testcase name="repetition 4085 of 5000" classname="com.mindhub.homebanking.HomebankingApplicationTest" time="0.0"/>
  <testcase name="repetition 4086 of 5000" classname="com.mindhub.homebanking.HomebankingApplicationTest" time="0.001"/>
  <testcase name="repetition 4087 of 5000" classname="com.mindhub.homebanking.HomebankingApplicationTest" time="0.0"/>
  <testcase name="repetition 4088 of 5000" classname="com.mindhub.homebanking.HomebankingApplicationTest" time="0.001"/>
  <testcase name="repetition 4089 of 5000" classname="com.mindhub.homebanking.HomebankingApplicationTest" time="0.001"/>
  <testcase name="repetition 4090 of 5000" classname="com.mindhub.homebanking.HomebankingApplicationTest" time="0.001"/>
  <testcase name="repetition 4091 of 5000" classname="com.mindhub.homebanking.HomebankingApplicationTest" time="0.0"/>
  <testcase name="repetition 4092 of 5000" classname="com.mindhub.homebanking.HomebankingApplicationTest" time="0.0"/>
  <testcase name="repetition 4093 of 5000" classname="com.mindhub.homebanking.HomebankingApplicationTest" time="0.0"/>
  <testcase name="repetition 4094 of 5000" classname="com.mindhub.homebanking.HomebankingApplicationTest" time="0.0"/>
  <testcase name="repetition 4095 of 5000" classname="com.mindhub.homebanking.HomebankingApplicationTest" time="0.001"/>
  <testcase name="repetition 4096 of 5000" classname="com.mindhub.homebanking.HomebankingApplicationTest" time="0.0"/>
  <testcase name="repetition 4097 of 5000" classname="com.mindhub.homebanking.HomebankingApplicationTest" time="0.001"/>
  <testcase name="repetition 4098 of 5000" classname="com.mindhub.homebanking.HomebankingApplicationTest" time="0.0"/>
  <testcase name="repetition 4099 of 5000" classname="com.mindhub.homebanking.HomebankingApplicationTest" time="0.001"/>
  <testcase name="repetition 4100 of 5000" classname="com.mindhub.homebanking.HomebankingApplicationTest" time="0.0"/>
  <testcase name="repetition 4101 of 5000" classname="com.mindhub.homebanking.HomebankingApplicationTest" time="0.001"/>
  <testcase name="repetition 4102 of 5000" classname="com.mindhub.homebanking.HomebankingApplicationTest" time="0.0"/>
  <testcase name="repetition 4103 of 5000" classname="com.mindhub.homebanking.HomebankingApplicationTest" time="0.001"/>
  <testcase name="repetition 4104 of 5000" classname="com.mindhub.homebanking.HomebankingApplicationTest" time="0.0"/>
  <testcase name="repetition 4105 of 5000" classname="com.mindhub.homebanking.HomebankingApplicationTest" time="0.001"/>
  <testcase name="repetition 4106 of 5000" classname="com.mindhub.homebanking.HomebankingApplicationTest" time="0.0"/>
  <testcase name="repetition 4107 of 5000" classname="com.mindhub.homebanking.HomebankingApplicationTest" time="0.001"/>
  <testcase name="repetition 4108 of 5000" classname="com.mindhub.homebanking.HomebankingApplicationTest" time="0.0"/>
  <testcase name="repetition 4109 of 5000" classname="com.mindhub.homebanking.HomebankingApplicationTest" time="0.001"/>
  <testcase name="repetition 4110 of 5000" classname="com.mindhub.homebanking.HomebankingApplicationTest" time="0.001"/>
  <testcase name="repetition 4111 of 5000" classname="com.mindhub.homebanking.HomebankingApplicationTest" time="0.0"/>
  <testcase name="repetition 4112 of 5000" classname="com.mindhub.homebanking.HomebankingApplicationTest" time="0.001"/>
  <testcase name="repetition 4113 of 5000" classname="com.mindhub.homebanking.HomebankingApplicationTest" time="0.001"/>
  <testcase name="repetition 4114 of 5000" classname="com.mindhub.homebanking.HomebankingApplicationTest" time="0.0"/>
  <testcase name="repetition 4115 of 5000" classname="com.mindhub.homebanking.HomebankingApplicationTest" time="0.0"/>
  <testcase name="repetition 4116 of 5000" classname="com.mindhub.homebanking.HomebankingApplicationTest" time="0.001"/>
  <testcase name="repetition 4117 of 5000" classname="com.mindhub.homebanking.HomebankingApplicationTest" time="0.0"/>
  <testcase name="repetition 4118 of 5000" classname="com.mindhub.homebanking.HomebankingApplicationTest" time="0.001"/>
  <testcase name="repetition 4119 of 5000" classname="com.mindhub.homebanking.HomebankingApplicationTest" time="0.001"/>
  <testcase name="repetition 4120 of 5000" classname="com.mindhub.homebanking.HomebankingApplicationTest" time="0.0"/>
  <testcase name="repetition 4121 of 5000" classname="com.mindhub.homebanking.HomebankingApplicationTest" time="0.001"/>
  <testcase name="repetition 4122 of 5000" classname="com.mindhub.homebanking.HomebankingApplicationTest" time="0.0"/>
  <testcase name="repetition 4123 of 5000" classname="com.mindhub.homebanking.HomebankingApplicationTest" time="0.001"/>
  <testcase name="repetition 4124 of 5000" classname="com.mindhub.homebanking.HomebankingApplicationTest" time="0.001"/>
  <testcase name="repetition 4125 of 5000" classname="com.mindhub.homebanking.HomebankingApplicationTest" time="0.001"/>
  <testcase name="repetition 4126 of 5000" classname="com.mindhub.homebanking.HomebankingApplicationTest" time="0.0"/>
  <testcase name="repetition 4127 of 5000" classname="com.mindhub.homebanking.HomebankingApplicationTest" time="0.001"/>
  <testcase name="repetition 4128 of 5000" classname="com.mindhub.homebanking.HomebankingApplicationTest" time="0.001"/>
  <testcase name="repetition 4129 of 5000" classname="com.mindhub.homebanking.HomebankingApplicationTest" time="0.0"/>
  <testcase name="repetition 4130 of 5000" classname="com.mindhub.homebanking.HomebankingApplicationTest" time="0.0"/>
  <testcase name="repetition 4131 of 5000" classname="com.mindhub.homebanking.HomebankingApplicationTest" time="0.001"/>
  <testcase name="repetition 4132 of 5000" classname="com.mindhub.homebanking.HomebankingApplicationTest" time="0.001"/>
  <testcase name="repetition 4133 of 5000" classname="com.mindhub.homebanking.HomebankingApplicationTest" time="0.0"/>
  <testcase name="repetition 4134 of 5000" classname="com.mindhub.homebanking.HomebankingApplicationTest" time="0.0"/>
  <testcase name="repetition 4135 of 5000" classname="com.mindhub.homebanking.HomebankingApplicationTest" time="0.002"/>
  <testcase name="repetition 4136 of 5000" classname="com.mindhub.homebanking.HomebankingApplicationTest" time="0.001"/>
  <testcase name="repetition 4137 of 5000" classname="com.mindhub.homebanking.HomebankingApplicationTest" time="0.001"/>
  <testcase name="repetition 4138 of 5000" classname="com.mindhub.homebanking.HomebankingApplicationTest" time="0.0"/>
  <testcase name="repetition 4139 of 5000" classname="com.mindhub.homebanking.HomebankingApplicationTest" time="0.001"/>
  <testcase name="repetition 4140 of 5000" classname="com.mindhub.homebanking.HomebankingApplicationTest" time="0.001"/>
  <testcase name="repetition 4141 of 5000" classname="com.mindhub.homebanking.HomebankingApplicationTest" time="0.001"/>
  <testcase name="repetition 4142 of 5000" classname="com.mindhub.homebanking.HomebankingApplicationTest" time="0.0"/>
  <testcase name="repetition 4143 of 5000" classname="com.mindhub.homebanking.HomebankingApplicationTest" time="0.001"/>
  <testcase name="repetition 4144 of 5000" classname="com.mindhub.homebanking.HomebankingApplicationTest" time="0.0"/>
  <testcase name="repetition 4145 of 5000" classname="com.mindhub.homebanking.HomebankingApplicationTest" time="0.001"/>
  <testcase name="repetition 4146 of 5000" classname="com.mindhub.homebanking.HomebankingApplicationTest" time="0.0"/>
  <testcase name="repetition 4147 of 5000" classname="com.mindhub.homebanking.HomebankingApplicationTest" time="0.001"/>
  <testcase name="repetition 4148 of 5000" classname="com.mindhub.homebanking.HomebankingApplicationTest" time="0.0"/>
  <testcase name="repetition 4149 of 5000" classname="com.mindhub.homebanking.HomebankingApplicationTest" time="0.0"/>
  <testcase name="repetition 4150 of 5000" classname="com.mindhub.homebanking.HomebankingApplicationTest" time="0.0"/>
  <testcase name="repetition 4151 of 5000" classname="com.mindhub.homebanking.HomebankingApplicationTest" time="0.0"/>
  <testcase name="repetition 4152 of 5000" classname="com.mindhub.homebanking.HomebankingApplicationTest" time="0.001"/>
  <testcase name="repetition 4153 of 5000" classname="com.mindhub.homebanking.HomebankingApplicationTest" time="0.0"/>
  <testcase name="repetition 4154 of 5000" classname="com.mindhub.homebanking.HomebankingApplicationTest" time="0.001"/>
  <testcase name="repetition 4155 of 5000" classname="com.mindhub.homebanking.HomebankingApplicationTest" time="0.0"/>
  <testcase name="repetition 4156 of 5000" classname="com.mindhub.homebanking.HomebankingApplicationTest" time="0.0"/>
  <testcase name="repetition 4157 of 5000" classname="com.mindhub.homebanking.HomebankingApplicationTest" time="0.001"/>
  <testcase name="repetition 4158 of 5000" classname="com.mindhub.homebanking.HomebankingApplicationTest" time="0.0"/>
  <testcase name="repetition 4159 of 5000" classname="com.mindhub.homebanking.HomebankingApplicationTest" time="0.001"/>
  <testcase name="repetition 4160 of 5000" classname="com.mindhub.homebanking.HomebankingApplicationTest" time="0.001"/>
  <testcase name="repetition 4161 of 5000" classname="com.mindhub.homebanking.HomebankingApplicationTest" time="0.0"/>
  <testcase name="repetition 4162 of 5000" classname="com.mindhub.homebanking.HomebankingApplicationTest" time="0.001"/>
  <testcase name="repetition 4163 of 5000" classname="com.mindhub.homebanking.HomebankingApplicationTest" time="0.0"/>
  <testcase name="repetition 4164 of 5000" classname="com.mindhub.homebanking.HomebankingApplicationTest" time="0.0"/>
  <testcase name="repetition 4165 of 5000" classname="com.mindhub.homebanking.HomebankingApplicationTest" time="0.0"/>
  <testcase name="repetition 4166 of 5000" classname="com.mindhub.homebanking.HomebankingApplicationTest" time="0.0"/>
  <testcase name="repetition 4167 of 5000" classname="com.mindhub.homebanking.HomebankingApplicationTest" time="0.001"/>
  <testcase name="repetition 4168 of 5000" classname="com.mindhub.homebanking.HomebankingApplicationTest" time="0.0"/>
  <testcase name="repetition 4169 of 5000" classname="com.mindhub.homebanking.HomebankingApplicationTest" time="0.001"/>
  <testcase name="repetition 4170 of 5000" classname="com.mindhub.homebanking.HomebankingApplicationTest" time="0.0"/>
  <testcase name="repetition 4171 of 5000" classname="com.mindhub.homebanking.HomebankingApplicationTest" time="0.001"/>
  <testcase name="repetition 4172 of 5000" classname="com.mindhub.homebanking.HomebankingApplicationTest" time="0.001"/>
  <testcase name="repetition 4173 of 5000" classname="com.mindhub.homebanking.HomebankingApplicationTest" time="0.001"/>
  <testcase name="repetition 4174 of 5000" classname="com.mindhub.homebanking.HomebankingApplicationTest" time="0.001"/>
  <testcase name="repetition 4175 of 5000" classname="com.mindhub.homebanking.HomebankingApplicationTest" time="0.001"/>
  <testcase name="repetition 4176 of 5000" classname="com.mindhub.homebanking.HomebankingApplicationTest" time="0.001"/>
  <testcase name="repetition 4177 of 5000" classname="com.mindhub.homebanking.HomebankingApplicationTest" time="0.001"/>
  <testcase name="repetition 4178 of 5000" classname="com.mindhub.homebanking.HomebankingApplicationTest" time="0.001"/>
  <testcase name="repetition 4179 of 5000" classname="com.mindhub.homebanking.HomebankingApplicationTest" time="0.001"/>
  <testcase name="repetition 4180 of 5000" classname="com.mindhub.homebanking.HomebankingApplicationTest" time="0.001"/>
  <testcase name="repetition 4181 of 5000" classname="com.mindhub.homebanking.HomebankingApplicationTest" time="0.001"/>
  <testcase name="repetition 4182 of 5000" classname="com.mindhub.homebanking.HomebankingApplicationTest" time="0.001"/>
  <testcase name="repetition 4183 of 5000" classname="com.mindhub.homebanking.HomebankingApplicationTest" time="0.001"/>
  <testcase name="repetition 4184 of 5000" classname="com.mindhub.homebanking.HomebankingApplicationTest" time="0.001"/>
  <testcase name="repetition 4185 of 5000" classname="com.mindhub.homebanking.HomebankingApplicationTest" time="0.0"/>
  <testcase name="repetition 4186 of 5000" classname="com.mindhub.homebanking.HomebankingApplicationTest" time="0.001"/>
  <testcase name="repetition 4187 of 5000" classname="com.mindhub.homebanking.HomebankingApplicationTest" time="0.0"/>
  <testcase name="repetition 4188 of 5000" classname="com.mindhub.homebanking.HomebankingApplicationTest" time="0.001"/>
  <testcase name="repetition 4189 of 5000" classname="com.mindhub.homebanking.HomebankingApplicationTest" time="0.0"/>
  <testcase name="repetition 4190 of 5000" classname="com.mindhub.homebanking.HomebankingApplicationTest" time="0.001"/>
  <testcase name="repetition 4191 of 5000" classname="com.mindhub.homebanking.HomebankingApplicationTest" time="0.0"/>
  <testcase name="repetition 4192 of 5000" classname="com.mindhub.homebanking.HomebankingApplicationTest" time="0.001"/>
  <testcase name="repetition 4193 of 5000" classname="com.mindhub.homebanking.HomebankingApplicationTest" time="0.0"/>
  <testcase name="repetition 4194 of 5000" classname="com.mindhub.homebanking.HomebankingApplicationTest" time="0.0"/>
  <testcase name="repetition 4195 of 5000" classname="com.mindhub.homebanking.HomebankingApplicationTest" time="0.0"/>
  <testcase name="repetition 4196 of 5000" classname="com.mindhub.homebanking.HomebankingApplicationTest" time="0.0"/>
  <testcase name="repetition 4197 of 5000" classname="com.mindhub.homebanking.HomebankingApplicationTest" time="0.001"/>
  <testcase name="repetition 4198 of 5000" classname="com.mindhub.homebanking.HomebankingApplicationTest" time="0.001"/>
  <testcase name="repetition 4199 of 5000" classname="com.mindhub.homebanking.HomebankingApplicationTest" time="0.0"/>
  <testcase name="repetition 4200 of 5000" classname="com.mindhub.homebanking.HomebankingApplicationTest" time="0.0"/>
  <testcase name="repetition 4201 of 5000" classname="com.mindhub.homebanking.HomebankingApplicationTest" time="0.001"/>
  <testcase name="repetition 4202 of 5000" classname="com.mindhub.homebanking.HomebankingApplicationTest" time="0.001"/>
  <testcase name="repetition 4203 of 5000" classname="com.mindhub.homebanking.HomebankingApplicationTest" time="0.001"/>
  <testcase name="repetition 4204 of 5000" classname="com.mindhub.homebanking.HomebankingApplicationTest" time="0.0"/>
  <testcase name="repetition 4205 of 5000" classname="com.mindhub.homebanking.HomebankingApplicationTest" time="0.001"/>
  <testcase name="repetition 4206 of 5000" classname="com.mindhub.homebanking.HomebankingApplicationTest" time="0.0"/>
  <testcase name="repetition 4207 of 5000" classname="com.mindhub.homebanking.HomebankingApplicationTest" time="0.001"/>
  <testcase name="repetition 4208 of 5000" classname="com.mindhub.homebanking.HomebankingApplicationTest" time="0.0"/>
  <testcase name="repetition 4209 of 5000" classname="com.mindhub.homebanking.HomebankingApplicationTest" time="0.001"/>
  <testcase name="repetition 4210 of 5000" classname="com.mindhub.homebanking.HomebankingApplicationTest" time="0.0"/>
  <testcase name="repetition 4211 of 5000" classname="com.mindhub.homebanking.HomebankingApplicationTest" time="0.001"/>
  <testcase name="repetition 4212 of 5000" classname="com.mindhub.homebanking.HomebankingApplicationTest" time="0.0"/>
  <testcase name="repetition 4213 of 5000" classname="com.mindhub.homebanking.HomebankingApplicationTest" time="0.001"/>
  <testcase name="repetition 4214 of 5000" classname="com.mindhub.homebanking.HomebankingApplicationTest" time="0.0"/>
  <testcase name="repetition 4215 of 5000" classname="com.mindhub.homebanking.HomebankingApplicationTest" time="0.001"/>
  <testcase name="repetition 4216 of 5000" classname="com.mindhub.homebanking.HomebankingApplicationTest" time="0.001"/>
  <testcase name="repetition 4217 of 5000" classname="com.mindhub.homebanking.HomebankingApplicationTest" time="0.0"/>
  <testcase name="repetition 4218 of 5000" classname="com.mindhub.homebanking.HomebankingApplicationTest" time="0.001"/>
  <testcase name="repetition 4219 of 5000" classname="com.mindhub.homebanking.HomebankingApplicationTest" time="0.001"/>
  <testcase name="repetition 4220 of 5000" classname="com.mindhub.homebanking.HomebankingApplicationTest" time="0.0"/>
  <testcase name="repetition 4221 of 5000" classname="com.mindhub.homebanking.HomebankingApplicationTest" time="0.001"/>
  <testcase name="repetition 4222 of 5000" classname="com.mindhub.homebanking.HomebankingApplicationTest" time="0.001"/>
  <testcase name="repetition 4223 of 5000" classname="com.mindhub.homebanking.HomebankingApplicationTest" time="0.0"/>
  <testcase name="repetition 4224 of 5000" classname="com.mindhub.homebanking.HomebankingApplicationTest" time="0.001"/>
  <testcase name="repetition 4225 of 5000" classname="com.mindhub.homebanking.HomebankingApplicationTest" time="0.001"/>
  <testcase name="repetition 4226 of 5000" classname="com.mindhub.homebanking.HomebankingApplicationTest" time="0.0"/>
  <testcase name="repetition 4227 of 5000" classname="com.mindhub.homebanking.HomebankingApplicationTest" time="0.0"/>
  <testcase name="repetition 4228 of 5000" classname="com.mindhub.homebanking.HomebankingApplicationTest" time="0.0"/>
  <testcase name="repetition 4229 of 5000" classname="com.mindhub.homebanking.HomebankingApplicationTest" time="0.001"/>
  <testcase name="repetition 4230 of 5000" classname="com.mindhub.homebanking.HomebankingApplicationTest" time="0.001"/>
  <testcase name="repetition 4231 of 5000" classname="com.mindhub.homebanking.HomebankingApplicationTest" time="0.001"/>
  <testcase name="repetition 4232 of 5000" classname="com.mindhub.homebanking.HomebankingApplicationTest" time="0.001"/>
  <testcase name="repetition 4233 of 5000" classname="com.mindhub.homebanking.HomebankingApplicationTest" time="0.001"/>
  <testcase name="repetition 4234 of 5000" classname="com.mindhub.homebanking.HomebankingApplicationTest" time="0.0"/>
  <testcase name="repetition 4235 of 5000" classname="com.mindhub.homebanking.HomebankingApplicationTest" time="0.001"/>
  <testcase name="repetition 4236 of 5000" classname="com.mindhub.homebanking.HomebankingApplicationTest" time="0.0"/>
  <testcase name="repetition 4237 of 5000" classname="com.mindhub.homebanking.HomebankingApplicationTest" time="0.0"/>
  <testcase name="repetition 4238 of 5000" classname="com.mindhub.homebanking.HomebankingApplicationTest" time="0.0"/>
  <testcase name="repetition 4239 of 5000" classname="com.mindhub.homebanking.HomebankingApplicationTest" time="0.0"/>
  <testcase name="repetition 4240 of 5000" classname="com.mindhub.homebanking.HomebankingApplicationTest" time="0.0"/>
  <testcase name="repetition 4241 of 5000" classname="com.mindhub.homebanking.HomebankingApplicationTest" time="0.001"/>
  <testcase name="repetition 4242 of 5000" classname="com.mindhub.homebanking.HomebankingApplicationTest" time="0.0"/>
  <testcase name="repetition 4243 of 5000" classname="com.mindhub.homebanking.HomebankingApplicationTest" time="0.001"/>
  <testcase name="repetition 4244 of 5000" classname="com.mindhub.homebanking.HomebankingApplicationTest" time="0.001"/>
  <testcase name="repetition 4245 of 5000" classname="com.mindhub.homebanking.HomebankingApplicationTest" time="0.001"/>
  <testcase name="repetition 4246 of 5000" classname="com.mindhub.homebanking.HomebankingApplicationTest" time="0.0"/>
  <testcase name="repetition 4247 of 5000" classname="com.mindhub.homebanking.HomebankingApplicationTest" time="0.001"/>
  <testcase name="repetition 4248 of 5000" classname="com.mindhub.homebanking.HomebankingApplicationTest" time="0.001"/>
  <testcase name="repetition 4249 of 5000" classname="com.mindhub.homebanking.HomebankingApplicationTest" time="0.0"/>
  <testcase name="repetition 4250 of 5000" classname="com.mindhub.homebanking.HomebankingApplicationTest" time="0.001"/>
  <testcase name="repetition 4251 of 5000" classname="com.mindhub.homebanking.HomebankingApplicationTest" time="0.0"/>
  <testcase name="repetition 4252 of 5000" classname="com.mindhub.homebanking.HomebankingApplicationTest" time="0.001"/>
  <testcase name="repetition 4253 of 5000" classname="com.mindhub.homebanking.HomebankingApplicationTest" time="0.0"/>
  <testcase name="repetition 4254 of 5000" classname="com.mindhub.homebanking.HomebankingApplicationTest" time="0.0"/>
  <testcase name="repetition 4255 of 5000" classname="com.mindhub.homebanking.HomebankingApplicationTest" time="0.001"/>
  <testcase name="repetition 4256 of 5000" classname="com.mindhub.homebanking.HomebankingApplicationTest" time="0.001"/>
  <testcase name="repetition 4257 of 5000" classname="com.mindhub.homebanking.HomebankingApplicationTest" time="0.0"/>
  <testcase name="repetition 4258 of 5000" classname="com.mindhub.homebanking.HomebankingApplicationTest" time="0.001"/>
  <testcase name="repetition 4259 of 5000" classname="com.mindhub.homebanking.HomebankingApplicationTest" time="0.0"/>
  <testcase name="repetition 4260 of 5000" classname="com.mindhub.homebanking.HomebankingApplicationTest" time="0.001"/>
  <testcase name="repetition 4261 of 5000" classname="com.mindhub.homebanking.HomebankingApplicationTest" time="0.0"/>
  <testcase name="repetition 4262 of 5000" classname="com.mindhub.homebanking.HomebankingApplicationTest" time="0.001"/>
  <testcase name="repetition 4263 of 5000" classname="com.mindhub.homebanking.HomebankingApplicationTest" time="0.001"/>
  <testcase name="repetition 4264 of 5000" classname="com.mindhub.homebanking.HomebankingApplicationTest" time="0.001"/>
  <testcase name="repetition 4265 of 5000" classname="com.mindhub.homebanking.HomebankingApplicationTest" time="0.001"/>
  <testcase name="repetition 4266 of 5000" classname="com.mindhub.homebanking.HomebankingApplicationTest" time="0.001"/>
  <testcase name="repetition 4267 of 5000" classname="com.mindhub.homebanking.HomebankingApplicationTest" time="0.0"/>
  <testcase name="repetition 4268 of 5000" classname="com.mindhub.homebanking.HomebankingApplicationTest" time="0.001"/>
  <testcase name="repetition 4269 of 5000" classname="com.mindhub.homebanking.HomebankingApplicationTest" time="0.0"/>
  <testcase name="repetition 4270 of 5000" classname="com.mindhub.homebanking.HomebankingApplicationTest" time="0.001"/>
  <testcase name="repetition 4271 of 5000" classname="com.mindhub.homebanking.HomebankingApplicationTest" time="0.0"/>
  <testcase name="repetition 4272 of 5000" classname="com.mindhub.homebanking.HomebankingApplicationTest" time="0.001"/>
  <testcase name="repetition 4273 of 5000" classname="com.mindhub.homebanking.HomebankingApplicationTest" time="0.0"/>
  <testcase name="repetition 4274 of 5000" classname="com.mindhub.homebanking.HomebankingApplicationTest" time="0.0"/>
  <testcase name="repetition 4275 of 5000" classname="com.mindhub.homebanking.HomebankingApplicationTest" time="0.001"/>
  <testcase name="repetition 4276 of 5000" classname="com.mindhub.homebanking.HomebankingApplicationTest" time="0.0"/>
  <testcase name="repetition 4277 of 5000" classname="com.mindhub.homebanking.HomebankingApplicationTest" time="0.001"/>
  <testcase name="repetition 4278 of 5000" classname="com.mindhub.homebanking.HomebankingApplicationTest" time="0.001"/>
  <testcase name="repetition 4279 of 5000" classname="com.mindhub.homebanking.HomebankingApplicationTest" time="0.001"/>
  <testcase name="repetition 4280 of 5000" classname="com.mindhub.homebanking.HomebankingApplicationTest" time="0.0"/>
  <testcase name="repetition 4281 of 5000" classname="com.mindhub.homebanking.HomebankingApplicationTest" time="0.0"/>
  <testcase name="repetition 4282 of 5000" classname="com.mindhub.homebanking.HomebankingApplicationTest" time="0.001"/>
  <testcase name="repetition 4283 of 5000" classname="com.mindhub.homebanking.HomebankingApplicationTest" time="0.001"/>
  <testcase name="repetition 4284 of 5000" classname="com.mindhub.homebanking.HomebankingApplicationTest" time="0.0"/>
  <testcase name="repetition 4285 of 5000" classname="com.mindhub.homebanking.HomebankingApplicationTest" time="0.001"/>
  <testcase name="repetition 4286 of 5000" classname="com.mindhub.homebanking.HomebankingApplicationTest" time="0.001"/>
  <testcase name="repetition 4287 of 5000" classname="com.mindhub.homebanking.HomebankingApplicationTest" time="0.001"/>
  <testcase name="repetition 4288 of 5000" classname="com.mindhub.homebanking.HomebankingApplicationTest" time="0.001"/>
  <testcase name="repetition 4289 of 5000" classname="com.mindhub.homebanking.HomebankingApplicationTest" time="0.0"/>
  <testcase name="repetition 4290 of 5000" classname="com.mindhub.homebanking.HomebankingApplicationTest" time="0.001"/>
  <testcase name="repetition 4291 of 5000" classname="com.mindhub.homebanking.HomebankingApplicationTest" time="0.001"/>
  <testcase name="repetition 4292 of 5000" classname="com.mindhub.homebanking.HomebankingApplicationTest" time="0.0"/>
  <testcase name="repetition 4293 of 5000" classname="com.mindhub.homebanking.HomebankingApplicationTest" time="0.001"/>
  <testcase name="repetition 4294 of 5000" classname="com.mindhub.homebanking.HomebankingApplicationTest" time="0.0"/>
  <testcase name="repetition 4295 of 5000" classname="com.mindhub.homebanking.HomebankingApplicationTest" time="0.001"/>
  <testcase name="repetition 4296 of 5000" classname="com.mindhub.homebanking.HomebankingApplicationTest" time="0.001"/>
  <testcase name="repetition 4297 of 5000" classname="com.mindhub.homebanking.HomebankingApplicationTest" time="0.001"/>
  <testcase name="repetition 4298 of 5000" classname="com.mindhub.homebanking.HomebankingApplicationTest" time="0.0"/>
  <testcase name="repetition 4299 of 5000" classname="com.mindhub.homebanking.HomebankingApplicationTest" time="0.0"/>
  <testcase name="repetition 4300 of 5000" classname="com.mindhub.homebanking.HomebankingApplicationTest" time="0.0"/>
  <testcase name="repetition 4301 of 5000" classname="com.mindhub.homebanking.HomebankingApplicationTest" time="0.001"/>
  <testcase name="repetition 4302 of 5000" classname="com.mindhub.homebanking.HomebankingApplicationTest" time="0.001"/>
  <testcase name="repetition 4303 of 5000" classname="com.mindhub.homebanking.HomebankingApplicationTest" time="0.001"/>
  <testcase name="repetition 4304 of 5000" classname="com.mindhub.homebanking.HomebankingApplicationTest" time="0.0"/>
  <testcase name="repetition 4305 of 5000" classname="com.mindhub.homebanking.HomebankingApplicationTest" time="0.001"/>
  <testcase name="repetition 4306 of 5000" classname="com.mindhub.homebanking.HomebankingApplicationTest" time="0.001"/>
  <testcase name="repetition 4307 of 5000" classname="com.mindhub.homebanking.HomebankingApplicationTest" time="0.0"/>
  <testcase name="repetition 4308 of 5000" classname="com.mindhub.homebanking.HomebankingApplicationTest" time="0.001"/>
  <testcase name="repetition 4309 of 5000" classname="com.mindhub.homebanking.HomebankingApplicationTest" time="0.0"/>
  <testcase name="repetition 4310 of 5000" classname="com.mindhub.homebanking.HomebankingApplicationTest" time="0.001"/>
  <testcase name="repetition 4311 of 5000" classname="com.mindhub.homebanking.HomebankingApplicationTest" time="0.0"/>
  <testcase name="repetition 4312 of 5000" classname="com.mindhub.homebanking.HomebankingApplicationTest" time="0.0"/>
  <testcase name="repetition 4313 of 5000" classname="com.mindhub.homebanking.HomebankingApplicationTest" time="0.001"/>
  <testcase name="repetition 4314 of 5000" classname="com.mindhub.homebanking.HomebankingApplicationTest" time="0.0"/>
  <testcase name="repetition 4315 of 5000" classname="com.mindhub.homebanking.HomebankingApplicationTest" time="0.001"/>
  <testcase name="repetition 4316 of 5000" classname="com.mindhub.homebanking.HomebankingApplicationTest" time="0.0"/>
  <testcase name="repetition 4317 of 5000" classname="com.mindhub.homebanking.HomebankingApplicationTest" time="0.001"/>
  <testcase name="repetition 4318 of 5000" classname="com.mindhub.homebanking.HomebankingApplicationTest" time="0.0"/>
  <testcase name="repetition 4319 of 5000" classname="com.mindhub.homebanking.HomebankingApplicationTest" time="0.001"/>
  <testcase name="repetition 4320 of 5000" classname="com.mindhub.homebanking.HomebankingApplicationTest" time="0.0"/>
  <testcase name="repetition 4321 of 5000" classname="com.mindhub.homebanking.HomebankingApplicationTest" time="0.0"/>
  <testcase name="repetition 4322 of 5000" classname="com.mindhub.homebanking.HomebankingApplicationTest" time="0.0"/>
  <testcase name="repetition 4323 of 5000" classname="com.mindhub.homebanking.HomebankingApplicationTest" time="0.001"/>
  <testcase name="repetition 4324 of 5000" classname="com.mindhub.homebanking.HomebankingApplicationTest" time="0.0"/>
  <testcase name="repetition 4325 of 5000" classname="com.mindhub.homebanking.HomebankingApplicationTest" time="0.0"/>
  <testcase name="repetition 4326 of 5000" classname="com.mindhub.homebanking.HomebankingApplicationTest" time="0.001"/>
  <testcase name="repetition 4327 of 5000" classname="com.mindhub.homebanking.HomebankingApplicationTest" time="0.0"/>
  <testcase name="repetition 4328 of 5000" classname="com.mindhub.homebanking.HomebankingApplicationTest" time="0.001"/>
  <testcase name="repetition 4329 of 5000" classname="com.mindhub.homebanking.HomebankingApplicationTest" time="0.0"/>
  <testcase name="repetition 4330 of 5000" classname="com.mindhub.homebanking.HomebankingApplicationTest" time="0.001"/>
  <testcase name="repetition 4331 of 5000" classname="com.mindhub.homebanking.HomebankingApplicationTest" time="0.0"/>
  <testcase name="repetition 4332 of 5000" classname="com.mindhub.homebanking.HomebankingApplicationTest" time="0.001"/>
  <testcase name="repetition 4333 of 5000" classname="com.mindhub.homebanking.HomebankingApplicationTest" time="0.0"/>
  <testcase name="repetition 4334 of 5000" classname="com.mindhub.homebanking.HomebankingApplicationTest" time="0.001"/>
  <testcase name="repetition 4335 of 5000" classname="com.mindhub.homebanking.HomebankingApplicationTest" time="0.0"/>
  <testcase name="repetition 4336 of 5000" classname="com.mindhub.homebanking.HomebankingApplicationTest" time="0.001"/>
  <testcase name="repetition 4337 of 5000" classname="com.mindhub.homebanking.HomebankingApplicationTest" time="0.0"/>
  <testcase name="repetition 4338 of 5000" classname="com.mindhub.homebanking.HomebankingApplicationTest" time="0.001"/>
  <testcase name="repetition 4339 of 5000" classname="com.mindhub.homebanking.HomebankingApplicationTest" time="0.001"/>
  <testcase name="repetition 4340 of 5000" classname="com.mindhub.homebanking.HomebankingApplicationTest" time="0.0"/>
  <testcase name="repetition 4341 of 5000" classname="com.mindhub.homebanking.HomebankingApplicationTest" time="0.0"/>
  <testcase name="repetition 4342 of 5000" classname="com.mindhub.homebanking.HomebankingApplicationTest" time="0.0"/>
  <testcase name="repetition 4343 of 5000" classname="com.mindhub.homebanking.HomebankingApplicationTest" time="0.001"/>
  <testcase name="repetition 4344 of 5000" classname="com.mindhub.homebanking.HomebankingApplicationTest" time="0.001"/>
  <testcase name="repetition 4345 of 5000" classname="com.mindhub.homebanking.HomebankingApplicationTest" time="0.0"/>
  <testcase name="repetition 4346 of 5000" classname="com.mindhub.homebanking.HomebankingApplicationTest" time="0.001"/>
  <testcase name="repetition 4347 of 5000" classname="com.mindhub.homebanking.HomebankingApplicationTest" time="0.0"/>
  <testcase name="repetition 4348 of 5000" classname="com.mindhub.homebanking.HomebankingApplicationTest" time="0.001"/>
  <testcase name="repetition 4349 of 5000" classname="com.mindhub.homebanking.HomebankingApplicationTest" time="0.0"/>
  <testcase name="repetition 4350 of 5000" classname="com.mindhub.homebanking.HomebankingApplicationTest" time="0.001"/>
  <testcase name="repetition 4351 of 5000" classname="com.mindhub.homebanking.HomebankingApplicationTest" time="0.001"/>
  <testcase name="repetition 4352 of 5000" classname="com.mindhub.homebanking.HomebankingApplicationTest" time="0.001"/>
  <testcase name="repetition 4353 of 5000" classname="com.mindhub.homebanking.HomebankingApplicationTest" time="0.001"/>
  <testcase name="repetition 4354 of 5000" classname="com.mindhub.homebanking.HomebankingApplicationTest" time="0.001"/>
  <testcase name="repetition 4355 of 5000" classname="com.mindhub.homebanking.HomebankingApplicationTest" time="0.001"/>
  <testcase name="repetition 4356 of 5000" classname="com.mindhub.homebanking.HomebankingApplicationTest" time="0.0"/>
  <testcase name="repetition 4357 of 5000" classname="com.mindhub.homebanking.HomebankingApplicationTest" time="0.001"/>
  <testcase name="repetition 4358 of 5000" classname="com.mindhub.homebanking.HomebankingApplicationTest" time="0.001"/>
  <testcase name="repetition 4359 of 5000" classname="com.mindhub.homebanking.HomebankingApplicationTest" time="0.001"/>
  <testcase name="repetition 4360 of 5000" classname="com.mindhub.homebanking.HomebankingApplicationTest" time="0.0"/>
  <testcase name="repetition 4361 of 5000" classname="com.mindhub.homebanking.HomebankingApplicationTest" time="0.001"/>
  <testcase name="repetition 4362 of 5000" classname="com.mindhub.homebanking.HomebankingApplicationTest" time="0.0"/>
  <testcase name="repetition 4363 of 5000" classname="com.mindhub.homebanking.HomebankingApplicationTest" time="0.003"/>
  <testcase name="repetition 4364 of 5000" classname="com.mindhub.homebanking.HomebankingApplicationTest" time="0.001"/>
  <testcase name="repetition 4365 of 5000" classname="com.mindhub.homebanking.HomebankingApplicationTest" time="0.001"/>
  <testcase name="repetition 4366 of 5000" classname="com.mindhub.homebanking.HomebankingApplicationTest" time="0.001"/>
  <testcase name="repetition 4367 of 5000" classname="com.mindhub.homebanking.HomebankingApplicationTest" time="0.001"/>
  <testcase name="repetition 4368 of 5000" classname="com.mindhub.homebanking.HomebankingApplicationTest" time="0.002"/>
  <testcase name="repetition 4369 of 5000" classname="com.mindhub.homebanking.HomebankingApplicationTest" time="0.001"/>
  <testcase name="repetition 4370 of 5000" classname="com.mindhub.homebanking.HomebankingApplicationTest" time="0.0"/>
  <testcase name="repetition 4371 of 5000" classname="com.mindhub.homebanking.HomebankingApplicationTest" time="0.001"/>
  <testcase name="repetition 4372 of 5000" classname="com.mindhub.homebanking.HomebankingApplicationTest" time="0.0"/>
  <testcase name="repetition 4373 of 5000" classname="com.mindhub.homebanking.HomebankingApplicationTest" time="0.001"/>
  <testcase name="repetition 4374 of 5000" classname="com.mindhub.homebanking.HomebankingApplicationTest" time="0.0"/>
  <testcase name="repetition 4375 of 5000" classname="com.mindhub.homebanking.HomebankingApplicationTest" time="0.001"/>
  <testcase name="repetition 4376 of 5000" classname="com.mindhub.homebanking.HomebankingApplicationTest" time="0.001"/>
  <testcase name="repetition 4377 of 5000" classname="com.mindhub.homebanking.HomebankingApplicationTest" time="0.001"/>
  <testcase name="repetition 4378 of 5000" classname="com.mindhub.homebanking.HomebankingApplicationTest" time="0.001"/>
  <testcase name="repetition 4379 of 5000" classname="com.mindhub.homebanking.HomebankingApplicationTest" time="0.001"/>
  <testcase name="repetition 4380 of 5000" classname="com.mindhub.homebanking.HomebankingApplicationTest" time="0.0"/>
  <testcase name="repetition 4381 of 5000" classname="com.mindhub.homebanking.HomebankingApplicationTest" time="0.001"/>
  <testcase name="repetition 4382 of 5000" classname="com.mindhub.homebanking.HomebankingApplicationTest" time="0.0"/>
  <testcase name="repetition 4383 of 5000" classname="com.mindhub.homebanking.HomebankingApplicationTest" time="0.001"/>
  <testcase name="repetition 4384 of 5000" classname="com.mindhub.homebanking.HomebankingApplicationTest" time="0.0"/>
  <testcase name="repetition 4385 of 5000" classname="com.mindhub.homebanking.HomebankingApplicationTest" time="0.001"/>
  <testcase name="repetition 4386 of 5000" classname="com.mindhub.homebanking.HomebankingApplicationTest" time="0.0"/>
  <testcase name="repetition 4387 of 5000" classname="com.mindhub.homebanking.HomebankingApplicationTest" time="0.0"/>
  <testcase name="repetition 4388 of 5000" classname="com.mindhub.homebanking.HomebankingApplicationTest" time="0.001"/>
  <testcase name="repetition 4389 of 5000" classname="com.mindhub.homebanking.HomebankingApplicationTest" time="0.0"/>
  <testcase name="repetition 4390 of 5000" classname="com.mindhub.homebanking.HomebankingApplicationTest" time="0.001"/>
  <testcase name="repetition 4391 of 5000" classname="com.mindhub.homebanking.HomebankingApplicationTest" time="0.0"/>
  <testcase name="repetition 4392 of 5000" classname="com.mindhub.homebanking.HomebankingApplicationTest" time="0.0"/>
  <testcase name="repetition 4393 of 5000" classname="com.mindhub.homebanking.HomebankingApplicationTest" time="0.0"/>
  <testcase name="repetition 4394 of 5000" classname="com.mindhub.homebanking.HomebankingApplicationTest" time="0.001"/>
  <testcase name="repetition 4395 of 5000" classname="com.mindhub.homebanking.HomebankingApplicationTest" time="0.001"/>
  <testcase name="repetition 4396 of 5000" classname="com.mindhub.homebanking.HomebankingApplicationTest" time="0.0"/>
  <testcase name="repetition 4397 of 5000" classname="com.mindhub.homebanking.HomebankingApplicationTest" time="0.001"/>
  <testcase name="repetition 4398 of 5000" classname="com.mindhub.homebanking.HomebankingApplicationTest" time="0.0"/>
  <testcase name="repetition 4399 of 5000" classname="com.mindhub.homebanking.HomebankingApplicationTest" time="0.001"/>
  <testcase name="repetition 4400 of 5000" classname="com.mindhub.homebanking.HomebankingApplicationTest" time="0.0"/>
  <testcase name="repetition 4401 of 5000" classname="com.mindhub.homebanking.HomebankingApplicationTest" time="0.001"/>
  <testcase name="repetition 4402 of 5000" classname="com.mindhub.homebanking.HomebankingApplicationTest" time="0.0"/>
  <testcase name="repetition 4403 of 5000" classname="com.mindhub.homebanking.HomebankingApplicationTest" time="0.0"/>
  <testcase name="repetition 4404 of 5000" classname="com.mindhub.homebanking.HomebankingApplicationTest" time="0.0"/>
  <testcase name="repetition 4405 of 5000" classname="com.mindhub.homebanking.HomebankingApplicationTest" time="0.001"/>
  <testcase name="repetition 4406 of 5000" classname="com.mindhub.homebanking.HomebankingApplicationTest" time="0.0"/>
  <testcase name="repetition 4407 of 5000" classname="com.mindhub.homebanking.HomebankingApplicationTest" time="0.001"/>
  <testcase name="repetition 4408 of 5000" classname="com.mindhub.homebanking.HomebankingApplicationTest" time="0.0"/>
  <testcase name="repetition 4409 of 5000" classname="com.mindhub.homebanking.HomebankingApplicationTest" time="0.001"/>
  <testcase name="repetition 4410 of 5000" classname="com.mindhub.homebanking.HomebankingApplicationTest" time="0.0"/>
  <testcase name="repetition 4411 of 5000" classname="com.mindhub.homebanking.HomebankingApplicationTest" time="0.001"/>
  <testcase name="repetition 4412 of 5000" classname="com.mindhub.homebanking.HomebankingApplicationTest" time="0.0"/>
  <testcase name="repetition 4413 of 5000" classname="com.mindhub.homebanking.HomebankingApplicationTest" time="0.0"/>
  <testcase name="repetition 4414 of 5000" classname="com.mindhub.homebanking.HomebankingApplicationTest" time="0.0"/>
  <testcase name="repetition 4415 of 5000" classname="com.mindhub.homebanking.HomebankingApplicationTest" time="0.0"/>
  <testcase name="repetition 4416 of 5000" classname="com.mindhub.homebanking.HomebankingApplicationTest" time="0.001"/>
  <testcase name="repetition 4417 of 5000" classname="com.mindhub.homebanking.HomebankingApplicationTest" time="0.001"/>
  <testcase name="repetition 4418 of 5000" classname="com.mindhub.homebanking.HomebankingApplicationTest" time="0.0"/>
  <testcase name="repetition 4419 of 5000" classname="com.mindhub.homebanking.HomebankingApplicationTest" time="0.0"/>
  <testcase name="repetition 4420 of 5000" classname="com.mindhub.homebanking.HomebankingApplicationTest" time="0.001"/>
  <testcase name="repetition 4421 of 5000" classname="com.mindhub.homebanking.HomebankingApplicationTest" time="0.0"/>
  <testcase name="repetition 4422 of 5000" classname="com.mindhub.homebanking.HomebankingApplicationTest" time="0.001"/>
  <testcase name="repetition 4423 of 5000" classname="com.mindhub.homebanking.HomebankingApplicationTest" time="0.0"/>
  <testcase name="repetition 4424 of 5000" classname="com.mindhub.homebanking.HomebankingApplicationTest" time="0.0"/>
  <testcase name="repetition 4425 of 5000" classname="com.mindhub.homebanking.HomebankingApplicationTest" time="0.001"/>
  <testcase name="repetition 4426 of 5000" classname="com.mindhub.homebanking.HomebankingApplicationTest" time="0.0"/>
  <testcase name="repetition 4427 of 5000" classname="com.mindhub.homebanking.HomebankingApplicationTest" time="0.001"/>
  <testcase name="repetition 4428 of 5000" classname="com.mindhub.homebanking.HomebankingApplicationTest" time="0.0"/>
  <testcase name="repetition 4429 of 5000" classname="com.mindhub.homebanking.HomebankingApplicationTest" time="0.0"/>
  <testcase name="repetition 4430 of 5000" classname="com.mindhub.homebanking.HomebankingApplicationTest" time="0.0"/>
  <testcase name="repetition 4431 of 5000" classname="com.mindhub.homebanking.HomebankingApplicationTest" time="0.0"/>
  <testcase name="repetition 4432 of 5000" classname="com.mindhub.homebanking.HomebankingApplicationTest" time="0.001"/>
  <testcase name="repetition 4433 of 5000" classname="com.mindhub.homebanking.HomebankingApplicationTest" time="0.0"/>
  <testcase name="repetition 4434 of 5000" classname="com.mindhub.homebanking.HomebankingApplicationTest" time="0.001"/>
  <testcase name="repetition 4435 of 5000" classname="com.mindhub.homebanking.HomebankingApplicationTest" time="0.001"/>
  <testcase name="repetition 4436 of 5000" classname="com.mindhub.homebanking.HomebankingApplicationTest" time="0.0"/>
  <testcase name="repetition 4437 of 5000" classname="com.mindhub.homebanking.HomebankingApplicationTest" time="0.0"/>
  <testcase name="repetition 4438 of 5000" classname="com.mindhub.homebanking.HomebankingApplicationTest" time="0.001"/>
  <testcase name="repetition 4439 of 5000" classname="com.mindhub.homebanking.HomebankingApplicationTest" time="0.001"/>
  <testcase name="repetition 4440 of 5000" classname="com.mindhub.homebanking.HomebankingApplicationTest" time="0.0"/>
  <testcase name="repetition 4441 of 5000" classname="com.mindhub.homebanking.HomebankingApplicationTest" time="0.001"/>
  <testcase name="repetition 4442 of 5000" classname="com.mindhub.homebanking.HomebankingApplicationTest" time="0.0"/>
  <testcase name="repetition 4443 of 5000" classname="com.mindhub.homebanking.HomebankingApplicationTest" time="0.001"/>
  <testcase name="repetition 4444 of 5000" classname="com.mindhub.homebanking.HomebankingApplicationTest" time="0.0"/>
  <testcase name="repetition 4445 of 5000" classname="com.mindhub.homebanking.HomebankingApplicationTest" time="0.001"/>
  <testcase name="repetition 4446 of 5000" classname="com.mindhub.homebanking.HomebankingApplicationTest" time="0.001"/>
  <testcase name="repetition 4447 of 5000" classname="com.mindhub.homebanking.HomebankingApplicationTest" time="0.001"/>
  <testcase name="repetition 4448 of 5000" classname="com.mindhub.homebanking.HomebankingApplicationTest" time="0.0"/>
  <testcase name="repetition 4449 of 5000" classname="com.mindhub.homebanking.HomebankingApplicationTest" time="0.001"/>
  <testcase name="repetition 4450 of 5000" classname="com.mindhub.homebanking.HomebankingApplicationTest" time="0.0"/>
  <testcase name="repetition 4451 of 5000" classname="com.mindhub.homebanking.HomebankingApplicationTest" time="0.001"/>
  <testcase name="repetition 4452 of 5000" classname="com.mindhub.homebanking.HomebankingApplicationTest" time="0.0"/>
  <testcase name="repetition 4453 of 5000" classname="com.mindhub.homebanking.HomebankingApplicationTest" time="0.001"/>
  <testcase name="repetition 4454 of 5000" classname="com.mindhub.homebanking.HomebankingApplicationTest" time="0.0"/>
  <testcase name="repetition 4455 of 5000" classname="com.mindhub.homebanking.HomebankingApplicationTest" time="0.001"/>
  <testcase name="repetition 4456 of 5000" classname="com.mindhub.homebanking.HomebankingApplicationTest" time="0.0"/>
  <testcase name="repetition 4457 of 5000" classname="com.mindhub.homebanking.HomebankingApplicationTest" time="0.001"/>
  <testcase name="repetition 4458 of 5000" classname="com.mindhub.homebanking.HomebankingApplicationTest" time="0.001"/>
  <testcase name="repetition 4459 of 5000" classname="com.mindhub.homebanking.HomebankingApplicationTest" time="0.0"/>
  <testcase name="repetition 4460 of 5000" classname="com.mindhub.homebanking.HomebankingApplicationTest" time="0.001"/>
  <testcase name="repetition 4461 of 5000" classname="com.mindhub.homebanking.HomebankingApplicationTest" time="0.0"/>
  <testcase name="repetition 4462 of 5000" classname="com.mindhub.homebanking.HomebankingApplicationTest" time="0.001"/>
  <testcase name="repetition 4463 of 5000" classname="com.mindhub.homebanking.HomebankingApplicationTest" time="0.0"/>
  <testcase name="repetition 4464 of 5000" classname="com.mindhub.homebanking.HomebankingApplicationTest" time="0.0"/>
  <testcase name="repetition 4465 of 5000" classname="com.mindhub.homebanking.HomebankingApplicationTest" time="0.001"/>
  <testcase name="repetition 4466 of 5000" classname="com.mindhub.homebanking.HomebankingApplicationTest" time="0.0"/>
  <testcase name="repetition 4467 of 5000" classname="com.mindhub.homebanking.HomebankingApplicationTest" time="0.001"/>
  <testcase name="repetition 4468 of 5000" classname="com.mindhub.homebanking.HomebankingApplicationTest" time="0.0"/>
  <testcase name="repetition 4469 of 5000" classname="com.mindhub.homebanking.HomebankingApplicationTest" time="0.001"/>
  <testcase name="repetition 4470 of 5000" classname="com.mindhub.homebanking.HomebankingApplicationTest" time="0.0"/>
  <testcase name="repetition 4471 of 5000" classname="com.mindhub.homebanking.HomebankingApplicationTest" time="0.001"/>
  <testcase name="repetition 4472 of 5000" classname="com.mindhub.homebanking.HomebankingApplicationTest" time="0.0"/>
  <testcase name="repetition 4473 of 5000" classname="com.mindhub.homebanking.HomebankingApplicationTest" time="0.0"/>
  <testcase name="repetition 4474 of 5000" classname="com.mindhub.homebanking.HomebankingApplicationTest" time="0.001"/>
  <testcase name="repetition 4475 of 5000" classname="com.mindhub.homebanking.HomebankingApplicationTest" time="0.0"/>
  <testcase name="repetition 4476 of 5000" classname="com.mindhub.homebanking.HomebankingApplicationTest" time="0.001"/>
  <testcase name="repetition 4477 of 5000" classname="com.mindhub.homebanking.HomebankingApplicationTest" time="0.001"/>
  <testcase name="repetition 4478 of 5000" classname="com.mindhub.homebanking.HomebankingApplicationTest" time="0.0"/>
  <testcase name="repetition 4479 of 5000" classname="com.mindhub.homebanking.HomebankingApplicationTest" time="0.001"/>
  <testcase name="repetition 4480 of 5000" classname="com.mindhub.homebanking.HomebankingApplicationTest" time="0.0"/>
  <testcase name="repetition 4481 of 5000" classname="com.mindhub.homebanking.HomebankingApplicationTest" time="0.001"/>
  <testcase name="repetition 4482 of 5000" classname="com.mindhub.homebanking.HomebankingApplicationTest" time="0.0"/>
  <testcase name="repetition 4483 of 5000" classname="com.mindhub.homebanking.HomebankingApplicationTest" time="0.001"/>
  <testcase name="repetition 4484 of 5000" classname="com.mindhub.homebanking.HomebankingApplicationTest" time="0.0"/>
  <testcase name="repetition 4485 of 5000" classname="com.mindhub.homebanking.HomebankingApplicationTest" time="0.001"/>
  <testcase name="repetition 4486 of 5000" classname="com.mindhub.homebanking.HomebankingApplicationTest" time="0.0"/>
  <testcase name="repetition 4487 of 5000" classname="com.mindhub.homebanking.HomebankingApplicationTest" time="0.001"/>
  <testcase name="repetition 4488 of 5000" classname="com.mindhub.homebanking.HomebankingApplicationTest" time="0.001"/>
  <testcase name="repetition 4489 of 5000" classname="com.mindhub.homebanking.HomebankingApplicationTest" time="0.0"/>
  <testcase name="repetition 4490 of 5000" classname="com.mindhub.homebanking.HomebankingApplicationTest" time="0.001"/>
  <testcase name="repetition 4491 of 5000" classname="com.mindhub.homebanking.HomebankingApplicationTest" time="0.001"/>
  <testcase name="repetition 4492 of 5000" classname="com.mindhub.homebanking.HomebankingApplicationTest" time="0.001"/>
  <testcase name="repetition 4493 of 5000" classname="com.mindhub.homebanking.HomebankingApplicationTest" time="0.001"/>
  <testcase name="repetition 4494 of 5000" classname="com.mindhub.homebanking.HomebankingApplicationTest" time="0.0"/>
  <testcase name="repetition 4495 of 5000" classname="com.mindhub.homebanking.HomebankingApplicationTest" time="0.001"/>
  <testcase name="repetition 4496 of 5000" classname="com.mindhub.homebanking.HomebankingApplicationTest" time="0.001"/>
  <testcase name="repetition 4497 of 5000" classname="com.mindhub.homebanking.HomebankingApplicationTest" time="0.001"/>
  <testcase name="repetition 4498 of 5000" classname="com.mindhub.homebanking.HomebankingApplicationTest" time="0.001"/>
  <testcase name="repetition 4499 of 5000" classname="com.mindhub.homebanking.HomebankingApplicationTest" time="0.0"/>
  <testcase name="repetition 4500 of 5000" classname="com.mindhub.homebanking.HomebankingApplicationTest" time="0.001"/>
  <testcase name="repetition 4501 of 5000" classname="com.mindhub.homebanking.HomebankingApplicationTest" time="0.001"/>
  <testcase name="repetition 4502 of 5000" classname="com.mindhub.homebanking.HomebankingApplicationTest" time="0.0"/>
  <testcase name="repetition 4503 of 5000" classname="com.mindhub.homebanking.HomebankingApplicationTest" time="0.001"/>
  <testcase name="repetition 4504 of 5000" classname="com.mindhub.homebanking.HomebankingApplicationTest" time="0.001"/>
  <testcase name="repetition 4505 of 5000" classname="com.mindhub.homebanking.HomebankingApplicationTest" time="0.0"/>
  <testcase name="repetition 4506 of 5000" classname="com.mindhub.homebanking.HomebankingApplicationTest" time="0.0"/>
  <testcase name="repetition 4507 of 5000" classname="com.mindhub.homebanking.HomebankingApplicationTest" time="0.0"/>
  <testcase name="repetition 4508 of 5000" classname="com.mindhub.homebanking.HomebankingApplicationTest" time="0.001"/>
  <testcase name="repetition 4509 of 5000" classname="com.mindhub.homebanking.HomebankingApplicationTest" time="0.0"/>
  <testcase name="repetition 4510 of 5000" classname="com.mindhub.homebanking.HomebankingApplicationTest" time="0.001"/>
  <testcase name="repetition 4511 of 5000" classname="com.mindhub.homebanking.HomebankingApplicationTest" time="0.0"/>
  <testcase name="repetition 4512 of 5000" classname="com.mindhub.homebanking.HomebankingApplicationTest" time="0.001"/>
  <testcase name="repetition 4513 of 5000" classname="com.mindhub.homebanking.HomebankingApplicationTest" time="0.0"/>
  <testcase name="repetition 4514 of 5000" classname="com.mindhub.homebanking.HomebankingApplicationTest" time="0.0"/>
  <testcase name="repetition 4515 of 5000" classname="com.mindhub.homebanking.HomebankingApplicationTest" time="0.0"/>
  <testcase name="repetition 4516 of 5000" classname="com.mindhub.homebanking.HomebankingApplicationTest" time="0.0"/>
  <testcase name="repetition 4517 of 5000" classname="com.mindhub.homebanking.HomebankingApplicationTest" time="0.0"/>
  <testcase name="repetition 4518 of 5000" classname="com.mindhub.homebanking.HomebankingApplicationTest" time="0.001"/>
  <testcase name="repetition 4519 of 5000" classname="com.mindhub.homebanking.HomebankingApplicationTest" time="0.0"/>
  <testcase name="repetition 4520 of 5000" classname="com.mindhub.homebanking.HomebankingApplicationTest" time="0.0"/>
  <testcase name="repetition 4521 of 5000" classname="com.mindhub.homebanking.HomebankingApplicationTest" time="0.001"/>
  <testcase name="repetition 4522 of 5000" classname="com.mindhub.homebanking.HomebankingApplicationTest" time="0.0"/>
  <testcase name="repetition 4523 of 5000" classname="com.mindhub.homebanking.HomebankingApplicationTest" time="0.0"/>
  <testcase name="repetition 4524 of 5000" classname="com.mindhub.homebanking.HomebankingApplicationTest" time="0.0"/>
  <testcase name="repetition 4525 of 5000" classname="com.mindhub.homebanking.HomebankingApplicationTest" time="0.0"/>
  <testcase name="repetition 4526 of 5000" classname="com.mindhub.homebanking.HomebankingApplicationTest" time="0.001"/>
  <testcase name="repetition 4527 of 5000" classname="com.mindhub.homebanking.HomebankingApplicationTest" time="0.0"/>
  <testcase name="repetition 4528 of 5000" classname="com.mindhub.homebanking.HomebankingApplicationTest" time="0.001"/>
  <testcase name="repetition 4529 of 5000" classname="com.mindhub.homebanking.HomebankingApplicationTest" time="0.0"/>
  <testcase name="repetition 4530 of 5000" classname="com.mindhub.homebanking.HomebankingApplicationTest" time="0.001"/>
  <testcase name="repetition 4531 of 5000" classname="com.mindhub.homebanking.HomebankingApplicationTest" time="0.0"/>
  <testcase name="repetition 4532 of 5000" classname="com.mindhub.homebanking.HomebankingApplicationTest" time="0.0"/>
  <testcase name="repetition 4533 of 5000" classname="com.mindhub.homebanking.HomebankingApplicationTest" time="0.001"/>
  <testcase name="repetition 4534 of 5000" classname="com.mindhub.homebanking.HomebankingApplicationTest" time="0.0"/>
  <testcase name="repetition 4535 of 5000" classname="com.mindhub.homebanking.HomebankingApplicationTest" time="0.001"/>
  <testcase name="repetition 4536 of 5000" classname="com.mindhub.homebanking.HomebankingApplicationTest" time="0.001"/>
  <testcase name="repetition 4537 of 5000" classname="com.mindhub.homebanking.HomebankingApplicationTest" time="0.001"/>
  <testcase name="repetition 4538 of 5000" classname="com.mindhub.homebanking.HomebankingApplicationTest" time="0.001"/>
  <testcase name="repetition 4539 of 5000" classname="com.mindhub.homebanking.HomebankingApplicationTest" time="0.0"/>
  <testcase name="repetition 4540 of 5000" classname="com.mindhub.homebanking.HomebankingApplicationTest" time="0.001"/>
  <testcase name="repetition 4541 of 5000" classname="com.mindhub.homebanking.HomebankingApplicationTest" time="0.001"/>
  <testcase name="repetition 4542 of 5000" classname="com.mindhub.homebanking.HomebankingApplicationTest" time="0.0"/>
  <testcase name="repetition 4543 of 5000" classname="com.mindhub.homebanking.HomebankingApplicationTest" time="0.001"/>
  <testcase name="repetition 4544 of 5000" classname="com.mindhub.homebanking.HomebankingApplicationTest" time="0.0"/>
  <testcase name="repetition 4545 of 5000" classname="com.mindhub.homebanking.HomebankingApplicationTest" time="0.001"/>
  <testcase name="repetition 4546 of 5000" classname="com.mindhub.homebanking.HomebankingApplicationTest" time="0.0"/>
  <testcase name="repetition 4547 of 5000" classname="com.mindhub.homebanking.HomebankingApplicationTest" time="0.001"/>
  <testcase name="repetition 4548 of 5000" classname="com.mindhub.homebanking.HomebankingApplicationTest" time="0.001"/>
  <testcase name="repetition 4549 of 5000" classname="com.mindhub.homebanking.HomebankingApplicationTest" time="0.0"/>
  <testcase name="repetition 4550 of 5000" classname="com.mindhub.homebanking.HomebankingApplicationTest" time="0.001"/>
  <testcase name="repetition 4551 of 5000" classname="com.mindhub.homebanking.HomebankingApplicationTest" time="0.0"/>
  <testcase name="repetition 4552 of 5000" classname="com.mindhub.homebanking.HomebankingApplicationTest" time="0.001"/>
  <testcase name="repetition 4553 of 5000" classname="com.mindhub.homebanking.HomebankingApplicationTest" time="0.0"/>
  <testcase name="repetition 4554 of 5000" classname="com.mindhub.homebanking.HomebankingApplicationTest" time="0.001"/>
  <testcase name="repetition 4555 of 5000" classname="com.mindhub.homebanking.HomebankingApplicationTest" time="0.0"/>
  <testcase name="repetition 4556 of 5000" classname="com.mindhub.homebanking.HomebankingApplicationTest" time="0.001"/>
  <testcase name="repetition 4557 of 5000" classname="com.mindhub.homebanking.HomebankingApplicationTest" time="0.001"/>
  <testcase name="repetition 4558 of 5000" classname="com.mindhub.homebanking.HomebankingApplicationTest" time="0.001"/>
  <testcase name="repetition 4559 of 5000" classname="com.mindhub.homebanking.HomebankingApplicationTest" time="0.001"/>
  <testcase name="repetition 4560 of 5000" classname="com.mindhub.homebanking.HomebankingApplicationTest" time="0.001"/>
  <testcase name="repetition 4561 of 5000" classname="com.mindhub.homebanking.HomebankingApplicationTest" time="0.001"/>
  <testcase name="repetition 4562 of 5000" classname="com.mindhub.homebanking.HomebankingApplicationTest" time="0.001"/>
  <testcase name="repetition 4563 of 5000" classname="com.mindhub.homebanking.HomebankingApplicationTest" time="0.001"/>
  <testcase name="repetition 4564 of 5000" classname="com.mindhub.homebanking.HomebankingApplicationTest" time="0.0"/>
  <testcase name="repetition 4565 of 5000" classname="com.mindhub.homebanking.HomebankingApplicationTest" time="0.001"/>
  <testcase name="repetition 4566 of 5000" classname="com.mindhub.homebanking.HomebankingApplicationTest" time="0.0"/>
  <testcase name="repetition 4567 of 5000" classname="com.mindhub.homebanking.HomebankingApplicationTest" time="0.0"/>
  <testcase name="repetition 4568 of 5000" classname="com.mindhub.homebanking.HomebankingApplicationTest" time="0.001"/>
  <testcase name="repetition 4569 of 5000" classname="com.mindhub.homebanking.HomebankingApplicationTest" time="0.001"/>
  <testcase name="repetition 4570 of 5000" classname="com.mindhub.homebanking.HomebankingApplicationTest" time="0.001"/>
  <testcase name="repetition 4571 of 5000" classname="com.mindhub.homebanking.HomebankingApplicationTest" time="0.001"/>
  <testcase name="repetition 4572 of 5000" classname="com.mindhub.homebanking.HomebankingApplicationTest" time="0.0"/>
  <testcase name="repetition 4573 of 5000" classname="com.mindhub.homebanking.HomebankingApplicationTest" time="0.001"/>
  <testcase name="repetition 4574 of 5000" classname="com.mindhub.homebanking.HomebankingApplicationTest" time="0.001"/>
  <testcase name="repetition 4575 of 5000" classname="com.mindhub.homebanking.HomebankingApplicationTest" time="0.0"/>
  <testcase name="repetition 4576 of 5000" classname="com.mindhub.homebanking.HomebankingApplicationTest" time="0.001"/>
  <testcase name="repetition 4577 of 5000" classname="com.mindhub.homebanking.HomebankingApplicationTest" time="0.0"/>
  <testcase name="repetition 4578 of 5000" classname="com.mindhub.homebanking.HomebankingApplicationTest" time="0.001"/>
  <testcase name="repetition 4579 of 5000" classname="com.mindhub.homebanking.HomebankingApplicationTest" time="0.001"/>
  <testcase name="repetition 4580 of 5000" classname="com.mindhub.homebanking.HomebankingApplicationTest" time="0.001"/>
  <testcase name="repetition 4581 of 5000" classname="com.mindhub.homebanking.HomebankingApplicationTest" time="0.0"/>
  <testcase name="repetition 4582 of 5000" classname="com.mindhub.homebanking.HomebankingApplicationTest" time="0.001"/>
  <testcase name="repetition 4583 of 5000" classname="com.mindhub.homebanking.HomebankingApplicationTest" time="0.0"/>
  <testcase name="repetition 4584 of 5000" classname="com.mindhub.homebanking.HomebankingApplicationTest" time="0.001"/>
  <testcase name="repetition 4585 of 5000" classname="com.mindhub.homebanking.HomebankingApplicationTest" time="0.0"/>
  <testcase name="repetition 4586 of 5000" classname="com.mindhub.homebanking.HomebankingApplicationTest" time="0.001"/>
  <testcase name="repetition 4587 of 5000" classname="com.mindhub.homebanking.HomebankingApplicationTest" time="0.0"/>
  <testcase name="repetition 4588 of 5000" classname="com.mindhub.homebanking.HomebankingApplicationTest" time="0.001"/>
  <testcase name="repetition 4589 of 5000" classname="com.mindhub.homebanking.HomebankingApplicationTest" time="0.0"/>
  <testcase name="repetition 4590 of 5000" classname="com.mindhub.homebanking.HomebankingApplicationTest" time="0.001"/>
  <testcase name="repetition 4591 of 5000" classname="com.mindhub.homebanking.HomebankingApplicationTest" time="0.0"/>
  <testcase name="repetition 4592 of 5000" classname="com.mindhub.homebanking.HomebankingApplicationTest" time="0.001"/>
  <testcase name="repetition 4593 of 5000" classname="com.mindhub.homebanking.HomebankingApplicationTest" time="0.0"/>
  <testcase name="repetition 4594 of 5000" classname="com.mindhub.homebanking.HomebankingApplicationTest" time="0.001"/>
  <testcase name="repetition 4595 of 5000" classname="com.mindhub.homebanking.HomebankingApplicationTest" time="0.0"/>
  <testcase name="repetition 4596 of 5000" classname="com.mindhub.homebanking.HomebankingApplicationTest" time="0.001"/>
  <testcase name="repetition 4597 of 5000" classname="com.mindhub.homebanking.HomebankingApplicationTest" time="0.0"/>
  <testcase name="repetition 4598 of 5000" classname="com.mindhub.homebanking.HomebankingApplicationTest" time="0.0"/>
  <testcase name="repetition 4599 of 5000" classname="com.mindhub.homebanking.HomebankingApplicationTest" time="0.001"/>
  <testcase name="repetition 4600 of 5000" classname="com.mindhub.homebanking.HomebankingApplicationTest" time="0.001"/>
  <testcase name="repetition 4601 of 5000" classname="com.mindhub.homebanking.HomebankingApplicationTest" time="0.0"/>
  <testcase name="repetition 4602 of 5000" classname="com.mindhub.homebanking.HomebankingApplicationTest" time="0.001"/>
  <testcase name="repetition 4603 of 5000" classname="com.mindhub.homebanking.HomebankingApplicationTest" time="0.0"/>
  <testcase name="repetition 4604 of 5000" classname="com.mindhub.homebanking.HomebankingApplicationTest" time="0.0"/>
  <testcase name="repetition 4605 of 5000" classname="com.mindhub.homebanking.HomebankingApplicationTest" time="0.001"/>
  <testcase name="repetition 4606 of 5000" classname="com.mindhub.homebanking.HomebankingApplicationTest" time="0.0"/>
  <testcase name="repetition 4607 of 5000" classname="com.mindhub.homebanking.HomebankingApplicationTest" time="0.001"/>
  <testcase name="repetition 4608 of 5000" classname="com.mindhub.homebanking.HomebankingApplicationTest" time="0.001"/>
  <testcase name="repetition 4609 of 5000" classname="com.mindhub.homebanking.HomebankingApplicationTest" time="0.001"/>
  <testcase name="repetition 4610 of 5000" classname="com.mindhub.homebanking.HomebankingApplicationTest" time="0.0"/>
  <testcase name="repetition 4611 of 5000" classname="com.mindhub.homebanking.HomebankingApplicationTest" time="0.0"/>
  <testcase name="repetition 4612 of 5000" classname="com.mindhub.homebanking.HomebankingApplicationTest" time="0.001"/>
  <testcase name="repetition 4613 of 5000" classname="com.mindhub.homebanking.HomebankingApplicationTest" time="0.001"/>
  <testcase name="repetition 4614 of 5000" classname="com.mindhub.homebanking.HomebankingApplicationTest" time="0.001"/>
  <testcase name="repetition 4615 of 5000" classname="com.mindhub.homebanking.HomebankingApplicationTest" time="0.001"/>
  <testcase name="repetition 4616 of 5000" classname="com.mindhub.homebanking.HomebankingApplicationTest" time="0.0"/>
  <testcase name="repetition 4617 of 5000" classname="com.mindhub.homebanking.HomebankingApplicationTest" time="0.001"/>
  <testcase name="repetition 4618 of 5000" classname="com.mindhub.homebanking.HomebankingApplicationTest" time="0.0"/>
  <testcase name="repetition 4619 of 5000" classname="com.mindhub.homebanking.HomebankingApplicationTest" time="0.001"/>
  <testcase name="repetition 4620 of 5000" classname="com.mindhub.homebanking.HomebankingApplicationTest" time="0.0"/>
  <testcase name="repetition 4621 of 5000" classname="com.mindhub.homebanking.HomebankingApplicationTest" time="0.001"/>
  <testcase name="repetition 4622 of 5000" classname="com.mindhub.homebanking.HomebankingApplicationTest" time="0.0"/>
  <testcase name="repetition 4623 of 5000" classname="com.mindhub.homebanking.HomebankingApplicationTest" time="0.0"/>
  <testcase name="repetition 4624 of 5000" classname="com.mindhub.homebanking.HomebankingApplicationTest" time="0.001"/>
  <testcase name="repetition 4625 of 5000" classname="com.mindhub.homebanking.HomebankingApplicationTest" time="0.0"/>
  <testcase name="repetition 4626 of 5000" classname="com.mindhub.homebanking.HomebankingApplicationTest" time="0.001"/>
  <testcase name="repetition 4627 of 5000" classname="com.mindhub.homebanking.HomebankingApplicationTest" time="0.0"/>
  <testcase name="repetition 4628 of 5000" classname="com.mindhub.homebanking.HomebankingApplicationTest" time="0.001"/>
  <testcase name="repetition 4629 of 5000" classname="com.mindhub.homebanking.HomebankingApplicationTest" time="0.0"/>
  <testcase name="repetition 4630 of 5000" classname="com.mindhub.homebanking.HomebankingApplicationTest" time="0.001"/>
  <testcase name="repetition 4631 of 5000" classname="com.mindhub.homebanking.HomebankingApplicationTest" time="0.0"/>
  <testcase name="repetition 4632 of 5000" classname="com.mindhub.homebanking.HomebankingApplicationTest" time="0.001"/>
  <testcase name="repetition 4633 of 5000" classname="com.mindhub.homebanking.HomebankingApplicationTest" time="0.0"/>
  <testcase name="repetition 4634 of 5000" classname="com.mindhub.homebanking.HomebankingApplicationTest" time="0.001"/>
  <testcase name="repetition 4635 of 5000" classname="com.mindhub.homebanking.HomebankingApplicationTest" time="0.001"/>
  <testcase name="repetition 4636 of 5000" classname="com.mindhub.homebanking.HomebankingApplicationTest" time="0.0"/>
  <testcase name="repetition 4637 of 5000" classname="com.mindhub.homebanking.HomebankingApplicationTest" time="0.001"/>
  <testcase name="repetition 4638 of 5000" classname="com.mindhub.homebanking.HomebankingApplicationTest" time="0.0"/>
  <testcase name="repetition 4639 of 5000" classname="com.mindhub.homebanking.HomebankingApplicationTest" time="0.001"/>
  <testcase name="repetition 4640 of 5000" classname="com.mindhub.homebanking.HomebankingApplicationTest" time="0.0"/>
  <testcase name="repetition 4641 of 5000" classname="com.mindhub.homebanking.HomebankingApplicationTest" time="0.0"/>
  <testcase name="repetition 4642 of 5000" classname="com.mindhub.homebanking.HomebankingApplicationTest" time="0.0"/>
  <testcase name="repetition 4643 of 5000" classname="com.mindhub.homebanking.HomebankingApplicationTest" time="0.0"/>
  <testcase name="repetition 4644 of 5000" classname="com.mindhub.homebanking.HomebankingApplicationTest" time="0.001"/>
  <testcase name="repetition 4645 of 5000" classname="com.mindhub.homebanking.HomebankingApplicationTest" time="0.0"/>
  <testcase name="repetition 4646 of 5000" classname="com.mindhub.homebanking.HomebankingApplicationTest" time="0.001"/>
  <testcase name="repetition 4647 of 5000" classname="com.mindhub.homebanking.HomebankingApplicationTest" time="0.0"/>
  <testcase name="repetition 4648 of 5000" classname="com.mindhub.homebanking.HomebankingApplicationTest" time="0.001"/>
  <testcase name="repetition 4649 of 5000" classname="com.mindhub.homebanking.HomebankingApplicationTest" time="0.001"/>
  <testcase name="repetition 4650 of 5000" classname="com.mindhub.homebanking.HomebankingApplicationTest" time="0.0"/>
  <testcase name="repetition 4651 of 5000" classname="com.mindhub.homebanking.HomebankingApplicationTest" time="0.0"/>
  <testcase name="repetition 4652 of 5000" classname="com.mindhub.homebanking.HomebankingApplicationTest" time="0.001"/>
  <testcase name="repetition 4653 of 5000" classname="com.mindhub.homebanking.HomebankingApplicationTest" time="0.0"/>
  <testcase name="repetition 4654 of 5000" classname="com.mindhub.homebanking.HomebankingApplicationTest" time="0.0"/>
  <testcase name="repetition 4655 of 5000" classname="com.mindhub.homebanking.HomebankingApplicationTest" time="0.0"/>
  <testcase name="repetition 4656 of 5000" classname="com.mindhub.homebanking.HomebankingApplicationTest" time="0.001"/>
  <testcase name="repetition 4657 of 5000" classname="com.mindhub.homebanking.HomebankingApplicationTest" time="0.0"/>
  <testcase name="repetition 4658 of 5000" classname="com.mindhub.homebanking.HomebankingApplicationTest" time="0.001"/>
  <testcase name="repetition 4659 of 5000" classname="com.mindhub.homebanking.HomebankingApplicationTest" time="0.0"/>
  <testcase name="repetition 4660 of 5000" classname="com.mindhub.homebanking.HomebankingApplicationTest" time="0.001"/>
  <testcase name="repetition 4661 of 5000" classname="com.mindhub.homebanking.HomebankingApplicationTest" time="0.0"/>
  <testcase name="repetition 4662 of 5000" classname="com.mindhub.homebanking.HomebankingApplicationTest" time="0.001"/>
  <testcase name="repetition 4663 of 5000" classname="com.mindhub.homebanking.HomebankingApplicationTest" time="0.0"/>
  <testcase name="repetition 4664 of 5000" classname="com.mindhub.homebanking.HomebankingApplicationTest" time="0.001"/>
  <testcase name="repetition 4665 of 5000" classname="com.mindhub.homebanking.HomebankingApplicationTest" time="0.001"/>
  <testcase name="repetition 4666 of 5000" classname="com.mindhub.homebanking.HomebankingApplicationTest" time="0.001"/>
  <testcase name="repetition 4667 of 5000" classname="com.mindhub.homebanking.HomebankingApplicationTest" time="0.0"/>
  <testcase name="repetition 4668 of 5000" classname="com.mindhub.homebanking.HomebankingApplicationTest" time="0.001"/>
  <testcase name="repetition 4669 of 5000" classname="com.mindhub.homebanking.HomebankingApplicationTest" time="0.0"/>
  <testcase name="repetition 4670 of 5000" classname="com.mindhub.homebanking.HomebankingApplicationTest" time="0.001"/>
  <testcase name="repetition 4671 of 5000" classname="com.mindhub.homebanking.HomebankingApplicationTest" time="0.0"/>
  <testcase name="repetition 4672 of 5000" classname="com.mindhub.homebanking.HomebankingApplicationTest" time="0.001"/>
  <testcase name="repetition 4673 of 5000" classname="com.mindhub.homebanking.HomebankingApplicationTest" time="0.0"/>
  <testcase name="repetition 4674 of 5000" classname="com.mindhub.homebanking.HomebankingApplicationTest" time="0.001"/>
  <testcase name="repetition 4675 of 5000" classname="com.mindhub.homebanking.HomebankingApplicationTest" time="0.001"/>
  <testcase name="repetition 4676 of 5000" classname="com.mindhub.homebanking.HomebankingApplicationTest" time="0.0"/>
  <testcase name="repetition 4677 of 5000" classname="com.mindhub.homebanking.HomebankingApplicationTest" time="0.0"/>
  <testcase name="repetition 4678 of 5000" classname="com.mindhub.homebanking.HomebankingApplicationTest" time="0.0"/>
  <testcase name="repetition 4679 of 5000" classname="com.mindhub.homebanking.HomebankingApplicationTest" time="0.001"/>
  <testcase name="repetition 4680 of 5000" classname="com.mindhub.homebanking.HomebankingApplicationTest" time="0.0"/>
  <testcase name="repetition 4681 of 5000" classname="com.mindhub.homebanking.HomebankingApplicationTest" time="0.0"/>
  <testcase name="repetition 4682 of 5000" classname="com.mindhub.homebanking.HomebankingApplicationTest" time="0.001"/>
  <testcase name="repetition 4683 of 5000" classname="com.mindhub.homebanking.HomebankingApplicationTest" time="0.0"/>
  <testcase name="repetition 4684 of 5000" classname="com.mindhub.homebanking.HomebankingApplicationTest" time="0.001"/>
  <testcase name="repetition 4685 of 5000" classname="com.mindhub.homebanking.HomebankingApplicationTest" time="0.0"/>
  <testcase name="repetition 4686 of 5000" classname="com.mindhub.homebanking.HomebankingApplicationTest" time="0.001"/>
  <testcase name="repetition 4687 of 5000" classname="com.mindhub.homebanking.HomebankingApplicationTest" time="0.0"/>
  <testcase name="repetition 4688 of 5000" classname="com.mindhub.homebanking.HomebankingApplicationTest" time="0.001"/>
  <testcase name="repetition 4689 of 5000" classname="com.mindhub.homebanking.HomebankingApplicationTest" time="0.001"/>
  <testcase name="repetition 4690 of 5000" classname="com.mindhub.homebanking.HomebankingApplicationTest" time="0.001"/>
  <testcase name="repetition 4691 of 5000" classname="com.mindhub.homebanking.HomebankingApplicationTest" time="0.0"/>
  <testcase name="repetition 4692 of 5000" classname="com.mindhub.homebanking.HomebankingApplicationTest" time="0.001"/>
  <testcase name="repetition 4693 of 5000" classname="com.mindhub.homebanking.HomebankingApplicationTest" time="0.0"/>
  <testcase name="repetition 4694 of 5000" classname="com.mindhub.homebanking.HomebankingApplicationTest" time="0.001"/>
  <testcase name="repetition 4695 of 5000" classname="com.mindhub.homebanking.HomebankingApplicationTest" time="0.001"/>
  <testcase name="repetition 4696 of 5000" classname="com.mindhub.homebanking.HomebankingApplicationTest" time="0.0"/>
  <testcase name="repetition 4697 of 5000" classname="com.mindhub.homebanking.HomebankingApplicationTest" time="0.001"/>
  <testcase name="repetition 4698 of 5000" classname="com.mindhub.homebanking.HomebankingApplicationTest" time="0.001"/>
  <testcase name="repetition 4699 of 5000" classname="com.mindhub.homebanking.HomebankingApplicationTest" time="0.0"/>
  <testcase name="repetition 4700 of 5000" classname="com.mindhub.homebanking.HomebankingApplicationTest" time="0.001"/>
  <testcase name="repetition 4701 of 5000" classname="com.mindhub.homebanking.HomebankingApplicationTest" time="0.0"/>
  <testcase name="repetition 4702 of 5000" classname="com.mindhub.homebanking.HomebankingApplicationTest" time="0.001"/>
  <testcase name="repetition 4703 of 5000" classname="com.mindhub.homebanking.HomebankingApplicationTest" time="0.0"/>
  <testcase name="repetition 4704 of 5000" classname="com.mindhub.homebanking.HomebankingApplicationTest" time="0.001"/>
  <testcase name="repetition 4705 of 5000" classname="com.mindhub.homebanking.HomebankingApplicationTest" time="0.0"/>
  <testcase name="repetition 4706 of 5000" classname="com.mindhub.homebanking.HomebankingApplicationTest" time="0.001"/>
  <testcase name="repetition 4707 of 5000" classname="com.mindhub.homebanking.HomebankingApplicationTest" time="0.001"/>
  <testcase name="repetition 4708 of 5000" classname="com.mindhub.homebanking.HomebankingApplicationTest" time="0.001"/>
  <testcase name="repetition 4709 of 5000" classname="com.mindhub.homebanking.HomebankingApplicationTest" time="0.0"/>
  <testcase name="repetition 4710 of 5000" classname="com.mindhub.homebanking.HomebankingApplicationTest" time="0.001"/>
  <testcase name="repetition 4711 of 5000" classname="com.mindhub.homebanking.HomebankingApplicationTest" time="0.001"/>
  <testcase name="repetition 4712 of 5000" classname="com.mindhub.homebanking.HomebankingApplicationTest" time="0.0"/>
  <testcase name="repetition 4713 of 5000" classname="com.mindhub.homebanking.HomebankingApplicationTest" time="0.001"/>
  <testcase name="repetition 4714 of 5000" classname="com.mindhub.homebanking.HomebankingApplicationTest" time="0.001"/>
  <testcase name="repetition 4715 of 5000" classname="com.mindhub.homebanking.HomebankingApplicationTest" time="0.0"/>
  <testcase name="repetition 4716 of 5000" classname="com.mindhub.homebanking.HomebankingApplicationTest" time="0.001"/>
  <testcase name="repetition 4717 of 5000" classname="com.mindhub.homebanking.HomebankingApplicationTest" time="0.001"/>
  <testcase name="repetition 4718 of 5000" classname="com.mindhub.homebanking.HomebankingApplicationTest" time="0.0"/>
  <testcase name="repetition 4719 of 5000" classname="com.mindhub.homebanking.HomebankingApplicationTest" time="0.0"/>
  <testcase name="repetition 4720 of 5000" classname="com.mindhub.homebanking.HomebankingApplicationTest" time="0.001"/>
  <testcase name="repetition 4721 of 5000" classname="com.mindhub.homebanking.HomebankingApplicationTest" time="0.001"/>
  <testcase name="repetition 4722 of 5000" classname="com.mindhub.homebanking.HomebankingApplicationTest" time="0.0"/>
  <testcase name="repetition 4723 of 5000" classname="com.mindhub.homebanking.HomebankingApplicationTest" time="0.001"/>
  <testcase name="repetition 4724 of 5000" classname="com.mindhub.homebanking.HomebankingApplicationTest" time="0.0"/>
  <testcase name="repetition 4725 of 5000" classname="com.mindhub.homebanking.HomebankingApplicationTest" time="0.001"/>
  <testcase name="repetition 4726 of 5000" classname="com.mindhub.homebanking.HomebankingApplicationTest" time="0.0"/>
  <testcase name="repetition 4727 of 5000" classname="com.mindhub.homebanking.HomebankingApplicationTest" time="0.001"/>
  <testcase name="repetition 4728 of 5000" classname="com.mindhub.homebanking.HomebankingApplicationTest" time="0.0"/>
  <testcase name="repetition 4729 of 5000" classname="com.mindhub.homebanking.HomebankingApplicationTest" time="0.001"/>
  <testcase name="repetition 4730 of 5000" classname="com.mindhub.homebanking.HomebankingApplicationTest" time="0.0"/>
  <testcase name="repetition 4731 of 5000" classname="com.mindhub.homebanking.HomebankingApplicationTest" time="0.0"/>
  <testcase name="repetition 4732 of 5000" classname="com.mindhub.homebanking.HomebankingApplicationTest" time="0.001"/>
  <testcase name="repetition 4733 of 5000" classname="com.mindhub.homebanking.HomebankingApplicationTest" time="0.0"/>
  <testcase name="repetition 4734 of 5000" classname="com.mindhub.homebanking.HomebankingApplicationTest" time="0.001"/>
  <testcase name="repetition 4735 of 5000" classname="com.mindhub.homebanking.HomebankingApplicationTest" time="0.0"/>
  <testcase name="repetition 4736 of 5000" classname="com.mindhub.homebanking.HomebankingApplicationTest" time="0.0"/>
  <testcase name="repetition 4737 of 5000" classname="com.mindhub.homebanking.HomebankingApplicationTest" time="0.001"/>
  <testcase name="repetition 4738 of 5000" classname="com.mindhub.homebanking.HomebankingApplicationTest" time="0.0"/>
  <testcase name="repetition 4739 of 5000" classname="com.mindhub.homebanking.HomebankingApplicationTest" time="0.0"/>
  <testcase name="repetition 4740 of 5000" classname="com.mindhub.homebanking.HomebankingApplicationTest" time="0.0"/>
  <testcase name="repetition 4741 of 5000" classname="com.mindhub.homebanking.HomebankingApplicationTest" time="0.0"/>
  <testcase name="repetition 4742 of 5000" classname="com.mindhub.homebanking.HomebankingApplicationTest" time="0.001"/>
  <testcase name="repetition 4743 of 5000" classname="com.mindhub.homebanking.HomebankingApplicationTest" time="0.001"/>
  <testcase name="repetition 4744 of 5000" classname="com.mindhub.homebanking.HomebankingApplicationTest" time="0.0"/>
  <testcase name="repetition 4745 of 5000" classname="com.mindhub.homebanking.HomebankingApplicationTest" time="0.001"/>
  <testcase name="repetition 4746 of 5000" classname="com.mindhub.homebanking.HomebankingApplicationTest" time="0.0"/>
  <testcase name="repetition 4747 of 5000" classname="com.mindhub.homebanking.HomebankingApplicationTest" time="0.001"/>
  <testcase name="repetition 4748 of 5000" classname="com.mindhub.homebanking.HomebankingApplicationTest" time="0.0"/>
  <testcase name="repetition 4749 of 5000" classname="com.mindhub.homebanking.HomebankingApplicationTest" time="0.001"/>
  <testcase name="repetition 4750 of 5000" classname="com.mindhub.homebanking.HomebankingApplicationTest" time="0.001"/>
  <testcase name="repetition 4751 of 5000" classname="com.mindhub.homebanking.HomebankingApplicationTest" time="0.001"/>
  <testcase name="repetition 4752 of 5000" classname="com.mindhub.homebanking.HomebankingApplicationTest" time="0.0"/>
  <testcase name="repetition 4753 of 5000" classname="com.mindhub.homebanking.HomebankingApplicationTest" time="0.001"/>
  <testcase name="repetition 4754 of 5000" classname="com.mindhub.homebanking.HomebankingApplicationTest" time="0.001"/>
  <testcase name="repetition 4755 of 5000" classname="com.mindhub.homebanking.HomebankingApplicationTest" time="0.0"/>
  <testcase name="repetition 4756 of 5000" classname="com.mindhub.homebanking.HomebankingApplicationTest" time="0.001"/>
  <testcase name="repetition 4757 of 5000" classname="com.mindhub.homebanking.HomebankingApplicationTest" time="0.0"/>
  <testcase name="repetition 4758 of 5000" classname="com.mindhub.homebanking.HomebankingApplicationTest" time="0.001"/>
  <testcase name="repetition 4759 of 5000" classname="com.mindhub.homebanking.HomebankingApplicationTest" time="0.0"/>
  <testcase name="repetition 4760 of 5000" classname="com.mindhub.homebanking.HomebankingApplicationTest" time="0.001"/>
  <testcase name="repetition 4761 of 5000" classname="com.mindhub.homebanking.HomebankingApplicationTest" time="0.001"/>
  <testcase name="repetition 4762 of 5000" classname="com.mindhub.homebanking.HomebankingApplicationTest" time="0.001"/>
  <testcase name="repetition 4763 of 5000" classname="com.mindhub.homebanking.HomebankingApplicationTest" time="0.0"/>
  <testcase name="repetition 4764 of 5000" classname="com.mindhub.homebanking.HomebankingApplicationTest" time="0.001"/>
  <testcase name="repetition 4765 of 5000" classname="com.mindhub.homebanking.HomebankingApplicationTest" time="0.0"/>
  <testcase name="repetition 4766 of 5000" classname="com.mindhub.homebanking.HomebankingApplicationTest" time="0.0"/>
  <testcase name="repetition 4767 of 5000" classname="com.mindhub.homebanking.HomebankingApplicationTest" time="0.0"/>
  <testcase name="repetition 4768 of 5000" classname="com.mindhub.homebanking.HomebankingApplicationTest" time="0.001"/>
  <testcase name="repetition 4769 of 5000" classname="com.mindhub.homebanking.HomebankingApplicationTest" time="0.001"/>
  <testcase name="repetition 4770 of 5000" classname="com.mindhub.homebanking.HomebankingApplicationTest" time="0.001"/>
  <testcase name="repetition 4771 of 5000" classname="com.mindhub.homebanking.HomebankingApplicationTest" time="0.0"/>
  <testcase name="repetition 4772 of 5000" classname="com.mindhub.homebanking.HomebankingApplicationTest" time="0.0"/>
  <testcase name="repetition 4773 of 5000" classname="com.mindhub.homebanking.HomebankingApplicationTest" time="0.001"/>
  <testcase name="repetition 4774 of 5000" classname="com.mindhub.homebanking.HomebankingApplicationTest" time="0.001"/>
  <testcase name="repetition 4775 of 5000" classname="com.mindhub.homebanking.HomebankingApplicationTest" time="0.0"/>
  <testcase name="repetition 4776 of 5000" classname="com.mindhub.homebanking.HomebankingApplicationTest" time="0.001"/>
  <testcase name="repetition 4777 of 5000" classname="com.mindhub.homebanking.HomebankingApplicationTest" time="0.0"/>
  <testcase name="repetition 4778 of 5000" classname="com.mindhub.homebanking.HomebankingApplicationTest" time="0.001"/>
  <testcase name="repetition 4779 of 5000" classname="com.mindhub.homebanking.HomebankingApplicationTest" time="0.0"/>
  <testcase name="repetition 4780 of 5000" classname="com.mindhub.homebanking.HomebankingApplicationTest" time="0.0"/>
  <testcase name="repetition 4781 of 5000" classname="com.mindhub.homebanking.HomebankingApplicationTest" time="0.0"/>
  <testcase name="repetition 4782 of 5000" classname="com.mindhub.homebanking.HomebankingApplicationTest" time="0.001"/>
  <testcase name="repetition 4783 of 5000" classname="com.mindhub.homebanking.HomebankingApplicationTest" time="0.001"/>
  <testcase name="repetition 4784 of 5000" classname="com.mindhub.homebanking.HomebankingApplicationTest" time="0.0"/>
  <testcase name="repetition 4785 of 5000" classname="com.mindhub.homebanking.HomebankingApplicationTest" time="0.001"/>
  <testcase name="repetition 4786 of 5000" classname="com.mindhub.homebanking.HomebankingApplicationTest" time="0.001"/>
  <testcase name="repetition 4787 of 5000" classname="com.mindhub.homebanking.HomebankingApplicationTest" time="0.001"/>
  <testcase name="repetition 4788 of 5000" classname="com.mindhub.homebanking.HomebankingApplicationTest" time="0.0"/>
  <testcase name="repetition 4789 of 5000" classname="com.mindhub.homebanking.HomebankingApplicationTest" time="0.001"/>
  <testcase name="repetition 4790 of 5000" classname="com.mindhub.homebanking.HomebankingApplicationTest" time="0.0"/>
  <testcase name="repetition 4791 of 5000" classname="com.mindhub.homebanking.HomebankingApplicationTest" time="0.001"/>
  <testcase name="repetition 4792 of 5000" classname="com.mindhub.homebanking.HomebankingApplicationTest" time="0.0"/>
  <testcase name="repetition 4793 of 5000" classname="com.mindhub.homebanking.HomebankingApplicationTest" time="0.001"/>
  <testcase name="repetition 4794 of 5000" classname="com.mindhub.homebanking.HomebankingApplicationTest" time="0.001"/>
  <testcase name="repetition 4795 of 5000" classname="com.mindhub.homebanking.HomebankingApplicationTest" time="0.0"/>
  <testcase name="repetition 4796 of 5000" classname="com.mindhub.homebanking.HomebankingApplicationTest" time="0.001"/>
  <testcase name="repetition 4797 of 5000" classname="com.mindhub.homebanking.HomebankingApplicationTest" time="0.001"/>
  <testcase name="repetition 4798 of 5000" classname="com.mindhub.homebanking.HomebankingApplicationTest" time="0.0"/>
  <testcase name="repetition 4799 of 5000" classname="com.mindhub.homebanking.HomebankingApplicationTest" time="0.001"/>
  <testcase name="repetition 4800 of 5000" classname="com.mindhub.homebanking.HomebankingApplicationTest" time="0.001"/>
  <testcase name="repetition 4801 of 5000" classname="com.mindhub.homebanking.HomebankingApplicationTest" time="0.0"/>
  <testcase name="repetition 4802 of 5000" classname="com.mindhub.homebanking.HomebankingApplicationTest" time="0.001"/>
  <testcase name="repetition 4803 of 5000" classname="com.mindhub.homebanking.HomebankingApplicationTest" time="0.0"/>
  <testcase name="repetition 4804 of 5000" classname="com.mindhub.homebanking.HomebankingApplicationTest" time="0.001"/>
  <testcase name="repetition 4805 of 5000" classname="com.mindhub.homebanking.HomebankingApplicationTest" time="0.0"/>
  <testcase name="repetition 4806 of 5000" classname="com.mindhub.homebanking.HomebankingApplicationTest" time="0.001"/>
  <testcase name="repetition 4807 of 5000" classname="com.mindhub.homebanking.HomebankingApplicationTest" time="0.001"/>
  <testcase name="repetition 4808 of 5000" classname="com.mindhub.homebanking.HomebankingApplicationTest" time="0.0"/>
  <testcase name="repetition 4809 of 5000" classname="com.mindhub.homebanking.HomebankingApplicationTest" time="0.001"/>
  <testcase name="repetition 4810 of 5000" classname="com.mindhub.homebanking.HomebankingApplicationTest" time="0.001"/>
  <testcase name="repetition 4811 of 5000" classname="com.mindhub.homebanking.HomebankingApplicationTest" time="0.001"/>
  <testcase name="repetition 4812 of 5000" classname="com.mindhub.homebanking.HomebankingApplicationTest" time="0.0"/>
  <testcase name="repetition 4813 of 5000" classname="com.mindhub.homebanking.HomebankingApplicationTest" time="0.001"/>
  <testcase name="repetition 4814 of 5000" classname="com.mindhub.homebanking.HomebankingApplicationTest" time="0.0"/>
  <testcase name="repetition 4815 of 5000" classname="com.mindhub.homebanking.HomebankingApplicationTest" time="0.001"/>
  <testcase name="repetition 4816 of 5000" classname="com.mindhub.homebanking.HomebankingApplicationTest" time="0.002"/>
  <testcase name="repetition 4817 of 5000" classname="com.mindhub.homebanking.HomebankingApplicationTest" time="0.0"/>
  <testcase name="repetition 4818 of 5000" classname="com.mindhub.homebanking.HomebankingApplicationTest" time="0.0"/>
  <testcase name="repetition 4819 of 5000" classname="com.mindhub.homebanking.HomebankingApplicationTest" time="0.001"/>
  <testcase name="repetition 4820 of 5000" classname="com.mindhub.homebanking.HomebankingApplicationTest" time="0.0"/>
  <testcase name="repetition 4821 of 5000" classname="com.mindhub.homebanking.HomebankingApplicationTest" time="0.0"/>
  <testcase name="repetition 4822 of 5000" classname="com.mindhub.homebanking.HomebankingApplicationTest" time="0.004"/>
  <testcase name="repetition 4823 of 5000" classname="com.mindhub.homebanking.HomebankingApplicationTest" time="0.0"/>
  <testcase name="repetition 4824 of 5000" classname="com.mindhub.homebanking.HomebankingApplicationTest" time="0.001"/>
  <testcase name="repetition 4825 of 5000" classname="com.mindhub.homebanking.HomebankingApplicationTest" time="0.001"/>
  <testcase name="repetition 4826 of 5000" classname="com.mindhub.homebanking.HomebankingApplicationTest" time="0.001"/>
  <testcase name="repetition 4827 of 5000" classname="com.mindhub.homebanking.HomebankingApplicationTest" time="0.0"/>
  <testcase name="repetition 4828 of 5000" classname="com.mindhub.homebanking.HomebankingApplicationTest" time="0.001"/>
  <testcase name="repetition 4829 of 5000" classname="com.mindhub.homebanking.HomebankingApplicationTest" time="0.0"/>
  <testcase name="repetition 4830 of 5000" classname="com.mindhub.homebanking.HomebankingApplicationTest" time="0.0"/>
  <testcase name="repetition 4831 of 5000" classname="com.mindhub.homebanking.HomebankingApplicationTest" time="0.001"/>
  <testcase name="repetition 4832 of 5000" classname="com.mindhub.homebanking.HomebankingApplicationTest" time="0.0"/>
  <testcase name="repetition 4833 of 5000" classname="com.mindhub.homebanking.HomebankingApplicationTest" time="0.001"/>
  <testcase name="repetition 4834 of 5000" classname="com.mindhub.homebanking.HomebankingApplicationTest" time="0.0"/>
  <testcase name="repetition 4835 of 5000" classname="com.mindhub.homebanking.HomebankingApplicationTest" time="0.001"/>
  <testcase name="repetition 4836 of 5000" classname="com.mindhub.homebanking.HomebankingApplicationTest" time="0.0"/>
  <testcase name="repetition 4837 of 5000" classname="com.mindhub.homebanking.HomebankingApplicationTest" time="0.001"/>
  <testcase name="repetition 4838 of 5000" classname="com.mindhub.homebanking.HomebankingApplicationTest" time="0.0"/>
  <testcase name="repetition 4839 of 5000" classname="com.mindhub.homebanking.HomebankingApplicationTest" time="0.001"/>
  <testcase name="repetition 4840 of 5000" classname="com.mindhub.homebanking.HomebankingApplicationTest" time="0.0"/>
  <testcase name="repetition 4841 of 5000" classname="com.mindhub.homebanking.HomebankingApplicationTest" time="0.001"/>
  <testcase name="repetition 4842 of 5000" classname="com.mindhub.homebanking.HomebankingApplicationTest" time="0.0"/>
  <testcase name="repetition 4843 of 5000" classname="com.mindhub.homebanking.HomebankingApplicationTest" time="0.0"/>
  <testcase name="repetition 4844 of 5000" classname="com.mindhub.homebanking.HomebankingApplicationTest" time="0.0"/>
  <testcase name="repetition 4845 of 5000" classname="com.mindhub.homebanking.HomebankingApplicationTest" time="0.0"/>
  <testcase name="repetition 4846 of 5000" classname="com.mindhub.homebanking.HomebankingApplicationTest" time="0.001"/>
  <testcase name="repetition 4847 of 5000" classname="com.mindhub.homebanking.HomebankingApplicationTest" time="0.0"/>
  <testcase name="repetition 4848 of 5000" classname="com.mindhub.homebanking.HomebankingApplicationTest" time="0.0"/>
  <testcase name="repetition 4849 of 5000" classname="com.mindhub.homebanking.HomebankingApplicationTest" time="0.0"/>
  <testcase name="repetition 4850 of 5000" classname="com.mindhub.homebanking.HomebankingApplicationTest" time="0.0"/>
  <testcase name="repetition 4851 of 5000" classname="com.mindhub.homebanking.HomebankingApplicationTest" time="0.001"/>
  <testcase name="repetition 4852 of 5000" classname="com.mindhub.homebanking.HomebankingApplicationTest" time="0.0"/>
  <testcase name="repetition 4853 of 5000" classname="com.mindhub.homebanking.HomebankingApplicationTest" time="0.001"/>
  <testcase name="repetition 4854 of 5000" classname="com.mindhub.homebanking.HomebankingApplicationTest" time="0.0"/>
  <testcase name="repetition 4855 of 5000" classname="com.mindhub.homebanking.HomebankingApplicationTest" time="0.0"/>
  <testcase name="repetition 4856 of 5000" classname="com.mindhub.homebanking.HomebankingApplicationTest" time="0.0"/>
  <testcase name="repetition 4857 of 5000" classname="com.mindhub.homebanking.HomebankingApplicationTest" time="0.0"/>
  <testcase name="repetition 4858 of 5000" classname="com.mindhub.homebanking.HomebankingApplicationTest" time="0.001"/>
  <testcase name="repetition 4859 of 5000" classname="com.mindhub.homebanking.HomebankingApplicationTest" time="0.0"/>
  <testcase name="repetition 4860 of 5000" classname="com.mindhub.homebanking.HomebankingApplicationTest" time="0.0"/>
  <testcase name="repetition 4861 of 5000" classname="com.mindhub.homebanking.HomebankingApplicationTest" time="0.001"/>
  <testcase name="repetition 4862 of 5000" classname="com.mindhub.homebanking.HomebankingApplicationTest" time="0.001"/>
  <testcase name="repetition 4863 of 5000" classname="com.mindhub.homebanking.HomebankingApplicationTest" time="0.001"/>
  <testcase name="repetition 4864 of 5000" classname="com.mindhub.homebanking.HomebankingApplicationTest" time="0.0"/>
  <testcase name="repetition 4865 of 5000" classname="com.mindhub.homebanking.HomebankingApplicationTest" time="0.001"/>
  <testcase name="repetition 4866 of 5000" classname="com.mindhub.homebanking.HomebankingApplicationTest" time="0.001"/>
  <testcase name="repetition 4867 of 5000" classname="com.mindhub.homebanking.HomebankingApplicationTest" time="0.0"/>
  <testcase name="repetition 4868 of 5000" classname="com.mindhub.homebanking.HomebankingApplicationTest" time="0.001"/>
  <testcase name="repetition 4869 of 5000" classname="com.mindhub.homebanking.HomebankingApplicationTest" time="0.0"/>
  <testcase name="repetition 4870 of 5000" classname="com.mindhub.homebanking.HomebankingApplicationTest" time="0.001"/>
  <testcase name="repetition 4871 of 5000" classname="com.mindhub.homebanking.HomebankingApplicationTest" time="0.0"/>
  <testcase name="repetition 4872 of 5000" classname="com.mindhub.homebanking.HomebankingApplicationTest" time="0.001"/>
  <testcase name="repetition 4873 of 5000" classname="com.mindhub.homebanking.HomebankingApplicationTest" time="0.0"/>
  <testcase name="repetition 4874 of 5000" classname="com.mindhub.homebanking.HomebankingApplicationTest" time="0.001"/>
  <testcase name="repetition 4875 of 5000" classname="com.mindhub.homebanking.HomebankingApplicationTest" time="0.0"/>
  <testcase name="repetition 4876 of 5000" classname="com.mindhub.homebanking.HomebankingApplicationTest" time="0.0"/>
  <testcase name="repetition 4877 of 5000" classname="com.mindhub.homebanking.HomebankingApplicationTest" time="0.001"/>
  <testcase name="repetition 4878 of 5000" classname="com.mindhub.homebanking.HomebankingApplicationTest" time="0.001"/>
  <testcase name="repetition 4879 of 5000" classname="com.mindhub.homebanking.HomebankingApplicationTest" time="0.001"/>
  <testcase name="repetition 4880 of 5000" classname="com.mindhub.homebanking.HomebankingApplicationTest" time="0.0"/>
  <testcase name="repetition 4881 of 5000" classname="com.mindhub.homebanking.HomebankingApplicationTest" time="0.001"/>
  <testcase name="repetition 4882 of 5000" classname="com.mindhub.homebanking.HomebankingApplicationTest" time="0.0"/>
  <testcase name="repetition 4883 of 5000" classname="com.mindhub.homebanking.HomebankingApplicationTest" time="0.001"/>
  <testcase name="repetition 4884 of 5000" classname="com.mindhub.homebanking.HomebankingApplicationTest" time="0.0"/>
  <testcase name="repetition 4885 of 5000" classname="com.mindhub.homebanking.HomebankingApplicationTest" time="0.001"/>
  <testcase name="repetition 4886 of 5000" classname="com.mindhub.homebanking.HomebankingApplicationTest" time="0.0"/>
  <testcase name="repetition 4887 of 5000" classname="com.mindhub.homebanking.HomebankingApplicationTest" time="0.001"/>
  <testcase name="repetition 4888 of 5000" classname="com.mindhub.homebanking.HomebankingApplicationTest" time="0.0"/>
  <testcase name="repetition 4889 of 5000" classname="com.mindhub.homebanking.HomebankingApplicationTest" time="0.001"/>
  <testcase name="repetition 4890 of 5000" classname="com.mindhub.homebanking.HomebankingApplicationTest" time="0.0"/>
  <testcase name="repetition 4891 of 5000" classname="com.mindhub.homebanking.HomebankingApplicationTest" time="0.001"/>
  <testcase name="repetition 4892 of 5000" classname="com.mindhub.homebanking.HomebankingApplicationTest" time="0.0"/>
  <testcase name="repetition 4893 of 5000" classname="com.mindhub.homebanking.HomebankingApplicationTest" time="0.001"/>
  <testcase name="repetition 4894 of 5000" classname="com.mindhub.homebanking.HomebankingApplicationTest" time="0.0"/>
  <testcase name="repetition 4895 of 5000" classname="com.mindhub.homebanking.HomebankingApplicationTest" time="0.0"/>
  <testcase name="repetition 4896 of 5000" classname="com.mindhub.homebanking.HomebankingApplicationTest" time="0.001"/>
  <testcase name="repetition 4897 of 5000" classname="com.mindhub.homebanking.HomebankingApplicationTest" time="0.0"/>
  <testcase name="repetition 4898 of 5000" classname="com.mindhub.homebanking.HomebankingApplicationTest" time="0.001"/>
  <testcase name="repetition 4899 of 5000" classname="com.mindhub.homebanking.HomebankingApplicationTest" time="0.0"/>
  <testcase name="repetition 4900 of 5000" classname="com.mindhub.homebanking.HomebankingApplicationTest" time="0.001"/>
  <testcase name="repetition 4901 of 5000" classname="com.mindhub.homebanking.HomebankingApplicationTest" time="0.0"/>
  <testcase name="repetition 4902 of 5000" classname="com.mindhub.homebanking.HomebankingApplicationTest" time="0.0"/>
  <testcase name="repetition 4903 of 5000" classname="com.mindhub.homebanking.HomebankingApplicationTest" time="0.001"/>
  <testcase name="repetition 4904 of 5000" classname="com.mindhub.homebanking.HomebankingApplicationTest" time="0.0"/>
  <testcase name="repetition 4905 of 5000" classname="com.mindhub.homebanking.HomebankingApplicationTest" time="0.001"/>
  <testcase name="repetition 4906 of 5000" classname="com.mindhub.homebanking.HomebankingApplicationTest" time="0.0"/>
  <testcase name="repetition 4907 of 5000" classname="com.mindhub.homebanking.HomebankingApplicationTest" time="0.001"/>
  <testcase name="repetition 4908 of 5000" classname="com.mindhub.homebanking.HomebankingApplicationTest" time="0.0"/>
  <testcase name="repetition 4909 of 5000" classname="com.mindhub.homebanking.HomebankingApplicationTest" time="0.0"/>
  <testcase name="repetition 4910 of 5000" classname="com.mindhub.homebanking.HomebankingApplicationTest" time="0.001"/>
  <testcase name="repetition 4911 of 5000" classname="com.mindhub.homebanking.HomebankingApplicationTest" time="0.0"/>
  <testcase name="repetition 4912 of 5000" classname="com.mindhub.homebanking.HomebankingApplicationTest" time="0.001"/>
  <testcase name="repetition 4913 of 5000" classname="com.mindhub.homebanking.HomebankingApplicationTest" time="0.001"/>
  <testcase name="repetition 4914 of 5000" classname="com.mindhub.homebanking.HomebankingApplicationTest" time="0.0"/>
  <testcase name="repetition 4915 of 5000" classname="com.mindhub.homebanking.HomebankingApplicationTest" time="0.001"/>
  <testcase name="repetition 4916 of 5000" classname="com.mindhub.homebanking.HomebankingApplicationTest" time="0.0"/>
  <testcase name="repetition 4917 of 5000" classname="com.mindhub.homebanking.HomebankingApplicationTest" time="0.001"/>
  <testcase name="repetition 4918 of 5000" classname="com.mindhub.homebanking.HomebankingApplicationTest" time="0.0"/>
  <testcase name="repetition 4919 of 5000" classname="com.mindhub.homebanking.HomebankingApplicationTest" time="0.001"/>
  <testcase name="repetition 4920 of 5000" classname="com.mindhub.homebanking.HomebankingApplicationTest" time="0.0"/>
  <testcase name="repetition 4921 of 5000" classname="com.mindhub.homebanking.HomebankingApplicationTest" time="0.001"/>
  <testcase name="repetition 4922 of 5000" classname="com.mindhub.homebanking.HomebankingApplicationTest" time="0.0"/>
  <testcase name="repetition 4923 of 5000" classname="com.mindhub.homebanking.HomebankingApplicationTest" time="0.001"/>
  <testcase name="repetition 4924 of 5000" classname="com.mindhub.homebanking.HomebankingApplicationTest" time="0.0"/>
  <testcase name="repetition 4925 of 5000" classname="com.mindhub.homebanking.HomebankingApplicationTest" time="0.001"/>
  <testcase name="repetition 4926 of 5000" classname="com.mindhub.homebanking.HomebankingApplicationTest" time="0.001"/>
  <testcase name="repetition 4927 of 5000" classname="com.mindhub.homebanking.HomebankingApplicationTest" time="0.0"/>
  <testcase name="repetition 4928 of 5000" classname="com.mindhub.homebanking.HomebankingApplicationTest" time="0.001"/>
  <testcase name="repetition 4929 of 5000" classname="com.mindhub.homebanking.HomebankingApplicationTest" time="0.0"/>
  <testcase name="repetition 4930 of 5000" classname="com.mindhub.homebanking.HomebankingApplicationTest" time="0.0"/>
  <testcase name="repetition 4931 of 5000" classname="com.mindhub.homebanking.HomebankingApplicationTest" time="0.001"/>
  <testcase name="repetition 4932 of 5000" classname="com.mindhub.homebanking.HomebankingApplicationTest" time="0.0"/>
  <testcase name="repetition 4933 of 5000" classname="com.mindhub.homebanking.HomebankingApplicationTest" time="0.001"/>
  <testcase name="repetition 4934 of 5000" classname="com.mindhub.homebanking.HomebankingApplicationTest" time="0.0"/>
  <testcase name="repetition 4935 of 5000" classname="com.mindhub.homebanking.HomebankingApplicationTest" time="0.001"/>
  <testcase name="repetition 4936 of 5000" classname="com.mindhub.homebanking.HomebankingApplicationTest" time="0.0"/>
  <testcase name="repetition 4937 of 5000" classname="com.mindhub.homebanking.HomebankingApplicationTest" time="0.001"/>
  <testcase name="repetition 4938 of 5000" classname="com.mindhub.homebanking.HomebankingApplicationTest" time="0.001"/>
  <testcase name="repetition 4939 of 5000" classname="com.mindhub.homebanking.HomebankingApplicationTest" time="0.002"/>
  <testcase name="repetition 4940 of 5000" classname="com.mindhub.homebanking.HomebankingApplicationTest" time="0.001"/>
  <testcase name="repetition 4941 of 5000" classname="com.mindhub.homebanking.HomebankingApplicationTest" time="0.0"/>
  <testcase name="repetition 4942 of 5000" classname="com.mindhub.homebanking.HomebankingApplicationTest" time="0.001"/>
  <testcase name="repetition 4943 of 5000" classname="com.mindhub.homebanking.HomebankingApplicationTest" time="0.0"/>
  <testcase name="repetition 4944 of 5000" classname="com.mindhub.homebanking.HomebankingApplicationTest" time="0.001"/>
  <testcase name="repetition 4945 of 5000" classname="com.mindhub.homebanking.HomebankingApplicationTest" time="0.0"/>
  <testcase name="repetition 4946 of 5000" classname="com.mindhub.homebanking.HomebankingApplicationTest" time="0.001"/>
  <testcase name="repetition 4947 of 5000" classname="com.mindhub.homebanking.HomebankingApplicationTest" time="0.001"/>
  <testcase name="repetition 4948 of 5000" classname="com.mindhub.homebanking.HomebankingApplicationTest" time="0.0"/>
  <testcase name="repetition 4949 of 5000" classname="com.mindhub.homebanking.HomebankingApplicationTest" time="0.001"/>
  <testcase name="repetition 4950 of 5000" classname="com.mindhub.homebanking.HomebankingApplicationTest" time="0.001"/>
  <testcase name="repetition 4951 of 5000" classname="com.mindhub.homebanking.HomebankingApplicationTest" time="0.0"/>
  <testcase name="repetition 4952 of 5000" classname="com.mindhub.homebanking.HomebankingApplicationTest" time="0.001"/>
  <testcase name="repetition 4953 of 5000" classname="com.mindhub.homebanking.HomebankingApplicationTest" time="0.0"/>
  <testcase name="repetition 4954 of 5000" classname="com.mindhub.homebanking.HomebankingApplicationTest" time="0.001"/>
  <testcase name="repetition 4955 of 5000" classname="com.mindhub.homebanking.HomebankingApplicationTest" time="0.0"/>
  <testcase name="repetition 4956 of 5000" classname="com.mindhub.homebanking.HomebankingApplicationTest" time="0.0"/>
  <testcase name="repetition 4957 of 5000" classname="com.mindhub.homebanking.HomebankingApplicationTest" time="0.001"/>
  <testcase name="repetition 4958 of 5000" classname="com.mindhub.homebanking.HomebankingApplicationTest" time="0.001"/>
  <testcase name="repetition 4959 of 5000" classname="com.mindhub.homebanking.HomebankingApplicationTest" time="0.0"/>
  <testcase name="repetition 4960 of 5000" classname="com.mindhub.homebanking.HomebankingApplicationTest" time="0.001"/>
  <testcase name="repetition 4961 of 5000" classname="com.mindhub.homebanking.HomebankingApplicationTest" time="0.0"/>
  <testcase name="repetition 4962 of 5000" classname="com.mindhub.homebanking.HomebankingApplicationTest" time="0.001"/>
  <testcase name="repetition 4963 of 5000" classname="com.mindhub.homebanking.HomebankingApplicationTest" time="0.0"/>
  <testcase name="repetition 4964 of 5000" classname="com.mindhub.homebanking.HomebankingApplicationTest" time="0.0"/>
  <testcase name="repetition 4965 of 5000" classname="com.mindhub.homebanking.HomebankingApplicationTest" time="0.0"/>
  <testcase name="repetition 4966 of 5000" classname="com.mindhub.homebanking.HomebankingApplicationTest" time="0.001"/>
  <testcase name="repetition 4967 of 5000" classname="com.mindhub.homebanking.HomebankingApplicationTest" time="0.001"/>
  <testcase name="repetition 4968 of 5000" classname="com.mindhub.homebanking.HomebankingApplicationTest" time="0.0"/>
  <testcase name="repetition 4969 of 5000" classname="com.mindhub.homebanking.HomebankingApplicationTest" time="0.0"/>
  <testcase name="repetition 4970 of 5000" classname="com.mindhub.homebanking.HomebankingApplicationTest" time="0.001"/>
  <testcase name="repetition 4971 of 5000" classname="com.mindhub.homebanking.HomebankingApplicationTest" time="0.001"/>
  <testcase name="repetition 4972 of 5000" classname="com.mindhub.homebanking.HomebankingApplicationTest" time="0.0"/>
  <testcase name="repetition 4973 of 5000" classname="com.mindhub.homebanking.HomebankingApplicationTest" time="0.001"/>
  <testcase name="repetition 4974 of 5000" classname="com.mindhub.homebanking.HomebankingApplicationTest" time="0.0"/>
  <testcase name="repetition 4975 of 5000" classname="com.mindhub.homebanking.HomebankingApplicationTest" time="0.001"/>
  <testcase name="repetition 4976 of 5000" classname="com.mindhub.homebanking.HomebankingApplicationTest" time="0.0"/>
  <testcase name="repetition 4977 of 5000" classname="com.mindhub.homebanking.HomebankingApplicationTest" time="0.0"/>
  <testcase name="repetition 4978 of 5000" classname="com.mindhub.homebanking.HomebankingApplicationTest" time="0.0"/>
  <testcase name="repetition 4979 of 5000" classname="com.mindhub.homebanking.HomebankingApplicationTest" time="0.001"/>
  <testcase name="repetition 4980 of 5000" classname="com.mindhub.homebanking.HomebankingApplicationTest" time="0.001"/>
  <testcase name="repetition 4981 of 5000" classname="com.mindhub.homebanking.HomebankingApplicationTest" time="0.001"/>
  <testcase name="repetition 4982 of 5000" classname="com.mindhub.homebanking.HomebankingApplicationTest" time="0.0"/>
  <testcase name="repetition 4983 of 5000" classname="com.mindhub.homebanking.HomebankingApplicationTest" time="0.001"/>
  <testcase name="repetition 4984 of 5000" classname="com.mindhub.homebanking.HomebankingApplicationTest" time="0.001"/>
  <testcase name="repetition 4985 of 5000" classname="com.mindhub.homebanking.HomebankingApplicationTest" time="0.0"/>
  <testcase name="repetition 4986 of 5000" classname="com.mindhub.homebanking.HomebankingApplicationTest" time="0.001"/>
  <testcase name="repetition 4987 of 5000" classname="com.mindhub.homebanking.HomebankingApplicationTest" time="0.0"/>
  <testcase name="repetition 4988 of 5000" classname="com.mindhub.homebanking.HomebankingApplicationTest" time="0.0"/>
  <testcase name="repetition 4989 of 5000" classname="com.mindhub.homebanking.HomebankingApplicationTest" time="0.0"/>
  <testcase name="repetition 4990 of 5000" classname="com.mindhub.homebanking.HomebankingApplicationTest" time="0.001"/>
  <testcase name="repetition 4991 of 5000" classname="com.mindhub.homebanking.HomebankingApplicationTest" time="0.001"/>
  <testcase name="repetition 4992 of 5000" classname="com.mindhub.homebanking.HomebankingApplicationTest" time="0.0"/>
  <testcase name="repetition 4993 of 5000" classname="com.mindhub.homebanking.HomebankingApplicationTest" time="0.0"/>
  <testcase name="repetition 4994 of 5000" classname="com.mindhub.homebanking.HomebankingApplicationTest" time="0.001"/>
  <testcase name="repetition 4995 of 5000" classname="com.mindhub.homebanking.HomebankingApplicationTest" time="0.001"/>
  <testcase name="repetition 4996 of 5000" classname="com.mindhub.homebanking.HomebankingApplicationTest" time="0.001"/>
  <testcase name="repetition 4997 of 5000" classname="com.mindhub.homebanking.HomebankingApplicationTest" time="0.0"/>
  <testcase name="repetition 4998 of 5000" classname="com.mindhub.homebanking.HomebankingApplicationTest" time="0.001"/>
  <testcase name="repetition 4999 of 5000" classname="com.mindhub.homebanking.HomebankingApplicationTest" time="0.0"/>
  <testcase name="repetition 5000 of 5000" classname="com.mindhub.homebanking.HomebankingApplicationTest" time="0.0"/>
  <testcase name="contextLoads()" classname="com.mindhub.homebanking.HomebankingApplicationTest" time="0.004"/>
  <testcase name="repetition 1 of 5000" classname="com.mindhub.homebanking.HomebankingApplicationTest" time="0.001"/>
  <testcase name="repetition 2 of 5000" classname="com.mindhub.homebanking.HomebankingApplicationTest" time="0.001"/>
  <testcase name="repetition 3 of 5000" classname="com.mindhub.homebanking.HomebankingApplicationTest" time="0.0"/>
  <testcase name="repetition 4 of 5000" classname="com.mindhub.homebanking.HomebankingApplicationTest" time="0.001"/>
  <testcase name="repetition 5 of 5000" classname="com.mindhub.homebanking.HomebankingApplicationTest" time="0.001"/>
  <testcase name="repetition 6 of 5000" classname="com.mindhub.homebanking.HomebankingApplicationTest" time="0.0"/>
  <testcase name="repetition 7 of 5000" classname="com.mindhub.homebanking.HomebankingApplicationTest" time="0.001"/>
  <testcase name="repetition 8 of 5000" classname="com.mindhub.homebanking.HomebankingApplicationTest" time="0.001"/>
  <testcase name="repetition 9 of 5000" classname="com.mindhub.homebanking.HomebankingApplicationTest" time="0.0"/>
  <testcase name="repetition 10 of 5000" classname="com.mindhub.homebanking.HomebankingApplicationTest" time="0.0"/>
  <testcase name="repetition 11 of 5000" classname="com.mindhub.homebanking.HomebankingApplicationTest" time="0.001"/>
  <testcase name="repetition 12 of 5000" classname="com.mindhub.homebanking.HomebankingApplicationTest" time="0.0"/>
  <testcase name="repetition 13 of 5000" classname="com.mindhub.homebanking.HomebankingApplicationTest" time="0.001"/>
  <testcase name="repetition 14 of 5000" classname="com.mindhub.homebanking.HomebankingApplicationTest" time="0.0"/>
  <testcase name="repetition 15 of 5000" classname="com.mindhub.homebanking.HomebankingApplicationTest" time="0.0"/>
  <testcase name="repetition 16 of 5000" classname="com.mindhub.homebanking.HomebankingApplicationTest" time="0.002"/>
  <testcase name="repetition 17 of 5000" classname="com.mindhub.homebanking.HomebankingApplicationTest" time="0.001"/>
  <testcase name="repetition 18 of 5000" classname="com.mindhub.homebanking.HomebankingApplicationTest" time="0.001"/>
  <testcase name="repetition 19 of 5000" classname="com.mindhub.homebanking.HomebankingApplicationTest" time="0.0"/>
  <testcase name="repetition 20 of 5000" classname="com.mindhub.homebanking.HomebankingApplicationTest" time="0.001"/>
  <testcase name="repetition 21 of 5000" classname="com.mindhub.homebanking.HomebankingApplicationTest" time="0.0"/>
  <testcase name="repetition 22 of 5000" classname="com.mindhub.homebanking.HomebankingApplicationTest" time="0.0"/>
  <testcase name="repetition 23 of 5000" classname="com.mindhub.homebanking.HomebankingApplicationTest" time="0.001"/>
  <testcase name="repetition 24 of 5000" classname="com.mindhub.homebanking.HomebankingApplicationTest" time="0.0"/>
  <testcase name="repetition 25 of 5000" classname="com.mindhub.homebanking.HomebankingApplicationTest" time="0.001"/>
  <testcase name="repetition 26 of 5000" classname="com.mindhub.homebanking.HomebankingApplicationTest" time="0.0"/>
  <testcase name="repetition 27 of 5000" classname="com.mindhub.homebanking.HomebankingApplicationTest" time="0.0"/>
  <testcase name="repetition 28 of 5000" classname="com.mindhub.homebanking.HomebankingApplicationTest" time="0.001"/>
  <testcase name="repetition 29 of 5000" classname="com.mindhub.homebanking.HomebankingApplicationTest" time="0.0"/>
  <testcase name="repetition 30 of 5000" classname="com.mindhub.homebanking.HomebankingApplicationTest" time="0.001"/>
  <testcase name="repetition 31 of 5000" classname="com.mindhub.homebanking.HomebankingApplicationTest" time="0.0"/>
  <testcase name="repetition 32 of 5000" classname="com.mindhub.homebanking.HomebankingApplicationTest" time="0.001"/>
  <testcase name="repetition 33 of 5000" classname="com.mindhub.homebanking.HomebankingApplicationTest" time="0.0"/>
  <testcase name="repetition 34 of 5000" classname="com.mindhub.homebanking.HomebankingApplicationTest" time="0.0"/>
  <testcase name="repetition 35 of 5000" classname="com.mindhub.homebanking.HomebankingApplicationTest" time="0.001"/>
  <testcase name="repetition 36 of 5000" classname="com.mindhub.homebanking.HomebankingApplicationTest" time="0.001"/>
  <testcase name="repetition 37 of 5000" classname="com.mindhub.homebanking.HomebankingApplicationTest" time="0.001"/>
  <testcase name="repetition 38 of 5000" classname="com.mindhub.homebanking.HomebankingApplicationTest" time="0.001"/>
  <testcase name="repetition 39 of 5000" classname="com.mindhub.homebanking.HomebankingApplicationTest" time="0.0"/>
  <testcase name="repetition 40 of 5000" classname="com.mindhub.homebanking.HomebankingApplicationTest" time="0.001"/>
  <testcase name="repetition 41 of 5000" classname="com.mindhub.homebanking.HomebankingApplicationTest" time="0.0"/>
  <testcase name="repetition 42 of 5000" classname="com.mindhub.homebanking.HomebankingApplicationTest" time="0.001"/>
  <testcase name="repetition 43 of 5000" classname="com.mindhub.homebanking.HomebankingApplicationTest" time="0.001"/>
  <testcase name="repetition 44 of 5000" classname="com.mindhub.homebanking.HomebankingApplicationTest" time="0.0"/>
  <testcase name="repetition 45 of 5000" classname="com.mindhub.homebanking.HomebankingApplicationTest" time="0.0"/>
  <testcase name="repetition 46 of 5000" classname="com.mindhub.homebanking.HomebankingApplicationTest" time="0.001"/>
  <testcase name="repetition 47 of 5000" classname="com.mindhub.homebanking.HomebankingApplicationTest" time="0.001"/>
  <testcase name="repetition 48 of 5000" classname="com.mindhub.homebanking.HomebankingApplicationTest" time="0.0"/>
  <testcase name="repetition 49 of 5000" classname="com.mindhub.homebanking.HomebankingApplicationTest" time="0.001"/>
  <testcase name="repetition 50 of 5000" classname="com.mindhub.homebanking.HomebankingApplicationTest" time="0.001"/>
  <testcase name="repetition 51 of 5000" classname="com.mindhub.homebanking.HomebankingApplicationTest" time="0.0"/>
  <testcase name="repetition 52 of 5000" classname="com.mindhub.homebanking.HomebankingApplicationTest" time="0.001"/>
  <testcase name="repetition 53 of 5000" classname="com.mindhub.homebanking.HomebankingApplicationTest" time="0.001"/>
  <testcase name="repetition 54 of 5000" classname="com.mindhub.homebanking.HomebankingApplicationTest" time="0.0"/>
  <testcase name="repetition 55 of 5000" classname="com.mindhub.homebanking.HomebankingApplicationTest" time="0.001"/>
  <testcase name="repetition 56 of 5000" classname="com.mindhub.homebanking.HomebankingApplicationTest" time="0.0"/>
  <testcase name="repetition 57 of 5000" classname="com.mindhub.homebanking.HomebankingApplicationTest" time="0.001"/>
  <testcase name="repetition 58 of 5000" classname="com.mindhub.homebanking.HomebankingApplicationTest" time="0.001"/>
  <testcase name="repetition 59 of 5000" classname="com.mindhub.homebanking.HomebankingApplicationTest" time="0.001"/>
  <testcase name="repetition 60 of 5000" classname="com.mindhub.homebanking.HomebankingApplicationTest" time="0.0"/>
  <testcase name="repetition 61 of 5000" classname="com.mindhub.homebanking.HomebankingApplicationTest" time="0.001"/>
  <testcase name="repetition 62 of 5000" classname="com.mindhub.homebanking.HomebankingApplicationTest" time="0.001"/>
  <testcase name="repetition 63 of 5000" classname="com.mindhub.homebanking.HomebankingApplicationTest" time="0.0"/>
  <testcase name="repetition 64 of 5000" classname="com.mindhub.homebanking.HomebankingApplicationTest" time="0.001"/>
  <testcase name="repetition 65 of 5000" classname="com.mindhub.homebanking.HomebankingApplicationTest" time="0.001"/>
  <testcase name="repetition 66 of 5000" classname="com.mindhub.homebanking.HomebankingApplicationTest" time="0.001"/>
  <testcase name="repetition 67 of 5000" classname="com.mindhub.homebanking.HomebankingApplicationTest" time="0.001"/>
  <testcase name="repetition 68 of 5000" classname="com.mindhub.homebanking.HomebankingApplicationTest" time="0.0"/>
  <testcase name="repetition 69 of 5000" classname="com.mindhub.homebanking.HomebankingApplicationTest" time="0.001"/>
  <testcase name="repetition 70 of 5000" classname="com.mindhub.homebanking.HomebankingApplicationTest" time="0.0"/>
  <testcase name="repetition 71 of 5000" classname="com.mindhub.homebanking.HomebankingApplicationTest" time="0.0"/>
  <testcase name="repetition 72 of 5000" classname="com.mindhub.homebanking.HomebankingApplicationTest" time="0.0"/>
  <testcase name="repetition 73 of 5000" classname="com.mindhub.homebanking.HomebankingApplicationTest" time="0.001"/>
  <testcase name="repetition 74 of 5000" classname="com.mindhub.homebanking.HomebankingApplicationTest" time="0.0"/>
  <testcase name="repetition 75 of 5000" classname="com.mindhub.homebanking.HomebankingApplicationTest" time="0.001"/>
  <testcase name="repetition 76 of 5000" classname="com.mindhub.homebanking.HomebankingApplicationTest" time="0.001"/>
  <testcase name="repetition 77 of 5000" classname="com.mindhub.homebanking.HomebankingApplicationTest" time="0.001"/>
  <testcase name="repetition 78 of 5000" classname="com.mindhub.homebanking.HomebankingApplicationTest" time="0.0"/>
  <testcase name="repetition 79 of 5000" classname="com.mindhub.homebanking.HomebankingApplicationTest" time="0.001"/>
  <testcase name="repetition 80 of 5000" classname="com.mindhub.homebanking.HomebankingApplicationTest" time="0.001"/>
  <testcase name="repetition 81 of 5000" classname="com.mindhub.homebanking.HomebankingApplicationTest" time="0.001"/>
  <testcase name="repetition 82 of 5000" classname="com.mindhub.homebanking.HomebankingApplicationTest" time="0.001"/>
  <testcase name="repetition 83 of 5000" classname="com.mindhub.homebanking.HomebankingApplicationTest" time="0.001"/>
  <testcase name="repetition 84 of 5000" classname="com.mindhub.homebanking.HomebankingApplicationTest" time="0.001"/>
  <testcase name="repetition 85 of 5000" classname="com.mindhub.homebanking.HomebankingApplicationTest" time="0.0"/>
  <testcase name="repetition 86 of 5000" classname="com.mindhub.homebanking.HomebankingApplicationTest" time="0.001"/>
  <testcase name="repetition 87 of 5000" classname="com.mindhub.homebanking.HomebankingApplicationTest" time="0.0"/>
  <testcase name="repetition 88 of 5000" classname="com.mindhub.homebanking.HomebankingApplicationTest" time="0.001"/>
  <testcase name="repetition 89 of 5000" classname="com.mindhub.homebanking.HomebankingApplicationTest" time="0.0"/>
  <testcase name="repetition 90 of 5000" classname="com.mindhub.homebanking.HomebankingApplicationTest" time="0.001"/>
  <testcase name="repetition 91 of 5000" classname="com.mindhub.homebanking.HomebankingApplicationTest" time="0.001"/>
  <testcase name="repetition 92 of 5000" classname="com.mindhub.homebanking.HomebankingApplicationTest" time="0.001"/>
  <testcase name="repetition 93 of 5000" classname="com.mindhub.homebanking.HomebankingApplicationTest" time="0.001"/>
  <testcase name="repetition 94 of 5000" classname="com.mindhub.homebanking.HomebankingApplicationTest" time="0.001"/>
  <testcase name="repetition 95 of 5000" classname="com.mindhub.homebanking.HomebankingApplicationTest" time="0.001"/>
  <testcase name="repetition 96 of 5000" classname="com.mindhub.homebanking.HomebankingApplicationTest" time="0.001"/>
  <testcase name="repetition 97 of 5000" classname="com.mindhub.homebanking.HomebankingApplicationTest" time="0.001"/>
  <testcase name="repetition 98 of 5000" classname="com.mindhub.homebanking.HomebankingApplicationTest" time="0.001"/>
  <testcase name="repetition 99 of 5000" classname="com.mindhub.homebanking.HomebankingApplicationTest" time="0.001"/>
  <testcase name="repetition 100 of 5000" classname="com.mindhub.homebanking.HomebankingApplicationTest" time="0.001"/>
  <testcase name="repetition 101 of 5000" classname="com.mindhub.homebanking.HomebankingApplicationTest" time="0.001"/>
  <testcase name="repetition 102 of 5000" classname="com.mindhub.homebanking.HomebankingApplicationTest" time="0.001"/>
  <testcase name="repetition 103 of 5000" classname="com.mindhub.homebanking.HomebankingApplicationTest" time="0.001"/>
  <testcase name="repetition 104 of 5000" classname="com.mindhub.homebanking.HomebankingApplicationTest" time="0.001"/>
  <testcase name="repetition 105 of 5000" classname="com.mindhub.homebanking.HomebankingApplicationTest" time="0.001"/>
  <testcase name="repetition 106 of 5000" classname="com.mindhub.homebanking.HomebankingApplicationTest" time="0.001"/>
  <testcase name="repetition 107 of 5000" classname="com.mindhub.homebanking.HomebankingApplicationTest" time="0.001"/>
  <testcase name="repetition 108 of 5000" classname="com.mindhub.homebanking.HomebankingApplicationTest" time="0.001"/>
  <testcase name="repetition 109 of 5000" classname="com.mindhub.homebanking.HomebankingApplicationTest" time="0.001"/>
  <testcase name="repetition 110 of 5000" classname="com.mindhub.homebanking.HomebankingApplicationTest" time="0.002"/>
  <testcase name="repetition 111 of 5000" classname="com.mindhub.homebanking.HomebankingApplicationTest" time="0.002"/>
  <testcase name="repetition 112 of 5000" classname="com.mindhub.homebanking.HomebankingApplicationTest" time="0.001"/>
  <testcase name="repetition 113 of 5000" classname="com.mindhub.homebanking.HomebankingApplicationTest" time="0.002"/>
  <testcase name="repetition 114 of 5000" classname="com.mindhub.homebanking.HomebankingApplicationTest" time="0.001"/>
  <testcase name="repetition 115 of 5000" classname="com.mindhub.homebanking.HomebankingApplicationTest" time="0.001"/>
  <testcase name="repetition 116 of 5000" classname="com.mindhub.homebanking.HomebankingApplicationTest" time="0.001"/>
  <testcase name="repetition 117 of 5000" classname="com.mindhub.homebanking.HomebankingApplicationTest" time="0.001"/>
  <testcase name="repetition 118 of 5000" classname="com.mindhub.homebanking.HomebankingApplicationTest" time="0.001"/>
  <testcase name="repetition 119 of 5000" classname="com.mindhub.homebanking.HomebankingApplicationTest" time="0.001"/>
  <testcase name="repetition 120 of 5000" classname="com.mindhub.homebanking.HomebankingApplicationTest" time="0.001"/>
  <testcase name="repetition 121 of 5000" classname="com.mindhub.homebanking.HomebankingApplicationTest" time="0.0"/>
  <testcase name="repetition 122 of 5000" classname="com.mindhub.homebanking.HomebankingApplicationTest" time="0.001"/>
  <testcase name="repetition 123 of 5000" classname="com.mindhub.homebanking.HomebankingApplicationTest" time="0.001"/>
  <testcase name="repetition 124 of 5000" classname="com.mindhub.homebanking.HomebankingApplicationTest" time="0.001"/>
  <testcase name="repetition 125 of 5000" classname="com.mindhub.homebanking.HomebankingApplicationTest" time="0.0"/>
  <testcase name="repetition 126 of 5000" classname="com.mindhub.homebanking.HomebankingApplicationTest" time="0.001"/>
  <testcase name="repetition 127 of 5000" classname="com.mindhub.homebanking.HomebankingApplicationTest" time="0.001"/>
  <testcase name="repetition 128 of 5000" classname="com.mindhub.homebanking.HomebankingApplicationTest" time="0.0"/>
  <testcase name="repetition 129 of 5000" classname="com.mindhub.homebanking.HomebankingApplicationTest" time="0.001"/>
  <testcase name="repetition 130 of 5000" classname="com.mindhub.homebanking.HomebankingApplicationTest" time="0.0"/>
  <testcase name="repetition 131 of 5000" classname="com.mindhub.homebanking.HomebankingApplicationTest" time="0.001"/>
  <testcase name="repetition 132 of 5000" classname="com.mindhub.homebanking.HomebankingApplicationTest" time="0.001"/>
  <testcase name="repetition 133 of 5000" classname="com.mindhub.homebanking.HomebankingApplicationTest" time="0.001"/>
  <testcase name="repetition 134 of 5000" classname="com.mindhub.homebanking.HomebankingApplicationTest" time="0.001"/>
  <testcase name="repetition 135 of 5000" classname="com.mindhub.homebanking.HomebankingApplicationTest" time="0.001"/>
  <testcase name="repetition 136 of 5000" classname="com.mindhub.homebanking.HomebankingApplicationTest" time="0.001"/>
  <testcase name="repetition 137 of 5000" classname="com.mindhub.homebanking.HomebankingApplicationTest" time="0.001"/>
  <testcase name="repetition 138 of 5000" classname="com.mindhub.homebanking.HomebankingApplicationTest" time="0.001"/>
  <testcase name="repetition 139 of 5000" classname="com.mindhub.homebanking.HomebankingApplicationTest" time="0.001"/>
  <testcase name="repetition 140 of 5000" classname="com.mindhub.homebanking.HomebankingApplicationTest" time="0.001"/>
  <testcase name="repetition 141 of 5000" classname="com.mindhub.homebanking.HomebankingApplicationTest" time="0.001"/>
  <testcase name="repetition 142 of 5000" classname="com.mindhub.homebanking.HomebankingApplicationTest" time="0.002"/>
  <testcase name="repetition 143 of 5000" classname="com.mindhub.homebanking.HomebankingApplicationTest" time="0.001"/>
  <testcase name="repetition 144 of 5000" classname="com.mindhub.homebanking.HomebankingApplicationTest" time="0.001"/>
  <testcase name="repetition 145 of 5000" classname="com.mindhub.homebanking.HomebankingApplicationTest" time="0.001"/>
  <testcase name="repetition 146 of 5000" classname="com.mindhub.homebanking.HomebankingApplicationTest" time="0.001"/>
  <testcase name="repetition 147 of 5000" classname="com.mindhub.homebanking.HomebankingApplicationTest" time="0.001"/>
  <testcase name="repetition 148 of 5000" classname="com.mindhub.homebanking.HomebankingApplicationTest" time="0.001"/>
  <testcase name="repetition 149 of 5000" classname="com.mindhub.homebanking.HomebankingApplicationTest" time="0.0"/>
  <testcase name="repetition 150 of 5000" classname="com.mindhub.homebanking.HomebankingApplicationTest" time="0.001"/>
  <testcase name="repetition 151 of 5000" classname="com.mindhub.homebanking.HomebankingApplicationTest" time="0.001"/>
  <testcase name="repetition 152 of 5000" classname="com.mindhub.homebanking.HomebankingApplicationTest" time="0.001"/>
  <testcase name="repetition 153 of 5000" classname="com.mindhub.homebanking.HomebankingApplicationTest" time="0.0"/>
  <testcase name="repetition 154 of 5000" classname="com.mindhub.homebanking.HomebankingApplicationTest" time="0.001"/>
  <testcase name="repetition 155 of 5000" classname="com.mindhub.homebanking.HomebankingApplicationTest" time="0.001"/>
  <testcase name="repetition 156 of 5000" classname="com.mindhub.homebanking.HomebankingApplicationTest" time="0.001"/>
  <testcase name="repetition 157 of 5000" classname="com.mindhub.homebanking.HomebankingApplicationTest" time="0.0"/>
  <testcase name="repetition 158 of 5000" classname="com.mindhub.homebanking.HomebankingApplicationTest" time="0.001"/>
  <testcase name="repetition 159 of 5000" classname="com.mindhub.homebanking.HomebankingApplicationTest" time="0.001"/>
  <testcase name="repetition 160 of 5000" classname="com.mindhub.homebanking.HomebankingApplicationTest" time="0.0"/>
  <testcase name="repetition 161 of 5000" classname="com.mindhub.homebanking.HomebankingApplicationTest" time="0.001"/>
  <testcase name="repetition 162 of 5000" classname="com.mindhub.homebanking.HomebankingApplicationTest" time="0.001"/>
  <testcase name="repetition 163 of 5000" classname="com.mindhub.homebanking.HomebankingApplicationTest" time="0.001"/>
  <testcase name="repetition 164 of 5000" classname="com.mindhub.homebanking.HomebankingApplicationTest" time="0.001"/>
  <testcase name="repetition 165 of 5000" classname="com.mindhub.homebanking.HomebankingApplicationTest" time="0.001"/>
  <testcase name="repetition 166 of 5000" classname="com.mindhub.homebanking.HomebankingApplicationTest" time="0.001"/>
  <testcase name="repetition 167 of 5000" classname="com.mindhub.homebanking.HomebankingApplicationTest" time="0.001"/>
  <testcase name="repetition 168 of 5000" classname="com.mindhub.homebanking.HomebankingApplicationTest" time="0.001"/>
  <testcase name="repetition 169 of 5000" classname="com.mindhub.homebanking.HomebankingApplicationTest" time="0.0"/>
  <testcase name="repetition 170 of 5000" classname="com.mindhub.homebanking.HomebankingApplicationTest" time="0.001"/>
  <testcase name="repetition 171 of 5000" classname="com.mindhub.homebanking.HomebankingApplicationTest" time="0.001"/>
  <testcase name="repetition 172 of 5000" classname="com.mindhub.homebanking.HomebankingApplicationTest" time="0.001"/>
  <testcase name="repetition 173 of 5000" classname="com.mindhub.homebanking.HomebankingApplicationTest" time="0.001"/>
  <testcase name="repetition 174 of 5000" classname="com.mindhub.homebanking.HomebankingApplicationTest" time="0.0"/>
  <testcase name="repetition 175 of 5000" classname="com.mindhub.homebanking.HomebankingApplicationTest" time="0.001"/>
  <testcase name="repetition 176 of 5000" classname="com.mindhub.homebanking.HomebankingApplicationTest" time="0.001"/>
  <testcase name="repetition 177 of 5000" classname="com.mindhub.homebanking.HomebankingApplicationTest" time="0.001"/>
  <testcase name="repetition 178 of 5000" classname="com.mindhub.homebanking.HomebankingApplicationTest" time="0.001"/>
  <testcase name="repetition 179 of 5000" classname="com.mindhub.homebanking.HomebankingApplicationTest" time="0.0"/>
  <testcase name="repetition 180 of 5000" classname="com.mindhub.homebanking.HomebankingApplicationTest" time="0.0"/>
  <testcase name="repetition 181 of 5000" classname="com.mindhub.homebanking.HomebankingApplicationTest" time="0.0"/>
  <testcase name="repetition 182 of 5000" classname="com.mindhub.homebanking.HomebankingApplicationTest" time="0.0"/>
  <testcase name="repetition 183 of 5000" classname="com.mindhub.homebanking.HomebankingApplicationTest" time="0.001"/>
  <testcase name="repetition 184 of 5000" classname="com.mindhub.homebanking.HomebankingApplicationTest" time="0.001"/>
  <testcase name="repetition 185 of 5000" classname="com.mindhub.homebanking.HomebankingApplicationTest" time="0.001"/>
  <testcase name="repetition 186 of 5000" classname="com.mindhub.homebanking.HomebankingApplicationTest" time="0.001"/>
  <testcase name="repetition 187 of 5000" classname="com.mindhub.homebanking.HomebankingApplicationTest" time="0.001"/>
  <testcase name="repetition 188 of 5000" classname="com.mindhub.homebanking.HomebankingApplicationTest" time="0.001"/>
  <testcase name="repetition 189 of 5000" classname="com.mindhub.homebanking.HomebankingApplicationTest" time="0.001"/>
  <testcase name="repetition 190 of 5000" classname="com.mindhub.homebanking.HomebankingApplicationTest" time="0.002"/>
  <testcase name="repetition 191 of 5000" classname="com.mindhub.homebanking.HomebankingApplicationTest" time="0.001"/>
  <testcase name="repetition 192 of 5000" classname="com.mindhub.homebanking.HomebankingApplicationTest" time="0.0"/>
  <testcase name="repetition 193 of 5000" classname="com.mindhub.homebanking.HomebankingApplicationTest" time="0.001"/>
  <testcase name="repetition 194 of 5000" classname="com.mindhub.homebanking.HomebankingApplicationTest" time="0.001"/>
  <testcase name="repetition 195 of 5000" classname="com.mindhub.homebanking.HomebankingApplicationTest" time="0.0"/>
  <testcase name="repetition 196 of 5000" classname="com.mindhub.homebanking.HomebankingApplicationTest" time="0.0"/>
  <testcase name="repetition 197 of 5000" classname="com.mindhub.homebanking.HomebankingApplicationTest" time="0.001"/>
  <testcase name="repetition 198 of 5000" classname="com.mindhub.homebanking.HomebankingApplicationTest" time="0.004"/>
  <testcase name="repetition 199 of 5000" classname="com.mindhub.homebanking.HomebankingApplicationTest" time="0.001"/>
  <testcase name="repetition 200 of 5000" classname="com.mindhub.homebanking.HomebankingApplicationTest" time="0.0"/>
  <testcase name="repetition 201 of 5000" classname="com.mindhub.homebanking.HomebankingApplicationTest" time="0.001"/>
  <testcase name="repetition 202 of 5000" classname="com.mindhub.homebanking.HomebankingApplicationTest" time="0.001"/>
  <testcase name="repetition 203 of 5000" classname="com.mindhub.homebanking.HomebankingApplicationTest" time="0.0"/>
  <testcase name="repetition 204 of 5000" classname="com.mindhub.homebanking.HomebankingApplicationTest" time="0.001"/>
  <testcase name="repetition 205 of 5000" classname="com.mindhub.homebanking.HomebankingApplicationTest" time="0.0"/>
  <testcase name="repetition 206 of 5000" classname="com.mindhub.homebanking.HomebankingApplicationTest" time="0.001"/>
  <testcase name="repetition 207 of 5000" classname="com.mindhub.homebanking.HomebankingApplicationTest" time="0.0"/>
  <testcase name="repetition 208 of 5000" classname="com.mindhub.homebanking.HomebankingApplicationTest" time="0.001"/>
  <testcase name="repetition 209 of 5000" classname="com.mindhub.homebanking.HomebankingApplicationTest" time="0.0"/>
  <testcase name="repetition 210 of 5000" classname="com.mindhub.homebanking.HomebankingApplicationTest" time="0.001"/>
  <testcase name="repetition 211 of 5000" classname="com.mindhub.homebanking.HomebankingApplicationTest" time="0.0"/>
  <testcase name="repetition 212 of 5000" classname="com.mindhub.homebanking.HomebankingApplicationTest" time="0.001"/>
  <testcase name="repetition 213 of 5000" classname="com.mindhub.homebanking.HomebankingApplicationTest" time="0.001"/>
  <testcase name="repetition 214 of 5000" classname="com.mindhub.homebanking.HomebankingApplicationTest" time="0.0"/>
  <testcase name="repetition 215 of 5000" classname="com.mindhub.homebanking.HomebankingApplicationTest" time="0.001"/>
  <testcase name="repetition 216 of 5000" classname="com.mindhub.homebanking.HomebankingApplicationTest" time="0.0"/>
  <testcase name="repetition 217 of 5000" classname="com.mindhub.homebanking.HomebankingApplicationTest" time="0.001"/>
  <testcase name="repetition 218 of 5000" classname="com.mindhub.homebanking.HomebankingApplicationTest" time="0.0"/>
  <testcase name="repetition 219 of 5000" classname="com.mindhub.homebanking.HomebankingApplicationTest" time="0.001"/>
  <testcase name="repetition 220 of 5000" classname="com.mindhub.homebanking.HomebankingApplicationTest" time="0.001"/>
  <testcase name="repetition 221 of 5000" classname="com.mindhub.homebanking.HomebankingApplicationTest" time="0.001"/>
  <testcase name="repetition 222 of 5000" classname="com.mindhub.homebanking.HomebankingApplicationTest" time="0.0"/>
  <testcase name="repetition 223 of 5000" classname="com.mindhub.homebanking.HomebankingApplicationTest" time="0.001"/>
  <testcase name="repetition 224 of 5000" classname="com.mindhub.homebanking.HomebankingApplicationTest" time="0.0"/>
  <testcase name="repetition 225 of 5000" classname="com.mindhub.homebanking.HomebankingApplicationTest" time="0.001"/>
  <testcase name="repetition 226 of 5000" classname="com.mindhub.homebanking.HomebankingApplicationTest" time="0.0"/>
  <testcase name="repetition 227 of 5000" classname="com.mindhub.homebanking.HomebankingApplicationTest" time="0.001"/>
  <testcase name="repetition 228 of 5000" classname="com.mindhub.homebanking.HomebankingApplicationTest" time="0.0"/>
  <testcase name="repetition 229 of 5000" classname="com.mindhub.homebanking.HomebankingApplicationTest" time="0.001"/>
  <testcase name="repetition 230 of 5000" classname="com.mindhub.homebanking.HomebankingApplicationTest" time="0.0"/>
  <testcase name="repetition 231 of 5000" classname="com.mindhub.homebanking.HomebankingApplicationTest" time="0.0"/>
  <testcase name="repetition 232 of 5000" classname="com.mindhub.homebanking.HomebankingApplicationTest" time="0.0"/>
  <testcase name="repetition 233 of 5000" classname="com.mindhub.homebanking.HomebankingApplicationTest" time="0.001"/>
  <testcase name="repetition 234 of 5000" classname="com.mindhub.homebanking.HomebankingApplicationTest" time="0.0"/>
  <testcase name="repetition 235 of 5000" classname="com.mindhub.homebanking.HomebankingApplicationTest" time="0.001"/>
  <testcase name="repetition 236 of 5000" classname="com.mindhub.homebanking.HomebankingApplicationTest" time="0.0"/>
  <testcase name="repetition 237 of 5000" classname="com.mindhub.homebanking.HomebankingApplicationTest" time="0.001"/>
  <testcase name="repetition 238 of 5000" classname="com.mindhub.homebanking.HomebankingApplicationTest" time="0.0"/>
  <testcase name="repetition 239 of 5000" classname="com.mindhub.homebanking.HomebankingApplicationTest" time="0.001"/>
  <testcase name="repetition 240 of 5000" classname="com.mindhub.homebanking.HomebankingApplicationTest" time="0.0"/>
  <testcase name="repetition 241 of 5000" classname="com.mindhub.homebanking.HomebankingApplicationTest" time="0.0"/>
  <testcase name="repetition 242 of 5000" classname="com.mindhub.homebanking.HomebankingApplicationTest" time="0.0"/>
  <testcase name="repetition 243 of 5000" classname="com.mindhub.homebanking.HomebankingApplicationTest" time="0.0"/>
  <testcase name="repetition 244 of 5000" classname="com.mindhub.homebanking.HomebankingApplicationTest" time="0.0"/>
  <testcase name="repetition 245 of 5000" classname="com.mindhub.homebanking.HomebankingApplicationTest" time="0.0"/>
  <testcase name="repetition 246 of 5000" classname="com.mindhub.homebanking.HomebankingApplicationTest" time="0.0"/>
  <testcase name="repetition 247 of 5000" classname="com.mindhub.homebanking.HomebankingApplicationTest" time="0.0"/>
  <testcase name="repetition 248 of 5000" classname="com.mindhub.homebanking.HomebankingApplicationTest" time="0.001"/>
  <testcase name="repetition 249 of 5000" classname="com.mindhub.homebanking.HomebankingApplicationTest" time="0.0"/>
  <testcase name="repetition 250 of 5000" classname="com.mindhub.homebanking.HomebankingApplicationTest" time="0.001"/>
  <testcase name="repetition 251 of 5000" classname="com.mindhub.homebanking.HomebankingApplicationTest" time="0.0"/>
  <testcase name="repetition 252 of 5000" classname="com.mindhub.homebanking.HomebankingApplicationTest" time="0.001"/>
  <testcase name="repetition 253 of 5000" classname="com.mindhub.homebanking.HomebankingApplicationTest" time="0.0"/>
  <testcase name="repetition 254 of 5000" classname="com.mindhub.homebanking.HomebankingApplicationTest" time="0.001"/>
  <testcase name="repetition 255 of 5000" classname="com.mindhub.homebanking.HomebankingApplicationTest" time="0.0"/>
  <testcase name="repetition 256 of 5000" classname="com.mindhub.homebanking.HomebankingApplicationTest" time="0.001"/>
  <testcase name="repetition 257 of 5000" classname="com.mindhub.homebanking.HomebankingApplicationTest" time="0.0"/>
  <testcase name="repetition 258 of 5000" classname="com.mindhub.homebanking.HomebankingApplicationTest" time="0.001"/>
  <testcase name="repetition 259 of 5000" classname="com.mindhub.homebanking.HomebankingApplicationTest" time="0.0"/>
  <testcase name="repetition 260 of 5000" classname="com.mindhub.homebanking.HomebankingApplicationTest" time="0.0"/>
  <testcase name="repetition 261 of 5000" classname="com.mindhub.homebanking.HomebankingApplicationTest" time="0.0"/>
  <testcase name="repetition 262 of 5000" classname="com.mindhub.homebanking.HomebankingApplicationTest" time="0.0"/>
  <testcase name="repetition 263 of 5000" classname="com.mindhub.homebanking.HomebankingApplicationTest" time="0.0"/>
  <testcase name="repetition 264 of 5000" classname="com.mindhub.homebanking.HomebankingApplicationTest" time="0.0"/>
  <testcase name="repetition 265 of 5000" classname="com.mindhub.homebanking.HomebankingApplicationTest" time="0.001"/>
  <testcase name="repetition 266 of 5000" classname="com.mindhub.homebanking.HomebankingApplicationTest" time="0.0"/>
  <testcase name="repetition 267 of 5000" classname="com.mindhub.homebanking.HomebankingApplicationTest" time="0.001"/>
  <testcase name="repetition 268 of 5000" classname="com.mindhub.homebanking.HomebankingApplicationTest" time="0.0"/>
  <testcase name="repetition 269 of 5000" classname="com.mindhub.homebanking.HomebankingApplicationTest" time="0.001"/>
  <testcase name="repetition 270 of 5000" classname="com.mindhub.homebanking.HomebankingApplicationTest" time="0.0"/>
  <testcase name="repetition 271 of 5000" classname="com.mindhub.homebanking.HomebankingApplicationTest" time="0.001"/>
  <testcase name="repetition 272 of 5000" classname="com.mindhub.homebanking.HomebankingApplicationTest" time="0.001"/>
  <testcase name="repetition 273 of 5000" classname="com.mindhub.homebanking.HomebankingApplicationTest" time="0.0"/>
  <testcase name="repetition 274 of 5000" classname="com.mindhub.homebanking.HomebankingApplicationTest" time="0.0"/>
  <testcase name="repetition 275 of 5000" classname="com.mindhub.homebanking.HomebankingApplicationTest" time="0.001"/>
  <testcase name="repetition 276 of 5000" classname="com.mindhub.homebanking.HomebankingApplicationTest" time="0.0"/>
  <testcase name="repetition 277 of 5000" classname="com.mindhub.homebanking.HomebankingApplicationTest" time="0.001"/>
  <testcase name="repetition 278 of 5000" classname="com.mindhub.homebanking.HomebankingApplicationTest" time="0.0"/>
  <testcase name="repetition 279 of 5000" classname="com.mindhub.homebanking.HomebankingApplicationTest" time="0.001"/>
  <testcase name="repetition 280 of 5000" classname="com.mindhub.homebanking.HomebankingApplicationTest" time="0.001"/>
  <testcase name="repetition 281 of 5000" classname="com.mindhub.homebanking.HomebankingApplicationTest" time="0.0"/>
  <testcase name="repetition 282 of 5000" classname="com.mindhub.homebanking.HomebankingApplicationTest" time="0.0"/>
  <testcase name="repetition 283 of 5000" classname="com.mindhub.homebanking.HomebankingApplicationTest" time="0.001"/>
  <testcase name="repetition 284 of 5000" classname="com.mindhub.homebanking.HomebankingApplicationTest" time="0.001"/>
  <testcase name="repetition 285 of 5000" classname="com.mindhub.homebanking.HomebankingApplicationTest" time="0.0"/>
  <testcase name="repetition 286 of 5000" classname="com.mindhub.homebanking.HomebankingApplicationTest" time="0.0"/>
  <testcase name="repetition 287 of 5000" classname="com.mindhub.homebanking.HomebankingApplicationTest" time="0.0"/>
  <testcase name="repetition 288 of 5000" classname="com.mindhub.homebanking.HomebankingApplicationTest" time="0.0"/>
  <testcase name="repetition 289 of 5000" classname="com.mindhub.homebanking.HomebankingApplicationTest" time="0.001"/>
  <testcase name="repetition 290 of 5000" classname="com.mindhub.homebanking.HomebankingApplicationTest" time="0.0"/>
  <testcase name="repetition 291 of 5000" classname="com.mindhub.homebanking.HomebankingApplicationTest" time="0.0"/>
  <testcase name="repetition 292 of 5000" classname="com.mindhub.homebanking.HomebankingApplicationTest" time="0.0"/>
  <testcase name="repetition 293 of 5000" classname="com.mindhub.homebanking.HomebankingApplicationTest" time="0.001"/>
  <testcase name="repetition 294 of 5000" classname="com.mindhub.homebanking.HomebankingApplicationTest" time="0.001"/>
  <testcase name="repetition 295 of 5000" classname="com.mindhub.homebanking.HomebankingApplicationTest" time="0.001"/>
  <testcase name="repetition 296 of 5000" classname="com.mindhub.homebanking.HomebankingApplicationTest" time="0.001"/>
  <testcase name="repetition 297 of 5000" classname="com.mindhub.homebanking.HomebankingApplicationTest" time="0.001"/>
  <testcase name="repetition 298 of 5000" classname="com.mindhub.homebanking.HomebankingApplicationTest" time="0.0"/>
  <testcase name="repetition 299 of 5000" classname="com.mindhub.homebanking.HomebankingApplicationTest" time="0.001"/>
  <testcase name="repetition 300 of 5000" classname="com.mindhub.homebanking.HomebankingApplicationTest" time="0.001"/>
  <testcase name="repetition 301 of 5000" classname="com.mindhub.homebanking.HomebankingApplicationTest" time="0.0"/>
  <testcase name="repetition 302 of 5000" classname="com.mindhub.homebanking.HomebankingApplicationTest" time="0.001"/>
  <testcase name="repetition 303 of 5000" classname="com.mindhub.homebanking.HomebankingApplicationTest" time="0.0"/>
  <testcase name="repetition 304 of 5000" classname="com.mindhub.homebanking.HomebankingApplicationTest" time="0.001"/>
  <testcase name="repetition 305 of 5000" classname="com.mindhub.homebanking.HomebankingApplicationTest" time="0.001"/>
  <testcase name="repetition 306 of 5000" classname="com.mindhub.homebanking.HomebankingApplicationTest" time="0.001"/>
  <testcase name="repetition 307 of 5000" classname="com.mindhub.homebanking.HomebankingApplicationTest" time="0.0"/>
  <testcase name="repetition 308 of 5000" classname="com.mindhub.homebanking.HomebankingApplicationTest" time="0.001"/>
  <testcase name="repetition 309 of 5000" classname="com.mindhub.homebanking.HomebankingApplicationTest" time="0.0"/>
  <testcase name="repetition 310 of 5000" classname="com.mindhub.homebanking.HomebankingApplicationTest" time="0.0"/>
  <testcase name="repetition 311 of 5000" classname="com.mindhub.homebanking.HomebankingApplicationTest" time="0.0"/>
  <testcase name="repetition 312 of 5000" classname="com.mindhub.homebanking.HomebankingApplicationTest" time="0.0"/>
  <testcase name="repetition 313 of 5000" classname="com.mindhub.homebanking.HomebankingApplicationTest" time="0.001"/>
  <testcase name="repetition 314 of 5000" classname="com.mindhub.homebanking.HomebankingApplicationTest" time="0.001"/>
  <testcase name="repetition 315 of 5000" classname="com.mindhub.homebanking.HomebankingApplicationTest" time="0.001"/>
  <testcase name="repetition 316 of 5000" classname="com.mindhub.homebanking.HomebankingApplicationTest" time="0.0"/>
  <testcase name="repetition 317 of 5000" classname="com.mindhub.homebanking.HomebankingApplicationTest" time="0.001"/>
  <testcase name="repetition 318 of 5000" classname="com.mindhub.homebanking.HomebankingApplicationTest" time="0.001"/>
  <testcase name="repetition 319 of 5000" classname="com.mindhub.homebanking.HomebankingApplicationTest" time="0.0"/>
  <testcase name="repetition 320 of 5000" classname="com.mindhub.homebanking.HomebankingApplicationTest" time="0.001"/>
  <testcase name="repetition 321 of 5000" classname="com.mindhub.homebanking.HomebankingApplicationTest" time="0.001"/>
  <testcase name="repetition 322 of 5000" classname="com.mindhub.homebanking.HomebankingApplicationTest" time="0.001"/>
  <testcase name="repetition 323 of 5000" classname="com.mindhub.homebanking.HomebankingApplicationTest" time="0.001"/>
  <testcase name="repetition 324 of 5000" classname="com.mindhub.homebanking.HomebankingApplicationTest" time="0.001"/>
  <testcase name="repetition 325 of 5000" classname="com.mindhub.homebanking.HomebankingApplicationTest" time="0.001"/>
  <testcase name="repetition 326 of 5000" classname="com.mindhub.homebanking.HomebankingApplicationTest" time="0.001"/>
  <testcase name="repetition 327 of 5000" classname="com.mindhub.homebanking.HomebankingApplicationTest" time="0.001"/>
  <testcase name="repetition 328 of 5000" classname="com.mindhub.homebanking.HomebankingApplicationTest" time="0.001"/>
  <testcase name="repetition 329 of 5000" classname="com.mindhub.homebanking.HomebankingApplicationTest" time="0.0"/>
  <testcase name="repetition 330 of 5000" classname="com.mindhub.homebanking.HomebankingApplicationTest" time="0.001"/>
  <testcase name="repetition 331 of 5000" classname="com.mindhub.homebanking.HomebankingApplicationTest" time="0.0"/>
  <testcase name="repetition 332 of 5000" classname="com.mindhub.homebanking.HomebankingApplicationTest" time="0.001"/>
  <testcase name="repetition 333 of 5000" classname="com.mindhub.homebanking.HomebankingApplicationTest" time="0.001"/>
  <testcase name="repetition 334 of 5000" classname="com.mindhub.homebanking.HomebankingApplicationTest" time="0.001"/>
  <testcase name="repetition 335 of 5000" classname="com.mindhub.homebanking.HomebankingApplicationTest" time="0.001"/>
  <testcase name="repetition 336 of 5000" classname="com.mindhub.homebanking.HomebankingApplicationTest" time="0.0"/>
  <testcase name="repetition 337 of 5000" classname="com.mindhub.homebanking.HomebankingApplicationTest" time="0.0"/>
  <testcase name="repetition 338 of 5000" classname="com.mindhub.homebanking.HomebankingApplicationTest" time="0.001"/>
  <testcase name="repetition 339 of 5000" classname="com.mindhub.homebanking.HomebankingApplicationTest" time="0.0"/>
  <testcase name="repetition 340 of 5000" classname="com.mindhub.homebanking.HomebankingApplicationTest" time="0.0"/>
  <testcase name="repetition 341 of 5000" classname="com.mindhub.homebanking.HomebankingApplicationTest" time="0.0"/>
  <testcase name="repetition 342 of 5000" classname="com.mindhub.homebanking.HomebankingApplicationTest" time="0.001"/>
  <testcase name="repetition 343 of 5000" classname="com.mindhub.homebanking.HomebankingApplicationTest" time="0.001"/>
  <testcase name="repetition 344 of 5000" classname="com.mindhub.homebanking.HomebankingApplicationTest" time="0.001"/>
  <testcase name="repetition 345 of 5000" classname="com.mindhub.homebanking.HomebankingApplicationTest" time="0.0"/>
  <testcase name="repetition 346 of 5000" classname="com.mindhub.homebanking.HomebankingApplicationTest" time="0.001"/>
  <testcase name="repetition 347 of 5000" classname="com.mindhub.homebanking.HomebankingApplicationTest" time="0.0"/>
  <testcase name="repetition 348 of 5000" classname="com.mindhub.homebanking.HomebankingApplicationTest" time="0.001"/>
  <testcase name="repetition 349 of 5000" classname="com.mindhub.homebanking.HomebankingApplicationTest" time="0.001"/>
  <testcase name="repetition 350 of 5000" classname="com.mindhub.homebanking.HomebankingApplicationTest" time="0.001"/>
  <testcase name="repetition 351 of 5000" classname="com.mindhub.homebanking.HomebankingApplicationTest" time="0.0"/>
  <testcase name="repetition 352 of 5000" classname="com.mindhub.homebanking.HomebankingApplicationTest" time="0.001"/>
  <testcase name="repetition 353 of 5000" classname="com.mindhub.homebanking.HomebankingApplicationTest" time="0.0"/>
  <testcase name="repetition 354 of 5000" classname="com.mindhub.homebanking.HomebankingApplicationTest" time="0.001"/>
  <testcase name="repetition 355 of 5000" classname="com.mindhub.homebanking.HomebankingApplicationTest" time="0.0"/>
  <testcase name="repetition 356 of 5000" classname="com.mindhub.homebanking.HomebankingApplicationTest" time="0.001"/>
  <testcase name="repetition 357 of 5000" classname="com.mindhub.homebanking.HomebankingApplicationTest" time="0.0"/>
  <testcase name="repetition 358 of 5000" classname="com.mindhub.homebanking.HomebankingApplicationTest" time="0.001"/>
  <testcase name="repetition 359 of 5000" classname="com.mindhub.homebanking.HomebankingApplicationTest" time="0.0"/>
  <testcase name="repetition 360 of 5000" classname="com.mindhub.homebanking.HomebankingApplicationTest" time="0.001"/>
  <testcase name="repetition 361 of 5000" classname="com.mindhub.homebanking.HomebankingApplicationTest" time="0.0"/>
  <testcase name="repetition 362 of 5000" classname="com.mindhub.homebanking.HomebankingApplicationTest" time="0.0"/>
  <testcase name="repetition 363 of 5000" classname="com.mindhub.homebanking.HomebankingApplicationTest" time="0.001"/>
  <testcase name="repetition 364 of 5000" classname="com.mindhub.homebanking.HomebankingApplicationTest" time="0.0"/>
  <testcase name="repetition 365 of 5000" classname="com.mindhub.homebanking.HomebankingApplicationTest" time="0.001"/>
  <testcase name="repetition 366 of 5000" classname="com.mindhub.homebanking.HomebankingApplicationTest" time="0.001"/>
  <testcase name="repetition 367 of 5000" classname="com.mindhub.homebanking.HomebankingApplicationTest" time="0.001"/>
  <testcase name="repetition 368 of 5000" classname="com.mindhub.homebanking.HomebankingApplicationTest" time="0.001"/>
  <testcase name="repetition 369 of 5000" classname="com.mindhub.homebanking.HomebankingApplicationTest" time="0.001"/>
  <testcase name="repetition 370 of 5000" classname="com.mindhub.homebanking.HomebankingApplicationTest" time="0.0"/>
  <testcase name="repetition 371 of 5000" classname="com.mindhub.homebanking.HomebankingApplicationTest" time="0.0"/>
  <testcase name="repetition 372 of 5000" classname="com.mindhub.homebanking.HomebankingApplicationTest" time="0.001"/>
  <testcase name="repetition 373 of 5000" classname="com.mindhub.homebanking.HomebankingApplicationTest" time="0.0"/>
  <testcase name="repetition 374 of 5000" classname="com.mindhub.homebanking.HomebankingApplicationTest" time="0.001"/>
  <testcase name="repetition 375 of 5000" classname="com.mindhub.homebanking.HomebankingApplicationTest" time="0.0"/>
  <testcase name="repetition 376 of 5000" classname="com.mindhub.homebanking.HomebankingApplicationTest" time="0.001"/>
  <testcase name="repetition 377 of 5000" classname="com.mindhub.homebanking.HomebankingApplicationTest" time="0.001"/>
  <testcase name="repetition 378 of 5000" classname="com.mindhub.homebanking.HomebankingApplicationTest" time="0.0"/>
  <testcase name="repetition 379 of 5000" classname="com.mindhub.homebanking.HomebankingApplicationTest" time="0.0"/>
  <testcase name="repetition 380 of 5000" classname="com.mindhub.homebanking.HomebankingApplicationTest" time="0.001"/>
  <testcase name="repetition 381 of 5000" classname="com.mindhub.homebanking.HomebankingApplicationTest" time="0.0"/>
  <testcase name="repetition 382 of 5000" classname="com.mindhub.homebanking.HomebankingApplicationTest" time="0.001"/>
  <testcase name="repetition 383 of 5000" classname="com.mindhub.homebanking.HomebankingApplicationTest" time="0.0"/>
  <testcase name="repetition 384 of 5000" classname="com.mindhub.homebanking.HomebankingApplicationTest" time="0.001"/>
  <testcase name="repetition 385 of 5000" classname="com.mindhub.homebanking.HomebankingApplicationTest" time="0.0"/>
  <testcase name="repetition 386 of 5000" classname="com.mindhub.homebanking.HomebankingApplicationTest" time="0.001"/>
  <testcase name="repetition 387 of 5000" classname="com.mindhub.homebanking.HomebankingApplicationTest" time="0.0"/>
  <testcase name="repetition 388 of 5000" classname="com.mindhub.homebanking.HomebankingApplicationTest" time="0.001"/>
  <testcase name="repetition 389 of 5000" classname="com.mindhub.homebanking.HomebankingApplicationTest" time="0.0"/>
  <testcase name="repetition 390 of 5000" classname="com.mindhub.homebanking.HomebankingApplicationTest" time="0.001"/>
  <testcase name="repetition 391 of 5000" classname="com.mindhub.homebanking.HomebankingApplicationTest" time="0.001"/>
  <testcase name="repetition 392 of 5000" classname="com.mindhub.homebanking.HomebankingApplicationTest" time="0.001"/>
  <testcase name="repetition 393 of 5000" classname="com.mindhub.homebanking.HomebankingApplicationTest" time="0.001"/>
  <testcase name="repetition 394 of 5000" classname="com.mindhub.homebanking.HomebankingApplicationTest" time="0.0"/>
  <testcase name="repetition 395 of 5000" classname="com.mindhub.homebanking.HomebankingApplicationTest" time="0.001"/>
  <testcase name="repetition 396 of 5000" classname="com.mindhub.homebanking.HomebankingApplicationTest" time="0.0"/>
  <testcase name="repetition 397 of 5000" classname="com.mindhub.homebanking.HomebankingApplicationTest" time="0.0"/>
  <testcase name="repetition 398 of 5000" classname="com.mindhub.homebanking.HomebankingApplicationTest" time="0.0"/>
  <testcase name="repetition 399 of 5000" classname="com.mindhub.homebanking.HomebankingApplicationTest" time="0.001"/>
  <testcase name="repetition 400 of 5000" classname="com.mindhub.homebanking.HomebankingApplicationTest" time="0.0"/>
  <testcase name="repetition 401 of 5000" classname="com.mindhub.homebanking.HomebankingApplicationTest" time="0.001"/>
  <testcase name="repetition 402 of 5000" classname="com.mindhub.homebanking.HomebankingApplicationTest" time="0.0"/>
  <testcase name="repetition 403 of 5000" classname="com.mindhub.homebanking.HomebankingApplicationTest" time="0.001"/>
  <testcase name="repetition 404 of 5000" classname="com.mindhub.homebanking.HomebankingApplicationTest" time="0.0"/>
  <testcase name="repetition 405 of 5000" classname="com.mindhub.homebanking.HomebankingApplicationTest" time="0.001"/>
  <testcase name="repetition 406 of 5000" classname="com.mindhub.homebanking.HomebankingApplicationTest" time="0.001"/>
  <testcase name="repetition 407 of 5000" classname="com.mindhub.homebanking.HomebankingApplicationTest" time="0.0"/>
  <testcase name="repetition 408 of 5000" classname="com.mindhub.homebanking.HomebankingApplicationTest" time="0.0"/>
  <testcase name="repetition 409 of 5000" classname="com.mindhub.homebanking.HomebankingApplicationTest" time="0.001"/>
  <testcase name="repetition 410 of 5000" classname="com.mindhub.homebanking.HomebankingApplicationTest" time="0.0"/>
  <testcase name="repetition 411 of 5000" classname="com.mindhub.homebanking.HomebankingApplicationTest" time="0.001"/>
  <testcase name="repetition 412 of 5000" classname="com.mindhub.homebanking.HomebankingApplicationTest" time="0.001"/>
  <testcase name="repetition 413 of 5000" classname="com.mindhub.homebanking.HomebankingApplicationTest" time="0.0"/>
  <testcase name="repetition 414 of 5000" classname="com.mindhub.homebanking.HomebankingApplicationTest" time="0.001"/>
  <testcase name="repetition 415 of 5000" classname="com.mindhub.homebanking.HomebankingApplicationTest" time="0.0"/>
  <testcase name="repetition 416 of 5000" classname="com.mindhub.homebanking.HomebankingApplicationTest" time="0.001"/>
  <testcase name="repetition 417 of 5000" classname="com.mindhub.homebanking.HomebankingApplicationTest" time="0.0"/>
  <testcase name="repetition 418 of 5000" classname="com.mindhub.homebanking.HomebankingApplicationTest" time="0.001"/>
  <testcase name="repetition 419 of 5000" classname="com.mindhub.homebanking.HomebankingApplicationTest" time="0.001"/>
  <testcase name="repetition 420 of 5000" classname="com.mindhub.homebanking.HomebankingApplicationTest" time="0.0"/>
  <testcase name="repetition 421 of 5000" classname="com.mindhub.homebanking.HomebankingApplicationTest" time="0.001"/>
  <testcase name="repetition 422 of 5000" classname="com.mindhub.homebanking.HomebankingApplicationTest" time="0.0"/>
  <testcase name="repetition 423 of 5000" classname="com.mindhub.homebanking.HomebankingApplicationTest" time="0.001"/>
  <testcase name="repetition 424 of 5000" classname="com.mindhub.homebanking.HomebankingApplicationTest" time="0.0"/>
  <testcase name="repetition 425 of 5000" classname="com.mindhub.homebanking.HomebankingApplicationTest" time="0.001"/>
  <testcase name="repetition 426 of 5000" classname="com.mindhub.homebanking.HomebankingApplicationTest" time="0.0"/>
  <testcase name="repetition 427 of 5000" classname="com.mindhub.homebanking.HomebankingApplicationTest" time="0.001"/>
  <testcase name="repetition 428 of 5000" classname="com.mindhub.homebanking.HomebankingApplicationTest" time="0.001"/>
  <testcase name="repetition 429 of 5000" classname="com.mindhub.homebanking.HomebankingApplicationTest" time="0.002"/>
  <testcase name="repetition 430 of 5000" classname="com.mindhub.homebanking.HomebankingApplicationTest" time="0.001"/>
  <testcase name="repetition 431 of 5000" classname="com.mindhub.homebanking.HomebankingApplicationTest" time="0.0"/>
  <testcase name="repetition 432 of 5000" classname="com.mindhub.homebanking.HomebankingApplicationTest" time="0.0"/>
  <testcase name="repetition 433 of 5000" classname="com.mindhub.homebanking.HomebankingApplicationTest" time="0.001"/>
  <testcase name="repetition 434 of 5000" classname="com.mindhub.homebanking.HomebankingApplicationTest" time="0.0"/>
  <testcase name="repetition 435 of 5000" classname="com.mindhub.homebanking.HomebankingApplicationTest" time="0.001"/>
  <testcase name="repetition 436 of 5000" classname="com.mindhub.homebanking.HomebankingApplicationTest" time="0.0"/>
  <testcase name="repetition 437 of 5000" classname="com.mindhub.homebanking.HomebankingApplicationTest" time="0.001"/>
  <testcase name="repetition 438 of 5000" classname="com.mindhub.homebanking.HomebankingApplicationTest" time="0.001"/>
  <testcase name="repetition 439 of 5000" classname="com.mindhub.homebanking.HomebankingApplicationTest" time="0.0"/>
  <testcase name="repetition 440 of 5000" classname="com.mindhub.homebanking.HomebankingApplicationTest" time="0.001"/>
  <testcase name="repetition 441 of 5000" classname="com.mindhub.homebanking.HomebankingApplicationTest" time="0.0"/>
  <testcase name="repetition 442 of 5000" classname="com.mindhub.homebanking.HomebankingApplicationTest" time="0.001"/>
  <testcase name="repetition 443 of 5000" classname="com.mindhub.homebanking.HomebankingApplicationTest" time="0.001"/>
  <testcase name="repetition 444 of 5000" classname="com.mindhub.homebanking.HomebankingApplicationTest" time="0.0"/>
  <testcase name="repetition 445 of 5000" classname="com.mindhub.homebanking.HomebankingApplicationTest" time="0.0"/>
  <testcase name="repetition 446 of 5000" classname="com.mindhub.homebanking.HomebankingApplicationTest" time="0.001"/>
  <testcase name="repetition 447 of 5000" classname="com.mindhub.homebanking.HomebankingApplicationTest" time="0.001"/>
  <testcase name="repetition 448 of 5000" classname="com.mindhub.homebanking.HomebankingApplicationTest" time="0.001"/>
  <testcase name="repetition 449 of 5000" classname="com.mindhub.homebanking.HomebankingApplicationTest" time="0.001"/>
  <testcase name="repetition 450 of 5000" classname="com.mindhub.homebanking.HomebankingApplicationTest" time="0.001"/>
  <testcase name="repetition 451 of 5000" classname="com.mindhub.homebanking.HomebankingApplicationTest" time="0.0"/>
  <testcase name="repetition 452 of 5000" classname="com.mindhub.homebanking.HomebankingApplicationTest" time="0.001"/>
  <testcase name="repetition 453 of 5000" classname="com.mindhub.homebanking.HomebankingApplicationTest" time="0.001"/>
  <testcase name="repetition 454 of 5000" classname="com.mindhub.homebanking.HomebankingApplicationTest" time="0.0"/>
  <testcase name="repetition 455 of 5000" classname="com.mindhub.homebanking.HomebankingApplicationTest" time="0.001"/>
  <testcase name="repetition 456 of 5000" classname="com.mindhub.homebanking.HomebankingApplicationTest" time="0.0"/>
  <testcase name="repetition 457 of 5000" classname="com.mindhub.homebanking.HomebankingApplicationTest" time="0.001"/>
  <testcase name="repetition 458 of 5000" classname="com.mindhub.homebanking.HomebankingApplicationTest" time="0.001"/>
  <testcase name="repetition 459 of 5000" classname="com.mindhub.homebanking.HomebankingApplicationTest" time="0.0"/>
  <testcase name="repetition 460 of 5000" classname="com.mindhub.homebanking.HomebankingApplicationTest" time="0.001"/>
  <testcase name="repetition 461 of 5000" classname="com.mindhub.homebanking.HomebankingApplicationTest" time="0.0"/>
  <testcase name="repetition 462 of 5000" classname="com.mindhub.homebanking.HomebankingApplicationTest" time="0.001"/>
  <testcase name="repetition 463 of 5000" classname="com.mindhub.homebanking.HomebankingApplicationTest" time="0.0"/>
  <testcase name="repetition 464 of 5000" classname="com.mindhub.homebanking.HomebankingApplicationTest" time="0.0"/>
  <testcase name="repetition 465 of 5000" classname="com.mindhub.homebanking.HomebankingApplicationTest" time="0.0"/>
  <testcase name="repetition 466 of 5000" classname="com.mindhub.homebanking.HomebankingApplicationTest" time="0.001"/>
  <testcase name="repetition 467 of 5000" classname="com.mindhub.homebanking.HomebankingApplicationTest" time="0.001"/>
  <testcase name="repetition 468 of 5000" classname="com.mindhub.homebanking.HomebankingApplicationTest" time="0.001"/>
  <testcase name="repetition 469 of 5000" classname="com.mindhub.homebanking.HomebankingApplicationTest" time="0.001"/>
  <testcase name="repetition 470 of 5000" classname="com.mindhub.homebanking.HomebankingApplicationTest" time="0.001"/>
  <testcase name="repetition 471 of 5000" classname="com.mindhub.homebanking.HomebankingApplicationTest" time="0.0"/>
  <testcase name="repetition 472 of 5000" classname="com.mindhub.homebanking.HomebankingApplicationTest" time="0.0"/>
  <testcase name="repetition 473 of 5000" classname="com.mindhub.homebanking.HomebankingApplicationTest" time="0.001"/>
  <testcase name="repetition 474 of 5000" classname="com.mindhub.homebanking.HomebankingApplicationTest" time="0.0"/>
  <testcase name="repetition 475 of 5000" classname="com.mindhub.homebanking.HomebankingApplicationTest" time="0.0"/>
  <testcase name="repetition 476 of 5000" classname="com.mindhub.homebanking.HomebankingApplicationTest" time="0.0"/>
  <testcase name="repetition 477 of 5000" classname="com.mindhub.homebanking.HomebankingApplicationTest" time="0.0"/>
  <testcase name="repetition 478 of 5000" classname="com.mindhub.homebanking.HomebankingApplicationTest" time="0.001"/>
  <testcase name="repetition 479 of 5000" classname="com.mindhub.homebanking.HomebankingApplicationTest" time="0.001"/>
  <testcase name="repetition 480 of 5000" classname="com.mindhub.homebanking.HomebankingApplicationTest" time="0.0"/>
  <testcase name="repetition 481 of 5000" classname="com.mindhub.homebanking.HomebankingApplicationTest" time="0.0"/>
  <testcase name="repetition 482 of 5000" classname="com.mindhub.homebanking.HomebankingApplicationTest" time="0.001"/>
  <testcase name="repetition 483 of 5000" classname="com.mindhub.homebanking.HomebankingApplicationTest" time="0.0"/>
  <testcase name="repetition 484 of 5000" classname="com.mindhub.homebanking.HomebankingApplicationTest" time="0.001"/>
  <testcase name="repetition 485 of 5000" classname="com.mindhub.homebanking.HomebankingApplicationTest" time="0.001"/>
  <testcase name="repetition 486 of 5000" classname="com.mindhub.homebanking.HomebankingApplicationTest" time="0.001"/>
  <testcase name="repetition 487 of 5000" classname="com.mindhub.homebanking.HomebankingApplicationTest" time="0.0"/>
  <testcase name="repetition 488 of 5000" classname="com.mindhub.homebanking.HomebankingApplicationTest" time="0.001"/>
  <testcase name="repetition 489 of 5000" classname="com.mindhub.homebanking.HomebankingApplicationTest" time="0.001"/>
  <testcase name="repetition 490 of 5000" classname="com.mindhub.homebanking.HomebankingApplicationTest" time="0.0"/>
  <testcase name="repetition 491 of 5000" classname="com.mindhub.homebanking.HomebankingApplicationTest" time="0.001"/>
  <testcase name="repetition 492 of 5000" classname="com.mindhub.homebanking.HomebankingApplicationTest" time="0.001"/>
  <testcase name="repetition 493 of 5000" classname="com.mindhub.homebanking.HomebankingApplicationTest" time="0.0"/>
  <testcase name="repetition 494 of 5000" classname="com.mindhub.homebanking.HomebankingApplicationTest" time="0.001"/>
  <testcase name="repetition 495 of 5000" classname="com.mindhub.homebanking.HomebankingApplicationTest" time="0.0"/>
  <testcase name="repetition 496 of 5000" classname="com.mindhub.homebanking.HomebankingApplicationTest" time="0.001"/>
  <testcase name="repetition 497 of 5000" classname="com.mindhub.homebanking.HomebankingApplicationTest" time="0.001"/>
  <testcase name="repetition 498 of 5000" classname="com.mindhub.homebanking.HomebankingApplicationTest" time="0.0"/>
  <testcase name="repetition 499 of 5000" classname="com.mindhub.homebanking.HomebankingApplicationTest" time="0.001"/>
  <testcase name="repetition 500 of 5000" classname="com.mindhub.homebanking.HomebankingApplicationTest" time="0.0"/>
  <testcase name="repetition 501 of 5000" classname="com.mindhub.homebanking.HomebankingApplicationTest" time="0.001"/>
  <testcase name="repetition 502 of 5000" classname="com.mindhub.homebanking.HomebankingApplicationTest" time="0.0"/>
  <testcase name="repetition 503 of 5000" classname="com.mindhub.homebanking.HomebankingApplicationTest" time="0.001"/>
  <testcase name="repetition 504 of 5000" classname="com.mindhub.homebanking.HomebankingApplicationTest" time="0.001"/>
  <testcase name="repetition 505 of 5000" classname="com.mindhub.homebanking.HomebankingApplicationTest" time="0.0"/>
  <testcase name="repetition 506 of 5000" classname="com.mindhub.homebanking.HomebankingApplicationTest" time="0.001"/>
  <testcase name="repetition 507 of 5000" classname="com.mindhub.homebanking.HomebankingApplicationTest" time="0.0"/>
  <testcase name="repetition 508 of 5000" classname="com.mindhub.homebanking.HomebankingApplicationTest" time="0.001"/>
  <testcase name="repetition 509 of 5000" classname="com.mindhub.homebanking.HomebankingApplicationTest" time="0.001"/>
  <testcase name="repetition 510 of 5000" classname="com.mindhub.homebanking.HomebankingApplicationTest" time="0.0"/>
  <testcase name="repetition 511 of 5000" classname="com.mindhub.homebanking.HomebankingApplicationTest" time="0.0"/>
  <testcase name="repetition 512 of 5000" classname="com.mindhub.homebanking.HomebankingApplicationTest" time="0.0"/>
  <testcase name="repetition 513 of 5000" classname="com.mindhub.homebanking.HomebankingApplicationTest" time="0.0"/>
  <testcase name="repetition 514 of 5000" classname="com.mindhub.homebanking.HomebankingApplicationTest" time="0.0"/>
  <testcase name="repetition 515 of 5000" classname="com.mindhub.homebanking.HomebankingApplicationTest" time="0.001"/>
  <testcase name="repetition 516 of 5000" classname="com.mindhub.homebanking.HomebankingApplicationTest" time="0.001"/>
  <testcase name="repetition 517 of 5000" classname="com.mindhub.homebanking.HomebankingApplicationTest" time="0.0"/>
  <testcase name="repetition 518 of 5000" classname="com.mindhub.homebanking.HomebankingApplicationTest" time="0.001"/>
  <testcase name="repetition 519 of 5000" classname="com.mindhub.homebanking.HomebankingApplicationTest" time="0.0"/>
  <testcase name="repetition 520 of 5000" classname="com.mindhub.homebanking.HomebankingApplicationTest" time="0.001"/>
  <testcase name="repetition 521 of 5000" classname="com.mindhub.homebanking.HomebankingApplicationTest" time="0.0"/>
  <testcase name="repetition 522 of 5000" classname="com.mindhub.homebanking.HomebankingApplicationTest" time="0.001"/>
  <testcase name="repetition 523 of 5000" classname="com.mindhub.homebanking.HomebankingApplicationTest" time="0.0"/>
  <testcase name="repetition 524 of 5000" classname="com.mindhub.homebanking.HomebankingApplicationTest" time="0.001"/>
  <testcase name="repetition 525 of 5000" classname="com.mindhub.homebanking.HomebankingApplicationTest" time="0.003"/>
  <testcase name="repetition 526 of 5000" classname="com.mindhub.homebanking.HomebankingApplicationTest" time="0.0"/>
  <testcase name="repetition 527 of 5000" classname="com.mindhub.homebanking.HomebankingApplicationTest" time="0.001"/>
  <testcase name="repetition 528 of 5000" classname="com.mindhub.homebanking.HomebankingApplicationTest" time="0.0"/>
  <testcase name="repetition 529 of 5000" classname="com.mindhub.homebanking.HomebankingApplicationTest" time="0.0"/>
  <testcase name="repetition 530 of 5000" classname="com.mindhub.homebanking.HomebankingApplicationTest" time="0.001"/>
  <testcase name="repetition 531 of 5000" classname="com.mindhub.homebanking.HomebankingApplicationTest" time="0.0"/>
  <testcase name="repetition 532 of 5000" classname="com.mindhub.homebanking.HomebankingApplicationTest" time="0.001"/>
  <testcase name="repetition 533 of 5000" classname="com.mindhub.homebanking.HomebankingApplicationTest" time="0.0"/>
  <testcase name="repetition 534 of 5000" classname="com.mindhub.homebanking.HomebankingApplicationTest" time="0.001"/>
  <testcase name="repetition 535 of 5000" classname="com.mindhub.homebanking.HomebankingApplicationTest" time="0.001"/>
  <testcase name="repetition 536 of 5000" classname="com.mindhub.homebanking.HomebankingApplicationTest" time="0.0"/>
  <testcase name="repetition 537 of 5000" classname="com.mindhub.homebanking.HomebankingApplicationTest" time="0.001"/>
  <testcase name="repetition 538 of 5000" classname="com.mindhub.homebanking.HomebankingApplicationTest" time="0.0"/>
  <testcase name="repetition 539 of 5000" classname="com.mindhub.homebanking.HomebankingApplicationTest" time="0.001"/>
  <testcase name="repetition 540 of 5000" classname="com.mindhub.homebanking.HomebankingApplicationTest" time="0.001"/>
  <testcase name="repetition 541 of 5000" classname="com.mindhub.homebanking.HomebankingApplicationTest" time="0.0"/>
  <testcase name="repetition 542 of 5000" classname="com.mindhub.homebanking.HomebankingApplicationTest" time="0.001"/>
  <testcase name="repetition 543 of 5000" classname="com.mindhub.homebanking.HomebankingApplicationTest" time="0.0"/>
  <testcase name="repetition 544 of 5000" classname="com.mindhub.homebanking.HomebankingApplicationTest" time="0.0"/>
  <testcase name="repetition 545 of 5000" classname="com.mindhub.homebanking.HomebankingApplicationTest" time="0.0"/>
  <testcase name="repetition 546 of 5000" classname="com.mindhub.homebanking.HomebankingApplicationTest" time="0.0"/>
  <testcase name="repetition 547 of 5000" classname="com.mindhub.homebanking.HomebankingApplicationTest" time="0.0"/>
  <testcase name="repetition 548 of 5000" classname="com.mindhub.homebanking.HomebankingApplicationTest" time="0.001"/>
  <testcase name="repetition 549 of 5000" classname="com.mindhub.homebanking.HomebankingApplicationTest" time="0.001"/>
  <testcase name="repetition 550 of 5000" classname="com.mindhub.homebanking.HomebankingApplicationTest" time="0.0"/>
  <testcase name="repetition 551 of 5000" classname="com.mindhub.homebanking.HomebankingApplicationTest" time="0.001"/>
  <testcase name="repetition 552 of 5000" classname="com.mindhub.homebanking.HomebankingApplicationTest" time="0.0"/>
  <testcase name="repetition 553 of 5000" classname="com.mindhub.homebanking.HomebankingApplicationTest" time="0.001"/>
  <testcase name="repetition 554 of 5000" classname="com.mindhub.homebanking.HomebankingApplicationTest" time="0.0"/>
  <testcase name="repetition 555 of 5000" classname="com.mindhub.homebanking.HomebankingApplicationTest" time="0.001"/>
  <testcase name="repetition 556 of 5000" classname="com.mindhub.homebanking.HomebankingApplicationTest" time="0.0"/>
  <testcase name="repetition 557 of 5000" classname="com.mindhub.homebanking.HomebankingApplicationTest" time="0.001"/>
  <testcase name="repetition 558 of 5000" classname="com.mindhub.homebanking.HomebankingApplicationTest" time="0.0"/>
  <testcase name="repetition 559 of 5000" classname="com.mindhub.homebanking.HomebankingApplicationTest" time="0.001"/>
  <testcase name="repetition 560 of 5000" classname="com.mindhub.homebanking.HomebankingApplicationTest" time="0.001"/>
  <testcase name="repetition 561 of 5000" classname="com.mindhub.homebanking.HomebankingApplicationTest" time="0.001"/>
  <testcase name="repetition 562 of 5000" classname="com.mindhub.homebanking.HomebankingApplicationTest" time="0.001"/>
  <testcase name="repetition 563 of 5000" classname="com.mindhub.homebanking.HomebankingApplicationTest" time="0.001"/>
  <testcase name="repetition 564 of 5000" classname="com.mindhub.homebanking.HomebankingApplicationTest" time="0.0"/>
  <testcase name="repetition 565 of 5000" classname="com.mindhub.homebanking.HomebankingApplicationTest" time="0.001"/>
  <testcase name="repetition 566 of 5000" classname="com.mindhub.homebanking.HomebankingApplicationTest" time="0.0"/>
  <testcase name="repetition 567 of 5000" classname="com.mindhub.homebanking.HomebankingApplicationTest" time="0.001"/>
  <testcase name="repetition 568 of 5000" classname="com.mindhub.homebanking.HomebankingApplicationTest" time="0.0"/>
  <testcase name="repetition 569 of 5000" classname="com.mindhub.homebanking.HomebankingApplicationTest" time="0.001"/>
  <testcase name="repetition 570 of 5000" classname="com.mindhub.homebanking.HomebankingApplicationTest" time="0.0"/>
  <testcase name="repetition 571 of 5000" classname="com.mindhub.homebanking.HomebankingApplicationTest" time="0.0"/>
  <testcase name="repetition 572 of 5000" classname="com.mindhub.homebanking.HomebankingApplicationTest" time="0.001"/>
  <testcase name="repetition 573 of 5000" classname="com.mindhub.homebanking.HomebankingApplicationTest" time="0.001"/>
  <testcase name="repetition 574 of 5000" classname="com.mindhub.homebanking.HomebankingApplicationTest" time="0.001"/>
  <testcase name="repetition 575 of 5000" classname="com.mindhub.homebanking.HomebankingApplicationTest" time="0.001"/>
  <testcase name="repetition 576 of 5000" classname="com.mindhub.homebanking.HomebankingApplicationTest" time="0.001"/>
  <testcase name="repetition 577 of 5000" classname="com.mindhub.homebanking.HomebankingApplicationTest" time="0.001"/>
  <testcase name="repetition 578 of 5000" classname="com.mindhub.homebanking.HomebankingApplicationTest" time="0.001"/>
  <testcase name="repetition 579 of 5000" classname="com.mindhub.homebanking.HomebankingApplicationTest" time="0.001"/>
  <testcase name="repetition 580 of 5000" classname="com.mindhub.homebanking.HomebankingApplicationTest" time="0.001"/>
  <testcase name="repetition 581 of 5000" classname="com.mindhub.homebanking.HomebankingApplicationTest" time="0.001"/>
  <testcase name="repetition 582 of 5000" classname="com.mindhub.homebanking.HomebankingApplicationTest" time="0.0"/>
  <testcase name="repetition 583 of 5000" classname="com.mindhub.homebanking.HomebankingApplicationTest" time="0.001"/>
  <testcase name="repetition 584 of 5000" classname="com.mindhub.homebanking.HomebankingApplicationTest" time="0.001"/>
  <testcase name="repetition 585 of 5000" classname="com.mindhub.homebanking.HomebankingApplicationTest" time="0.001"/>
  <testcase name="repetition 586 of 5000" classname="com.mindhub.homebanking.HomebankingApplicationTest" time="0.0"/>
  <testcase name="repetition 587 of 5000" classname="com.mindhub.homebanking.HomebankingApplicationTest" time="0.001"/>
  <testcase name="repetition 588 of 5000" classname="com.mindhub.homebanking.HomebankingApplicationTest" time="0.001"/>
  <testcase name="repetition 589 of 5000" classname="com.mindhub.homebanking.HomebankingApplicationTest" time="0.001"/>
  <testcase name="repetition 590 of 5000" classname="com.mindhub.homebanking.HomebankingApplicationTest" time="0.0"/>
  <testcase name="repetition 591 of 5000" classname="com.mindhub.homebanking.HomebankingApplicationTest" time="0.001"/>
  <testcase name="repetition 592 of 5000" classname="com.mindhub.homebanking.HomebankingApplicationTest" time="0.0"/>
  <testcase name="repetition 593 of 5000" classname="com.mindhub.homebanking.HomebankingApplicationTest" time="0.001"/>
  <testcase name="repetition 594 of 5000" classname="com.mindhub.homebanking.HomebankingApplicationTest" time="0.0"/>
  <testcase name="repetition 595 of 5000" classname="com.mindhub.homebanking.HomebankingApplicationTest" time="0.001"/>
  <testcase name="repetition 596 of 5000" classname="com.mindhub.homebanking.HomebankingApplicationTest" time="0.001"/>
  <testcase name="repetition 597 of 5000" classname="com.mindhub.homebanking.HomebankingApplicationTest" time="0.001"/>
  <testcase name="repetition 598 of 5000" classname="com.mindhub.homebanking.HomebankingApplicationTest" time="0.001"/>
  <testcase name="repetition 599 of 5000" classname="com.mindhub.homebanking.HomebankingApplicationTest" time="0.001"/>
  <testcase name="repetition 600 of 5000" classname="com.mindhub.homebanking.HomebankingApplicationTest" time="0.001"/>
  <testcase name="repetition 601 of 5000" classname="com.mindhub.homebanking.HomebankingApplicationTest" time="0.0"/>
  <testcase name="repetition 602 of 5000" classname="com.mindhub.homebanking.HomebankingApplicationTest" time="0.001"/>
  <testcase name="repetition 603 of 5000" classname="com.mindhub.homebanking.HomebankingApplicationTest" time="0.0"/>
  <testcase name="repetition 604 of 5000" classname="com.mindhub.homebanking.HomebankingApplicationTest" time="0.001"/>
  <testcase name="repetition 605 of 5000" classname="com.mindhub.homebanking.HomebankingApplicationTest" time="0.001"/>
  <testcase name="repetition 606 of 5000" classname="com.mindhub.homebanking.HomebankingApplicationTest" time="0.0"/>
  <testcase name="repetition 607 of 5000" classname="com.mindhub.homebanking.HomebankingApplicationTest" time="0.001"/>
  <testcase name="repetition 608 of 5000" classname="com.mindhub.homebanking.HomebankingApplicationTest" time="0.001"/>
  <testcase name="repetition 609 of 5000" classname="com.mindhub.homebanking.HomebankingApplicationTest" time="0.0"/>
  <testcase name="repetition 610 of 5000" classname="com.mindhub.homebanking.HomebankingApplicationTest" time="0.001"/>
  <testcase name="repetition 611 of 5000" classname="com.mindhub.homebanking.HomebankingApplicationTest" time="0.0"/>
  <testcase name="repetition 612 of 5000" classname="com.mindhub.homebanking.HomebankingApplicationTest" time="0.001"/>
  <testcase name="repetition 613 of 5000" classname="com.mindhub.homebanking.HomebankingApplicationTest" time="0.0"/>
  <testcase name="repetition 614 of 5000" classname="com.mindhub.homebanking.HomebankingApplicationTest" time="0.0"/>
  <testcase name="repetition 615 of 5000" classname="com.mindhub.homebanking.HomebankingApplicationTest" time="0.001"/>
  <testcase name="repetition 616 of 5000" classname="com.mindhub.homebanking.HomebankingApplicationTest" time="0.001"/>
  <testcase name="repetition 617 of 5000" classname="com.mindhub.homebanking.HomebankingApplicationTest" time="0.0"/>
  <testcase name="repetition 618 of 5000" classname="com.mindhub.homebanking.HomebankingApplicationTest" time="0.001"/>
  <testcase name="repetition 619 of 5000" classname="com.mindhub.homebanking.HomebankingApplicationTest" time="0.001"/>
  <testcase name="repetition 620 of 5000" classname="com.mindhub.homebanking.HomebankingApplicationTest" time="0.001"/>
  <testcase name="repetition 621 of 5000" classname="com.mindhub.homebanking.HomebankingApplicationTest" time="0.0"/>
  <testcase name="repetition 622 of 5000" classname="com.mindhub.homebanking.HomebankingApplicationTest" time="0.001"/>
  <testcase name="repetition 623 of 5000" classname="com.mindhub.homebanking.HomebankingApplicationTest" time="0.001"/>
  <testcase name="repetition 624 of 5000" classname="com.mindhub.homebanking.HomebankingApplicationTest" time="0.001"/>
  <testcase name="repetition 625 of 5000" classname="com.mindhub.homebanking.HomebankingApplicationTest" time="0.0"/>
  <testcase name="repetition 626 of 5000" classname="com.mindhub.homebanking.HomebankingApplicationTest" time="0.001"/>
  <testcase name="repetition 627 of 5000" classname="com.mindhub.homebanking.HomebankingApplicationTest" time="0.001"/>
  <testcase name="repetition 628 of 5000" classname="com.mindhub.homebanking.HomebankingApplicationTest" time="0.001"/>
  <testcase name="repetition 629 of 5000" classname="com.mindhub.homebanking.HomebankingApplicationTest" time="0.0"/>
  <testcase name="repetition 630 of 5000" classname="com.mindhub.homebanking.HomebankingApplicationTest" time="0.0"/>
  <testcase name="repetition 631 of 5000" classname="com.mindhub.homebanking.HomebankingApplicationTest" time="0.001"/>
  <testcase name="repetition 632 of 5000" classname="com.mindhub.homebanking.HomebankingApplicationTest" time="0.0"/>
  <testcase name="repetition 633 of 5000" classname="com.mindhub.homebanking.HomebankingApplicationTest" time="0.0"/>
  <testcase name="repetition 634 of 5000" classname="com.mindhub.homebanking.HomebankingApplicationTest" time="0.001"/>
  <testcase name="repetition 635 of 5000" classname="com.mindhub.homebanking.HomebankingApplicationTest" time="0.001"/>
  <testcase name="repetition 636 of 5000" classname="com.mindhub.homebanking.HomebankingApplicationTest" time="0.001"/>
  <testcase name="repetition 637 of 5000" classname="com.mindhub.homebanking.HomebankingApplicationTest" time="0.0"/>
  <testcase name="repetition 638 of 5000" classname="com.mindhub.homebanking.HomebankingApplicationTest" time="0.0"/>
  <testcase name="repetition 639 of 5000" classname="com.mindhub.homebanking.HomebankingApplicationTest" time="0.001"/>
  <testcase name="repetition 640 of 5000" classname="com.mindhub.homebanking.HomebankingApplicationTest" time="0.0"/>
  <testcase name="repetition 641 of 5000" classname="com.mindhub.homebanking.HomebankingApplicationTest" time="0.001"/>
  <testcase name="repetition 642 of 5000" classname="com.mindhub.homebanking.HomebankingApplicationTest" time="0.0"/>
  <testcase name="repetition 643 of 5000" classname="com.mindhub.homebanking.HomebankingApplicationTest" time="0.001"/>
  <testcase name="repetition 644 of 5000" classname="com.mindhub.homebanking.HomebankingApplicationTest" time="0.001"/>
  <testcase name="repetition 645 of 5000" classname="com.mindhub.homebanking.HomebankingApplicationTest" time="0.0"/>
  <testcase name="repetition 646 of 5000" classname="com.mindhub.homebanking.HomebankingApplicationTest" time="0.0"/>
  <testcase name="repetition 647 of 5000" classname="com.mindhub.homebanking.HomebankingApplicationTest" time="0.001"/>
  <testcase name="repetition 648 of 5000" classname="com.mindhub.homebanking.HomebankingApplicationTest" time="0.0"/>
  <testcase name="repetition 649 of 5000" classname="com.mindhub.homebanking.HomebankingApplicationTest" time="0.001"/>
  <testcase name="repetition 650 of 5000" classname="com.mindhub.homebanking.HomebankingApplicationTest" time="0.001"/>
  <testcase name="repetition 651 of 5000" classname="com.mindhub.homebanking.HomebankingApplicationTest" time="0.0"/>
  <testcase name="repetition 652 of 5000" classname="com.mindhub.homebanking.HomebankingApplicationTest" time="0.0"/>
  <testcase name="repetition 653 of 5000" classname="com.mindhub.homebanking.HomebankingApplicationTest" time="0.001"/>
  <testcase name="repetition 654 of 5000" classname="com.mindhub.homebanking.HomebankingApplicationTest" time="0.0"/>
  <testcase name="repetition 655 of 5000" classname="com.mindhub.homebanking.HomebankingApplicationTest" time="0.001"/>
  <testcase name="repetition 656 of 5000" classname="com.mindhub.homebanking.HomebankingApplicationTest" time="0.0"/>
  <testcase name="repetition 657 of 5000" classname="com.mindhub.homebanking.HomebankingApplicationTest" time="0.001"/>
  <testcase name="repetition 658 of 5000" classname="com.mindhub.homebanking.HomebankingApplicationTest" time="0.001"/>
  <testcase name="repetition 659 of 5000" classname="com.mindhub.homebanking.HomebankingApplicationTest" time="0.0"/>
  <testcase name="repetition 660 of 5000" classname="com.mindhub.homebanking.HomebankingApplicationTest" time="0.001"/>
  <testcase name="repetition 661 of 5000" classname="com.mindhub.homebanking.HomebankingApplicationTest" time="0.001"/>
  <testcase name="repetition 662 of 5000" classname="com.mindhub.homebanking.HomebankingApplicationTest" time="0.0"/>
  <testcase name="repetition 663 of 5000" classname="com.mindhub.homebanking.HomebankingApplicationTest" time="0.001"/>
  <testcase name="repetition 664 of 5000" classname="com.mindhub.homebanking.HomebankingApplicationTest" time="0.0"/>
  <testcase name="repetition 665 of 5000" classname="com.mindhub.homebanking.HomebankingApplicationTest" time="0.001"/>
  <testcase name="repetition 666 of 5000" classname="com.mindhub.homebanking.HomebankingApplicationTest" time="0.0"/>
  <testcase name="repetition 667 of 5000" classname="com.mindhub.homebanking.HomebankingApplicationTest" time="0.001"/>
  <testcase name="repetition 668 of 5000" classname="com.mindhub.homebanking.HomebankingApplicationTest" time="0.001"/>
  <testcase name="repetition 669 of 5000" classname="com.mindhub.homebanking.HomebankingApplicationTest" time="0.001"/>
  <testcase name="repetition 670 of 5000" classname="com.mindhub.homebanking.HomebankingApplicationTest" time="0.0"/>
  <testcase name="repetition 671 of 5000" classname="com.mindhub.homebanking.HomebankingApplicationTest" time="0.0"/>
  <testcase name="repetition 672 of 5000" classname="com.mindhub.homebanking.HomebankingApplicationTest" time="0.001"/>
  <testcase name="repetition 673 of 5000" classname="com.mindhub.homebanking.HomebankingApplicationTest" time="0.0"/>
  <testcase name="repetition 674 of 5000" classname="com.mindhub.homebanking.HomebankingApplicationTest" time="0.0"/>
  <testcase name="repetition 675 of 5000" classname="com.mindhub.homebanking.HomebankingApplicationTest" time="0.0"/>
  <testcase name="repetition 676 of 5000" classname="com.mindhub.homebanking.HomebankingApplicationTest" time="0.001"/>
  <testcase name="repetition 677 of 5000" classname="com.mindhub.homebanking.HomebankingApplicationTest" time="0.001"/>
  <testcase name="repetition 678 of 5000" classname="com.mindhub.homebanking.HomebankingApplicationTest" time="0.0"/>
  <testcase name="repetition 679 of 5000" classname="com.mindhub.homebanking.HomebankingApplicationTest" time="0.001"/>
  <testcase name="repetition 680 of 5000" classname="com.mindhub.homebanking.HomebankingApplicationTest" time="0.0"/>
  <testcase name="repetition 681 of 5000" classname="com.mindhub.homebanking.HomebankingApplicationTest" time="0.001"/>
  <testcase name="repetition 682 of 5000" classname="com.mindhub.homebanking.HomebankingApplicationTest" time="0.001"/>
  <testcase name="repetition 683 of 5000" classname="com.mindhub.homebanking.HomebankingApplicationTest" time="0.0"/>
  <testcase name="repetition 684 of 5000" classname="com.mindhub.homebanking.HomebankingApplicationTest" time="0.0"/>
  <testcase name="repetition 685 of 5000" classname="com.mindhub.homebanking.HomebankingApplicationTest" time="0.0"/>
  <testcase name="repetition 686 of 5000" classname="com.mindhub.homebanking.HomebankingApplicationTest" time="0.0"/>
  <testcase name="repetition 687 of 5000" classname="com.mindhub.homebanking.HomebankingApplicationTest" time="0.0"/>
  <testcase name="repetition 688 of 5000" classname="com.mindhub.homebanking.HomebankingApplicationTest" time="0.001"/>
  <testcase name="repetition 689 of 5000" classname="com.mindhub.homebanking.HomebankingApplicationTest" time="0.001"/>
  <testcase name="repetition 690 of 5000" classname="com.mindhub.homebanking.HomebankingApplicationTest" time="0.0"/>
  <testcase name="repetition 691 of 5000" classname="com.mindhub.homebanking.HomebankingApplicationTest" time="0.001"/>
  <testcase name="repetition 692 of 5000" classname="com.mindhub.homebanking.HomebankingApplicationTest" time="0.0"/>
  <testcase name="repetition 693 of 5000" classname="com.mindhub.homebanking.HomebankingApplicationTest" time="0.0"/>
  <testcase name="repetition 694 of 5000" classname="com.mindhub.homebanking.HomebankingApplicationTest" time="0.0"/>
  <testcase name="repetition 695 of 5000" classname="com.mindhub.homebanking.HomebankingApplicationTest" time="0.001"/>
  <testcase name="repetition 696 of 5000" classname="com.mindhub.homebanking.HomebankingApplicationTest" time="0.0"/>
  <testcase name="repetition 697 of 5000" classname="com.mindhub.homebanking.HomebankingApplicationTest" time="0.001"/>
  <testcase name="repetition 698 of 5000" classname="com.mindhub.homebanking.HomebankingApplicationTest" time="0.0"/>
  <testcase name="repetition 699 of 5000" classname="com.mindhub.homebanking.HomebankingApplicationTest" time="0.0"/>
  <testcase name="repetition 700 of 5000" classname="com.mindhub.homebanking.HomebankingApplicationTest" time="0.001"/>
  <testcase name="repetition 701 of 5000" classname="com.mindhub.homebanking.HomebankingApplicationTest" time="0.0"/>
  <testcase name="repetition 702 of 5000" classname="com.mindhub.homebanking.HomebankingApplicationTest" time="0.001"/>
  <testcase name="repetition 703 of 5000" classname="com.mindhub.homebanking.HomebankingApplicationTest" time="0.0"/>
  <testcase name="repetition 704 of 5000" classname="com.mindhub.homebanking.HomebankingApplicationTest" time="0.001"/>
  <testcase name="repetition 705 of 5000" classname="com.mindhub.homebanking.HomebankingApplicationTest" time="0.001"/>
  <testcase name="repetition 706 of 5000" classname="com.mindhub.homebanking.HomebankingApplicationTest" time="0.0"/>
  <testcase name="repetition 707 of 5000" classname="com.mindhub.homebanking.HomebankingApplicationTest" time="0.0"/>
  <testcase name="repetition 708 of 5000" classname="com.mindhub.homebanking.HomebankingApplicationTest" time="0.001"/>
  <testcase name="repetition 709 of 5000" classname="com.mindhub.homebanking.HomebankingApplicationTest" time="0.0"/>
  <testcase name="repetition 710 of 5000" classname="com.mindhub.homebanking.HomebankingApplicationTest" time="0.001"/>
  <testcase name="repetition 711 of 5000" classname="com.mindhub.homebanking.HomebankingApplicationTest" time="0.0"/>
  <testcase name="repetition 712 of 5000" classname="com.mindhub.homebanking.HomebankingApplicationTest" time="0.001"/>
  <testcase name="repetition 713 of 5000" classname="com.mindhub.homebanking.HomebankingApplicationTest" time="0.0"/>
  <testcase name="repetition 714 of 5000" classname="com.mindhub.homebanking.HomebankingApplicationTest" time="0.001"/>
  <testcase name="repetition 715 of 5000" classname="com.mindhub.homebanking.HomebankingApplicationTest" time="0.001"/>
  <testcase name="repetition 716 of 5000" classname="com.mindhub.homebanking.HomebankingApplicationTest" time="0.0"/>
  <testcase name="repetition 717 of 5000" classname="com.mindhub.homebanking.HomebankingApplicationTest" time="0.001"/>
  <testcase name="repetition 718 of 5000" classname="com.mindhub.homebanking.HomebankingApplicationTest" time="0.0"/>
  <testcase name="repetition 719 of 5000" classname="com.mindhub.homebanking.HomebankingApplicationTest" time="0.0"/>
  <testcase name="repetition 720 of 5000" classname="com.mindhub.homebanking.HomebankingApplicationTest" time="0.001"/>
  <testcase name="repetition 721 of 5000" classname="com.mindhub.homebanking.HomebankingApplicationTest" time="0.001"/>
  <testcase name="repetition 722 of 5000" classname="com.mindhub.homebanking.HomebankingApplicationTest" time="0.0"/>
  <testcase name="repetition 723 of 5000" classname="com.mindhub.homebanking.HomebankingApplicationTest" time="0.001"/>
  <testcase name="repetition 724 of 5000" classname="com.mindhub.homebanking.HomebankingApplicationTest" time="0.001"/>
  <testcase name="repetition 725 of 5000" classname="com.mindhub.homebanking.HomebankingApplicationTest" time="0.001"/>
  <testcase name="repetition 726 of 5000" classname="com.mindhub.homebanking.HomebankingApplicationTest" time="0.0"/>
  <testcase name="repetition 727 of 5000" classname="com.mindhub.homebanking.HomebankingApplicationTest" time="0.001"/>
  <testcase name="repetition 728 of 5000" classname="com.mindhub.homebanking.HomebankingApplicationTest" time="0.0"/>
  <testcase name="repetition 729 of 5000" classname="com.mindhub.homebanking.HomebankingApplicationTest" time="0.0"/>
  <testcase name="repetition 730 of 5000" classname="com.mindhub.homebanking.HomebankingApplicationTest" time="0.001"/>
  <testcase name="repetition 731 of 5000" classname="com.mindhub.homebanking.HomebankingApplicationTest" time="0.001"/>
  <testcase name="repetition 732 of 5000" classname="com.mindhub.homebanking.HomebankingApplicationTest" time="0.0"/>
  <testcase name="repetition 733 of 5000" classname="com.mindhub.homebanking.HomebankingApplicationTest" time="0.001"/>
  <testcase name="repetition 734 of 5000" classname="com.mindhub.homebanking.HomebankingApplicationTest" time="0.001"/>
  <testcase name="repetition 735 of 5000" classname="com.mindhub.homebanking.HomebankingApplicationTest" time="0.001"/>
  <testcase name="repetition 736 of 5000" classname="com.mindhub.homebanking.HomebankingApplicationTest" time="0.0"/>
  <testcase name="repetition 737 of 5000" classname="com.mindhub.homebanking.HomebankingApplicationTest" time="0.001"/>
  <testcase name="repetition 738 of 5000" classname="com.mindhub.homebanking.HomebankingApplicationTest" time="0.0"/>
  <testcase name="repetition 739 of 5000" classname="com.mindhub.homebanking.HomebankingApplicationTest" time="0.001"/>
  <testcase name="repetition 740 of 5000" classname="com.mindhub.homebanking.HomebankingApplicationTest" time="0.001"/>
  <testcase name="repetition 741 of 5000" classname="com.mindhub.homebanking.HomebankingApplicationTest" time="0.0"/>
  <testcase name="repetition 742 of 5000" classname="com.mindhub.homebanking.HomebankingApplicationTest" time="0.001"/>
  <testcase name="repetition 743 of 5000" classname="com.mindhub.homebanking.HomebankingApplicationTest" time="0.001"/>
  <testcase name="repetition 744 of 5000" classname="com.mindhub.homebanking.HomebankingApplicationTest" time="0.001"/>
  <testcase name="repetition 745 of 5000" classname="com.mindhub.homebanking.HomebankingApplicationTest" time="0.001"/>
  <testcase name="repetition 746 of 5000" classname="com.mindhub.homebanking.HomebankingApplicationTest" time="0.0"/>
  <testcase name="repetition 747 of 5000" classname="com.mindhub.homebanking.HomebankingApplicationTest" time="0.0"/>
  <testcase name="repetition 748 of 5000" classname="com.mindhub.homebanking.HomebankingApplicationTest" time="0.001"/>
  <testcase name="repetition 749 of 5000" classname="com.mindhub.homebanking.HomebankingApplicationTest" time="0.0"/>
  <testcase name="repetition 750 of 5000" classname="com.mindhub.homebanking.HomebankingApplicationTest" time="0.001"/>
  <testcase name="repetition 751 of 5000" classname="com.mindhub.homebanking.HomebankingApplicationTest" time="0.001"/>
  <testcase name="repetition 752 of 5000" classname="com.mindhub.homebanking.HomebankingApplicationTest" time="0.0"/>
  <testcase name="repetition 753 of 5000" classname="com.mindhub.homebanking.HomebankingApplicationTest" time="0.001"/>
  <testcase name="repetition 754 of 5000" classname="com.mindhub.homebanking.HomebankingApplicationTest" time="0.001"/>
  <testcase name="repetition 755 of 5000" classname="com.mindhub.homebanking.HomebankingApplicationTest" time="0.0"/>
  <testcase name="repetition 756 of 5000" classname="com.mindhub.homebanking.HomebankingApplicationTest" time="0.001"/>
  <testcase name="repetition 757 of 5000" classname="com.mindhub.homebanking.HomebankingApplicationTest" time="0.0"/>
  <testcase name="repetition 758 of 5000" classname="com.mindhub.homebanking.HomebankingApplicationTest" time="0.0"/>
  <testcase name="repetition 759 of 5000" classname="com.mindhub.homebanking.HomebankingApplicationTest" time="0.0"/>
  <testcase name="repetition 760 of 5000" classname="com.mindhub.homebanking.HomebankingApplicationTest" time="0.001"/>
  <testcase name="repetition 761 of 5000" classname="com.mindhub.homebanking.HomebankingApplicationTest" time="0.001"/>
  <testcase name="repetition 762 of 5000" classname="com.mindhub.homebanking.HomebankingApplicationTest" time="0.002"/>
  <testcase name="repetition 763 of 5000" classname="com.mindhub.homebanking.HomebankingApplicationTest" time="0.001"/>
  <testcase name="repetition 764 of 5000" classname="com.mindhub.homebanking.HomebankingApplicationTest" time="0.001"/>
  <testcase name="repetition 765 of 5000" classname="com.mindhub.homebanking.HomebankingApplicationTest" time="0.001"/>
  <testcase name="repetition 766 of 5000" classname="com.mindhub.homebanking.HomebankingApplicationTest" time="0.0"/>
  <testcase name="repetition 767 of 5000" classname="com.mindhub.homebanking.HomebankingApplicationTest" time="0.001"/>
  <testcase name="repetition 768 of 5000" classname="com.mindhub.homebanking.HomebankingApplicationTest" time="0.001"/>
  <testcase name="repetition 769 of 5000" classname="com.mindhub.homebanking.HomebankingApplicationTest" time="0.001"/>
  <testcase name="repetition 770 of 5000" classname="com.mindhub.homebanking.HomebankingApplicationTest" time="0.001"/>
  <testcase name="repetition 771 of 5000" classname="com.mindhub.homebanking.HomebankingApplicationTest" time="0.0"/>
  <testcase name="repetition 772 of 5000" classname="com.mindhub.homebanking.HomebankingApplicationTest" time="0.001"/>
  <testcase name="repetition 773 of 5000" classname="com.mindhub.homebanking.HomebankingApplicationTest" time="0.0"/>
  <testcase name="repetition 774 of 5000" classname="com.mindhub.homebanking.HomebankingApplicationTest" time="0.001"/>
  <testcase name="repetition 775 of 5000" classname="com.mindhub.homebanking.HomebankingApplicationTest" time="0.0"/>
  <testcase name="repetition 776 of 5000" classname="com.mindhub.homebanking.HomebankingApplicationTest" time="0.0"/>
  <testcase name="repetition 777 of 5000" classname="com.mindhub.homebanking.HomebankingApplicationTest" time="0.001"/>
  <testcase name="repetition 778 of 5000" classname="com.mindhub.homebanking.HomebankingApplicationTest" time="0.001"/>
  <testcase name="repetition 779 of 5000" classname="com.mindhub.homebanking.HomebankingApplicationTest" time="0.001"/>
  <testcase name="repetition 780 of 5000" classname="com.mindhub.homebanking.HomebankingApplicationTest" time="0.0"/>
  <testcase name="repetition 781 of 5000" classname="com.mindhub.homebanking.HomebankingApplicationTest" time="0.001"/>
  <testcase name="repetition 782 of 5000" classname="com.mindhub.homebanking.HomebankingApplicationTest" time="0.001"/>
  <testcase name="repetition 783 of 5000" classname="com.mindhub.homebanking.HomebankingApplicationTest" time="0.0"/>
  <testcase name="repetition 784 of 5000" classname="com.mindhub.homebanking.HomebankingApplicationTest" time="0.001"/>
  <testcase name="repetition 785 of 5000" classname="com.mindhub.homebanking.HomebankingApplicationTest" time="0.0"/>
  <testcase name="repetition 786 of 5000" classname="com.mindhub.homebanking.HomebankingApplicationTest" time="0.001"/>
  <testcase name="repetition 787 of 5000" classname="com.mindhub.homebanking.HomebankingApplicationTest" time="0.0"/>
  <testcase name="repetition 788 of 5000" classname="com.mindhub.homebanking.HomebankingApplicationTest" time="0.001"/>
  <testcase name="repetition 789 of 5000" classname="com.mindhub.homebanking.HomebankingApplicationTest" time="0.001"/>
  <testcase name="repetition 790 of 5000" classname="com.mindhub.homebanking.HomebankingApplicationTest" time="0.001"/>
  <testcase name="repetition 791 of 5000" classname="com.mindhub.homebanking.HomebankingApplicationTest" time="0.0"/>
  <testcase name="repetition 792 of 5000" classname="com.mindhub.homebanking.HomebankingApplicationTest" time="0.001"/>
  <testcase name="repetition 793 of 5000" classname="com.mindhub.homebanking.HomebankingApplicationTest" time="0.0"/>
  <testcase name="repetition 794 of 5000" classname="com.mindhub.homebanking.HomebankingApplicationTest" time="0.0"/>
  <testcase name="repetition 795 of 5000" classname="com.mindhub.homebanking.HomebankingApplicationTest" time="0.0"/>
  <testcase name="repetition 796 of 5000" classname="com.mindhub.homebanking.HomebankingApplicationTest" time="0.0"/>
  <testcase name="repetition 797 of 5000" classname="com.mindhub.homebanking.HomebankingApplicationTest" time="0.001"/>
  <testcase name="repetition 798 of 5000" classname="com.mindhub.homebanking.HomebankingApplicationTest" time="0.0"/>
  <testcase name="repetition 799 of 5000" classname="com.mindhub.homebanking.HomebankingApplicationTest" time="0.001"/>
  <testcase name="repetition 800 of 5000" classname="com.mindhub.homebanking.HomebankingApplicationTest" time="0.0"/>
  <testcase name="repetition 801 of 5000" classname="com.mindhub.homebanking.HomebankingApplicationTest" time="0.001"/>
  <testcase name="repetition 802 of 5000" classname="com.mindhub.homebanking.HomebankingApplicationTest" time="0.0"/>
  <testcase name="repetition 803 of 5000" classname="com.mindhub.homebanking.HomebankingApplicationTest" time="0.001"/>
  <testcase name="repetition 804 of 5000" classname="com.mindhub.homebanking.HomebankingApplicationTest" time="0.0"/>
  <testcase name="repetition 805 of 5000" classname="com.mindhub.homebanking.HomebankingApplicationTest" time="0.0"/>
  <testcase name="repetition 806 of 5000" classname="com.mindhub.homebanking.HomebankingApplicationTest" time="0.0"/>
  <testcase name="repetition 807 of 5000" classname="com.mindhub.homebanking.HomebankingApplicationTest" time="0.001"/>
  <testcase name="repetition 808 of 5000" classname="com.mindhub.homebanking.HomebankingApplicationTest" time="0.0"/>
  <testcase name="repetition 809 of 5000" classname="com.mindhub.homebanking.HomebankingApplicationTest" time="0.001"/>
  <testcase name="repetition 810 of 5000" classname="com.mindhub.homebanking.HomebankingApplicationTest" time="0.0"/>
  <testcase name="repetition 811 of 5000" classname="com.mindhub.homebanking.HomebankingApplicationTest" time="0.0"/>
  <testcase name="repetition 812 of 5000" classname="com.mindhub.homebanking.HomebankingApplicationTest" time="0.0"/>
  <testcase name="repetition 813 of 5000" classname="com.mindhub.homebanking.HomebankingApplicationTest" time="0.001"/>
  <testcase name="repetition 814 of 5000" classname="com.mindhub.homebanking.HomebankingApplicationTest" time="0.001"/>
  <testcase name="repetition 815 of 5000" classname="com.mindhub.homebanking.HomebankingApplicationTest" time="0.001"/>
  <testcase name="repetition 816 of 5000" classname="com.mindhub.homebanking.HomebankingApplicationTest" time="0.001"/>
  <testcase name="repetition 817 of 5000" classname="com.mindhub.homebanking.HomebankingApplicationTest" time="0.001"/>
  <testcase name="repetition 818 of 5000" classname="com.mindhub.homebanking.HomebankingApplicationTest" time="0.0"/>
  <testcase name="repetition 819 of 5000" classname="com.mindhub.homebanking.HomebankingApplicationTest" time="0.001"/>
  <testcase name="repetition 820 of 5000" classname="com.mindhub.homebanking.HomebankingApplicationTest" time="0.001"/>
  <testcase name="repetition 821 of 5000" classname="com.mindhub.homebanking.HomebankingApplicationTest" time="0.001"/>
  <testcase name="repetition 822 of 5000" classname="com.mindhub.homebanking.HomebankingApplicationTest" time="0.001"/>
  <testcase name="repetition 823 of 5000" classname="com.mindhub.homebanking.HomebankingApplicationTest" time="0.001"/>
  <testcase name="repetition 824 of 5000" classname="com.mindhub.homebanking.HomebankingApplicationTest" time="0.0"/>
  <testcase name="repetition 825 of 5000" classname="com.mindhub.homebanking.HomebankingApplicationTest" time="0.001"/>
  <testcase name="repetition 826 of 5000" classname="com.mindhub.homebanking.HomebankingApplicationTest" time="0.0"/>
  <testcase name="repetition 827 of 5000" classname="com.mindhub.homebanking.HomebankingApplicationTest" time="0.001"/>
  <testcase name="repetition 828 of 5000" classname="com.mindhub.homebanking.HomebankingApplicationTest" time="0.001"/>
  <testcase name="repetition 829 of 5000" classname="com.mindhub.homebanking.HomebankingApplicationTest" time="0.001"/>
  <testcase name="repetition 830 of 5000" classname="com.mindhub.homebanking.HomebankingApplicationTest" time="0.001"/>
  <testcase name="repetition 831 of 5000" classname="com.mindhub.homebanking.HomebankingApplicationTest" time="0.001"/>
  <testcase name="repetition 832 of 5000" classname="com.mindhub.homebanking.HomebankingApplicationTest" time="0.001"/>
  <testcase name="repetition 833 of 5000" classname="com.mindhub.homebanking.HomebankingApplicationTest" time="0.0"/>
  <testcase name="repetition 834 of 5000" classname="com.mindhub.homebanking.HomebankingApplicationTest" time="0.001"/>
  <testcase name="repetition 835 of 5000" classname="com.mindhub.homebanking.HomebankingApplicationTest" time="0.001"/>
  <testcase name="repetition 836 of 5000" classname="com.mindhub.homebanking.HomebankingApplicationTest" time="0.0"/>
  <testcase name="repetition 837 of 5000" classname="com.mindhub.homebanking.HomebankingApplicationTest" time="0.001"/>
  <testcase name="repetition 838 of 5000" classname="com.mindhub.homebanking.HomebankingApplicationTest" time="0.0"/>
  <testcase name="repetition 839 of 5000" classname="com.mindhub.homebanking.HomebankingApplicationTest" time="0.001"/>
  <testcase name="repetition 840 of 5000" classname="com.mindhub.homebanking.HomebankingApplicationTest" time="0.0"/>
  <testcase name="repetition 841 of 5000" classname="com.mindhub.homebanking.HomebankingApplicationTest" time="0.001"/>
  <testcase name="repetition 842 of 5000" classname="com.mindhub.homebanking.HomebankingApplicationTest" time="0.0"/>
  <testcase name="repetition 843 of 5000" classname="com.mindhub.homebanking.HomebankingApplicationTest" time="0.001"/>
  <testcase name="repetition 844 of 5000" classname="com.mindhub.homebanking.HomebankingApplicationTest" time="0.0"/>
  <testcase name="repetition 845 of 5000" classname="com.mindhub.homebanking.HomebankingApplicationTest" time="0.001"/>
  <testcase name="repetition 846 of 5000" classname="com.mindhub.homebanking.HomebankingApplicationTest" time="0.0"/>
  <testcase name="repetition 847 of 5000" classname="com.mindhub.homebanking.HomebankingApplicationTest" time="0.001"/>
  <testcase name="repetition 848 of 5000" classname="com.mindhub.homebanking.HomebankingApplicationTest" time="0.001"/>
  <testcase name="repetition 849 of 5000" classname="com.mindhub.homebanking.HomebankingApplicationTest" time="0.0"/>
  <testcase name="repetition 850 of 5000" classname="com.mindhub.homebanking.HomebankingApplicationTest" time="0.001"/>
  <testcase name="repetition 851 of 5000" classname="com.mindhub.homebanking.HomebankingApplicationTest" time="0.0"/>
  <testcase name="repetition 852 of 5000" classname="com.mindhub.homebanking.HomebankingApplicationTest" time="0.004"/>
  <testcase name="repetition 853 of 5000" classname="com.mindhub.homebanking.HomebankingApplicationTest" time="0.001"/>
  <testcase name="repetition 854 of 5000" classname="com.mindhub.homebanking.HomebankingApplicationTest" time="0.001"/>
  <testcase name="repetition 855 of 5000" classname="com.mindhub.homebanking.HomebankingApplicationTest" time="0.0"/>
  <testcase name="repetition 856 of 5000" classname="com.mindhub.homebanking.HomebankingApplicationTest" time="0.0"/>
  <testcase name="repetition 857 of 5000" classname="com.mindhub.homebanking.HomebankingApplicationTest" time="0.001"/>
  <testcase name="repetition 858 of 5000" classname="com.mindhub.homebanking.HomebankingApplicationTest" time="0.0"/>
  <testcase name="repetition 859 of 5000" classname="com.mindhub.homebanking.HomebankingApplicationTest" time="0.001"/>
  <testcase name="repetition 860 of 5000" classname="com.mindhub.homebanking.HomebankingApplicationTest" time="0.0"/>
  <testcase name="repetition 861 of 5000" classname="com.mindhub.homebanking.HomebankingApplicationTest" time="0.001"/>
  <testcase name="repetition 862 of 5000" classname="com.mindhub.homebanking.HomebankingApplicationTest" time="0.0"/>
  <testcase name="repetition 863 of 5000" classname="com.mindhub.homebanking.HomebankingApplicationTest" time="0.001"/>
  <testcase name="repetition 864 of 5000" classname="com.mindhub.homebanking.HomebankingApplicationTest" time="0.001"/>
  <testcase name="repetition 865 of 5000" classname="com.mindhub.homebanking.HomebankingApplicationTest" time="0.002"/>
  <testcase name="repetition 866 of 5000" classname="com.mindhub.homebanking.HomebankingApplicationTest" time="0.001"/>
  <testcase name="repetition 867 of 5000" classname="com.mindhub.homebanking.HomebankingApplicationTest" time="0.001"/>
  <testcase name="repetition 868 of 5000" classname="com.mindhub.homebanking.HomebankingApplicationTest" time="0.0"/>
  <testcase name="repetition 869 of 5000" classname="com.mindhub.homebanking.HomebankingApplicationTest" time="0.001"/>
  <testcase name="repetition 870 of 5000" classname="com.mindhub.homebanking.HomebankingApplicationTest" time="0.0"/>
  <testcase name="repetition 871 of 5000" classname="com.mindhub.homebanking.HomebankingApplicationTest" time="0.0"/>
  <testcase name="repetition 872 of 5000" classname="com.mindhub.homebanking.HomebankingApplicationTest" time="0.001"/>
  <testcase name="repetition 873 of 5000" classname="com.mindhub.homebanking.HomebankingApplicationTest" time="0.001"/>
  <testcase name="repetition 874 of 5000" classname="com.mindhub.homebanking.HomebankingApplicationTest" time="0.0"/>
  <testcase name="repetition 875 of 5000" classname="com.mindhub.homebanking.HomebankingApplicationTest" time="0.0"/>
  <testcase name="repetition 876 of 5000" classname="com.mindhub.homebanking.HomebankingApplicationTest" time="0.001"/>
  <testcase name="repetition 877 of 5000" classname="com.mindhub.homebanking.HomebankingApplicationTest" time="0.001"/>
  <testcase name="repetition 878 of 5000" classname="com.mindhub.homebanking.HomebankingApplicationTest" time="0.001"/>
  <testcase name="repetition 879 of 5000" classname="com.mindhub.homebanking.HomebankingApplicationTest" time="0.001"/>
  <testcase name="repetition 880 of 5000" classname="com.mindhub.homebanking.HomebankingApplicationTest" time="0.0"/>
  <testcase name="repetition 881 of 5000" classname="com.mindhub.homebanking.HomebankingApplicationTest" time="0.001"/>
  <testcase name="repetition 882 of 5000" classname="com.mindhub.homebanking.HomebankingApplicationTest" time="0.0"/>
  <testcase name="repetition 883 of 5000" classname="com.mindhub.homebanking.HomebankingApplicationTest" time="0.001"/>
  <testcase name="repetition 884 of 5000" classname="com.mindhub.homebanking.HomebankingApplicationTest" time="0.0"/>
  <testcase name="repetition 885 of 5000" classname="com.mindhub.homebanking.HomebankingApplicationTest" time="0.0"/>
  <testcase name="repetition 886 of 5000" classname="com.mindhub.homebanking.HomebankingApplicationTest" time="0.001"/>
  <testcase name="repetition 887 of 5000" classname="com.mindhub.homebanking.HomebankingApplicationTest" time="0.0"/>
  <testcase name="repetition 888 of 5000" classname="com.mindhub.homebanking.HomebankingApplicationTest" time="0.001"/>
  <testcase name="repetition 889 of 5000" classname="com.mindhub.homebanking.HomebankingApplicationTest" time="0.001"/>
  <testcase name="repetition 890 of 5000" classname="com.mindhub.homebanking.HomebankingApplicationTest" time="0.001"/>
  <testcase name="repetition 891 of 5000" classname="com.mindhub.homebanking.HomebankingApplicationTest" time="0.001"/>
  <testcase name="repetition 892 of 5000" classname="com.mindhub.homebanking.HomebankingApplicationTest" time="0.001"/>
  <testcase name="repetition 893 of 5000" classname="com.mindhub.homebanking.HomebankingApplicationTest" time="0.001"/>
  <testcase name="repetition 894 of 5000" classname="com.mindhub.homebanking.HomebankingApplicationTest" time="0.001"/>
  <testcase name="repetition 895 of 5000" classname="com.mindhub.homebanking.HomebankingApplicationTest" time="0.0"/>
  <testcase name="repetition 896 of 5000" classname="com.mindhub.homebanking.HomebankingApplicationTest" time="0.0"/>
  <testcase name="repetition 897 of 5000" classname="com.mindhub.homebanking.HomebankingApplicationTest" time="0.0"/>
  <testcase name="repetition 898 of 5000" classname="com.mindhub.homebanking.HomebankingApplicationTest" time="0.001"/>
  <testcase name="repetition 899 of 5000" classname="com.mindhub.homebanking.HomebankingApplicationTest" time="0.001"/>
  <testcase name="repetition 900 of 5000" classname="com.mindhub.homebanking.HomebankingApplicationTest" time="0.001"/>
  <testcase name="repetition 901 of 5000" classname="com.mindhub.homebanking.HomebankingApplicationTest" time="0.0"/>
  <testcase name="repetition 902 of 5000" classname="com.mindhub.homebanking.HomebankingApplicationTest" time="0.001"/>
  <testcase name="repetition 903 of 5000" classname="com.mindhub.homebanking.HomebankingApplicationTest" time="0.001"/>
  <testcase name="repetition 904 of 5000" classname="com.mindhub.homebanking.HomebankingApplicationTest" time="0.0"/>
  <testcase name="repetition 905 of 5000" classname="com.mindhub.homebanking.HomebankingApplicationTest" time="0.0"/>
  <testcase name="repetition 906 of 5000" classname="com.mindhub.homebanking.HomebankingApplicationTest" time="0.001"/>
  <testcase name="repetition 907 of 5000" classname="com.mindhub.homebanking.HomebankingApplicationTest" time="0.001"/>
  <testcase name="repetition 908 of 5000" classname="com.mindhub.homebanking.HomebankingApplicationTest" time="0.0"/>
  <testcase name="repetition 909 of 5000" classname="com.mindhub.homebanking.HomebankingApplicationTest" time="0.001"/>
  <testcase name="repetition 910 of 5000" classname="com.mindhub.homebanking.HomebankingApplicationTest" time="0.001"/>
  <testcase name="repetition 911 of 5000" classname="com.mindhub.homebanking.HomebankingApplicationTest" time="0.0"/>
  <testcase name="repetition 912 of 5000" classname="com.mindhub.homebanking.HomebankingApplicationTest" time="0.001"/>
  <testcase name="repetition 913 of 5000" classname="com.mindhub.homebanking.HomebankingApplicationTest" time="0.0"/>
  <testcase name="repetition 914 of 5000" classname="com.mindhub.homebanking.HomebankingApplicationTest" time="0.001"/>
  <testcase name="repetition 915 of 5000" classname="com.mindhub.homebanking.HomebankingApplicationTest" time="0.001"/>
  <testcase name="repetition 916 of 5000" classname="com.mindhub.homebanking.HomebankingApplicationTest" time="0.001"/>
  <testcase name="repetition 917 of 5000" classname="com.mindhub.homebanking.HomebankingApplicationTest" time="0.001"/>
  <testcase name="repetition 918 of 5000" classname="com.mindhub.homebanking.HomebankingApplicationTest" time="0.0"/>
  <testcase name="repetition 919 of 5000" classname="com.mindhub.homebanking.HomebankingApplicationTest" time="0.0"/>
  <testcase name="repetition 920 of 5000" classname="com.mindhub.homebanking.HomebankingApplicationTest" time="0.0"/>
  <testcase name="repetition 921 of 5000" classname="com.mindhub.homebanking.HomebankingApplicationTest" time="0.0"/>
  <testcase name="repetition 922 of 5000" classname="com.mindhub.homebanking.HomebankingApplicationTest" time="0.001"/>
  <testcase name="repetition 923 of 5000" classname="com.mindhub.homebanking.HomebankingApplicationTest" time="0.0"/>
  <testcase name="repetition 924 of 5000" classname="com.mindhub.homebanking.HomebankingApplicationTest" time="0.001"/>
  <testcase name="repetition 925 of 5000" classname="com.mindhub.homebanking.HomebankingApplicationTest" time="0.001"/>
  <testcase name="repetition 926 of 5000" classname="com.mindhub.homebanking.HomebankingApplicationTest" time="0.0"/>
  <testcase name="repetition 927 of 5000" classname="com.mindhub.homebanking.HomebankingApplicationTest" time="0.001"/>
  <testcase name="repetition 928 of 5000" classname="com.mindhub.homebanking.HomebankingApplicationTest" time="0.001"/>
  <testcase name="repetition 929 of 5000" classname="com.mindhub.homebanking.HomebankingApplicationTest" time="0.0"/>
  <testcase name="repetition 930 of 5000" classname="com.mindhub.homebanking.HomebankingApplicationTest" time="0.001"/>
  <testcase name="repetition 931 of 5000" classname="com.mindhub.homebanking.HomebankingApplicationTest" time="0.001"/>
  <testcase name="repetition 932 of 5000" classname="com.mindhub.homebanking.HomebankingApplicationTest" time="0.001"/>
  <testcase name="repetition 933 of 5000" classname="com.mindhub.homebanking.HomebankingApplicationTest" time="0.0"/>
  <testcase name="repetition 934 of 5000" classname="com.mindhub.homebanking.HomebankingApplicationTest" time="0.0"/>
  <testcase name="repetition 935 of 5000" classname="com.mindhub.homebanking.HomebankingApplicationTest" time="0.001"/>
  <testcase name="repetition 936 of 5000" classname="com.mindhub.homebanking.HomebankingApplicationTest" time="0.0"/>
  <testcase name="repetition 937 of 5000" classname="com.mindhub.homebanking.HomebankingApplicationTest" time="0.001"/>
  <testcase name="repetition 938 of 5000" classname="com.mindhub.homebanking.HomebankingApplicationTest" time="0.001"/>
  <testcase name="repetition 939 of 5000" classname="com.mindhub.homebanking.HomebankingApplicationTest" time="0.0"/>
  <testcase name="repetition 940 of 5000" classname="com.mindhub.homebanking.HomebankingApplicationTest" time="0.001"/>
  <testcase name="repetition 941 of 5000" classname="com.mindhub.homebanking.HomebankingApplicationTest" time="0.001"/>
  <testcase name="repetition 942 of 5000" classname="com.mindhub.homebanking.HomebankingApplicationTest" time="0.001"/>
  <testcase name="repetition 943 of 5000" classname="com.mindhub.homebanking.HomebankingApplicationTest" time="0.0"/>
  <testcase name="repetition 944 of 5000" classname="com.mindhub.homebanking.HomebankingApplicationTest" time="0.001"/>
  <testcase name="repetition 945 of 5000" classname="com.mindhub.homebanking.HomebankingApplicationTest" time="0.001"/>
  <testcase name="repetition 946 of 5000" classname="com.mindhub.homebanking.HomebankingApplicationTest" time="0.001"/>
  <testcase name="repetition 947 of 5000" classname="com.mindhub.homebanking.HomebankingApplicationTest" time="0.001"/>
  <testcase name="repetition 948 of 5000" classname="com.mindhub.homebanking.HomebankingApplicationTest" time="0.001"/>
  <testcase name="repetition 949 of 5000" classname="com.mindhub.homebanking.HomebankingApplicationTest" time="0.001"/>
  <testcase name="repetition 950 of 5000" classname="com.mindhub.homebanking.HomebankingApplicationTest" time="0.001"/>
  <testcase name="repetition 951 of 5000" classname="com.mindhub.homebanking.HomebankingApplicationTest" time="0.001"/>
  <testcase name="repetition 952 of 5000" classname="com.mindhub.homebanking.HomebankingApplicationTest" time="0.001"/>
  <testcase name="repetition 953 of 5000" classname="com.mindhub.homebanking.HomebankingApplicationTest" time="0.001"/>
  <testcase name="repetition 954 of 5000" classname="com.mindhub.homebanking.HomebankingApplicationTest" time="0.001"/>
  <testcase name="repetition 955 of 5000" classname="com.mindhub.homebanking.HomebankingApplicationTest" time="0.001"/>
  <testcase name="repetition 956 of 5000" classname="com.mindhub.homebanking.HomebankingApplicationTest" time="0.001"/>
  <testcase name="repetition 957 of 5000" classname="com.mindhub.homebanking.HomebankingApplicationTest" time="0.001"/>
  <testcase name="repetition 958 of 5000" classname="com.mindhub.homebanking.HomebankingApplicationTest" time="0.0"/>
  <testcase name="repetition 959 of 5000" classname="com.mindhub.homebanking.HomebankingApplicationTest" time="0.001"/>
  <testcase name="repetition 960 of 5000" classname="com.mindhub.homebanking.HomebankingApplicationTest" time="0.001"/>
  <testcase name="repetition 961 of 5000" classname="com.mindhub.homebanking.HomebankingApplicationTest" time="0.0"/>
  <testcase name="repetition 962 of 5000" classname="com.mindhub.homebanking.HomebankingApplicationTest" time="0.001"/>
  <testcase name="repetition 963 of 5000" classname="com.mindhub.homebanking.HomebankingApplicationTest" time="0.0"/>
  <testcase name="repetition 964 of 5000" classname="com.mindhub.homebanking.HomebankingApplicationTest" time="0.0"/>
  <testcase name="repetition 965 of 5000" classname="com.mindhub.homebanking.HomebankingApplicationTest" time="0.001"/>
  <testcase name="repetition 966 of 5000" classname="com.mindhub.homebanking.HomebankingApplicationTest" time="0.0"/>
  <testcase name="repetition 967 of 5000" classname="com.mindhub.homebanking.HomebankingApplicationTest" time="0.001"/>
  <testcase name="repetition 968 of 5000" classname="com.mindhub.homebanking.HomebankingApplicationTest" time="0.001"/>
  <testcase name="repetition 969 of 5000" classname="com.mindhub.homebanking.HomebankingApplicationTest" time="0.001"/>
  <testcase name="repetition 970 of 5000" classname="com.mindhub.homebanking.HomebankingApplicationTest" time="0.0"/>
  <testcase name="repetition 971 of 5000" classname="com.mindhub.homebanking.HomebankingApplicationTest" time="0.001"/>
  <testcase name="repetition 972 of 5000" classname="com.mindhub.homebanking.HomebankingApplicationTest" time="0.001"/>
  <testcase name="repetition 973 of 5000" classname="com.mindhub.homebanking.HomebankingApplicationTest" time="0.0"/>
  <testcase name="repetition 974 of 5000" classname="com.mindhub.homebanking.HomebankingApplicationTest" time="0.0"/>
  <testcase name="repetition 975 of 5000" classname="com.mindhub.homebanking.HomebankingApplicationTest" time="0.001"/>
  <testcase name="repetition 976 of 5000" classname="com.mindhub.homebanking.HomebankingApplicationTest" time="0.0"/>
  <testcase name="repetition 977 of 5000" classname="com.mindhub.homebanking.HomebankingApplicationTest" time="0.001"/>
  <testcase name="repetition 978 of 5000" classname="com.mindhub.homebanking.HomebankingApplicationTest" time="0.001"/>
  <testcase name="repetition 979 of 5000" classname="com.mindhub.homebanking.HomebankingApplicationTest" time="0.0"/>
  <testcase name="repetition 980 of 5000" classname="com.mindhub.homebanking.HomebankingApplicationTest" time="0.001"/>
  <testcase name="repetition 981 of 5000" classname="com.mindhub.homebanking.HomebankingApplicationTest" time="0.001"/>
  <testcase name="repetition 982 of 5000" classname="com.mindhub.homebanking.HomebankingApplicationTest" time="0.001"/>
  <testcase name="repetition 983 of 5000" classname="com.mindhub.homebanking.HomebankingApplicationTest" time="0.0"/>
  <testcase name="repetition 984 of 5000" classname="com.mindhub.homebanking.HomebankingApplicationTest" time="0.001"/>
  <testcase name="repetition 985 of 5000" classname="com.mindhub.homebanking.HomebankingApplicationTest" time="0.0"/>
  <testcase name="repetition 986 of 5000" classname="com.mindhub.homebanking.HomebankingApplicationTest" time="0.001"/>
  <testcase name="repetition 987 of 5000" classname="com.mindhub.homebanking.HomebankingApplicationTest" time="0.0"/>
  <testcase name="repetition 988 of 5000" classname="com.mindhub.homebanking.HomebankingApplicationTest" time="0.001"/>
  <testcase name="repetition 989 of 5000" classname="com.mindhub.homebanking.HomebankingApplicationTest" time="0.0"/>
  <testcase name="repetition 990 of 5000" classname="com.mindhub.homebanking.HomebankingApplicationTest" time="0.001"/>
  <testcase name="repetition 991 of 5000" classname="com.mindhub.homebanking.HomebankingApplicationTest" time="0.0"/>
  <testcase name="repetition 992 of 5000" classname="com.mindhub.homebanking.HomebankingApplicationTest" time="0.001"/>
  <testcase name="repetition 993 of 5000" classname="com.mindhub.homebanking.HomebankingApplicationTest" time="0.0"/>
  <testcase name="repetition 994 of 5000" classname="com.mindhub.homebanking.HomebankingApplicationTest" time="0.0"/>
  <testcase name="repetition 995 of 5000" classname="com.mindhub.homebanking.HomebankingApplicationTest" time="0.001"/>
  <testcase name="repetition 996 of 5000" classname="com.mindhub.homebanking.HomebankingApplicationTest" time="0.0"/>
  <testcase name="repetition 997 of 5000" classname="com.mindhub.homebanking.HomebankingApplicationTest" time="0.0"/>
  <testcase name="repetition 998 of 5000" classname="com.mindhub.homebanking.HomebankingApplicationTest" time="0.001"/>
  <testcase name="repetition 999 of 5000" classname="com.mindhub.homebanking.HomebankingApplicationTest" time="0.001"/>
  <testcase name="repetition 1000 of 5000" classname="com.mindhub.homebanking.HomebankingApplicationTest" time="0.001"/>
  <testcase name="repetition 1001 of 5000" classname="com.mindhub.homebanking.HomebankingApplicationTest" time="0.001"/>
  <testcase name="repetition 1002 of 5000" classname="com.mindhub.homebanking.HomebankingApplicationTest" time="0.001"/>
  <testcase name="repetition 1003 of 5000" classname="com.mindhub.homebanking.HomebankingApplicationTest" time="0.0"/>
  <testcase name="repetition 1004 of 5000" classname="com.mindhub.homebanking.HomebankingApplicationTest" time="0.0"/>
  <testcase name="repetition 1005 of 5000" classname="com.mindhub.homebanking.HomebankingApplicationTest" time="0.001"/>
  <testcase name="repetition 1006 of 5000" classname="com.mindhub.homebanking.HomebankingApplicationTest" time="0.0"/>
  <testcase name="repetition 1007 of 5000" classname="com.mindhub.homebanking.HomebankingApplicationTest" time="0.001"/>
  <testcase name="repetition 1008 of 5000" classname="com.mindhub.homebanking.HomebankingApplicationTest" time="0.0"/>
  <testcase name="repetition 1009 of 5000" classname="com.mindhub.homebanking.HomebankingApplicationTest" time="0.001"/>
  <testcase name="repetition 1010 of 5000" classname="com.mindhub.homebanking.HomebankingApplicationTest" time="0.0"/>
  <testcase name="repetition 1011 of 5000" classname="com.mindhub.homebanking.HomebankingApplicationTest" time="0.001"/>
  <testcase name="repetition 1012 of 5000" classname="com.mindhub.homebanking.HomebankingApplicationTest" time="0.0"/>
  <testcase name="repetition 1013 of 5000" classname="com.mindhub.homebanking.HomebankingApplicationTest" time="0.001"/>
  <testcase name="repetition 1014 of 5000" classname="com.mindhub.homebanking.HomebankingApplicationTest" time="0.0"/>
  <testcase name="repetition 1015 of 5000" classname="com.mindhub.homebanking.HomebankingApplicationTest" time="0.001"/>
  <testcase name="repetition 1016 of 5000" classname="com.mindhub.homebanking.HomebankingApplicationTest" time="0.0"/>
  <testcase name="repetition 1017 of 5000" classname="com.mindhub.homebanking.HomebankingApplicationTest" time="0.001"/>
  <testcase name="repetition 1018 of 5000" classname="com.mindhub.homebanking.HomebankingApplicationTest" time="0.001"/>
  <testcase name="repetition 1019 of 5000" classname="com.mindhub.homebanking.HomebankingApplicationTest" time="0.0"/>
  <testcase name="repetition 1020 of 5000" classname="com.mindhub.homebanking.HomebankingApplicationTest" time="0.001"/>
  <testcase name="repetition 1021 of 5000" classname="com.mindhub.homebanking.HomebankingApplicationTest" time="0.001"/>
  <testcase name="repetition 1022 of 5000" classname="com.mindhub.homebanking.HomebankingApplicationTest" time="0.0"/>
  <testcase name="repetition 1023 of 5000" classname="com.mindhub.homebanking.HomebankingApplicationTest" time="0.001"/>
  <testcase name="repetition 1024 of 5000" classname="com.mindhub.homebanking.HomebankingApplicationTest" time="0.0"/>
  <testcase name="repetition 1025 of 5000" classname="com.mindhub.homebanking.HomebankingApplicationTest" time="0.001"/>
  <testcase name="repetition 1026 of 5000" classname="com.mindhub.homebanking.HomebankingApplicationTest" time="0.0"/>
  <testcase name="repetition 1027 of 5000" classname="com.mindhub.homebanking.HomebankingApplicationTest" time="0.001"/>
  <testcase name="repetition 1028 of 5000" classname="com.mindhub.homebanking.HomebankingApplicationTest" time="0.0"/>
  <testcase name="repetition 1029 of 5000" classname="com.mindhub.homebanking.HomebankingApplicationTest" time="0.0"/>
  <testcase name="repetition 1030 of 5000" classname="com.mindhub.homebanking.HomebankingApplicationTest" time="0.0"/>
  <testcase name="repetition 1031 of 5000" classname="com.mindhub.homebanking.HomebankingApplicationTest" time="0.001"/>
  <testcase name="repetition 1032 of 5000" classname="com.mindhub.homebanking.HomebankingApplicationTest" time="0.001"/>
  <testcase name="repetition 1033 of 5000" classname="com.mindhub.homebanking.HomebankingApplicationTest" time="0.001"/>
  <testcase name="repetition 1034 of 5000" classname="com.mindhub.homebanking.HomebankingApplicationTest" time="0.001"/>
  <testcase name="repetition 1035 of 5000" classname="com.mindhub.homebanking.HomebankingApplicationTest" time="0.001"/>
  <testcase name="repetition 1036 of 5000" classname="com.mindhub.homebanking.HomebankingApplicationTest" time="0.001"/>
  <testcase name="repetition 1037 of 5000" classname="com.mindhub.homebanking.HomebankingApplicationTest" time="0.0"/>
  <testcase name="repetition 1038 of 5000" classname="com.mindhub.homebanking.HomebankingApplicationTest" time="0.001"/>
  <testcase name="repetition 1039 of 5000" classname="com.mindhub.homebanking.HomebankingApplicationTest" time="0.001"/>
  <testcase name="repetition 1040 of 5000" classname="com.mindhub.homebanking.HomebankingApplicationTest" time="0.001"/>
  <testcase name="repetition 1041 of 5000" classname="com.mindhub.homebanking.HomebankingApplicationTest" time="0.001"/>
  <testcase name="repetition 1042 of 5000" classname="com.mindhub.homebanking.HomebankingApplicationTest" time="0.001"/>
  <testcase name="repetition 1043 of 5000" classname="com.mindhub.homebanking.HomebankingApplicationTest" time="0.001"/>
  <testcase name="repetition 1044 of 5000" classname="com.mindhub.homebanking.HomebankingApplicationTest" time="0.001"/>
  <testcase name="repetition 1045 of 5000" classname="com.mindhub.homebanking.HomebankingApplicationTest" time="0.001"/>
  <testcase name="repetition 1046 of 5000" classname="com.mindhub.homebanking.HomebankingApplicationTest" time="0.001"/>
  <testcase name="repetition 1047 of 5000" classname="com.mindhub.homebanking.HomebankingApplicationTest" time="0.001"/>
  <testcase name="repetition 1048 of 5000" classname="com.mindhub.homebanking.HomebankingApplicationTest" time="0.001"/>
  <testcase name="repetition 1049 of 5000" classname="com.mindhub.homebanking.HomebankingApplicationTest" time="0.0"/>
  <testcase name="repetition 1050 of 5000" classname="com.mindhub.homebanking.HomebankingApplicationTest" time="0.0"/>
  <testcase name="repetition 1051 of 5000" classname="com.mindhub.homebanking.HomebankingApplicationTest" time="0.001"/>
  <testcase name="repetition 1052 of 5000" classname="com.mindhub.homebanking.HomebankingApplicationTest" time="0.0"/>
  <testcase name="repetition 1053 of 5000" classname="com.mindhub.homebanking.HomebankingApplicationTest" time="0.001"/>
  <testcase name="repetition 1054 of 5000" classname="com.mindhub.homebanking.HomebankingApplicationTest" time="0.001"/>
  <testcase name="repetition 1055 of 5000" classname="com.mindhub.homebanking.HomebankingApplicationTest" time="0.0"/>
  <testcase name="repetition 1056 of 5000" classname="com.mindhub.homebanking.HomebankingApplicationTest" time="0.0"/>
  <testcase name="repetition 1057 of 5000" classname="com.mindhub.homebanking.HomebankingApplicationTest" time="0.001"/>
  <testcase name="repetition 1058 of 5000" classname="com.mindhub.homebanking.HomebankingApplicationTest" time="0.0"/>
  <testcase name="repetition 1059 of 5000" classname="com.mindhub.homebanking.HomebankingApplicationTest" time="0.001"/>
  <testcase name="repetition 1060 of 5000" classname="com.mindhub.homebanking.HomebankingApplicationTest" time="0.001"/>
  <testcase name="repetition 1061 of 5000" classname="com.mindhub.homebanking.HomebankingApplicationTest" time="0.001"/>
  <testcase name="repetition 1062 of 5000" classname="com.mindhub.homebanking.HomebankingApplicationTest" time="0.0"/>
  <testcase name="repetition 1063 of 5000" classname="com.mindhub.homebanking.HomebankingApplicationTest" time="0.001"/>
  <testcase name="repetition 1064 of 5000" classname="com.mindhub.homebanking.HomebankingApplicationTest" time="0.0"/>
  <testcase name="repetition 1065 of 5000" classname="com.mindhub.homebanking.HomebankingApplicationTest" time="0.0"/>
  <testcase name="repetition 1066 of 5000" classname="com.mindhub.homebanking.HomebankingApplicationTest" time="0.001"/>
  <testcase name="repetition 1067 of 5000" classname="com.mindhub.homebanking.HomebankingApplicationTest" time="0.0"/>
  <testcase name="repetition 1068 of 5000" classname="com.mindhub.homebanking.HomebankingApplicationTest" time="0.001"/>
  <testcase name="repetition 1069 of 5000" classname="com.mindhub.homebanking.HomebankingApplicationTest" time="0.001"/>
  <testcase name="repetition 1070 of 5000" classname="com.mindhub.homebanking.HomebankingApplicationTest" time="0.0"/>
  <testcase name="repetition 1071 of 5000" classname="com.mindhub.homebanking.HomebankingApplicationTest" time="0.0"/>
  <testcase name="repetition 1072 of 5000" classname="com.mindhub.homebanking.HomebankingApplicationTest" time="0.001"/>
  <testcase name="repetition 1073 of 5000" classname="com.mindhub.homebanking.HomebankingApplicationTest" time="0.0"/>
  <testcase name="repetition 1074 of 5000" classname="com.mindhub.homebanking.HomebankingApplicationTest" time="0.001"/>
  <testcase name="repetition 1075 of 5000" classname="com.mindhub.homebanking.HomebankingApplicationTest" time="0.0"/>
  <testcase name="repetition 1076 of 5000" classname="com.mindhub.homebanking.HomebankingApplicationTest" time="0.001"/>
  <testcase name="repetition 1077 of 5000" classname="com.mindhub.homebanking.HomebankingApplicationTest" time="0.0"/>
  <testcase name="repetition 1078 of 5000" classname="com.mindhub.homebanking.HomebankingApplicationTest" time="0.0"/>
  <testcase name="repetition 1079 of 5000" classname="com.mindhub.homebanking.HomebankingApplicationTest" time="0.0"/>
  <testcase name="repetition 1080 of 5000" classname="com.mindhub.homebanking.HomebankingApplicationTest" time="0.001"/>
  <testcase name="repetition 1081 of 5000" classname="com.mindhub.homebanking.HomebankingApplicationTest" time="0.001"/>
  <testcase name="repetition 1082 of 5000" classname="com.mindhub.homebanking.HomebankingApplicationTest" time="0.001"/>
  <testcase name="repetition 1083 of 5000" classname="com.mindhub.homebanking.HomebankingApplicationTest" time="0.001"/>
  <testcase name="repetition 1084 of 5000" classname="com.mindhub.homebanking.HomebankingApplicationTest" time="0.0"/>
  <testcase name="repetition 1085 of 5000" classname="com.mindhub.homebanking.HomebankingApplicationTest" time="0.001"/>
  <testcase name="repetition 1086 of 5000" classname="com.mindhub.homebanking.HomebankingApplicationTest" time="0.0"/>
  <testcase name="repetition 1087 of 5000" classname="com.mindhub.homebanking.HomebankingApplicationTest" time="0.001"/>
  <testcase name="repetition 1088 of 5000" classname="com.mindhub.homebanking.HomebankingApplicationTest" time="0.0"/>
  <testcase name="repetition 1089 of 5000" classname="com.mindhub.homebanking.HomebankingApplicationTest" time="0.001"/>
  <testcase name="repetition 1090 of 5000" classname="com.mindhub.homebanking.HomebankingApplicationTest" time="0.0"/>
  <testcase name="repetition 1091 of 5000" classname="com.mindhub.homebanking.HomebankingApplicationTest" time="0.001"/>
  <testcase name="repetition 1092 of 5000" classname="com.mindhub.homebanking.HomebankingApplicationTest" time="0.001"/>
  <testcase name="repetition 1093 of 5000" classname="com.mindhub.homebanking.HomebankingApplicationTest" time="0.0"/>
  <testcase name="repetition 1094 of 5000" classname="com.mindhub.homebanking.HomebankingApplicationTest" time="0.0"/>
  <testcase name="repetition 1095 of 5000" classname="com.mindhub.homebanking.HomebankingApplicationTest" time="0.001"/>
  <testcase name="repetition 1096 of 5000" classname="com.mindhub.homebanking.HomebankingApplicationTest" time="0.001"/>
  <testcase name="repetition 1097 of 5000" classname="com.mindhub.homebanking.HomebankingApplicationTest" time="0.0"/>
  <testcase name="repetition 1098 of 5000" classname="com.mindhub.homebanking.HomebankingApplicationTest" time="0.0"/>
  <testcase name="repetition 1099 of 5000" classname="com.mindhub.homebanking.HomebankingApplicationTest" time="0.001"/>
  <testcase name="repetition 1100 of 5000" classname="com.mindhub.homebanking.HomebankingApplicationTest" time="0.001"/>
  <testcase name="repetition 1101 of 5000" classname="com.mindhub.homebanking.HomebankingApplicationTest" time="0.001"/>
  <testcase name="repetition 1102 of 5000" classname="com.mindhub.homebanking.HomebankingApplicationTest" time="0.0"/>
  <testcase name="repetition 1103 of 5000" classname="com.mindhub.homebanking.HomebankingApplicationTest" time="0.001"/>
  <testcase name="repetition 1104 of 5000" classname="com.mindhub.homebanking.HomebankingApplicationTest" time="0.0"/>
  <testcase name="repetition 1105 of 5000" classname="com.mindhub.homebanking.HomebankingApplicationTest" time="0.001"/>
  <testcase name="repetition 1106 of 5000" classname="com.mindhub.homebanking.HomebankingApplicationTest" time="0.0"/>
  <testcase name="repetition 1107 of 5000" classname="com.mindhub.homebanking.HomebankingApplicationTest" time="0.001"/>
  <testcase name="repetition 1108 of 5000" classname="com.mindhub.homebanking.HomebankingApplicationTest" time="0.001"/>
  <testcase name="repetition 1109 of 5000" classname="com.mindhub.homebanking.HomebankingApplicationTest" time="0.0"/>
  <testcase name="repetition 1110 of 5000" classname="com.mindhub.homebanking.HomebankingApplicationTest" time="0.001"/>
  <testcase name="repetition 1111 of 5000" classname="com.mindhub.homebanking.HomebankingApplicationTest" time="0.001"/>
  <testcase name="repetition 1112 of 5000" classname="com.mindhub.homebanking.HomebankingApplicationTest" time="0.0"/>
  <testcase name="repetition 1113 of 5000" classname="com.mindhub.homebanking.HomebankingApplicationTest" time="0.001"/>
  <testcase name="repetition 1114 of 5000" classname="com.mindhub.homebanking.HomebankingApplicationTest" time="0.0"/>
  <testcase name="repetition 1115 of 5000" classname="com.mindhub.homebanking.HomebankingApplicationTest" time="0.0"/>
  <testcase name="repetition 1116 of 5000" classname="com.mindhub.homebanking.HomebankingApplicationTest" time="0.0"/>
  <testcase name="repetition 1117 of 5000" classname="com.mindhub.homebanking.HomebankingApplicationTest" time="0.001"/>
  <testcase name="repetition 1118 of 5000" classname="com.mindhub.homebanking.HomebankingApplicationTest" time="0.0"/>
  <testcase name="repetition 1119 of 5000" classname="com.mindhub.homebanking.HomebankingApplicationTest" time="0.001"/>
  <testcase name="repetition 1120 of 5000" classname="com.mindhub.homebanking.HomebankingApplicationTest" time="0.001"/>
  <testcase name="repetition 1121 of 5000" classname="com.mindhub.homebanking.HomebankingApplicationTest" time="0.001"/>
  <testcase name="repetition 1122 of 5000" classname="com.mindhub.homebanking.HomebankingApplicationTest" time="0.001"/>
  <testcase name="repetition 1123 of 5000" classname="com.mindhub.homebanking.HomebankingApplicationTest" time="0.001"/>
  <testcase name="repetition 1124 of 5000" classname="com.mindhub.homebanking.HomebankingApplicationTest" time="0.0"/>
  <testcase name="repetition 1125 of 5000" classname="com.mindhub.homebanking.HomebankingApplicationTest" time="0.001"/>
  <testcase name="repetition 1126 of 5000" classname="com.mindhub.homebanking.HomebankingApplicationTest" time="0.001"/>
  <testcase name="repetition 1127 of 5000" classname="com.mindhub.homebanking.HomebankingApplicationTest" time="0.001"/>
  <testcase name="repetition 1128 of 5000" classname="com.mindhub.homebanking.HomebankingApplicationTest" time="0.001"/>
  <testcase name="repetition 1129 of 5000" classname="com.mindhub.homebanking.HomebankingApplicationTest" time="0.001"/>
  <testcase name="repetition 1130 of 5000" classname="com.mindhub.homebanking.HomebankingApplicationTest" time="0.001"/>
  <testcase name="repetition 1131 of 5000" classname="com.mindhub.homebanking.HomebankingApplicationTest" time="0.001"/>
  <testcase name="repetition 1132 of 5000" classname="com.mindhub.homebanking.HomebankingApplicationTest" time="0.0"/>
  <testcase name="repetition 1133 of 5000" classname="com.mindhub.homebanking.HomebankingApplicationTest" time="0.001"/>
  <testcase name="repetition 1134 of 5000" classname="com.mindhub.homebanking.HomebankingApplicationTest" time="0.001"/>
  <testcase name="repetition 1135 of 5000" classname="com.mindhub.homebanking.HomebankingApplicationTest" time="0.001"/>
  <testcase name="repetition 1136 of 5000" classname="com.mindhub.homebanking.HomebankingApplicationTest" time="0.001"/>
  <testcase name="repetition 1137 of 5000" classname="com.mindhub.homebanking.HomebankingApplicationTest" time="0.001"/>
  <testcase name="repetition 1138 of 5000" classname="com.mindhub.homebanking.HomebankingApplicationTest" time="0.0"/>
  <testcase name="repetition 1139 of 5000" classname="com.mindhub.homebanking.HomebankingApplicationTest" time="0.0"/>
  <testcase name="repetition 1140 of 5000" classname="com.mindhub.homebanking.HomebankingApplicationTest" time="0.001"/>
  <testcase name="repetition 1141 of 5000" classname="com.mindhub.homebanking.HomebankingApplicationTest" time="0.001"/>
  <testcase name="repetition 1142 of 5000" classname="com.mindhub.homebanking.HomebankingApplicationTest" time="0.0"/>
  <testcase name="repetition 1143 of 5000" classname="com.mindhub.homebanking.HomebankingApplicationTest" time="0.001"/>
  <testcase name="repetition 1144 of 5000" classname="com.mindhub.homebanking.HomebankingApplicationTest" time="0.0"/>
  <testcase name="repetition 1145 of 5000" classname="com.mindhub.homebanking.HomebankingApplicationTest" time="0.001"/>
  <testcase name="repetition 1146 of 5000" classname="com.mindhub.homebanking.HomebankingApplicationTest" time="0.0"/>
  <testcase name="repetition 1147 of 5000" classname="com.mindhub.homebanking.HomebankingApplicationTest" time="0.001"/>
  <testcase name="repetition 1148 of 5000" classname="com.mindhub.homebanking.HomebankingApplicationTest" time="0.0"/>
  <testcase name="repetition 1149 of 5000" classname="com.mindhub.homebanking.HomebankingApplicationTest" time="0.001"/>
  <testcase name="repetition 1150 of 5000" classname="com.mindhub.homebanking.HomebankingApplicationTest" time="0.001"/>
  <testcase name="repetition 1151 of 5000" classname="com.mindhub.homebanking.HomebankingApplicationTest" time="0.0"/>
  <testcase name="repetition 1152 of 5000" classname="com.mindhub.homebanking.HomebankingApplicationTest" time="0.001"/>
  <testcase name="repetition 1153 of 5000" classname="com.mindhub.homebanking.HomebankingApplicationTest" time="0.001"/>
  <testcase name="repetition 1154 of 5000" classname="com.mindhub.homebanking.HomebankingApplicationTest" time="0.0"/>
  <testcase name="repetition 1155 of 5000" classname="com.mindhub.homebanking.HomebankingApplicationTest" time="0.001"/>
  <testcase name="repetition 1156 of 5000" classname="com.mindhub.homebanking.HomebankingApplicationTest" time="0.0"/>
  <testcase name="repetition 1157 of 5000" classname="com.mindhub.homebanking.HomebankingApplicationTest" time="0.001"/>
  <testcase name="repetition 1158 of 5000" classname="com.mindhub.homebanking.HomebankingApplicationTest" time="0.001"/>
  <testcase name="repetition 1159 of 5000" classname="com.mindhub.homebanking.HomebankingApplicationTest" time="0.0"/>
  <testcase name="repetition 1160 of 5000" classname="com.mindhub.homebanking.HomebankingApplicationTest" time="0.001"/>
  <testcase name="repetition 1161 of 5000" classname="com.mindhub.homebanking.HomebankingApplicationTest" time="0.0"/>
  <testcase name="repetition 1162 of 5000" classname="com.mindhub.homebanking.HomebankingApplicationTest" time="0.001"/>
  <testcase name="repetition 1163 of 5000" classname="com.mindhub.homebanking.HomebankingApplicationTest" time="0.0"/>
  <testcase name="repetition 1164 of 5000" classname="com.mindhub.homebanking.HomebankingApplicationTest" time="0.001"/>
  <testcase name="repetition 1165 of 5000" classname="com.mindhub.homebanking.HomebankingApplicationTest" time="0.0"/>
  <testcase name="repetition 1166 of 5000" classname="com.mindhub.homebanking.HomebankingApplicationTest" time="0.001"/>
  <testcase name="repetition 1167 of 5000" classname="com.mindhub.homebanking.HomebankingApplicationTest" time="0.001"/>
  <testcase name="repetition 1168 of 5000" classname="com.mindhub.homebanking.HomebankingApplicationTest" time="0.0"/>
  <testcase name="repetition 1169 of 5000" classname="com.mindhub.homebanking.HomebankingApplicationTest" time="0.0"/>
  <testcase name="repetition 1170 of 5000" classname="com.mindhub.homebanking.HomebankingApplicationTest" time="0.001"/>
  <testcase name="repetition 1171 of 5000" classname="com.mindhub.homebanking.HomebankingApplicationTest" time="0.001"/>
  <testcase name="repetition 1172 of 5000" classname="com.mindhub.homebanking.HomebankingApplicationTest" time="0.0"/>
  <testcase name="repetition 1173 of 5000" classname="com.mindhub.homebanking.HomebankingApplicationTest" time="0.001"/>
  <testcase name="repetition 1174 of 5000" classname="com.mindhub.homebanking.HomebankingApplicationTest" time="0.0"/>
  <testcase name="repetition 1175 of 5000" classname="com.mindhub.homebanking.HomebankingApplicationTest" time="0.001"/>
  <testcase name="repetition 1176 of 5000" classname="com.mindhub.homebanking.HomebankingApplicationTest" time="0.001"/>
  <testcase name="repetition 1177 of 5000" classname="com.mindhub.homebanking.HomebankingApplicationTest" time="0.001"/>
  <testcase name="repetition 1178 of 5000" classname="com.mindhub.homebanking.HomebankingApplicationTest" time="0.001"/>
  <testcase name="repetition 1179 of 5000" classname="com.mindhub.homebanking.HomebankingApplicationTest" time="0.001"/>
  <testcase name="repetition 1180 of 5000" classname="com.mindhub.homebanking.HomebankingApplicationTest" time="0.003"/>
  <testcase name="repetition 1181 of 5000" classname="com.mindhub.homebanking.HomebankingApplicationTest" time="0.001"/>
  <testcase name="repetition 1182 of 5000" classname="com.mindhub.homebanking.HomebankingApplicationTest" time="0.001"/>
  <testcase name="repetition 1183 of 5000" classname="com.mindhub.homebanking.HomebankingApplicationTest" time="0.001"/>
  <testcase name="repetition 1184 of 5000" classname="com.mindhub.homebanking.HomebankingApplicationTest" time="0.001"/>
  <testcase name="repetition 1185 of 5000" classname="com.mindhub.homebanking.HomebankingApplicationTest" time="0.0"/>
  <testcase name="repetition 1186 of 5000" classname="com.mindhub.homebanking.HomebankingApplicationTest" time="0.001"/>
  <testcase name="repetition 1187 of 5000" classname="com.mindhub.homebanking.HomebankingApplicationTest" time="0.001"/>
  <testcase name="repetition 1188 of 5000" classname="com.mindhub.homebanking.HomebankingApplicationTest" time="0.001"/>
  <testcase name="repetition 1189 of 5000" classname="com.mindhub.homebanking.HomebankingApplicationTest" time="0.001"/>
  <testcase name="repetition 1190 of 5000" classname="com.mindhub.homebanking.HomebankingApplicationTest" time="0.0"/>
  <testcase name="repetition 1191 of 5000" classname="com.mindhub.homebanking.HomebankingApplicationTest" time="0.0"/>
  <testcase name="repetition 1192 of 5000" classname="com.mindhub.homebanking.HomebankingApplicationTest" time="0.0"/>
  <testcase name="repetition 1193 of 5000" classname="com.mindhub.homebanking.HomebankingApplicationTest" time="0.001"/>
  <testcase name="repetition 1194 of 5000" classname="com.mindhub.homebanking.HomebankingApplicationTest" time="0.001"/>
  <testcase name="repetition 1195 of 5000" classname="com.mindhub.homebanking.HomebankingApplicationTest" time="0.0"/>
  <testcase name="repetition 1196 of 5000" classname="com.mindhub.homebanking.HomebankingApplicationTest" time="0.001"/>
  <testcase name="repetition 1197 of 5000" classname="com.mindhub.homebanking.HomebankingApplicationTest" time="0.0"/>
  <testcase name="repetition 1198 of 5000" classname="com.mindhub.homebanking.HomebankingApplicationTest" time="0.001"/>
  <testcase name="repetition 1199 of 5000" classname="com.mindhub.homebanking.HomebankingApplicationTest" time="0.001"/>
  <testcase name="repetition 1200 of 5000" classname="com.mindhub.homebanking.HomebankingApplicationTest" time="0.0"/>
  <testcase name="repetition 1201 of 5000" classname="com.mindhub.homebanking.HomebankingApplicationTest" time="0.001"/>
  <testcase name="repetition 1202 of 5000" classname="com.mindhub.homebanking.HomebankingApplicationTest" time="0.001"/>
  <testcase name="repetition 1203 of 5000" classname="com.mindhub.homebanking.HomebankingApplicationTest" time="0.0"/>
  <testcase name="repetition 1204 of 5000" classname="com.mindhub.homebanking.HomebankingApplicationTest" time="0.001"/>
  <testcase name="repetition 1205 of 5000" classname="com.mindhub.homebanking.HomebankingApplicationTest" time="0.001"/>
  <testcase name="repetition 1206 of 5000" classname="com.mindhub.homebanking.HomebankingApplicationTest" time="0.0"/>
  <testcase name="repetition 1207 of 5000" classname="com.mindhub.homebanking.HomebankingApplicationTest" time="0.001"/>
  <testcase name="repetition 1208 of 5000" classname="com.mindhub.homebanking.HomebankingApplicationTest" time="0.0"/>
  <testcase name="repetition 1209 of 5000" classname="com.mindhub.homebanking.HomebankingApplicationTest" time="0.0"/>
  <testcase name="repetition 1210 of 5000" classname="com.mindhub.homebanking.HomebankingApplicationTest" time="0.001"/>
  <testcase name="repetition 1211 of 5000" classname="com.mindhub.homebanking.HomebankingApplicationTest" time="0.001"/>
  <testcase name="repetition 1212 of 5000" classname="com.mindhub.homebanking.HomebankingApplicationTest" time="0.001"/>
  <testcase name="repetition 1213 of 5000" classname="com.mindhub.homebanking.HomebankingApplicationTest" time="0.0"/>
  <testcase name="repetition 1214 of 5000" classname="com.mindhub.homebanking.HomebankingApplicationTest" time="0.001"/>
  <testcase name="repetition 1215 of 5000" classname="com.mindhub.homebanking.HomebankingApplicationTest" time="0.0"/>
  <testcase name="repetition 1216 of 5000" classname="com.mindhub.homebanking.HomebankingApplicationTest" time="0.001"/>
  <testcase name="repetition 1217 of 5000" classname="com.mindhub.homebanking.HomebankingApplicationTest" time="0.0"/>
  <testcase name="repetition 1218 of 5000" classname="com.mindhub.homebanking.HomebankingApplicationTest" time="0.001"/>
  <testcase name="repetition 1219 of 5000" classname="com.mindhub.homebanking.HomebankingApplicationTest" time="0.001"/>
  <testcase name="repetition 1220 of 5000" classname="com.mindhub.homebanking.HomebankingApplicationTest" time="0.001"/>
  <testcase name="repetition 1221 of 5000" classname="com.mindhub.homebanking.HomebankingApplicationTest" time="0.001"/>
  <testcase name="repetition 1222 of 5000" classname="com.mindhub.homebanking.HomebankingApplicationTest" time="0.001"/>
  <testcase name="repetition 1223 of 5000" classname="com.mindhub.homebanking.HomebankingApplicationTest" time="0.001"/>
  <testcase name="repetition 1224 of 5000" classname="com.mindhub.homebanking.HomebankingApplicationTest" time="0.0"/>
  <testcase name="repetition 1225 of 5000" classname="com.mindhub.homebanking.HomebankingApplicationTest" time="0.001"/>
  <testcase name="repetition 1226 of 5000" classname="com.mindhub.homebanking.HomebankingApplicationTest" time="0.001"/>
  <testcase name="repetition 1227 of 5000" classname="com.mindhub.homebanking.HomebankingApplicationTest" time="0.001"/>
  <testcase name="repetition 1228 of 5000" classname="com.mindhub.homebanking.HomebankingApplicationTest" time="0.001"/>
  <testcase name="repetition 1229 of 5000" classname="com.mindhub.homebanking.HomebankingApplicationTest" time="0.0"/>
  <testcase name="repetition 1230 of 5000" classname="com.mindhub.homebanking.HomebankingApplicationTest" time="0.0"/>
  <testcase name="repetition 1231 of 5000" classname="com.mindhub.homebanking.HomebankingApplicationTest" time="0.001"/>
  <testcase name="repetition 1232 of 5000" classname="com.mindhub.homebanking.HomebankingApplicationTest" time="0.0"/>
  <testcase name="repetition 1233 of 5000" classname="com.mindhub.homebanking.HomebankingApplicationTest" time="0.001"/>
  <testcase name="repetition 1234 of 5000" classname="com.mindhub.homebanking.HomebankingApplicationTest" time="0.0"/>
  <testcase name="repetition 1235 of 5000" classname="com.mindhub.homebanking.HomebankingApplicationTest" time="0.001"/>
  <testcase name="repetition 1236 of 5000" classname="com.mindhub.homebanking.HomebankingApplicationTest" time="0.001"/>
  <testcase name="repetition 1237 of 5000" classname="com.mindhub.homebanking.HomebankingApplicationTest" time="0.0"/>
  <testcase name="repetition 1238 of 5000" classname="com.mindhub.homebanking.HomebankingApplicationTest" time="0.001"/>
  <testcase name="repetition 1239 of 5000" classname="com.mindhub.homebanking.HomebankingApplicationTest" time="0.001"/>
  <testcase name="repetition 1240 of 5000" classname="com.mindhub.homebanking.HomebankingApplicationTest" time="0.001"/>
  <testcase name="repetition 1241 of 5000" classname="com.mindhub.homebanking.HomebankingApplicationTest" time="0.0"/>
  <testcase name="repetition 1242 of 5000" classname="com.mindhub.homebanking.HomebankingApplicationTest" time="0.001"/>
  <testcase name="repetition 1243 of 5000" classname="com.mindhub.homebanking.HomebankingApplicationTest" time="0.0"/>
  <testcase name="repetition 1244 of 5000" classname="com.mindhub.homebanking.HomebankingApplicationTest" time="0.001"/>
  <testcase name="repetition 1245 of 5000" classname="com.mindhub.homebanking.HomebankingApplicationTest" time="0.0"/>
  <testcase name="repetition 1246 of 5000" classname="com.mindhub.homebanking.HomebankingApplicationTest" time="0.001"/>
  <testcase name="repetition 1247 of 5000" classname="com.mindhub.homebanking.HomebankingApplicationTest" time="0.0"/>
  <testcase name="repetition 1248 of 5000" classname="com.mindhub.homebanking.HomebankingApplicationTest" time="0.001"/>
  <testcase name="repetition 1249 of 5000" classname="com.mindhub.homebanking.HomebankingApplicationTest" time="0.0"/>
  <testcase name="repetition 1250 of 5000" classname="com.mindhub.homebanking.HomebankingApplicationTest" time="0.001"/>
  <testcase name="repetition 1251 of 5000" classname="com.mindhub.homebanking.HomebankingApplicationTest" time="0.001"/>
  <testcase name="repetition 1252 of 5000" classname="com.mindhub.homebanking.HomebankingApplicationTest" time="0.0"/>
  <testcase name="repetition 1253 of 5000" classname="com.mindhub.homebanking.HomebankingApplicationTest" time="0.001"/>
  <testcase name="repetition 1254 of 5000" classname="com.mindhub.homebanking.HomebankingApplicationTest" time="0.0"/>
  <testcase name="repetition 1255 of 5000" classname="com.mindhub.homebanking.HomebankingApplicationTest" time="0.001"/>
  <testcase name="repetition 1256 of 5000" classname="com.mindhub.homebanking.HomebankingApplicationTest" time="0.0"/>
  <testcase name="repetition 1257 of 5000" classname="com.mindhub.homebanking.HomebankingApplicationTest" time="0.001"/>
  <testcase name="repetition 1258 of 5000" classname="com.mindhub.homebanking.HomebankingApplicationTest" time="0.001"/>
  <testcase name="repetition 1259 of 5000" classname="com.mindhub.homebanking.HomebankingApplicationTest" time="0.001"/>
  <testcase name="repetition 1260 of 5000" classname="com.mindhub.homebanking.HomebankingApplicationTest" time="0.001"/>
  <testcase name="repetition 1261 of 5000" classname="com.mindhub.homebanking.HomebankingApplicationTest" time="0.001"/>
  <testcase name="repetition 1262 of 5000" classname="com.mindhub.homebanking.HomebankingApplicationTest" time="0.001"/>
  <testcase name="repetition 1263 of 5000" classname="com.mindhub.homebanking.HomebankingApplicationTest" time="0.0"/>
  <testcase name="repetition 1264 of 5000" classname="com.mindhub.homebanking.HomebankingApplicationTest" time="0.001"/>
  <testcase name="repetition 1265 of 5000" classname="com.mindhub.homebanking.HomebankingApplicationTest" time="0.0"/>
  <testcase name="repetition 1266 of 5000" classname="com.mindhub.homebanking.HomebankingApplicationTest" time="0.001"/>
  <testcase name="repetition 1267 of 5000" classname="com.mindhub.homebanking.HomebankingApplicationTest" time="0.0"/>
  <testcase name="repetition 1268 of 5000" classname="com.mindhub.homebanking.HomebankingApplicationTest" time="0.0"/>
  <testcase name="repetition 1269 of 5000" classname="com.mindhub.homebanking.HomebankingApplicationTest" time="0.001"/>
  <testcase name="repetition 1270 of 5000" classname="com.mindhub.homebanking.HomebankingApplicationTest" time="0.0"/>
  <testcase name="repetition 1271 of 5000" classname="com.mindhub.homebanking.HomebankingApplicationTest" time="0.001"/>
  <testcase name="repetition 1272 of 5000" classname="com.mindhub.homebanking.HomebankingApplicationTest" time="0.0"/>
  <testcase name="repetition 1273 of 5000" classname="com.mindhub.homebanking.HomebankingApplicationTest" time="0.0"/>
  <testcase name="repetition 1274 of 5000" classname="com.mindhub.homebanking.HomebankingApplicationTest" time="0.001"/>
  <testcase name="repetition 1275 of 5000" classname="com.mindhub.homebanking.HomebankingApplicationTest" time="0.001"/>
  <testcase name="repetition 1276 of 5000" classname="com.mindhub.homebanking.HomebankingApplicationTest" time="0.002"/>
  <testcase name="repetition 1277 of 5000" classname="com.mindhub.homebanking.HomebankingApplicationTest" time="0.001"/>
  <testcase name="repetition 1278 of 5000" classname="com.mindhub.homebanking.HomebankingApplicationTest" time="0.0"/>
  <testcase name="repetition 1279 of 5000" classname="com.mindhub.homebanking.HomebankingApplicationTest" time="0.0"/>
  <testcase name="repetition 1280 of 5000" classname="com.mindhub.homebanking.HomebankingApplicationTest" time="0.001"/>
  <testcase name="repetition 1281 of 5000" classname="com.mindhub.homebanking.HomebankingApplicationTest" time="0.0"/>
  <testcase name="repetition 1282 of 5000" classname="com.mindhub.homebanking.HomebankingApplicationTest" time="0.001"/>
  <testcase name="repetition 1283 of 5000" classname="com.mindhub.homebanking.HomebankingApplicationTest" time="0.0"/>
  <testcase name="repetition 1284 of 5000" classname="com.mindhub.homebanking.HomebankingApplicationTest" time="0.001"/>
  <testcase name="repetition 1285 of 5000" classname="com.mindhub.homebanking.HomebankingApplicationTest" time="0.0"/>
  <testcase name="repetition 1286 of 5000" classname="com.mindhub.homebanking.HomebankingApplicationTest" time="0.001"/>
  <testcase name="repetition 1287 of 5000" classname="com.mindhub.homebanking.HomebankingApplicationTest" time="0.001"/>
  <testcase name="repetition 1288 of 5000" classname="com.mindhub.homebanking.HomebankingApplicationTest" time="0.0"/>
  <testcase name="repetition 1289 of 5000" classname="com.mindhub.homebanking.HomebankingApplicationTest" time="0.001"/>
  <testcase name="repetition 1290 of 5000" classname="com.mindhub.homebanking.HomebankingApplicationTest" time="0.001"/>
  <testcase name="repetition 1291 of 5000" classname="com.mindhub.homebanking.HomebankingApplicationTest" time="0.0"/>
  <testcase name="repetition 1292 of 5000" classname="com.mindhub.homebanking.HomebankingApplicationTest" time="0.001"/>
  <testcase name="repetition 1293 of 5000" classname="com.mindhub.homebanking.HomebankingApplicationTest" time="0.0"/>
  <testcase name="repetition 1294 of 5000" classname="com.mindhub.homebanking.HomebankingApplicationTest" time="0.0"/>
  <testcase name="repetition 1295 of 5000" classname="com.mindhub.homebanking.HomebankingApplicationTest" time="0.001"/>
  <testcase name="repetition 1296 of 5000" classname="com.mindhub.homebanking.HomebankingApplicationTest" time="0.0"/>
  <testcase name="repetition 1297 of 5000" classname="com.mindhub.homebanking.HomebankingApplicationTest" time="0.001"/>
  <testcase name="repetition 1298 of 5000" classname="com.mindhub.homebanking.HomebankingApplicationTest" time="0.0"/>
  <testcase name="repetition 1299 of 5000" classname="com.mindhub.homebanking.HomebankingApplicationTest" time="0.0"/>
  <testcase name="repetition 1300 of 5000" classname="com.mindhub.homebanking.HomebankingApplicationTest" time="0.001"/>
  <testcase name="repetition 1301 of 5000" classname="com.mindhub.homebanking.HomebankingApplicationTest" time="0.001"/>
  <testcase name="repetition 1302 of 5000" classname="com.mindhub.homebanking.HomebankingApplicationTest" time="0.002"/>
  <testcase name="repetition 1303 of 5000" classname="com.mindhub.homebanking.HomebankingApplicationTest" time="0.001"/>
  <testcase name="repetition 1304 of 5000" classname="com.mindhub.homebanking.HomebankingApplicationTest" time="0.001"/>
  <testcase name="repetition 1305 of 5000" classname="com.mindhub.homebanking.HomebankingApplicationTest" time="0.001"/>
  <testcase name="repetition 1306 of 5000" classname="com.mindhub.homebanking.HomebankingApplicationTest" time="0.001"/>
  <testcase name="repetition 1307 of 5000" classname="com.mindhub.homebanking.HomebankingApplicationTest" time="0.001"/>
  <testcase name="repetition 1308 of 5000" classname="com.mindhub.homebanking.HomebankingApplicationTest" time="0.001"/>
  <testcase name="repetition 1309 of 5000" classname="com.mindhub.homebanking.HomebankingApplicationTest" time="0.001"/>
  <testcase name="repetition 1310 of 5000" classname="com.mindhub.homebanking.HomebankingApplicationTest" time="0.0"/>
  <testcase name="repetition 1311 of 5000" classname="com.mindhub.homebanking.HomebankingApplicationTest" time="0.001"/>
  <testcase name="repetition 1312 of 5000" classname="com.mindhub.homebanking.HomebankingApplicationTest" time="0.0"/>
  <testcase name="repetition 1313 of 5000" classname="com.mindhub.homebanking.HomebankingApplicationTest" time="0.001"/>
  <testcase name="repetition 1314 of 5000" classname="com.mindhub.homebanking.HomebankingApplicationTest" time="0.001"/>
  <testcase name="repetition 1315 of 5000" classname="com.mindhub.homebanking.HomebankingApplicationTest" time="0.0"/>
  <testcase name="repetition 1316 of 5000" classname="com.mindhub.homebanking.HomebankingApplicationTest" time="0.001"/>
  <testcase name="repetition 1317 of 5000" classname="com.mindhub.homebanking.HomebankingApplicationTest" time="0.002"/>
  <testcase name="repetition 1318 of 5000" classname="com.mindhub.homebanking.HomebankingApplicationTest" time="0.001"/>
  <testcase name="repetition 1319 of 5000" classname="com.mindhub.homebanking.HomebankingApplicationTest" time="0.001"/>
  <testcase name="repetition 1320 of 5000" classname="com.mindhub.homebanking.HomebankingApplicationTest" time="0.001"/>
  <testcase name="repetition 1321 of 5000" classname="com.mindhub.homebanking.HomebankingApplicationTest" time="0.0"/>
  <testcase name="repetition 1322 of 5000" classname="com.mindhub.homebanking.HomebankingApplicationTest" time="0.001"/>
  <testcase name="repetition 1323 of 5000" classname="com.mindhub.homebanking.HomebankingApplicationTest" time="0.0"/>
  <testcase name="repetition 1324 of 5000" classname="com.mindhub.homebanking.HomebankingApplicationTest" time="0.001"/>
  <testcase name="repetition 1325 of 5000" classname="com.mindhub.homebanking.HomebankingApplicationTest" time="0.001"/>
  <testcase name="repetition 1326 of 5000" classname="com.mindhub.homebanking.HomebankingApplicationTest" time="0.001"/>
  <testcase name="repetition 1327 of 5000" classname="com.mindhub.homebanking.HomebankingApplicationTest" time="0.0"/>
  <testcase name="repetition 1328 of 5000" classname="com.mindhub.homebanking.HomebankingApplicationTest" time="0.001"/>
  <testcase name="repetition 1329 of 5000" classname="com.mindhub.homebanking.HomebankingApplicationTest" time="0.001"/>
  <testcase name="repetition 1330 of 5000" classname="com.mindhub.homebanking.HomebankingApplicationTest" time="0.0"/>
  <testcase name="repetition 1331 of 5000" classname="com.mindhub.homebanking.HomebankingApplicationTest" time="0.001"/>
  <testcase name="repetition 1332 of 5000" classname="com.mindhub.homebanking.HomebankingApplicationTest" time="0.0"/>
  <testcase name="repetition 1333 of 5000" classname="com.mindhub.homebanking.HomebankingApplicationTest" time="0.001"/>
  <testcase name="repetition 1334 of 5000" classname="com.mindhub.homebanking.HomebankingApplicationTest" time="0.0"/>
  <testcase name="repetition 1335 of 5000" classname="com.mindhub.homebanking.HomebankingApplicationTest" time="0.0"/>
  <testcase name="repetition 1336 of 5000" classname="com.mindhub.homebanking.HomebankingApplicationTest" time="0.001"/>
  <testcase name="repetition 1337 of 5000" classname="com.mindhub.homebanking.HomebankingApplicationTest" time="0.0"/>
  <testcase name="repetition 1338 of 5000" classname="com.mindhub.homebanking.HomebankingApplicationTest" time="0.001"/>
  <testcase name="repetition 1339 of 5000" classname="com.mindhub.homebanking.HomebankingApplicationTest" time="0.0"/>
  <testcase name="repetition 1340 of 5000" classname="com.mindhub.homebanking.HomebankingApplicationTest" time="0.001"/>
  <testcase name="repetition 1341 of 5000" classname="com.mindhub.homebanking.HomebankingApplicationTest" time="0.0"/>
  <testcase name="repetition 1342 of 5000" classname="com.mindhub.homebanking.HomebankingApplicationTest" time="0.001"/>
  <testcase name="repetition 1343 of 5000" classname="com.mindhub.homebanking.HomebankingApplicationTest" time="0.001"/>
  <testcase name="repetition 1344 of 5000" classname="com.mindhub.homebanking.HomebankingApplicationTest" time="0.0"/>
  <testcase name="repetition 1345 of 5000" classname="com.mindhub.homebanking.HomebankingApplicationTest" time="0.001"/>
  <testcase name="repetition 1346 of 5000" classname="com.mindhub.homebanking.HomebankingApplicationTest" time="0.001"/>
  <testcase name="repetition 1347 of 5000" classname="com.mindhub.homebanking.HomebankingApplicationTest" time="0.001"/>
  <testcase name="repetition 1348 of 5000" classname="com.mindhub.homebanking.HomebankingApplicationTest" time="0.001"/>
  <testcase name="repetition 1349 of 5000" classname="com.mindhub.homebanking.HomebankingApplicationTest" time="0.0"/>
  <testcase name="repetition 1350 of 5000" classname="com.mindhub.homebanking.HomebankingApplicationTest" time="0.0"/>
  <testcase name="repetition 1351 of 5000" classname="com.mindhub.homebanking.HomebankingApplicationTest" time="0.001"/>
  <testcase name="repetition 1352 of 5000" classname="com.mindhub.homebanking.HomebankingApplicationTest" time="0.0"/>
  <testcase name="repetition 1353 of 5000" classname="com.mindhub.homebanking.HomebankingApplicationTest" time="0.001"/>
  <testcase name="repetition 1354 of 5000" classname="com.mindhub.homebanking.HomebankingApplicationTest" time="0.0"/>
  <testcase name="repetition 1355 of 5000" classname="com.mindhub.homebanking.HomebankingApplicationTest" time="0.0"/>
  <testcase name="repetition 1356 of 5000" classname="com.mindhub.homebanking.HomebankingApplicationTest" time="0.001"/>
  <testcase name="repetition 1357 of 5000" classname="com.mindhub.homebanking.HomebankingApplicationTest" time="0.0"/>
  <testcase name="repetition 1358 of 5000" classname="com.mindhub.homebanking.HomebankingApplicationTest" time="0.001"/>
  <testcase name="repetition 1359 of 5000" classname="com.mindhub.homebanking.HomebankingApplicationTest" time="0.0"/>
  <testcase name="repetition 1360 of 5000" classname="com.mindhub.homebanking.HomebankingApplicationTest" time="0.001"/>
  <testcase name="repetition 1361 of 5000" classname="com.mindhub.homebanking.HomebankingApplicationTest" time="0.001"/>
  <testcase name="repetition 1362 of 5000" classname="com.mindhub.homebanking.HomebankingApplicationTest" time="0.0"/>
  <testcase name="repetition 1363 of 5000" classname="com.mindhub.homebanking.HomebankingApplicationTest" time="0.001"/>
  <testcase name="repetition 1364 of 5000" classname="com.mindhub.homebanking.HomebankingApplicationTest" time="0.0"/>
  <testcase name="repetition 1365 of 5000" classname="com.mindhub.homebanking.HomebankingApplicationTest" time="0.0"/>
  <testcase name="repetition 1366 of 5000" classname="com.mindhub.homebanking.HomebankingApplicationTest" time="0.001"/>
  <testcase name="repetition 1367 of 5000" classname="com.mindhub.homebanking.HomebankingApplicationTest" time="0.001"/>
  <testcase name="repetition 1368 of 5000" classname="com.mindhub.homebanking.HomebankingApplicationTest" time="0.001"/>
  <testcase name="repetition 1369 of 5000" classname="com.mindhub.homebanking.HomebankingApplicationTest" time="0.001"/>
  <testcase name="repetition 1370 of 5000" classname="com.mindhub.homebanking.HomebankingApplicationTest" time="0.0"/>
  <testcase name="repetition 1371 of 5000" classname="com.mindhub.homebanking.HomebankingApplicationTest" time="0.001"/>
  <testcase name="repetition 1372 of 5000" classname="com.mindhub.homebanking.HomebankingApplicationTest" time="0.001"/>
  <testcase name="repetition 1373 of 5000" classname="com.mindhub.homebanking.HomebankingApplicationTest" time="0.0"/>
  <testcase name="repetition 1374 of 5000" classname="com.mindhub.homebanking.HomebankingApplicationTest" time="0.001"/>
  <testcase name="repetition 1375 of 5000" classname="com.mindhub.homebanking.HomebankingApplicationTest" time="0.001"/>
  <testcase name="repetition 1376 of 5000" classname="com.mindhub.homebanking.HomebankingApplicationTest" time="0.001"/>
  <testcase name="repetition 1377 of 5000" classname="com.mindhub.homebanking.HomebankingApplicationTest" time="0.0"/>
  <testcase name="repetition 1378 of 5000" classname="com.mindhub.homebanking.HomebankingApplicationTest" time="0.001"/>
  <testcase name="repetition 1379 of 5000" classname="com.mindhub.homebanking.HomebankingApplicationTest" time="0.0"/>
  <testcase name="repetition 1380 of 5000" classname="com.mindhub.homebanking.HomebankingApplicationTest" time="0.001"/>
  <testcase name="repetition 1381 of 5000" classname="com.mindhub.homebanking.HomebankingApplicationTest" time="0.0"/>
  <testcase name="repetition 1382 of 5000" classname="com.mindhub.homebanking.HomebankingApplicationTest" time="0.001"/>
  <testcase name="repetition 1383 of 5000" classname="com.mindhub.homebanking.HomebankingApplicationTest" time="0.001"/>
  <testcase name="repetition 1384 of 5000" classname="com.mindhub.homebanking.HomebankingApplicationTest" time="0.001"/>
  <testcase name="repetition 1385 of 5000" classname="com.mindhub.homebanking.HomebankingApplicationTest" time="0.001"/>
  <testcase name="repetition 1386 of 5000" classname="com.mindhub.homebanking.HomebankingApplicationTest" time="0.0"/>
  <testcase name="repetition 1387 of 5000" classname="com.mindhub.homebanking.HomebankingApplicationTest" time="0.001"/>
  <testcase name="repetition 1388 of 5000" classname="com.mindhub.homebanking.HomebankingApplicationTest" time="0.0"/>
  <testcase name="repetition 1389 of 5000" classname="com.mindhub.homebanking.HomebankingApplicationTest" time="0.001"/>
  <testcase name="repetition 1390 of 5000" classname="com.mindhub.homebanking.HomebankingApplicationTest" time="0.001"/>
  <testcase name="repetition 1391 of 5000" classname="com.mindhub.homebanking.HomebankingApplicationTest" time="0.0"/>
  <testcase name="repetition 1392 of 5000" classname="com.mindhub.homebanking.HomebankingApplicationTest" time="0.001"/>
  <testcase name="repetition 1393 of 5000" classname="com.mindhub.homebanking.HomebankingApplicationTest" time="0.001"/>
  <testcase name="repetition 1394 of 5000" classname="com.mindhub.homebanking.HomebankingApplicationTest" time="0.001"/>
  <testcase name="repetition 1395 of 5000" classname="com.mindhub.homebanking.HomebankingApplicationTest" time="0.0"/>
  <testcase name="repetition 1396 of 5000" classname="com.mindhub.homebanking.HomebankingApplicationTest" time="0.0"/>
  <testcase name="repetition 1397 of 5000" classname="com.mindhub.homebanking.HomebankingApplicationTest" time="0.001"/>
  <testcase name="repetition 1398 of 5000" classname="com.mindhub.homebanking.HomebankingApplicationTest" time="0.001"/>
  <testcase name="repetition 1399 of 5000" classname="com.mindhub.homebanking.HomebankingApplicationTest" time="0.0"/>
  <testcase name="repetition 1400 of 5000" classname="com.mindhub.homebanking.HomebankingApplicationTest" time="0.001"/>
  <testcase name="repetition 1401 of 5000" classname="com.mindhub.homebanking.HomebankingApplicationTest" time="0.001"/>
  <testcase name="repetition 1402 of 5000" classname="com.mindhub.homebanking.HomebankingApplicationTest" time="0.001"/>
  <testcase name="repetition 1403 of 5000" classname="com.mindhub.homebanking.HomebankingApplicationTest" time="0.001"/>
  <testcase name="repetition 1404 of 5000" classname="com.mindhub.homebanking.HomebankingApplicationTest" time="0.0"/>
  <testcase name="repetition 1405 of 5000" classname="com.mindhub.homebanking.HomebankingApplicationTest" time="0.001"/>
  <testcase name="repetition 1406 of 5000" classname="com.mindhub.homebanking.HomebankingApplicationTest" time="0.0"/>
  <testcase name="repetition 1407 of 5000" classname="com.mindhub.homebanking.HomebankingApplicationTest" time="0.001"/>
  <testcase name="repetition 1408 of 5000" classname="com.mindhub.homebanking.HomebankingApplicationTest" time="0.0"/>
  <testcase name="repetition 1409 of 5000" classname="com.mindhub.homebanking.HomebankingApplicationTest" time="0.001"/>
  <testcase name="repetition 1410 of 5000" classname="com.mindhub.homebanking.HomebankingApplicationTest" time="0.001"/>
  <testcase name="repetition 1411 of 5000" classname="com.mindhub.homebanking.HomebankingApplicationTest" time="0.001"/>
  <testcase name="repetition 1412 of 5000" classname="com.mindhub.homebanking.HomebankingApplicationTest" time="0.0"/>
  <testcase name="repetition 1413 of 5000" classname="com.mindhub.homebanking.HomebankingApplicationTest" time="0.001"/>
  <testcase name="repetition 1414 of 5000" classname="com.mindhub.homebanking.HomebankingApplicationTest" time="0.001"/>
  <testcase name="repetition 1415 of 5000" classname="com.mindhub.homebanking.HomebankingApplicationTest" time="0.001"/>
  <testcase name="repetition 1416 of 5000" classname="com.mindhub.homebanking.HomebankingApplicationTest" time="0.001"/>
  <testcase name="repetition 1417 of 5000" classname="com.mindhub.homebanking.HomebankingApplicationTest" time="0.0"/>
  <testcase name="repetition 1418 of 5000" classname="com.mindhub.homebanking.HomebankingApplicationTest" time="0.001"/>
  <testcase name="repetition 1419 of 5000" classname="com.mindhub.homebanking.HomebankingApplicationTest" time="0.0"/>
  <testcase name="repetition 1420 of 5000" classname="com.mindhub.homebanking.HomebankingApplicationTest" time="0.001"/>
  <testcase name="repetition 1421 of 5000" classname="com.mindhub.homebanking.HomebankingApplicationTest" time="0.0"/>
  <testcase name="repetition 1422 of 5000" classname="com.mindhub.homebanking.HomebankingApplicationTest" time="0.001"/>
  <testcase name="repetition 1423 of 5000" classname="com.mindhub.homebanking.HomebankingApplicationTest" time="0.0"/>
  <testcase name="repetition 1424 of 5000" classname="com.mindhub.homebanking.HomebankingApplicationTest" time="0.001"/>
  <testcase name="repetition 1425 of 5000" classname="com.mindhub.homebanking.HomebankingApplicationTest" time="0.001"/>
  <testcase name="repetition 1426 of 5000" classname="com.mindhub.homebanking.HomebankingApplicationTest" time="0.001"/>
  <testcase name="repetition 1427 of 5000" classname="com.mindhub.homebanking.HomebankingApplicationTest" time="0.0"/>
  <testcase name="repetition 1428 of 5000" classname="com.mindhub.homebanking.HomebankingApplicationTest" time="0.0"/>
  <testcase name="repetition 1429 of 5000" classname="com.mindhub.homebanking.HomebankingApplicationTest" time="0.001"/>
  <testcase name="repetition 1430 of 5000" classname="com.mindhub.homebanking.HomebankingApplicationTest" time="0.0"/>
  <testcase name="repetition 1431 of 5000" classname="com.mindhub.homebanking.HomebankingApplicationTest" time="0.001"/>
  <testcase name="repetition 1432 of 5000" classname="com.mindhub.homebanking.HomebankingApplicationTest" time="0.001"/>
  <testcase name="repetition 1433 of 5000" classname="com.mindhub.homebanking.HomebankingApplicationTest" time="0.0"/>
  <testcase name="repetition 1434 of 5000" classname="com.mindhub.homebanking.HomebankingApplicationTest" time="0.0"/>
  <testcase name="repetition 1435 of 5000" classname="com.mindhub.homebanking.HomebankingApplicationTest" time="0.001"/>
  <testcase name="repetition 1436 of 5000" classname="com.mindhub.homebanking.HomebankingApplicationTest" time="0.0"/>
  <testcase name="repetition 1437 of 5000" classname="com.mindhub.homebanking.HomebankingApplicationTest" time="0.001"/>
  <testcase name="repetition 1438 of 5000" classname="com.mindhub.homebanking.HomebankingApplicationTest" time="0.0"/>
  <testcase name="repetition 1439 of 5000" classname="com.mindhub.homebanking.HomebankingApplicationTest" time="0.001"/>
  <testcase name="repetition 1440 of 5000" classname="com.mindhub.homebanking.HomebankingApplicationTest" time="0.0"/>
  <testcase name="repetition 1441 of 5000" classname="com.mindhub.homebanking.HomebankingApplicationTest" time="0.001"/>
  <testcase name="repetition 1442 of 5000" classname="com.mindhub.homebanking.HomebankingApplicationTest" time="0.0"/>
  <testcase name="repetition 1443 of 5000" classname="com.mindhub.homebanking.HomebankingApplicationTest" time="0.001"/>
  <testcase name="repetition 1444 of 5000" classname="com.mindhub.homebanking.HomebankingApplicationTest" time="0.0"/>
  <testcase name="repetition 1445 of 5000" classname="com.mindhub.homebanking.HomebankingApplicationTest" time="0.0"/>
  <testcase name="repetition 1446 of 5000" classname="com.mindhub.homebanking.HomebankingApplicationTest" time="0.001"/>
  <testcase name="repetition 1447 of 5000" classname="com.mindhub.homebanking.HomebankingApplicationTest" time="0.0"/>
  <testcase name="repetition 1448 of 5000" classname="com.mindhub.homebanking.HomebankingApplicationTest" time="0.001"/>
  <testcase name="repetition 1449 of 5000" classname="com.mindhub.homebanking.HomebankingApplicationTest" time="0.0"/>
  <testcase name="repetition 1450 of 5000" classname="com.mindhub.homebanking.HomebankingApplicationTest" time="0.001"/>
  <testcase name="repetition 1451 of 5000" classname="com.mindhub.homebanking.HomebankingApplicationTest" time="0.001"/>
  <testcase name="repetition 1452 of 5000" classname="com.mindhub.homebanking.HomebankingApplicationTest" time="0.0"/>
  <testcase name="repetition 1453 of 5000" classname="com.mindhub.homebanking.HomebankingApplicationTest" time="0.0"/>
  <testcase name="repetition 1454 of 5000" classname="com.mindhub.homebanking.HomebankingApplicationTest" time="0.001"/>
  <testcase name="repetition 1455 of 5000" classname="com.mindhub.homebanking.HomebankingApplicationTest" time="0.0"/>
  <testcase name="repetition 1456 of 5000" classname="com.mindhub.homebanking.HomebankingApplicationTest" time="0.0"/>
  <testcase name="repetition 1457 of 5000" classname="com.mindhub.homebanking.HomebankingApplicationTest" time="0.0"/>
  <testcase name="repetition 1458 of 5000" classname="com.mindhub.homebanking.HomebankingApplicationTest" time="0.001"/>
  <testcase name="repetition 1459 of 5000" classname="com.mindhub.homebanking.HomebankingApplicationTest" time="0.0"/>
  <testcase name="repetition 1460 of 5000" classname="com.mindhub.homebanking.HomebankingApplicationTest" time="0.001"/>
  <testcase name="repetition 1461 of 5000" classname="com.mindhub.homebanking.HomebankingApplicationTest" time="0.001"/>
  <testcase name="repetition 1462 of 5000" classname="com.mindhub.homebanking.HomebankingApplicationTest" time="0.0"/>
  <testcase name="repetition 1463 of 5000" classname="com.mindhub.homebanking.HomebankingApplicationTest" time="0.001"/>
  <testcase name="repetition 1464 of 5000" classname="com.mindhub.homebanking.HomebankingApplicationTest" time="0.001"/>
  <testcase name="repetition 1465 of 5000" classname="com.mindhub.homebanking.HomebankingApplicationTest" time="0.0"/>
  <testcase name="repetition 1466 of 5000" classname="com.mindhub.homebanking.HomebankingApplicationTest" time="0.001"/>
  <testcase name="repetition 1467 of 5000" classname="com.mindhub.homebanking.HomebankingApplicationTest" time="0.001"/>
  <testcase name="repetition 1468 of 5000" classname="com.mindhub.homebanking.HomebankingApplicationTest" time="0.0"/>
  <testcase name="repetition 1469 of 5000" classname="com.mindhub.homebanking.HomebankingApplicationTest" time="0.001"/>
  <testcase name="repetition 1470 of 5000" classname="com.mindhub.homebanking.HomebankingApplicationTest" time="0.001"/>
  <testcase name="repetition 1471 of 5000" classname="com.mindhub.homebanking.HomebankingApplicationTest" time="0.001"/>
  <testcase name="repetition 1472 of 5000" classname="com.mindhub.homebanking.HomebankingApplicationTest" time="0.0"/>
  <testcase name="repetition 1473 of 5000" classname="com.mindhub.homebanking.HomebankingApplicationTest" time="0.001"/>
  <testcase name="repetition 1474 of 5000" classname="com.mindhub.homebanking.HomebankingApplicationTest" time="0.0"/>
  <testcase name="repetition 1475 of 5000" classname="com.mindhub.homebanking.HomebankingApplicationTest" time="0.001"/>
  <testcase name="repetition 1476 of 5000" classname="com.mindhub.homebanking.HomebankingApplicationTest" time="0.001"/>
  <testcase name="repetition 1477 of 5000" classname="com.mindhub.homebanking.HomebankingApplicationTest" time="0.001"/>
  <testcase name="repetition 1478 of 5000" classname="com.mindhub.homebanking.HomebankingApplicationTest" time="0.001"/>
  <testcase name="repetition 1479 of 5000" classname="com.mindhub.homebanking.HomebankingApplicationTest" time="0.0"/>
  <testcase name="repetition 1480 of 5000" classname="com.mindhub.homebanking.HomebankingApplicationTest" time="0.001"/>
  <testcase name="repetition 1481 of 5000" classname="com.mindhub.homebanking.HomebankingApplicationTest" time="0.001"/>
  <testcase name="repetition 1482 of 5000" classname="com.mindhub.homebanking.HomebankingApplicationTest" time="0.0"/>
  <testcase name="repetition 1483 of 5000" classname="com.mindhub.homebanking.HomebankingApplicationTest" time="0.001"/>
  <testcase name="repetition 1484 of 5000" classname="com.mindhub.homebanking.HomebankingApplicationTest" time="0.001"/>
  <testcase name="repetition 1485 of 5000" classname="com.mindhub.homebanking.HomebankingApplicationTest" time="0.001"/>
  <testcase name="repetition 1486 of 5000" classname="com.mindhub.homebanking.HomebankingApplicationTest" time="0.0"/>
  <testcase name="repetition 1487 of 5000" classname="com.mindhub.homebanking.HomebankingApplicationTest" time="0.0"/>
  <testcase name="repetition 1488 of 5000" classname="com.mindhub.homebanking.HomebankingApplicationTest" time="0.001"/>
  <testcase name="repetition 1489 of 5000" classname="com.mindhub.homebanking.HomebankingApplicationTest" time="0.0"/>
  <testcase name="repetition 1490 of 5000" classname="com.mindhub.homebanking.HomebankingApplicationTest" time="0.001"/>
  <testcase name="repetition 1491 of 5000" classname="com.mindhub.homebanking.HomebankingApplicationTest" time="0.0"/>
  <testcase name="repetition 1492 of 5000" classname="com.mindhub.homebanking.HomebankingApplicationTest" time="0.001"/>
  <testcase name="repetition 1493 of 5000" classname="com.mindhub.homebanking.HomebankingApplicationTest" time="0.0"/>
  <testcase name="repetition 1494 of 5000" classname="com.mindhub.homebanking.HomebankingApplicationTest" time="0.0"/>
  <testcase name="repetition 1495 of 5000" classname="com.mindhub.homebanking.HomebankingApplicationTest" time="0.001"/>
  <testcase name="repetition 1496 of 5000" classname="com.mindhub.homebanking.HomebankingApplicationTest" time="0.001"/>
  <testcase name="repetition 1497 of 5000" classname="com.mindhub.homebanking.HomebankingApplicationTest" time="0.001"/>
  <testcase name="repetition 1498 of 5000" classname="com.mindhub.homebanking.HomebankingApplicationTest" time="0.0"/>
  <testcase name="repetition 1499 of 5000" classname="com.mindhub.homebanking.HomebankingApplicationTest" time="0.001"/>
  <testcase name="repetition 1500 of 5000" classname="com.mindhub.homebanking.HomebankingApplicationTest" time="0.001"/>
  <testcase name="repetition 1501 of 5000" classname="com.mindhub.homebanking.HomebankingApplicationTest" time="0.0"/>
  <testcase name="repetition 1502 of 5000" classname="com.mindhub.homebanking.HomebankingApplicationTest" time="0.001"/>
  <testcase name="repetition 1503 of 5000" classname="com.mindhub.homebanking.HomebankingApplicationTest" time="0.001"/>
  <testcase name="repetition 1504 of 5000" classname="com.mindhub.homebanking.HomebankingApplicationTest" time="0.001"/>
  <testcase name="repetition 1505 of 5000" classname="com.mindhub.homebanking.HomebankingApplicationTest" time="0.001"/>
  <testcase name="repetition 1506 of 5000" classname="com.mindhub.homebanking.HomebankingApplicationTest" time="0.001"/>
  <testcase name="repetition 1507 of 5000" classname="com.mindhub.homebanking.HomebankingApplicationTest" time="0.001"/>
  <testcase name="repetition 1508 of 5000" classname="com.mindhub.homebanking.HomebankingApplicationTest" time="0.0"/>
  <testcase name="repetition 1509 of 5000" classname="com.mindhub.homebanking.HomebankingApplicationTest" time="0.003"/>
  <testcase name="repetition 1510 of 5000" classname="com.mindhub.homebanking.HomebankingApplicationTest" time="0.001"/>
  <testcase name="repetition 1511 of 5000" classname="com.mindhub.homebanking.HomebankingApplicationTest" time="0.001"/>
  <testcase name="repetition 1512 of 5000" classname="com.mindhub.homebanking.HomebankingApplicationTest" time="0.001"/>
  <testcase name="repetition 1513 of 5000" classname="com.mindhub.homebanking.HomebankingApplicationTest" time="0.0"/>
  <testcase name="repetition 1514 of 5000" classname="com.mindhub.homebanking.HomebankingApplicationTest" time="0.001"/>
  <testcase name="repetition 1515 of 5000" classname="com.mindhub.homebanking.HomebankingApplicationTest" time="0.0"/>
  <testcase name="repetition 1516 of 5000" classname="com.mindhub.homebanking.HomebankingApplicationTest" time="0.001"/>
  <testcase name="repetition 1517 of 5000" classname="com.mindhub.homebanking.HomebankingApplicationTest" time="0.0"/>
  <testcase name="repetition 1518 of 5000" classname="com.mindhub.homebanking.HomebankingApplicationTest" time="0.001"/>
  <testcase name="repetition 1519 of 5000" classname="com.mindhub.homebanking.HomebankingApplicationTest" time="0.0"/>
  <testcase name="repetition 1520 of 5000" classname="com.mindhub.homebanking.HomebankingApplicationTest" time="0.001"/>
  <testcase name="repetition 1521 of 5000" classname="com.mindhub.homebanking.HomebankingApplicationTest" time="0.0"/>
  <testcase name="repetition 1522 of 5000" classname="com.mindhub.homebanking.HomebankingApplicationTest" time="0.001"/>
  <testcase name="repetition 1523 of 5000" classname="com.mindhub.homebanking.HomebankingApplicationTest" time="0.0"/>
  <testcase name="repetition 1524 of 5000" classname="com.mindhub.homebanking.HomebankingApplicationTest" time="0.001"/>
  <testcase name="repetition 1525 of 5000" classname="com.mindhub.homebanking.HomebankingApplicationTest" time="0.0"/>
  <testcase name="repetition 1526 of 5000" classname="com.mindhub.homebanking.HomebankingApplicationTest" time="0.001"/>
  <testcase name="repetition 1527 of 5000" classname="com.mindhub.homebanking.HomebankingApplicationTest" time="0.0"/>
  <testcase name="repetition 1528 of 5000" classname="com.mindhub.homebanking.HomebankingApplicationTest" time="0.001"/>
  <testcase name="repetition 1529 of 5000" classname="com.mindhub.homebanking.HomebankingApplicationTest" time="0.0"/>
  <testcase name="repetition 1530 of 5000" classname="com.mindhub.homebanking.HomebankingApplicationTest" time="0.0"/>
  <testcase name="repetition 1531 of 5000" classname="com.mindhub.homebanking.HomebankingApplicationTest" time="0.001"/>
  <testcase name="repetition 1532 of 5000" classname="com.mindhub.homebanking.HomebankingApplicationTest" time="0.0"/>
  <testcase name="repetition 1533 of 5000" classname="com.mindhub.homebanking.HomebankingApplicationTest" time="0.001"/>
  <testcase name="repetition 1534 of 5000" classname="com.mindhub.homebanking.HomebankingApplicationTest" time="0.0"/>
  <testcase name="repetition 1535 of 5000" classname="com.mindhub.homebanking.HomebankingApplicationTest" time="0.001"/>
  <testcase name="repetition 1536 of 5000" classname="com.mindhub.homebanking.HomebankingApplicationTest" time="0.0"/>
  <testcase name="repetition 1537 of 5000" classname="com.mindhub.homebanking.HomebankingApplicationTest" time="0.001"/>
  <testcase name="repetition 1538 of 5000" classname="com.mindhub.homebanking.HomebankingApplicationTest" time="0.0"/>
  <testcase name="repetition 1539 of 5000" classname="com.mindhub.homebanking.HomebankingApplicationTest" time="0.001"/>
  <testcase name="repetition 1540 of 5000" classname="com.mindhub.homebanking.HomebankingApplicationTest" time="0.0"/>
  <testcase name="repetition 1541 of 5000" classname="com.mindhub.homebanking.HomebankingApplicationTest" time="0.0"/>
  <testcase name="repetition 1542 of 5000" classname="com.mindhub.homebanking.HomebankingApplicationTest" time="0.0"/>
  <testcase name="repetition 1543 of 5000" classname="com.mindhub.homebanking.HomebankingApplicationTest" time="0.0"/>
  <testcase name="repetition 1544 of 5000" classname="com.mindhub.homebanking.HomebankingApplicationTest" time="0.001"/>
  <testcase name="repetition 1545 of 5000" classname="com.mindhub.homebanking.HomebankingApplicationTest" time="0.0"/>
  <testcase name="repetition 1546 of 5000" classname="com.mindhub.homebanking.HomebankingApplicationTest" time="0.001"/>
  <testcase name="repetition 1547 of 5000" classname="com.mindhub.homebanking.HomebankingApplicationTest" time="0.0"/>
  <testcase name="repetition 1548 of 5000" classname="com.mindhub.homebanking.HomebankingApplicationTest" time="0.001"/>
  <testcase name="repetition 1549 of 5000" classname="com.mindhub.homebanking.HomebankingApplicationTest" time="0.001"/>
  <testcase name="repetition 1550 of 5000" classname="com.mindhub.homebanking.HomebankingApplicationTest" time="0.0"/>
  <testcase name="repetition 1551 of 5000" classname="com.mindhub.homebanking.HomebankingApplicationTest" time="0.001"/>
  <testcase name="repetition 1552 of 5000" classname="com.mindhub.homebanking.HomebankingApplicationTest" time="0.001"/>
  <testcase name="repetition 1553 of 5000" classname="com.mindhub.homebanking.HomebankingApplicationTest" time="0.0"/>
  <testcase name="repetition 1554 of 5000" classname="com.mindhub.homebanking.HomebankingApplicationTest" time="0.001"/>
  <testcase name="repetition 1555 of 5000" classname="com.mindhub.homebanking.HomebankingApplicationTest" time="0.0"/>
  <testcase name="repetition 1556 of 5000" classname="com.mindhub.homebanking.HomebankingApplicationTest" time="0.0"/>
  <testcase name="repetition 1557 of 5000" classname="com.mindhub.homebanking.HomebankingApplicationTest" time="0.0"/>
  <testcase name="repetition 1558 of 5000" classname="com.mindhub.homebanking.HomebankingApplicationTest" time="0.0"/>
  <testcase name="repetition 1559 of 5000" classname="com.mindhub.homebanking.HomebankingApplicationTest" time="0.0"/>
  <testcase name="repetition 1560 of 5000" classname="com.mindhub.homebanking.HomebankingApplicationTest" time="0.001"/>
  <testcase name="repetition 1561 of 5000" classname="com.mindhub.homebanking.HomebankingApplicationTest" time="0.001"/>
  <testcase name="repetition 1562 of 5000" classname="com.mindhub.homebanking.HomebankingApplicationTest" time="0.0"/>
  <testcase name="repetition 1563 of 5000" classname="com.mindhub.homebanking.HomebankingApplicationTest" time="0.001"/>
  <testcase name="repetition 1564 of 5000" classname="com.mindhub.homebanking.HomebankingApplicationTest" time="0.001"/>
  <testcase name="repetition 1565 of 5000" classname="com.mindhub.homebanking.HomebankingApplicationTest" time="0.0"/>
  <testcase name="repetition 1566 of 5000" classname="com.mindhub.homebanking.HomebankingApplicationTest" time="0.0"/>
  <testcase name="repetition 1567 of 5000" classname="com.mindhub.homebanking.HomebankingApplicationTest" time="0.001"/>
  <testcase name="repetition 1568 of 5000" classname="com.mindhub.homebanking.HomebankingApplicationTest" time="0.0"/>
  <testcase name="repetition 1569 of 5000" classname="com.mindhub.homebanking.HomebankingApplicationTest" time="0.001"/>
  <testcase name="repetition 1570 of 5000" classname="com.mindhub.homebanking.HomebankingApplicationTest" time="0.0"/>
  <testcase name="repetition 1571 of 5000" classname="com.mindhub.homebanking.HomebankingApplicationTest" time="0.001"/>
  <testcase name="repetition 1572 of 5000" classname="com.mindhub.homebanking.HomebankingApplicationTest" time="0.0"/>
  <testcase name="repetition 1573 of 5000" classname="com.mindhub.homebanking.HomebankingApplicationTest" time="0.001"/>
  <testcase name="repetition 1574 of 5000" classname="com.mindhub.homebanking.HomebankingApplicationTest" time="0.0"/>
  <testcase name="repetition 1575 of 5000" classname="com.mindhub.homebanking.HomebankingApplicationTest" time="0.0"/>
  <testcase name="repetition 1576 of 5000" classname="com.mindhub.homebanking.HomebankingApplicationTest" time="0.001"/>
  <testcase name="repetition 1577 of 5000" classname="com.mindhub.homebanking.HomebankingApplicationTest" time="0.0"/>
  <testcase name="repetition 1578 of 5000" classname="com.mindhub.homebanking.HomebankingApplicationTest" time="0.0"/>
  <testcase name="repetition 1579 of 5000" classname="com.mindhub.homebanking.HomebankingApplicationTest" time="0.0"/>
  <testcase name="repetition 1580 of 5000" classname="com.mindhub.homebanking.HomebankingApplicationTest" time="0.0"/>
  <testcase name="repetition 1581 of 5000" classname="com.mindhub.homebanking.HomebankingApplicationTest" time="0.001"/>
  <testcase name="repetition 1582 of 5000" classname="com.mindhub.homebanking.HomebankingApplicationTest" time="0.0"/>
  <testcase name="repetition 1583 of 5000" classname="com.mindhub.homebanking.HomebankingApplicationTest" time="0.0"/>
  <testcase name="repetition 1584 of 5000" classname="com.mindhub.homebanking.HomebankingApplicationTest" time="0.001"/>
  <testcase name="repetition 1585 of 5000" classname="com.mindhub.homebanking.HomebankingApplicationTest" time="0.0"/>
  <testcase name="repetition 1586 of 5000" classname="com.mindhub.homebanking.HomebankingApplicationTest" time="0.0"/>
  <testcase name="repetition 1587 of 5000" classname="com.mindhub.homebanking.HomebankingApplicationTest" time="0.001"/>
  <testcase name="repetition 1588 of 5000" classname="com.mindhub.homebanking.HomebankingApplicationTest" time="0.0"/>
  <testcase name="repetition 1589 of 5000" classname="com.mindhub.homebanking.HomebankingApplicationTest" time="0.001"/>
  <testcase name="repetition 1590 of 5000" classname="com.mindhub.homebanking.HomebankingApplicationTest" time="0.0"/>
  <testcase name="repetition 1591 of 5000" classname="com.mindhub.homebanking.HomebankingApplicationTest" time="0.001"/>
  <testcase name="repetition 1592 of 5000" classname="com.mindhub.homebanking.HomebankingApplicationTest" time="0.0"/>
  <testcase name="repetition 1593 of 5000" classname="com.mindhub.homebanking.HomebankingApplicationTest" time="0.001"/>
  <testcase name="repetition 1594 of 5000" classname="com.mindhub.homebanking.HomebankingApplicationTest" time="0.001"/>
  <testcase name="repetition 1595 of 5000" classname="com.mindhub.homebanking.HomebankingApplicationTest" time="0.001"/>
  <testcase name="repetition 1596 of 5000" classname="com.mindhub.homebanking.HomebankingApplicationTest" time="0.001"/>
  <testcase name="repetition 1597 of 5000" classname="com.mindhub.homebanking.HomebankingApplicationTest" time="0.001"/>
  <testcase name="repetition 1598 of 5000" classname="com.mindhub.homebanking.HomebankingApplicationTest" time="0.0"/>
  <testcase name="repetition 1599 of 5000" classname="com.mindhub.homebanking.HomebankingApplicationTest" time="0.001"/>
  <testcase name="repetition 1600 of 5000" classname="com.mindhub.homebanking.HomebankingApplicationTest" time="0.001"/>
  <testcase name="repetition 1601 of 5000" classname="com.mindhub.homebanking.HomebankingApplicationTest" time="0.0"/>
  <testcase name="repetition 1602 of 5000" classname="com.mindhub.homebanking.HomebankingApplicationTest" time="0.001"/>
  <testcase name="repetition 1603 of 5000" classname="com.mindhub.homebanking.HomebankingApplicationTest" time="0.001"/>
  <testcase name="repetition 1604 of 5000" classname="com.mindhub.homebanking.HomebankingApplicationTest" time="0.001"/>
  <testcase name="repetition 1605 of 5000" classname="com.mindhub.homebanking.HomebankingApplicationTest" time="0.001"/>
  <testcase name="repetition 1606 of 5000" classname="com.mindhub.homebanking.HomebankingApplicationTest" time="0.001"/>
  <testcase name="repetition 1607 of 5000" classname="com.mindhub.homebanking.HomebankingApplicationTest" time="0.001"/>
  <testcase name="repetition 1608 of 5000" classname="com.mindhub.homebanking.HomebankingApplicationTest" time="0.0"/>
  <testcase name="repetition 1609 of 5000" classname="com.mindhub.homebanking.HomebankingApplicationTest" time="0.001"/>
  <testcase name="repetition 1610 of 5000" classname="com.mindhub.homebanking.HomebankingApplicationTest" time="0.001"/>
  <testcase name="repetition 1611 of 5000" classname="com.mindhub.homebanking.HomebankingApplicationTest" time="0.0"/>
  <testcase name="repetition 1612 of 5000" classname="com.mindhub.homebanking.HomebankingApplicationTest" time="0.001"/>
  <testcase name="repetition 1613 of 5000" classname="com.mindhub.homebanking.HomebankingApplicationTest" time="0.001"/>
  <testcase name="repetition 1614 of 5000" classname="com.mindhub.homebanking.HomebankingApplicationTest" time="0.0"/>
  <testcase name="repetition 1615 of 5000" classname="com.mindhub.homebanking.HomebankingApplicationTest" time="0.001"/>
  <testcase name="repetition 1616 of 5000" classname="com.mindhub.homebanking.HomebankingApplicationTest" time="0.001"/>
  <testcase name="repetition 1617 of 5000" classname="com.mindhub.homebanking.HomebankingApplicationTest" time="0.001"/>
  <testcase name="repetition 1618 of 5000" classname="com.mindhub.homebanking.HomebankingApplicationTest" time="0.001"/>
  <testcase name="repetition 1619 of 5000" classname="com.mindhub.homebanking.HomebankingApplicationTest" time="0.0"/>
  <testcase name="repetition 1620 of 5000" classname="com.mindhub.homebanking.HomebankingApplicationTest" time="0.0"/>
  <testcase name="repetition 1621 of 5000" classname="com.mindhub.homebanking.HomebankingApplicationTest" time="0.001"/>
  <testcase name="repetition 1622 of 5000" classname="com.mindhub.homebanking.HomebankingApplicationTest" time="0.0"/>
  <testcase name="repetition 1623 of 5000" classname="com.mindhub.homebanking.HomebankingApplicationTest" time="0.001"/>
  <testcase name="repetition 1624 of 5000" classname="com.mindhub.homebanking.HomebankingApplicationTest" time="0.001"/>
  <testcase name="repetition 1625 of 5000" classname="com.mindhub.homebanking.HomebankingApplicationTest" time="0.001"/>
  <testcase name="repetition 1626 of 5000" classname="com.mindhub.homebanking.HomebankingApplicationTest" time="0.0"/>
  <testcase name="repetition 1627 of 5000" classname="com.mindhub.homebanking.HomebankingApplicationTest" time="0.0"/>
  <testcase name="repetition 1628 of 5000" classname="com.mindhub.homebanking.HomebankingApplicationTest" time="0.001"/>
  <testcase name="repetition 1629 of 5000" classname="com.mindhub.homebanking.HomebankingApplicationTest" time="0.0"/>
  <testcase name="repetition 1630 of 5000" classname="com.mindhub.homebanking.HomebankingApplicationTest" time="0.001"/>
  <testcase name="repetition 1631 of 5000" classname="com.mindhub.homebanking.HomebankingApplicationTest" time="0.0"/>
  <testcase name="repetition 1632 of 5000" classname="com.mindhub.homebanking.HomebankingApplicationTest" time="0.001"/>
  <testcase name="repetition 1633 of 5000" classname="com.mindhub.homebanking.HomebankingApplicationTest" time="0.0"/>
  <testcase name="repetition 1634 of 5000" classname="com.mindhub.homebanking.HomebankingApplicationTest" time="0.001"/>
  <testcase name="repetition 1635 of 5000" classname="com.mindhub.homebanking.HomebankingApplicationTest" time="0.001"/>
  <testcase name="repetition 1636 of 5000" classname="com.mindhub.homebanking.HomebankingApplicationTest" time="0.0"/>
  <testcase name="repetition 1637 of 5000" classname="com.mindhub.homebanking.HomebankingApplicationTest" time="0.0"/>
  <testcase name="repetition 1638 of 5000" classname="com.mindhub.homebanking.HomebankingApplicationTest" time="0.001"/>
  <testcase name="repetition 1639 of 5000" classname="com.mindhub.homebanking.HomebankingApplicationTest" time="0.0"/>
  <testcase name="repetition 1640 of 5000" classname="com.mindhub.homebanking.HomebankingApplicationTest" time="0.001"/>
  <testcase name="repetition 1641 of 5000" classname="com.mindhub.homebanking.HomebankingApplicationTest" time="0.001"/>
  <testcase name="repetition 1642 of 5000" classname="com.mindhub.homebanking.HomebankingApplicationTest" time="0.0"/>
  <testcase name="repetition 1643 of 5000" classname="com.mindhub.homebanking.HomebankingApplicationTest" time="0.001"/>
  <testcase name="repetition 1644 of 5000" classname="com.mindhub.homebanking.HomebankingApplicationTest" time="0.001"/>
  <testcase name="repetition 1645 of 5000" classname="com.mindhub.homebanking.HomebankingApplicationTest" time="0.001"/>
  <testcase name="repetition 1646 of 5000" classname="com.mindhub.homebanking.HomebankingApplicationTest" time="0.0"/>
  <testcase name="repetition 1647 of 5000" classname="com.mindhub.homebanking.HomebankingApplicationTest" time="0.0"/>
  <testcase name="repetition 1648 of 5000" classname="com.mindhub.homebanking.HomebankingApplicationTest" time="0.0"/>
  <testcase name="repetition 1649 of 5000" classname="com.mindhub.homebanking.HomebankingApplicationTest" time="0.0"/>
  <testcase name="repetition 1650 of 5000" classname="com.mindhub.homebanking.HomebankingApplicationTest" time="0.001"/>
  <testcase name="repetition 1651 of 5000" classname="com.mindhub.homebanking.HomebankingApplicationTest" time="0.0"/>
  <testcase name="repetition 1652 of 5000" classname="com.mindhub.homebanking.HomebankingApplicationTest" time="0.0"/>
  <testcase name="repetition 1653 of 5000" classname="com.mindhub.homebanking.HomebankingApplicationTest" time="0.0"/>
  <testcase name="repetition 1654 of 5000" classname="com.mindhub.homebanking.HomebankingApplicationTest" time="0.0"/>
  <testcase name="repetition 1655 of 5000" classname="com.mindhub.homebanking.HomebankingApplicationTest" time="0.001"/>
  <testcase name="repetition 1656 of 5000" classname="com.mindhub.homebanking.HomebankingApplicationTest" time="0.0"/>
  <testcase name="repetition 1657 of 5000" classname="com.mindhub.homebanking.HomebankingApplicationTest" time="0.001"/>
  <testcase name="repetition 1658 of 5000" classname="com.mindhub.homebanking.HomebankingApplicationTest" time="0.0"/>
  <testcase name="repetition 1659 of 5000" classname="com.mindhub.homebanking.HomebankingApplicationTest" time="0.001"/>
  <testcase name="repetition 1660 of 5000" classname="com.mindhub.homebanking.HomebankingApplicationTest" time="0.001"/>
  <testcase name="repetition 1661 of 5000" classname="com.mindhub.homebanking.HomebankingApplicationTest" time="0.0"/>
  <testcase name="repetition 1662 of 5000" classname="com.mindhub.homebanking.HomebankingApplicationTest" time="0.0"/>
  <testcase name="repetition 1663 of 5000" classname="com.mindhub.homebanking.HomebankingApplicationTest" time="0.002"/>
  <testcase name="repetition 1664 of 5000" classname="com.mindhub.homebanking.HomebankingApplicationTest" time="0.001"/>
  <testcase name="repetition 1665 of 5000" classname="com.mindhub.homebanking.HomebankingApplicationTest" time="0.001"/>
  <testcase name="repetition 1666 of 5000" classname="com.mindhub.homebanking.HomebankingApplicationTest" time="0.001"/>
  <testcase name="repetition 1667 of 5000" classname="com.mindhub.homebanking.HomebankingApplicationTest" time="0.0"/>
  <testcase name="repetition 1668 of 5000" classname="com.mindhub.homebanking.HomebankingApplicationTest" time="0.001"/>
  <testcase name="repetition 1669 of 5000" classname="com.mindhub.homebanking.HomebankingApplicationTest" time="0.001"/>
  <testcase name="repetition 1670 of 5000" classname="com.mindhub.homebanking.HomebankingApplicationTest" time="0.001"/>
  <testcase name="repetition 1671 of 5000" classname="com.mindhub.homebanking.HomebankingApplicationTest" time="0.001"/>
  <testcase name="repetition 1672 of 5000" classname="com.mindhub.homebanking.HomebankingApplicationTest" time="0.001"/>
  <testcase name="repetition 1673 of 5000" classname="com.mindhub.homebanking.HomebankingApplicationTest" time="0.0"/>
  <testcase name="repetition 1674 of 5000" classname="com.mindhub.homebanking.HomebankingApplicationTest" time="0.001"/>
  <testcase name="repetition 1675 of 5000" classname="com.mindhub.homebanking.HomebankingApplicationTest" time="0.001"/>
  <testcase name="repetition 1676 of 5000" classname="com.mindhub.homebanking.HomebankingApplicationTest" time="0.001"/>
  <testcase name="repetition 1677 of 5000" classname="com.mindhub.homebanking.HomebankingApplicationTest" time="0.0"/>
  <testcase name="repetition 1678 of 5000" classname="com.mindhub.homebanking.HomebankingApplicationTest" time="0.001"/>
  <testcase name="repetition 1679 of 5000" classname="com.mindhub.homebanking.HomebankingApplicationTest" time="0.0"/>
  <testcase name="repetition 1680 of 5000" classname="com.mindhub.homebanking.HomebankingApplicationTest" time="0.001"/>
  <testcase name="repetition 1681 of 5000" classname="com.mindhub.homebanking.HomebankingApplicationTest" time="0.0"/>
  <testcase name="repetition 1682 of 5000" classname="com.mindhub.homebanking.HomebankingApplicationTest" time="0.0"/>
  <testcase name="repetition 1683 of 5000" classname="com.mindhub.homebanking.HomebankingApplicationTest" time="0.0"/>
  <testcase name="repetition 1684 of 5000" classname="com.mindhub.homebanking.HomebankingApplicationTest" time="0.001"/>
  <testcase name="repetition 1685 of 5000" classname="com.mindhub.homebanking.HomebankingApplicationTest" time="0.0"/>
  <testcase name="repetition 1686 of 5000" classname="com.mindhub.homebanking.HomebankingApplicationTest" time="0.001"/>
  <testcase name="repetition 1687 of 5000" classname="com.mindhub.homebanking.HomebankingApplicationTest" time="0.0"/>
  <testcase name="repetition 1688 of 5000" classname="com.mindhub.homebanking.HomebankingApplicationTest" time="0.0"/>
  <testcase name="repetition 1689 of 5000" classname="com.mindhub.homebanking.HomebankingApplicationTest" time="0.001"/>
  <testcase name="repetition 1690 of 5000" classname="com.mindhub.homebanking.HomebankingApplicationTest" time="0.0"/>
  <testcase name="repetition 1691 of 5000" classname="com.mindhub.homebanking.HomebankingApplicationTest" time="0.001"/>
  <testcase name="repetition 1692 of 5000" classname="com.mindhub.homebanking.HomebankingApplicationTest" time="0.001"/>
  <testcase name="repetition 1693 of 5000" classname="com.mindhub.homebanking.HomebankingApplicationTest" time="0.001"/>
  <testcase name="repetition 1694 of 5000" classname="com.mindhub.homebanking.HomebankingApplicationTest" time="0.0"/>
  <testcase name="repetition 1695 of 5000" classname="com.mindhub.homebanking.HomebankingApplicationTest" time="0.001"/>
  <testcase name="repetition 1696 of 5000" classname="com.mindhub.homebanking.HomebankingApplicationTest" time="0.0"/>
  <testcase name="repetition 1697 of 5000" classname="com.mindhub.homebanking.HomebankingApplicationTest" time="0.001"/>
  <testcase name="repetition 1698 of 5000" classname="com.mindhub.homebanking.HomebankingApplicationTest" time="0.0"/>
  <testcase name="repetition 1699 of 5000" classname="com.mindhub.homebanking.HomebankingApplicationTest" time="0.001"/>
  <testcase name="repetition 1700 of 5000" classname="com.mindhub.homebanking.HomebankingApplicationTest" time="0.0"/>
  <testcase name="repetition 1701 of 5000" classname="com.mindhub.homebanking.HomebankingApplicationTest" time="0.001"/>
  <testcase name="repetition 1702 of 5000" classname="com.mindhub.homebanking.HomebankingApplicationTest" time="0.0"/>
  <testcase name="repetition 1703 of 5000" classname="com.mindhub.homebanking.HomebankingApplicationTest" time="0.001"/>
  <testcase name="repetition 1704 of 5000" classname="com.mindhub.homebanking.HomebankingApplicationTest" time="0.0"/>
  <testcase name="repetition 1705 of 5000" classname="com.mindhub.homebanking.HomebankingApplicationTest" time="0.001"/>
  <testcase name="repetition 1706 of 5000" classname="com.mindhub.homebanking.HomebankingApplicationTest" time="0.0"/>
  <testcase name="repetition 1707 of 5000" classname="com.mindhub.homebanking.HomebankingApplicationTest" time="0.001"/>
  <testcase name="repetition 1708 of 5000" classname="com.mindhub.homebanking.HomebankingApplicationTest" time="0.0"/>
  <testcase name="repetition 1709 of 5000" classname="com.mindhub.homebanking.HomebankingApplicationTest" time="0.001"/>
  <testcase name="repetition 1710 of 5000" classname="com.mindhub.homebanking.HomebankingApplicationTest" time="0.001"/>
  <testcase name="repetition 1711 of 5000" classname="com.mindhub.homebanking.HomebankingApplicationTest" time="0.0"/>
  <testcase name="repetition 1712 of 5000" classname="com.mindhub.homebanking.HomebankingApplicationTest" time="0.001"/>
  <testcase name="repetition 1713 of 5000" classname="com.mindhub.homebanking.HomebankingApplicationTest" time="0.001"/>
  <testcase name="repetition 1714 of 5000" classname="com.mindhub.homebanking.HomebankingApplicationTest" time="0.0"/>
  <testcase name="repetition 1715 of 5000" classname="com.mindhub.homebanking.HomebankingApplicationTest" time="0.001"/>
  <testcase name="repetition 1716 of 5000" classname="com.mindhub.homebanking.HomebankingApplicationTest" time="0.0"/>
  <testcase name="repetition 1717 of 5000" classname="com.mindhub.homebanking.HomebankingApplicationTest" time="0.0"/>
  <testcase name="repetition 1718 of 5000" classname="com.mindhub.homebanking.HomebankingApplicationTest" time="0.001"/>
  <testcase name="repetition 1719 of 5000" classname="com.mindhub.homebanking.HomebankingApplicationTest" time="0.0"/>
  <testcase name="repetition 1720 of 5000" classname="com.mindhub.homebanking.HomebankingApplicationTest" time="0.001"/>
  <testcase name="repetition 1721 of 5000" classname="com.mindhub.homebanking.HomebankingApplicationTest" time="0.0"/>
  <testcase name="repetition 1722 of 5000" classname="com.mindhub.homebanking.HomebankingApplicationTest" time="0.0"/>
  <testcase name="repetition 1723 of 5000" classname="com.mindhub.homebanking.HomebankingApplicationTest" time="0.001"/>
  <testcase name="repetition 1724 of 5000" classname="com.mindhub.homebanking.HomebankingApplicationTest" time="0.001"/>
  <testcase name="repetition 1725 of 5000" classname="com.mindhub.homebanking.HomebankingApplicationTest" time="0.001"/>
  <testcase name="repetition 1726 of 5000" classname="com.mindhub.homebanking.HomebankingApplicationTest" time="0.0"/>
  <testcase name="repetition 1727 of 5000" classname="com.mindhub.homebanking.HomebankingApplicationTest" time="0.0"/>
  <testcase name="repetition 1728 of 5000" classname="com.mindhub.homebanking.HomebankingApplicationTest" time="0.001"/>
  <testcase name="repetition 1729 of 5000" classname="com.mindhub.homebanking.HomebankingApplicationTest" time="0.0"/>
  <testcase name="repetition 1730 of 5000" classname="com.mindhub.homebanking.HomebankingApplicationTest" time="0.001"/>
  <testcase name="repetition 1731 of 5000" classname="com.mindhub.homebanking.HomebankingApplicationTest" time="0.0"/>
  <testcase name="repetition 1732 of 5000" classname="com.mindhub.homebanking.HomebankingApplicationTest" time="0.001"/>
  <testcase name="repetition 1733 of 5000" classname="com.mindhub.homebanking.HomebankingApplicationTest" time="0.001"/>
  <testcase name="repetition 1734 of 5000" classname="com.mindhub.homebanking.HomebankingApplicationTest" time="0.0"/>
  <testcase name="repetition 1735 of 5000" classname="com.mindhub.homebanking.HomebankingApplicationTest" time="0.001"/>
  <testcase name="repetition 1736 of 5000" classname="com.mindhub.homebanking.HomebankingApplicationTest" time="0.0"/>
  <testcase name="repetition 1737 of 5000" classname="com.mindhub.homebanking.HomebankingApplicationTest" time="0.001"/>
  <testcase name="repetition 1738 of 5000" classname="com.mindhub.homebanking.HomebankingApplicationTest" time="0.001"/>
  <testcase name="repetition 1739 of 5000" classname="com.mindhub.homebanking.HomebankingApplicationTest" time="0.0"/>
  <testcase name="repetition 1740 of 5000" classname="com.mindhub.homebanking.HomebankingApplicationTest" time="0.001"/>
  <testcase name="repetition 1741 of 5000" classname="com.mindhub.homebanking.HomebankingApplicationTest" time="0.0"/>
  <testcase name="repetition 1742 of 5000" classname="com.mindhub.homebanking.HomebankingApplicationTest" time="0.0"/>
  <testcase name="repetition 1743 of 5000" classname="com.mindhub.homebanking.HomebankingApplicationTest" time="0.001"/>
  <testcase name="repetition 1744 of 5000" classname="com.mindhub.homebanking.HomebankingApplicationTest" time="0.0"/>
  <testcase name="repetition 1745 of 5000" classname="com.mindhub.homebanking.HomebankingApplicationTest" time="0.001"/>
  <testcase name="repetition 1746 of 5000" classname="com.mindhub.homebanking.HomebankingApplicationTest" time="0.0"/>
  <testcase name="repetition 1747 of 5000" classname="com.mindhub.homebanking.HomebankingApplicationTest" time="0.001"/>
  <testcase name="repetition 1748 of 5000" classname="com.mindhub.homebanking.HomebankingApplicationTest" time="0.001"/>
  <testcase name="repetition 1749 of 5000" classname="com.mindhub.homebanking.HomebankingApplicationTest" time="0.001"/>
  <testcase name="repetition 1750 of 5000" classname="com.mindhub.homebanking.HomebankingApplicationTest" time="0.0"/>
  <testcase name="repetition 1751 of 5000" classname="com.mindhub.homebanking.HomebankingApplicationTest" time="0.001"/>
  <testcase name="repetition 1752 of 5000" classname="com.mindhub.homebanking.HomebankingApplicationTest" time="0.0"/>
  <testcase name="repetition 1753 of 5000" classname="com.mindhub.homebanking.HomebankingApplicationTest" time="0.001"/>
  <testcase name="repetition 1754 of 5000" classname="com.mindhub.homebanking.HomebankingApplicationTest" time="0.0"/>
  <testcase name="repetition 1755 of 5000" classname="com.mindhub.homebanking.HomebankingApplicationTest" time="0.001"/>
  <testcase name="repetition 1756 of 5000" classname="com.mindhub.homebanking.HomebankingApplicationTest" time="0.001"/>
  <testcase name="repetition 1757 of 5000" classname="com.mindhub.homebanking.HomebankingApplicationTest" time="0.001"/>
  <testcase name="repetition 1758 of 5000" classname="com.mindhub.homebanking.HomebankingApplicationTest" time="0.001"/>
  <testcase name="repetition 1759 of 5000" classname="com.mindhub.homebanking.HomebankingApplicationTest" time="0.001"/>
  <testcase name="repetition 1760 of 5000" classname="com.mindhub.homebanking.HomebankingApplicationTest" time="0.001"/>
  <testcase name="repetition 1761 of 5000" classname="com.mindhub.homebanking.HomebankingApplicationTest" time="0.0"/>
  <testcase name="repetition 1762 of 5000" classname="com.mindhub.homebanking.HomebankingApplicationTest" time="0.0"/>
  <testcase name="repetition 1763 of 5000" classname="com.mindhub.homebanking.HomebankingApplicationTest" time="0.001"/>
  <testcase name="repetition 1764 of 5000" classname="com.mindhub.homebanking.HomebankingApplicationTest" time="0.0"/>
  <testcase name="repetition 1765 of 5000" classname="com.mindhub.homebanking.HomebankingApplicationTest" time="0.001"/>
  <testcase name="repetition 1766 of 5000" classname="com.mindhub.homebanking.HomebankingApplicationTest" time="0.001"/>
  <testcase name="repetition 1767 of 5000" classname="com.mindhub.homebanking.HomebankingApplicationTest" time="0.001"/>
  <testcase name="repetition 1768 of 5000" classname="com.mindhub.homebanking.HomebankingApplicationTest" time="0.001"/>
  <testcase name="repetition 1769 of 5000" classname="com.mindhub.homebanking.HomebankingApplicationTest" time="0.0"/>
  <testcase name="repetition 1770 of 5000" classname="com.mindhub.homebanking.HomebankingApplicationTest" time="0.0"/>
  <testcase name="repetition 1771 of 5000" classname="com.mindhub.homebanking.HomebankingApplicationTest" time="0.001"/>
  <testcase name="repetition 1772 of 5000" classname="com.mindhub.homebanking.HomebankingApplicationTest" time="0.0"/>
  <testcase name="repetition 1773 of 5000" classname="com.mindhub.homebanking.HomebankingApplicationTest" time="0.0"/>
  <testcase name="repetition 1774 of 5000" classname="com.mindhub.homebanking.HomebankingApplicationTest" time="0.001"/>
  <testcase name="repetition 1775 of 5000" classname="com.mindhub.homebanking.HomebankingApplicationTest" time="0.002"/>
  <testcase name="repetition 1776 of 5000" classname="com.mindhub.homebanking.HomebankingApplicationTest" time="0.001"/>
  <testcase name="repetition 1777 of 5000" classname="com.mindhub.homebanking.HomebankingApplicationTest" time="0.001"/>
  <testcase name="repetition 1778 of 5000" classname="com.mindhub.homebanking.HomebankingApplicationTest" time="0.001"/>
  <testcase name="repetition 1779 of 5000" classname="com.mindhub.homebanking.HomebankingApplicationTest" time="0.001"/>
  <testcase name="repetition 1780 of 5000" classname="com.mindhub.homebanking.HomebankingApplicationTest" time="0.0"/>
  <testcase name="repetition 1781 of 5000" classname="com.mindhub.homebanking.HomebankingApplicationTest" time="0.001"/>
  <testcase name="repetition 1782 of 5000" classname="com.mindhub.homebanking.HomebankingApplicationTest" time="0.001"/>
  <testcase name="repetition 1783 of 5000" classname="com.mindhub.homebanking.HomebankingApplicationTest" time="0.001"/>
  <testcase name="repetition 1784 of 5000" classname="com.mindhub.homebanking.HomebankingApplicationTest" time="0.0"/>
  <testcase name="repetition 1785 of 5000" classname="com.mindhub.homebanking.HomebankingApplicationTest" time="0.001"/>
  <testcase name="repetition 1786 of 5000" classname="com.mindhub.homebanking.HomebankingApplicationTest" time="0.0"/>
  <testcase name="repetition 1787 of 5000" classname="com.mindhub.homebanking.HomebankingApplicationTest" time="0.001"/>
  <testcase name="repetition 1788 of 5000" classname="com.mindhub.homebanking.HomebankingApplicationTest" time="0.001"/>
  <testcase name="repetition 1789 of 5000" classname="com.mindhub.homebanking.HomebankingApplicationTest" time="0.001"/>
  <testcase name="repetition 1790 of 5000" classname="com.mindhub.homebanking.HomebankingApplicationTest" time="0.001"/>
  <testcase name="repetition 1791 of 5000" classname="com.mindhub.homebanking.HomebankingApplicationTest" time="0.001"/>
  <testcase name="repetition 1792 of 5000" classname="com.mindhub.homebanking.HomebankingApplicationTest" time="0.0"/>
  <testcase name="repetition 1793 of 5000" classname="com.mindhub.homebanking.HomebankingApplicationTest" time="0.001"/>
  <testcase name="repetition 1794 of 5000" classname="com.mindhub.homebanking.HomebankingApplicationTest" time="0.001"/>
  <testcase name="repetition 1795 of 5000" classname="com.mindhub.homebanking.HomebankingApplicationTest" time="0.001"/>
  <testcase name="repetition 1796 of 5000" classname="com.mindhub.homebanking.HomebankingApplicationTest" time="0.001"/>
  <testcase name="repetition 1797 of 5000" classname="com.mindhub.homebanking.HomebankingApplicationTest" time="0.0"/>
  <testcase name="repetition 1798 of 5000" classname="com.mindhub.homebanking.HomebankingApplicationTest" time="0.001"/>
  <testcase name="repetition 1799 of 5000" classname="com.mindhub.homebanking.HomebankingApplicationTest" time="0.001"/>
  <testcase name="repetition 1800 of 5000" classname="com.mindhub.homebanking.HomebankingApplicationTest" time="0.001"/>
  <testcase name="repetition 1801 of 5000" classname="com.mindhub.homebanking.HomebankingApplicationTest" time="0.001"/>
  <testcase name="repetition 1802 of 5000" classname="com.mindhub.homebanking.HomebankingApplicationTest" time="0.001"/>
  <testcase name="repetition 1803 of 5000" classname="com.mindhub.homebanking.HomebankingApplicationTest" time="0.0"/>
  <testcase name="repetition 1804 of 5000" classname="com.mindhub.homebanking.HomebankingApplicationTest" time="0.0"/>
  <testcase name="repetition 1805 of 5000" classname="com.mindhub.homebanking.HomebankingApplicationTest" time="0.001"/>
  <testcase name="repetition 1806 of 5000" classname="com.mindhub.homebanking.HomebankingApplicationTest" time="0.001"/>
  <testcase name="repetition 1807 of 5000" classname="com.mindhub.homebanking.HomebankingApplicationTest" time="0.001"/>
  <testcase name="repetition 1808 of 5000" classname="com.mindhub.homebanking.HomebankingApplicationTest" time="0.001"/>
  <testcase name="repetition 1809 of 5000" classname="com.mindhub.homebanking.HomebankingApplicationTest" time="0.001"/>
  <testcase name="repetition 1810 of 5000" classname="com.mindhub.homebanking.HomebankingApplicationTest" time="0.001"/>
  <testcase name="repetition 1811 of 5000" classname="com.mindhub.homebanking.HomebankingApplicationTest" time="0.001"/>
  <testcase name="repetition 1812 of 5000" classname="com.mindhub.homebanking.HomebankingApplicationTest" time="0.0"/>
  <testcase name="repetition 1813 of 5000" classname="com.mindhub.homebanking.HomebankingApplicationTest" time="0.001"/>
  <testcase name="repetition 1814 of 5000" classname="com.mindhub.homebanking.HomebankingApplicationTest" time="0.0"/>
  <testcase name="repetition 1815 of 5000" classname="com.mindhub.homebanking.HomebankingApplicationTest" time="0.001"/>
  <testcase name="repetition 1816 of 5000" classname="com.mindhub.homebanking.HomebankingApplicationTest" time="0.0"/>
  <testcase name="repetition 1817 of 5000" classname="com.mindhub.homebanking.HomebankingApplicationTest" time="0.0"/>
  <testcase name="repetition 1818 of 5000" classname="com.mindhub.homebanking.HomebankingApplicationTest" time="0.001"/>
  <testcase name="repetition 1819 of 5000" classname="com.mindhub.homebanking.HomebankingApplicationTest" time="0.0"/>
  <testcase name="repetition 1820 of 5000" classname="com.mindhub.homebanking.HomebankingApplicationTest" time="0.001"/>
  <testcase name="repetition 1821 of 5000" classname="com.mindhub.homebanking.HomebankingApplicationTest" time="0.001"/>
  <testcase name="repetition 1822 of 5000" classname="com.mindhub.homebanking.HomebankingApplicationTest" time="0.001"/>
  <testcase name="repetition 1823 of 5000" classname="com.mindhub.homebanking.HomebankingApplicationTest" time="0.001"/>
  <testcase name="repetition 1824 of 5000" classname="com.mindhub.homebanking.HomebankingApplicationTest" time="0.001"/>
  <testcase name="repetition 1825 of 5000" classname="com.mindhub.homebanking.HomebankingApplicationTest" time="0.0"/>
  <testcase name="repetition 1826 of 5000" classname="com.mindhub.homebanking.HomebankingApplicationTest" time="0.002"/>
  <testcase name="repetition 1827 of 5000" classname="com.mindhub.homebanking.HomebankingApplicationTest" time="0.0"/>
  <testcase name="repetition 1828 of 5000" classname="com.mindhub.homebanking.HomebankingApplicationTest" time="0.001"/>
  <testcase name="repetition 1829 of 5000" classname="com.mindhub.homebanking.HomebankingApplicationTest" time="0.001"/>
  <testcase name="repetition 1830 of 5000" classname="com.mindhub.homebanking.HomebankingApplicationTest" time="0.0"/>
  <testcase name="repetition 1831 of 5000" classname="com.mindhub.homebanking.HomebankingApplicationTest" time="0.0"/>
  <testcase name="repetition 1832 of 5000" classname="com.mindhub.homebanking.HomebankingApplicationTest" time="0.001"/>
  <testcase name="repetition 1833 of 5000" classname="com.mindhub.homebanking.HomebankingApplicationTest" time="0.0"/>
  <testcase name="repetition 1834 of 5000" classname="com.mindhub.homebanking.HomebankingApplicationTest" time="0.001"/>
  <testcase name="repetition 1835 of 5000" classname="com.mindhub.homebanking.HomebankingApplicationTest" time="0.001"/>
  <testcase name="repetition 1836 of 5000" classname="com.mindhub.homebanking.HomebankingApplicationTest" time="0.001"/>
  <testcase name="repetition 1837 of 5000" classname="com.mindhub.homebanking.HomebankingApplicationTest" time="0.001"/>
  <testcase name="repetition 1838 of 5000" classname="com.mindhub.homebanking.HomebankingApplicationTest" time="0.004"/>
  <testcase name="repetition 1839 of 5000" classname="com.mindhub.homebanking.HomebankingApplicationTest" time="0.001"/>
  <testcase name="repetition 1840 of 5000" classname="com.mindhub.homebanking.HomebankingApplicationTest" time="0.001"/>
  <testcase name="repetition 1841 of 5000" classname="com.mindhub.homebanking.HomebankingApplicationTest" time="0.001"/>
  <testcase name="repetition 1842 of 5000" classname="com.mindhub.homebanking.HomebankingApplicationTest" time="0.001"/>
  <testcase name="repetition 1843 of 5000" classname="com.mindhub.homebanking.HomebankingApplicationTest" time="0.001"/>
  <testcase name="repetition 1844 of 5000" classname="com.mindhub.homebanking.HomebankingApplicationTest" time="0.001"/>
  <testcase name="repetition 1845 of 5000" classname="com.mindhub.homebanking.HomebankingApplicationTest" time="0.001"/>
  <testcase name="repetition 1846 of 5000" classname="com.mindhub.homebanking.HomebankingApplicationTest" time="0.0"/>
  <testcase name="repetition 1847 of 5000" classname="com.mindhub.homebanking.HomebankingApplicationTest" time="0.001"/>
  <testcase name="repetition 1848 of 5000" classname="com.mindhub.homebanking.HomebankingApplicationTest" time="0.0"/>
  <testcase name="repetition 1849 of 5000" classname="com.mindhub.homebanking.HomebankingApplicationTest" time="0.001"/>
  <testcase name="repetition 1850 of 5000" classname="com.mindhub.homebanking.HomebankingApplicationTest" time="0.0"/>
  <testcase name="repetition 1851 of 5000" classname="com.mindhub.homebanking.HomebankingApplicationTest" time="0.001"/>
  <testcase name="repetition 1852 of 5000" classname="com.mindhub.homebanking.HomebankingApplicationTest" time="0.0"/>
  <testcase name="repetition 1853 of 5000" classname="com.mindhub.homebanking.HomebankingApplicationTest" time="0.001"/>
  <testcase name="repetition 1854 of 5000" classname="com.mindhub.homebanking.HomebankingApplicationTest" time="0.0"/>
  <testcase name="repetition 1855 of 5000" classname="com.mindhub.homebanking.HomebankingApplicationTest" time="0.001"/>
  <testcase name="repetition 1856 of 5000" classname="com.mindhub.homebanking.HomebankingApplicationTest" time="0.0"/>
  <testcase name="repetition 1857 of 5000" classname="com.mindhub.homebanking.HomebankingApplicationTest" time="0.001"/>
  <testcase name="repetition 1858 of 5000" classname="com.mindhub.homebanking.HomebankingApplicationTest" time="0.0"/>
  <testcase name="repetition 1859 of 5000" classname="com.mindhub.homebanking.HomebankingApplicationTest" time="0.0"/>
  <testcase name="repetition 1860 of 5000" classname="com.mindhub.homebanking.HomebankingApplicationTest" time="0.001"/>
  <testcase name="repetition 1861 of 5000" classname="com.mindhub.homebanking.HomebankingApplicationTest" time="0.001"/>
  <testcase name="repetition 1862 of 5000" classname="com.mindhub.homebanking.HomebankingApplicationTest" time="0.0"/>
  <testcase name="repetition 1863 of 5000" classname="com.mindhub.homebanking.HomebankingApplicationTest" time="0.001"/>
  <testcase name="repetition 1864 of 5000" classname="com.mindhub.homebanking.HomebankingApplicationTest" time="0.0"/>
  <testcase name="repetition 1865 of 5000" classname="com.mindhub.homebanking.HomebankingApplicationTest" time="0.001"/>
  <testcase name="repetition 1866 of 5000" classname="com.mindhub.homebanking.HomebankingApplicationTest" time="0.0"/>
  <testcase name="repetition 1867 of 5000" classname="com.mindhub.homebanking.HomebankingApplicationTest" time="0.001"/>
  <testcase name="repetition 1868 of 5000" classname="com.mindhub.homebanking.HomebankingApplicationTest" time="0.0"/>
  <testcase name="repetition 1869 of 5000" classname="com.mindhub.homebanking.HomebankingApplicationTest" time="0.001"/>
  <testcase name="repetition 1870 of 5000" classname="com.mindhub.homebanking.HomebankingApplicationTest" time="0.0"/>
  <testcase name="repetition 1871 of 5000" classname="com.mindhub.homebanking.HomebankingApplicationTest" time="0.0"/>
  <testcase name="repetition 1872 of 5000" classname="com.mindhub.homebanking.HomebankingApplicationTest" time="0.001"/>
  <testcase name="repetition 1873 of 5000" classname="com.mindhub.homebanking.HomebankingApplicationTest" time="0.001"/>
  <testcase name="repetition 1874 of 5000" classname="com.mindhub.homebanking.HomebankingApplicationTest" time="0.0"/>
  <testcase name="repetition 1875 of 5000" classname="com.mindhub.homebanking.HomebankingApplicationTest" time="0.001"/>
  <testcase name="repetition 1876 of 5000" classname="com.mindhub.homebanking.HomebankingApplicationTest" time="0.0"/>
  <testcase name="repetition 1877 of 5000" classname="com.mindhub.homebanking.HomebankingApplicationTest" time="0.0"/>
  <testcase name="repetition 1878 of 5000" classname="com.mindhub.homebanking.HomebankingApplicationTest" time="0.001"/>
  <testcase name="repetition 1879 of 5000" classname="com.mindhub.homebanking.HomebankingApplicationTest" time="0.0"/>
  <testcase name="repetition 1880 of 5000" classname="com.mindhub.homebanking.HomebankingApplicationTest" time="0.001"/>
  <testcase name="repetition 1881 of 5000" classname="com.mindhub.homebanking.HomebankingApplicationTest" time="0.001"/>
  <testcase name="repetition 1882 of 5000" classname="com.mindhub.homebanking.HomebankingApplicationTest" time="0.0"/>
  <testcase name="repetition 1883 of 5000" classname="com.mindhub.homebanking.HomebankingApplicationTest" time="0.0"/>
  <testcase name="repetition 1884 of 5000" classname="com.mindhub.homebanking.HomebankingApplicationTest" time="0.001"/>
  <testcase name="repetition 1885 of 5000" classname="com.mindhub.homebanking.HomebankingApplicationTest" time="0.0"/>
  <testcase name="repetition 1886 of 5000" classname="com.mindhub.homebanking.HomebankingApplicationTest" time="0.001"/>
  <testcase name="repetition 1887 of 5000" classname="com.mindhub.homebanking.HomebankingApplicationTest" time="0.0"/>
  <testcase name="repetition 1888 of 5000" classname="com.mindhub.homebanking.HomebankingApplicationTest" time="0.001"/>
  <testcase name="repetition 1889 of 5000" classname="com.mindhub.homebanking.HomebankingApplicationTest" time="0.001"/>
  <testcase name="repetition 1890 of 5000" classname="com.mindhub.homebanking.HomebankingApplicationTest" time="0.0"/>
  <testcase name="repetition 1891 of 5000" classname="com.mindhub.homebanking.HomebankingApplicationTest" time="0.001"/>
  <testcase name="repetition 1892 of 5000" classname="com.mindhub.homebanking.HomebankingApplicationTest" time="0.0"/>
  <testcase name="repetition 1893 of 5000" classname="com.mindhub.homebanking.HomebankingApplicationTest" time="0.0"/>
  <testcase name="repetition 1894 of 5000" classname="com.mindhub.homebanking.HomebankingApplicationTest" time="0.001"/>
  <testcase name="repetition 1895 of 5000" classname="com.mindhub.homebanking.HomebankingApplicationTest" time="0.001"/>
  <testcase name="repetition 1896 of 5000" classname="com.mindhub.homebanking.HomebankingApplicationTest" time="0.001"/>
  <testcase name="repetition 1897 of 5000" classname="com.mindhub.homebanking.HomebankingApplicationTest" time="0.0"/>
  <testcase name="repetition 1898 of 5000" classname="com.mindhub.homebanking.HomebankingApplicationTest" time="0.001"/>
  <testcase name="repetition 1899 of 5000" classname="com.mindhub.homebanking.HomebankingApplicationTest" time="0.001"/>
  <testcase name="repetition 1900 of 5000" classname="com.mindhub.homebanking.HomebankingApplicationTest" time="0.0"/>
  <testcase name="repetition 1901 of 5000" classname="com.mindhub.homebanking.HomebankingApplicationTest" time="0.001"/>
  <testcase name="repetition 1902 of 5000" classname="com.mindhub.homebanking.HomebankingApplicationTest" time="0.0"/>
  <testcase name="repetition 1903 of 5000" classname="com.mindhub.homebanking.HomebankingApplicationTest" time="0.0"/>
  <testcase name="repetition 1904 of 5000" classname="com.mindhub.homebanking.HomebankingApplicationTest" time="0.001"/>
  <testcase name="repetition 1905 of 5000" classname="com.mindhub.homebanking.HomebankingApplicationTest" time="0.0"/>
  <testcase name="repetition 1906 of 5000" classname="com.mindhub.homebanking.HomebankingApplicationTest" time="0.001"/>
  <testcase name="repetition 1907 of 5000" classname="com.mindhub.homebanking.HomebankingApplicationTest" time="0.0"/>
  <testcase name="repetition 1908 of 5000" classname="com.mindhub.homebanking.HomebankingApplicationTest" time="0.001"/>
  <testcase name="repetition 1909 of 5000" classname="com.mindhub.homebanking.HomebankingApplicationTest" time="0.0"/>
  <testcase name="repetition 1910 of 5000" classname="com.mindhub.homebanking.HomebankingApplicationTest" time="0.0"/>
  <testcase name="repetition 1911 of 5000" classname="com.mindhub.homebanking.HomebankingApplicationTest" time="0.0"/>
  <testcase name="repetition 1912 of 5000" classname="com.mindhub.homebanking.HomebankingApplicationTest" time="0.001"/>
  <testcase name="repetition 1913 of 5000" classname="com.mindhub.homebanking.HomebankingApplicationTest" time="0.001"/>
  <testcase name="repetition 1914 of 5000" classname="com.mindhub.homebanking.HomebankingApplicationTest" time="0.001"/>
  <testcase name="repetition 1915 of 5000" classname="com.mindhub.homebanking.HomebankingApplicationTest" time="0.001"/>
  <testcase name="repetition 1916 of 5000" classname="com.mindhub.homebanking.HomebankingApplicationTest" time="0.002"/>
  <testcase name="repetition 1917 of 5000" classname="com.mindhub.homebanking.HomebankingApplicationTest" time="0.002"/>
  <testcase name="repetition 1918 of 5000" classname="com.mindhub.homebanking.HomebankingApplicationTest" time="0.001"/>
  <testcase name="repetition 1919 of 5000" classname="com.mindhub.homebanking.HomebankingApplicationTest" time="0.001"/>
  <testcase name="repetition 1920 of 5000" classname="com.mindhub.homebanking.HomebankingApplicationTest" time="0.0"/>
  <testcase name="repetition 1921 of 5000" classname="com.mindhub.homebanking.HomebankingApplicationTest" time="0.001"/>
  <testcase name="repetition 1922 of 5000" classname="com.mindhub.homebanking.HomebankingApplicationTest" time="0.001"/>
  <testcase name="repetition 1923 of 5000" classname="com.mindhub.homebanking.HomebankingApplicationTest" time="0.001"/>
  <testcase name="repetition 1924 of 5000" classname="com.mindhub.homebanking.HomebankingApplicationTest" time="0.002"/>
  <testcase name="repetition 1925 of 5000" classname="com.mindhub.homebanking.HomebankingApplicationTest" time="0.001"/>
  <testcase name="repetition 1926 of 5000" classname="com.mindhub.homebanking.HomebankingApplicationTest" time="0.001"/>
  <testcase name="repetition 1927 of 5000" classname="com.mindhub.homebanking.HomebankingApplicationTest" time="0.001"/>
  <testcase name="repetition 1928 of 5000" classname="com.mindhub.homebanking.HomebankingApplicationTest" time="0.001"/>
  <testcase name="repetition 1929 of 5000" classname="com.mindhub.homebanking.HomebankingApplicationTest" time="0.002"/>
  <testcase name="repetition 1930 of 5000" classname="com.mindhub.homebanking.HomebankingApplicationTest" time="0.001"/>
  <testcase name="repetition 1931 of 5000" classname="com.mindhub.homebanking.HomebankingApplicationTest" time="0.001"/>
  <testcase name="repetition 1932 of 5000" classname="com.mindhub.homebanking.HomebankingApplicationTest" time="0.001"/>
  <testcase name="repetition 1933 of 5000" classname="com.mindhub.homebanking.HomebankingApplicationTest" time="0.001"/>
  <testcase name="repetition 1934 of 5000" classname="com.mindhub.homebanking.HomebankingApplicationTest" time="0.001"/>
  <testcase name="repetition 1935 of 5000" classname="com.mindhub.homebanking.HomebankingApplicationTest" time="0.001"/>
  <testcase name="repetition 1936 of 5000" classname="com.mindhub.homebanking.HomebankingApplicationTest" time="0.001"/>
  <testcase name="repetition 1937 of 5000" classname="com.mindhub.homebanking.HomebankingApplicationTest" time="0.001"/>
  <testcase name="repetition 1938 of 5000" classname="com.mindhub.homebanking.HomebankingApplicationTest" time="0.0"/>
  <testcase name="repetition 1939 of 5000" classname="com.mindhub.homebanking.HomebankingApplicationTest" time="0.001"/>
  <testcase name="repetition 1940 of 5000" classname="com.mindhub.homebanking.HomebankingApplicationTest" time="0.001"/>
  <testcase name="repetition 1941 of 5000" classname="com.mindhub.homebanking.HomebankingApplicationTest" time="0.001"/>
  <testcase name="repetition 1942 of 5000" classname="com.mindhub.homebanking.HomebankingApplicationTest" time="0.001"/>
  <testcase name="repetition 1943 of 5000" classname="com.mindhub.homebanking.HomebankingApplicationTest" time="0.0"/>
  <testcase name="repetition 1944 of 5000" classname="com.mindhub.homebanking.HomebankingApplicationTest" time="0.001"/>
  <testcase name="repetition 1945 of 5000" classname="com.mindhub.homebanking.HomebankingApplicationTest" time="0.0"/>
  <testcase name="repetition 1946 of 5000" classname="com.mindhub.homebanking.HomebankingApplicationTest" time="0.001"/>
  <testcase name="repetition 1947 of 5000" classname="com.mindhub.homebanking.HomebankingApplicationTest" time="0.0"/>
  <testcase name="repetition 1948 of 5000" classname="com.mindhub.homebanking.HomebankingApplicationTest" time="0.001"/>
  <testcase name="repetition 1949 of 5000" classname="com.mindhub.homebanking.HomebankingApplicationTest" time="0.0"/>
  <testcase name="repetition 1950 of 5000" classname="com.mindhub.homebanking.HomebankingApplicationTest" time="0.001"/>
  <testcase name="repetition 1951 of 5000" classname="com.mindhub.homebanking.HomebankingApplicationTest" time="0.0"/>
  <testcase name="repetition 1952 of 5000" classname="com.mindhub.homebanking.HomebankingApplicationTest" time="0.001"/>
  <testcase name="repetition 1953 of 5000" classname="com.mindhub.homebanking.HomebankingApplicationTest" time="0.001"/>
  <testcase name="repetition 1954 of 5000" classname="com.mindhub.homebanking.HomebankingApplicationTest" time="0.0"/>
  <testcase name="repetition 1955 of 5000" classname="com.mindhub.homebanking.HomebankingApplicationTest" time="0.001"/>
  <testcase name="repetition 1956 of 5000" classname="com.mindhub.homebanking.HomebankingApplicationTest" time="0.001"/>
  <testcase name="repetition 1957 of 5000" classname="com.mindhub.homebanking.HomebankingApplicationTest" time="0.001"/>
  <testcase name="repetition 1958 of 5000" classname="com.mindhub.homebanking.HomebankingApplicationTest" time="0.0"/>
  <testcase name="repetition 1959 of 5000" classname="com.mindhub.homebanking.HomebankingApplicationTest" time="0.001"/>
  <testcase name="repetition 1960 of 5000" classname="com.mindhub.homebanking.HomebankingApplicationTest" time="0.001"/>
  <testcase name="repetition 1961 of 5000" classname="com.mindhub.homebanking.HomebankingApplicationTest" time="0.001"/>
  <testcase name="repetition 1962 of 5000" classname="com.mindhub.homebanking.HomebankingApplicationTest" time="0.0"/>
  <testcase name="repetition 1963 of 5000" classname="com.mindhub.homebanking.HomebankingApplicationTest" time="0.001"/>
  <testcase name="repetition 1964 of 5000" classname="com.mindhub.homebanking.HomebankingApplicationTest" time="0.0"/>
  <testcase name="repetition 1965 of 5000" classname="com.mindhub.homebanking.HomebankingApplicationTest" time="0.0"/>
  <testcase name="repetition 1966 of 5000" classname="com.mindhub.homebanking.HomebankingApplicationTest" time="0.001"/>
  <testcase name="repetition 1967 of 5000" classname="com.mindhub.homebanking.HomebankingApplicationTest" time="0.0"/>
  <testcase name="repetition 1968 of 5000" classname="com.mindhub.homebanking.HomebankingApplicationTest" time="0.0"/>
  <testcase name="repetition 1969 of 5000" classname="com.mindhub.homebanking.HomebankingApplicationTest" time="0.001"/>
  <testcase name="repetition 1970 of 5000" classname="com.mindhub.homebanking.HomebankingApplicationTest" time="0.0"/>
  <testcase name="repetition 1971 of 5000" classname="com.mindhub.homebanking.HomebankingApplicationTest" time="0.001"/>
  <testcase name="repetition 1972 of 5000" classname="com.mindhub.homebanking.HomebankingApplicationTest" time="0.001"/>
  <testcase name="repetition 1973 of 5000" classname="com.mindhub.homebanking.HomebankingApplicationTest" time="0.0"/>
  <testcase name="repetition 1974 of 5000" classname="com.mindhub.homebanking.HomebankingApplicationTest" time="0.001"/>
  <testcase name="repetition 1975 of 5000" classname="com.mindhub.homebanking.HomebankingApplicationTest" time="0.0"/>
  <testcase name="repetition 1976 of 5000" classname="com.mindhub.homebanking.HomebankingApplicationTest" time="0.001"/>
  <testcase name="repetition 1977 of 5000" classname="com.mindhub.homebanking.HomebankingApplicationTest" time="0.0"/>
  <testcase name="repetition 1978 of 5000" classname="com.mindhub.homebanking.HomebankingApplicationTest" time="0.0"/>
  <testcase name="repetition 1979 of 5000" classname="com.mindhub.homebanking.HomebankingApplicationTest" time="0.0"/>
  <testcase name="repetition 1980 of 5000" classname="com.mindhub.homebanking.HomebankingApplicationTest" time="0.001"/>
  <testcase name="repetition 1981 of 5000" classname="com.mindhub.homebanking.HomebankingApplicationTest" time="0.0"/>
  <testcase name="repetition 1982 of 5000" classname="com.mindhub.homebanking.HomebankingApplicationTest" time="0.001"/>
  <testcase name="repetition 1983 of 5000" classname="com.mindhub.homebanking.HomebankingApplicationTest" time="0.0"/>
  <testcase name="repetition 1984 of 5000" classname="com.mindhub.homebanking.HomebankingApplicationTest" time="0.001"/>
  <testcase name="repetition 1985 of 5000" classname="com.mindhub.homebanking.HomebankingApplicationTest" time="0.0"/>
  <testcase name="repetition 1986 of 5000" classname="com.mindhub.homebanking.HomebankingApplicationTest" time="0.001"/>
  <testcase name="repetition 1987 of 5000" classname="com.mindhub.homebanking.HomebankingApplicationTest" time="0.001"/>
  <testcase name="repetition 1988 of 5000" classname="com.mindhub.homebanking.HomebankingApplicationTest" time="0.001"/>
  <testcase name="repetition 1989 of 5000" classname="com.mindhub.homebanking.HomebankingApplicationTest" time="0.001"/>
  <testcase name="repetition 1990 of 5000" classname="com.mindhub.homebanking.HomebankingApplicationTest" time="0.0"/>
  <testcase name="repetition 1991 of 5000" classname="com.mindhub.homebanking.HomebankingApplicationTest" time="0.0"/>
  <testcase name="repetition 1992 of 5000" classname="com.mindhub.homebanking.HomebankingApplicationTest" time="0.0"/>
  <testcase name="repetition 1993 of 5000" classname="com.mindhub.homebanking.HomebankingApplicationTest" time="0.001"/>
  <testcase name="repetition 1994 of 5000" classname="com.mindhub.homebanking.HomebankingApplicationTest" time="0.0"/>
  <testcase name="repetition 1995 of 5000" classname="com.mindhub.homebanking.HomebankingApplicationTest" time="0.0"/>
  <testcase name="repetition 1996 of 5000" classname="com.mindhub.homebanking.HomebankingApplicationTest" time="0.001"/>
  <testcase name="repetition 1997 of 5000" classname="com.mindhub.homebanking.HomebankingApplicationTest" time="0.001"/>
  <testcase name="repetition 1998 of 5000" classname="com.mindhub.homebanking.HomebankingApplicationTest" time="0.0"/>
  <testcase name="repetition 1999 of 5000" classname="com.mindhub.homebanking.HomebankingApplicationTest" time="0.001"/>
  <testcase name="repetition 2000 of 5000" classname="com.mindhub.homebanking.HomebankingApplicationTest" time="0.001"/>
  <testcase name="repetition 2001 of 5000" classname="com.mindhub.homebanking.HomebankingApplicationTest" time="0.0"/>
  <testcase name="repetition 2002 of 5000" classname="com.mindhub.homebanking.HomebankingApplicationTest" time="0.001"/>
  <testcase name="repetition 2003 of 5000" classname="com.mindhub.homebanking.HomebankingApplicationTest" time="0.0"/>
  <testcase name="repetition 2004 of 5000" classname="com.mindhub.homebanking.HomebankingApplicationTest" time="0.001"/>
  <testcase name="repetition 2005 of 5000" classname="com.mindhub.homebanking.HomebankingApplicationTest" time="0.0"/>
  <testcase name="repetition 2006 of 5000" classname="com.mindhub.homebanking.HomebankingApplicationTest" time="0.001"/>
  <testcase name="repetition 2007 of 5000" classname="com.mindhub.homebanking.HomebankingApplicationTest" time="0.001"/>
  <testcase name="repetition 2008 of 5000" classname="com.mindhub.homebanking.HomebankingApplicationTest" time="0.0"/>
  <testcase name="repetition 2009 of 5000" classname="com.mindhub.homebanking.HomebankingApplicationTest" time="0.0"/>
  <testcase name="repetition 2010 of 5000" classname="com.mindhub.homebanking.HomebankingApplicationTest" time="0.001"/>
  <testcase name="repetition 2011 of 5000" classname="com.mindhub.homebanking.HomebankingApplicationTest" time="0.0"/>
  <testcase name="repetition 2012 of 5000" classname="com.mindhub.homebanking.HomebankingApplicationTest" time="0.001"/>
  <testcase name="repetition 2013 of 5000" classname="com.mindhub.homebanking.HomebankingApplicationTest" time="0.001"/>
  <testcase name="repetition 2014 of 5000" classname="com.mindhub.homebanking.HomebankingApplicationTest" time="0.001"/>
  <testcase name="repetition 2015 of 5000" classname="com.mindhub.homebanking.HomebankingApplicationTest" time="0.001"/>
  <testcase name="repetition 2016 of 5000" classname="com.mindhub.homebanking.HomebankingApplicationTest" time="0.001"/>
  <testcase name="repetition 2017 of 5000" classname="com.mindhub.homebanking.HomebankingApplicationTest" time="0.0"/>
  <testcase name="repetition 2018 of 5000" classname="com.mindhub.homebanking.HomebankingApplicationTest" time="0.0"/>
  <testcase name="repetition 2019 of 5000" classname="com.mindhub.homebanking.HomebankingApplicationTest" time="0.0"/>
  <testcase name="repetition 2020 of 5000" classname="com.mindhub.homebanking.HomebankingApplicationTest" time="0.001"/>
  <testcase name="repetition 2021 of 5000" classname="com.mindhub.homebanking.HomebankingApplicationTest" time="0.0"/>
  <testcase name="repetition 2022 of 5000" classname="com.mindhub.homebanking.HomebankingApplicationTest" time="0.001"/>
  <testcase name="repetition 2023 of 5000" classname="com.mindhub.homebanking.HomebankingApplicationTest" time="0.001"/>
  <testcase name="repetition 2024 of 5000" classname="com.mindhub.homebanking.HomebankingApplicationTest" time="0.0"/>
  <testcase name="repetition 2025 of 5000" classname="com.mindhub.homebanking.HomebankingApplicationTest" time="0.001"/>
  <testcase name="repetition 2026 of 5000" classname="com.mindhub.homebanking.HomebankingApplicationTest" time="0.0"/>
  <testcase name="repetition 2027 of 5000" classname="com.mindhub.homebanking.HomebankingApplicationTest" time="0.001"/>
  <testcase name="repetition 2028 of 5000" classname="com.mindhub.homebanking.HomebankingApplicationTest" time="0.0"/>
  <testcase name="repetition 2029 of 5000" classname="com.mindhub.homebanking.HomebankingApplicationTest" time="0.0"/>
  <testcase name="repetition 2030 of 5000" classname="com.mindhub.homebanking.HomebankingApplicationTest" time="0.001"/>
  <testcase name="repetition 2031 of 5000" classname="com.mindhub.homebanking.HomebankingApplicationTest" time="0.001"/>
  <testcase name="repetition 2032 of 5000" classname="com.mindhub.homebanking.HomebankingApplicationTest" time="0.0"/>
  <testcase name="repetition 2033 of 5000" classname="com.mindhub.homebanking.HomebankingApplicationTest" time="0.001"/>
  <testcase name="repetition 2034 of 5000" classname="com.mindhub.homebanking.HomebankingApplicationTest" time="0.001"/>
  <testcase name="repetition 2035 of 5000" classname="com.mindhub.homebanking.HomebankingApplicationTest" time="0.0"/>
  <testcase name="repetition 2036 of 5000" classname="com.mindhub.homebanking.HomebankingApplicationTest" time="0.0"/>
  <testcase name="repetition 2037 of 5000" classname="com.mindhub.homebanking.HomebankingApplicationTest" time="0.0"/>
  <testcase name="repetition 2038 of 5000" classname="com.mindhub.homebanking.HomebankingApplicationTest" time="0.001"/>
  <testcase name="repetition 2039 of 5000" classname="com.mindhub.homebanking.HomebankingApplicationTest" time="0.0"/>
  <testcase name="repetition 2040 of 5000" classname="com.mindhub.homebanking.HomebankingApplicationTest" time="0.001"/>
  <testcase name="repetition 2041 of 5000" classname="com.mindhub.homebanking.HomebankingApplicationTest" time="0.0"/>
  <testcase name="repetition 2042 of 5000" classname="com.mindhub.homebanking.HomebankingApplicationTest" time="0.001"/>
  <testcase name="repetition 2043 of 5000" classname="com.mindhub.homebanking.HomebankingApplicationTest" time="0.0"/>
  <testcase name="repetition 2044 of 5000" classname="com.mindhub.homebanking.HomebankingApplicationTest" time="0.001"/>
  <testcase name="repetition 2045 of 5000" classname="com.mindhub.homebanking.HomebankingApplicationTest" time="0.0"/>
  <testcase name="repetition 2046 of 5000" classname="com.mindhub.homebanking.HomebankingApplicationTest" time="0.001"/>
  <testcase name="repetition 2047 of 5000" classname="com.mindhub.homebanking.HomebankingApplicationTest" time="0.0"/>
  <testcase name="repetition 2048 of 5000" classname="com.mindhub.homebanking.HomebankingApplicationTest" time="0.0"/>
  <testcase name="repetition 2049 of 5000" classname="com.mindhub.homebanking.HomebankingApplicationTest" time="0.001"/>
  <testcase name="repetition 2050 of 5000" classname="com.mindhub.homebanking.HomebankingApplicationTest" time="0.001"/>
  <testcase name="repetition 2051 of 5000" classname="com.mindhub.homebanking.HomebankingApplicationTest" time="0.001"/>
  <testcase name="repetition 2052 of 5000" classname="com.mindhub.homebanking.HomebankingApplicationTest" time="0.001"/>
  <testcase name="repetition 2053 of 5000" classname="com.mindhub.homebanking.HomebankingApplicationTest" time="0.001"/>
  <testcase name="repetition 2054 of 5000" classname="com.mindhub.homebanking.HomebankingApplicationTest" time="0.001"/>
  <testcase name="repetition 2055 of 5000" classname="com.mindhub.homebanking.HomebankingApplicationTest" time="0.001"/>
  <testcase name="repetition 2056 of 5000" classname="com.mindhub.homebanking.HomebankingApplicationTest" time="0.001"/>
  <testcase name="repetition 2057 of 5000" classname="com.mindhub.homebanking.HomebankingApplicationTest" time="0.001"/>
  <testcase name="repetition 2058 of 5000" classname="com.mindhub.homebanking.HomebankingApplicationTest" time="0.001"/>
  <testcase name="repetition 2059 of 5000" classname="com.mindhub.homebanking.HomebankingApplicationTest" time="0.001"/>
  <testcase name="repetition 2060 of 5000" classname="com.mindhub.homebanking.HomebankingApplicationTest" time="0.001"/>
  <testcase name="repetition 2061 of 5000" classname="com.mindhub.homebanking.HomebankingApplicationTest" time="0.001"/>
  <testcase name="repetition 2062 of 5000" classname="com.mindhub.homebanking.HomebankingApplicationTest" time="0.0"/>
  <testcase name="repetition 2063 of 5000" classname="com.mindhub.homebanking.HomebankingApplicationTest" time="0.001"/>
  <testcase name="repetition 2064 of 5000" classname="com.mindhub.homebanking.HomebankingApplicationTest" time="0.001"/>
  <testcase name="repetition 2065 of 5000" classname="com.mindhub.homebanking.HomebankingApplicationTest" time="0.0"/>
  <testcase name="repetition 2066 of 5000" classname="com.mindhub.homebanking.HomebankingApplicationTest" time="0.0"/>
  <testcase name="repetition 2067 of 5000" classname="com.mindhub.homebanking.HomebankingApplicationTest" time="0.001"/>
  <testcase name="repetition 2068 of 5000" classname="com.mindhub.homebanking.HomebankingApplicationTest" time="0.0"/>
  <testcase name="repetition 2069 of 5000" classname="com.mindhub.homebanking.HomebankingApplicationTest" time="0.0"/>
  <testcase name="repetition 2070 of 5000" classname="com.mindhub.homebanking.HomebankingApplicationTest" time="0.0"/>
  <testcase name="repetition 2071 of 5000" classname="com.mindhub.homebanking.HomebankingApplicationTest" time="0.001"/>
  <testcase name="repetition 2072 of 5000" classname="com.mindhub.homebanking.HomebankingApplicationTest" time="0.0"/>
  <testcase name="repetition 2073 of 5000" classname="com.mindhub.homebanking.HomebankingApplicationTest" time="0.0"/>
  <testcase name="repetition 2074 of 5000" classname="com.mindhub.homebanking.HomebankingApplicationTest" time="0.0"/>
  <testcase name="repetition 2075 of 5000" classname="com.mindhub.homebanking.HomebankingApplicationTest" time="0.0"/>
  <testcase name="repetition 2076 of 5000" classname="com.mindhub.homebanking.HomebankingApplicationTest" time="0.0"/>
  <testcase name="repetition 2077 of 5000" classname="com.mindhub.homebanking.HomebankingApplicationTest" time="0.0"/>
  <testcase name="repetition 2078 of 5000" classname="com.mindhub.homebanking.HomebankingApplicationTest" time="0.001"/>
  <testcase name="repetition 2079 of 5000" classname="com.mindhub.homebanking.HomebankingApplicationTest" time="0.0"/>
  <testcase name="repetition 2080 of 5000" classname="com.mindhub.homebanking.HomebankingApplicationTest" time="0.001"/>
  <testcase name="repetition 2081 of 5000" classname="com.mindhub.homebanking.HomebankingApplicationTest" time="0.0"/>
  <testcase name="repetition 2082 of 5000" classname="com.mindhub.homebanking.HomebankingApplicationTest" time="0.001"/>
  <testcase name="repetition 2083 of 5000" classname="com.mindhub.homebanking.HomebankingApplicationTest" time="0.0"/>
  <testcase name="repetition 2084 of 5000" classname="com.mindhub.homebanking.HomebankingApplicationTest" time="0.001"/>
  <testcase name="repetition 2085 of 5000" classname="com.mindhub.homebanking.HomebankingApplicationTest" time="0.0"/>
  <testcase name="repetition 2086 of 5000" classname="com.mindhub.homebanking.HomebankingApplicationTest" time="0.001"/>
  <testcase name="repetition 2087 of 5000" classname="com.mindhub.homebanking.HomebankingApplicationTest" time="0.001"/>
  <testcase name="repetition 2088 of 5000" classname="com.mindhub.homebanking.HomebankingApplicationTest" time="0.0"/>
  <testcase name="repetition 2089 of 5000" classname="com.mindhub.homebanking.HomebankingApplicationTest" time="0.0"/>
  <testcase name="repetition 2090 of 5000" classname="com.mindhub.homebanking.HomebankingApplicationTest" time="0.001"/>
  <testcase name="repetition 2091 of 5000" classname="com.mindhub.homebanking.HomebankingApplicationTest" time="0.0"/>
  <testcase name="repetition 2092 of 5000" classname="com.mindhub.homebanking.HomebankingApplicationTest" time="0.001"/>
  <testcase name="repetition 2093 of 5000" classname="com.mindhub.homebanking.HomebankingApplicationTest" time="0.001"/>
  <testcase name="repetition 2094 of 5000" classname="com.mindhub.homebanking.HomebankingApplicationTest" time="0.001"/>
  <testcase name="repetition 2095 of 5000" classname="com.mindhub.homebanking.HomebankingApplicationTest" time="0.001"/>
  <testcase name="repetition 2096 of 5000" classname="com.mindhub.homebanking.HomebankingApplicationTest" time="0.001"/>
  <testcase name="repetition 2097 of 5000" classname="com.mindhub.homebanking.HomebankingApplicationTest" time="0.001"/>
  <testcase name="repetition 2098 of 5000" classname="com.mindhub.homebanking.HomebankingApplicationTest" time="0.0"/>
  <testcase name="repetition 2099 of 5000" classname="com.mindhub.homebanking.HomebankingApplicationTest" time="0.001"/>
  <testcase name="repetition 2100 of 5000" classname="com.mindhub.homebanking.HomebankingApplicationTest" time="0.001"/>
  <testcase name="repetition 2101 of 5000" classname="com.mindhub.homebanking.HomebankingApplicationTest" time="0.001"/>
  <testcase name="repetition 2102 of 5000" classname="com.mindhub.homebanking.HomebankingApplicationTest" time="0.001"/>
  <testcase name="repetition 2103 of 5000" classname="com.mindhub.homebanking.HomebankingApplicationTest" time="0.0"/>
  <testcase name="repetition 2104 of 5000" classname="com.mindhub.homebanking.HomebankingApplicationTest" time="0.001"/>
  <testcase name="repetition 2105 of 5000" classname="com.mindhub.homebanking.HomebankingApplicationTest" time="0.001"/>
  <testcase name="repetition 2106 of 5000" classname="com.mindhub.homebanking.HomebankingApplicationTest" time="0.001"/>
  <testcase name="repetition 2107 of 5000" classname="com.mindhub.homebanking.HomebankingApplicationTest" time="0.0"/>
  <testcase name="repetition 2108 of 5000" classname="com.mindhub.homebanking.HomebankingApplicationTest" time="0.001"/>
  <testcase name="repetition 2109 of 5000" classname="com.mindhub.homebanking.HomebankingApplicationTest" time="0.0"/>
  <testcase name="repetition 2110 of 5000" classname="com.mindhub.homebanking.HomebankingApplicationTest" time="0.001"/>
  <testcase name="repetition 2111 of 5000" classname="com.mindhub.homebanking.HomebankingApplicationTest" time="0.0"/>
  <testcase name="repetition 2112 of 5000" classname="com.mindhub.homebanking.HomebankingApplicationTest" time="0.001"/>
  <testcase name="repetition 2113 of 5000" classname="com.mindhub.homebanking.HomebankingApplicationTest" time="0.001"/>
  <testcase name="repetition 2114 of 5000" classname="com.mindhub.homebanking.HomebankingApplicationTest" time="0.001"/>
  <testcase name="repetition 2115 of 5000" classname="com.mindhub.homebanking.HomebankingApplicationTest" time="0.001"/>
  <testcase name="repetition 2116 of 5000" classname="com.mindhub.homebanking.HomebankingApplicationTest" time="0.0"/>
  <testcase name="repetition 2117 of 5000" classname="com.mindhub.homebanking.HomebankingApplicationTest" time="0.001"/>
  <testcase name="repetition 2118 of 5000" classname="com.mindhub.homebanking.HomebankingApplicationTest" time="0.0"/>
  <testcase name="repetition 2119 of 5000" classname="com.mindhub.homebanking.HomebankingApplicationTest" time="0.001"/>
  <testcase name="repetition 2120 of 5000" classname="com.mindhub.homebanking.HomebankingApplicationTest" time="0.001"/>
  <testcase name="repetition 2121 of 5000" classname="com.mindhub.homebanking.HomebankingApplicationTest" time="0.0"/>
  <testcase name="repetition 2122 of 5000" classname="com.mindhub.homebanking.HomebankingApplicationTest" time="0.001"/>
  <testcase name="repetition 2123 of 5000" classname="com.mindhub.homebanking.HomebankingApplicationTest" time="0.0"/>
  <testcase name="repetition 2124 of 5000" classname="com.mindhub.homebanking.HomebankingApplicationTest" time="0.001"/>
  <testcase name="repetition 2125 of 5000" classname="com.mindhub.homebanking.HomebankingApplicationTest" time="0.001"/>
  <testcase name="repetition 2126 of 5000" classname="com.mindhub.homebanking.HomebankingApplicationTest" time="0.0"/>
  <testcase name="repetition 2127 of 5000" classname="com.mindhub.homebanking.HomebankingApplicationTest" time="0.001"/>
  <testcase name="repetition 2128 of 5000" classname="com.mindhub.homebanking.HomebankingApplicationTest" time="0.0"/>
  <testcase name="repetition 2129 of 5000" classname="com.mindhub.homebanking.HomebankingApplicationTest" time="0.001"/>
  <testcase name="repetition 2130 of 5000" classname="com.mindhub.homebanking.HomebankingApplicationTest" time="0.0"/>
  <testcase name="repetition 2131 of 5000" classname="com.mindhub.homebanking.HomebankingApplicationTest" time="0.001"/>
  <testcase name="repetition 2132 of 5000" classname="com.mindhub.homebanking.HomebankingApplicationTest" time="0.001"/>
  <testcase name="repetition 2133 of 5000" classname="com.mindhub.homebanking.HomebankingApplicationTest" time="0.0"/>
  <testcase name="repetition 2134 of 5000" classname="com.mindhub.homebanking.HomebankingApplicationTest" time="0.001"/>
  <testcase name="repetition 2135 of 5000" classname="com.mindhub.homebanking.HomebankingApplicationTest" time="0.001"/>
  <testcase name="repetition 2136 of 5000" classname="com.mindhub.homebanking.HomebankingApplicationTest" time="0.001"/>
  <testcase name="repetition 2137 of 5000" classname="com.mindhub.homebanking.HomebankingApplicationTest" time="0.001"/>
  <testcase name="repetition 2138 of 5000" classname="com.mindhub.homebanking.HomebankingApplicationTest" time="0.0"/>
  <testcase name="repetition 2139 of 5000" classname="com.mindhub.homebanking.HomebankingApplicationTest" time="0.001"/>
  <testcase name="repetition 2140 of 5000" classname="com.mindhub.homebanking.HomebankingApplicationTest" time="0.0"/>
  <testcase name="repetition 2141 of 5000" classname="com.mindhub.homebanking.HomebankingApplicationTest" time="0.001"/>
  <testcase name="repetition 2142 of 5000" classname="com.mindhub.homebanking.HomebankingApplicationTest" time="0.001"/>
  <testcase name="repetition 2143 of 5000" classname="com.mindhub.homebanking.HomebankingApplicationTest" time="0.0"/>
  <testcase name="repetition 2144 of 5000" classname="com.mindhub.homebanking.HomebankingApplicationTest" time="0.0"/>
  <testcase name="repetition 2145 of 5000" classname="com.mindhub.homebanking.HomebankingApplicationTest" time="0.001"/>
  <testcase name="repetition 2146 of 5000" classname="com.mindhub.homebanking.HomebankingApplicationTest" time="0.001"/>
  <testcase name="repetition 2147 of 5000" classname="com.mindhub.homebanking.HomebankingApplicationTest" time="0.0"/>
  <testcase name="repetition 2148 of 5000" classname="com.mindhub.homebanking.HomebankingApplicationTest" time="0.001"/>
  <testcase name="repetition 2149 of 5000" classname="com.mindhub.homebanking.HomebankingApplicationTest" time="0.0"/>
  <testcase name="repetition 2150 of 5000" classname="com.mindhub.homebanking.HomebankingApplicationTest" time="0.001"/>
  <testcase name="repetition 2151 of 5000" classname="com.mindhub.homebanking.HomebankingApplicationTest" time="0.0"/>
  <testcase name="repetition 2152 of 5000" classname="com.mindhub.homebanking.HomebankingApplicationTest" time="0.001"/>
  <testcase name="repetition 2153 of 5000" classname="com.mindhub.homebanking.HomebankingApplicationTest" time="0.001"/>
  <testcase name="repetition 2154 of 5000" classname="com.mindhub.homebanking.HomebankingApplicationTest" time="0.001"/>
  <testcase name="repetition 2155 of 5000" classname="com.mindhub.homebanking.HomebankingApplicationTest" time="0.0"/>
  <testcase name="repetition 2156 of 5000" classname="com.mindhub.homebanking.HomebankingApplicationTest" time="0.001"/>
  <testcase name="repetition 2157 of 5000" classname="com.mindhub.homebanking.HomebankingApplicationTest" time="0.001"/>
  <testcase name="repetition 2158 of 5000" classname="com.mindhub.homebanking.HomebankingApplicationTest" time="0.001"/>
  <testcase name="repetition 2159 of 5000" classname="com.mindhub.homebanking.HomebankingApplicationTest" time="0.001"/>
  <testcase name="repetition 2160 of 5000" classname="com.mindhub.homebanking.HomebankingApplicationTest" time="0.001"/>
  <testcase name="repetition 2161 of 5000" classname="com.mindhub.homebanking.HomebankingApplicationTest" time="0.001"/>
  <testcase name="repetition 2162 of 5000" classname="com.mindhub.homebanking.HomebankingApplicationTest" time="0.001"/>
  <testcase name="repetition 2163 of 5000" classname="com.mindhub.homebanking.HomebankingApplicationTest" time="0.001"/>
  <testcase name="repetition 2164 of 5000" classname="com.mindhub.homebanking.HomebankingApplicationTest" time="0.001"/>
  <testcase name="repetition 2165 of 5000" classname="com.mindhub.homebanking.HomebankingApplicationTest" time="0.0"/>
  <testcase name="repetition 2166 of 5000" classname="com.mindhub.homebanking.HomebankingApplicationTest" time="0.0"/>
  <testcase name="repetition 2167 of 5000" classname="com.mindhub.homebanking.HomebankingApplicationTest" time="0.003"/>
  <testcase name="repetition 2168 of 5000" classname="com.mindhub.homebanking.HomebankingApplicationTest" time="0.001"/>
  <testcase name="repetition 2169 of 5000" classname="com.mindhub.homebanking.HomebankingApplicationTest" time="0.0"/>
  <testcase name="repetition 2170 of 5000" classname="com.mindhub.homebanking.HomebankingApplicationTest" time="0.001"/>
  <testcase name="repetition 2171 of 5000" classname="com.mindhub.homebanking.HomebankingApplicationTest" time="0.0"/>
  <testcase name="repetition 2172 of 5000" classname="com.mindhub.homebanking.HomebankingApplicationTest" time="0.001"/>
  <testcase name="repetition 2173 of 5000" classname="com.mindhub.homebanking.HomebankingApplicationTest" time="0.0"/>
  <testcase name="repetition 2174 of 5000" classname="com.mindhub.homebanking.HomebankingApplicationTest" time="0.001"/>
  <testcase name="repetition 2175 of 5000" classname="com.mindhub.homebanking.HomebankingApplicationTest" time="0.0"/>
  <testcase name="repetition 2176 of 5000" classname="com.mindhub.homebanking.HomebankingApplicationTest" time="0.001"/>
  <testcase name="repetition 2177 of 5000" classname="com.mindhub.homebanking.HomebankingApplicationTest" time="0.0"/>
  <testcase name="repetition 2178 of 5000" classname="com.mindhub.homebanking.HomebankingApplicationTest" time="0.0"/>
  <testcase name="repetition 2179 of 5000" classname="com.mindhub.homebanking.HomebankingApplicationTest" time="0.001"/>
  <testcase name="repetition 2180 of 5000" classname="com.mindhub.homebanking.HomebankingApplicationTest" time="0.001"/>
  <testcase name="repetition 2181 of 5000" classname="com.mindhub.homebanking.HomebankingApplicationTest" time="0.001"/>
  <testcase name="repetition 2182 of 5000" classname="com.mindhub.homebanking.HomebankingApplicationTest" time="0.001"/>
  <testcase name="repetition 2183 of 5000" classname="com.mindhub.homebanking.HomebankingApplicationTest" time="0.001"/>
  <testcase name="repetition 2184 of 5000" classname="com.mindhub.homebanking.HomebankingApplicationTest" time="0.0"/>
  <testcase name="repetition 2185 of 5000" classname="com.mindhub.homebanking.HomebankingApplicationTest" time="0.001"/>
  <testcase name="repetition 2186 of 5000" classname="com.mindhub.homebanking.HomebankingApplicationTest" time="0.0"/>
  <testcase name="repetition 2187 of 5000" classname="com.mindhub.homebanking.HomebankingApplicationTest" time="0.001"/>
  <testcase name="repetition 2188 of 5000" classname="com.mindhub.homebanking.HomebankingApplicationTest" time="0.0"/>
  <testcase name="repetition 2189 of 5000" classname="com.mindhub.homebanking.HomebankingApplicationTest" time="0.001"/>
  <testcase name="repetition 2190 of 5000" classname="com.mindhub.homebanking.HomebankingApplicationTest" time="0.001"/>
  <testcase name="repetition 2191 of 5000" classname="com.mindhub.homebanking.HomebankingApplicationTest" time="0.001"/>
  <testcase name="repetition 2192 of 5000" classname="com.mindhub.homebanking.HomebankingApplicationTest" time="0.0"/>
  <testcase name="repetition 2193 of 5000" classname="com.mindhub.homebanking.HomebankingApplicationTest" time="0.001"/>
  <testcase name="repetition 2194 of 5000" classname="com.mindhub.homebanking.HomebankingApplicationTest" time="0.001"/>
  <testcase name="repetition 2195 of 5000" classname="com.mindhub.homebanking.HomebankingApplicationTest" time="0.0"/>
  <testcase name="repetition 2196 of 5000" classname="com.mindhub.homebanking.HomebankingApplicationTest" time="0.001"/>
  <testcase name="repetition 2197 of 5000" classname="com.mindhub.homebanking.HomebankingApplicationTest" time="0.001"/>
  <testcase name="repetition 2198 of 5000" classname="com.mindhub.homebanking.HomebankingApplicationTest" time="0.0"/>
  <testcase name="repetition 2199 of 5000" classname="com.mindhub.homebanking.HomebankingApplicationTest" time="0.001"/>
  <testcase name="repetition 2200 of 5000" classname="com.mindhub.homebanking.HomebankingApplicationTest" time="0.0"/>
  <testcase name="repetition 2201 of 5000" classname="com.mindhub.homebanking.HomebankingApplicationTest" time="0.001"/>
  <testcase name="repetition 2202 of 5000" classname="com.mindhub.homebanking.HomebankingApplicationTest" time="0.0"/>
  <testcase name="repetition 2203 of 5000" classname="com.mindhub.homebanking.HomebankingApplicationTest" time="0.001"/>
  <testcase name="repetition 2204 of 5000" classname="com.mindhub.homebanking.HomebankingApplicationTest" time="0.0"/>
  <testcase name="repetition 2205 of 5000" classname="com.mindhub.homebanking.HomebankingApplicationTest" time="0.001"/>
  <testcase name="repetition 2206 of 5000" classname="com.mindhub.homebanking.HomebankingApplicationTest" time="0.0"/>
  <testcase name="repetition 2207 of 5000" classname="com.mindhub.homebanking.HomebankingApplicationTest" time="0.0"/>
  <testcase name="repetition 2208 of 5000" classname="com.mindhub.homebanking.HomebankingApplicationTest" time="0.001"/>
  <testcase name="repetition 2209 of 5000" classname="com.mindhub.homebanking.HomebankingApplicationTest" time="0.001"/>
  <testcase name="repetition 2210 of 5000" classname="com.mindhub.homebanking.HomebankingApplicationTest" time="0.0"/>
  <testcase name="repetition 2211 of 5000" classname="com.mindhub.homebanking.HomebankingApplicationTest" time="0.001"/>
  <testcase name="repetition 2212 of 5000" classname="com.mindhub.homebanking.HomebankingApplicationTest" time="0.0"/>
  <testcase name="repetition 2213 of 5000" classname="com.mindhub.homebanking.HomebankingApplicationTest" time="0.001"/>
  <testcase name="repetition 2214 of 5000" classname="com.mindhub.homebanking.HomebankingApplicationTest" time="0.001"/>
  <testcase name="repetition 2215 of 5000" classname="com.mindhub.homebanking.HomebankingApplicationTest" time="0.0"/>
  <testcase name="repetition 2216 of 5000" classname="com.mindhub.homebanking.HomebankingApplicationTest" time="0.001"/>
  <testcase name="repetition 2217 of 5000" classname="com.mindhub.homebanking.HomebankingApplicationTest" time="0.0"/>
  <testcase name="repetition 2218 of 5000" classname="com.mindhub.homebanking.HomebankingApplicationTest" time="0.001"/>
  <testcase name="repetition 2219 of 5000" classname="com.mindhub.homebanking.HomebankingApplicationTest" time="0.0"/>
  <testcase name="repetition 2220 of 5000" classname="com.mindhub.homebanking.HomebankingApplicationTest" time="0.001"/>
  <testcase name="repetition 2221 of 5000" classname="com.mindhub.homebanking.HomebankingApplicationTest" time="0.001"/>
  <testcase name="repetition 2222 of 5000" classname="com.mindhub.homebanking.HomebankingApplicationTest" time="0.001"/>
  <testcase name="repetition 2223 of 5000" classname="com.mindhub.homebanking.HomebankingApplicationTest" time="0.001"/>
  <testcase name="repetition 2224 of 5000" classname="com.mindhub.homebanking.HomebankingApplicationTest" time="0.0"/>
  <testcase name="repetition 2225 of 5000" classname="com.mindhub.homebanking.HomebankingApplicationTest" time="0.001"/>
  <testcase name="repetition 2226 of 5000" classname="com.mindhub.homebanking.HomebankingApplicationTest" time="0.001"/>
  <testcase name="repetition 2227 of 5000" classname="com.mindhub.homebanking.HomebankingApplicationTest" time="0.001"/>
  <testcase name="repetition 2228 of 5000" classname="com.mindhub.homebanking.HomebankingApplicationTest" time="0.001"/>
  <testcase name="repetition 2229 of 5000" classname="com.mindhub.homebanking.HomebankingApplicationTest" time="0.001"/>
  <testcase name="repetition 2230 of 5000" classname="com.mindhub.homebanking.HomebankingApplicationTest" time="0.0"/>
  <testcase name="repetition 2231 of 5000" classname="com.mindhub.homebanking.HomebankingApplicationTest" time="0.001"/>
  <testcase name="repetition 2232 of 5000" classname="com.mindhub.homebanking.HomebankingApplicationTest" time="0.001"/>
  <testcase name="repetition 2233 of 5000" classname="com.mindhub.homebanking.HomebankingApplicationTest" time="0.0"/>
  <testcase name="repetition 2234 of 5000" classname="com.mindhub.homebanking.HomebankingApplicationTest" time="0.001"/>
  <testcase name="repetition 2235 of 5000" classname="com.mindhub.homebanking.HomebankingApplicationTest" time="0.0"/>
  <testcase name="repetition 2236 of 5000" classname="com.mindhub.homebanking.HomebankingApplicationTest" time="0.0"/>
  <testcase name="repetition 2237 of 5000" classname="com.mindhub.homebanking.HomebankingApplicationTest" time="0.001"/>
  <testcase name="repetition 2238 of 5000" classname="com.mindhub.homebanking.HomebankingApplicationTest" time="0.001"/>
  <testcase name="repetition 2239 of 5000" classname="com.mindhub.homebanking.HomebankingApplicationTest" time="0.001"/>
  <testcase name="repetition 2240 of 5000" classname="com.mindhub.homebanking.HomebankingApplicationTest" time="0.001"/>
  <testcase name="repetition 2241 of 5000" classname="com.mindhub.homebanking.HomebankingApplicationTest" time="0.001"/>
  <testcase name="repetition 2242 of 5000" classname="com.mindhub.homebanking.HomebankingApplicationTest" time="0.001"/>
  <testcase name="repetition 2243 of 5000" classname="com.mindhub.homebanking.HomebankingApplicationTest" time="0.001"/>
  <testcase name="repetition 2244 of 5000" classname="com.mindhub.homebanking.HomebankingApplicationTest" time="0.001"/>
  <testcase name="repetition 2245 of 5000" classname="com.mindhub.homebanking.HomebankingApplicationTest" time="0.001"/>
  <testcase name="repetition 2246 of 5000" classname="com.mindhub.homebanking.HomebankingApplicationTest" time="0.001"/>
  <testcase name="repetition 2247 of 5000" classname="com.mindhub.homebanking.HomebankingApplicationTest" time="0.0"/>
  <testcase name="repetition 2248 of 5000" classname="com.mindhub.homebanking.HomebankingApplicationTest" time="0.001"/>
  <testcase name="repetition 2249 of 5000" classname="com.mindhub.homebanking.HomebankingApplicationTest" time="0.001"/>
  <testcase name="repetition 2250 of 5000" classname="com.mindhub.homebanking.HomebankingApplicationTest" time="0.001"/>
  <testcase name="repetition 2251 of 5000" classname="com.mindhub.homebanking.HomebankingApplicationTest" time="0.001"/>
  <testcase name="repetition 2252 of 5000" classname="com.mindhub.homebanking.HomebankingApplicationTest" time="0.001"/>
  <testcase name="repetition 2253 of 5000" classname="com.mindhub.homebanking.HomebankingApplicationTest" time="0.0"/>
  <testcase name="repetition 2254 of 5000" classname="com.mindhub.homebanking.HomebankingApplicationTest" time="0.0"/>
  <testcase name="repetition 2255 of 5000" classname="com.mindhub.homebanking.HomebankingApplicationTest" time="0.0"/>
  <testcase name="repetition 2256 of 5000" classname="com.mindhub.homebanking.HomebankingApplicationTest" time="0.001"/>
  <testcase name="repetition 2257 of 5000" classname="com.mindhub.homebanking.HomebankingApplicationTest" time="0.001"/>
  <testcase name="repetition 2258 of 5000" classname="com.mindhub.homebanking.HomebankingApplicationTest" time="0.0"/>
  <testcase name="repetition 2259 of 5000" classname="com.mindhub.homebanking.HomebankingApplicationTest" time="0.001"/>
  <testcase name="repetition 2260 of 5000" classname="com.mindhub.homebanking.HomebankingApplicationTest" time="0.0"/>
  <testcase name="repetition 2261 of 5000" classname="com.mindhub.homebanking.HomebankingApplicationTest" time="0.0"/>
  <testcase name="repetition 2262 of 5000" classname="com.mindhub.homebanking.HomebankingApplicationTest" time="0.001"/>
  <testcase name="repetition 2263 of 5000" classname="com.mindhub.homebanking.HomebankingApplicationTest" time="0.001"/>
  <testcase name="repetition 2264 of 5000" classname="com.mindhub.homebanking.HomebankingApplicationTest" time="0.001"/>
  <testcase name="repetition 2265 of 5000" classname="com.mindhub.homebanking.HomebankingApplicationTest" time="0.0"/>
  <testcase name="repetition 2266 of 5000" classname="com.mindhub.homebanking.HomebankingApplicationTest" time="0.002"/>
  <testcase name="repetition 2267 of 5000" classname="com.mindhub.homebanking.HomebankingApplicationTest" time="0.001"/>
  <testcase name="repetition 2268 of 5000" classname="com.mindhub.homebanking.HomebankingApplicationTest" time="0.0"/>
  <testcase name="repetition 2269 of 5000" classname="com.mindhub.homebanking.HomebankingApplicationTest" time="0.001"/>
  <testcase name="repetition 2270 of 5000" classname="com.mindhub.homebanking.HomebankingApplicationTest" time="0.001"/>
  <testcase name="repetition 2271 of 5000" classname="com.mindhub.homebanking.HomebankingApplicationTest" time="0.0"/>
  <testcase name="repetition 2272 of 5000" classname="com.mindhub.homebanking.HomebankingApplicationTest" time="0.0"/>
  <testcase name="repetition 2273 of 5000" classname="com.mindhub.homebanking.HomebankingApplicationTest" time="0.001"/>
  <testcase name="repetition 2274 of 5000" classname="com.mindhub.homebanking.HomebankingApplicationTest" time="0.001"/>
  <testcase name="repetition 2275 of 5000" classname="com.mindhub.homebanking.HomebankingApplicationTest" time="0.0"/>
  <testcase name="repetition 2276 of 5000" classname="com.mindhub.homebanking.HomebankingApplicationTest" time="0.001"/>
  <testcase name="repetition 2277 of 5000" classname="com.mindhub.homebanking.HomebankingApplicationTest" time="0.0"/>
  <testcase name="repetition 2278 of 5000" classname="com.mindhub.homebanking.HomebankingApplicationTest" time="0.001"/>
  <testcase name="repetition 2279 of 5000" classname="com.mindhub.homebanking.HomebankingApplicationTest" time="0.0"/>
  <testcase name="repetition 2280 of 5000" classname="com.mindhub.homebanking.HomebankingApplicationTest" time="0.001"/>
  <testcase name="repetition 2281 of 5000" classname="com.mindhub.homebanking.HomebankingApplicationTest" time="0.0"/>
  <testcase name="repetition 2282 of 5000" classname="com.mindhub.homebanking.HomebankingApplicationTest" time="0.0"/>
  <testcase name="repetition 2283 of 5000" classname="com.mindhub.homebanking.HomebankingApplicationTest" time="0.002"/>
  <testcase name="repetition 2284 of 5000" classname="com.mindhub.homebanking.HomebankingApplicationTest" time="0.001"/>
  <testcase name="repetition 2285 of 5000" classname="com.mindhub.homebanking.HomebankingApplicationTest" time="0.001"/>
  <testcase name="repetition 2286 of 5000" classname="com.mindhub.homebanking.HomebankingApplicationTest" time="0.001"/>
  <testcase name="repetition 2287 of 5000" classname="com.mindhub.homebanking.HomebankingApplicationTest" time="0.0"/>
  <testcase name="repetition 2288 of 5000" classname="com.mindhub.homebanking.HomebankingApplicationTest" time="0.001"/>
  <testcase name="repetition 2289 of 5000" classname="com.mindhub.homebanking.HomebankingApplicationTest" time="0.0"/>
  <testcase name="repetition 2290 of 5000" classname="com.mindhub.homebanking.HomebankingApplicationTest" time="0.0"/>
  <testcase name="repetition 2291 of 5000" classname="com.mindhub.homebanking.HomebankingApplicationTest" time="0.001"/>
  <testcase name="repetition 2292 of 5000" classname="com.mindhub.homebanking.HomebankingApplicationTest" time="0.001"/>
  <testcase name="repetition 2293 of 5000" classname="com.mindhub.homebanking.HomebankingApplicationTest" time="0.0"/>
  <testcase name="repetition 2294 of 5000" classname="com.mindhub.homebanking.HomebankingApplicationTest" time="0.001"/>
  <testcase name="repetition 2295 of 5000" classname="com.mindhub.homebanking.HomebankingApplicationTest" time="0.0"/>
  <testcase name="repetition 2296 of 5000" classname="com.mindhub.homebanking.HomebankingApplicationTest" time="0.001"/>
  <testcase name="repetition 2297 of 5000" classname="com.mindhub.homebanking.HomebankingApplicationTest" time="0.0"/>
  <testcase name="repetition 2298 of 5000" classname="com.mindhub.homebanking.HomebankingApplicationTest" time="0.001"/>
  <testcase name="repetition 2299 of 5000" classname="com.mindhub.homebanking.HomebankingApplicationTest" time="0.001"/>
  <testcase name="repetition 2300 of 5000" classname="com.mindhub.homebanking.HomebankingApplicationTest" time="0.001"/>
  <testcase name="repetition 2301 of 5000" classname="com.mindhub.homebanking.HomebankingApplicationTest" time="0.0"/>
  <testcase name="repetition 2302 of 5000" classname="com.mindhub.homebanking.HomebankingApplicationTest" time="0.0"/>
  <testcase name="repetition 2303 of 5000" classname="com.mindhub.homebanking.HomebankingApplicationTest" time="0.001"/>
  <testcase name="repetition 2304 of 5000" classname="com.mindhub.homebanking.HomebankingApplicationTest" time="0.001"/>
  <testcase name="repetition 2305 of 5000" classname="com.mindhub.homebanking.HomebankingApplicationTest" time="0.0"/>
  <testcase name="repetition 2306 of 5000" classname="com.mindhub.homebanking.HomebankingApplicationTest" time="0.001"/>
  <testcase name="repetition 2307 of 5000" classname="com.mindhub.homebanking.HomebankingApplicationTest" time="0.001"/>
  <testcase name="repetition 2308 of 5000" classname="com.mindhub.homebanking.HomebankingApplicationTest" time="0.001"/>
  <testcase name="repetition 2309 of 5000" classname="com.mindhub.homebanking.HomebankingApplicationTest" time="0.0"/>
  <testcase name="repetition 2310 of 5000" classname="com.mindhub.homebanking.HomebankingApplicationTest" time="0.001"/>
  <testcase name="repetition 2311 of 5000" classname="com.mindhub.homebanking.HomebankingApplicationTest" time="0.001"/>
  <testcase name="repetition 2312 of 5000" classname="com.mindhub.homebanking.HomebankingApplicationTest" time="0.0"/>
  <testcase name="repetition 2313 of 5000" classname="com.mindhub.homebanking.HomebankingApplicationTest" time="0.0"/>
  <testcase name="repetition 2314 of 5000" classname="com.mindhub.homebanking.HomebankingApplicationTest" time="0.0"/>
  <testcase name="repetition 2315 of 5000" classname="com.mindhub.homebanking.HomebankingApplicationTest" time="0.0"/>
  <testcase name="repetition 2316 of 5000" classname="com.mindhub.homebanking.HomebankingApplicationTest" time="0.0"/>
  <testcase name="repetition 2317 of 5000" classname="com.mindhub.homebanking.HomebankingApplicationTest" time="0.001"/>
  <testcase name="repetition 2318 of 5000" classname="com.mindhub.homebanking.HomebankingApplicationTest" time="0.0"/>
  <testcase name="repetition 2319 of 5000" classname="com.mindhub.homebanking.HomebankingApplicationTest" time="0.001"/>
  <testcase name="repetition 2320 of 5000" classname="com.mindhub.homebanking.HomebankingApplicationTest" time="0.0"/>
  <testcase name="repetition 2321 of 5000" classname="com.mindhub.homebanking.HomebankingApplicationTest" time="0.001"/>
  <testcase name="repetition 2322 of 5000" classname="com.mindhub.homebanking.HomebankingApplicationTest" time="0.001"/>
  <testcase name="repetition 2323 of 5000" classname="com.mindhub.homebanking.HomebankingApplicationTest" time="0.0"/>
  <testcase name="repetition 2324 of 5000" classname="com.mindhub.homebanking.HomebankingApplicationTest" time="0.001"/>
  <testcase name="repetition 2325 of 5000" classname="com.mindhub.homebanking.HomebankingApplicationTest" time="0.001"/>
  <testcase name="repetition 2326 of 5000" classname="com.mindhub.homebanking.HomebankingApplicationTest" time="0.0"/>
  <testcase name="repetition 2327 of 5000" classname="com.mindhub.homebanking.HomebankingApplicationTest" time="0.0"/>
  <testcase name="repetition 2328 of 5000" classname="com.mindhub.homebanking.HomebankingApplicationTest" time="0.0"/>
  <testcase name="repetition 2329 of 5000" classname="com.mindhub.homebanking.HomebankingApplicationTest" time="0.0"/>
  <testcase name="repetition 2330 of 5000" classname="com.mindhub.homebanking.HomebankingApplicationTest" time="0.001"/>
  <testcase name="repetition 2331 of 5000" classname="com.mindhub.homebanking.HomebankingApplicationTest" time="0.001"/>
  <testcase name="repetition 2332 of 5000" classname="com.mindhub.homebanking.HomebankingApplicationTest" time="0.001"/>
  <testcase name="repetition 2333 of 5000" classname="com.mindhub.homebanking.HomebankingApplicationTest" time="0.0"/>
  <testcase name="repetition 2334 of 5000" classname="com.mindhub.homebanking.HomebankingApplicationTest" time="0.001"/>
  <testcase name="repetition 2335 of 5000" classname="com.mindhub.homebanking.HomebankingApplicationTest" time="0.0"/>
  <testcase name="repetition 2336 of 5000" classname="com.mindhub.homebanking.HomebankingApplicationTest" time="0.001"/>
  <testcase name="repetition 2337 of 5000" classname="com.mindhub.homebanking.HomebankingApplicationTest" time="0.0"/>
  <testcase name="repetition 2338 of 5000" classname="com.mindhub.homebanking.HomebankingApplicationTest" time="0.001"/>
  <testcase name="repetition 2339 of 5000" classname="com.mindhub.homebanking.HomebankingApplicationTest" time="0.0"/>
  <testcase name="repetition 2340 of 5000" classname="com.mindhub.homebanking.HomebankingApplicationTest" time="0.001"/>
  <testcase name="repetition 2341 of 5000" classname="com.mindhub.homebanking.HomebankingApplicationTest" time="0.0"/>
  <testcase name="repetition 2342 of 5000" classname="com.mindhub.homebanking.HomebankingApplicationTest" time="0.0"/>
  <testcase name="repetition 2343 of 5000" classname="com.mindhub.homebanking.HomebankingApplicationTest" time="0.0"/>
  <testcase name="repetition 2344 of 5000" classname="com.mindhub.homebanking.HomebankingApplicationTest" time="0.001"/>
  <testcase name="repetition 2345 of 5000" classname="com.mindhub.homebanking.HomebankingApplicationTest" time="0.001"/>
  <testcase name="repetition 2346 of 5000" classname="com.mindhub.homebanking.HomebankingApplicationTest" time="0.0"/>
  <testcase name="repetition 2347 of 5000" classname="com.mindhub.homebanking.HomebankingApplicationTest" time="0.0"/>
  <testcase name="repetition 2348 of 5000" classname="com.mindhub.homebanking.HomebankingApplicationTest" time="0.001"/>
  <testcase name="repetition 2349 of 5000" classname="com.mindhub.homebanking.HomebankingApplicationTest" time="0.001"/>
  <testcase name="repetition 2350 of 5000" classname="com.mindhub.homebanking.HomebankingApplicationTest" time="0.0"/>
  <testcase name="repetition 2351 of 5000" classname="com.mindhub.homebanking.HomebankingApplicationTest" time="0.001"/>
  <testcase name="repetition 2352 of 5000" classname="com.mindhub.homebanking.HomebankingApplicationTest" time="0.0"/>
  <testcase name="repetition 2353 of 5000" classname="com.mindhub.homebanking.HomebankingApplicationTest" time="0.001"/>
  <testcase name="repetition 2354 of 5000" classname="com.mindhub.homebanking.HomebankingApplicationTest" time="0.001"/>
  <testcase name="repetition 2355 of 5000" classname="com.mindhub.homebanking.HomebankingApplicationTest" time="0.0"/>
  <testcase name="repetition 2356 of 5000" classname="com.mindhub.homebanking.HomebankingApplicationTest" time="0.001"/>
  <testcase name="repetition 2357 of 5000" classname="com.mindhub.homebanking.HomebankingApplicationTest" time="0.0"/>
  <testcase name="repetition 2358 of 5000" classname="com.mindhub.homebanking.HomebankingApplicationTest" time="0.001"/>
  <testcase name="repetition 2359 of 5000" classname="com.mindhub.homebanking.HomebankingApplicationTest" time="0.001"/>
  <testcase name="repetition 2360 of 5000" classname="com.mindhub.homebanking.HomebankingApplicationTest" time="0.0"/>
  <testcase name="repetition 2361 of 5000" classname="com.mindhub.homebanking.HomebankingApplicationTest" time="0.001"/>
  <testcase name="repetition 2362 of 5000" classname="com.mindhub.homebanking.HomebankingApplicationTest" time="0.0"/>
  <testcase name="repetition 2363 of 5000" classname="com.mindhub.homebanking.HomebankingApplicationTest" time="0.001"/>
  <testcase name="repetition 2364 of 5000" classname="com.mindhub.homebanking.HomebankingApplicationTest" time="0.0"/>
  <testcase name="repetition 2365 of 5000" classname="com.mindhub.homebanking.HomebankingApplicationTest" time="0.001"/>
  <testcase name="repetition 2366 of 5000" classname="com.mindhub.homebanking.HomebankingApplicationTest" time="0.001"/>
  <testcase name="repetition 2367 of 5000" classname="com.mindhub.homebanking.HomebankingApplicationTest" time="0.0"/>
  <testcase name="repetition 2368 of 5000" classname="com.mindhub.homebanking.HomebankingApplicationTest" time="0.0"/>
  <testcase name="repetition 2369 of 5000" classname="com.mindhub.homebanking.HomebankingApplicationTest" time="0.001"/>
  <testcase name="repetition 2370 of 5000" classname="com.mindhub.homebanking.HomebankingApplicationTest" time="0.0"/>
  <testcase name="repetition 2371 of 5000" classname="com.mindhub.homebanking.HomebankingApplicationTest" time="0.0"/>
  <testcase name="repetition 2372 of 5000" classname="com.mindhub.homebanking.HomebankingApplicationTest" time="0.001"/>
  <testcase name="repetition 2373 of 5000" classname="com.mindhub.homebanking.HomebankingApplicationTest" time="0.0"/>
  <testcase name="repetition 2374 of 5000" classname="com.mindhub.homebanking.HomebankingApplicationTest" time="0.001"/>
  <testcase name="repetition 2375 of 5000" classname="com.mindhub.homebanking.HomebankingApplicationTest" time="0.0"/>
  <testcase name="repetition 2376 of 5000" classname="com.mindhub.homebanking.HomebankingApplicationTest" time="0.001"/>
  <testcase name="repetition 2377 of 5000" classname="com.mindhub.homebanking.HomebankingApplicationTest" time="0.0"/>
  <testcase name="repetition 2378 of 5000" classname="com.mindhub.homebanking.HomebankingApplicationTest" time="0.001"/>
  <testcase name="repetition 2379 of 5000" classname="com.mindhub.homebanking.HomebankingApplicationTest" time="0.001"/>
  <testcase name="repetition 2380 of 5000" classname="com.mindhub.homebanking.HomebankingApplicationTest" time="0.0"/>
  <testcase name="repetition 2381 of 5000" classname="com.mindhub.homebanking.HomebankingApplicationTest" time="0.001"/>
  <testcase name="repetition 2382 of 5000" classname="com.mindhub.homebanking.HomebankingApplicationTest" time="0.0"/>
  <testcase name="repetition 2383 of 5000" classname="com.mindhub.homebanking.HomebankingApplicationTest" time="0.0"/>
  <testcase name="repetition 2384 of 5000" classname="com.mindhub.homebanking.HomebankingApplicationTest" time="0.001"/>
  <testcase name="repetition 2385 of 5000" classname="com.mindhub.homebanking.HomebankingApplicationTest" time="0.001"/>
  <testcase name="repetition 2386 of 5000" classname="com.mindhub.homebanking.HomebankingApplicationTest" time="0.001"/>
  <testcase name="repetition 2387 of 5000" classname="com.mindhub.homebanking.HomebankingApplicationTest" time="0.0"/>
  <testcase name="repetition 2388 of 5000" classname="com.mindhub.homebanking.HomebankingApplicationTest" time="0.001"/>
  <testcase name="repetition 2389 of 5000" classname="com.mindhub.homebanking.HomebankingApplicationTest" time="0.0"/>
  <testcase name="repetition 2390 of 5000" classname="com.mindhub.homebanking.HomebankingApplicationTest" time="0.001"/>
  <testcase name="repetition 2391 of 5000" classname="com.mindhub.homebanking.HomebankingApplicationTest" time="0.0"/>
  <testcase name="repetition 2392 of 5000" classname="com.mindhub.homebanking.HomebankingApplicationTest" time="0.001"/>
  <testcase name="repetition 2393 of 5000" classname="com.mindhub.homebanking.HomebankingApplicationTest" time="0.0"/>
  <testcase name="repetition 2394 of 5000" classname="com.mindhub.homebanking.HomebankingApplicationTest" time="0.001"/>
  <testcase name="repetition 2395 of 5000" classname="com.mindhub.homebanking.HomebankingApplicationTest" time="0.0"/>
  <testcase name="repetition 2396 of 5000" classname="com.mindhub.homebanking.HomebankingApplicationTest" time="0.001"/>
  <testcase name="repetition 2397 of 5000" classname="com.mindhub.homebanking.HomebankingApplicationTest" time="0.0"/>
  <testcase name="repetition 2398 of 5000" classname="com.mindhub.homebanking.HomebankingApplicationTest" time="0.001"/>
  <testcase name="repetition 2399 of 5000" classname="com.mindhub.homebanking.HomebankingApplicationTest" time="0.0"/>
  <testcase name="repetition 2400 of 5000" classname="com.mindhub.homebanking.HomebankingApplicationTest" time="0.001"/>
  <testcase name="repetition 2401 of 5000" classname="com.mindhub.homebanking.HomebankingApplicationTest" time="0.0"/>
  <testcase name="repetition 2402 of 5000" classname="com.mindhub.homebanking.HomebankingApplicationTest" time="0.001"/>
  <testcase name="repetition 2403 of 5000" classname="com.mindhub.homebanking.HomebankingApplicationTest" time="0.001"/>
  <testcase name="repetition 2404 of 5000" classname="com.mindhub.homebanking.HomebankingApplicationTest" time="0.0"/>
  <testcase name="repetition 2405 of 5000" classname="com.mindhub.homebanking.HomebankingApplicationTest" time="0.0"/>
  <testcase name="repetition 2406 of 5000" classname="com.mindhub.homebanking.HomebankingApplicationTest" time="0.0"/>
  <testcase name="repetition 2407 of 5000" classname="com.mindhub.homebanking.HomebankingApplicationTest" time="0.0"/>
  <testcase name="repetition 2408 of 5000" classname="com.mindhub.homebanking.HomebankingApplicationTest" time="0.001"/>
  <testcase name="repetition 2409 of 5000" classname="com.mindhub.homebanking.HomebankingApplicationTest" time="0.0"/>
  <testcase name="repetition 2410 of 5000" classname="com.mindhub.homebanking.HomebankingApplicationTest" time="0.0"/>
  <testcase name="repetition 2411 of 5000" classname="com.mindhub.homebanking.HomebankingApplicationTest" time="0.0"/>
  <testcase name="repetition 2412 of 5000" classname="com.mindhub.homebanking.HomebankingApplicationTest" time="0.0"/>
  <testcase name="repetition 2413 of 5000" classname="com.mindhub.homebanking.HomebankingApplicationTest" time="0.001"/>
  <testcase name="repetition 2414 of 5000" classname="com.mindhub.homebanking.HomebankingApplicationTest" time="0.0"/>
  <testcase name="repetition 2415 of 5000" classname="com.mindhub.homebanking.HomebankingApplicationTest" time="0.001"/>
  <testcase name="repetition 2416 of 5000" classname="com.mindhub.homebanking.HomebankingApplicationTest" time="0.001"/>
  <testcase name="repetition 2417 of 5000" classname="com.mindhub.homebanking.HomebankingApplicationTest" time="0.0"/>
  <testcase name="repetition 2418 of 5000" classname="com.mindhub.homebanking.HomebankingApplicationTest" time="0.0"/>
  <testcase name="repetition 2419 of 5000" classname="com.mindhub.homebanking.HomebankingApplicationTest" time="0.001"/>
  <testcase name="repetition 2420 of 5000" classname="com.mindhub.homebanking.HomebankingApplicationTest" time="0.0"/>
  <testcase name="repetition 2421 of 5000" classname="com.mindhub.homebanking.HomebankingApplicationTest" time="0.001"/>
  <testcase name="repetition 2422 of 5000" classname="com.mindhub.homebanking.HomebankingApplicationTest" time="0.0"/>
  <testcase name="repetition 2423 of 5000" classname="com.mindhub.homebanking.HomebankingApplicationTest" time="0.001"/>
  <testcase name="repetition 2424 of 5000" classname="com.mindhub.homebanking.HomebankingApplicationTest" time="0.001"/>
  <testcase name="repetition 2425 of 5000" classname="com.mindhub.homebanking.HomebankingApplicationTest" time="0.0"/>
  <testcase name="repetition 2426 of 5000" classname="com.mindhub.homebanking.HomebankingApplicationTest" time="0.001"/>
  <testcase name="repetition 2427 of 5000" classname="com.mindhub.homebanking.HomebankingApplicationTest" time="0.0"/>
  <testcase name="repetition 2428 of 5000" classname="com.mindhub.homebanking.HomebankingApplicationTest" time="0.001"/>
  <testcase name="repetition 2429 of 5000" classname="com.mindhub.homebanking.HomebankingApplicationTest" time="0.0"/>
  <testcase name="repetition 2430 of 5000" classname="com.mindhub.homebanking.HomebankingApplicationTest" time="0.001"/>
  <testcase name="repetition 2431 of 5000" classname="com.mindhub.homebanking.HomebankingApplicationTest" time="0.0"/>
  <testcase name="repetition 2432 of 5000" classname="com.mindhub.homebanking.HomebankingApplicationTest" time="0.001"/>
  <testcase name="repetition 2433 of 5000" classname="com.mindhub.homebanking.HomebankingApplicationTest" time="0.0"/>
  <testcase name="repetition 2434 of 5000" classname="com.mindhub.homebanking.HomebankingApplicationTest" time="0.001"/>
  <testcase name="repetition 2435 of 5000" classname="com.mindhub.homebanking.HomebankingApplicationTest" time="0.0"/>
  <testcase name="repetition 2436 of 5000" classname="com.mindhub.homebanking.HomebankingApplicationTest" time="0.0"/>
  <testcase name="repetition 2437 of 5000" classname="com.mindhub.homebanking.HomebankingApplicationTest" time="0.0"/>
  <testcase name="repetition 2438 of 5000" classname="com.mindhub.homebanking.HomebankingApplicationTest" time="0.001"/>
  <testcase name="repetition 2439 of 5000" classname="com.mindhub.homebanking.HomebankingApplicationTest" time="0.001"/>
  <testcase name="repetition 2440 of 5000" classname="com.mindhub.homebanking.HomebankingApplicationTest" time="0.0"/>
  <testcase name="repetition 2441 of 5000" classname="com.mindhub.homebanking.HomebankingApplicationTest" time="0.001"/>
  <testcase name="repetition 2442 of 5000" classname="com.mindhub.homebanking.HomebankingApplicationTest" time="0.001"/>
  <testcase name="repetition 2443 of 5000" classname="com.mindhub.homebanking.HomebankingApplicationTest" time="0.001"/>
  <testcase name="repetition 2444 of 5000" classname="com.mindhub.homebanking.HomebankingApplicationTest" time="0.001"/>
  <testcase name="repetition 2445 of 5000" classname="com.mindhub.homebanking.HomebankingApplicationTest" time="0.001"/>
  <testcase name="repetition 2446 of 5000" classname="com.mindhub.homebanking.HomebankingApplicationTest" time="0.0"/>
  <testcase name="repetition 2447 of 5000" classname="com.mindhub.homebanking.HomebankingApplicationTest" time="0.001"/>
  <testcase name="repetition 2448 of 5000" classname="com.mindhub.homebanking.HomebankingApplicationTest" time="0.001"/>
  <testcase name="repetition 2449 of 5000" classname="com.mindhub.homebanking.HomebankingApplicationTest" time="0.0"/>
  <testcase name="repetition 2450 of 5000" classname="com.mindhub.homebanking.HomebankingApplicationTest" time="0.0"/>
  <testcase name="repetition 2451 of 5000" classname="com.mindhub.homebanking.HomebankingApplicationTest" time="0.0"/>
  <testcase name="repetition 2452 of 5000" classname="com.mindhub.homebanking.HomebankingApplicationTest" time="0.0"/>
  <testcase name="repetition 2453 of 5000" classname="com.mindhub.homebanking.HomebankingApplicationTest" time="0.0"/>
  <testcase name="repetition 2454 of 5000" classname="com.mindhub.homebanking.HomebankingApplicationTest" time="0.001"/>
  <testcase name="repetition 2455 of 5000" classname="com.mindhub.homebanking.HomebankingApplicationTest" time="0.0"/>
  <testcase name="repetition 2456 of 5000" classname="com.mindhub.homebanking.HomebankingApplicationTest" time="0.001"/>
  <testcase name="repetition 2457 of 5000" classname="com.mindhub.homebanking.HomebankingApplicationTest" time="0.0"/>
  <testcase name="repetition 2458 of 5000" classname="com.mindhub.homebanking.HomebankingApplicationTest" time="0.001"/>
  <testcase name="repetition 2459 of 5000" classname="com.mindhub.homebanking.HomebankingApplicationTest" time="0.001"/>
  <testcase name="repetition 2460 of 5000" classname="com.mindhub.homebanking.HomebankingApplicationTest" time="0.001"/>
  <testcase name="repetition 2461 of 5000" classname="com.mindhub.homebanking.HomebankingApplicationTest" time="0.0"/>
  <testcase name="repetition 2462 of 5000" classname="com.mindhub.homebanking.HomebankingApplicationTest" time="0.001"/>
  <testcase name="repetition 2463 of 5000" classname="com.mindhub.homebanking.HomebankingApplicationTest" time="0.0"/>
  <testcase name="repetition 2464 of 5000" classname="com.mindhub.homebanking.HomebankingApplicationTest" time="0.001"/>
  <testcase name="repetition 2465 of 5000" classname="com.mindhub.homebanking.HomebankingApplicationTest" time="0.0"/>
  <testcase name="repetition 2466 of 5000" classname="com.mindhub.homebanking.HomebankingApplicationTest" time="0.0"/>
  <testcase name="repetition 2467 of 5000" classname="com.mindhub.homebanking.HomebankingApplicationTest" time="0.001"/>
  <testcase name="repetition 2468 of 5000" classname="com.mindhub.homebanking.HomebankingApplicationTest" time="0.001"/>
  <testcase name="repetition 2469 of 5000" classname="com.mindhub.homebanking.HomebankingApplicationTest" time="0.0"/>
  <testcase name="repetition 2470 of 5000" classname="com.mindhub.homebanking.HomebankingApplicationTest" time="0.001"/>
  <testcase name="repetition 2471 of 5000" classname="com.mindhub.homebanking.HomebankingApplicationTest" time="0.0"/>
  <testcase name="repetition 2472 of 5000" classname="com.mindhub.homebanking.HomebankingApplicationTest" time="0.001"/>
  <testcase name="repetition 2473 of 5000" classname="com.mindhub.homebanking.HomebankingApplicationTest" time="0.0"/>
  <testcase name="repetition 2474 of 5000" classname="com.mindhub.homebanking.HomebankingApplicationTest" time="0.001"/>
  <testcase name="repetition 2475 of 5000" classname="com.mindhub.homebanking.HomebankingApplicationTest" time="0.0"/>
  <testcase name="repetition 2476 of 5000" classname="com.mindhub.homebanking.HomebankingApplicationTest" time="0.001"/>
  <testcase name="repetition 2477 of 5000" classname="com.mindhub.homebanking.HomebankingApplicationTest" time="0.001"/>
  <testcase name="repetition 2478 of 5000" classname="com.mindhub.homebanking.HomebankingApplicationTest" time="0.0"/>
  <testcase name="repetition 2479 of 5000" classname="com.mindhub.homebanking.HomebankingApplicationTest" time="0.0"/>
  <testcase name="repetition 2480 of 5000" classname="com.mindhub.homebanking.HomebankingApplicationTest" time="0.001"/>
  <testcase name="repetition 2481 of 5000" classname="com.mindhub.homebanking.HomebankingApplicationTest" time="0.001"/>
  <testcase name="repetition 2482 of 5000" classname="com.mindhub.homebanking.HomebankingApplicationTest" time="0.001"/>
  <testcase name="repetition 2483 of 5000" classname="com.mindhub.homebanking.HomebankingApplicationTest" time="0.0"/>
  <testcase name="repetition 2484 of 5000" classname="com.mindhub.homebanking.HomebankingApplicationTest" time="0.0"/>
  <testcase name="repetition 2485 of 5000" classname="com.mindhub.homebanking.HomebankingApplicationTest" time="0.001"/>
  <testcase name="repetition 2486 of 5000" classname="com.mindhub.homebanking.HomebankingApplicationTest" time="0.001"/>
  <testcase name="repetition 2487 of 5000" classname="com.mindhub.homebanking.HomebankingApplicationTest" time="0.001"/>
  <testcase name="repetition 2488 of 5000" classname="com.mindhub.homebanking.HomebankingApplicationTest" time="0.001"/>
  <testcase name="repetition 2489 of 5000" classname="com.mindhub.homebanking.HomebankingApplicationTest" time="0.001"/>
  <testcase name="repetition 2490 of 5000" classname="com.mindhub.homebanking.HomebankingApplicationTest" time="0.001"/>
  <testcase name="repetition 2491 of 5000" classname="com.mindhub.homebanking.HomebankingApplicationTest" time="0.001"/>
  <testcase name="repetition 2492 of 5000" classname="com.mindhub.homebanking.HomebankingApplicationTest" time="0.001"/>
  <testcase name="repetition 2493 of 5000" classname="com.mindhub.homebanking.HomebankingApplicationTest" time="0.001"/>
  <testcase name="repetition 2494 of 5000" classname="com.mindhub.homebanking.HomebankingApplicationTest" time="0.001"/>
  <testcase name="repetition 2495 of 5000" classname="com.mindhub.homebanking.HomebankingApplicationTest" time="0.001"/>
  <testcase name="repetition 2496 of 5000" classname="com.mindhub.homebanking.HomebankingApplicationTest" time="0.004"/>
  <testcase name="repetition 2497 of 5000" classname="com.mindhub.homebanking.HomebankingApplicationTest" time="0.001"/>
  <testcase name="repetition 2498 of 5000" classname="com.mindhub.homebanking.HomebankingApplicationTest" time="0.001"/>
  <testcase name="repetition 2499 of 5000" classname="com.mindhub.homebanking.HomebankingApplicationTest" time="0.0"/>
  <testcase name="repetition 2500 of 5000" classname="com.mindhub.homebanking.HomebankingApplicationTest" time="0.001"/>
  <testcase name="repetition 2501 of 5000" classname="com.mindhub.homebanking.HomebankingApplicationTest" time="0.001"/>
  <testcase name="repetition 2502 of 5000" classname="com.mindhub.homebanking.HomebankingApplicationTest" time="0.0"/>
  <testcase name="repetition 2503 of 5000" classname="com.mindhub.homebanking.HomebankingApplicationTest" time="0.001"/>
  <testcase name="repetition 2504 of 5000" classname="com.mindhub.homebanking.HomebankingApplicationTest" time="0.0"/>
  <testcase name="repetition 2505 of 5000" classname="com.mindhub.homebanking.HomebankingApplicationTest" time="0.001"/>
  <testcase name="repetition 2506 of 5000" classname="com.mindhub.homebanking.HomebankingApplicationTest" time="0.001"/>
  <testcase name="repetition 2507 of 5000" classname="com.mindhub.homebanking.HomebankingApplicationTest" time="0.0"/>
  <testcase name="repetition 2508 of 5000" classname="com.mindhub.homebanking.HomebankingApplicationTest" time="0.0"/>
  <testcase name="repetition 2509 of 5000" classname="com.mindhub.homebanking.HomebankingApplicationTest" time="0.001"/>
  <testcase name="repetition 2510 of 5000" classname="com.mindhub.homebanking.HomebankingApplicationTest" time="0.0"/>
  <testcase name="repetition 2511 of 5000" classname="com.mindhub.homebanking.HomebankingApplicationTest" time="0.0"/>
  <testcase name="repetition 2512 of 5000" classname="com.mindhub.homebanking.HomebankingApplicationTest" time="0.001"/>
  <testcase name="repetition 2513 of 5000" classname="com.mindhub.homebanking.HomebankingApplicationTest" time="0.0"/>
  <testcase name="repetition 2514 of 5000" classname="com.mindhub.homebanking.HomebankingApplicationTest" time="0.001"/>
  <testcase name="repetition 2515 of 5000" classname="com.mindhub.homebanking.HomebankingApplicationTest" time="0.0"/>
  <testcase name="repetition 2516 of 5000" classname="com.mindhub.homebanking.HomebankingApplicationTest" time="0.001"/>
  <testcase name="repetition 2517 of 5000" classname="com.mindhub.homebanking.HomebankingApplicationTest" time="0.0"/>
  <testcase name="repetition 2518 of 5000" classname="com.mindhub.homebanking.HomebankingApplicationTest" time="0.001"/>
  <testcase name="repetition 2519 of 5000" classname="com.mindhub.homebanking.HomebankingApplicationTest" time="0.001"/>
  <testcase name="repetition 2520 of 5000" classname="com.mindhub.homebanking.HomebankingApplicationTest" time="0.0"/>
  <testcase name="repetition 2521 of 5000" classname="com.mindhub.homebanking.HomebankingApplicationTest" time="0.0"/>
  <testcase name="repetition 2522 of 5000" classname="com.mindhub.homebanking.HomebankingApplicationTest" time="0.001"/>
  <testcase name="repetition 2523 of 5000" classname="com.mindhub.homebanking.HomebankingApplicationTest" time="0.001"/>
  <testcase name="repetition 2524 of 5000" classname="com.mindhub.homebanking.HomebankingApplicationTest" time="0.0"/>
  <testcase name="repetition 2525 of 5000" classname="com.mindhub.homebanking.HomebankingApplicationTest" time="0.001"/>
  <testcase name="repetition 2526 of 5000" classname="com.mindhub.homebanking.HomebankingApplicationTest" time="0.0"/>
  <testcase name="repetition 2527 of 5000" classname="com.mindhub.homebanking.HomebankingApplicationTest" time="0.001"/>
  <testcase name="repetition 2528 of 5000" classname="com.mindhub.homebanking.HomebankingApplicationTest" time="0.0"/>
  <testcase name="repetition 2529 of 5000" classname="com.mindhub.homebanking.HomebankingApplicationTest" time="0.001"/>
  <testcase name="repetition 2530 of 5000" classname="com.mindhub.homebanking.HomebankingApplicationTest" time="0.0"/>
  <testcase name="repetition 2531 of 5000" classname="com.mindhub.homebanking.HomebankingApplicationTest" time="0.001"/>
  <testcase name="repetition 2532 of 5000" classname="com.mindhub.homebanking.HomebankingApplicationTest" time="0.001"/>
  <testcase name="repetition 2533 of 5000" classname="com.mindhub.homebanking.HomebankingApplicationTest" time="0.001"/>
  <testcase name="repetition 2534 of 5000" classname="com.mindhub.homebanking.HomebankingApplicationTest" time="0.001"/>
  <testcase name="repetition 2535 of 5000" classname="com.mindhub.homebanking.HomebankingApplicationTest" time="0.001"/>
  <testcase name="repetition 2536 of 5000" classname="com.mindhub.homebanking.HomebankingApplicationTest" time="0.001"/>
  <testcase name="repetition 2537 of 5000" classname="com.mindhub.homebanking.HomebankingApplicationTest" time="0.0"/>
  <testcase name="repetition 2538 of 5000" classname="com.mindhub.homebanking.HomebankingApplicationTest" time="0.0"/>
  <testcase name="repetition 2539 of 5000" classname="com.mindhub.homebanking.HomebankingApplicationTest" time="0.001"/>
  <testcase name="repetition 2540 of 5000" classname="com.mindhub.homebanking.HomebankingApplicationTest" time="0.001"/>
  <testcase name="repetition 2541 of 5000" classname="com.mindhub.homebanking.HomebankingApplicationTest" time="0.0"/>
  <testcase name="repetition 2542 of 5000" classname="com.mindhub.homebanking.HomebankingApplicationTest" time="0.001"/>
  <testcase name="repetition 2543 of 5000" classname="com.mindhub.homebanking.HomebankingApplicationTest" time="0.0"/>
  <testcase name="repetition 2544 of 5000" classname="com.mindhub.homebanking.HomebankingApplicationTest" time="0.001"/>
  <testcase name="repetition 2545 of 5000" classname="com.mindhub.homebanking.HomebankingApplicationTest" time="0.001"/>
  <testcase name="repetition 2546 of 5000" classname="com.mindhub.homebanking.HomebankingApplicationTest" time="0.0"/>
  <testcase name="repetition 2547 of 5000" classname="com.mindhub.homebanking.HomebankingApplicationTest" time="0.001"/>
  <testcase name="repetition 2548 of 5000" classname="com.mindhub.homebanking.HomebankingApplicationTest" time="0.001"/>
  <testcase name="repetition 2549 of 5000" classname="com.mindhub.homebanking.HomebankingApplicationTest" time="0.0"/>
  <testcase name="repetition 2550 of 5000" classname="com.mindhub.homebanking.HomebankingApplicationTest" time="0.001"/>
  <testcase name="repetition 2551 of 5000" classname="com.mindhub.homebanking.HomebankingApplicationTest" time="0.0"/>
  <testcase name="repetition 2552 of 5000" classname="com.mindhub.homebanking.HomebankingApplicationTest" time="0.001"/>
  <testcase name="repetition 2553 of 5000" classname="com.mindhub.homebanking.HomebankingApplicationTest" time="0.001"/>
  <testcase name="repetition 2554 of 5000" classname="com.mindhub.homebanking.HomebankingApplicationTest" time="0.0"/>
  <testcase name="repetition 2555 of 5000" classname="com.mindhub.homebanking.HomebankingApplicationTest" time="0.001"/>
  <testcase name="repetition 2556 of 5000" classname="com.mindhub.homebanking.HomebankingApplicationTest" time="0.0"/>
  <testcase name="repetition 2557 of 5000" classname="com.mindhub.homebanking.HomebankingApplicationTest" time="0.001"/>
  <testcase name="repetition 2558 of 5000" classname="com.mindhub.homebanking.HomebankingApplicationTest" time="0.0"/>
  <testcase name="repetition 2559 of 5000" classname="com.mindhub.homebanking.HomebankingApplicationTest" time="0.001"/>
  <testcase name="repetition 2560 of 5000" classname="com.mindhub.homebanking.HomebankingApplicationTest" time="0.0"/>
  <testcase name="repetition 2561 of 5000" classname="com.mindhub.homebanking.HomebankingApplicationTest" time="0.001"/>
  <testcase name="repetition 2562 of 5000" classname="com.mindhub.homebanking.HomebankingApplicationTest" time="0.0"/>
  <testcase name="repetition 2563 of 5000" classname="com.mindhub.homebanking.HomebankingApplicationTest" time="0.001"/>
  <testcase name="repetition 2564 of 5000" classname="com.mindhub.homebanking.HomebankingApplicationTest" time="0.001"/>
  <testcase name="repetition 2565 of 5000" classname="com.mindhub.homebanking.HomebankingApplicationTest" time="0.001"/>
  <testcase name="repetition 2566 of 5000" classname="com.mindhub.homebanking.HomebankingApplicationTest" time="0.001"/>
  <testcase name="repetition 2567 of 5000" classname="com.mindhub.homebanking.HomebankingApplicationTest" time="0.001"/>
  <testcase name="repetition 2568 of 5000" classname="com.mindhub.homebanking.HomebankingApplicationTest" time="0.0"/>
  <testcase name="repetition 2569 of 5000" classname="com.mindhub.homebanking.HomebankingApplicationTest" time="0.001"/>
  <testcase name="repetition 2570 of 5000" classname="com.mindhub.homebanking.HomebankingApplicationTest" time="0.0"/>
  <testcase name="repetition 2571 of 5000" classname="com.mindhub.homebanking.HomebankingApplicationTest" time="0.0"/>
  <testcase name="repetition 2572 of 5000" classname="com.mindhub.homebanking.HomebankingApplicationTest" time="0.001"/>
  <testcase name="repetition 2573 of 5000" classname="com.mindhub.homebanking.HomebankingApplicationTest" time="0.001"/>
  <testcase name="repetition 2574 of 5000" classname="com.mindhub.homebanking.HomebankingApplicationTest" time="0.0"/>
  <testcase name="repetition 2575 of 5000" classname="com.mindhub.homebanking.HomebankingApplicationTest" time="0.0"/>
  <testcase name="repetition 2576 of 5000" classname="com.mindhub.homebanking.HomebankingApplicationTest" time="0.0"/>
  <testcase name="repetition 2577 of 5000" classname="com.mindhub.homebanking.HomebankingApplicationTest" time="0.001"/>
  <testcase name="repetition 2578 of 5000" classname="com.mindhub.homebanking.HomebankingApplicationTest" time="0.0"/>
  <testcase name="repetition 2579 of 5000" classname="com.mindhub.homebanking.HomebankingApplicationTest" time="0.001"/>
  <testcase name="repetition 2580 of 5000" classname="com.mindhub.homebanking.HomebankingApplicationTest" time="0.001"/>
  <testcase name="repetition 2581 of 5000" classname="com.mindhub.homebanking.HomebankingApplicationTest" time="0.001"/>
  <testcase name="repetition 2582 of 5000" classname="com.mindhub.homebanking.HomebankingApplicationTest" time="0.001"/>
  <testcase name="repetition 2583 of 5000" classname="com.mindhub.homebanking.HomebankingApplicationTest" time="0.0"/>
  <testcase name="repetition 2584 of 5000" classname="com.mindhub.homebanking.HomebankingApplicationTest" time="0.0"/>
  <testcase name="repetition 2585 of 5000" classname="com.mindhub.homebanking.HomebankingApplicationTest" time="0.001"/>
  <testcase name="repetition 2586 of 5000" classname="com.mindhub.homebanking.HomebankingApplicationTest" time="0.001"/>
  <testcase name="repetition 2587 of 5000" classname="com.mindhub.homebanking.HomebankingApplicationTest" time="0.001"/>
  <testcase name="repetition 2588 of 5000" classname="com.mindhub.homebanking.HomebankingApplicationTest" time="0.0"/>
  <testcase name="repetition 2589 of 5000" classname="com.mindhub.homebanking.HomebankingApplicationTest" time="0.0"/>
  <testcase name="repetition 2590 of 5000" classname="com.mindhub.homebanking.HomebankingApplicationTest" time="0.0"/>
  <testcase name="repetition 2591 of 5000" classname="com.mindhub.homebanking.HomebankingApplicationTest" time="0.001"/>
  <testcase name="repetition 2592 of 5000" classname="com.mindhub.homebanking.HomebankingApplicationTest" time="0.0"/>
  <testcase name="repetition 2593 of 5000" classname="com.mindhub.homebanking.HomebankingApplicationTest" time="0.0"/>
  <testcase name="repetition 2594 of 5000" classname="com.mindhub.homebanking.HomebankingApplicationTest" time="0.001"/>
  <testcase name="repetition 2595 of 5000" classname="com.mindhub.homebanking.HomebankingApplicationTest" time="0.0"/>
  <testcase name="repetition 2596 of 5000" classname="com.mindhub.homebanking.HomebankingApplicationTest" time="0.001"/>
  <testcase name="repetition 2597 of 5000" classname="com.mindhub.homebanking.HomebankingApplicationTest" time="0.001"/>
  <testcase name="repetition 2598 of 5000" classname="com.mindhub.homebanking.HomebankingApplicationTest" time="0.0"/>
  <testcase name="repetition 2599 of 5000" classname="com.mindhub.homebanking.HomebankingApplicationTest" time="0.0"/>
  <testcase name="repetition 2600 of 5000" classname="com.mindhub.homebanking.HomebankingApplicationTest" time="0.001"/>
  <testcase name="repetition 2601 of 5000" classname="com.mindhub.homebanking.HomebankingApplicationTest" time="0.0"/>
  <testcase name="repetition 2602 of 5000" classname="com.mindhub.homebanking.HomebankingApplicationTest" time="0.0"/>
  <testcase name="repetition 2603 of 5000" classname="com.mindhub.homebanking.HomebankingApplicationTest" time="0.001"/>
  <testcase name="repetition 2604 of 5000" classname="com.mindhub.homebanking.HomebankingApplicationTest" time="0.0"/>
  <testcase name="repetition 2605 of 5000" classname="com.mindhub.homebanking.HomebankingApplicationTest" time="0.001"/>
  <testcase name="repetition 2606 of 5000" classname="com.mindhub.homebanking.HomebankingApplicationTest" time="0.001"/>
  <testcase name="repetition 2607 of 5000" classname="com.mindhub.homebanking.HomebankingApplicationTest" time="0.001"/>
  <testcase name="repetition 2608 of 5000" classname="com.mindhub.homebanking.HomebankingApplicationTest" time="0.0"/>
  <testcase name="repetition 2609 of 5000" classname="com.mindhub.homebanking.HomebankingApplicationTest" time="0.001"/>
  <testcase name="repetition 2610 of 5000" classname="com.mindhub.homebanking.HomebankingApplicationTest" time="0.001"/>
  <testcase name="repetition 2611 of 5000" classname="com.mindhub.homebanking.HomebankingApplicationTest" time="0.001"/>
  <testcase name="repetition 2612 of 5000" classname="com.mindhub.homebanking.HomebankingApplicationTest" time="0.0"/>
  <testcase name="repetition 2613 of 5000" classname="com.mindhub.homebanking.HomebankingApplicationTest" time="0.001"/>
  <testcase name="repetition 2614 of 5000" classname="com.mindhub.homebanking.HomebankingApplicationTest" time="0.0"/>
  <testcase name="repetition 2615 of 5000" classname="com.mindhub.homebanking.HomebankingApplicationTest" time="0.0"/>
  <testcase name="repetition 2616 of 5000" classname="com.mindhub.homebanking.HomebankingApplicationTest" time="0.001"/>
  <testcase name="repetition 2617 of 5000" classname="com.mindhub.homebanking.HomebankingApplicationTest" time="0.001"/>
  <testcase name="repetition 2618 of 5000" classname="com.mindhub.homebanking.HomebankingApplicationTest" time="0.0"/>
  <testcase name="repetition 2619 of 5000" classname="com.mindhub.homebanking.HomebankingApplicationTest" time="0.001"/>
  <testcase name="repetition 2620 of 5000" classname="com.mindhub.homebanking.HomebankingApplicationTest" time="0.001"/>
  <testcase name="repetition 2621 of 5000" classname="com.mindhub.homebanking.HomebankingApplicationTest" time="0.001"/>
  <testcase name="repetition 2622 of 5000" classname="com.mindhub.homebanking.HomebankingApplicationTest" time="0.001"/>
  <testcase name="repetition 2623 of 5000" classname="com.mindhub.homebanking.HomebankingApplicationTest" time="0.001"/>
  <testcase name="repetition 2624 of 5000" classname="com.mindhub.homebanking.HomebankingApplicationTest" time="0.001"/>
  <testcase name="repetition 2625 of 5000" classname="com.mindhub.homebanking.HomebankingApplicationTest" time="0.001"/>
  <testcase name="repetition 2626 of 5000" classname="com.mindhub.homebanking.HomebankingApplicationTest" time="0.001"/>
  <testcase name="repetition 2627 of 5000" classname="com.mindhub.homebanking.HomebankingApplicationTest" time="0.001"/>
  <testcase name="repetition 2628 of 5000" classname="com.mindhub.homebanking.HomebankingApplicationTest" time="0.001"/>
  <testcase name="repetition 2629 of 5000" classname="com.mindhub.homebanking.HomebankingApplicationTest" time="0.0"/>
  <testcase name="repetition 2630 of 5000" classname="com.mindhub.homebanking.HomebankingApplicationTest" time="0.001"/>
  <testcase name="repetition 2631 of 5000" classname="com.mindhub.homebanking.HomebankingApplicationTest" time="0.001"/>
  <testcase name="repetition 2632 of 5000" classname="com.mindhub.homebanking.HomebankingApplicationTest" time="0.0"/>
  <testcase name="repetition 2633 of 5000" classname="com.mindhub.homebanking.HomebankingApplicationTest" time="0.001"/>
  <testcase name="repetition 2634 of 5000" classname="com.mindhub.homebanking.HomebankingApplicationTest" time="0.0"/>
  <testcase name="repetition 2635 of 5000" classname="com.mindhub.homebanking.HomebankingApplicationTest" time="0.0"/>
  <testcase name="repetition 2636 of 5000" classname="com.mindhub.homebanking.HomebankingApplicationTest" time="0.001"/>
  <testcase name="repetition 2637 of 5000" classname="com.mindhub.homebanking.HomebankingApplicationTest" time="0.001"/>
  <testcase name="repetition 2638 of 5000" classname="com.mindhub.homebanking.HomebankingApplicationTest" time="0.0"/>
  <testcase name="repetition 2639 of 5000" classname="com.mindhub.homebanking.HomebankingApplicationTest" time="0.001"/>
  <testcase name="repetition 2640 of 5000" classname="com.mindhub.homebanking.HomebankingApplicationTest" time="0.001"/>
  <testcase name="repetition 2641 of 5000" classname="com.mindhub.homebanking.HomebankingApplicationTest" time="0.0"/>
  <testcase name="repetition 2642 of 5000" classname="com.mindhub.homebanking.HomebankingApplicationTest" time="0.0"/>
  <testcase name="repetition 2643 of 5000" classname="com.mindhub.homebanking.HomebankingApplicationTest" time="0.001"/>
  <testcase name="repetition 2644 of 5000" classname="com.mindhub.homebanking.HomebankingApplicationTest" time="0.001"/>
  <testcase name="repetition 2645 of 5000" classname="com.mindhub.homebanking.HomebankingApplicationTest" time="0.001"/>
  <testcase name="repetition 2646 of 5000" classname="com.mindhub.homebanking.HomebankingApplicationTest" time="0.001"/>
  <testcase name="repetition 2647 of 5000" classname="com.mindhub.homebanking.HomebankingApplicationTest" time="0.001"/>
  <testcase name="repetition 2648 of 5000" classname="com.mindhub.homebanking.HomebankingApplicationTest" time="0.001"/>
  <testcase name="repetition 2649 of 5000" classname="com.mindhub.homebanking.HomebankingApplicationTest" time="0.001"/>
  <testcase name="repetition 2650 of 5000" classname="com.mindhub.homebanking.HomebankingApplicationTest" time="0.0"/>
  <testcase name="repetition 2651 of 5000" classname="com.mindhub.homebanking.HomebankingApplicationTest" time="0.001"/>
  <testcase name="repetition 2652 of 5000" classname="com.mindhub.homebanking.HomebankingApplicationTest" time="0.002"/>
  <testcase name="repetition 2653 of 5000" classname="com.mindhub.homebanking.HomebankingApplicationTest" time="0.0"/>
  <testcase name="repetition 2654 of 5000" classname="com.mindhub.homebanking.HomebankingApplicationTest" time="0.001"/>
  <testcase name="repetition 2655 of 5000" classname="com.mindhub.homebanking.HomebankingApplicationTest" time="0.001"/>
  <testcase name="repetition 2656 of 5000" classname="com.mindhub.homebanking.HomebankingApplicationTest" time="0.0"/>
  <testcase name="repetition 2657 of 5000" classname="com.mindhub.homebanking.HomebankingApplicationTest" time="0.001"/>
  <testcase name="repetition 2658 of 5000" classname="com.mindhub.homebanking.HomebankingApplicationTest" time="0.001"/>
  <testcase name="repetition 2659 of 5000" classname="com.mindhub.homebanking.HomebankingApplicationTest" time="0.001"/>
  <testcase name="repetition 2660 of 5000" classname="com.mindhub.homebanking.HomebankingApplicationTest" time="0.001"/>
  <testcase name="repetition 2661 of 5000" classname="com.mindhub.homebanking.HomebankingApplicationTest" time="0.001"/>
  <testcase name="repetition 2662 of 5000" classname="com.mindhub.homebanking.HomebankingApplicationTest" time="0.001"/>
  <testcase name="repetition 2663 of 5000" classname="com.mindhub.homebanking.HomebankingApplicationTest" time="0.001"/>
  <testcase name="repetition 2664 of 5000" classname="com.mindhub.homebanking.HomebankingApplicationTest" time="0.001"/>
  <testcase name="repetition 2665 of 5000" classname="com.mindhub.homebanking.HomebankingApplicationTest" time="0.002"/>
  <testcase name="repetition 2666 of 5000" classname="com.mindhub.homebanking.HomebankingApplicationTest" time="0.001"/>
  <testcase name="repetition 2667 of 5000" classname="com.mindhub.homebanking.HomebankingApplicationTest" time="0.001"/>
  <testcase name="repetition 2668 of 5000" classname="com.mindhub.homebanking.HomebankingApplicationTest" time="0.001"/>
  <testcase name="repetition 2669 of 5000" classname="com.mindhub.homebanking.HomebankingApplicationTest" time="0.001"/>
  <testcase name="repetition 2670 of 5000" classname="com.mindhub.homebanking.HomebankingApplicationTest" time="0.001"/>
  <testcase name="repetition 2671 of 5000" classname="com.mindhub.homebanking.HomebankingApplicationTest" time="0.0"/>
  <testcase name="repetition 2672 of 5000" classname="com.mindhub.homebanking.HomebankingApplicationTest" time="0.001"/>
  <testcase name="repetition 2673 of 5000" classname="com.mindhub.homebanking.HomebankingApplicationTest" time="0.001"/>
  <testcase name="repetition 2674 of 5000" classname="com.mindhub.homebanking.HomebankingApplicationTest" time="0.001"/>
  <testcase name="repetition 2675 of 5000" classname="com.mindhub.homebanking.HomebankingApplicationTest" time="0.001"/>
  <testcase name="repetition 2676 of 5000" classname="com.mindhub.homebanking.HomebankingApplicationTest" time="0.001"/>
  <testcase name="repetition 2677 of 5000" classname="com.mindhub.homebanking.HomebankingApplicationTest" time="0.001"/>
  <testcase name="repetition 2678 of 5000" classname="com.mindhub.homebanking.HomebankingApplicationTest" time="0.0"/>
  <testcase name="repetition 2679 of 5000" classname="com.mindhub.homebanking.HomebankingApplicationTest" time="0.001"/>
  <testcase name="repetition 2680 of 5000" classname="com.mindhub.homebanking.HomebankingApplicationTest" time="0.001"/>
  <testcase name="repetition 2681 of 5000" classname="com.mindhub.homebanking.HomebankingApplicationTest" time="0.0"/>
  <testcase name="repetition 2682 of 5000" classname="com.mindhub.homebanking.HomebankingApplicationTest" time="0.001"/>
  <testcase name="repetition 2683 of 5000" classname="com.mindhub.homebanking.HomebankingApplicationTest" time="0.0"/>
  <testcase name="repetition 2684 of 5000" classname="com.mindhub.homebanking.HomebankingApplicationTest" time="0.001"/>
  <testcase name="repetition 2685 of 5000" classname="com.mindhub.homebanking.HomebankingApplicationTest" time="0.0"/>
  <testcase name="repetition 2686 of 5000" classname="com.mindhub.homebanking.HomebankingApplicationTest" time="0.001"/>
  <testcase name="repetition 2687 of 5000" classname="com.mindhub.homebanking.HomebankingApplicationTest" time="0.0"/>
  <testcase name="repetition 2688 of 5000" classname="com.mindhub.homebanking.HomebankingApplicationTest" time="0.001"/>
  <testcase name="repetition 2689 of 5000" classname="com.mindhub.homebanking.HomebankingApplicationTest" time="0.001"/>
  <testcase name="repetition 2690 of 5000" classname="com.mindhub.homebanking.HomebankingApplicationTest" time="0.0"/>
  <testcase name="repetition 2691 of 5000" classname="com.mindhub.homebanking.HomebankingApplicationTest" time="0.001"/>
  <testcase name="repetition 2692 of 5000" classname="com.mindhub.homebanking.HomebankingApplicationTest" time="0.0"/>
  <testcase name="repetition 2693 of 5000" classname="com.mindhub.homebanking.HomebankingApplicationTest" time="0.001"/>
  <testcase name="repetition 2694 of 5000" classname="com.mindhub.homebanking.HomebankingApplicationTest" time="0.001"/>
  <testcase name="repetition 2695 of 5000" classname="com.mindhub.homebanking.HomebankingApplicationTest" time="0.001"/>
  <testcase name="repetition 2696 of 5000" classname="com.mindhub.homebanking.HomebankingApplicationTest" time="0.002"/>
  <testcase name="repetition 2697 of 5000" classname="com.mindhub.homebanking.HomebankingApplicationTest" time="0.002"/>
  <testcase name="repetition 2698 of 5000" classname="com.mindhub.homebanking.HomebankingApplicationTest" time="0.001"/>
  <testcase name="repetition 2699 of 5000" classname="com.mindhub.homebanking.HomebankingApplicationTest" time="0.001"/>
  <testcase name="repetition 2700 of 5000" classname="com.mindhub.homebanking.HomebankingApplicationTest" time="0.001"/>
  <testcase name="repetition 2701 of 5000" classname="com.mindhub.homebanking.HomebankingApplicationTest" time="0.0"/>
  <testcase name="repetition 2702 of 5000" classname="com.mindhub.homebanking.HomebankingApplicationTest" time="0.001"/>
  <testcase name="repetition 2703 of 5000" classname="com.mindhub.homebanking.HomebankingApplicationTest" time="0.0"/>
  <testcase name="repetition 2704 of 5000" classname="com.mindhub.homebanking.HomebankingApplicationTest" time="0.0"/>
  <testcase name="repetition 2705 of 5000" classname="com.mindhub.homebanking.HomebankingApplicationTest" time="0.001"/>
  <testcase name="repetition 2706 of 5000" classname="com.mindhub.homebanking.HomebankingApplicationTest" time="0.0"/>
  <testcase name="repetition 2707 of 5000" classname="com.mindhub.homebanking.HomebankingApplicationTest" time="0.001"/>
  <testcase name="repetition 2708 of 5000" classname="com.mindhub.homebanking.HomebankingApplicationTest" time="0.0"/>
  <testcase name="repetition 2709 of 5000" classname="com.mindhub.homebanking.HomebankingApplicationTest" time="0.001"/>
  <testcase name="repetition 2710 of 5000" classname="com.mindhub.homebanking.HomebankingApplicationTest" time="0.0"/>
  <testcase name="repetition 2711 of 5000" classname="com.mindhub.homebanking.HomebankingApplicationTest" time="0.001"/>
  <testcase name="repetition 2712 of 5000" classname="com.mindhub.homebanking.HomebankingApplicationTest" time="0.001"/>
  <testcase name="repetition 2713 of 5000" classname="com.mindhub.homebanking.HomebankingApplicationTest" time="0.0"/>
  <testcase name="repetition 2714 of 5000" classname="com.mindhub.homebanking.HomebankingApplicationTest" time="0.001"/>
  <testcase name="repetition 2715 of 5000" classname="com.mindhub.homebanking.HomebankingApplicationTest" time="0.001"/>
  <testcase name="repetition 2716 of 5000" classname="com.mindhub.homebanking.HomebankingApplicationTest" time="0.001"/>
  <testcase name="repetition 2717 of 5000" classname="com.mindhub.homebanking.HomebankingApplicationTest" time="0.0"/>
  <testcase name="repetition 2718 of 5000" classname="com.mindhub.homebanking.HomebankingApplicationTest" time="0.001"/>
  <testcase name="repetition 2719 of 5000" classname="com.mindhub.homebanking.HomebankingApplicationTest" time="0.001"/>
  <testcase name="repetition 2720 of 5000" classname="com.mindhub.homebanking.HomebankingApplicationTest" time="0.001"/>
  <testcase name="repetition 2721 of 5000" classname="com.mindhub.homebanking.HomebankingApplicationTest" time="0.001"/>
  <testcase name="repetition 2722 of 5000" classname="com.mindhub.homebanking.HomebankingApplicationTest" time="0.001"/>
  <testcase name="repetition 2723 of 5000" classname="com.mindhub.homebanking.HomebankingApplicationTest" time="0.001"/>
  <testcase name="repetition 2724 of 5000" classname="com.mindhub.homebanking.HomebankingApplicationTest" time="0.001"/>
  <testcase name="repetition 2725 of 5000" classname="com.mindhub.homebanking.HomebankingApplicationTest" time="0.001"/>
  <testcase name="repetition 2726 of 5000" classname="com.mindhub.homebanking.HomebankingApplicationTest" time="0.001"/>
  <testcase name="repetition 2727 of 5000" classname="com.mindhub.homebanking.HomebankingApplicationTest" time="0.001"/>
  <testcase name="repetition 2728 of 5000" classname="com.mindhub.homebanking.HomebankingApplicationTest" time="0.001"/>
  <testcase name="repetition 2729 of 5000" classname="com.mindhub.homebanking.HomebankingApplicationTest" time="0.001"/>
  <testcase name="repetition 2730 of 5000" classname="com.mindhub.homebanking.HomebankingApplicationTest" time="0.001"/>
  <testcase name="repetition 2731 of 5000" classname="com.mindhub.homebanking.HomebankingApplicationTest" time="0.001"/>
  <testcase name="repetition 2732 of 5000" classname="com.mindhub.homebanking.HomebankingApplicationTest" time="0.001"/>
  <testcase name="repetition 2733 of 5000" classname="com.mindhub.homebanking.HomebankingApplicationTest" time="0.001"/>
  <testcase name="repetition 2734 of 5000" classname="com.mindhub.homebanking.HomebankingApplicationTest" time="0.002"/>
  <testcase name="repetition 2735 of 5000" classname="com.mindhub.homebanking.HomebankingApplicationTest" time="0.001"/>
  <testcase name="repetition 2736 of 5000" classname="com.mindhub.homebanking.HomebankingApplicationTest" time="0.001"/>
  <testcase name="repetition 2737 of 5000" classname="com.mindhub.homebanking.HomebankingApplicationTest" time="0.001"/>
  <testcase name="repetition 2738 of 5000" classname="com.mindhub.homebanking.HomebankingApplicationTest" time="0.0"/>
  <testcase name="repetition 2739 of 5000" classname="com.mindhub.homebanking.HomebankingApplicationTest" time="0.001"/>
  <testcase name="repetition 2740 of 5000" classname="com.mindhub.homebanking.HomebankingApplicationTest" time="0.001"/>
  <testcase name="repetition 2741 of 5000" classname="com.mindhub.homebanking.HomebankingApplicationTest" time="0.001"/>
  <testcase name="repetition 2742 of 5000" classname="com.mindhub.homebanking.HomebankingApplicationTest" time="0.0"/>
  <testcase name="repetition 2743 of 5000" classname="com.mindhub.homebanking.HomebankingApplicationTest" time="0.001"/>
  <testcase name="repetition 2744 of 5000" classname="com.mindhub.homebanking.HomebankingApplicationTest" time="0.001"/>
  <testcase name="repetition 2745 of 5000" classname="com.mindhub.homebanking.HomebankingApplicationTest" time="0.001"/>
  <testcase name="repetition 2746 of 5000" classname="com.mindhub.homebanking.HomebankingApplicationTest" time="0.001"/>
  <testcase name="repetition 2747 of 5000" classname="com.mindhub.homebanking.HomebankingApplicationTest" time="0.001"/>
  <testcase name="repetition 2748 of 5000" classname="com.mindhub.homebanking.HomebankingApplicationTest" time="0.002"/>
  <testcase name="repetition 2749 of 5000" classname="com.mindhub.homebanking.HomebankingApplicationTest" time="0.001"/>
  <testcase name="repetition 2750 of 5000" classname="com.mindhub.homebanking.HomebankingApplicationTest" time="0.0"/>
  <testcase name="repetition 2751 of 5000" classname="com.mindhub.homebanking.HomebankingApplicationTest" time="0.001"/>
  <testcase name="repetition 2752 of 5000" classname="com.mindhub.homebanking.HomebankingApplicationTest" time="0.001"/>
  <testcase name="repetition 2753 of 5000" classname="com.mindhub.homebanking.HomebankingApplicationTest" time="0.001"/>
  <testcase name="repetition 2754 of 5000" classname="com.mindhub.homebanking.HomebankingApplicationTest" time="0.001"/>
  <testcase name="repetition 2755 of 5000" classname="com.mindhub.homebanking.HomebankingApplicationTest" time="0.001"/>
  <testcase name="repetition 2756 of 5000" classname="com.mindhub.homebanking.HomebankingApplicationTest" time="0.0"/>
  <testcase name="repetition 2757 of 5000" classname="com.mindhub.homebanking.HomebankingApplicationTest" time="0.001"/>
  <testcase name="repetition 2758 of 5000" classname="com.mindhub.homebanking.HomebankingApplicationTest" time="0.0"/>
  <testcase name="repetition 2759 of 5000" classname="com.mindhub.homebanking.HomebankingApplicationTest" time="0.001"/>
  <testcase name="repetition 2760 of 5000" classname="com.mindhub.homebanking.HomebankingApplicationTest" time="0.001"/>
  <testcase name="repetition 2761 of 5000" classname="com.mindhub.homebanking.HomebankingApplicationTest" time="0.0"/>
  <testcase name="repetition 2762 of 5000" classname="com.mindhub.homebanking.HomebankingApplicationTest" time="0.001"/>
  <testcase name="repetition 2763 of 5000" classname="com.mindhub.homebanking.HomebankingApplicationTest" time="0.001"/>
  <testcase name="repetition 2764 of 5000" classname="com.mindhub.homebanking.HomebankingApplicationTest" time="0.001"/>
  <testcase name="repetition 2765 of 5000" classname="com.mindhub.homebanking.HomebankingApplicationTest" time="0.001"/>
  <testcase name="repetition 2766 of 5000" classname="com.mindhub.homebanking.HomebankingApplicationTest" time="0.0"/>
  <testcase name="repetition 2767 of 5000" classname="com.mindhub.homebanking.HomebankingApplicationTest" time="0.001"/>
  <testcase name="repetition 2768 of 5000" classname="com.mindhub.homebanking.HomebankingApplicationTest" time="0.0"/>
  <testcase name="repetition 2769 of 5000" classname="com.mindhub.homebanking.HomebankingApplicationTest" time="0.002"/>
  <testcase name="repetition 2770 of 5000" classname="com.mindhub.homebanking.HomebankingApplicationTest" time="0.001"/>
  <testcase name="repetition 2771 of 5000" classname="com.mindhub.homebanking.HomebankingApplicationTest" time="0.002"/>
  <testcase name="repetition 2772 of 5000" classname="com.mindhub.homebanking.HomebankingApplicationTest" time="0.001"/>
  <testcase name="repetition 2773 of 5000" classname="com.mindhub.homebanking.HomebankingApplicationTest" time="0.001"/>
  <testcase name="repetition 2774 of 5000" classname="com.mindhub.homebanking.HomebankingApplicationTest" time="0.0"/>
  <testcase name="repetition 2775 of 5000" classname="com.mindhub.homebanking.HomebankingApplicationTest" time="0.001"/>
  <testcase name="repetition 2776 of 5000" classname="com.mindhub.homebanking.HomebankingApplicationTest" time="0.001"/>
  <testcase name="repetition 2777 of 5000" classname="com.mindhub.homebanking.HomebankingApplicationTest" time="0.0"/>
  <testcase name="repetition 2778 of 5000" classname="com.mindhub.homebanking.HomebankingApplicationTest" time="0.001"/>
  <testcase name="repetition 2779 of 5000" classname="com.mindhub.homebanking.HomebankingApplicationTest" time="0.001"/>
  <testcase name="repetition 2780 of 5000" classname="com.mindhub.homebanking.HomebankingApplicationTest" time="0.001"/>
  <testcase name="repetition 2781 of 5000" classname="com.mindhub.homebanking.HomebankingApplicationTest" time="0.001"/>
  <testcase name="repetition 2782 of 5000" classname="com.mindhub.homebanking.HomebankingApplicationTest" time="0.001"/>
  <testcase name="repetition 2783 of 5000" classname="com.mindhub.homebanking.HomebankingApplicationTest" time="0.001"/>
  <testcase name="repetition 2784 of 5000" classname="com.mindhub.homebanking.HomebankingApplicationTest" time="0.0"/>
  <testcase name="repetition 2785 of 5000" classname="com.mindhub.homebanking.HomebankingApplicationTest" time="0.001"/>
  <testcase name="repetition 2786 of 5000" classname="com.mindhub.homebanking.HomebankingApplicationTest" time="0.0"/>
  <testcase name="repetition 2787 of 5000" classname="com.mindhub.homebanking.HomebankingApplicationTest" time="0.001"/>
  <testcase name="repetition 2788 of 5000" classname="com.mindhub.homebanking.HomebankingApplicationTest" time="0.001"/>
  <testcase name="repetition 2789 of 5000" classname="com.mindhub.homebanking.HomebankingApplicationTest" time="0.001"/>
  <testcase name="repetition 2790 of 5000" classname="com.mindhub.homebanking.HomebankingApplicationTest" time="0.0"/>
  <testcase name="repetition 2791 of 5000" classname="com.mindhub.homebanking.HomebankingApplicationTest" time="0.001"/>
  <testcase name="repetition 2792 of 5000" classname="com.mindhub.homebanking.HomebankingApplicationTest" time="0.0"/>
  <testcase name="repetition 2793 of 5000" classname="com.mindhub.homebanking.HomebankingApplicationTest" time="0.001"/>
  <testcase name="repetition 2794 of 5000" classname="com.mindhub.homebanking.HomebankingApplicationTest" time="0.0"/>
  <testcase name="repetition 2795 of 5000" classname="com.mindhub.homebanking.HomebankingApplicationTest" time="0.0"/>
  <testcase name="repetition 2796 of 5000" classname="com.mindhub.homebanking.HomebankingApplicationTest" time="0.001"/>
  <testcase name="repetition 2797 of 5000" classname="com.mindhub.homebanking.HomebankingApplicationTest" time="0.001"/>
  <testcase name="repetition 2798 of 5000" classname="com.mindhub.homebanking.HomebankingApplicationTest" time="0.001"/>
  <testcase name="repetition 2799 of 5000" classname="com.mindhub.homebanking.HomebankingApplicationTest" time="0.001"/>
  <testcase name="repetition 2800 of 5000" classname="com.mindhub.homebanking.HomebankingApplicationTest" time="0.0"/>
  <testcase name="repetition 2801 of 5000" classname="com.mindhub.homebanking.HomebankingApplicationTest" time="0.001"/>
  <testcase name="repetition 2802 of 5000" classname="com.mindhub.homebanking.HomebankingApplicationTest" time="0.001"/>
  <testcase name="repetition 2803 of 5000" classname="com.mindhub.homebanking.HomebankingApplicationTest" time="0.0"/>
  <testcase name="repetition 2804 of 5000" classname="com.mindhub.homebanking.HomebankingApplicationTest" time="0.001"/>
  <testcase name="repetition 2805 of 5000" classname="com.mindhub.homebanking.HomebankingApplicationTest" time="0.001"/>
  <testcase name="repetition 2806 of 5000" classname="com.mindhub.homebanking.HomebankingApplicationTest" time="0.001"/>
  <testcase name="repetition 2807 of 5000" classname="com.mindhub.homebanking.HomebankingApplicationTest" time="0.001"/>
  <testcase name="repetition 2808 of 5000" classname="com.mindhub.homebanking.HomebankingApplicationTest" time="0.0"/>
  <testcase name="repetition 2809 of 5000" classname="com.mindhub.homebanking.HomebankingApplicationTest" time="0.001"/>
  <testcase name="repetition 2810 of 5000" classname="com.mindhub.homebanking.HomebankingApplicationTest" time="0.001"/>
  <testcase name="repetition 2811 of 5000" classname="com.mindhub.homebanking.HomebankingApplicationTest" time="0.001"/>
  <testcase name="repetition 2812 of 5000" classname="com.mindhub.homebanking.HomebankingApplicationTest" time="0.001"/>
  <testcase name="repetition 2813 of 5000" classname="com.mindhub.homebanking.HomebankingApplicationTest" time="0.001"/>
  <testcase name="repetition 2814 of 5000" classname="com.mindhub.homebanking.HomebankingApplicationTest" time="0.0"/>
  <testcase name="repetition 2815 of 5000" classname="com.mindhub.homebanking.HomebankingApplicationTest" time="0.001"/>
  <testcase name="repetition 2816 of 5000" classname="com.mindhub.homebanking.HomebankingApplicationTest" time="0.0"/>
  <testcase name="repetition 2817 of 5000" classname="com.mindhub.homebanking.HomebankingApplicationTest" time="0.001"/>
  <testcase name="repetition 2818 of 5000" classname="com.mindhub.homebanking.HomebankingApplicationTest" time="0.0"/>
  <testcase name="repetition 2819 of 5000" classname="com.mindhub.homebanking.HomebankingApplicationTest" time="0.001"/>
  <testcase name="repetition 2820 of 5000" classname="com.mindhub.homebanking.HomebankingApplicationTest" time="0.0"/>
  <testcase name="repetition 2821 of 5000" classname="com.mindhub.homebanking.HomebankingApplicationTest" time="0.001"/>
  <testcase name="repetition 2822 of 5000" classname="com.mindhub.homebanking.HomebankingApplicationTest" time="0.001"/>
  <testcase name="repetition 2823 of 5000" classname="com.mindhub.homebanking.HomebankingApplicationTest" time="0.0"/>
  <testcase name="repetition 2824 of 5000" classname="com.mindhub.homebanking.HomebankingApplicationTest" time="0.001"/>
  <testcase name="repetition 2825 of 5000" classname="com.mindhub.homebanking.HomebankingApplicationTest" time="0.003"/>
  <testcase name="repetition 2826 of 5000" classname="com.mindhub.homebanking.HomebankingApplicationTest" time="0.001"/>
  <testcase name="repetition 2827 of 5000" classname="com.mindhub.homebanking.HomebankingApplicationTest" time="0.0"/>
  <testcase name="repetition 2828 of 5000" classname="com.mindhub.homebanking.HomebankingApplicationTest" time="0.001"/>
  <testcase name="repetition 2829 of 5000" classname="com.mindhub.homebanking.HomebankingApplicationTest" time="0.0"/>
  <testcase name="repetition 2830 of 5000" classname="com.mindhub.homebanking.HomebankingApplicationTest" time="0.001"/>
  <testcase name="repetition 2831 of 5000" classname="com.mindhub.homebanking.HomebankingApplicationTest" time="0.0"/>
  <testcase name="repetition 2832 of 5000" classname="com.mindhub.homebanking.HomebankingApplicationTest" time="0.001"/>
  <testcase name="repetition 2833 of 5000" classname="com.mindhub.homebanking.HomebankingApplicationTest" time="0.001"/>
  <testcase name="repetition 2834 of 5000" classname="com.mindhub.homebanking.HomebankingApplicationTest" time="0.001"/>
  <testcase name="repetition 2835 of 5000" classname="com.mindhub.homebanking.HomebankingApplicationTest" time="0.0"/>
  <testcase name="repetition 2836 of 5000" classname="com.mindhub.homebanking.HomebankingApplicationTest" time="0.001"/>
  <testcase name="repetition 2837 of 5000" classname="com.mindhub.homebanking.HomebankingApplicationTest" time="0.0"/>
  <testcase name="repetition 2838 of 5000" classname="com.mindhub.homebanking.HomebankingApplicationTest" time="0.001"/>
  <testcase name="repetition 2839 of 5000" classname="com.mindhub.homebanking.HomebankingApplicationTest" time="0.0"/>
  <testcase name="repetition 2840 of 5000" classname="com.mindhub.homebanking.HomebankingApplicationTest" time="0.001"/>
  <testcase name="repetition 2841 of 5000" classname="com.mindhub.homebanking.HomebankingApplicationTest" time="0.0"/>
  <testcase name="repetition 2842 of 5000" classname="com.mindhub.homebanking.HomebankingApplicationTest" time="0.001"/>
  <testcase name="repetition 2843 of 5000" classname="com.mindhub.homebanking.HomebankingApplicationTest" time="0.0"/>
  <testcase name="repetition 2844 of 5000" classname="com.mindhub.homebanking.HomebankingApplicationTest" time="0.001"/>
  <testcase name="repetition 2845 of 5000" classname="com.mindhub.homebanking.HomebankingApplicationTest" time="0.0"/>
  <testcase name="repetition 2846 of 5000" classname="com.mindhub.homebanking.HomebankingApplicationTest" time="0.001"/>
  <testcase name="repetition 2847 of 5000" classname="com.mindhub.homebanking.HomebankingApplicationTest" time="0.0"/>
  <testcase name="repetition 2848 of 5000" classname="com.mindhub.homebanking.HomebankingApplicationTest" time="0.0"/>
  <testcase name="repetition 2849 of 5000" classname="com.mindhub.homebanking.HomebankingApplicationTest" time="0.001"/>
  <testcase name="repetition 2850 of 5000" classname="com.mindhub.homebanking.HomebankingApplicationTest" time="0.0"/>
  <testcase name="repetition 2851 of 5000" classname="com.mindhub.homebanking.HomebankingApplicationTest" time="0.001"/>
  <testcase name="repetition 2852 of 5000" classname="com.mindhub.homebanking.HomebankingApplicationTest" time="0.0"/>
  <testcase name="repetition 2853 of 5000" classname="com.mindhub.homebanking.HomebankingApplicationTest" time="0.0"/>
  <testcase name="repetition 2854 of 5000" classname="com.mindhub.homebanking.HomebankingApplicationTest" time="0.0"/>
  <testcase name="repetition 2855 of 5000" classname="com.mindhub.homebanking.HomebankingApplicationTest" time="0.001"/>
  <testcase name="repetition 2856 of 5000" classname="com.mindhub.homebanking.HomebankingApplicationTest" time="0.0"/>
  <testcase name="repetition 2857 of 5000" classname="com.mindhub.homebanking.HomebankingApplicationTest" time="0.001"/>
  <testcase name="repetition 2858 of 5000" classname="com.mindhub.homebanking.HomebankingApplicationTest" time="0.001"/>
  <testcase name="repetition 2859 of 5000" classname="com.mindhub.homebanking.HomebankingApplicationTest" time="0.0"/>
  <testcase name="repetition 2860 of 5000" classname="com.mindhub.homebanking.HomebankingApplicationTest" time="0.001"/>
  <testcase name="repetition 2861 of 5000" classname="com.mindhub.homebanking.HomebankingApplicationTest" time="0.001"/>
  <testcase name="repetition 2862 of 5000" classname="com.mindhub.homebanking.HomebankingApplicationTest" time="0.0"/>
  <testcase name="repetition 2863 of 5000" classname="com.mindhub.homebanking.HomebankingApplicationTest" time="0.001"/>
  <testcase name="repetition 2864 of 5000" classname="com.mindhub.homebanking.HomebankingApplicationTest" time="0.001"/>
  <testcase name="repetition 2865 of 5000" classname="com.mindhub.homebanking.HomebankingApplicationTest" time="0.001"/>
  <testcase name="repetition 2866 of 5000" classname="com.mindhub.homebanking.HomebankingApplicationTest" time="0.0"/>
  <testcase name="repetition 2867 of 5000" classname="com.mindhub.homebanking.HomebankingApplicationTest" time="0.001"/>
  <testcase name="repetition 2868 of 5000" classname="com.mindhub.homebanking.HomebankingApplicationTest" time="0.0"/>
  <testcase name="repetition 2869 of 5000" classname="com.mindhub.homebanking.HomebankingApplicationTest" time="0.001"/>
  <testcase name="repetition 2870 of 5000" classname="com.mindhub.homebanking.HomebankingApplicationTest" time="0.001"/>
  <testcase name="repetition 2871 of 5000" classname="com.mindhub.homebanking.HomebankingApplicationTest" time="0.0"/>
  <testcase name="repetition 2872 of 5000" classname="com.mindhub.homebanking.HomebankingApplicationTest" time="0.001"/>
  <testcase name="repetition 2873 of 5000" classname="com.mindhub.homebanking.HomebankingApplicationTest" time="0.0"/>
  <testcase name="repetition 2874 of 5000" classname="com.mindhub.homebanking.HomebankingApplicationTest" time="0.001"/>
  <testcase name="repetition 2875 of 5000" classname="com.mindhub.homebanking.HomebankingApplicationTest" time="0.001"/>
  <testcase name="repetition 2876 of 5000" classname="com.mindhub.homebanking.HomebankingApplicationTest" time="0.0"/>
  <testcase name="repetition 2877 of 5000" classname="com.mindhub.homebanking.HomebankingApplicationTest" time="0.0"/>
  <testcase name="repetition 2878 of 5000" classname="com.mindhub.homebanking.HomebankingApplicationTest" time="0.001"/>
  <testcase name="repetition 2879 of 5000" classname="com.mindhub.homebanking.HomebankingApplicationTest" time="0.0"/>
  <testcase name="repetition 2880 of 5000" classname="com.mindhub.homebanking.HomebankingApplicationTest" time="0.0"/>
  <testcase name="repetition 2881 of 5000" classname="com.mindhub.homebanking.HomebankingApplicationTest" time="0.0"/>
  <testcase name="repetition 2882 of 5000" classname="com.mindhub.homebanking.HomebankingApplicationTest" time="0.001"/>
  <testcase name="repetition 2883 of 5000" classname="com.mindhub.homebanking.HomebankingApplicationTest" time="0.001"/>
  <testcase name="repetition 2884 of 5000" classname="com.mindhub.homebanking.HomebankingApplicationTest" time="0.0"/>
  <testcase name="repetition 2885 of 5000" classname="com.mindhub.homebanking.HomebankingApplicationTest" time="0.001"/>
  <testcase name="repetition 2886 of 5000" classname="com.mindhub.homebanking.HomebankingApplicationTest" time="0.0"/>
  <testcase name="repetition 2887 of 5000" classname="com.mindhub.homebanking.HomebankingApplicationTest" time="0.001"/>
  <testcase name="repetition 2888 of 5000" classname="com.mindhub.homebanking.HomebankingApplicationTest" time="0.0"/>
  <testcase name="repetition 2889 of 5000" classname="com.mindhub.homebanking.HomebankingApplicationTest" time="0.001"/>
  <testcase name="repetition 2890 of 5000" classname="com.mindhub.homebanking.HomebankingApplicationTest" time="0.0"/>
  <testcase name="repetition 2891 of 5000" classname="com.mindhub.homebanking.HomebankingApplicationTest" time="0.001"/>
  <testcase name="repetition 2892 of 5000" classname="com.mindhub.homebanking.HomebankingApplicationTest" time="0.0"/>
  <testcase name="repetition 2893 of 5000" classname="com.mindhub.homebanking.HomebankingApplicationTest" time="0.001"/>
  <testcase name="repetition 2894 of 5000" classname="com.mindhub.homebanking.HomebankingApplicationTest" time="0.001"/>
  <testcase name="repetition 2895 of 5000" classname="com.mindhub.homebanking.HomebankingApplicationTest" time="0.001"/>
  <testcase name="repetition 2896 of 5000" classname="com.mindhub.homebanking.HomebankingApplicationTest" time="0.0"/>
  <testcase name="repetition 2897 of 5000" classname="com.mindhub.homebanking.HomebankingApplicationTest" time="0.001"/>
  <testcase name="repetition 2898 of 5000" classname="com.mindhub.homebanking.HomebankingApplicationTest" time="0.001"/>
  <testcase name="repetition 2899 of 5000" classname="com.mindhub.homebanking.HomebankingApplicationTest" time="0.0"/>
  <testcase name="repetition 2900 of 5000" classname="com.mindhub.homebanking.HomebankingApplicationTest" time="0.001"/>
  <testcase name="repetition 2901 of 5000" classname="com.mindhub.homebanking.HomebankingApplicationTest" time="0.0"/>
  <testcase name="repetition 2902 of 5000" classname="com.mindhub.homebanking.HomebankingApplicationTest" time="0.001"/>
  <testcase name="repetition 2903 of 5000" classname="com.mindhub.homebanking.HomebankingApplicationTest" time="0.0"/>
  <testcase name="repetition 2904 of 5000" classname="com.mindhub.homebanking.HomebankingApplicationTest" time="0.001"/>
  <testcase name="repetition 2905 of 5000" classname="com.mindhub.homebanking.HomebankingApplicationTest" time="0.0"/>
  <testcase name="repetition 2906 of 5000" classname="com.mindhub.homebanking.HomebankingApplicationTest" time="0.001"/>
  <testcase name="repetition 2907 of 5000" classname="com.mindhub.homebanking.HomebankingApplicationTest" time="0.0"/>
  <testcase name="repetition 2908 of 5000" classname="com.mindhub.homebanking.HomebankingApplicationTest" time="0.001"/>
  <testcase name="repetition 2909 of 5000" classname="com.mindhub.homebanking.HomebankingApplicationTest" time="0.002"/>
  <testcase name="repetition 2910 of 5000" classname="com.mindhub.homebanking.HomebankingApplicationTest" time="0.001"/>
  <testcase name="repetition 2911 of 5000" classname="com.mindhub.homebanking.HomebankingApplicationTest" time="0.001"/>
  <testcase name="repetition 2912 of 5000" classname="com.mindhub.homebanking.HomebankingApplicationTest" time="0.001"/>
  <testcase name="repetition 2913 of 5000" classname="com.mindhub.homebanking.HomebankingApplicationTest" time="0.0"/>
  <testcase name="repetition 2914 of 5000" classname="com.mindhub.homebanking.HomebankingApplicationTest" time="0.001"/>
  <testcase name="repetition 2915 of 5000" classname="com.mindhub.homebanking.HomebankingApplicationTest" time="0.0"/>
  <testcase name="repetition 2916 of 5000" classname="com.mindhub.homebanking.HomebankingApplicationTest" time="0.001"/>
  <testcase name="repetition 2917 of 5000" classname="com.mindhub.homebanking.HomebankingApplicationTest" time="0.001"/>
  <testcase name="repetition 2918 of 5000" classname="com.mindhub.homebanking.HomebankingApplicationTest" time="0.0"/>
  <testcase name="repetition 2919 of 5000" classname="com.mindhub.homebanking.HomebankingApplicationTest" time="0.001"/>
  <testcase name="repetition 2920 of 5000" classname="com.mindhub.homebanking.HomebankingApplicationTest" time="0.0"/>
  <testcase name="repetition 2921 of 5000" classname="com.mindhub.homebanking.HomebankingApplicationTest" time="0.001"/>
  <testcase name="repetition 2922 of 5000" classname="com.mindhub.homebanking.HomebankingApplicationTest" time="0.0"/>
  <testcase name="repetition 2923 of 5000" classname="com.mindhub.homebanking.HomebankingApplicationTest" time="0.001"/>
  <testcase name="repetition 2924 of 5000" classname="com.mindhub.homebanking.HomebankingApplicationTest" time="0.001"/>
  <testcase name="repetition 2925 of 5000" classname="com.mindhub.homebanking.HomebankingApplicationTest" time="0.001"/>
  <testcase name="repetition 2926 of 5000" classname="com.mindhub.homebanking.HomebankingApplicationTest" time="0.001"/>
  <testcase name="repetition 2927 of 5000" classname="com.mindhub.homebanking.HomebankingApplicationTest" time="0.001"/>
  <testcase name="repetition 2928 of 5000" classname="com.mindhub.homebanking.HomebankingApplicationTest" time="0.0"/>
  <testcase name="repetition 2929 of 5000" classname="com.mindhub.homebanking.HomebankingApplicationTest" time="0.001"/>
  <testcase name="repetition 2930 of 5000" classname="com.mindhub.homebanking.HomebankingApplicationTest" time="0.0"/>
  <testcase name="repetition 2931 of 5000" classname="com.mindhub.homebanking.HomebankingApplicationTest" time="0.001"/>
  <testcase name="repetition 2932 of 5000" classname="com.mindhub.homebanking.HomebankingApplicationTest" time="0.0"/>
  <testcase name="repetition 2933 of 5000" classname="com.mindhub.homebanking.HomebankingApplicationTest" time="0.0"/>
  <testcase name="repetition 2934 of 5000" classname="com.mindhub.homebanking.HomebankingApplicationTest" time="0.0"/>
  <testcase name="repetition 2935 of 5000" classname="com.mindhub.homebanking.HomebankingApplicationTest" time="0.001"/>
  <testcase name="repetition 2936 of 5000" classname="com.mindhub.homebanking.HomebankingApplicationTest" time="0.0"/>
  <testcase name="repetition 2937 of 5000" classname="com.mindhub.homebanking.HomebankingApplicationTest" time="0.0"/>
  <testcase name="repetition 2938 of 5000" classname="com.mindhub.homebanking.HomebankingApplicationTest" time="0.001"/>
  <testcase name="repetition 2939 of 5000" classname="com.mindhub.homebanking.HomebankingApplicationTest" time="0.001"/>
  <testcase name="repetition 2940 of 5000" classname="com.mindhub.homebanking.HomebankingApplicationTest" time="0.001"/>
  <testcase name="repetition 2941 of 5000" classname="com.mindhub.homebanking.HomebankingApplicationTest" time="0.0"/>
  <testcase name="repetition 2942 of 5000" classname="com.mindhub.homebanking.HomebankingApplicationTest" time="0.001"/>
  <testcase name="repetition 2943 of 5000" classname="com.mindhub.homebanking.HomebankingApplicationTest" time="0.0"/>
  <testcase name="repetition 2944 of 5000" classname="com.mindhub.homebanking.HomebankingApplicationTest" time="0.001"/>
  <testcase name="repetition 2945 of 5000" classname="com.mindhub.homebanking.HomebankingApplicationTest" time="0.0"/>
  <testcase name="repetition 2946 of 5000" classname="com.mindhub.homebanking.HomebankingApplicationTest" time="0.0"/>
  <testcase name="repetition 2947 of 5000" classname="com.mindhub.homebanking.HomebankingApplicationTest" time="0.0"/>
  <testcase name="repetition 2948 of 5000" classname="com.mindhub.homebanking.HomebankingApplicationTest" time="0.001"/>
  <testcase name="repetition 2949 of 5000" classname="com.mindhub.homebanking.HomebankingApplicationTest" time="0.001"/>
  <testcase name="repetition 2950 of 5000" classname="com.mindhub.homebanking.HomebankingApplicationTest" time="0.001"/>
  <testcase name="repetition 2951 of 5000" classname="com.mindhub.homebanking.HomebankingApplicationTest" time="0.001"/>
  <testcase name="repetition 2952 of 5000" classname="com.mindhub.homebanking.HomebankingApplicationTest" time="0.001"/>
  <testcase name="repetition 2953 of 5000" classname="com.mindhub.homebanking.HomebankingApplicationTest" time="0.0"/>
  <testcase name="repetition 2954 of 5000" classname="com.mindhub.homebanking.HomebankingApplicationTest" time="0.001"/>
  <testcase name="repetition 2955 of 5000" classname="com.mindhub.homebanking.HomebankingApplicationTest" time="0.001"/>
  <testcase name="repetition 2956 of 5000" classname="com.mindhub.homebanking.HomebankingApplicationTest" time="0.001"/>
  <testcase name="repetition 2957 of 5000" classname="com.mindhub.homebanking.HomebankingApplicationTest" time="0.002"/>
  <testcase name="repetition 2958 of 5000" classname="com.mindhub.homebanking.HomebankingApplicationTest" time="0.0"/>
  <testcase name="repetition 2959 of 5000" classname="com.mindhub.homebanking.HomebankingApplicationTest" time="0.001"/>
  <testcase name="repetition 2960 of 5000" classname="com.mindhub.homebanking.HomebankingApplicationTest" time="0.001"/>
  <testcase name="repetition 2961 of 5000" classname="com.mindhub.homebanking.HomebankingApplicationTest" time="0.0"/>
  <testcase name="repetition 2962 of 5000" classname="com.mindhub.homebanking.HomebankingApplicationTest" time="0.001"/>
  <testcase name="repetition 2963 of 5000" classname="com.mindhub.homebanking.HomebankingApplicationTest" time="0.0"/>
  <testcase name="repetition 2964 of 5000" classname="com.mindhub.homebanking.HomebankingApplicationTest" time="0.001"/>
  <testcase name="repetition 2965 of 5000" classname="com.mindhub.homebanking.HomebankingApplicationTest" time="0.0"/>
  <testcase name="repetition 2966 of 5000" classname="com.mindhub.homebanking.HomebankingApplicationTest" time="0.001"/>
  <testcase name="repetition 2967 of 5000" classname="com.mindhub.homebanking.HomebankingApplicationTest" time="0.0"/>
  <testcase name="repetition 2968 of 5000" classname="com.mindhub.homebanking.HomebankingApplicationTest" time="0.001"/>
  <testcase name="repetition 2969 of 5000" classname="com.mindhub.homebanking.HomebankingApplicationTest" time="0.0"/>
  <testcase name="repetition 2970 of 5000" classname="com.mindhub.homebanking.HomebankingApplicationTest" time="0.001"/>
  <testcase name="repetition 2971 of 5000" classname="com.mindhub.homebanking.HomebankingApplicationTest" time="0.0"/>
  <testcase name="repetition 2972 of 5000" classname="com.mindhub.homebanking.HomebankingApplicationTest" time="0.001"/>
  <testcase name="repetition 2973 of 5000" classname="com.mindhub.homebanking.HomebankingApplicationTest" time="0.001"/>
  <testcase name="repetition 2974 of 5000" classname="com.mindhub.homebanking.HomebankingApplicationTest" time="0.0"/>
  <testcase name="repetition 2975 of 5000" classname="com.mindhub.homebanking.HomebankingApplicationTest" time="0.001"/>
  <testcase name="repetition 2976 of 5000" classname="com.mindhub.homebanking.HomebankingApplicationTest" time="0.001"/>
  <testcase name="repetition 2977 of 5000" classname="com.mindhub.homebanking.HomebankingApplicationTest" time="0.0"/>
  <testcase name="repetition 2978 of 5000" classname="com.mindhub.homebanking.HomebankingApplicationTest" time="0.001"/>
  <testcase name="repetition 2979 of 5000" classname="com.mindhub.homebanking.HomebankingApplicationTest" time="0.001"/>
  <testcase name="repetition 2980 of 5000" classname="com.mindhub.homebanking.HomebankingApplicationTest" time="0.0"/>
  <testcase name="repetition 2981 of 5000" classname="com.mindhub.homebanking.HomebankingApplicationTest" time="0.0"/>
  <testcase name="repetition 2982 of 5000" classname="com.mindhub.homebanking.HomebankingApplicationTest" time="0.001"/>
  <testcase name="repetition 2983 of 5000" classname="com.mindhub.homebanking.HomebankingApplicationTest" time="0.0"/>
  <testcase name="repetition 2984 of 5000" classname="com.mindhub.homebanking.HomebankingApplicationTest" time="0.001"/>
  <testcase name="repetition 2985 of 5000" classname="com.mindhub.homebanking.HomebankingApplicationTest" time="0.001"/>
  <testcase name="repetition 2986 of 5000" classname="com.mindhub.homebanking.HomebankingApplicationTest" time="0.0"/>
  <testcase name="repetition 2987 of 5000" classname="com.mindhub.homebanking.HomebankingApplicationTest" time="0.0"/>
  <testcase name="repetition 2988 of 5000" classname="com.mindhub.homebanking.HomebankingApplicationTest" time="0.001"/>
  <testcase name="repetition 2989 of 5000" classname="com.mindhub.homebanking.HomebankingApplicationTest" time="0.0"/>
  <testcase name="repetition 2990 of 5000" classname="com.mindhub.homebanking.HomebankingApplicationTest" time="0.001"/>
  <testcase name="repetition 2991 of 5000" classname="com.mindhub.homebanking.HomebankingApplicationTest" time="0.0"/>
  <testcase name="repetition 2992 of 5000" classname="com.mindhub.homebanking.HomebankingApplicationTest" time="0.001"/>
  <testcase name="repetition 2993 of 5000" classname="com.mindhub.homebanking.HomebankingApplicationTest" time="0.0"/>
  <testcase name="repetition 2994 of 5000" classname="com.mindhub.homebanking.HomebankingApplicationTest" time="0.0"/>
  <testcase name="repetition 2995 of 5000" classname="com.mindhub.homebanking.HomebankingApplicationTest" time="0.001"/>
  <testcase name="repetition 2996 of 5000" classname="com.mindhub.homebanking.HomebankingApplicationTest" time="0.001"/>
  <testcase name="repetition 2997 of 5000" classname="com.mindhub.homebanking.HomebankingApplicationTest" time="0.001"/>
  <testcase name="repetition 2998 of 5000" classname="com.mindhub.homebanking.HomebankingApplicationTest" time="0.001"/>
  <testcase name="repetition 2999 of 5000" classname="com.mindhub.homebanking.HomebankingApplicationTest" time="0.0"/>
  <testcase name="repetition 3000 of 5000" classname="com.mindhub.homebanking.HomebankingApplicationTest" time="0.0"/>
  <testcase name="repetition 3001 of 5000" classname="com.mindhub.homebanking.HomebankingApplicationTest" time="0.001"/>
  <testcase name="repetition 3002 of 5000" classname="com.mindhub.homebanking.HomebankingApplicationTest" time="0.0"/>
  <testcase name="repetition 3003 of 5000" classname="com.mindhub.homebanking.HomebankingApplicationTest" time="0.001"/>
  <testcase name="repetition 3004 of 5000" classname="com.mindhub.homebanking.HomebankingApplicationTest" time="0.0"/>
  <testcase name="repetition 3005 of 5000" classname="com.mindhub.homebanking.HomebankingApplicationTest" time="0.001"/>
  <testcase name="repetition 3006 of 5000" classname="com.mindhub.homebanking.HomebankingApplicationTest" time="0.001"/>
  <testcase name="repetition 3007 of 5000" classname="com.mindhub.homebanking.HomebankingApplicationTest" time="0.0"/>
  <testcase name="repetition 3008 of 5000" classname="com.mindhub.homebanking.HomebankingApplicationTest" time="0.001"/>
  <testcase name="repetition 3009 of 5000" classname="com.mindhub.homebanking.HomebankingApplicationTest" time="0.0"/>
  <testcase name="repetition 3010 of 5000" classname="com.mindhub.homebanking.HomebankingApplicationTest" time="0.0"/>
  <testcase name="repetition 3011 of 5000" classname="com.mindhub.homebanking.HomebankingApplicationTest" time="0.001"/>
  <testcase name="repetition 3012 of 5000" classname="com.mindhub.homebanking.HomebankingApplicationTest" time="0.0"/>
  <testcase name="repetition 3013 of 5000" classname="com.mindhub.homebanking.HomebankingApplicationTest" time="0.0"/>
  <testcase name="repetition 3014 of 5000" classname="com.mindhub.homebanking.HomebankingApplicationTest" time="0.0"/>
  <testcase name="repetition 3015 of 5000" classname="com.mindhub.homebanking.HomebankingApplicationTest" time="0.001"/>
  <testcase name="repetition 3016 of 5000" classname="com.mindhub.homebanking.HomebankingApplicationTest" time="0.0"/>
  <testcase name="repetition 3017 of 5000" classname="com.mindhub.homebanking.HomebankingApplicationTest" time="0.0"/>
  <testcase name="repetition 3018 of 5000" classname="com.mindhub.homebanking.HomebankingApplicationTest" time="0.001"/>
  <testcase name="repetition 3019 of 5000" classname="com.mindhub.homebanking.HomebankingApplicationTest" time="0.0"/>
  <testcase name="repetition 3020 of 5000" classname="com.mindhub.homebanking.HomebankingApplicationTest" time="0.001"/>
  <testcase name="repetition 3021 of 5000" classname="com.mindhub.homebanking.HomebankingApplicationTest" time="0.001"/>
  <testcase name="repetition 3022 of 5000" classname="com.mindhub.homebanking.HomebankingApplicationTest" time="0.001"/>
  <testcase name="repetition 3023 of 5000" classname="com.mindhub.homebanking.HomebankingApplicationTest" time="0.001"/>
  <testcase name="repetition 3024 of 5000" classname="com.mindhub.homebanking.HomebankingApplicationTest" time="0.001"/>
  <testcase name="repetition 3025 of 5000" classname="com.mindhub.homebanking.HomebankingApplicationTest" time="0.001"/>
  <testcase name="repetition 3026 of 5000" classname="com.mindhub.homebanking.HomebankingApplicationTest" time="0.001"/>
  <testcase name="repetition 3027 of 5000" classname="com.mindhub.homebanking.HomebankingApplicationTest" time="0.0"/>
  <testcase name="repetition 3028 of 5000" classname="com.mindhub.homebanking.HomebankingApplicationTest" time="0.001"/>
  <testcase name="repetition 3029 of 5000" classname="com.mindhub.homebanking.HomebankingApplicationTest" time="0.0"/>
  <testcase name="repetition 3030 of 5000" classname="com.mindhub.homebanking.HomebankingApplicationTest" time="0.001"/>
  <testcase name="repetition 3031 of 5000" classname="com.mindhub.homebanking.HomebankingApplicationTest" time="0.0"/>
  <testcase name="repetition 3032 of 5000" classname="com.mindhub.homebanking.HomebankingApplicationTest" time="0.001"/>
  <testcase name="repetition 3033 of 5000" classname="com.mindhub.homebanking.HomebankingApplicationTest" time="0.0"/>
  <testcase name="repetition 3034 of 5000" classname="com.mindhub.homebanking.HomebankingApplicationTest" time="0.001"/>
  <testcase name="repetition 3035 of 5000" classname="com.mindhub.homebanking.HomebankingApplicationTest" time="0.0"/>
  <testcase name="repetition 3036 of 5000" classname="com.mindhub.homebanking.HomebankingApplicationTest" time="0.001"/>
  <testcase name="repetition 3037 of 5000" classname="com.mindhub.homebanking.HomebankingApplicationTest" time="0.001"/>
  <testcase name="repetition 3038 of 5000" classname="com.mindhub.homebanking.HomebankingApplicationTest" time="0.0"/>
  <testcase name="repetition 3039 of 5000" classname="com.mindhub.homebanking.HomebankingApplicationTest" time="0.001"/>
  <testcase name="repetition 3040 of 5000" classname="com.mindhub.homebanking.HomebankingApplicationTest" time="0.0"/>
  <testcase name="repetition 3041 of 5000" classname="com.mindhub.homebanking.HomebankingApplicationTest" time="0.0"/>
  <testcase name="repetition 3042 of 5000" classname="com.mindhub.homebanking.HomebankingApplicationTest" time="0.001"/>
  <testcase name="repetition 3043 of 5000" classname="com.mindhub.homebanking.HomebankingApplicationTest" time="0.001"/>
  <testcase name="repetition 3044 of 5000" classname="com.mindhub.homebanking.HomebankingApplicationTest" time="0.001"/>
  <testcase name="repetition 3045 of 5000" classname="com.mindhub.homebanking.HomebankingApplicationTest" time="0.001"/>
  <testcase name="repetition 3046 of 5000" classname="com.mindhub.homebanking.HomebankingApplicationTest" time="0.0"/>
  <testcase name="repetition 3047 of 5000" classname="com.mindhub.homebanking.HomebankingApplicationTest" time="0.001"/>
  <testcase name="repetition 3048 of 5000" classname="com.mindhub.homebanking.HomebankingApplicationTest" time="0.0"/>
  <testcase name="repetition 3049 of 5000" classname="com.mindhub.homebanking.HomebankingApplicationTest" time="0.002"/>
  <testcase name="repetition 3050 of 5000" classname="com.mindhub.homebanking.HomebankingApplicationTest" time="0.001"/>
  <testcase name="repetition 3051 of 5000" classname="com.mindhub.homebanking.HomebankingApplicationTest" time="0.0"/>
  <testcase name="repetition 3052 of 5000" classname="com.mindhub.homebanking.HomebankingApplicationTest" time="0.001"/>
  <testcase name="repetition 3053 of 5000" classname="com.mindhub.homebanking.HomebankingApplicationTest" time="0.001"/>
  <testcase name="repetition 3054 of 5000" classname="com.mindhub.homebanking.HomebankingApplicationTest" time="0.0"/>
  <testcase name="repetition 3055 of 5000" classname="com.mindhub.homebanking.HomebankingApplicationTest" time="0.001"/>
  <testcase name="repetition 3056 of 5000" classname="com.mindhub.homebanking.HomebankingApplicationTest" time="0.0"/>
  <testcase name="repetition 3057 of 5000" classname="com.mindhub.homebanking.HomebankingApplicationTest" time="0.001"/>
  <testcase name="repetition 3058 of 5000" classname="com.mindhub.homebanking.HomebankingApplicationTest" time="0.0"/>
  <testcase name="repetition 3059 of 5000" classname="com.mindhub.homebanking.HomebankingApplicationTest" time="0.001"/>
  <testcase name="repetition 3060 of 5000" classname="com.mindhub.homebanking.HomebankingApplicationTest" time="0.0"/>
  <testcase name="repetition 3061 of 5000" classname="com.mindhub.homebanking.HomebankingApplicationTest" time="0.001"/>
  <testcase name="repetition 3062 of 5000" classname="com.mindhub.homebanking.HomebankingApplicationTest" time="0.001"/>
  <testcase name="repetition 3063 of 5000" classname="com.mindhub.homebanking.HomebankingApplicationTest" time="0.001"/>
  <testcase name="repetition 3064 of 5000" classname="com.mindhub.homebanking.HomebankingApplicationTest" time="0.001"/>
  <testcase name="repetition 3065 of 5000" classname="com.mindhub.homebanking.HomebankingApplicationTest" time="0.001"/>
  <testcase name="repetition 3066 of 5000" classname="com.mindhub.homebanking.HomebankingApplicationTest" time="0.0"/>
  <testcase name="repetition 3067 of 5000" classname="com.mindhub.homebanking.HomebankingApplicationTest" time="0.001"/>
  <testcase name="repetition 3068 of 5000" classname="com.mindhub.homebanking.HomebankingApplicationTest" time="0.0"/>
  <testcase name="repetition 3069 of 5000" classname="com.mindhub.homebanking.HomebankingApplicationTest" time="0.001"/>
  <testcase name="repetition 3070 of 5000" classname="com.mindhub.homebanking.HomebankingApplicationTest" time="0.001"/>
  <testcase name="repetition 3071 of 5000" classname="com.mindhub.homebanking.HomebankingApplicationTest" time="0.0"/>
  <testcase name="repetition 3072 of 5000" classname="com.mindhub.homebanking.HomebankingApplicationTest" time="0.0"/>
  <testcase name="repetition 3073 of 5000" classname="com.mindhub.homebanking.HomebankingApplicationTest" time="0.001"/>
  <testcase name="repetition 3074 of 5000" classname="com.mindhub.homebanking.HomebankingApplicationTest" time="0.001"/>
  <testcase name="repetition 3075 of 5000" classname="com.mindhub.homebanking.HomebankingApplicationTest" time="0.0"/>
  <testcase name="repetition 3076 of 5000" classname="com.mindhub.homebanking.HomebankingApplicationTest" time="0.001"/>
  <testcase name="repetition 3077 of 5000" classname="com.mindhub.homebanking.HomebankingApplicationTest" time="0.001"/>
  <testcase name="repetition 3078 of 5000" classname="com.mindhub.homebanking.HomebankingApplicationTest" time="0.0"/>
  <testcase name="repetition 3079 of 5000" classname="com.mindhub.homebanking.HomebankingApplicationTest" time="0.001"/>
  <testcase name="repetition 3080 of 5000" classname="com.mindhub.homebanking.HomebankingApplicationTest" time="0.0"/>
  <testcase name="repetition 3081 of 5000" classname="com.mindhub.homebanking.HomebankingApplicationTest" time="0.001"/>
  <testcase name="repetition 3082 of 5000" classname="com.mindhub.homebanking.HomebankingApplicationTest" time="0.001"/>
  <testcase name="repetition 3083 of 5000" classname="com.mindhub.homebanking.HomebankingApplicationTest" time="0.001"/>
  <testcase name="repetition 3084 of 5000" classname="com.mindhub.homebanking.HomebankingApplicationTest" time="0.0"/>
  <testcase name="repetition 3085 of 5000" classname="com.mindhub.homebanking.HomebankingApplicationTest" time="0.0"/>
  <testcase name="repetition 3086 of 5000" classname="com.mindhub.homebanking.HomebankingApplicationTest" time="0.001"/>
  <testcase name="repetition 3087 of 5000" classname="com.mindhub.homebanking.HomebankingApplicationTest" time="0.0"/>
  <testcase name="repetition 3088 of 5000" classname="com.mindhub.homebanking.HomebankingApplicationTest" time="0.001"/>
  <testcase name="repetition 3089 of 5000" classname="com.mindhub.homebanking.HomebankingApplicationTest" time="0.0"/>
  <testcase name="repetition 3090 of 5000" classname="com.mindhub.homebanking.HomebankingApplicationTest" time="0.001"/>
  <testcase name="repetition 3091 of 5000" classname="com.mindhub.homebanking.HomebankingApplicationTest" time="0.0"/>
  <testcase name="repetition 3092 of 5000" classname="com.mindhub.homebanking.HomebankingApplicationTest" time="0.001"/>
  <testcase name="repetition 3093 of 5000" classname="com.mindhub.homebanking.HomebankingApplicationTest" time="0.001"/>
  <testcase name="repetition 3094 of 5000" classname="com.mindhub.homebanking.HomebankingApplicationTest" time="0.0"/>
  <testcase name="repetition 3095 of 5000" classname="com.mindhub.homebanking.HomebankingApplicationTest" time="0.001"/>
  <testcase name="repetition 3096 of 5000" classname="com.mindhub.homebanking.HomebankingApplicationTest" time="0.001"/>
  <testcase name="repetition 3097 of 5000" classname="com.mindhub.homebanking.HomebankingApplicationTest" time="0.0"/>
  <testcase name="repetition 3098 of 5000" classname="com.mindhub.homebanking.HomebankingApplicationTest" time="0.001"/>
  <testcase name="repetition 3099 of 5000" classname="com.mindhub.homebanking.HomebankingApplicationTest" time="0.001"/>
  <testcase name="repetition 3100 of 5000" classname="com.mindhub.homebanking.HomebankingApplicationTest" time="0.0"/>
  <testcase name="repetition 3101 of 5000" classname="com.mindhub.homebanking.HomebankingApplicationTest" time="0.001"/>
  <testcase name="repetition 3102 of 5000" classname="com.mindhub.homebanking.HomebankingApplicationTest" time="0.001"/>
  <testcase name="repetition 3103 of 5000" classname="com.mindhub.homebanking.HomebankingApplicationTest" time="0.0"/>
  <testcase name="repetition 3104 of 5000" classname="com.mindhub.homebanking.HomebankingApplicationTest" time="0.0"/>
  <testcase name="repetition 3105 of 5000" classname="com.mindhub.homebanking.HomebankingApplicationTest" time="0.0"/>
  <testcase name="repetition 3106 of 5000" classname="com.mindhub.homebanking.HomebankingApplicationTest" time="0.0"/>
  <testcase name="repetition 3107 of 5000" classname="com.mindhub.homebanking.HomebankingApplicationTest" time="0.001"/>
  <testcase name="repetition 3108 of 5000" classname="com.mindhub.homebanking.HomebankingApplicationTest" time="0.0"/>
  <testcase name="repetition 3109 of 5000" classname="com.mindhub.homebanking.HomebankingApplicationTest" time="0.001"/>
  <testcase name="repetition 3110 of 5000" classname="com.mindhub.homebanking.HomebankingApplicationTest" time="0.0"/>
  <testcase name="repetition 3111 of 5000" classname="com.mindhub.homebanking.HomebankingApplicationTest" time="0.001"/>
  <testcase name="repetition 3112 of 5000" classname="com.mindhub.homebanking.HomebankingApplicationTest" time="0.001"/>
  <testcase name="repetition 3113 of 5000" classname="com.mindhub.homebanking.HomebankingApplicationTest" time="0.001"/>
  <testcase name="repetition 3114 of 5000" classname="com.mindhub.homebanking.HomebankingApplicationTest" time="0.001"/>
  <testcase name="repetition 3115 of 5000" classname="com.mindhub.homebanking.HomebankingApplicationTest" time="0.0"/>
  <testcase name="repetition 3116 of 5000" classname="com.mindhub.homebanking.HomebankingApplicationTest" time="0.001"/>
  <testcase name="repetition 3117 of 5000" classname="com.mindhub.homebanking.HomebankingApplicationTest" time="0.0"/>
  <testcase name="repetition 3118 of 5000" classname="com.mindhub.homebanking.HomebankingApplicationTest" time="0.001"/>
  <testcase name="repetition 3119 of 5000" classname="com.mindhub.homebanking.HomebankingApplicationTest" time="0.0"/>
  <testcase name="repetition 3120 of 5000" classname="com.mindhub.homebanking.HomebankingApplicationTest" time="0.001"/>
  <testcase name="repetition 3121 of 5000" classname="com.mindhub.homebanking.HomebankingApplicationTest" time="0.0"/>
  <testcase name="repetition 3122 of 5000" classname="com.mindhub.homebanking.HomebankingApplicationTest" time="0.001"/>
  <testcase name="repetition 3123 of 5000" classname="com.mindhub.homebanking.HomebankingApplicationTest" time="0.001"/>
  <testcase name="repetition 3124 of 5000" classname="com.mindhub.homebanking.HomebankingApplicationTest" time="0.0"/>
  <testcase name="repetition 3125 of 5000" classname="com.mindhub.homebanking.HomebankingApplicationTest" time="0.001"/>
  <testcase name="repetition 3126 of 5000" classname="com.mindhub.homebanking.HomebankingApplicationTest" time="0.001"/>
  <testcase name="repetition 3127 of 5000" classname="com.mindhub.homebanking.HomebankingApplicationTest" time="0.0"/>
  <testcase name="repetition 3128 of 5000" classname="com.mindhub.homebanking.HomebankingApplicationTest" time="0.0"/>
  <testcase name="repetition 3129 of 5000" classname="com.mindhub.homebanking.HomebankingApplicationTest" time="0.0"/>
  <testcase name="repetition 3130 of 5000" classname="com.mindhub.homebanking.HomebankingApplicationTest" time="0.001"/>
  <testcase name="repetition 3131 of 5000" classname="com.mindhub.homebanking.HomebankingApplicationTest" time="0.001"/>
  <testcase name="repetition 3132 of 5000" classname="com.mindhub.homebanking.HomebankingApplicationTest" time="0.0"/>
  <testcase name="repetition 3133 of 5000" classname="com.mindhub.homebanking.HomebankingApplicationTest" time="0.001"/>
  <testcase name="repetition 3134 of 5000" classname="com.mindhub.homebanking.HomebankingApplicationTest" time="0.001"/>
  <testcase name="repetition 3135 of 5000" classname="com.mindhub.homebanking.HomebankingApplicationTest" time="0.0"/>
  <testcase name="repetition 3136 of 5000" classname="com.mindhub.homebanking.HomebankingApplicationTest" time="0.001"/>
  <testcase name="repetition 3137 of 5000" classname="com.mindhub.homebanking.HomebankingApplicationTest" time="0.001"/>
  <testcase name="repetition 3138 of 5000" classname="com.mindhub.homebanking.HomebankingApplicationTest" time="0.001"/>
  <testcase name="repetition 3139 of 5000" classname="com.mindhub.homebanking.HomebankingApplicationTest" time="0.001"/>
  <testcase name="repetition 3140 of 5000" classname="com.mindhub.homebanking.HomebankingApplicationTest" time="0.0"/>
  <testcase name="repetition 3141 of 5000" classname="com.mindhub.homebanking.HomebankingApplicationTest" time="0.001"/>
  <testcase name="repetition 3142 of 5000" classname="com.mindhub.homebanking.HomebankingApplicationTest" time="0.001"/>
  <testcase name="repetition 3143 of 5000" classname="com.mindhub.homebanking.HomebankingApplicationTest" time="0.001"/>
  <testcase name="repetition 3144 of 5000" classname="com.mindhub.homebanking.HomebankingApplicationTest" time="0.001"/>
  <testcase name="repetition 3145 of 5000" classname="com.mindhub.homebanking.HomebankingApplicationTest" time="0.0"/>
  <testcase name="repetition 3146 of 5000" classname="com.mindhub.homebanking.HomebankingApplicationTest" time="0.001"/>
  <testcase name="repetition 3147 of 5000" classname="com.mindhub.homebanking.HomebankingApplicationTest" time="0.001"/>
  <testcase name="repetition 3148 of 5000" classname="com.mindhub.homebanking.HomebankingApplicationTest" time="0.0"/>
  <testcase name="repetition 3149 of 5000" classname="com.mindhub.homebanking.HomebankingApplicationTest" time="0.001"/>
  <testcase name="repetition 3150 of 5000" classname="com.mindhub.homebanking.HomebankingApplicationTest" time="0.001"/>
  <testcase name="repetition 3151 of 5000" classname="com.mindhub.homebanking.HomebankingApplicationTest" time="0.001"/>
  <testcase name="repetition 3152 of 5000" classname="com.mindhub.homebanking.HomebankingApplicationTest" time="0.0"/>
  <testcase name="repetition 3153 of 5000" classname="com.mindhub.homebanking.HomebankingApplicationTest" time="0.001"/>
  <testcase name="repetition 3154 of 5000" classname="com.mindhub.homebanking.HomebankingApplicationTest" time="0.004"/>
  <testcase name="repetition 3155 of 5000" classname="com.mindhub.homebanking.HomebankingApplicationTest" time="0.0"/>
  <testcase name="repetition 3156 of 5000" classname="com.mindhub.homebanking.HomebankingApplicationTest" time="0.0"/>
  <testcase name="repetition 3157 of 5000" classname="com.mindhub.homebanking.HomebankingApplicationTest" time="0.001"/>
  <testcase name="repetition 3158 of 5000" classname="com.mindhub.homebanking.HomebankingApplicationTest" time="0.0"/>
  <testcase name="repetition 3159 of 5000" classname="com.mindhub.homebanking.HomebankingApplicationTest" time="0.0"/>
  <testcase name="repetition 3160 of 5000" classname="com.mindhub.homebanking.HomebankingApplicationTest" time="0.001"/>
  <testcase name="repetition 3161 of 5000" classname="com.mindhub.homebanking.HomebankingApplicationTest" time="0.001"/>
  <testcase name="repetition 3162 of 5000" classname="com.mindhub.homebanking.HomebankingApplicationTest" time="0.001"/>
  <testcase name="repetition 3163 of 5000" classname="com.mindhub.homebanking.HomebankingApplicationTest" time="0.0"/>
  <testcase name="repetition 3164 of 5000" classname="com.mindhub.homebanking.HomebankingApplicationTest" time="0.001"/>
  <testcase name="repetition 3165 of 5000" classname="com.mindhub.homebanking.HomebankingApplicationTest" time="0.0"/>
  <testcase name="repetition 3166 of 5000" classname="com.mindhub.homebanking.HomebankingApplicationTest" time="0.001"/>
  <testcase name="repetition 3167 of 5000" classname="com.mindhub.homebanking.HomebankingApplicationTest" time="0.001"/>
  <testcase name="repetition 3168 of 5000" classname="com.mindhub.homebanking.HomebankingApplicationTest" time="0.0"/>
  <testcase name="repetition 3169 of 5000" classname="com.mindhub.homebanking.HomebankingApplicationTest" time="0.001"/>
  <testcase name="repetition 3170 of 5000" classname="com.mindhub.homebanking.HomebankingApplicationTest" time="0.0"/>
  <testcase name="repetition 3171 of 5000" classname="com.mindhub.homebanking.HomebankingApplicationTest" time="0.001"/>
  <testcase name="repetition 3172 of 5000" classname="com.mindhub.homebanking.HomebankingApplicationTest" time="0.0"/>
  <testcase name="repetition 3173 of 5000" classname="com.mindhub.homebanking.HomebankingApplicationTest" time="0.001"/>
  <testcase name="repetition 3174 of 5000" classname="com.mindhub.homebanking.HomebankingApplicationTest" time="0.001"/>
  <testcase name="repetition 3175 of 5000" classname="com.mindhub.homebanking.HomebankingApplicationTest" time="0.0"/>
  <testcase name="repetition 3176 of 5000" classname="com.mindhub.homebanking.HomebankingApplicationTest" time="0.001"/>
  <testcase name="repetition 3177 of 5000" classname="com.mindhub.homebanking.HomebankingApplicationTest" time="0.0"/>
  <testcase name="repetition 3178 of 5000" classname="com.mindhub.homebanking.HomebankingApplicationTest" time="0.001"/>
  <testcase name="repetition 3179 of 5000" classname="com.mindhub.homebanking.HomebankingApplicationTest" time="0.001"/>
  <testcase name="repetition 3180 of 5000" classname="com.mindhub.homebanking.HomebankingApplicationTest" time="0.0"/>
  <testcase name="repetition 3181 of 5000" classname="com.mindhub.homebanking.HomebankingApplicationTest" time="0.001"/>
  <testcase name="repetition 3182 of 5000" classname="com.mindhub.homebanking.HomebankingApplicationTest" time="0.001"/>
  <testcase name="repetition 3183 of 5000" classname="com.mindhub.homebanking.HomebankingApplicationTest" time="0.0"/>
  <testcase name="repetition 3184 of 5000" classname="com.mindhub.homebanking.HomebankingApplicationTest" time="0.001"/>
  <testcase name="repetition 3185 of 5000" classname="com.mindhub.homebanking.HomebankingApplicationTest" time="0.0"/>
  <testcase name="repetition 3186 of 5000" classname="com.mindhub.homebanking.HomebankingApplicationTest" time="0.001"/>
  <testcase name="repetition 3187 of 5000" classname="com.mindhub.homebanking.HomebankingApplicationTest" time="0.0"/>
  <testcase name="repetition 3188 of 5000" classname="com.mindhub.homebanking.HomebankingApplicationTest" time="0.0"/>
  <testcase name="repetition 3189 of 5000" classname="com.mindhub.homebanking.HomebankingApplicationTest" time="0.001"/>
  <testcase name="repetition 3190 of 5000" classname="com.mindhub.homebanking.HomebankingApplicationTest" time="0.0"/>
  <testcase name="repetition 3191 of 5000" classname="com.mindhub.homebanking.HomebankingApplicationTest" time="0.001"/>
  <testcase name="repetition 3192 of 5000" classname="com.mindhub.homebanking.HomebankingApplicationTest" time="0.0"/>
  <testcase name="repetition 3193 of 5000" classname="com.mindhub.homebanking.HomebankingApplicationTest" time="0.0"/>
  <testcase name="repetition 3194 of 5000" classname="com.mindhub.homebanking.HomebankingApplicationTest" time="0.001"/>
  <testcase name="repetition 3195 of 5000" classname="com.mindhub.homebanking.HomebankingApplicationTest" time="0.001"/>
  <testcase name="repetition 3196 of 5000" classname="com.mindhub.homebanking.HomebankingApplicationTest" time="0.001"/>
  <testcase name="repetition 3197 of 5000" classname="com.mindhub.homebanking.HomebankingApplicationTest" time="0.001"/>
  <testcase name="repetition 3198 of 5000" classname="com.mindhub.homebanking.HomebankingApplicationTest" time="0.001"/>
  <testcase name="repetition 3199 of 5000" classname="com.mindhub.homebanking.HomebankingApplicationTest" time="0.0"/>
  <testcase name="repetition 3200 of 5000" classname="com.mindhub.homebanking.HomebankingApplicationTest" time="0.0"/>
  <testcase name="repetition 3201 of 5000" classname="com.mindhub.homebanking.HomebankingApplicationTest" time="0.001"/>
  <testcase name="repetition 3202 of 5000" classname="com.mindhub.homebanking.HomebankingApplicationTest" time="0.0"/>
  <testcase name="repetition 3203 of 5000" classname="com.mindhub.homebanking.HomebankingApplicationTest" time="0.001"/>
  <testcase name="repetition 3204 of 5000" classname="com.mindhub.homebanking.HomebankingApplicationTest" time="0.0"/>
  <testcase name="repetition 3205 of 5000" classname="com.mindhub.homebanking.HomebankingApplicationTest" time="0.001"/>
  <testcase name="repetition 3206 of 5000" classname="com.mindhub.homebanking.HomebankingApplicationTest" time="0.001"/>
  <testcase name="repetition 3207 of 5000" classname="com.mindhub.homebanking.HomebankingApplicationTest" time="0.0"/>
  <testcase name="repetition 3208 of 5000" classname="com.mindhub.homebanking.HomebankingApplicationTest" time="0.001"/>
  <testcase name="repetition 3209 of 5000" classname="com.mindhub.homebanking.HomebankingApplicationTest" time="0.0"/>
  <testcase name="repetition 3210 of 5000" classname="com.mindhub.homebanking.HomebankingApplicationTest" time="0.001"/>
  <testcase name="repetition 3211 of 5000" classname="com.mindhub.homebanking.HomebankingApplicationTest" time="0.0"/>
  <testcase name="repetition 3212 of 5000" classname="com.mindhub.homebanking.HomebankingApplicationTest" time="0.001"/>
  <testcase name="repetition 3213 of 5000" classname="com.mindhub.homebanking.HomebankingApplicationTest" time="0.0"/>
  <testcase name="repetition 3214 of 5000" classname="com.mindhub.homebanking.HomebankingApplicationTest" time="0.0"/>
  <testcase name="repetition 3215 of 5000" classname="com.mindhub.homebanking.HomebankingApplicationTest" time="0.0"/>
  <testcase name="repetition 3216 of 5000" classname="com.mindhub.homebanking.HomebankingApplicationTest" time="0.001"/>
  <testcase name="repetition 3217 of 5000" classname="com.mindhub.homebanking.HomebankingApplicationTest" time="0.0"/>
  <testcase name="repetition 3218 of 5000" classname="com.mindhub.homebanking.HomebankingApplicationTest" time="0.001"/>
  <testcase name="repetition 3219 of 5000" classname="com.mindhub.homebanking.HomebankingApplicationTest" time="0.001"/>
  <testcase name="repetition 3220 of 5000" classname="com.mindhub.homebanking.HomebankingApplicationTest" time="0.0"/>
  <testcase name="repetition 3221 of 5000" classname="com.mindhub.homebanking.HomebankingApplicationTest" time="0.001"/>
  <testcase name="repetition 3222 of 5000" classname="com.mindhub.homebanking.HomebankingApplicationTest" time="0.0"/>
  <testcase name="repetition 3223 of 5000" classname="com.mindhub.homebanking.HomebankingApplicationTest" time="0.001"/>
  <testcase name="repetition 3224 of 5000" classname="com.mindhub.homebanking.HomebankingApplicationTest" time="0.0"/>
  <testcase name="repetition 3225 of 5000" classname="com.mindhub.homebanking.HomebankingApplicationTest" time="0.001"/>
  <testcase name="repetition 3226 of 5000" classname="com.mindhub.homebanking.HomebankingApplicationTest" time="0.0"/>
  <testcase name="repetition 3227 of 5000" classname="com.mindhub.homebanking.HomebankingApplicationTest" time="0.0"/>
  <testcase name="repetition 3228 of 5000" classname="com.mindhub.homebanking.HomebankingApplicationTest" time="0.001"/>
  <testcase name="repetition 3229 of 5000" classname="com.mindhub.homebanking.HomebankingApplicationTest" time="0.001"/>
  <testcase name="repetition 3230 of 5000" classname="com.mindhub.homebanking.HomebankingApplicationTest" time="0.0"/>
  <testcase name="repetition 3231 of 5000" classname="com.mindhub.homebanking.HomebankingApplicationTest" time="0.001"/>
  <testcase name="repetition 3232 of 5000" classname="com.mindhub.homebanking.HomebankingApplicationTest" time="0.0"/>
  <testcase name="repetition 3233 of 5000" classname="com.mindhub.homebanking.HomebankingApplicationTest" time="0.001"/>
  <testcase name="repetition 3234 of 5000" classname="com.mindhub.homebanking.HomebankingApplicationTest" time="0.0"/>
  <testcase name="repetition 3235 of 5000" classname="com.mindhub.homebanking.HomebankingApplicationTest" time="0.0"/>
  <testcase name="repetition 3236 of 5000" classname="com.mindhub.homebanking.HomebankingApplicationTest" time="0.0"/>
  <testcase name="repetition 3237 of 5000" classname="com.mindhub.homebanking.HomebankingApplicationTest" time="0.001"/>
  <testcase name="repetition 3238 of 5000" classname="com.mindhub.homebanking.HomebankingApplicationTest" time="0.001"/>
  <testcase name="repetition 3239 of 5000" classname="com.mindhub.homebanking.HomebankingApplicationTest" time="0.0"/>
  <testcase name="repetition 3240 of 5000" classname="com.mindhub.homebanking.HomebankingApplicationTest" time="0.0"/>
  <testcase name="repetition 3241 of 5000" classname="com.mindhub.homebanking.HomebankingApplicationTest" time="0.001"/>
  <testcase name="repetition 3242 of 5000" classname="com.mindhub.homebanking.HomebankingApplicationTest" time="0.0"/>
  <testcase name="repetition 3243 of 5000" classname="com.mindhub.homebanking.HomebankingApplicationTest" time="0.001"/>
  <testcase name="repetition 3244 of 5000" classname="com.mindhub.homebanking.HomebankingApplicationTest" time="0.0"/>
  <testcase name="repetition 3245 of 5000" classname="com.mindhub.homebanking.HomebankingApplicationTest" time="0.001"/>
  <testcase name="repetition 3246 of 5000" classname="com.mindhub.homebanking.HomebankingApplicationTest" time="0.0"/>
  <testcase name="repetition 3247 of 5000" classname="com.mindhub.homebanking.HomebankingApplicationTest" time="0.001"/>
  <testcase name="repetition 3248 of 5000" classname="com.mindhub.homebanking.HomebankingApplicationTest" time="0.001"/>
  <testcase name="repetition 3249 of 5000" classname="com.mindhub.homebanking.HomebankingApplicationTest" time="0.0"/>
  <testcase name="repetition 3250 of 5000" classname="com.mindhub.homebanking.HomebankingApplicationTest" time="0.0"/>
  <testcase name="repetition 3251 of 5000" classname="com.mindhub.homebanking.HomebankingApplicationTest" time="0.001"/>
  <testcase name="repetition 3252 of 5000" classname="com.mindhub.homebanking.HomebankingApplicationTest" time="0.001"/>
  <testcase name="repetition 3253 of 5000" classname="com.mindhub.homebanking.HomebankingApplicationTest" time="0.002"/>
  <testcase name="repetition 3254 of 5000" classname="com.mindhub.homebanking.HomebankingApplicationTest" time="0.0"/>
  <testcase name="repetition 3255 of 5000" classname="com.mindhub.homebanking.HomebankingApplicationTest" time="0.0"/>
  <testcase name="repetition 3256 of 5000" classname="com.mindhub.homebanking.HomebankingApplicationTest" time="0.001"/>
  <testcase name="repetition 3257 of 5000" classname="com.mindhub.homebanking.HomebankingApplicationTest" time="0.0"/>
  <testcase name="repetition 3258 of 5000" classname="com.mindhub.homebanking.HomebankingApplicationTest" time="0.0"/>
  <testcase name="repetition 3259 of 5000" classname="com.mindhub.homebanking.HomebankingApplicationTest" time="0.001"/>
  <testcase name="repetition 3260 of 5000" classname="com.mindhub.homebanking.HomebankingApplicationTest" time="0.001"/>
  <testcase name="repetition 3261 of 5000" classname="com.mindhub.homebanking.HomebankingApplicationTest" time="0.001"/>
  <testcase name="repetition 3262 of 5000" classname="com.mindhub.homebanking.HomebankingApplicationTest" time="0.001"/>
  <testcase name="repetition 3263 of 5000" classname="com.mindhub.homebanking.HomebankingApplicationTest" time="0.001"/>
  <testcase name="repetition 3264 of 5000" classname="com.mindhub.homebanking.HomebankingApplicationTest" time="0.0"/>
  <testcase name="repetition 3265 of 5000" classname="com.mindhub.homebanking.HomebankingApplicationTest" time="0.001"/>
  <testcase name="repetition 3266 of 5000" classname="com.mindhub.homebanking.HomebankingApplicationTest" time="0.0"/>
  <testcase name="repetition 3267 of 5000" classname="com.mindhub.homebanking.HomebankingApplicationTest" time="0.001"/>
  <testcase name="repetition 3268 of 5000" classname="com.mindhub.homebanking.HomebankingApplicationTest" time="0.0"/>
  <testcase name="repetition 3269 of 5000" classname="com.mindhub.homebanking.HomebankingApplicationTest" time="0.001"/>
  <testcase name="repetition 3270 of 5000" classname="com.mindhub.homebanking.HomebankingApplicationTest" time="0.0"/>
  <testcase name="repetition 3271 of 5000" classname="com.mindhub.homebanking.HomebankingApplicationTest" time="0.001"/>
  <testcase name="repetition 3272 of 5000" classname="com.mindhub.homebanking.HomebankingApplicationTest" time="0.001"/>
  <testcase name="repetition 3273 of 5000" classname="com.mindhub.homebanking.HomebankingApplicationTest" time="0.0"/>
  <testcase name="repetition 3274 of 5000" classname="com.mindhub.homebanking.HomebankingApplicationTest" time="0.001"/>
  <testcase name="repetition 3275 of 5000" classname="com.mindhub.homebanking.HomebankingApplicationTest" time="0.001"/>
  <testcase name="repetition 3276 of 5000" classname="com.mindhub.homebanking.HomebankingApplicationTest" time="0.0"/>
  <testcase name="repetition 3277 of 5000" classname="com.mindhub.homebanking.HomebankingApplicationTest" time="0.001"/>
  <testcase name="repetition 3278 of 5000" classname="com.mindhub.homebanking.HomebankingApplicationTest" time="0.0"/>
  <testcase name="repetition 3279 of 5000" classname="com.mindhub.homebanking.HomebankingApplicationTest" time="0.001"/>
  <testcase name="repetition 3280 of 5000" classname="com.mindhub.homebanking.HomebankingApplicationTest" time="0.0"/>
  <testcase name="repetition 3281 of 5000" classname="com.mindhub.homebanking.HomebankingApplicationTest" time="0.001"/>
  <testcase name="repetition 3282 of 5000" classname="com.mindhub.homebanking.HomebankingApplicationTest" time="0.001"/>
  <testcase name="repetition 3283 of 5000" classname="com.mindhub.homebanking.HomebankingApplicationTest" time="0.0"/>
  <testcase name="repetition 3284 of 5000" classname="com.mindhub.homebanking.HomebankingApplicationTest" time="0.001"/>
  <testcase name="repetition 3285 of 5000" classname="com.mindhub.homebanking.HomebankingApplicationTest" time="0.0"/>
  <testcase name="repetition 3286 of 5000" classname="com.mindhub.homebanking.HomebankingApplicationTest" time="0.001"/>
  <testcase name="repetition 3287 of 5000" classname="com.mindhub.homebanking.HomebankingApplicationTest" time="0.0"/>
  <testcase name="repetition 3288 of 5000" classname="com.mindhub.homebanking.HomebankingApplicationTest" time="0.001"/>
  <testcase name="repetition 3289 of 5000" classname="com.mindhub.homebanking.HomebankingApplicationTest" time="0.0"/>
  <testcase name="repetition 3290 of 5000" classname="com.mindhub.homebanking.HomebankingApplicationTest" time="0.0"/>
  <testcase name="repetition 3291 of 5000" classname="com.mindhub.homebanking.HomebankingApplicationTest" time="0.0"/>
  <testcase name="repetition 3292 of 5000" classname="com.mindhub.homebanking.HomebankingApplicationTest" time="0.001"/>
  <testcase name="repetition 3293 of 5000" classname="com.mindhub.homebanking.HomebankingApplicationTest" time="0.001"/>
  <testcase name="repetition 3294 of 5000" classname="com.mindhub.homebanking.HomebankingApplicationTest" time="0.0"/>
  <testcase name="repetition 3295 of 5000" classname="com.mindhub.homebanking.HomebankingApplicationTest" time="0.0"/>
  <testcase name="repetition 3296 of 5000" classname="com.mindhub.homebanking.HomebankingApplicationTest" time="0.0"/>
  <testcase name="repetition 3297 of 5000" classname="com.mindhub.homebanking.HomebankingApplicationTest" time="0.0"/>
  <testcase name="repetition 3298 of 5000" classname="com.mindhub.homebanking.HomebankingApplicationTest" time="0.001"/>
  <testcase name="repetition 3299 of 5000" classname="com.mindhub.homebanking.HomebankingApplicationTest" time="0.0"/>
  <testcase name="repetition 3300 of 5000" classname="com.mindhub.homebanking.HomebankingApplicationTest" time="0.001"/>
  <testcase name="repetition 3301 of 5000" classname="com.mindhub.homebanking.HomebankingApplicationTest" time="0.001"/>
  <testcase name="repetition 3302 of 5000" classname="com.mindhub.homebanking.HomebankingApplicationTest" time="0.001"/>
  <testcase name="repetition 3303 of 5000" classname="com.mindhub.homebanking.HomebankingApplicationTest" time="0.001"/>
  <testcase name="repetition 3304 of 5000" classname="com.mindhub.homebanking.HomebankingApplicationTest" time="0.001"/>
  <testcase name="repetition 3305 of 5000" classname="com.mindhub.homebanking.HomebankingApplicationTest" time="0.0"/>
  <testcase name="repetition 3306 of 5000" classname="com.mindhub.homebanking.HomebankingApplicationTest" time="0.0"/>
  <testcase name="repetition 3307 of 5000" classname="com.mindhub.homebanking.HomebankingApplicationTest" time="0.001"/>
  <testcase name="repetition 3308 of 5000" classname="com.mindhub.homebanking.HomebankingApplicationTest" time="0.0"/>
  <testcase name="repetition 3309 of 5000" classname="com.mindhub.homebanking.HomebankingApplicationTest" time="0.001"/>
  <testcase name="repetition 3310 of 5000" classname="com.mindhub.homebanking.HomebankingApplicationTest" time="0.0"/>
  <testcase name="repetition 3311 of 5000" classname="com.mindhub.homebanking.HomebankingApplicationTest" time="0.0"/>
  <testcase name="repetition 3312 of 5000" classname="com.mindhub.homebanking.HomebankingApplicationTest" time="0.001"/>
  <testcase name="repetition 3313 of 5000" classname="com.mindhub.homebanking.HomebankingApplicationTest" time="0.0"/>
  <testcase name="repetition 3314 of 5000" classname="com.mindhub.homebanking.HomebankingApplicationTest" time="0.001"/>
  <testcase name="repetition 3315 of 5000" classname="com.mindhub.homebanking.HomebankingApplicationTest" time="0.0"/>
  <testcase name="repetition 3316 of 5000" classname="com.mindhub.homebanking.HomebankingApplicationTest" time="0.001"/>
  <testcase name="repetition 3317 of 5000" classname="com.mindhub.homebanking.HomebankingApplicationTest" time="0.001"/>
  <testcase name="repetition 3318 of 5000" classname="com.mindhub.homebanking.HomebankingApplicationTest" time="0.0"/>
  <testcase name="repetition 3319 of 5000" classname="com.mindhub.homebanking.HomebankingApplicationTest" time="0.001"/>
  <testcase name="repetition 3320 of 5000" classname="com.mindhub.homebanking.HomebankingApplicationTest" time="0.0"/>
  <testcase name="repetition 3321 of 5000" classname="com.mindhub.homebanking.HomebankingApplicationTest" time="0.001"/>
  <testcase name="repetition 3322 of 5000" classname="com.mindhub.homebanking.HomebankingApplicationTest" time="0.001"/>
  <testcase name="repetition 3323 of 5000" classname="com.mindhub.homebanking.HomebankingApplicationTest" time="0.001"/>
  <testcase name="repetition 3324 of 5000" classname="com.mindhub.homebanking.HomebankingApplicationTest" time="0.0"/>
  <testcase name="repetition 3325 of 5000" classname="com.mindhub.homebanking.HomebankingApplicationTest" time="0.001"/>
  <testcase name="repetition 3326 of 5000" classname="com.mindhub.homebanking.HomebankingApplicationTest" time="0.0"/>
  <testcase name="repetition 3327 of 5000" classname="com.mindhub.homebanking.HomebankingApplicationTest" time="0.0"/>
  <testcase name="repetition 3328 of 5000" classname="com.mindhub.homebanking.HomebankingApplicationTest" time="0.001"/>
  <testcase name="repetition 3329 of 5000" classname="com.mindhub.homebanking.HomebankingApplicationTest" time="0.0"/>
  <testcase name="repetition 3330 of 5000" classname="com.mindhub.homebanking.HomebankingApplicationTest" time="0.001"/>
  <testcase name="repetition 3331 of 5000" classname="com.mindhub.homebanking.HomebankingApplicationTest" time="0.001"/>
  <testcase name="repetition 3332 of 5000" classname="com.mindhub.homebanking.HomebankingApplicationTest" time="0.001"/>
  <testcase name="repetition 3333 of 5000" classname="com.mindhub.homebanking.HomebankingApplicationTest" time="0.001"/>
  <testcase name="repetition 3334 of 5000" classname="com.mindhub.homebanking.HomebankingApplicationTest" time="0.001"/>
  <testcase name="repetition 3335 of 5000" classname="com.mindhub.homebanking.HomebankingApplicationTest" time="0.0"/>
  <testcase name="repetition 3336 of 5000" classname="com.mindhub.homebanking.HomebankingApplicationTest" time="0.001"/>
  <testcase name="repetition 3337 of 5000" classname="com.mindhub.homebanking.HomebankingApplicationTest" time="0.0"/>
  <testcase name="repetition 3338 of 5000" classname="com.mindhub.homebanking.HomebankingApplicationTest" time="0.001"/>
  <testcase name="repetition 3339 of 5000" classname="com.mindhub.homebanking.HomebankingApplicationTest" time="0.001"/>
  <testcase name="repetition 3340 of 5000" classname="com.mindhub.homebanking.HomebankingApplicationTest" time="0.001"/>
  <testcase name="repetition 3341 of 5000" classname="com.mindhub.homebanking.HomebankingApplicationTest" time="0.001"/>
  <testcase name="repetition 3342 of 5000" classname="com.mindhub.homebanking.HomebankingApplicationTest" time="0.0"/>
  <testcase name="repetition 3343 of 5000" classname="com.mindhub.homebanking.HomebankingApplicationTest" time="0.001"/>
  <testcase name="repetition 3344 of 5000" classname="com.mindhub.homebanking.HomebankingApplicationTest" time="0.001"/>
  <testcase name="repetition 3345 of 5000" classname="com.mindhub.homebanking.HomebankingApplicationTest" time="0.001"/>
  <testcase name="repetition 3346 of 5000" classname="com.mindhub.homebanking.HomebankingApplicationTest" time="0.0"/>
  <testcase name="repetition 3347 of 5000" classname="com.mindhub.homebanking.HomebankingApplicationTest" time="0.001"/>
  <testcase name="repetition 3348 of 5000" classname="com.mindhub.homebanking.HomebankingApplicationTest" time="0.0"/>
  <testcase name="repetition 3349 of 5000" classname="com.mindhub.homebanking.HomebankingApplicationTest" time="0.001"/>
  <testcase name="repetition 3350 of 5000" classname="com.mindhub.homebanking.HomebankingApplicationTest" time="0.001"/>
  <testcase name="repetition 3351 of 5000" classname="com.mindhub.homebanking.HomebankingApplicationTest" time="0.0"/>
  <testcase name="repetition 3352 of 5000" classname="com.mindhub.homebanking.HomebankingApplicationTest" time="0.001"/>
  <testcase name="repetition 3353 of 5000" classname="com.mindhub.homebanking.HomebankingApplicationTest" time="0.001"/>
  <testcase name="repetition 3354 of 5000" classname="com.mindhub.homebanking.HomebankingApplicationTest" time="0.0"/>
  <testcase name="repetition 3355 of 5000" classname="com.mindhub.homebanking.HomebankingApplicationTest" time="0.001"/>
  <testcase name="repetition 3356 of 5000" classname="com.mindhub.homebanking.HomebankingApplicationTest" time="0.0"/>
  <testcase name="repetition 3357 of 5000" classname="com.mindhub.homebanking.HomebankingApplicationTest" time="0.0"/>
  <testcase name="repetition 3358 of 5000" classname="com.mindhub.homebanking.HomebankingApplicationTest" time="0.001"/>
  <testcase name="repetition 3359 of 5000" classname="com.mindhub.homebanking.HomebankingApplicationTest" time="0.0"/>
  <testcase name="repetition 3360 of 5000" classname="com.mindhub.homebanking.HomebankingApplicationTest" time="0.001"/>
  <testcase name="repetition 3361 of 5000" classname="com.mindhub.homebanking.HomebankingApplicationTest" time="0.0"/>
  <testcase name="repetition 3362 of 5000" classname="com.mindhub.homebanking.HomebankingApplicationTest" time="0.001"/>
  <testcase name="repetition 3363 of 5000" classname="com.mindhub.homebanking.HomebankingApplicationTest" time="0.0"/>
  <testcase name="repetition 3364 of 5000" classname="com.mindhub.homebanking.HomebankingApplicationTest" time="0.001"/>
  <testcase name="repetition 3365 of 5000" classname="com.mindhub.homebanking.HomebankingApplicationTest" time="0.0"/>
  <testcase name="repetition 3366 of 5000" classname="com.mindhub.homebanking.HomebankingApplicationTest" time="0.001"/>
  <testcase name="repetition 3367 of 5000" classname="com.mindhub.homebanking.HomebankingApplicationTest" time="0.0"/>
  <testcase name="repetition 3368 of 5000" classname="com.mindhub.homebanking.HomebankingApplicationTest" time="0.0"/>
  <testcase name="repetition 3369 of 5000" classname="com.mindhub.homebanking.HomebankingApplicationTest" time="0.001"/>
  <testcase name="repetition 3370 of 5000" classname="com.mindhub.homebanking.HomebankingApplicationTest" time="0.0"/>
  <testcase name="repetition 3371 of 5000" classname="com.mindhub.homebanking.HomebankingApplicationTest" time="0.001"/>
  <testcase name="repetition 3372 of 5000" classname="com.mindhub.homebanking.HomebankingApplicationTest" time="0.0"/>
  <testcase name="repetition 3373 of 5000" classname="com.mindhub.homebanking.HomebankingApplicationTest" time="0.001"/>
  <testcase name="repetition 3374 of 5000" classname="com.mindhub.homebanking.HomebankingApplicationTest" time="0.001"/>
  <testcase name="repetition 3375 of 5000" classname="com.mindhub.homebanking.HomebankingApplicationTest" time="0.0"/>
  <testcase name="repetition 3376 of 5000" classname="com.mindhub.homebanking.HomebankingApplicationTest" time="0.001"/>
  <testcase name="repetition 3377 of 5000" classname="com.mindhub.homebanking.HomebankingApplicationTest" time="0.0"/>
  <testcase name="repetition 3378 of 5000" classname="com.mindhub.homebanking.HomebankingApplicationTest" time="0.001"/>
  <testcase name="repetition 3379 of 5000" classname="com.mindhub.homebanking.HomebankingApplicationTest" time="0.0"/>
  <testcase name="repetition 3380 of 5000" classname="com.mindhub.homebanking.HomebankingApplicationTest" time="0.0"/>
  <testcase name="repetition 3381 of 5000" classname="com.mindhub.homebanking.HomebankingApplicationTest" time="0.001"/>
  <testcase name="repetition 3382 of 5000" classname="com.mindhub.homebanking.HomebankingApplicationTest" time="0.0"/>
  <testcase name="repetition 3383 of 5000" classname="com.mindhub.homebanking.HomebankingApplicationTest" time="0.0"/>
  <testcase name="repetition 3384 of 5000" classname="com.mindhub.homebanking.HomebankingApplicationTest" time="0.001"/>
  <testcase name="repetition 3385 of 5000" classname="com.mindhub.homebanking.HomebankingApplicationTest" time="0.0"/>
  <testcase name="repetition 3386 of 5000" classname="com.mindhub.homebanking.HomebankingApplicationTest" time="0.001"/>
  <testcase name="repetition 3387 of 5000" classname="com.mindhub.homebanking.HomebankingApplicationTest" time="0.0"/>
  <testcase name="repetition 3388 of 5000" classname="com.mindhub.homebanking.HomebankingApplicationTest" time="0.001"/>
  <testcase name="repetition 3389 of 5000" classname="com.mindhub.homebanking.HomebankingApplicationTest" time="0.001"/>
  <testcase name="repetition 3390 of 5000" classname="com.mindhub.homebanking.HomebankingApplicationTest" time="0.0"/>
  <testcase name="repetition 3391 of 5000" classname="com.mindhub.homebanking.HomebankingApplicationTest" time="0.0"/>
  <testcase name="repetition 3392 of 5000" classname="com.mindhub.homebanking.HomebankingApplicationTest" time="0.001"/>
  <testcase name="repetition 3393 of 5000" classname="com.mindhub.homebanking.HomebankingApplicationTest" time="0.001"/>
  <testcase name="repetition 3394 of 5000" classname="com.mindhub.homebanking.HomebankingApplicationTest" time="0.001"/>
  <testcase name="repetition 3395 of 5000" classname="com.mindhub.homebanking.HomebankingApplicationTest" time="0.0"/>
  <testcase name="repetition 3396 of 5000" classname="com.mindhub.homebanking.HomebankingApplicationTest" time="0.001"/>
  <testcase name="repetition 3397 of 5000" classname="com.mindhub.homebanking.HomebankingApplicationTest" time="0.001"/>
  <testcase name="repetition 3398 of 5000" classname="com.mindhub.homebanking.HomebankingApplicationTest" time="0.001"/>
  <testcase name="repetition 3399 of 5000" classname="com.mindhub.homebanking.HomebankingApplicationTest" time="0.0"/>
  <testcase name="repetition 3400 of 5000" classname="com.mindhub.homebanking.HomebankingApplicationTest" time="0.001"/>
  <testcase name="repetition 3401 of 5000" classname="com.mindhub.homebanking.HomebankingApplicationTest" time="0.0"/>
  <testcase name="repetition 3402 of 5000" classname="com.mindhub.homebanking.HomebankingApplicationTest" time="0.001"/>
  <testcase name="repetition 3403 of 5000" classname="com.mindhub.homebanking.HomebankingApplicationTest" time="0.0"/>
  <testcase name="repetition 3404 of 5000" classname="com.mindhub.homebanking.HomebankingApplicationTest" time="0.001"/>
  <testcase name="repetition 3405 of 5000" classname="com.mindhub.homebanking.HomebankingApplicationTest" time="0.001"/>
  <testcase name="repetition 3406 of 5000" classname="com.mindhub.homebanking.HomebankingApplicationTest" time="0.001"/>
  <testcase name="repetition 3407 of 5000" classname="com.mindhub.homebanking.HomebankingApplicationTest" time="0.0"/>
  <testcase name="repetition 3408 of 5000" classname="com.mindhub.homebanking.HomebankingApplicationTest" time="0.001"/>
  <testcase name="repetition 3409 of 5000" classname="com.mindhub.homebanking.HomebankingApplicationTest" time="0.001"/>
  <testcase name="repetition 3410 of 5000" classname="com.mindhub.homebanking.HomebankingApplicationTest" time="0.0"/>
  <testcase name="repetition 3411 of 5000" classname="com.mindhub.homebanking.HomebankingApplicationTest" time="0.001"/>
  <testcase name="repetition 3412 of 5000" classname="com.mindhub.homebanking.HomebankingApplicationTest" time="0.002"/>
  <testcase name="repetition 3413 of 5000" classname="com.mindhub.homebanking.HomebankingApplicationTest" time="0.0"/>
  <testcase name="repetition 3414 of 5000" classname="com.mindhub.homebanking.HomebankingApplicationTest" time="0.001"/>
  <testcase name="repetition 3415 of 5000" classname="com.mindhub.homebanking.HomebankingApplicationTest" time="0.0"/>
  <testcase name="repetition 3416 of 5000" classname="com.mindhub.homebanking.HomebankingApplicationTest" time="0.001"/>
  <testcase name="repetition 3417 of 5000" classname="com.mindhub.homebanking.HomebankingApplicationTest" time="0.0"/>
  <testcase name="repetition 3418 of 5000" classname="com.mindhub.homebanking.HomebankingApplicationTest" time="0.0"/>
  <testcase name="repetition 3419 of 5000" classname="com.mindhub.homebanking.HomebankingApplicationTest" time="0.0"/>
  <testcase name="repetition 3420 of 5000" classname="com.mindhub.homebanking.HomebankingApplicationTest" time="0.001"/>
  <testcase name="repetition 3421 of 5000" classname="com.mindhub.homebanking.HomebankingApplicationTest" time="0.001"/>
  <testcase name="repetition 3422 of 5000" classname="com.mindhub.homebanking.HomebankingApplicationTest" time="0.0"/>
  <testcase name="repetition 3423 of 5000" classname="com.mindhub.homebanking.HomebankingApplicationTest" time="0.001"/>
  <testcase name="repetition 3424 of 5000" classname="com.mindhub.homebanking.HomebankingApplicationTest" time="0.0"/>
  <testcase name="repetition 3425 of 5000" classname="com.mindhub.homebanking.HomebankingApplicationTest" time="0.001"/>
  <testcase name="repetition 3426 of 5000" classname="com.mindhub.homebanking.HomebankingApplicationTest" time="0.0"/>
  <testcase name="repetition 3427 of 5000" classname="com.mindhub.homebanking.HomebankingApplicationTest" time="0.0"/>
  <testcase name="repetition 3428 of 5000" classname="com.mindhub.homebanking.HomebankingApplicationTest" time="0.0"/>
  <testcase name="repetition 3429 of 5000" classname="com.mindhub.homebanking.HomebankingApplicationTest" time="0.0"/>
  <testcase name="repetition 3430 of 5000" classname="com.mindhub.homebanking.HomebankingApplicationTest" time="0.001"/>
  <testcase name="repetition 3431 of 5000" classname="com.mindhub.homebanking.HomebankingApplicationTest" time="0.001"/>
  <testcase name="repetition 3432 of 5000" classname="com.mindhub.homebanking.HomebankingApplicationTest" time="0.002"/>
  <testcase name="repetition 3433 of 5000" classname="com.mindhub.homebanking.HomebankingApplicationTest" time="0.001"/>
  <testcase name="repetition 3434 of 5000" classname="com.mindhub.homebanking.HomebankingApplicationTest" time="0.0"/>
  <testcase name="repetition 3435 of 5000" classname="com.mindhub.homebanking.HomebankingApplicationTest" time="0.001"/>
  <testcase name="repetition 3436 of 5000" classname="com.mindhub.homebanking.HomebankingApplicationTest" time="0.001"/>
  <testcase name="repetition 3437 of 5000" classname="com.mindhub.homebanking.HomebankingApplicationTest" time="0.001"/>
  <testcase name="repetition 3438 of 5000" classname="com.mindhub.homebanking.HomebankingApplicationTest" time="0.001"/>
  <testcase name="repetition 3439 of 5000" classname="com.mindhub.homebanking.HomebankingApplicationTest" time="0.0"/>
  <testcase name="repetition 3440 of 5000" classname="com.mindhub.homebanking.HomebankingApplicationTest" time="0.001"/>
  <testcase name="repetition 3441 of 5000" classname="com.mindhub.homebanking.HomebankingApplicationTest" time="0.001"/>
  <testcase name="repetition 3442 of 5000" classname="com.mindhub.homebanking.HomebankingApplicationTest" time="0.001"/>
  <testcase name="repetition 3443 of 5000" classname="com.mindhub.homebanking.HomebankingApplicationTest" time="0.002"/>
  <testcase name="repetition 3444 of 5000" classname="com.mindhub.homebanking.HomebankingApplicationTest" time="0.0"/>
  <testcase name="repetition 3445 of 5000" classname="com.mindhub.homebanking.HomebankingApplicationTest" time="0.001"/>
  <testcase name="repetition 3446 of 5000" classname="com.mindhub.homebanking.HomebankingApplicationTest" time="0.001"/>
  <testcase name="repetition 3447 of 5000" classname="com.mindhub.homebanking.HomebankingApplicationTest" time="0.0"/>
  <testcase name="repetition 3448 of 5000" classname="com.mindhub.homebanking.HomebankingApplicationTest" time="0.001"/>
  <testcase name="repetition 3449 of 5000" classname="com.mindhub.homebanking.HomebankingApplicationTest" time="0.0"/>
  <testcase name="repetition 3450 of 5000" classname="com.mindhub.homebanking.HomebankingApplicationTest" time="0.0"/>
  <testcase name="repetition 3451 of 5000" classname="com.mindhub.homebanking.HomebankingApplicationTest" time="0.001"/>
  <testcase name="repetition 3452 of 5000" classname="com.mindhub.homebanking.HomebankingApplicationTest" time="0.0"/>
  <testcase name="repetition 3453 of 5000" classname="com.mindhub.homebanking.HomebankingApplicationTest" time="0.001"/>
  <testcase name="repetition 3454 of 5000" classname="com.mindhub.homebanking.HomebankingApplicationTest" time="0.001"/>
  <testcase name="repetition 3455 of 5000" classname="com.mindhub.homebanking.HomebankingApplicationTest" time="0.001"/>
  <testcase name="repetition 3456 of 5000" classname="com.mindhub.homebanking.HomebankingApplicationTest" time="0.001"/>
  <testcase name="repetition 3457 of 5000" classname="com.mindhub.homebanking.HomebankingApplicationTest" time="0.001"/>
  <testcase name="repetition 3458 of 5000" classname="com.mindhub.homebanking.HomebankingApplicationTest" time="0.0"/>
  <testcase name="repetition 3459 of 5000" classname="com.mindhub.homebanking.HomebankingApplicationTest" time="0.001"/>
  <testcase name="repetition 3460 of 5000" classname="com.mindhub.homebanking.HomebankingApplicationTest" time="0.0"/>
  <testcase name="repetition 3461 of 5000" classname="com.mindhub.homebanking.HomebankingApplicationTest" time="0.001"/>
  <testcase name="repetition 3462 of 5000" classname="com.mindhub.homebanking.HomebankingApplicationTest" time="0.0"/>
  <testcase name="repetition 3463 of 5000" classname="com.mindhub.homebanking.HomebankingApplicationTest" time="0.001"/>
  <testcase name="repetition 3464 of 5000" classname="com.mindhub.homebanking.HomebankingApplicationTest" time="0.0"/>
  <testcase name="repetition 3465 of 5000" classname="com.mindhub.homebanking.HomebankingApplicationTest" time="0.0"/>
  <testcase name="repetition 3466 of 5000" classname="com.mindhub.homebanking.HomebankingApplicationTest" time="0.001"/>
  <testcase name="repetition 3467 of 5000" classname="com.mindhub.homebanking.HomebankingApplicationTest" time="0.001"/>
  <testcase name="repetition 3468 of 5000" classname="com.mindhub.homebanking.HomebankingApplicationTest" time="0.001"/>
  <testcase name="repetition 3469 of 5000" classname="com.mindhub.homebanking.HomebankingApplicationTest" time="0.001"/>
  <testcase name="repetition 3470 of 5000" classname="com.mindhub.homebanking.HomebankingApplicationTest" time="0.0"/>
  <testcase name="repetition 3471 of 5000" classname="com.mindhub.homebanking.HomebankingApplicationTest" time="0.001"/>
  <testcase name="repetition 3472 of 5000" classname="com.mindhub.homebanking.HomebankingApplicationTest" time="0.0"/>
  <testcase name="repetition 3473 of 5000" classname="com.mindhub.homebanking.HomebankingApplicationTest" time="0.001"/>
  <testcase name="repetition 3474 of 5000" classname="com.mindhub.homebanking.HomebankingApplicationTest" time="0.001"/>
  <testcase name="repetition 3475 of 5000" classname="com.mindhub.homebanking.HomebankingApplicationTest" time="0.001"/>
  <testcase name="repetition 3476 of 5000" classname="com.mindhub.homebanking.HomebankingApplicationTest" time="0.0"/>
  <testcase name="repetition 3477 of 5000" classname="com.mindhub.homebanking.HomebankingApplicationTest" time="0.001"/>
  <testcase name="repetition 3478 of 5000" classname="com.mindhub.homebanking.HomebankingApplicationTest" time="0.0"/>
  <testcase name="repetition 3479 of 5000" classname="com.mindhub.homebanking.HomebankingApplicationTest" time="0.001"/>
  <testcase name="repetition 3480 of 5000" classname="com.mindhub.homebanking.HomebankingApplicationTest" time="0.001"/>
  <testcase name="repetition 3481 of 5000" classname="com.mindhub.homebanking.HomebankingApplicationTest" time="0.0"/>
  <testcase name="repetition 3482 of 5000" classname="com.mindhub.homebanking.HomebankingApplicationTest" time="0.001"/>
  <testcase name="repetition 3483 of 5000" classname="com.mindhub.homebanking.HomebankingApplicationTest" time="0.001"/>
  <testcase name="repetition 3484 of 5000" classname="com.mindhub.homebanking.HomebankingApplicationTest" time="0.001"/>
  <testcase name="repetition 3485 of 5000" classname="com.mindhub.homebanking.HomebankingApplicationTest" time="0.001"/>
  <testcase name="repetition 3486 of 5000" classname="com.mindhub.homebanking.HomebankingApplicationTest" time="0.0"/>
  <testcase name="repetition 3487 of 5000" classname="com.mindhub.homebanking.HomebankingApplicationTest" time="0.001"/>
  <testcase name="repetition 3488 of 5000" classname="com.mindhub.homebanking.HomebankingApplicationTest" time="0.0"/>
  <testcase name="repetition 3489 of 5000" classname="com.mindhub.homebanking.HomebankingApplicationTest" time="0.001"/>
  <testcase name="repetition 3490 of 5000" classname="com.mindhub.homebanking.HomebankingApplicationTest" time="0.0"/>
  <testcase name="repetition 3491 of 5000" classname="com.mindhub.homebanking.HomebankingApplicationTest" time="0.0"/>
  <testcase name="repetition 3492 of 5000" classname="com.mindhub.homebanking.HomebankingApplicationTest" time="0.001"/>
  <testcase name="repetition 3493 of 5000" classname="com.mindhub.homebanking.HomebankingApplicationTest" time="0.0"/>
  <testcase name="repetition 3494 of 5000" classname="com.mindhub.homebanking.HomebankingApplicationTest" time="0.001"/>
  <testcase name="repetition 3495 of 5000" classname="com.mindhub.homebanking.HomebankingApplicationTest" time="0.001"/>
  <testcase name="repetition 3496 of 5000" classname="com.mindhub.homebanking.HomebankingApplicationTest" time="0.001"/>
  <testcase name="repetition 3497 of 5000" classname="com.mindhub.homebanking.HomebankingApplicationTest" time="0.0"/>
  <testcase name="repetition 3498 of 5000" classname="com.mindhub.homebanking.HomebankingApplicationTest" time="0.001"/>
  <testcase name="repetition 3499 of 5000" classname="com.mindhub.homebanking.HomebankingApplicationTest" time="0.001"/>
  <testcase name="repetition 3500 of 5000" classname="com.mindhub.homebanking.HomebankingApplicationTest" time="0.0"/>
  <testcase name="repetition 3501 of 5000" classname="com.mindhub.homebanking.HomebankingApplicationTest" time="0.001"/>
  <testcase name="repetition 3502 of 5000" classname="com.mindhub.homebanking.HomebankingApplicationTest" time="0.001"/>
  <testcase name="repetition 3503 of 5000" classname="com.mindhub.homebanking.HomebankingApplicationTest" time="0.001"/>
  <testcase name="repetition 3504 of 5000" classname="com.mindhub.homebanking.HomebankingApplicationTest" time="0.0"/>
  <testcase name="repetition 3505 of 5000" classname="com.mindhub.homebanking.HomebankingApplicationTest" time="0.0"/>
  <testcase name="repetition 3506 of 5000" classname="com.mindhub.homebanking.HomebankingApplicationTest" time="0.001"/>
  <testcase name="repetition 3507 of 5000" classname="com.mindhub.homebanking.HomebankingApplicationTest" time="0.001"/>
  <testcase name="repetition 3508 of 5000" classname="com.mindhub.homebanking.HomebankingApplicationTest" time="0.001"/>
  <testcase name="repetition 3509 of 5000" classname="com.mindhub.homebanking.HomebankingApplicationTest" time="0.001"/>
  <testcase name="repetition 3510 of 5000" classname="com.mindhub.homebanking.HomebankingApplicationTest" time="0.002"/>
  <testcase name="repetition 3511 of 5000" classname="com.mindhub.homebanking.HomebankingApplicationTest" time="0.001"/>
  <testcase name="repetition 3512 of 5000" classname="com.mindhub.homebanking.HomebankingApplicationTest" time="0.001"/>
  <testcase name="repetition 3513 of 5000" classname="com.mindhub.homebanking.HomebankingApplicationTest" time="0.001"/>
  <testcase name="repetition 3514 of 5000" classname="com.mindhub.homebanking.HomebankingApplicationTest" time="0.001"/>
  <testcase name="repetition 3515 of 5000" classname="com.mindhub.homebanking.HomebankingApplicationTest" time="0.001"/>
  <testcase name="repetition 3516 of 5000" classname="com.mindhub.homebanking.HomebankingApplicationTest" time="0.0"/>
  <testcase name="repetition 3517 of 5000" classname="com.mindhub.homebanking.HomebankingApplicationTest" time="0.0"/>
  <testcase name="repetition 3518 of 5000" classname="com.mindhub.homebanking.HomebankingApplicationTest" time="0.001"/>
  <testcase name="repetition 3519 of 5000" classname="com.mindhub.homebanking.HomebankingApplicationTest" time="0.0"/>
  <testcase name="repetition 3520 of 5000" classname="com.mindhub.homebanking.HomebankingApplicationTest" time="0.0"/>
  <testcase name="repetition 3521 of 5000" classname="com.mindhub.homebanking.HomebankingApplicationTest" time="0.001"/>
  <testcase name="repetition 3522 of 5000" classname="com.mindhub.homebanking.HomebankingApplicationTest" time="0.001"/>
  <testcase name="repetition 3523 of 5000" classname="com.mindhub.homebanking.HomebankingApplicationTest" time="0.0"/>
  <testcase name="repetition 3524 of 5000" classname="com.mindhub.homebanking.HomebankingApplicationTest" time="0.001"/>
  <testcase name="repetition 3525 of 5000" classname="com.mindhub.homebanking.HomebankingApplicationTest" time="0.001"/>
  <testcase name="repetition 3526 of 5000" classname="com.mindhub.homebanking.HomebankingApplicationTest" time="0.0"/>
  <testcase name="repetition 3527 of 5000" classname="com.mindhub.homebanking.HomebankingApplicationTest" time="0.001"/>
  <testcase name="repetition 3528 of 5000" classname="com.mindhub.homebanking.HomebankingApplicationTest" time="0.001"/>
  <testcase name="repetition 3529 of 5000" classname="com.mindhub.homebanking.HomebankingApplicationTest" time="0.0"/>
  <testcase name="repetition 3530 of 5000" classname="com.mindhub.homebanking.HomebankingApplicationTest" time="0.001"/>
  <testcase name="repetition 3531 of 5000" classname="com.mindhub.homebanking.HomebankingApplicationTest" time="0.0"/>
  <testcase name="repetition 3532 of 5000" classname="com.mindhub.homebanking.HomebankingApplicationTest" time="0.001"/>
  <testcase name="repetition 3533 of 5000" classname="com.mindhub.homebanking.HomebankingApplicationTest" time="0.0"/>
  <testcase name="repetition 3534 of 5000" classname="com.mindhub.homebanking.HomebankingApplicationTest" time="0.001"/>
  <testcase name="repetition 3535 of 5000" classname="com.mindhub.homebanking.HomebankingApplicationTest" time="0.0"/>
  <testcase name="repetition 3536 of 5000" classname="com.mindhub.homebanking.HomebankingApplicationTest" time="0.001"/>
  <testcase name="repetition 3537 of 5000" classname="com.mindhub.homebanking.HomebankingApplicationTest" time="0.001"/>
  <testcase name="repetition 3538 of 5000" classname="com.mindhub.homebanking.HomebankingApplicationTest" time="0.001"/>
  <testcase name="repetition 3539 of 5000" classname="com.mindhub.homebanking.HomebankingApplicationTest" time="0.001"/>
  <testcase name="repetition 3540 of 5000" classname="com.mindhub.homebanking.HomebankingApplicationTest" time="0.001"/>
  <testcase name="repetition 3541 of 5000" classname="com.mindhub.homebanking.HomebankingApplicationTest" time="0.001"/>
  <testcase name="repetition 3542 of 5000" classname="com.mindhub.homebanking.HomebankingApplicationTest" time="0.0"/>
  <testcase name="repetition 3543 of 5000" classname="com.mindhub.homebanking.HomebankingApplicationTest" time="0.0"/>
  <testcase name="repetition 3544 of 5000" classname="com.mindhub.homebanking.HomebankingApplicationTest" time="0.001"/>
  <testcase name="repetition 3545 of 5000" classname="com.mindhub.homebanking.HomebankingApplicationTest" time="0.0"/>
  <testcase name="repetition 3546 of 5000" classname="com.mindhub.homebanking.HomebankingApplicationTest" time="0.001"/>
  <testcase name="repetition 3547 of 5000" classname="com.mindhub.homebanking.HomebankingApplicationTest" time="0.0"/>
  <testcase name="repetition 3548 of 5000" classname="com.mindhub.homebanking.HomebankingApplicationTest" time="0.001"/>
  <testcase name="repetition 3549 of 5000" classname="com.mindhub.homebanking.HomebankingApplicationTest" time="0.0"/>
  <testcase name="repetition 3550 of 5000" classname="com.mindhub.homebanking.HomebankingApplicationTest" time="0.001"/>
  <testcase name="repetition 3551 of 5000" classname="com.mindhub.homebanking.HomebankingApplicationTest" time="0.0"/>
  <testcase name="repetition 3552 of 5000" classname="com.mindhub.homebanking.HomebankingApplicationTest" time="0.001"/>
  <testcase name="repetition 3553 of 5000" classname="com.mindhub.homebanking.HomebankingApplicationTest" time="0.0"/>
  <testcase name="repetition 3554 of 5000" classname="com.mindhub.homebanking.HomebankingApplicationTest" time="0.001"/>
  <testcase name="repetition 3555 of 5000" classname="com.mindhub.homebanking.HomebankingApplicationTest" time="0.0"/>
  <testcase name="repetition 3556 of 5000" classname="com.mindhub.homebanking.HomebankingApplicationTest" time="0.001"/>
  <testcase name="repetition 3557 of 5000" classname="com.mindhub.homebanking.HomebankingApplicationTest" time="0.0"/>
  <testcase name="repetition 3558 of 5000" classname="com.mindhub.homebanking.HomebankingApplicationTest" time="0.001"/>
  <testcase name="repetition 3559 of 5000" classname="com.mindhub.homebanking.HomebankingApplicationTest" time="0.001"/>
  <testcase name="repetition 3560 of 5000" classname="com.mindhub.homebanking.HomebankingApplicationTest" time="0.001"/>
  <testcase name="repetition 3561 of 5000" classname="com.mindhub.homebanking.HomebankingApplicationTest" time="0.001"/>
  <testcase name="repetition 3562 of 5000" classname="com.mindhub.homebanking.HomebankingApplicationTest" time="0.001"/>
  <testcase name="repetition 3563 of 5000" classname="com.mindhub.homebanking.HomebankingApplicationTest" time="0.002"/>
  <testcase name="repetition 3564 of 5000" classname="com.mindhub.homebanking.HomebankingApplicationTest" time="0.001"/>
  <testcase name="repetition 3565 of 5000" classname="com.mindhub.homebanking.HomebankingApplicationTest" time="0.001"/>
  <testcase name="repetition 3566 of 5000" classname="com.mindhub.homebanking.HomebankingApplicationTest" time="0.001"/>
  <testcase name="repetition 3567 of 5000" classname="com.mindhub.homebanking.HomebankingApplicationTest" time="0.001"/>
  <testcase name="repetition 3568 of 5000" classname="com.mindhub.homebanking.HomebankingApplicationTest" time="0.001"/>
  <testcase name="repetition 3569 of 5000" classname="com.mindhub.homebanking.HomebankingApplicationTest" time="0.001"/>
  <testcase name="repetition 3570 of 5000" classname="com.mindhub.homebanking.HomebankingApplicationTest" time="0.0"/>
  <testcase name="repetition 3571 of 5000" classname="com.mindhub.homebanking.HomebankingApplicationTest" time="0.001"/>
  <testcase name="repetition 3572 of 5000" classname="com.mindhub.homebanking.HomebankingApplicationTest" time="0.0"/>
  <testcase name="repetition 3573 of 5000" classname="com.mindhub.homebanking.HomebankingApplicationTest" time="0.001"/>
  <testcase name="repetition 3574 of 5000" classname="com.mindhub.homebanking.HomebankingApplicationTest" time="0.0"/>
  <testcase name="repetition 3575 of 5000" classname="com.mindhub.homebanking.HomebankingApplicationTest" time="0.001"/>
  <testcase name="repetition 3576 of 5000" classname="com.mindhub.homebanking.HomebankingApplicationTest" time="0.001"/>
  <testcase name="repetition 3577 of 5000" classname="com.mindhub.homebanking.HomebankingApplicationTest" time="0.001"/>
  <testcase name="repetition 3578 of 5000" classname="com.mindhub.homebanking.HomebankingApplicationTest" time="0.0"/>
  <testcase name="repetition 3579 of 5000" classname="com.mindhub.homebanking.HomebankingApplicationTest" time="0.001"/>
  <testcase name="repetition 3580 of 5000" classname="com.mindhub.homebanking.HomebankingApplicationTest" time="0.0"/>
  <testcase name="repetition 3581 of 5000" classname="com.mindhub.homebanking.HomebankingApplicationTest" time="0.001"/>
  <testcase name="repetition 3582 of 5000" classname="com.mindhub.homebanking.HomebankingApplicationTest" time="0.001"/>
  <testcase name="repetition 3583 of 5000" classname="com.mindhub.homebanking.HomebankingApplicationTest" time="0.0"/>
  <testcase name="repetition 3584 of 5000" classname="com.mindhub.homebanking.HomebankingApplicationTest" time="0.0"/>
  <testcase name="repetition 3585 of 5000" classname="com.mindhub.homebanking.HomebankingApplicationTest" time="0.0"/>
  <testcase name="repetition 3586 of 5000" classname="com.mindhub.homebanking.HomebankingApplicationTest" time="0.0"/>
  <testcase name="repetition 3587 of 5000" classname="com.mindhub.homebanking.HomebankingApplicationTest" time="0.001"/>
  <testcase name="repetition 3588 of 5000" classname="com.mindhub.homebanking.HomebankingApplicationTest" time="0.001"/>
  <testcase name="repetition 3589 of 5000" classname="com.mindhub.homebanking.HomebankingApplicationTest" time="0.001"/>
  <testcase name="repetition 3590 of 5000" classname="com.mindhub.homebanking.HomebankingApplicationTest" time="0.001"/>
  <testcase name="repetition 3591 of 5000" classname="com.mindhub.homebanking.HomebankingApplicationTest" time="0.001"/>
  <testcase name="repetition 3592 of 5000" classname="com.mindhub.homebanking.HomebankingApplicationTest" time="0.001"/>
  <testcase name="repetition 3593 of 5000" classname="com.mindhub.homebanking.HomebankingApplicationTest" time="0.0"/>
  <testcase name="repetition 3594 of 5000" classname="com.mindhub.homebanking.HomebankingApplicationTest" time="0.001"/>
  <testcase name="repetition 3595 of 5000" classname="com.mindhub.homebanking.HomebankingApplicationTest" time="0.0"/>
  <testcase name="repetition 3596 of 5000" classname="com.mindhub.homebanking.HomebankingApplicationTest" time="0.001"/>
  <testcase name="repetition 3597 of 5000" classname="com.mindhub.homebanking.HomebankingApplicationTest" time="0.0"/>
  <testcase name="repetition 3598 of 5000" classname="com.mindhub.homebanking.HomebankingApplicationTest" time="0.001"/>
  <testcase name="repetition 3599 of 5000" classname="com.mindhub.homebanking.HomebankingApplicationTest" time="0.0"/>
  <testcase name="repetition 3600 of 5000" classname="com.mindhub.homebanking.HomebankingApplicationTest" time="0.001"/>
  <testcase name="repetition 3601 of 5000" classname="com.mindhub.homebanking.HomebankingApplicationTest" time="0.001"/>
  <testcase name="repetition 3602 of 5000" classname="com.mindhub.homebanking.HomebankingApplicationTest" time="0.0"/>
  <testcase name="repetition 3603 of 5000" classname="com.mindhub.homebanking.HomebankingApplicationTest" time="0.001"/>
  <testcase name="repetition 3604 of 5000" classname="com.mindhub.homebanking.HomebankingApplicationTest" time="0.001"/>
  <testcase name="repetition 3605 of 5000" classname="com.mindhub.homebanking.HomebankingApplicationTest" time="0.001"/>
  <testcase name="repetition 3606 of 5000" classname="com.mindhub.homebanking.HomebankingApplicationTest" time="0.0"/>
  <testcase name="repetition 3607 of 5000" classname="com.mindhub.homebanking.HomebankingApplicationTest" time="0.001"/>
  <testcase name="repetition 3608 of 5000" classname="com.mindhub.homebanking.HomebankingApplicationTest" time="0.001"/>
  <testcase name="repetition 3609 of 5000" classname="com.mindhub.homebanking.HomebankingApplicationTest" time="0.001"/>
  <testcase name="repetition 3610 of 5000" classname="com.mindhub.homebanking.HomebankingApplicationTest" time="0.0"/>
  <testcase name="repetition 3611 of 5000" classname="com.mindhub.homebanking.HomebankingApplicationTest" time="0.001"/>
  <testcase name="repetition 3612 of 5000" classname="com.mindhub.homebanking.HomebankingApplicationTest" time="0.0"/>
  <testcase name="repetition 3613 of 5000" classname="com.mindhub.homebanking.HomebankingApplicationTest" time="0.001"/>
  <testcase name="repetition 3614 of 5000" classname="com.mindhub.homebanking.HomebankingApplicationTest" time="0.001"/>
  <testcase name="repetition 3615 of 5000" classname="com.mindhub.homebanking.HomebankingApplicationTest" time="0.0"/>
  <testcase name="repetition 3616 of 5000" classname="com.mindhub.homebanking.HomebankingApplicationTest" time="0.001"/>
  <testcase name="repetition 3617 of 5000" classname="com.mindhub.homebanking.HomebankingApplicationTest" time="0.001"/>
  <testcase name="repetition 3618 of 5000" classname="com.mindhub.homebanking.HomebankingApplicationTest" time="0.0"/>
  <testcase name="repetition 3619 of 5000" classname="com.mindhub.homebanking.HomebankingApplicationTest" time="0.001"/>
  <testcase name="repetition 3620 of 5000" classname="com.mindhub.homebanking.HomebankingApplicationTest" time="0.001"/>
  <testcase name="repetition 3621 of 5000" classname="com.mindhub.homebanking.HomebankingApplicationTest" time="0.001"/>
  <testcase name="repetition 3622 of 5000" classname="com.mindhub.homebanking.HomebankingApplicationTest" time="0.0"/>
  <testcase name="repetition 3623 of 5000" classname="com.mindhub.homebanking.HomebankingApplicationTest" time="0.0"/>
  <testcase name="repetition 3624 of 5000" classname="com.mindhub.homebanking.HomebankingApplicationTest" time="0.001"/>
  <testcase name="repetition 3625 of 5000" classname="com.mindhub.homebanking.HomebankingApplicationTest" time="0.0"/>
  <testcase name="repetition 3626 of 5000" classname="com.mindhub.homebanking.HomebankingApplicationTest" time="0.0"/>
  <testcase name="repetition 3627 of 5000" classname="com.mindhub.homebanking.HomebankingApplicationTest" time="0.001"/>
  <testcase name="repetition 3628 of 5000" classname="com.mindhub.homebanking.HomebankingApplicationTest" time="0.002"/>
  <testcase name="repetition 3629 of 5000" classname="com.mindhub.homebanking.HomebankingApplicationTest" time="0.002"/>
  <testcase name="repetition 3630 of 5000" classname="com.mindhub.homebanking.HomebankingApplicationTest" time="0.001"/>
  <testcase name="repetition 3631 of 5000" classname="com.mindhub.homebanking.HomebankingApplicationTest" time="0.001"/>
  <testcase name="repetition 3632 of 5000" classname="com.mindhub.homebanking.HomebankingApplicationTest" time="0.001"/>
  <testcase name="repetition 3633 of 5000" classname="com.mindhub.homebanking.HomebankingApplicationTest" time="0.001"/>
  <testcase name="repetition 3634 of 5000" classname="com.mindhub.homebanking.HomebankingApplicationTest" time="0.001"/>
  <testcase name="repetition 3635 of 5000" classname="com.mindhub.homebanking.HomebankingApplicationTest" time="0.001"/>
  <testcase name="repetition 3636 of 5000" classname="com.mindhub.homebanking.HomebankingApplicationTest" time="0.001"/>
  <testcase name="repetition 3637 of 5000" classname="com.mindhub.homebanking.HomebankingApplicationTest" time="0.001"/>
  <testcase name="repetition 3638 of 5000" classname="com.mindhub.homebanking.HomebankingApplicationTest" time="0.0"/>
  <testcase name="repetition 3639 of 5000" classname="com.mindhub.homebanking.HomebankingApplicationTest" time="0.0"/>
  <testcase name="repetition 3640 of 5000" classname="com.mindhub.homebanking.HomebankingApplicationTest" time="0.001"/>
  <testcase name="repetition 3641 of 5000" classname="com.mindhub.homebanking.HomebankingApplicationTest" time="0.0"/>
  <testcase name="repetition 3642 of 5000" classname="com.mindhub.homebanking.HomebankingApplicationTest" time="0.001"/>
  <testcase name="repetition 3643 of 5000" classname="com.mindhub.homebanking.HomebankingApplicationTest" time="0.001"/>
  <testcase name="repetition 3644 of 5000" classname="com.mindhub.homebanking.HomebankingApplicationTest" time="0.0"/>
  <testcase name="repetition 3645 of 5000" classname="com.mindhub.homebanking.HomebankingApplicationTest" time="0.001"/>
  <testcase name="repetition 3646 of 5000" classname="com.mindhub.homebanking.HomebankingApplicationTest" time="0.001"/>
  <testcase name="repetition 3647 of 5000" classname="com.mindhub.homebanking.HomebankingApplicationTest" time="0.0"/>
  <testcase name="repetition 3648 of 5000" classname="com.mindhub.homebanking.HomebankingApplicationTest" time="0.0"/>
  <testcase name="repetition 3649 of 5000" classname="com.mindhub.homebanking.HomebankingApplicationTest" time="0.0"/>
  <testcase name="repetition 3650 of 5000" classname="com.mindhub.homebanking.HomebankingApplicationTest" time="0.001"/>
  <testcase name="repetition 3651 of 5000" classname="com.mindhub.homebanking.HomebankingApplicationTest" time="0.001"/>
  <testcase name="repetition 3652 of 5000" classname="com.mindhub.homebanking.HomebankingApplicationTest" time="0.0"/>
  <testcase name="repetition 3653 of 5000" classname="com.mindhub.homebanking.HomebankingApplicationTest" time="0.0"/>
  <testcase name="repetition 3654 of 5000" classname="com.mindhub.homebanking.HomebankingApplicationTest" time="0.0"/>
  <testcase name="repetition 3655 of 5000" classname="com.mindhub.homebanking.HomebankingApplicationTest" time="0.001"/>
  <testcase name="repetition 3656 of 5000" classname="com.mindhub.homebanking.HomebankingApplicationTest" time="0.001"/>
  <testcase name="repetition 3657 of 5000" classname="com.mindhub.homebanking.HomebankingApplicationTest" time="0.001"/>
  <testcase name="repetition 3658 of 5000" classname="com.mindhub.homebanking.HomebankingApplicationTest" time="0.001"/>
  <testcase name="repetition 3659 of 5000" classname="com.mindhub.homebanking.HomebankingApplicationTest" time="0.001"/>
  <testcase name="repetition 3660 of 5000" classname="com.mindhub.homebanking.HomebankingApplicationTest" time="0.001"/>
  <testcase name="repetition 3661 of 5000" classname="com.mindhub.homebanking.HomebankingApplicationTest" time="0.001"/>
  <testcase name="repetition 3662 of 5000" classname="com.mindhub.homebanking.HomebankingApplicationTest" time="0.001"/>
  <testcase name="repetition 3663 of 5000" classname="com.mindhub.homebanking.HomebankingApplicationTest" time="0.0"/>
  <testcase name="repetition 3664 of 5000" classname="com.mindhub.homebanking.HomebankingApplicationTest" time="0.001"/>
  <testcase name="repetition 3665 of 5000" classname="com.mindhub.homebanking.HomebankingApplicationTest" time="0.001"/>
  <testcase name="repetition 3666 of 5000" classname="com.mindhub.homebanking.HomebankingApplicationTest" time="0.001"/>
  <testcase name="repetition 3667 of 5000" classname="com.mindhub.homebanking.HomebankingApplicationTest" time="0.001"/>
  <testcase name="repetition 3668 of 5000" classname="com.mindhub.homebanking.HomebankingApplicationTest" time="0.0"/>
  <testcase name="repetition 3669 of 5000" classname="com.mindhub.homebanking.HomebankingApplicationTest" time="0.001"/>
  <testcase name="repetition 3670 of 5000" classname="com.mindhub.homebanking.HomebankingApplicationTest" time="0.0"/>
  <testcase name="repetition 3671 of 5000" classname="com.mindhub.homebanking.HomebankingApplicationTest" time="0.001"/>
  <testcase name="repetition 3672 of 5000" classname="com.mindhub.homebanking.HomebankingApplicationTest" time="0.0"/>
  <testcase name="repetition 3673 of 5000" classname="com.mindhub.homebanking.HomebankingApplicationTest" time="0.001"/>
  <testcase name="repetition 3674 of 5000" classname="com.mindhub.homebanking.HomebankingApplicationTest" time="0.001"/>
  <testcase name="repetition 3675 of 5000" classname="com.mindhub.homebanking.HomebankingApplicationTest" time="0.001"/>
  <testcase name="repetition 3676 of 5000" classname="com.mindhub.homebanking.HomebankingApplicationTest" time="0.0"/>
  <testcase name="repetition 3677 of 5000" classname="com.mindhub.homebanking.HomebankingApplicationTest" time="0.002"/>
  <testcase name="repetition 3678 of 5000" classname="com.mindhub.homebanking.HomebankingApplicationTest" time="0.0"/>
  <testcase name="repetition 3679 of 5000" classname="com.mindhub.homebanking.HomebankingApplicationTest" time="0.001"/>
  <testcase name="repetition 3680 of 5000" classname="com.mindhub.homebanking.HomebankingApplicationTest" time="0.0"/>
  <testcase name="repetition 3681 of 5000" classname="com.mindhub.homebanking.HomebankingApplicationTest" time="0.0"/>
  <testcase name="repetition 3682 of 5000" classname="com.mindhub.homebanking.HomebankingApplicationTest" time="0.001"/>
  <testcase name="repetition 3683 of 5000" classname="com.mindhub.homebanking.HomebankingApplicationTest" time="0.0"/>
  <testcase name="repetition 3684 of 5000" classname="com.mindhub.homebanking.HomebankingApplicationTest" time="0.001"/>
  <testcase name="repetition 3685 of 5000" classname="com.mindhub.homebanking.HomebankingApplicationTest" time="0.0"/>
  <testcase name="repetition 3686 of 5000" classname="com.mindhub.homebanking.HomebankingApplicationTest" time="0.001"/>
  <testcase name="repetition 3687 of 5000" classname="com.mindhub.homebanking.HomebankingApplicationTest" time="0.001"/>
  <testcase name="repetition 3688 of 5000" classname="com.mindhub.homebanking.HomebankingApplicationTest" time="0.0"/>
  <testcase name="repetition 3689 of 5000" classname="com.mindhub.homebanking.HomebankingApplicationTest" time="0.001"/>
  <testcase name="repetition 3690 of 5000" classname="com.mindhub.homebanking.HomebankingApplicationTest" time="0.0"/>
  <testcase name="repetition 3691 of 5000" classname="com.mindhub.homebanking.HomebankingApplicationTest" time="0.0"/>
  <testcase name="repetition 3692 of 5000" classname="com.mindhub.homebanking.HomebankingApplicationTest" time="0.001"/>
  <testcase name="repetition 3693 of 5000" classname="com.mindhub.homebanking.HomebankingApplicationTest" time="0.0"/>
  <testcase name="repetition 3694 of 5000" classname="com.mindhub.homebanking.HomebankingApplicationTest" time="0.001"/>
  <testcase name="repetition 3695 of 5000" classname="com.mindhub.homebanking.HomebankingApplicationTest" time="0.001"/>
  <testcase name="repetition 3696 of 5000" classname="com.mindhub.homebanking.HomebankingApplicationTest" time="0.0"/>
  <testcase name="repetition 3697 of 5000" classname="com.mindhub.homebanking.HomebankingApplicationTest" time="0.0"/>
  <testcase name="repetition 3698 of 5000" classname="com.mindhub.homebanking.HomebankingApplicationTest" time="0.0"/>
  <testcase name="repetition 3699 of 5000" classname="com.mindhub.homebanking.HomebankingApplicationTest" time="0.001"/>
  <testcase name="repetition 3700 of 5000" classname="com.mindhub.homebanking.HomebankingApplicationTest" time="0.0"/>
  <testcase name="repetition 3701 of 5000" classname="com.mindhub.homebanking.HomebankingApplicationTest" time="0.001"/>
  <testcase name="repetition 3702 of 5000" classname="com.mindhub.homebanking.HomebankingApplicationTest" time="0.0"/>
  <testcase name="repetition 3703 of 5000" classname="com.mindhub.homebanking.HomebankingApplicationTest" time="0.001"/>
  <testcase name="repetition 3704 of 5000" classname="com.mindhub.homebanking.HomebankingApplicationTest" time="0.001"/>
  <testcase name="repetition 3705 of 5000" classname="com.mindhub.homebanking.HomebankingApplicationTest" time="0.0"/>
  <testcase name="repetition 3706 of 5000" classname="com.mindhub.homebanking.HomebankingApplicationTest" time="0.001"/>
  <testcase name="repetition 3707 of 5000" classname="com.mindhub.homebanking.HomebankingApplicationTest" time="0.0"/>
  <testcase name="repetition 3708 of 5000" classname="com.mindhub.homebanking.HomebankingApplicationTest" time="0.0"/>
  <testcase name="repetition 3709 of 5000" classname="com.mindhub.homebanking.HomebankingApplicationTest" time="0.0"/>
  <testcase name="repetition 3710 of 5000" classname="com.mindhub.homebanking.HomebankingApplicationTest" time="0.001"/>
  <testcase name="repetition 3711 of 5000" classname="com.mindhub.homebanking.HomebankingApplicationTest" time="0.0"/>
  <testcase name="repetition 3712 of 5000" classname="com.mindhub.homebanking.HomebankingApplicationTest" time="0.001"/>
  <testcase name="repetition 3713 of 5000" classname="com.mindhub.homebanking.HomebankingApplicationTest" time="0.0"/>
  <testcase name="repetition 3714 of 5000" classname="com.mindhub.homebanking.HomebankingApplicationTest" time="0.001"/>
  <testcase name="repetition 3715 of 5000" classname="com.mindhub.homebanking.HomebankingApplicationTest" time="0.0"/>
  <testcase name="repetition 3716 of 5000" classname="com.mindhub.homebanking.HomebankingApplicationTest" time="0.001"/>
  <testcase name="repetition 3717 of 5000" classname="com.mindhub.homebanking.HomebankingApplicationTest" time="0.0"/>
  <testcase name="repetition 3718 of 5000" classname="com.mindhub.homebanking.HomebankingApplicationTest" time="0.001"/>
  <testcase name="repetition 3719 of 5000" classname="com.mindhub.homebanking.HomebankingApplicationTest" time="0.0"/>
  <testcase name="repetition 3720 of 5000" classname="com.mindhub.homebanking.HomebankingApplicationTest" time="0.001"/>
  <testcase name="repetition 3721 of 5000" classname="com.mindhub.homebanking.HomebankingApplicationTest" time="0.001"/>
  <testcase name="repetition 3722 of 5000" classname="com.mindhub.homebanking.HomebankingApplicationTest" time="0.001"/>
  <testcase name="repetition 3723 of 5000" classname="com.mindhub.homebanking.HomebankingApplicationTest" time="0.0"/>
  <testcase name="repetition 3724 of 5000" classname="com.mindhub.homebanking.HomebankingApplicationTest" time="0.001"/>
  <testcase name="repetition 3725 of 5000" classname="com.mindhub.homebanking.HomebankingApplicationTest" time="0.0"/>
  <testcase name="repetition 3726 of 5000" classname="com.mindhub.homebanking.HomebankingApplicationTest" time="0.001"/>
  <testcase name="repetition 3727 of 5000" classname="com.mindhub.homebanking.HomebankingApplicationTest" time="0.001"/>
  <testcase name="repetition 3728 of 5000" classname="com.mindhub.homebanking.HomebankingApplicationTest" time="0.0"/>
  <testcase name="repetition 3729 of 5000" classname="com.mindhub.homebanking.HomebankingApplicationTest" time="0.001"/>
  <testcase name="repetition 3730 of 5000" classname="com.mindhub.homebanking.HomebankingApplicationTest" time="0.0"/>
  <testcase name="repetition 3731 of 5000" classname="com.mindhub.homebanking.HomebankingApplicationTest" time="0.001"/>
  <testcase name="repetition 3732 of 5000" classname="com.mindhub.homebanking.HomebankingApplicationTest" time="0.001"/>
  <testcase name="repetition 3733 of 5000" classname="com.mindhub.homebanking.HomebankingApplicationTest" time="0.0"/>
  <testcase name="repetition 3734 of 5000" classname="com.mindhub.homebanking.HomebankingApplicationTest" time="0.001"/>
  <testcase name="repetition 3735 of 5000" classname="com.mindhub.homebanking.HomebankingApplicationTest" time="0.001"/>
  <testcase name="repetition 3736 of 5000" classname="com.mindhub.homebanking.HomebankingApplicationTest" time="0.0"/>
  <testcase name="repetition 3737 of 5000" classname="com.mindhub.homebanking.HomebankingApplicationTest" time="0.001"/>
  <testcase name="repetition 3738 of 5000" classname="com.mindhub.homebanking.HomebankingApplicationTest" time="0.001"/>
  <testcase name="repetition 3739 of 5000" classname="com.mindhub.homebanking.HomebankingApplicationTest" time="0.001"/>
  <testcase name="repetition 3740 of 5000" classname="com.mindhub.homebanking.HomebankingApplicationTest" time="0.0"/>
  <testcase name="repetition 3741 of 5000" classname="com.mindhub.homebanking.HomebankingApplicationTest" time="0.001"/>
  <testcase name="repetition 3742 of 5000" classname="com.mindhub.homebanking.HomebankingApplicationTest" time="0.001"/>
  <testcase name="repetition 3743 of 5000" classname="com.mindhub.homebanking.HomebankingApplicationTest" time="0.0"/>
  <testcase name="repetition 3744 of 5000" classname="com.mindhub.homebanking.HomebankingApplicationTest" time="0.001"/>
  <testcase name="repetition 3745 of 5000" classname="com.mindhub.homebanking.HomebankingApplicationTest" time="0.001"/>
  <testcase name="repetition 3746 of 5000" classname="com.mindhub.homebanking.HomebankingApplicationTest" time="0.0"/>
  <testcase name="repetition 3747 of 5000" classname="com.mindhub.homebanking.HomebankingApplicationTest" time="0.001"/>
  <testcase name="repetition 3748 of 5000" classname="com.mindhub.homebanking.HomebankingApplicationTest" time="0.0"/>
  <testcase name="repetition 3749 of 5000" classname="com.mindhub.homebanking.HomebankingApplicationTest" time="0.001"/>
  <testcase name="repetition 3750 of 5000" classname="com.mindhub.homebanking.HomebankingApplicationTest" time="0.0"/>
  <testcase name="repetition 3751 of 5000" classname="com.mindhub.homebanking.HomebankingApplicationTest" time="0.0"/>
  <testcase name="repetition 3752 of 5000" classname="com.mindhub.homebanking.HomebankingApplicationTest" time="0.001"/>
  <testcase name="repetition 3753 of 5000" classname="com.mindhub.homebanking.HomebankingApplicationTest" time="0.001"/>
  <testcase name="repetition 3754 of 5000" classname="com.mindhub.homebanking.HomebankingApplicationTest" time="0.0"/>
  <testcase name="repetition 3755 of 5000" classname="com.mindhub.homebanking.HomebankingApplicationTest" time="0.001"/>
  <testcase name="repetition 3756 of 5000" classname="com.mindhub.homebanking.HomebankingApplicationTest" time="0.0"/>
  <testcase name="repetition 3757 of 5000" classname="com.mindhub.homebanking.HomebankingApplicationTest" time="0.001"/>
  <testcase name="repetition 3758 of 5000" classname="com.mindhub.homebanking.HomebankingApplicationTest" time="0.0"/>
  <testcase name="repetition 3759 of 5000" classname="com.mindhub.homebanking.HomebankingApplicationTest" time="0.001"/>
  <testcase name="repetition 3760 of 5000" classname="com.mindhub.homebanking.HomebankingApplicationTest" time="0.0"/>
  <testcase name="repetition 3761 of 5000" classname="com.mindhub.homebanking.HomebankingApplicationTest" time="0.001"/>
  <testcase name="repetition 3762 of 5000" classname="com.mindhub.homebanking.HomebankingApplicationTest" time="0.0"/>
  <testcase name="repetition 3763 of 5000" classname="com.mindhub.homebanking.HomebankingApplicationTest" time="0.001"/>
  <testcase name="repetition 3764 of 5000" classname="com.mindhub.homebanking.HomebankingApplicationTest" time="0.0"/>
  <testcase name="repetition 3765 of 5000" classname="com.mindhub.homebanking.HomebankingApplicationTest" time="0.001"/>
  <testcase name="repetition 3766 of 5000" classname="com.mindhub.homebanking.HomebankingApplicationTest" time="0.001"/>
  <testcase name="repetition 3767 of 5000" classname="com.mindhub.homebanking.HomebankingApplicationTest" time="0.0"/>
  <testcase name="repetition 3768 of 5000" classname="com.mindhub.homebanking.HomebankingApplicationTest" time="0.0"/>
  <testcase name="repetition 3769 of 5000" classname="com.mindhub.homebanking.HomebankingApplicationTest" time="0.0"/>
  <testcase name="repetition 3770 of 5000" classname="com.mindhub.homebanking.HomebankingApplicationTest" time="0.0"/>
  <testcase name="repetition 3771 of 5000" classname="com.mindhub.homebanking.HomebankingApplicationTest" time="0.001"/>
  <testcase name="repetition 3772 of 5000" classname="com.mindhub.homebanking.HomebankingApplicationTest" time="0.001"/>
  <testcase name="repetition 3773 of 5000" classname="com.mindhub.homebanking.HomebankingApplicationTest" time="0.001"/>
  <testcase name="repetition 3774 of 5000" classname="com.mindhub.homebanking.HomebankingApplicationTest" time="0.0"/>
  <testcase name="repetition 3775 of 5000" classname="com.mindhub.homebanking.HomebankingApplicationTest" time="0.001"/>
  <testcase name="repetition 3776 of 5000" classname="com.mindhub.homebanking.HomebankingApplicationTest" time="0.001"/>
  <testcase name="repetition 3777 of 5000" classname="com.mindhub.homebanking.HomebankingApplicationTest" time="0.0"/>
  <testcase name="repetition 3778 of 5000" classname="com.mindhub.homebanking.HomebankingApplicationTest" time="0.001"/>
  <testcase name="repetition 3779 of 5000" classname="com.mindhub.homebanking.HomebankingApplicationTest" time="0.0"/>
  <testcase name="repetition 3780 of 5000" classname="com.mindhub.homebanking.HomebankingApplicationTest" time="0.0"/>
  <testcase name="repetition 3781 of 5000" classname="com.mindhub.homebanking.HomebankingApplicationTest" time="0.001"/>
  <testcase name="repetition 3782 of 5000" classname="com.mindhub.homebanking.HomebankingApplicationTest" time="0.0"/>
  <testcase name="repetition 3783 of 5000" classname="com.mindhub.homebanking.HomebankingApplicationTest" time="0.001"/>
  <testcase name="repetition 3784 of 5000" classname="com.mindhub.homebanking.HomebankingApplicationTest" time="0.0"/>
  <testcase name="repetition 3785 of 5000" classname="com.mindhub.homebanking.HomebankingApplicationTest" time="0.001"/>
  <testcase name="repetition 3786 of 5000" classname="com.mindhub.homebanking.HomebankingApplicationTest" time="0.0"/>
  <testcase name="repetition 3787 of 5000" classname="com.mindhub.homebanking.HomebankingApplicationTest" time="0.001"/>
  <testcase name="repetition 3788 of 5000" classname="com.mindhub.homebanking.HomebankingApplicationTest" time="0.001"/>
  <testcase name="repetition 3789 of 5000" classname="com.mindhub.homebanking.HomebankingApplicationTest" time="0.0"/>
  <testcase name="repetition 3790 of 5000" classname="com.mindhub.homebanking.HomebankingApplicationTest" time="0.001"/>
  <testcase name="repetition 3791 of 5000" classname="com.mindhub.homebanking.HomebankingApplicationTest" time="0.001"/>
  <testcase name="repetition 3792 of 5000" classname="com.mindhub.homebanking.HomebankingApplicationTest" time="0.001"/>
  <testcase name="repetition 3793 of 5000" classname="com.mindhub.homebanking.HomebankingApplicationTest" time="0.001"/>
  <testcase name="repetition 3794 of 5000" classname="com.mindhub.homebanking.HomebankingApplicationTest" time="0.001"/>
  <testcase name="repetition 3795 of 5000" classname="com.mindhub.homebanking.HomebankingApplicationTest" time="0.001"/>
  <testcase name="repetition 3796 of 5000" classname="com.mindhub.homebanking.HomebankingApplicationTest" time="0.0"/>
  <testcase name="repetition 3797 of 5000" classname="com.mindhub.homebanking.HomebankingApplicationTest" time="0.0"/>
  <testcase name="repetition 3798 of 5000" classname="com.mindhub.homebanking.HomebankingApplicationTest" time="0.001"/>
  <testcase name="repetition 3799 of 5000" classname="com.mindhub.homebanking.HomebankingApplicationTest" time="0.001"/>
  <testcase name="repetition 3800 of 5000" classname="com.mindhub.homebanking.HomebankingApplicationTest" time="0.0"/>
  <testcase name="repetition 3801 of 5000" classname="com.mindhub.homebanking.HomebankingApplicationTest" time="0.001"/>
  <testcase name="repetition 3802 of 5000" classname="com.mindhub.homebanking.HomebankingApplicationTest" time="0.001"/>
  <testcase name="repetition 3803 of 5000" classname="com.mindhub.homebanking.HomebankingApplicationTest" time="0.001"/>
  <testcase name="repetition 3804 of 5000" classname="com.mindhub.homebanking.HomebankingApplicationTest" time="0.0"/>
  <testcase name="repetition 3805 of 5000" classname="com.mindhub.homebanking.HomebankingApplicationTest" time="0.0"/>
  <testcase name="repetition 3806 of 5000" classname="com.mindhub.homebanking.HomebankingApplicationTest" time="0.001"/>
  <testcase name="repetition 3807 of 5000" classname="com.mindhub.homebanking.HomebankingApplicationTest" time="0.001"/>
  <testcase name="repetition 3808 of 5000" classname="com.mindhub.homebanking.HomebankingApplicationTest" time="0.0"/>
  <testcase name="repetition 3809 of 5000" classname="com.mindhub.homebanking.HomebankingApplicationTest" time="0.001"/>
  <testcase name="repetition 3810 of 5000" classname="com.mindhub.homebanking.HomebankingApplicationTest" time="0.001"/>
  <testcase name="repetition 3811 of 5000" classname="com.mindhub.homebanking.HomebankingApplicationTest" time="0.0"/>
  <testcase name="repetition 3812 of 5000" classname="com.mindhub.homebanking.HomebankingApplicationTest" time="0.001"/>
  <testcase name="repetition 3813 of 5000" classname="com.mindhub.homebanking.HomebankingApplicationTest" time="0.0"/>
  <testcase name="repetition 3814 of 5000" classname="com.mindhub.homebanking.HomebankingApplicationTest" time="0.0"/>
  <testcase name="repetition 3815 of 5000" classname="com.mindhub.homebanking.HomebankingApplicationTest" time="0.003"/>
  <testcase name="repetition 3816 of 5000" classname="com.mindhub.homebanking.HomebankingApplicationTest" time="0.001"/>
  <testcase name="repetition 3817 of 5000" classname="com.mindhub.homebanking.HomebankingApplicationTest" time="0.0"/>
  <testcase name="repetition 3818 of 5000" classname="com.mindhub.homebanking.HomebankingApplicationTest" time="0.001"/>
  <testcase name="repetition 3819 of 5000" classname="com.mindhub.homebanking.HomebankingApplicationTest" time="0.0"/>
  <testcase name="repetition 3820 of 5000" classname="com.mindhub.homebanking.HomebankingApplicationTest" time="0.001"/>
  <testcase name="repetition 3821 of 5000" classname="com.mindhub.homebanking.HomebankingApplicationTest" time="0.0"/>
  <testcase name="repetition 3822 of 5000" classname="com.mindhub.homebanking.HomebankingApplicationTest" time="0.001"/>
  <testcase name="repetition 3823 of 5000" classname="com.mindhub.homebanking.HomebankingApplicationTest" time="0.0"/>
  <testcase name="repetition 3824 of 5000" classname="com.mindhub.homebanking.HomebankingApplicationTest" time="0.001"/>
  <testcase name="repetition 3825 of 5000" classname="com.mindhub.homebanking.HomebankingApplicationTest" time="0.001"/>
  <testcase name="repetition 3826 of 5000" classname="com.mindhub.homebanking.HomebankingApplicationTest" time="0.0"/>
  <testcase name="repetition 3827 of 5000" classname="com.mindhub.homebanking.HomebankingApplicationTest" time="0.001"/>
  <testcase name="repetition 3828 of 5000" classname="com.mindhub.homebanking.HomebankingApplicationTest" time="0.0"/>
  <testcase name="repetition 3829 of 5000" classname="com.mindhub.homebanking.HomebankingApplicationTest" time="0.001"/>
  <testcase name="repetition 3830 of 5000" classname="com.mindhub.homebanking.HomebankingApplicationTest" time="0.001"/>
  <testcase name="repetition 3831 of 5000" classname="com.mindhub.homebanking.HomebankingApplicationTest" time="0.001"/>
  <testcase name="repetition 3832 of 5000" classname="com.mindhub.homebanking.HomebankingApplicationTest" time="0.001"/>
  <testcase name="repetition 3833 of 5000" classname="com.mindhub.homebanking.HomebankingApplicationTest" time="0.001"/>
  <testcase name="repetition 3834 of 5000" classname="com.mindhub.homebanking.HomebankingApplicationTest" time="0.001"/>
  <testcase name="repetition 3835 of 5000" classname="com.mindhub.homebanking.HomebankingApplicationTest" time="0.001"/>
  <testcase name="repetition 3836 of 5000" classname="com.mindhub.homebanking.HomebankingApplicationTest" time="0.0"/>
  <testcase name="repetition 3837 of 5000" classname="com.mindhub.homebanking.HomebankingApplicationTest" time="0.001"/>
  <testcase name="repetition 3838 of 5000" classname="com.mindhub.homebanking.HomebankingApplicationTest" time="0.001"/>
  <testcase name="repetition 3839 of 5000" classname="com.mindhub.homebanking.HomebankingApplicationTest" time="0.001"/>
  <testcase name="repetition 3840 of 5000" classname="com.mindhub.homebanking.HomebankingApplicationTest" time="0.001"/>
  <testcase name="repetition 3841 of 5000" classname="com.mindhub.homebanking.HomebankingApplicationTest" time="0.001"/>
  <testcase name="repetition 3842 of 5000" classname="com.mindhub.homebanking.HomebankingApplicationTest" time="0.001"/>
  <testcase name="repetition 3843 of 5000" classname="com.mindhub.homebanking.HomebankingApplicationTest" time="0.0"/>
  <testcase name="repetition 3844 of 5000" classname="com.mindhub.homebanking.HomebankingApplicationTest" time="0.001"/>
  <testcase name="repetition 3845 of 5000" classname="com.mindhub.homebanking.HomebankingApplicationTest" time="0.001"/>
  <testcase name="repetition 3846 of 5000" classname="com.mindhub.homebanking.HomebankingApplicationTest" time="0.002"/>
  <testcase name="repetition 3847 of 5000" classname="com.mindhub.homebanking.HomebankingApplicationTest" time="0.001"/>
  <testcase name="repetition 3848 of 5000" classname="com.mindhub.homebanking.HomebankingApplicationTest" time="0.0"/>
  <testcase name="repetition 3849 of 5000" classname="com.mindhub.homebanking.HomebankingApplicationTest" time="0.0"/>
  <testcase name="repetition 3850 of 5000" classname="com.mindhub.homebanking.HomebankingApplicationTest" time="0.001"/>
  <testcase name="repetition 3851 of 5000" classname="com.mindhub.homebanking.HomebankingApplicationTest" time="0.0"/>
  <testcase name="repetition 3852 of 5000" classname="com.mindhub.homebanking.HomebankingApplicationTest" time="0.001"/>
  <testcase name="repetition 3853 of 5000" classname="com.mindhub.homebanking.HomebankingApplicationTest" time="0.001"/>
  <testcase name="repetition 3854 of 5000" classname="com.mindhub.homebanking.HomebankingApplicationTest" time="0.001"/>
  <testcase name="repetition 3855 of 5000" classname="com.mindhub.homebanking.HomebankingApplicationTest" time="0.0"/>
  <testcase name="repetition 3856 of 5000" classname="com.mindhub.homebanking.HomebankingApplicationTest" time="0.001"/>
  <testcase name="repetition 3857 of 5000" classname="com.mindhub.homebanking.HomebankingApplicationTest" time="0.001"/>
  <testcase name="repetition 3858 of 5000" classname="com.mindhub.homebanking.HomebankingApplicationTest" time="0.0"/>
  <testcase name="repetition 3859 of 5000" classname="com.mindhub.homebanking.HomebankingApplicationTest" time="0.001"/>
  <testcase name="repetition 3860 of 5000" classname="com.mindhub.homebanking.HomebankingApplicationTest" time="0.0"/>
  <testcase name="repetition 3861 of 5000" classname="com.mindhub.homebanking.HomebankingApplicationTest" time="0.001"/>
  <testcase name="repetition 3862 of 5000" classname="com.mindhub.homebanking.HomebankingApplicationTest" time="0.0"/>
  <testcase name="repetition 3863 of 5000" classname="com.mindhub.homebanking.HomebankingApplicationTest" time="0.001"/>
  <testcase name="repetition 3864 of 5000" classname="com.mindhub.homebanking.HomebankingApplicationTest" time="0.0"/>
  <testcase name="repetition 3865 of 5000" classname="com.mindhub.homebanking.HomebankingApplicationTest" time="0.001"/>
  <testcase name="repetition 3866 of 5000" classname="com.mindhub.homebanking.HomebankingApplicationTest" time="0.001"/>
  <testcase name="repetition 3867 of 5000" classname="com.mindhub.homebanking.HomebankingApplicationTest" time="0.001"/>
  <testcase name="repetition 3868 of 5000" classname="com.mindhub.homebanking.HomebankingApplicationTest" time="0.001"/>
  <testcase name="repetition 3869 of 5000" classname="com.mindhub.homebanking.HomebankingApplicationTest" time="0.001"/>
  <testcase name="repetition 3870 of 5000" classname="com.mindhub.homebanking.HomebankingApplicationTest" time="0.001"/>
  <testcase name="repetition 3871 of 5000" classname="com.mindhub.homebanking.HomebankingApplicationTest" time="0.001"/>
  <testcase name="repetition 3872 of 5000" classname="com.mindhub.homebanking.HomebankingApplicationTest" time="0.001"/>
  <testcase name="repetition 3873 of 5000" classname="com.mindhub.homebanking.HomebankingApplicationTest" time="0.001"/>
  <testcase name="repetition 3874 of 5000" classname="com.mindhub.homebanking.HomebankingApplicationTest" time="0.001"/>
  <testcase name="repetition 3875 of 5000" classname="com.mindhub.homebanking.HomebankingApplicationTest" time="0.0"/>
  <testcase name="repetition 3876 of 5000" classname="com.mindhub.homebanking.HomebankingApplicationTest" time="0.001"/>
  <testcase name="repetition 3877 of 5000" classname="com.mindhub.homebanking.HomebankingApplicationTest" time="0.001"/>
  <testcase name="repetition 3878 of 5000" classname="com.mindhub.homebanking.HomebankingApplicationTest" time="0.0"/>
  <testcase name="repetition 3879 of 5000" classname="com.mindhub.homebanking.HomebankingApplicationTest" time="0.001"/>
  <testcase name="repetition 3880 of 5000" classname="com.mindhub.homebanking.HomebankingApplicationTest" time="0.001"/>
  <testcase name="repetition 3881 of 5000" classname="com.mindhub.homebanking.HomebankingApplicationTest" time="0.0"/>
  <testcase name="repetition 3882 of 5000" classname="com.mindhub.homebanking.HomebankingApplicationTest" time="0.001"/>
  <testcase name="repetition 3883 of 5000" classname="com.mindhub.homebanking.HomebankingApplicationTest" time="0.001"/>
  <testcase name="repetition 3884 of 5000" classname="com.mindhub.homebanking.HomebankingApplicationTest" time="0.0"/>
  <testcase name="repetition 3885 of 5000" classname="com.mindhub.homebanking.HomebankingApplicationTest" time="0.001"/>
  <testcase name="repetition 3886 of 5000" classname="com.mindhub.homebanking.HomebankingApplicationTest" time="0.001"/>
  <testcase name="repetition 3887 of 5000" classname="com.mindhub.homebanking.HomebankingApplicationTest" time="0.0"/>
  <testcase name="repetition 3888 of 5000" classname="com.mindhub.homebanking.HomebankingApplicationTest" time="0.001"/>
  <testcase name="repetition 3889 of 5000" classname="com.mindhub.homebanking.HomebankingApplicationTest" time="0.001"/>
  <testcase name="repetition 3890 of 5000" classname="com.mindhub.homebanking.HomebankingApplicationTest" time="0.001"/>
  <testcase name="repetition 3891 of 5000" classname="com.mindhub.homebanking.HomebankingApplicationTest" time="0.0"/>
  <testcase name="repetition 3892 of 5000" classname="com.mindhub.homebanking.HomebankingApplicationTest" time="0.0"/>
  <testcase name="repetition 3893 of 5000" classname="com.mindhub.homebanking.HomebankingApplicationTest" time="0.001"/>
  <testcase name="repetition 3894 of 5000" classname="com.mindhub.homebanking.HomebankingApplicationTest" time="0.0"/>
  <testcase name="repetition 3895 of 5000" classname="com.mindhub.homebanking.HomebankingApplicationTest" time="0.001"/>
  <testcase name="repetition 3896 of 5000" classname="com.mindhub.homebanking.HomebankingApplicationTest" time="0.0"/>
  <testcase name="repetition 3897 of 5000" classname="com.mindhub.homebanking.HomebankingApplicationTest" time="0.001"/>
  <testcase name="repetition 3898 of 5000" classname="com.mindhub.homebanking.HomebankingApplicationTest" time="0.0"/>
  <testcase name="repetition 3899 of 5000" classname="com.mindhub.homebanking.HomebankingApplicationTest" time="0.001"/>
  <testcase name="repetition 3900 of 5000" classname="com.mindhub.homebanking.HomebankingApplicationTest" time="0.001"/>
  <testcase name="repetition 3901 of 5000" classname="com.mindhub.homebanking.HomebankingApplicationTest" time="0.0"/>
  <testcase name="repetition 3902 of 5000" classname="com.mindhub.homebanking.HomebankingApplicationTest" time="0.0"/>
  <testcase name="repetition 3903 of 5000" classname="com.mindhub.homebanking.HomebankingApplicationTest" time="0.0"/>
  <testcase name="repetition 3904 of 5000" classname="com.mindhub.homebanking.HomebankingApplicationTest" time="0.0"/>
  <testcase name="repetition 3905 of 5000" classname="com.mindhub.homebanking.HomebankingApplicationTest" time="0.001"/>
  <testcase name="repetition 3906 of 5000" classname="com.mindhub.homebanking.HomebankingApplicationTest" time="0.001"/>
  <testcase name="repetition 3907 of 5000" classname="com.mindhub.homebanking.HomebankingApplicationTest" time="0.0"/>
  <testcase name="repetition 3908 of 5000" classname="com.mindhub.homebanking.HomebankingApplicationTest" time="0.001"/>
  <testcase name="repetition 3909 of 5000" classname="com.mindhub.homebanking.HomebankingApplicationTest" time="0.0"/>
  <testcase name="repetition 3910 of 5000" classname="com.mindhub.homebanking.HomebankingApplicationTest" time="0.0"/>
  <testcase name="repetition 3911 of 5000" classname="com.mindhub.homebanking.HomebankingApplicationTest" time="0.001"/>
  <testcase name="repetition 3912 of 5000" classname="com.mindhub.homebanking.HomebankingApplicationTest" time="0.001"/>
  <testcase name="repetition 3913 of 5000" classname="com.mindhub.homebanking.HomebankingApplicationTest" time="0.0"/>
  <testcase name="repetition 3914 of 5000" classname="com.mindhub.homebanking.HomebankingApplicationTest" time="0.001"/>
  <testcase name="repetition 3915 of 5000" classname="com.mindhub.homebanking.HomebankingApplicationTest" time="0.001"/>
  <testcase name="repetition 3916 of 5000" classname="com.mindhub.homebanking.HomebankingApplicationTest" time="0.0"/>
  <testcase name="repetition 3917 of 5000" classname="com.mindhub.homebanking.HomebankingApplicationTest" time="0.001"/>
  <testcase name="repetition 3918 of 5000" classname="com.mindhub.homebanking.HomebankingApplicationTest" time="0.0"/>
  <testcase name="repetition 3919 of 5000" classname="com.mindhub.homebanking.HomebankingApplicationTest" time="0.001"/>
  <testcase name="repetition 3920 of 5000" classname="com.mindhub.homebanking.HomebankingApplicationTest" time="0.0"/>
  <testcase name="repetition 3921 of 5000" classname="com.mindhub.homebanking.HomebankingApplicationTest" time="0.001"/>
  <testcase name="repetition 3922 of 5000" classname="com.mindhub.homebanking.HomebankingApplicationTest" time="0.0"/>
  <testcase name="repetition 3923 of 5000" classname="com.mindhub.homebanking.HomebankingApplicationTest" time="0.001"/>
  <testcase name="repetition 3924 of 5000" classname="com.mindhub.homebanking.HomebankingApplicationTest" time="0.0"/>
  <testcase name="repetition 3925 of 5000" classname="com.mindhub.homebanking.HomebankingApplicationTest" time="0.0"/>
  <testcase name="repetition 3926 of 5000" classname="com.mindhub.homebanking.HomebankingApplicationTest" time="0.001"/>
  <testcase name="repetition 3927 of 5000" classname="com.mindhub.homebanking.HomebankingApplicationTest" time="0.0"/>
  <testcase name="repetition 3928 of 5000" classname="com.mindhub.homebanking.HomebankingApplicationTest" time="0.001"/>
  <testcase name="repetition 3929 of 5000" classname="com.mindhub.homebanking.HomebankingApplicationTest" time="0.0"/>
  <testcase name="repetition 3930 of 5000" classname="com.mindhub.homebanking.HomebankingApplicationTest" time="0.001"/>
  <testcase name="repetition 3931 of 5000" classname="com.mindhub.homebanking.HomebankingApplicationTest" time="0.001"/>
  <testcase name="repetition 3932 of 5000" classname="com.mindhub.homebanking.HomebankingApplicationTest" time="0.001"/>
  <testcase name="repetition 3933 of 5000" classname="com.mindhub.homebanking.HomebankingApplicationTest" time="0.0"/>
  <testcase name="repetition 3934 of 5000" classname="com.mindhub.homebanking.HomebankingApplicationTest" time="0.001"/>
  <testcase name="repetition 3935 of 5000" classname="com.mindhub.homebanking.HomebankingApplicationTest" time="0.0"/>
  <testcase name="repetition 3936 of 5000" classname="com.mindhub.homebanking.HomebankingApplicationTest" time="0.001"/>
  <testcase name="repetition 3937 of 5000" classname="com.mindhub.homebanking.HomebankingApplicationTest" time="0.001"/>
  <testcase name="repetition 3938 of 5000" classname="com.mindhub.homebanking.HomebankingApplicationTest" time="0.0"/>
  <testcase name="repetition 3939 of 5000" classname="com.mindhub.homebanking.HomebankingApplicationTest" time="0.001"/>
  <testcase name="repetition 3940 of 5000" classname="com.mindhub.homebanking.HomebankingApplicationTest" time="0.0"/>
  <testcase name="repetition 3941 of 5000" classname="com.mindhub.homebanking.HomebankingApplicationTest" time="0.0"/>
  <testcase name="repetition 3942 of 5000" classname="com.mindhub.homebanking.HomebankingApplicationTest" time="0.001"/>
  <testcase name="repetition 3943 of 5000" classname="com.mindhub.homebanking.HomebankingApplicationTest" time="0.0"/>
  <testcase name="repetition 3944 of 5000" classname="com.mindhub.homebanking.HomebankingApplicationTest" time="0.001"/>
  <testcase name="repetition 3945 of 5000" classname="com.mindhub.homebanking.HomebankingApplicationTest" time="0.0"/>
  <testcase name="repetition 3946 of 5000" classname="com.mindhub.homebanking.HomebankingApplicationTest" time="0.001"/>
  <testcase name="repetition 3947 of 5000" classname="com.mindhub.homebanking.HomebankingApplicationTest" time="0.001"/>
  <testcase name="repetition 3948 of 5000" classname="com.mindhub.homebanking.HomebankingApplicationTest" time="0.0"/>
  <testcase name="repetition 3949 of 5000" classname="com.mindhub.homebanking.HomebankingApplicationTest" time="0.001"/>
  <testcase name="repetition 3950 of 5000" classname="com.mindhub.homebanking.HomebankingApplicationTest" time="0.0"/>
  <testcase name="repetition 3951 of 5000" classname="com.mindhub.homebanking.HomebankingApplicationTest" time="0.001"/>
  <testcase name="repetition 3952 of 5000" classname="com.mindhub.homebanking.HomebankingApplicationTest" time="0.0"/>
  <testcase name="repetition 3953 of 5000" classname="com.mindhub.homebanking.HomebankingApplicationTest" time="0.0"/>
  <testcase name="repetition 3954 of 5000" classname="com.mindhub.homebanking.HomebankingApplicationTest" time="0.0"/>
  <testcase name="repetition 3955 of 5000" classname="com.mindhub.homebanking.HomebankingApplicationTest" time="0.001"/>
  <testcase name="repetition 3956 of 5000" classname="com.mindhub.homebanking.HomebankingApplicationTest" time="0.001"/>
  <testcase name="repetition 3957 of 5000" classname="com.mindhub.homebanking.HomebankingApplicationTest" time="0.001"/>
  <testcase name="repetition 3958 of 5000" classname="com.mindhub.homebanking.HomebankingApplicationTest" time="0.0"/>
  <testcase name="repetition 3959 of 5000" classname="com.mindhub.homebanking.HomebankingApplicationTest" time="0.001"/>
  <testcase name="repetition 3960 of 5000" classname="com.mindhub.homebanking.HomebankingApplicationTest" time="0.001"/>
  <testcase name="repetition 3961 of 5000" classname="com.mindhub.homebanking.HomebankingApplicationTest" time="0.001"/>
  <testcase name="repetition 3962 of 5000" classname="com.mindhub.homebanking.HomebankingApplicationTest" time="0.0"/>
  <testcase name="repetition 3963 of 5000" classname="com.mindhub.homebanking.HomebankingApplicationTest" time="0.001"/>
  <testcase name="repetition 3964 of 5000" classname="com.mindhub.homebanking.HomebankingApplicationTest" time="0.0"/>
  <testcase name="repetition 3965 of 5000" classname="com.mindhub.homebanking.HomebankingApplicationTest" time="0.001"/>
  <testcase name="repetition 3966 of 5000" classname="com.mindhub.homebanking.HomebankingApplicationTest" time="0.001"/>
  <testcase name="repetition 3967 of 5000" classname="com.mindhub.homebanking.HomebankingApplicationTest" time="0.001"/>
  <testcase name="repetition 3968 of 5000" classname="com.mindhub.homebanking.HomebankingApplicationTest" time="0.001"/>
  <testcase name="repetition 3969 of 5000" classname="com.mindhub.homebanking.HomebankingApplicationTest" time="0.001"/>
  <testcase name="repetition 3970 of 5000" classname="com.mindhub.homebanking.HomebankingApplicationTest" time="0.0"/>
  <testcase name="repetition 3971 of 5000" classname="com.mindhub.homebanking.HomebankingApplicationTest" time="0.001"/>
  <testcase name="repetition 3972 of 5000" classname="com.mindhub.homebanking.HomebankingApplicationTest" time="0.0"/>
  <testcase name="repetition 3973 of 5000" classname="com.mindhub.homebanking.HomebankingApplicationTest" time="0.001"/>
  <testcase name="repetition 3974 of 5000" classname="com.mindhub.homebanking.HomebankingApplicationTest" time="0.0"/>
  <testcase name="repetition 3975 of 5000" classname="com.mindhub.homebanking.HomebankingApplicationTest" time="0.0"/>
  <testcase name="repetition 3976 of 5000" classname="com.mindhub.homebanking.HomebankingApplicationTest" time="0.001"/>
  <testcase name="repetition 3977 of 5000" classname="com.mindhub.homebanking.HomebankingApplicationTest" time="0.001"/>
  <testcase name="repetition 3978 of 5000" classname="com.mindhub.homebanking.HomebankingApplicationTest" time="0.0"/>
  <testcase name="repetition 3979 of 5000" classname="com.mindhub.homebanking.HomebankingApplicationTest" time="0.001"/>
  <testcase name="repetition 3980 of 5000" classname="com.mindhub.homebanking.HomebankingApplicationTest" time="0.001"/>
  <testcase name="repetition 3981 of 5000" classname="com.mindhub.homebanking.HomebankingApplicationTest" time="0.0"/>
  <testcase name="repetition 3982 of 5000" classname="com.mindhub.homebanking.HomebankingApplicationTest" time="0.0"/>
  <testcase name="repetition 3983 of 5000" classname="com.mindhub.homebanking.HomebankingApplicationTest" time="0.001"/>
  <testcase name="repetition 3984 of 5000" classname="com.mindhub.homebanking.HomebankingApplicationTest" time="0.0"/>
  <testcase name="repetition 3985 of 5000" classname="com.mindhub.homebanking.HomebankingApplicationTest" time="0.0"/>
  <testcase name="repetition 3986 of 5000" classname="com.mindhub.homebanking.HomebankingApplicationTest" time="0.0"/>
  <testcase name="repetition 3987 of 5000" classname="com.mindhub.homebanking.HomebankingApplicationTest" time="0.001"/>
  <testcase name="repetition 3988 of 5000" classname="com.mindhub.homebanking.HomebankingApplicationTest" time="0.001"/>
  <testcase name="repetition 3989 of 5000" classname="com.mindhub.homebanking.HomebankingApplicationTest" time="0.0"/>
  <testcase name="repetition 3990 of 5000" classname="com.mindhub.homebanking.HomebankingApplicationTest" time="0.001"/>
  <testcase name="repetition 3991 of 5000" classname="com.mindhub.homebanking.HomebankingApplicationTest" time="0.0"/>
  <testcase name="repetition 3992 of 5000" classname="com.mindhub.homebanking.HomebankingApplicationTest" time="0.001"/>
  <testcase name="repetition 3993 of 5000" classname="com.mindhub.homebanking.HomebankingApplicationTest" time="0.001"/>
  <testcase name="repetition 3994 of 5000" classname="com.mindhub.homebanking.HomebankingApplicationTest" time="0.0"/>
  <testcase name="repetition 3995 of 5000" classname="com.mindhub.homebanking.HomebankingApplicationTest" time="0.001"/>
  <testcase name="repetition 3996 of 5000" classname="com.mindhub.homebanking.HomebankingApplicationTest" time="0.0"/>
  <testcase name="repetition 3997 of 5000" classname="com.mindhub.homebanking.HomebankingApplicationTest" time="0.001"/>
  <testcase name="repetition 3998 of 5000" classname="com.mindhub.homebanking.HomebankingApplicationTest" time="0.0"/>
  <testcase name="repetition 3999 of 5000" classname="com.mindhub.homebanking.HomebankingApplicationTest" time="0.001"/>
  <testcase name="repetition 4000 of 5000" classname="com.mindhub.homebanking.HomebankingApplicationTest" time="0.001"/>
  <testcase name="repetition 4001 of 5000" classname="com.mindhub.homebanking.HomebankingApplicationTest" time="0.001"/>
  <testcase name="repetition 4002 of 5000" classname="com.mindhub.homebanking.HomebankingApplicationTest" time="0.001"/>
  <testcase name="repetition 4003 of 5000" classname="com.mindhub.homebanking.HomebankingApplicationTest" time="0.001"/>
  <testcase name="repetition 4004 of 5000" classname="com.mindhub.homebanking.HomebankingApplicationTest" time="0.001"/>
  <testcase name="repetition 4005 of 5000" classname="com.mindhub.homebanking.HomebankingApplicationTest" time="0.001"/>
  <testcase name="repetition 4006 of 5000" classname="com.mindhub.homebanking.HomebankingApplicationTest" time="0.001"/>
  <testcase name="repetition 4007 of 5000" classname="com.mindhub.homebanking.HomebankingApplicationTest" time="0.002"/>
  <testcase name="repetition 4008 of 5000" classname="com.mindhub.homebanking.HomebankingApplicationTest" time="0.001"/>
  <testcase name="repetition 4009 of 5000" classname="com.mindhub.homebanking.HomebankingApplicationTest" time="0.002"/>
  <testcase name="repetition 4010 of 5000" classname="com.mindhub.homebanking.HomebankingApplicationTest" time="0.002"/>
  <testcase name="repetition 4011 of 5000" classname="com.mindhub.homebanking.HomebankingApplicationTest" time="0.001"/>
  <testcase name="repetition 4012 of 5000" classname="com.mindhub.homebanking.HomebankingApplicationTest" time="0.001"/>
  <testcase name="repetition 4013 of 5000" classname="com.mindhub.homebanking.HomebankingApplicationTest" time="0.001"/>
  <testcase name="repetition 4014 of 5000" classname="com.mindhub.homebanking.HomebankingApplicationTest" time="0.001"/>
  <testcase name="repetition 4015 of 5000" classname="com.mindhub.homebanking.HomebankingApplicationTest" time="0.0"/>
  <testcase name="repetition 4016 of 5000" classname="com.mindhub.homebanking.HomebankingApplicationTest" time="0.001"/>
  <testcase name="repetition 4017 of 5000" classname="com.mindhub.homebanking.HomebankingApplicationTest" time="0.001"/>
  <testcase name="repetition 4018 of 5000" classname="com.mindhub.homebanking.HomebankingApplicationTest" time="0.001"/>
  <testcase name="repetition 4019 of 5000" classname="com.mindhub.homebanking.HomebankingApplicationTest" time="0.0"/>
  <testcase name="repetition 4020 of 5000" classname="com.mindhub.homebanking.HomebankingApplicationTest" time="0.001"/>
  <testcase name="repetition 4021 of 5000" classname="com.mindhub.homebanking.HomebankingApplicationTest" time="0.001"/>
  <testcase name="repetition 4022 of 5000" classname="com.mindhub.homebanking.HomebankingApplicationTest" time="0.001"/>
  <testcase name="repetition 4023 of 5000" classname="com.mindhub.homebanking.HomebankingApplicationTest" time="0.0"/>
  <testcase name="repetition 4024 of 5000" classname="com.mindhub.homebanking.HomebankingApplicationTest" time="0.001"/>
  <testcase name="repetition 4025 of 5000" classname="com.mindhub.homebanking.HomebankingApplicationTest" time="0.0"/>
  <testcase name="repetition 4026 of 5000" classname="com.mindhub.homebanking.HomebankingApplicationTest" time="0.001"/>
  <testcase name="repetition 4027 of 5000" classname="com.mindhub.homebanking.HomebankingApplicationTest" time="0.001"/>
  <testcase name="repetition 4028 of 5000" classname="com.mindhub.homebanking.HomebankingApplicationTest" time="0.001"/>
  <testcase name="repetition 4029 of 5000" classname="com.mindhub.homebanking.HomebankingApplicationTest" time="0.0"/>
  <testcase name="repetition 4030 of 5000" classname="com.mindhub.homebanking.HomebankingApplicationTest" time="0.0"/>
  <testcase name="repetition 4031 of 5000" classname="com.mindhub.homebanking.HomebankingApplicationTest" time="0.001"/>
  <testcase name="repetition 4032 of 5000" classname="com.mindhub.homebanking.HomebankingApplicationTest" time="0.001"/>
  <testcase name="repetition 4033 of 5000" classname="com.mindhub.homebanking.HomebankingApplicationTest" time="0.0"/>
  <testcase name="repetition 4034 of 5000" classname="com.mindhub.homebanking.HomebankingApplicationTest" time="0.001"/>
  <testcase name="repetition 4035 of 5000" classname="com.mindhub.homebanking.HomebankingApplicationTest" time="0.0"/>
  <testcase name="repetition 4036 of 5000" classname="com.mindhub.homebanking.HomebankingApplicationTest" time="0.0"/>
  <testcase name="repetition 4037 of 5000" classname="com.mindhub.homebanking.HomebankingApplicationTest" time="0.001"/>
  <testcase name="repetition 4038 of 5000" classname="com.mindhub.homebanking.HomebankingApplicationTest" time="0.001"/>
  <testcase name="repetition 4039 of 5000" classname="com.mindhub.homebanking.HomebankingApplicationTest" time="0.001"/>
  <testcase name="repetition 4040 of 5000" classname="com.mindhub.homebanking.HomebankingApplicationTest" time="0.001"/>
  <testcase name="repetition 4041 of 5000" classname="com.mindhub.homebanking.HomebankingApplicationTest" time="0.001"/>
  <testcase name="repetition 4042 of 5000" classname="com.mindhub.homebanking.HomebankingApplicationTest" time="0.001"/>
  <testcase name="repetition 4043 of 5000" classname="com.mindhub.homebanking.HomebankingApplicationTest" time="0.0"/>
  <testcase name="repetition 4044 of 5000" classname="com.mindhub.homebanking.HomebankingApplicationTest" time="0.001"/>
  <testcase name="repetition 4045 of 5000" classname="com.mindhub.homebanking.HomebankingApplicationTest" time="0.001"/>
  <testcase name="repetition 4046 of 5000" classname="com.mindhub.homebanking.HomebankingApplicationTest" time="0.001"/>
  <testcase name="repetition 4047 of 5000" classname="com.mindhub.homebanking.HomebankingApplicationTest" time="0.002"/>
  <testcase name="repetition 4048 of 5000" classname="com.mindhub.homebanking.HomebankingApplicationTest" time="0.002"/>
  <testcase name="repetition 4049 of 5000" classname="com.mindhub.homebanking.HomebankingApplicationTest" time="0.003"/>
  <testcase name="repetition 4050 of 5000" classname="com.mindhub.homebanking.HomebankingApplicationTest" time="0.001"/>
  <testcase name="repetition 4051 of 5000" classname="com.mindhub.homebanking.HomebankingApplicationTest" time="0.0"/>
  <testcase name="repetition 4052 of 5000" classname="com.mindhub.homebanking.HomebankingApplicationTest" time="0.0"/>
  <testcase name="repetition 4053 of 5000" classname="com.mindhub.homebanking.HomebankingApplicationTest" time="0.0"/>
  <testcase name="repetition 4054 of 5000" classname="com.mindhub.homebanking.HomebankingApplicationTest" time="0.0"/>
  <testcase name="repetition 4055 of 5000" classname="com.mindhub.homebanking.HomebankingApplicationTest" time="0.001"/>
  <testcase name="repetition 4056 of 5000" classname="com.mindhub.homebanking.HomebankingApplicationTest" time="0.001"/>
  <testcase name="repetition 4057 of 5000" classname="com.mindhub.homebanking.HomebankingApplicationTest" time="0.001"/>
  <testcase name="repetition 4058 of 5000" classname="com.mindhub.homebanking.HomebankingApplicationTest" time="0.0"/>
  <testcase name="repetition 4059 of 5000" classname="com.mindhub.homebanking.HomebankingApplicationTest" time="0.001"/>
  <testcase name="repetition 4060 of 5000" classname="com.mindhub.homebanking.HomebankingApplicationTest" time="0.0"/>
  <testcase name="repetition 4061 of 5000" classname="com.mindhub.homebanking.HomebankingApplicationTest" time="0.001"/>
  <testcase name="repetition 4062 of 5000" classname="com.mindhub.homebanking.HomebankingApplicationTest" time="0.0"/>
  <testcase name="repetition 4063 of 5000" classname="com.mindhub.homebanking.HomebankingApplicationTest" time="0.001"/>
  <testcase name="repetition 4064 of 5000" classname="com.mindhub.homebanking.HomebankingApplicationTest" time="0.001"/>
  <testcase name="repetition 4065 of 5000" classname="com.mindhub.homebanking.HomebankingApplicationTest" time="0.001"/>
  <testcase name="repetition 4066 of 5000" classname="com.mindhub.homebanking.HomebankingApplicationTest" time="0.0"/>
  <testcase name="repetition 4067 of 5000" classname="com.mindhub.homebanking.HomebankingApplicationTest" time="0.0"/>
  <testcase name="repetition 4068 of 5000" classname="com.mindhub.homebanking.HomebankingApplicationTest" time="0.001"/>
  <testcase name="repetition 4069 of 5000" classname="com.mindhub.homebanking.HomebankingApplicationTest" time="0.0"/>
  <testcase name="repetition 4070 of 5000" classname="com.mindhub.homebanking.HomebankingApplicationTest" time="0.001"/>
  <testcase name="repetition 4071 of 5000" classname="com.mindhub.homebanking.HomebankingApplicationTest" time="0.0"/>
  <testcase name="repetition 4072 of 5000" classname="com.mindhub.homebanking.HomebankingApplicationTest" time="0.001"/>
  <testcase name="repetition 4073 of 5000" classname="com.mindhub.homebanking.HomebankingApplicationTest" time="0.001"/>
  <testcase name="repetition 4074 of 5000" classname="com.mindhub.homebanking.HomebankingApplicationTest" time="0.0"/>
  <testcase name="repetition 4075 of 5000" classname="com.mindhub.homebanking.HomebankingApplicationTest" time="0.001"/>
  <testcase name="repetition 4076 of 5000" classname="com.mindhub.homebanking.HomebankingApplicationTest" time="0.001"/>
  <testcase name="repetition 4077 of 5000" classname="com.mindhub.homebanking.HomebankingApplicationTest" time="0.0"/>
  <testcase name="repetition 4078 of 5000" classname="com.mindhub.homebanking.HomebankingApplicationTest" time="0.0"/>
  <testcase name="repetition 4079 of 5000" classname="com.mindhub.homebanking.HomebankingApplicationTest" time="0.001"/>
  <testcase name="repetition 4080 of 5000" classname="com.mindhub.homebanking.HomebankingApplicationTest" time="0.0"/>
  <testcase name="repetition 4081 of 5000" classname="com.mindhub.homebanking.HomebankingApplicationTest" time="0.001"/>
  <testcase name="repetition 4082 of 5000" classname="com.mindhub.homebanking.HomebankingApplicationTest" time="0.0"/>
  <testcase name="repetition 4083 of 5000" classname="com.mindhub.homebanking.HomebankingApplicationTest" time="0.0"/>
  <testcase name="repetition 4084 of 5000" classname="com.mindhub.homebanking.HomebankingApplicationTest" time="0.001"/>
  <testcase name="repetition 4085 of 5000" classname="com.mindhub.homebanking.HomebankingApplicationTest" time="0.0"/>
  <testcase name="repetition 4086 of 5000" classname="com.mindhub.homebanking.HomebankingApplicationTest" time="0.0"/>
  <testcase name="repetition 4087 of 5000" classname="com.mindhub.homebanking.HomebankingApplicationTest" time="0.001"/>
  <testcase name="repetition 4088 of 5000" classname="com.mindhub.homebanking.HomebankingApplicationTest" time="0.0"/>
  <testcase name="repetition 4089 of 5000" classname="com.mindhub.homebanking.HomebankingApplicationTest" time="0.001"/>
  <testcase name="repetition 4090 of 5000" classname="com.mindhub.homebanking.HomebankingApplicationTest" time="0.001"/>
  <testcase name="repetition 4091 of 5000" classname="com.mindhub.homebanking.HomebankingApplicationTest" time="0.0"/>
  <testcase name="repetition 4092 of 5000" classname="com.mindhub.homebanking.HomebankingApplicationTest" time="0.0"/>
  <testcase name="repetition 4093 of 5000" classname="com.mindhub.homebanking.HomebankingApplicationTest" time="0.001"/>
  <testcase name="repetition 4094 of 5000" classname="com.mindhub.homebanking.HomebankingApplicationTest" time="0.001"/>
  <testcase name="repetition 4095 of 5000" classname="com.mindhub.homebanking.HomebankingApplicationTest" time="0.001"/>
  <testcase name="repetition 4096 of 5000" classname="com.mindhub.homebanking.HomebankingApplicationTest" time="0.0"/>
  <testcase name="repetition 4097 of 5000" classname="com.mindhub.homebanking.HomebankingApplicationTest" time="0.001"/>
  <testcase name="repetition 4098 of 5000" classname="com.mindhub.homebanking.HomebankingApplicationTest" time="0.0"/>
  <testcase name="repetition 4099 of 5000" classname="com.mindhub.homebanking.HomebankingApplicationTest" time="0.001"/>
  <testcase name="repetition 4100 of 5000" classname="com.mindhub.homebanking.HomebankingApplicationTest" time="0.0"/>
  <testcase name="repetition 4101 of 5000" classname="com.mindhub.homebanking.HomebankingApplicationTest" time="0.001"/>
  <testcase name="repetition 4102 of 5000" classname="com.mindhub.homebanking.HomebankingApplicationTest" time="0.0"/>
  <testcase name="repetition 4103 of 5000" classname="com.mindhub.homebanking.HomebankingApplicationTest" time="0.0"/>
  <testcase name="repetition 4104 of 5000" classname="com.mindhub.homebanking.HomebankingApplicationTest" time="0.001"/>
  <testcase name="repetition 4105 of 5000" classname="com.mindhub.homebanking.HomebankingApplicationTest" time="0.0"/>
  <testcase name="repetition 4106 of 5000" classname="com.mindhub.homebanking.HomebankingApplicationTest" time="0.0"/>
  <testcase name="repetition 4107 of 5000" classname="com.mindhub.homebanking.HomebankingApplicationTest" time="0.0"/>
  <testcase name="repetition 4108 of 5000" classname="com.mindhub.homebanking.HomebankingApplicationTest" time="0.0"/>
  <testcase name="repetition 4109 of 5000" classname="com.mindhub.homebanking.HomebankingApplicationTest" time="0.0"/>
  <testcase name="repetition 4110 of 5000" classname="com.mindhub.homebanking.HomebankingApplicationTest" time="0.001"/>
  <testcase name="repetition 4111 of 5000" classname="com.mindhub.homebanking.HomebankingApplicationTest" time="0.0"/>
  <testcase name="repetition 4112 of 5000" classname="com.mindhub.homebanking.HomebankingApplicationTest" time="0.001"/>
  <testcase name="repetition 4113 of 5000" classname="com.mindhub.homebanking.HomebankingApplicationTest" time="0.0"/>
  <testcase name="repetition 4114 of 5000" classname="com.mindhub.homebanking.HomebankingApplicationTest" time="0.001"/>
  <testcase name="repetition 4115 of 5000" classname="com.mindhub.homebanking.HomebankingApplicationTest" time="0.0"/>
  <testcase name="repetition 4116 of 5000" classname="com.mindhub.homebanking.HomebankingApplicationTest" time="0.001"/>
  <testcase name="repetition 4117 of 5000" classname="com.mindhub.homebanking.HomebankingApplicationTest" time="0.0"/>
  <testcase name="repetition 4118 of 5000" classname="com.mindhub.homebanking.HomebankingApplicationTest" time="0.001"/>
  <testcase name="repetition 4119 of 5000" classname="com.mindhub.homebanking.HomebankingApplicationTest" time="0.0"/>
  <testcase name="repetition 4120 of 5000" classname="com.mindhub.homebanking.HomebankingApplicationTest" time="0.001"/>
  <testcase name="repetition 4121 of 5000" classname="com.mindhub.homebanking.HomebankingApplicationTest" time="0.0"/>
  <testcase name="repetition 4122 of 5000" classname="com.mindhub.homebanking.HomebankingApplicationTest" time="0.0"/>
  <testcase name="repetition 4123 of 5000" classname="com.mindhub.homebanking.HomebankingApplicationTest" time="0.001"/>
  <testcase name="repetition 4124 of 5000" classname="com.mindhub.homebanking.HomebankingApplicationTest" time="0.001"/>
  <testcase name="repetition 4125 of 5000" classname="com.mindhub.homebanking.HomebankingApplicationTest" time="0.0"/>
  <testcase name="repetition 4126 of 5000" classname="com.mindhub.homebanking.HomebankingApplicationTest" time="0.001"/>
  <testcase name="repetition 4127 of 5000" classname="com.mindhub.homebanking.HomebankingApplicationTest" time="0.001"/>
  <testcase name="repetition 4128 of 5000" classname="com.mindhub.homebanking.HomebankingApplicationTest" time="0.0"/>
  <testcase name="repetition 4129 of 5000" classname="com.mindhub.homebanking.HomebankingApplicationTest" time="0.0"/>
  <testcase name="repetition 4130 of 5000" classname="com.mindhub.homebanking.HomebankingApplicationTest" time="0.001"/>
  <testcase name="repetition 4131 of 5000" classname="com.mindhub.homebanking.HomebankingApplicationTest" time="0.0"/>
  <testcase name="repetition 4132 of 5000" classname="com.mindhub.homebanking.HomebankingApplicationTest" time="0.0"/>
  <testcase name="repetition 4133 of 5000" classname="com.mindhub.homebanking.HomebankingApplicationTest" time="0.001"/>
  <testcase name="repetition 4134 of 5000" classname="com.mindhub.homebanking.HomebankingApplicationTest" time="0.0"/>
  <testcase name="repetition 4135 of 5000" classname="com.mindhub.homebanking.HomebankingApplicationTest" time="0.001"/>
  <testcase name="repetition 4136 of 5000" classname="com.mindhub.homebanking.HomebankingApplicationTest" time="0.001"/>
  <testcase name="repetition 4137 of 5000" classname="com.mindhub.homebanking.HomebankingApplicationTest" time="0.0"/>
  <testcase name="repetition 4138 of 5000" classname="com.mindhub.homebanking.HomebankingApplicationTest" time="0.0"/>
  <testcase name="repetition 4139 of 5000" classname="com.mindhub.homebanking.HomebankingApplicationTest" time="0.0"/>
  <testcase name="repetition 4140 of 5000" classname="com.mindhub.homebanking.HomebankingApplicationTest" time="0.0"/>
  <testcase name="repetition 4141 of 5000" classname="com.mindhub.homebanking.HomebankingApplicationTest" time="0.001"/>
  <testcase name="repetition 4142 of 5000" classname="com.mindhub.homebanking.HomebankingApplicationTest" time="0.0"/>
  <testcase name="repetition 4143 of 5000" classname="com.mindhub.homebanking.HomebankingApplicationTest" time="0.001"/>
  <testcase name="repetition 4144 of 5000" classname="com.mindhub.homebanking.HomebankingApplicationTest" time="0.001"/>
  <testcase name="repetition 4145 of 5000" classname="com.mindhub.homebanking.HomebankingApplicationTest" time="0.001"/>
  <testcase name="repetition 4146 of 5000" classname="com.mindhub.homebanking.HomebankingApplicationTest" time="0.004"/>
  <testcase name="repetition 4147 of 5000" classname="com.mindhub.homebanking.HomebankingApplicationTest" time="0.001"/>
  <testcase name="repetition 4148 of 5000" classname="com.mindhub.homebanking.HomebankingApplicationTest" time="0.0"/>
  <testcase name="repetition 4149 of 5000" classname="com.mindhub.homebanking.HomebankingApplicationTest" time="0.001"/>
  <testcase name="repetition 4150 of 5000" classname="com.mindhub.homebanking.HomebankingApplicationTest" time="0.0"/>
  <testcase name="repetition 4151 of 5000" classname="com.mindhub.homebanking.HomebankingApplicationTest" time="0.001"/>
  <testcase name="repetition 4152 of 5000" classname="com.mindhub.homebanking.HomebankingApplicationTest" time="0.0"/>
  <testcase name="repetition 4153 of 5000" classname="com.mindhub.homebanking.HomebankingApplicationTest" time="0.001"/>
  <testcase name="repetition 4154 of 5000" classname="com.mindhub.homebanking.HomebankingApplicationTest" time="0.001"/>
  <testcase name="repetition 4155 of 5000" classname="com.mindhub.homebanking.HomebankingApplicationTest" time="0.001"/>
  <testcase name="repetition 4156 of 5000" classname="com.mindhub.homebanking.HomebankingApplicationTest" time="0.0"/>
  <testcase name="repetition 4157 of 5000" classname="com.mindhub.homebanking.HomebankingApplicationTest" time="0.001"/>
  <testcase name="repetition 4158 of 5000" classname="com.mindhub.homebanking.HomebankingApplicationTest" time="0.001"/>
  <testcase name="repetition 4159 of 5000" classname="com.mindhub.homebanking.HomebankingApplicationTest" time="0.0"/>
  <testcase name="repetition 4160 of 5000" classname="com.mindhub.homebanking.HomebankingApplicationTest" time="0.001"/>
  <testcase name="repetition 4161 of 5000" classname="com.mindhub.homebanking.HomebankingApplicationTest" time="0.0"/>
  <testcase name="repetition 4162 of 5000" classname="com.mindhub.homebanking.HomebankingApplicationTest" time="0.001"/>
  <testcase name="repetition 4163 of 5000" classname="com.mindhub.homebanking.HomebankingApplicationTest" time="0.001"/>
  <testcase name="repetition 4164 of 5000" classname="com.mindhub.homebanking.HomebankingApplicationTest" time="0.0"/>
  <testcase name="repetition 4165 of 5000" classname="com.mindhub.homebanking.HomebankingApplicationTest" time="0.001"/>
  <testcase name="repetition 4166 of 5000" classname="com.mindhub.homebanking.HomebankingApplicationTest" time="0.0"/>
  <testcase name="repetition 4167 of 5000" classname="com.mindhub.homebanking.HomebankingApplicationTest" time="0.0"/>
  <testcase name="repetition 4168 of 5000" classname="com.mindhub.homebanking.HomebankingApplicationTest" time="0.0"/>
  <testcase name="repetition 4169 of 5000" classname="com.mindhub.homebanking.HomebankingApplicationTest" time="0.001"/>
  <testcase name="repetition 4170 of 5000" classname="com.mindhub.homebanking.HomebankingApplicationTest" time="0.001"/>
  <testcase name="repetition 4171 of 5000" classname="com.mindhub.homebanking.HomebankingApplicationTest" time="0.001"/>
  <testcase name="repetition 4172 of 5000" classname="com.mindhub.homebanking.HomebankingApplicationTest" time="0.0"/>
  <testcase name="repetition 4173 of 5000" classname="com.mindhub.homebanking.HomebankingApplicationTest" time="0.0"/>
  <testcase name="repetition 4174 of 5000" classname="com.mindhub.homebanking.HomebankingApplicationTest" time="0.0"/>
  <testcase name="repetition 4175 of 5000" classname="com.mindhub.homebanking.HomebankingApplicationTest" time="0.001"/>
  <testcase name="repetition 4176 of 5000" classname="com.mindhub.homebanking.HomebankingApplicationTest" time="0.001"/>
  <testcase name="repetition 4177 of 5000" classname="com.mindhub.homebanking.HomebankingApplicationTest" time="0.0"/>
  <testcase name="repetition 4178 of 5000" classname="com.mindhub.homebanking.HomebankingApplicationTest" time="0.001"/>
  <testcase name="repetition 4179 of 5000" classname="com.mindhub.homebanking.HomebankingApplicationTest" time="0.0"/>
  <testcase name="repetition 4180 of 5000" classname="com.mindhub.homebanking.HomebankingApplicationTest" time="0.001"/>
  <testcase name="repetition 4181 of 5000" classname="com.mindhub.homebanking.HomebankingApplicationTest" time="0.001"/>
  <testcase name="repetition 4182 of 5000" classname="com.mindhub.homebanking.HomebankingApplicationTest" time="0.001"/>
  <testcase name="repetition 4183 of 5000" classname="com.mindhub.homebanking.HomebankingApplicationTest" time="0.0"/>
  <testcase name="repetition 4184 of 5000" classname="com.mindhub.homebanking.HomebankingApplicationTest" time="0.001"/>
  <testcase name="repetition 4185 of 5000" classname="com.mindhub.homebanking.HomebankingApplicationTest" time="0.001"/>
  <testcase name="repetition 4186 of 5000" classname="com.mindhub.homebanking.HomebankingApplicationTest" time="0.0"/>
  <testcase name="repetition 4187 of 5000" classname="com.mindhub.homebanking.HomebankingApplicationTest" time="0.001"/>
  <testcase name="repetition 4188 of 5000" classname="com.mindhub.homebanking.HomebankingApplicationTest" time="0.001"/>
  <testcase name="repetition 4189 of 5000" classname="com.mindhub.homebanking.HomebankingApplicationTest" time="0.001"/>
  <testcase name="repetition 4190 of 5000" classname="com.mindhub.homebanking.HomebankingApplicationTest" time="0.001"/>
  <testcase name="repetition 4191 of 5000" classname="com.mindhub.homebanking.HomebankingApplicationTest" time="0.001"/>
  <testcase name="repetition 4192 of 5000" classname="com.mindhub.homebanking.HomebankingApplicationTest" time="0.001"/>
  <testcase name="repetition 4193 of 5000" classname="com.mindhub.homebanking.HomebankingApplicationTest" time="0.001"/>
  <testcase name="repetition 4194 of 5000" classname="com.mindhub.homebanking.HomebankingApplicationTest" time="0.0"/>
  <testcase name="repetition 4195 of 5000" classname="com.mindhub.homebanking.HomebankingApplicationTest" time="0.001"/>
  <testcase name="repetition 4196 of 5000" classname="com.mindhub.homebanking.HomebankingApplicationTest" time="0.001"/>
  <testcase name="repetition 4197 of 5000" classname="com.mindhub.homebanking.HomebankingApplicationTest" time="0.0"/>
  <testcase name="repetition 4198 of 5000" classname="com.mindhub.homebanking.HomebankingApplicationTest" time="0.0"/>
  <testcase name="repetition 4199 of 5000" classname="com.mindhub.homebanking.HomebankingApplicationTest" time="0.0"/>
  <testcase name="repetition 4200 of 5000" classname="com.mindhub.homebanking.HomebankingApplicationTest" time="0.0"/>
  <testcase name="repetition 4201 of 5000" classname="com.mindhub.homebanking.HomebankingApplicationTest" time="0.0"/>
  <testcase name="repetition 4202 of 5000" classname="com.mindhub.homebanking.HomebankingApplicationTest" time="0.001"/>
  <testcase name="repetition 4203 of 5000" classname="com.mindhub.homebanking.HomebankingApplicationTest" time="0.0"/>
  <testcase name="repetition 4204 of 5000" classname="com.mindhub.homebanking.HomebankingApplicationTest" time="0.001"/>
  <testcase name="repetition 4205 of 5000" classname="com.mindhub.homebanking.HomebankingApplicationTest" time="0.0"/>
  <testcase name="repetition 4206 of 5000" classname="com.mindhub.homebanking.HomebankingApplicationTest" time="0.001"/>
  <testcase name="repetition 4207 of 5000" classname="com.mindhub.homebanking.HomebankingApplicationTest" time="0.0"/>
  <testcase name="repetition 4208 of 5000" classname="com.mindhub.homebanking.HomebankingApplicationTest" time="0.001"/>
  <testcase name="repetition 4209 of 5000" classname="com.mindhub.homebanking.HomebankingApplicationTest" time="0.001"/>
  <testcase name="repetition 4210 of 5000" classname="com.mindhub.homebanking.HomebankingApplicationTest" time="0.001"/>
  <testcase name="repetition 4211 of 5000" classname="com.mindhub.homebanking.HomebankingApplicationTest" time="0.001"/>
  <testcase name="repetition 4212 of 5000" classname="com.mindhub.homebanking.HomebankingApplicationTest" time="0.0"/>
  <testcase name="repetition 4213 of 5000" classname="com.mindhub.homebanking.HomebankingApplicationTest" time="0.001"/>
  <testcase name="repetition 4214 of 5000" classname="com.mindhub.homebanking.HomebankingApplicationTest" time="0.001"/>
  <testcase name="repetition 4215 of 5000" classname="com.mindhub.homebanking.HomebankingApplicationTest" time="0.0"/>
  <testcase name="repetition 4216 of 5000" classname="com.mindhub.homebanking.HomebankingApplicationTest" time="0.001"/>
  <testcase name="repetition 4217 of 5000" classname="com.mindhub.homebanking.HomebankingApplicationTest" time="0.0"/>
  <testcase name="repetition 4218 of 5000" classname="com.mindhub.homebanking.HomebankingApplicationTest" time="0.0"/>
  <testcase name="repetition 4219 of 5000" classname="com.mindhub.homebanking.HomebankingApplicationTest" time="0.001"/>
  <testcase name="repetition 4220 of 5000" classname="com.mindhub.homebanking.HomebankingApplicationTest" time="0.0"/>
  <testcase name="repetition 4221 of 5000" classname="com.mindhub.homebanking.HomebankingApplicationTest" time="0.001"/>
  <testcase name="repetition 4222 of 5000" classname="com.mindhub.homebanking.HomebankingApplicationTest" time="0.001"/>
  <testcase name="repetition 4223 of 5000" classname="com.mindhub.homebanking.HomebankingApplicationTest" time="0.0"/>
  <testcase name="repetition 4224 of 5000" classname="com.mindhub.homebanking.HomebankingApplicationTest" time="0.001"/>
  <testcase name="repetition 4225 of 5000" classname="com.mindhub.homebanking.HomebankingApplicationTest" time="0.0"/>
  <testcase name="repetition 4226 of 5000" classname="com.mindhub.homebanking.HomebankingApplicationTest" time="0.001"/>
  <testcase name="repetition 4227 of 5000" classname="com.mindhub.homebanking.HomebankingApplicationTest" time="0.0"/>
  <testcase name="repetition 4228 of 5000" classname="com.mindhub.homebanking.HomebankingApplicationTest" time="0.001"/>
  <testcase name="repetition 4229 of 5000" classname="com.mindhub.homebanking.HomebankingApplicationTest" time="0.001"/>
  <testcase name="repetition 4230 of 5000" classname="com.mindhub.homebanking.HomebankingApplicationTest" time="0.001"/>
  <testcase name="repetition 4231 of 5000" classname="com.mindhub.homebanking.HomebankingApplicationTest" time="0.001"/>
  <testcase name="repetition 4232 of 5000" classname="com.mindhub.homebanking.HomebankingApplicationTest" time="0.002"/>
  <testcase name="repetition 4233 of 5000" classname="com.mindhub.homebanking.HomebankingApplicationTest" time="0.001"/>
  <testcase name="repetition 4234 of 5000" classname="com.mindhub.homebanking.HomebankingApplicationTest" time="0.001"/>
  <testcase name="repetition 4235 of 5000" classname="com.mindhub.homebanking.HomebankingApplicationTest" time="0.001"/>
  <testcase name="repetition 4236 of 5000" classname="com.mindhub.homebanking.HomebankingApplicationTest" time="0.001"/>
  <testcase name="repetition 4237 of 5000" classname="com.mindhub.homebanking.HomebankingApplicationTest" time="0.0"/>
  <testcase name="repetition 4238 of 5000" classname="com.mindhub.homebanking.HomebankingApplicationTest" time="0.001"/>
  <testcase name="repetition 4239 of 5000" classname="com.mindhub.homebanking.HomebankingApplicationTest" time="0.001"/>
  <testcase name="repetition 4240 of 5000" classname="com.mindhub.homebanking.HomebankingApplicationTest" time="0.0"/>
  <testcase name="repetition 4241 of 5000" classname="com.mindhub.homebanking.HomebankingApplicationTest" time="0.001"/>
  <testcase name="repetition 4242 of 5000" classname="com.mindhub.homebanking.HomebankingApplicationTest" time="0.0"/>
  <testcase name="repetition 4243 of 5000" classname="com.mindhub.homebanking.HomebankingApplicationTest" time="0.001"/>
  <testcase name="repetition 4244 of 5000" classname="com.mindhub.homebanking.HomebankingApplicationTest" time="0.0"/>
  <testcase name="repetition 4245 of 5000" classname="com.mindhub.homebanking.HomebankingApplicationTest" time="0.001"/>
  <testcase name="repetition 4246 of 5000" classname="com.mindhub.homebanking.HomebankingApplicationTest" time="0.001"/>
  <testcase name="repetition 4247 of 5000" classname="com.mindhub.homebanking.HomebankingApplicationTest" time="0.0"/>
  <testcase name="repetition 4248 of 5000" classname="com.mindhub.homebanking.HomebankingApplicationTest" time="0.001"/>
  <testcase name="repetition 4249 of 5000" classname="com.mindhub.homebanking.HomebankingApplicationTest" time="0.0"/>
  <testcase name="repetition 4250 of 5000" classname="com.mindhub.homebanking.HomebankingApplicationTest" time="0.001"/>
  <testcase name="repetition 4251 of 5000" classname="com.mindhub.homebanking.HomebankingApplicationTest" time="0.001"/>
  <testcase name="repetition 4252 of 5000" classname="com.mindhub.homebanking.HomebankingApplicationTest" time="0.0"/>
  <testcase name="repetition 4253 of 5000" classname="com.mindhub.homebanking.HomebankingApplicationTest" time="0.001"/>
  <testcase name="repetition 4254 of 5000" classname="com.mindhub.homebanking.HomebankingApplicationTest" time="0.0"/>
  <testcase name="repetition 4255 of 5000" classname="com.mindhub.homebanking.HomebankingApplicationTest" time="0.001"/>
  <testcase name="repetition 4256 of 5000" classname="com.mindhub.homebanking.HomebankingApplicationTest" time="0.001"/>
  <testcase name="repetition 4257 of 5000" classname="com.mindhub.homebanking.HomebankingApplicationTest" time="0.0"/>
  <testcase name="repetition 4258 of 5000" classname="com.mindhub.homebanking.HomebankingApplicationTest" time="0.001"/>
  <testcase name="repetition 4259 of 5000" classname="com.mindhub.homebanking.HomebankingApplicationTest" time="0.001"/>
  <testcase name="repetition 4260 of 5000" classname="com.mindhub.homebanking.HomebankingApplicationTest" time="0.0"/>
  <testcase name="repetition 4261 of 5000" classname="com.mindhub.homebanking.HomebankingApplicationTest" time="0.001"/>
  <testcase name="repetition 4262 of 5000" classname="com.mindhub.homebanking.HomebankingApplicationTest" time="0.0"/>
  <testcase name="repetition 4263 of 5000" classname="com.mindhub.homebanking.HomebankingApplicationTest" time="0.0"/>
  <testcase name="repetition 4264 of 5000" classname="com.mindhub.homebanking.HomebankingApplicationTest" time="0.001"/>
  <testcase name="repetition 4265 of 5000" classname="com.mindhub.homebanking.HomebankingApplicationTest" time="0.0"/>
  <testcase name="repetition 4266 of 5000" classname="com.mindhub.homebanking.HomebankingApplicationTest" time="0.001"/>
  <testcase name="repetition 4267 of 5000" classname="com.mindhub.homebanking.HomebankingApplicationTest" time="0.0"/>
  <testcase name="repetition 4268 of 5000" classname="com.mindhub.homebanking.HomebankingApplicationTest" time="0.001"/>
  <testcase name="repetition 4269 of 5000" classname="com.mindhub.homebanking.HomebankingApplicationTest" time="0.0"/>
  <testcase name="repetition 4270 of 5000" classname="com.mindhub.homebanking.HomebankingApplicationTest" time="0.001"/>
  <testcase name="repetition 4271 of 5000" classname="com.mindhub.homebanking.HomebankingApplicationTest" time="0.001"/>
  <testcase name="repetition 4272 of 5000" classname="com.mindhub.homebanking.HomebankingApplicationTest" time="0.001"/>
  <testcase name="repetition 4273 of 5000" classname="com.mindhub.homebanking.HomebankingApplicationTest" time="0.0"/>
  <testcase name="repetition 4274 of 5000" classname="com.mindhub.homebanking.HomebankingApplicationTest" time="0.001"/>
  <testcase name="repetition 4275 of 5000" classname="com.mindhub.homebanking.HomebankingApplicationTest" time="0.0"/>
  <testcase name="repetition 4276 of 5000" classname="com.mindhub.homebanking.HomebankingApplicationTest" time="0.001"/>
  <testcase name="repetition 4277 of 5000" classname="com.mindhub.homebanking.HomebankingApplicationTest" time="0.0"/>
  <testcase name="repetition 4278 of 5000" classname="com.mindhub.homebanking.HomebankingApplicationTest" time="0.001"/>
  <testcase name="repetition 4279 of 5000" classname="com.mindhub.homebanking.HomebankingApplicationTest" time="0.0"/>
  <testcase name="repetition 4280 of 5000" classname="com.mindhub.homebanking.HomebankingApplicationTest" time="0.001"/>
  <testcase name="repetition 4281 of 5000" classname="com.mindhub.homebanking.HomebankingApplicationTest" time="0.001"/>
  <testcase name="repetition 4282 of 5000" classname="com.mindhub.homebanking.HomebankingApplicationTest" time="0.001"/>
  <testcase name="repetition 4283 of 5000" classname="com.mindhub.homebanking.HomebankingApplicationTest" time="0.0"/>
  <testcase name="repetition 4284 of 5000" classname="com.mindhub.homebanking.HomebankingApplicationTest" time="0.001"/>
  <testcase name="repetition 4285 of 5000" classname="com.mindhub.homebanking.HomebankingApplicationTest" time="0.001"/>
  <testcase name="repetition 4286 of 5000" classname="com.mindhub.homebanking.HomebankingApplicationTest" time="0.001"/>
  <testcase name="repetition 4287 of 5000" classname="com.mindhub.homebanking.HomebankingApplicationTest" time="0.001"/>
  <testcase name="repetition 4288 of 5000" classname="com.mindhub.homebanking.HomebankingApplicationTest" time="0.001"/>
  <testcase name="repetition 4289 of 5000" classname="com.mindhub.homebanking.HomebankingApplicationTest" time="0.001"/>
  <testcase name="repetition 4290 of 5000" classname="com.mindhub.homebanking.HomebankingApplicationTest" time="0.0"/>
  <testcase name="repetition 4291 of 5000" classname="com.mindhub.homebanking.HomebankingApplicationTest" time="0.001"/>
  <testcase name="repetition 4292 of 5000" classname="com.mindhub.homebanking.HomebankingApplicationTest" time="0.0"/>
  <testcase name="repetition 4293 of 5000" classname="com.mindhub.homebanking.HomebankingApplicationTest" time="0.0"/>
  <testcase name="repetition 4294 of 5000" classname="com.mindhub.homebanking.HomebankingApplicationTest" time="0.001"/>
  <testcase name="repetition 4295 of 5000" classname="com.mindhub.homebanking.HomebankingApplicationTest" time="0.0"/>
  <testcase name="repetition 4296 of 5000" classname="com.mindhub.homebanking.HomebankingApplicationTest" time="0.001"/>
  <testcase name="repetition 4297 of 5000" classname="com.mindhub.homebanking.HomebankingApplicationTest" time="0.001"/>
  <testcase name="repetition 4298 of 5000" classname="com.mindhub.homebanking.HomebankingApplicationTest" time="0.0"/>
  <testcase name="repetition 4299 of 5000" classname="com.mindhub.homebanking.HomebankingApplicationTest" time="0.001"/>
  <testcase name="repetition 4300 of 5000" classname="com.mindhub.homebanking.HomebankingApplicationTest" time="0.0"/>
  <testcase name="repetition 4301 of 5000" classname="com.mindhub.homebanking.HomebankingApplicationTest" time="0.001"/>
  <testcase name="repetition 4302 of 5000" classname="com.mindhub.homebanking.HomebankingApplicationTest" time="0.0"/>
  <testcase name="repetition 4303 of 5000" classname="com.mindhub.homebanking.HomebankingApplicationTest" time="0.001"/>
  <testcase name="repetition 4304 of 5000" classname="com.mindhub.homebanking.HomebankingApplicationTest" time="0.001"/>
  <testcase name="repetition 4305 of 5000" classname="com.mindhub.homebanking.HomebankingApplicationTest" time="0.0"/>
  <testcase name="repetition 4306 of 5000" classname="com.mindhub.homebanking.HomebankingApplicationTest" time="0.001"/>
  <testcase name="repetition 4307 of 5000" classname="com.mindhub.homebanking.HomebankingApplicationTest" time="0.001"/>
  <testcase name="repetition 4308 of 5000" classname="com.mindhub.homebanking.HomebankingApplicationTest" time="0.0"/>
  <testcase name="repetition 4309 of 5000" classname="com.mindhub.homebanking.HomebankingApplicationTest" time="0.001"/>
  <testcase name="repetition 4310 of 5000" classname="com.mindhub.homebanking.HomebankingApplicationTest" time="0.0"/>
  <testcase name="repetition 4311 of 5000" classname="com.mindhub.homebanking.HomebankingApplicationTest" time="0.001"/>
  <testcase name="repetition 4312 of 5000" classname="com.mindhub.homebanking.HomebankingApplicationTest" time="0.0"/>
  <testcase name="repetition 4313 of 5000" classname="com.mindhub.homebanking.HomebankingApplicationTest" time="0.001"/>
  <testcase name="repetition 4314 of 5000" classname="com.mindhub.homebanking.HomebankingApplicationTest" time="0.001"/>
  <testcase name="repetition 4315 of 5000" classname="com.mindhub.homebanking.HomebankingApplicationTest" time="0.0"/>
  <testcase name="repetition 4316 of 5000" classname="com.mindhub.homebanking.HomebankingApplicationTest" time="0.001"/>
  <testcase name="repetition 4317 of 5000" classname="com.mindhub.homebanking.HomebankingApplicationTest" time="0.001"/>
  <testcase name="repetition 4318 of 5000" classname="com.mindhub.homebanking.HomebankingApplicationTest" time="0.0"/>
  <testcase name="repetition 4319 of 5000" classname="com.mindhub.homebanking.HomebankingApplicationTest" time="0.001"/>
  <testcase name="repetition 4320 of 5000" classname="com.mindhub.homebanking.HomebankingApplicationTest" time="0.0"/>
  <testcase name="repetition 4321 of 5000" classname="com.mindhub.homebanking.HomebankingApplicationTest" time="0.001"/>
  <testcase name="repetition 4322 of 5000" classname="com.mindhub.homebanking.HomebankingApplicationTest" time="0.001"/>
  <testcase name="repetition 4323 of 5000" classname="com.mindhub.homebanking.HomebankingApplicationTest" time="0.0"/>
  <testcase name="repetition 4324 of 5000" classname="com.mindhub.homebanking.HomebankingApplicationTest" time="0.001"/>
  <testcase name="repetition 4325 of 5000" classname="com.mindhub.homebanking.HomebankingApplicationTest" time="0.0"/>
  <testcase name="repetition 4326 of 5000" classname="com.mindhub.homebanking.HomebankingApplicationTest" time="0.0"/>
  <testcase name="repetition 4327 of 5000" classname="com.mindhub.homebanking.HomebankingApplicationTest" time="0.001"/>
  <testcase name="repetition 4328 of 5000" classname="com.mindhub.homebanking.HomebankingApplicationTest" time="0.001"/>
  <testcase name="repetition 4329 of 5000" classname="com.mindhub.homebanking.HomebankingApplicationTest" time="0.001"/>
  <testcase name="repetition 4330 of 5000" classname="com.mindhub.homebanking.HomebankingApplicationTest" time="0.0"/>
  <testcase name="repetition 4331 of 5000" classname="com.mindhub.homebanking.HomebankingApplicationTest" time="0.001"/>
  <testcase name="repetition 4332 of 5000" classname="com.mindhub.homebanking.HomebankingApplicationTest" time="0.0"/>
  <testcase name="repetition 4333 of 5000" classname="com.mindhub.homebanking.HomebankingApplicationTest" time="0.001"/>
  <testcase name="repetition 4334 of 5000" classname="com.mindhub.homebanking.HomebankingApplicationTest" time="0.001"/>
  <testcase name="repetition 4335 of 5000" classname="com.mindhub.homebanking.HomebankingApplicationTest" time="0.0"/>
  <testcase name="repetition 4336 of 5000" classname="com.mindhub.homebanking.HomebankingApplicationTest" time="0.001"/>
  <testcase name="repetition 4337 of 5000" classname="com.mindhub.homebanking.HomebankingApplicationTest" time="0.001"/>
  <testcase name="repetition 4338 of 5000" classname="com.mindhub.homebanking.HomebankingApplicationTest" time="0.001"/>
  <testcase name="repetition 4339 of 5000" classname="com.mindhub.homebanking.HomebankingApplicationTest" time="0.001"/>
  <testcase name="repetition 4340 of 5000" classname="com.mindhub.homebanking.HomebankingApplicationTest" time="0.001"/>
  <testcase name="repetition 4341 of 5000" classname="com.mindhub.homebanking.HomebankingApplicationTest" time="0.001"/>
  <testcase name="repetition 4342 of 5000" classname="com.mindhub.homebanking.HomebankingApplicationTest" time="0.0"/>
  <testcase name="repetition 4343 of 5000" classname="com.mindhub.homebanking.HomebankingApplicationTest" time="0.001"/>
  <testcase name="repetition 4344 of 5000" classname="com.mindhub.homebanking.HomebankingApplicationTest" time="0.001"/>
  <testcase name="repetition 4345 of 5000" classname="com.mindhub.homebanking.HomebankingApplicationTest" time="0.001"/>
  <testcase name="repetition 4346 of 5000" classname="com.mindhub.homebanking.HomebankingApplicationTest" time="0.0"/>
  <testcase name="repetition 4347 of 5000" classname="com.mindhub.homebanking.HomebankingApplicationTest" time="0.0"/>
  <testcase name="repetition 4348 of 5000" classname="com.mindhub.homebanking.HomebankingApplicationTest" time="0.001"/>
  <testcase name="repetition 4349 of 5000" classname="com.mindhub.homebanking.HomebankingApplicationTest" time="0.0"/>
  <testcase name="repetition 4350 of 5000" classname="com.mindhub.homebanking.HomebankingApplicationTest" time="0.001"/>
  <testcase name="repetition 4351 of 5000" classname="com.mindhub.homebanking.HomebankingApplicationTest" time="0.001"/>
  <testcase name="repetition 4352 of 5000" classname="com.mindhub.homebanking.HomebankingApplicationTest" time="0.0"/>
  <testcase name="repetition 4353 of 5000" classname="com.mindhub.homebanking.HomebankingApplicationTest" time="0.001"/>
  <testcase name="repetition 4354 of 5000" classname="com.mindhub.homebanking.HomebankingApplicationTest" time="0.0"/>
  <testcase name="repetition 4355 of 5000" classname="com.mindhub.homebanking.HomebankingApplicationTest" time="0.0"/>
  <testcase name="repetition 4356 of 5000" classname="com.mindhub.homebanking.HomebankingApplicationTest" time="0.0"/>
  <testcase name="repetition 4357 of 5000" classname="com.mindhub.homebanking.HomebankingApplicationTest" time="0.001"/>
  <testcase name="repetition 4358 of 5000" classname="com.mindhub.homebanking.HomebankingApplicationTest" time="0.001"/>
  <testcase name="repetition 4359 of 5000" classname="com.mindhub.homebanking.HomebankingApplicationTest" time="0.0"/>
  <testcase name="repetition 4360 of 5000" classname="com.mindhub.homebanking.HomebankingApplicationTest" time="0.0"/>
  <testcase name="repetition 4361 of 5000" classname="com.mindhub.homebanking.HomebankingApplicationTest" time="0.001"/>
  <testcase name="repetition 4362 of 5000" classname="com.mindhub.homebanking.HomebankingApplicationTest" time="0.001"/>
  <testcase name="repetition 4363 of 5000" classname="com.mindhub.homebanking.HomebankingApplicationTest" time="0.0"/>
  <testcase name="repetition 4364 of 5000" classname="com.mindhub.homebanking.HomebankingApplicationTest" time="0.0"/>
  <testcase name="repetition 4365 of 5000" classname="com.mindhub.homebanking.HomebankingApplicationTest" time="0.001"/>
  <testcase name="repetition 4366 of 5000" classname="com.mindhub.homebanking.HomebankingApplicationTest" time="0.0"/>
  <testcase name="repetition 4367 of 5000" classname="com.mindhub.homebanking.HomebankingApplicationTest" time="0.001"/>
  <testcase name="repetition 4368 of 5000" classname="com.mindhub.homebanking.HomebankingApplicationTest" time="0.0"/>
  <testcase name="repetition 4369 of 5000" classname="com.mindhub.homebanking.HomebankingApplicationTest" time="0.0"/>
  <testcase name="repetition 4370 of 5000" classname="com.mindhub.homebanking.HomebankingApplicationTest" time="0.001"/>
  <testcase name="repetition 4371 of 5000" classname="com.mindhub.homebanking.HomebankingApplicationTest" time="0.0"/>
  <testcase name="repetition 4372 of 5000" classname="com.mindhub.homebanking.HomebankingApplicationTest" time="0.001"/>
  <testcase name="repetition 4373 of 5000" classname="com.mindhub.homebanking.HomebankingApplicationTest" time="0.001"/>
  <testcase name="repetition 4374 of 5000" classname="com.mindhub.homebanking.HomebankingApplicationTest" time="0.001"/>
  <testcase name="repetition 4375 of 5000" classname="com.mindhub.homebanking.HomebankingApplicationTest" time="0.002"/>
  <testcase name="repetition 4376 of 5000" classname="com.mindhub.homebanking.HomebankingApplicationTest" time="0.001"/>
  <testcase name="repetition 4377 of 5000" classname="com.mindhub.homebanking.HomebankingApplicationTest" time="0.001"/>
  <testcase name="repetition 4378 of 5000" classname="com.mindhub.homebanking.HomebankingApplicationTest" time="0.001"/>
  <testcase name="repetition 4379 of 5000" classname="com.mindhub.homebanking.HomebankingApplicationTest" time="0.001"/>
  <testcase name="repetition 4380 of 5000" classname="com.mindhub.homebanking.HomebankingApplicationTest" time="0.0"/>
  <testcase name="repetition 4381 of 5000" classname="com.mindhub.homebanking.HomebankingApplicationTest" time="0.001"/>
  <testcase name="repetition 4382 of 5000" classname="com.mindhub.homebanking.HomebankingApplicationTest" time="0.0"/>
  <testcase name="repetition 4383 of 5000" classname="com.mindhub.homebanking.HomebankingApplicationTest" time="0.001"/>
  <testcase name="repetition 4384 of 5000" classname="com.mindhub.homebanking.HomebankingApplicationTest" time="0.0"/>
  <testcase name="repetition 4385 of 5000" classname="com.mindhub.homebanking.HomebankingApplicationTest" time="0.001"/>
  <testcase name="repetition 4386 of 5000" classname="com.mindhub.homebanking.HomebankingApplicationTest" time="0.001"/>
  <testcase name="repetition 4387 of 5000" classname="com.mindhub.homebanking.HomebankingApplicationTest" time="0.001"/>
  <testcase name="repetition 4388 of 5000" classname="com.mindhub.homebanking.HomebankingApplicationTest" time="0.0"/>
  <testcase name="repetition 4389 of 5000" classname="com.mindhub.homebanking.HomebankingApplicationTest" time="0.001"/>
  <testcase name="repetition 4390 of 5000" classname="com.mindhub.homebanking.HomebankingApplicationTest" time="0.001"/>
  <testcase name="repetition 4391 of 5000" classname="com.mindhub.homebanking.HomebankingApplicationTest" time="0.0"/>
  <testcase name="repetition 4392 of 5000" classname="com.mindhub.homebanking.HomebankingApplicationTest" time="0.0"/>
  <testcase name="repetition 4393 of 5000" classname="com.mindhub.homebanking.HomebankingApplicationTest" time="0.0"/>
  <testcase name="repetition 4394 of 5000" classname="com.mindhub.homebanking.HomebankingApplicationTest" time="0.001"/>
  <testcase name="repetition 4395 of 5000" classname="com.mindhub.homebanking.HomebankingApplicationTest" time="0.0"/>
  <testcase name="repetition 4396 of 5000" classname="com.mindhub.homebanking.HomebankingApplicationTest" time="0.001"/>
  <testcase name="repetition 4397 of 5000" classname="com.mindhub.homebanking.HomebankingApplicationTest" time="0.001"/>
  <testcase name="repetition 4398 of 5000" classname="com.mindhub.homebanking.HomebankingApplicationTest" time="0.0"/>
  <testcase name="repetition 4399 of 5000" classname="com.mindhub.homebanking.HomebankingApplicationTest" time="0.001"/>
  <testcase name="repetition 4400 of 5000" classname="com.mindhub.homebanking.HomebankingApplicationTest" time="0.001"/>
  <testcase name="repetition 4401 of 5000" classname="com.mindhub.homebanking.HomebankingApplicationTest" time="0.0"/>
  <testcase name="repetition 4402 of 5000" classname="com.mindhub.homebanking.HomebankingApplicationTest" time="0.001"/>
  <testcase name="repetition 4403 of 5000" classname="com.mindhub.homebanking.HomebankingApplicationTest" time="0.001"/>
  <testcase name="repetition 4404 of 5000" classname="com.mindhub.homebanking.HomebankingApplicationTest" time="0.0"/>
  <testcase name="repetition 4405 of 5000" classname="com.mindhub.homebanking.HomebankingApplicationTest" time="0.001"/>
  <testcase name="repetition 4406 of 5000" classname="com.mindhub.homebanking.HomebankingApplicationTest" time="0.001"/>
  <testcase name="repetition 4407 of 5000" classname="com.mindhub.homebanking.HomebankingApplicationTest" time="0.001"/>
  <testcase name="repetition 4408 of 5000" classname="com.mindhub.homebanking.HomebankingApplicationTest" time="0.001"/>
  <testcase name="repetition 4409 of 5000" classname="com.mindhub.homebanking.HomebankingApplicationTest" time="0.0"/>
  <testcase name="repetition 4410 of 5000" classname="com.mindhub.homebanking.HomebankingApplicationTest" time="0.001"/>
  <testcase name="repetition 4411 of 5000" classname="com.mindhub.homebanking.HomebankingApplicationTest" time="0.001"/>
  <testcase name="repetition 4412 of 5000" classname="com.mindhub.homebanking.HomebankingApplicationTest" time="0.001"/>
  <testcase name="repetition 4413 of 5000" classname="com.mindhub.homebanking.HomebankingApplicationTest" time="0.001"/>
  <testcase name="repetition 4414 of 5000" classname="com.mindhub.homebanking.HomebankingApplicationTest" time="0.001"/>
  <testcase name="repetition 4415 of 5000" classname="com.mindhub.homebanking.HomebankingApplicationTest" time="0.001"/>
  <testcase name="repetition 4416 of 5000" classname="com.mindhub.homebanking.HomebankingApplicationTest" time="0.0"/>
  <testcase name="repetition 4417 of 5000" classname="com.mindhub.homebanking.HomebankingApplicationTest" time="0.001"/>
  <testcase name="repetition 4418 of 5000" classname="com.mindhub.homebanking.HomebankingApplicationTest" time="0.001"/>
  <testcase name="repetition 4419 of 5000" classname="com.mindhub.homebanking.HomebankingApplicationTest" time="0.001"/>
  <testcase name="repetition 4420 of 5000" classname="com.mindhub.homebanking.HomebankingApplicationTest" time="0.001"/>
  <testcase name="repetition 4421 of 5000" classname="com.mindhub.homebanking.HomebankingApplicationTest" time="0.0"/>
  <testcase name="repetition 4422 of 5000" classname="com.mindhub.homebanking.HomebankingApplicationTest" time="0.001"/>
  <testcase name="repetition 4423 of 5000" classname="com.mindhub.homebanking.HomebankingApplicationTest" time="0.0"/>
  <testcase name="repetition 4424 of 5000" classname="com.mindhub.homebanking.HomebankingApplicationTest" time="0.001"/>
  <testcase name="repetition 4425 of 5000" classname="com.mindhub.homebanking.HomebankingApplicationTest" time="0.0"/>
  <testcase name="repetition 4426 of 5000" classname="com.mindhub.homebanking.HomebankingApplicationTest" time="0.0"/>
  <testcase name="repetition 4427 of 5000" classname="com.mindhub.homebanking.HomebankingApplicationTest" time="0.001"/>
  <testcase name="repetition 4428 of 5000" classname="com.mindhub.homebanking.HomebankingApplicationTest" time="0.001"/>
  <testcase name="repetition 4429 of 5000" classname="com.mindhub.homebanking.HomebankingApplicationTest" time="0.0"/>
  <testcase name="repetition 4430 of 5000" classname="com.mindhub.homebanking.HomebankingApplicationTest" time="0.001"/>
  <testcase name="repetition 4431 of 5000" classname="com.mindhub.homebanking.HomebankingApplicationTest" time="0.0"/>
  <testcase name="repetition 4432 of 5000" classname="com.mindhub.homebanking.HomebankingApplicationTest" time="0.001"/>
  <testcase name="repetition 4433 of 5000" classname="com.mindhub.homebanking.HomebankingApplicationTest" time="0.0"/>
  <testcase name="repetition 4434 of 5000" classname="com.mindhub.homebanking.HomebankingApplicationTest" time="0.001"/>
  <testcase name="repetition 4435 of 5000" classname="com.mindhub.homebanking.HomebankingApplicationTest" time="0.0"/>
  <testcase name="repetition 4436 of 5000" classname="com.mindhub.homebanking.HomebankingApplicationTest" time="0.001"/>
  <testcase name="repetition 4437 of 5000" classname="com.mindhub.homebanking.HomebankingApplicationTest" time="0.0"/>
  <testcase name="repetition 4438 of 5000" classname="com.mindhub.homebanking.HomebankingApplicationTest" time="0.001"/>
  <testcase name="repetition 4439 of 5000" classname="com.mindhub.homebanking.HomebankingApplicationTest" time="0.001"/>
  <testcase name="repetition 4440 of 5000" classname="com.mindhub.homebanking.HomebankingApplicationTest" time="0.001"/>
  <testcase name="repetition 4441 of 5000" classname="com.mindhub.homebanking.HomebankingApplicationTest" time="0.001"/>
  <testcase name="repetition 4442 of 5000" classname="com.mindhub.homebanking.HomebankingApplicationTest" time="0.0"/>
  <testcase name="repetition 4443 of 5000" classname="com.mindhub.homebanking.HomebankingApplicationTest" time="0.001"/>
  <testcase name="repetition 4444 of 5000" classname="com.mindhub.homebanking.HomebankingApplicationTest" time="0.001"/>
  <testcase name="repetition 4445 of 5000" classname="com.mindhub.homebanking.HomebankingApplicationTest" time="0.0"/>
  <testcase name="repetition 4446 of 5000" classname="com.mindhub.homebanking.HomebankingApplicationTest" time="0.001"/>
  <testcase name="repetition 4447 of 5000" classname="com.mindhub.homebanking.HomebankingApplicationTest" time="0.0"/>
  <testcase name="repetition 4448 of 5000" classname="com.mindhub.homebanking.HomebankingApplicationTest" time="0.001"/>
  <testcase name="repetition 4449 of 5000" classname="com.mindhub.homebanking.HomebankingApplicationTest" time="0.001"/>
  <testcase name="repetition 4450 of 5000" classname="com.mindhub.homebanking.HomebankingApplicationTest" time="0.0"/>
  <testcase name="repetition 4451 of 5000" classname="com.mindhub.homebanking.HomebankingApplicationTest" time="0.001"/>
  <testcase name="repetition 4452 of 5000" classname="com.mindhub.homebanking.HomebankingApplicationTest" time="0.0"/>
  <testcase name="repetition 4453 of 5000" classname="com.mindhub.homebanking.HomebankingApplicationTest" time="0.001"/>
  <testcase name="repetition 4454 of 5000" classname="com.mindhub.homebanking.HomebankingApplicationTest" time="0.0"/>
  <testcase name="repetition 4455 of 5000" classname="com.mindhub.homebanking.HomebankingApplicationTest" time="0.001"/>
  <testcase name="repetition 4456 of 5000" classname="com.mindhub.homebanking.HomebankingApplicationTest" time="0.0"/>
  <testcase name="repetition 4457 of 5000" classname="com.mindhub.homebanking.HomebankingApplicationTest" time="0.001"/>
  <testcase name="repetition 4458 of 5000" classname="com.mindhub.homebanking.HomebankingApplicationTest" time="0.0"/>
  <testcase name="repetition 4459 of 5000" classname="com.mindhub.homebanking.HomebankingApplicationTest" time="0.001"/>
  <testcase name="repetition 4460 of 5000" classname="com.mindhub.homebanking.HomebankingApplicationTest" time="0.0"/>
  <testcase name="repetition 4461 of 5000" classname="com.mindhub.homebanking.HomebankingApplicationTest" time="0.001"/>
  <testcase name="repetition 4462 of 5000" classname="com.mindhub.homebanking.HomebankingApplicationTest" time="0.001"/>
  <testcase name="repetition 4463 of 5000" classname="com.mindhub.homebanking.HomebankingApplicationTest" time="0.0"/>
  <testcase name="repetition 4464 of 5000" classname="com.mindhub.homebanking.HomebankingApplicationTest" time="0.001"/>
  <testcase name="repetition 4465 of 5000" classname="com.mindhub.homebanking.HomebankingApplicationTest" time="0.001"/>
  <testcase name="repetition 4466 of 5000" classname="com.mindhub.homebanking.HomebankingApplicationTest" time="0.001"/>
  <testcase name="repetition 4467 of 5000" classname="com.mindhub.homebanking.HomebankingApplicationTest" time="0.001"/>
  <testcase name="repetition 4468 of 5000" classname="com.mindhub.homebanking.HomebankingApplicationTest" time="0.0"/>
  <testcase name="repetition 4469 of 5000" classname="com.mindhub.homebanking.HomebankingApplicationTest" time="0.001"/>
  <testcase name="repetition 4470 of 5000" classname="com.mindhub.homebanking.HomebankingApplicationTest" time="0.0"/>
  <testcase name="repetition 4471 of 5000" classname="com.mindhub.homebanking.HomebankingApplicationTest" time="0.001"/>
  <testcase name="repetition 4472 of 5000" classname="com.mindhub.homebanking.HomebankingApplicationTest" time="0.001"/>
  <testcase name="repetition 4473 of 5000" classname="com.mindhub.homebanking.HomebankingApplicationTest" time="0.0"/>
  <testcase name="repetition 4474 of 5000" classname="com.mindhub.homebanking.HomebankingApplicationTest" time="0.0"/>
  <testcase name="repetition 4475 of 5000" classname="com.mindhub.homebanking.HomebankingApplicationTest" time="0.001"/>
  <testcase name="repetition 4476 of 5000" classname="com.mindhub.homebanking.HomebankingApplicationTest" time="0.001"/>
  <testcase name="repetition 4477 of 5000" classname="com.mindhub.homebanking.HomebankingApplicationTest" time="0.002"/>
  <testcase name="repetition 4478 of 5000" classname="com.mindhub.homebanking.HomebankingApplicationTest" time="0.001"/>
  <testcase name="repetition 4479 of 5000" classname="com.mindhub.homebanking.HomebankingApplicationTest" time="0.0"/>
  <testcase name="repetition 4480 of 5000" classname="com.mindhub.homebanking.HomebankingApplicationTest" time="0.001"/>
  <testcase name="repetition 4481 of 5000" classname="com.mindhub.homebanking.HomebankingApplicationTest" time="0.0"/>
  <testcase name="repetition 4482 of 5000" classname="com.mindhub.homebanking.HomebankingApplicationTest" time="0.001"/>
  <testcase name="repetition 4483 of 5000" classname="com.mindhub.homebanking.HomebankingApplicationTest" time="0.0"/>
  <testcase name="repetition 4484 of 5000" classname="com.mindhub.homebanking.HomebankingApplicationTest" time="0.001"/>
  <testcase name="repetition 4485 of 5000" classname="com.mindhub.homebanking.HomebankingApplicationTest" time="0.0"/>
  <testcase name="repetition 4486 of 5000" classname="com.mindhub.homebanking.HomebankingApplicationTest" time="0.001"/>
  <testcase name="repetition 4487 of 5000" classname="com.mindhub.homebanking.HomebankingApplicationTest" time="0.0"/>
  <testcase name="repetition 4488 of 5000" classname="com.mindhub.homebanking.HomebankingApplicationTest" time="0.001"/>
  <testcase name="repetition 4489 of 5000" classname="com.mindhub.homebanking.HomebankingApplicationTest" time="0.0"/>
  <testcase name="repetition 4490 of 5000" classname="com.mindhub.homebanking.HomebankingApplicationTest" time="0.001"/>
  <testcase name="repetition 4491 of 5000" classname="com.mindhub.homebanking.HomebankingApplicationTest" time="0.001"/>
  <testcase name="repetition 4492 of 5000" classname="com.mindhub.homebanking.HomebankingApplicationTest" time="0.0"/>
  <testcase name="repetition 4493 of 5000" classname="com.mindhub.homebanking.HomebankingApplicationTest" time="0.0"/>
  <testcase name="repetition 4494 of 5000" classname="com.mindhub.homebanking.HomebankingApplicationTest" time="0.0"/>
  <testcase name="repetition 4495 of 5000" classname="com.mindhub.homebanking.HomebankingApplicationTest" time="0.0"/>
  <testcase name="repetition 4496 of 5000" classname="com.mindhub.homebanking.HomebankingApplicationTest" time="0.001"/>
  <testcase name="repetition 4497 of 5000" classname="com.mindhub.homebanking.HomebankingApplicationTest" time="0.0"/>
  <testcase name="repetition 4498 of 5000" classname="com.mindhub.homebanking.HomebankingApplicationTest" time="0.001"/>
  <testcase name="repetition 4499 of 5000" classname="com.mindhub.homebanking.HomebankingApplicationTest" time="0.0"/>
  <testcase name="repetition 4500 of 5000" classname="com.mindhub.homebanking.HomebankingApplicationTest" time="0.001"/>
  <testcase name="repetition 4501 of 5000" classname="com.mindhub.homebanking.HomebankingApplicationTest" time="0.0"/>
  <testcase name="repetition 4502 of 5000" classname="com.mindhub.homebanking.HomebankingApplicationTest" time="0.0"/>
  <testcase name="repetition 4503 of 5000" classname="com.mindhub.homebanking.HomebankingApplicationTest" time="0.001"/>
  <testcase name="repetition 4504 of 5000" classname="com.mindhub.homebanking.HomebankingApplicationTest" time="0.0"/>
  <testcase name="repetition 4505 of 5000" classname="com.mindhub.homebanking.HomebankingApplicationTest" time="0.0"/>
  <testcase name="repetition 4506 of 5000" classname="com.mindhub.homebanking.HomebankingApplicationTest" time="0.001"/>
  <testcase name="repetition 4507 of 5000" classname="com.mindhub.homebanking.HomebankingApplicationTest" time="0.0"/>
  <testcase name="repetition 4508 of 5000" classname="com.mindhub.homebanking.HomebankingApplicationTest" time="0.001"/>
  <testcase name="repetition 4509 of 5000" classname="com.mindhub.homebanking.HomebankingApplicationTest" time="0.0"/>
  <testcase name="repetition 4510 of 5000" classname="com.mindhub.homebanking.HomebankingApplicationTest" time="0.002"/>
  <testcase name="repetition 4511 of 5000" classname="com.mindhub.homebanking.HomebankingApplicationTest" time="0.0"/>
  <testcase name="repetition 4512 of 5000" classname="com.mindhub.homebanking.HomebankingApplicationTest" time="0.001"/>
  <testcase name="repetition 4513 of 5000" classname="com.mindhub.homebanking.HomebankingApplicationTest" time="0.001"/>
  <testcase name="repetition 4514 of 5000" classname="com.mindhub.homebanking.HomebankingApplicationTest" time="0.0"/>
  <testcase name="repetition 4515 of 5000" classname="com.mindhub.homebanking.HomebankingApplicationTest" time="0.001"/>
  <testcase name="repetition 4516 of 5000" classname="com.mindhub.homebanking.HomebankingApplicationTest" time="0.0"/>
  <testcase name="repetition 4517 of 5000" classname="com.mindhub.homebanking.HomebankingApplicationTest" time="0.001"/>
  <testcase name="repetition 4518 of 5000" classname="com.mindhub.homebanking.HomebankingApplicationTest" time="0.001"/>
  <testcase name="repetition 4519 of 5000" classname="com.mindhub.homebanking.HomebankingApplicationTest" time="0.001"/>
  <testcase name="repetition 4520 of 5000" classname="com.mindhub.homebanking.HomebankingApplicationTest" time="0.001"/>
  <testcase name="repetition 4521 of 5000" classname="com.mindhub.homebanking.HomebankingApplicationTest" time="0.001"/>
  <testcase name="repetition 4522 of 5000" classname="com.mindhub.homebanking.HomebankingApplicationTest" time="0.0"/>
  <testcase name="repetition 4523 of 5000" classname="com.mindhub.homebanking.HomebankingApplicationTest" time="0.0"/>
  <testcase name="repetition 4524 of 5000" classname="com.mindhub.homebanking.HomebankingApplicationTest" time="0.001"/>
  <testcase name="repetition 4525 of 5000" classname="com.mindhub.homebanking.HomebankingApplicationTest" time="0.0"/>
  <testcase name="repetition 4526 of 5000" classname="com.mindhub.homebanking.HomebankingApplicationTest" time="0.001"/>
  <testcase name="repetition 4527 of 5000" classname="com.mindhub.homebanking.HomebankingApplicationTest" time="0.0"/>
  <testcase name="repetition 4528 of 5000" classname="com.mindhub.homebanking.HomebankingApplicationTest" time="0.001"/>
  <testcase name="repetition 4529 of 5000" classname="com.mindhub.homebanking.HomebankingApplicationTest" time="0.0"/>
  <testcase name="repetition 4530 of 5000" classname="com.mindhub.homebanking.HomebankingApplicationTest" time="0.001"/>
  <testcase name="repetition 4531 of 5000" classname="com.mindhub.homebanking.HomebankingApplicationTest" time="0.0"/>
  <testcase name="repetition 4532 of 5000" classname="com.mindhub.homebanking.HomebankingApplicationTest" time="0.001"/>
  <testcase name="repetition 4533 of 5000" classname="com.mindhub.homebanking.HomebankingApplicationTest" time="0.0"/>
  <testcase name="repetition 4534 of 5000" classname="com.mindhub.homebanking.HomebankingApplicationTest" time="0.001"/>
  <testcase name="repetition 4535 of 5000" classname="com.mindhub.homebanking.HomebankingApplicationTest" time="0.001"/>
  <testcase name="repetition 4536 of 5000" classname="com.mindhub.homebanking.HomebankingApplicationTest" time="0.0"/>
  <testcase name="repetition 4537 of 5000" classname="com.mindhub.homebanking.HomebankingApplicationTest" time="0.0"/>
  <testcase name="repetition 4538 of 5000" classname="com.mindhub.homebanking.HomebankingApplicationTest" time="0.001"/>
  <testcase name="repetition 4539 of 5000" classname="com.mindhub.homebanking.HomebankingApplicationTest" time="0.0"/>
  <testcase name="repetition 4540 of 5000" classname="com.mindhub.homebanking.HomebankingApplicationTest" time="0.001"/>
  <testcase name="repetition 4541 of 5000" classname="com.mindhub.homebanking.HomebankingApplicationTest" time="0.0"/>
  <testcase name="repetition 4542 of 5000" classname="com.mindhub.homebanking.HomebankingApplicationTest" time="0.001"/>
  <testcase name="repetition 4543 of 5000" classname="com.mindhub.homebanking.HomebankingApplicationTest" time="0.0"/>
  <testcase name="repetition 4544 of 5000" classname="com.mindhub.homebanking.HomebankingApplicationTest" time="0.001"/>
  <testcase name="repetition 4545 of 5000" classname="com.mindhub.homebanking.HomebankingApplicationTest" time="0.001"/>
  <testcase name="repetition 4546 of 5000" classname="com.mindhub.homebanking.HomebankingApplicationTest" time="0.001"/>
  <testcase name="repetition 4547 of 5000" classname="com.mindhub.homebanking.HomebankingApplicationTest" time="0.0"/>
  <testcase name="repetition 4548 of 5000" classname="com.mindhub.homebanking.HomebankingApplicationTest" time="0.001"/>
  <testcase name="repetition 4549 of 5000" classname="com.mindhub.homebanking.HomebankingApplicationTest" time="0.0"/>
  <testcase name="repetition 4550 of 5000" classname="com.mindhub.homebanking.HomebankingApplicationTest" time="0.001"/>
  <testcase name="repetition 4551 of 5000" classname="com.mindhub.homebanking.HomebankingApplicationTest" time="0.0"/>
  <testcase name="repetition 4552 of 5000" classname="com.mindhub.homebanking.HomebankingApplicationTest" time="0.001"/>
  <testcase name="repetition 4553 of 5000" classname="com.mindhub.homebanking.HomebankingApplicationTest" time="0.0"/>
  <testcase name="repetition 4554 of 5000" classname="com.mindhub.homebanking.HomebankingApplicationTest" time="0.001"/>
  <testcase name="repetition 4555 of 5000" classname="com.mindhub.homebanking.HomebankingApplicationTest" time="0.0"/>
  <testcase name="repetition 4556 of 5000" classname="com.mindhub.homebanking.HomebankingApplicationTest" time="0.0"/>
  <testcase name="repetition 4557 of 5000" classname="com.mindhub.homebanking.HomebankingApplicationTest" time="0.001"/>
  <testcase name="repetition 4558 of 5000" classname="com.mindhub.homebanking.HomebankingApplicationTest" time="0.0"/>
  <testcase name="repetition 4559 of 5000" classname="com.mindhub.homebanking.HomebankingApplicationTest" time="0.001"/>
  <testcase name="repetition 4560 of 5000" classname="com.mindhub.homebanking.HomebankingApplicationTest" time="0.0"/>
  <testcase name="repetition 4561 of 5000" classname="com.mindhub.homebanking.HomebankingApplicationTest" time="0.0"/>
  <testcase name="repetition 4562 of 5000" classname="com.mindhub.homebanking.HomebankingApplicationTest" time="0.0"/>
  <testcase name="repetition 4563 of 5000" classname="com.mindhub.homebanking.HomebankingApplicationTest" time="0.001"/>
  <testcase name="repetition 4564 of 5000" classname="com.mindhub.homebanking.HomebankingApplicationTest" time="0.0"/>
  <testcase name="repetition 4565 of 5000" classname="com.mindhub.homebanking.HomebankingApplicationTest" time="0.0"/>
  <testcase name="repetition 4566 of 5000" classname="com.mindhub.homebanking.HomebankingApplicationTest" time="0.001"/>
  <testcase name="repetition 4567 of 5000" classname="com.mindhub.homebanking.HomebankingApplicationTest" time="0.0"/>
  <testcase name="repetition 4568 of 5000" classname="com.mindhub.homebanking.HomebankingApplicationTest" time="0.0"/>
  <testcase name="repetition 4569 of 5000" classname="com.mindhub.homebanking.HomebankingApplicationTest" time="0.002"/>
  <testcase name="repetition 4570 of 5000" classname="com.mindhub.homebanking.HomebankingApplicationTest" time="0.001"/>
  <testcase name="repetition 4571 of 5000" classname="com.mindhub.homebanking.HomebankingApplicationTest" time="0.001"/>
  <testcase name="repetition 4572 of 5000" classname="com.mindhub.homebanking.HomebankingApplicationTest" time="0.0"/>
  <testcase name="repetition 4573 of 5000" classname="com.mindhub.homebanking.HomebankingApplicationTest" time="0.001"/>
  <testcase name="repetition 4574 of 5000" classname="com.mindhub.homebanking.HomebankingApplicationTest" time="0.0"/>
  <testcase name="repetition 4575 of 5000" classname="com.mindhub.homebanking.HomebankingApplicationTest" time="0.001"/>
  <testcase name="repetition 4576 of 5000" classname="com.mindhub.homebanking.HomebankingApplicationTest" time="0.0"/>
  <testcase name="repetition 4577 of 5000" classname="com.mindhub.homebanking.HomebankingApplicationTest" time="0.001"/>
  <testcase name="repetition 4578 of 5000" classname="com.mindhub.homebanking.HomebankingApplicationTest" time="0.0"/>
  <testcase name="repetition 4579 of 5000" classname="com.mindhub.homebanking.HomebankingApplicationTest" time="0.001"/>
  <testcase name="repetition 4580 of 5000" classname="com.mindhub.homebanking.HomebankingApplicationTest" time="0.0"/>
  <testcase name="repetition 4581 of 5000" classname="com.mindhub.homebanking.HomebankingApplicationTest" time="0.001"/>
  <testcase name="repetition 4582 of 5000" classname="com.mindhub.homebanking.HomebankingApplicationTest" time="0.0"/>
  <testcase name="repetition 4583 of 5000" classname="com.mindhub.homebanking.HomebankingApplicationTest" time="0.001"/>
  <testcase name="repetition 4584 of 5000" classname="com.mindhub.homebanking.HomebankingApplicationTest" time="0.0"/>
  <testcase name="repetition 4585 of 5000" classname="com.mindhub.homebanking.HomebankingApplicationTest" time="0.0"/>
  <testcase name="repetition 4586 of 5000" classname="com.mindhub.homebanking.HomebankingApplicationTest" time="0.001"/>
  <testcase name="repetition 4587 of 5000" classname="com.mindhub.homebanking.HomebankingApplicationTest" time="0.001"/>
  <testcase name="repetition 4588 of 5000" classname="com.mindhub.homebanking.HomebankingApplicationTest" time="0.0"/>
  <testcase name="repetition 4589 of 5000" classname="com.mindhub.homebanking.HomebankingApplicationTest" time="0.001"/>
  <testcase name="repetition 4590 of 5000" classname="com.mindhub.homebanking.HomebankingApplicationTest" time="0.0"/>
  <testcase name="repetition 4591 of 5000" classname="com.mindhub.homebanking.HomebankingApplicationTest" time="0.001"/>
  <testcase name="repetition 4592 of 5000" classname="com.mindhub.homebanking.HomebankingApplicationTest" time="0.001"/>
  <testcase name="repetition 4593 of 5000" classname="com.mindhub.homebanking.HomebankingApplicationTest" time="0.001"/>
  <testcase name="repetition 4594 of 5000" classname="com.mindhub.homebanking.HomebankingApplicationTest" time="0.0"/>
  <testcase name="repetition 4595 of 5000" classname="com.mindhub.homebanking.HomebankingApplicationTest" time="0.0"/>
  <testcase name="repetition 4596 of 5000" classname="com.mindhub.homebanking.HomebankingApplicationTest" time="0.0"/>
  <testcase name="repetition 4597 of 5000" classname="com.mindhub.homebanking.HomebankingApplicationTest" time="0.0"/>
  <testcase name="repetition 4598 of 5000" classname="com.mindhub.homebanking.HomebankingApplicationTest" time="0.001"/>
  <testcase name="repetition 4599 of 5000" classname="com.mindhub.homebanking.HomebankingApplicationTest" time="0.0"/>
  <testcase name="repetition 4600 of 5000" classname="com.mindhub.homebanking.HomebankingApplicationTest" time="0.001"/>
  <testcase name="repetition 4601 of 5000" classname="com.mindhub.homebanking.HomebankingApplicationTest" time="0.001"/>
  <testcase name="repetition 4602 of 5000" classname="com.mindhub.homebanking.HomebankingApplicationTest" time="0.001"/>
  <testcase name="repetition 4603 of 5000" classname="com.mindhub.homebanking.HomebankingApplicationTest" time="0.001"/>
  <testcase name="repetition 4604 of 5000" classname="com.mindhub.homebanking.HomebankingApplicationTest" time="0.0"/>
  <testcase name="repetition 4605 of 5000" classname="com.mindhub.homebanking.HomebankingApplicationTest" time="0.001"/>
  <testcase name="repetition 4606 of 5000" classname="com.mindhub.homebanking.HomebankingApplicationTest" time="0.0"/>
  <testcase name="repetition 4607 of 5000" classname="com.mindhub.homebanking.HomebankingApplicationTest" time="0.001"/>
  <testcase name="repetition 4608 of 5000" classname="com.mindhub.homebanking.HomebankingApplicationTest" time="0.0"/>
  <testcase name="repetition 4609 of 5000" classname="com.mindhub.homebanking.HomebankingApplicationTest" time="0.001"/>
  <testcase name="repetition 4610 of 5000" classname="com.mindhub.homebanking.HomebankingApplicationTest" time="0.0"/>
  <testcase name="repetition 4611 of 5000" classname="com.mindhub.homebanking.HomebankingApplicationTest" time="0.0"/>
  <testcase name="repetition 4612 of 5000" classname="com.mindhub.homebanking.HomebankingApplicationTest" time="0.0"/>
  <testcase name="repetition 4613 of 5000" classname="com.mindhub.homebanking.HomebankingApplicationTest" time="0.001"/>
  <testcase name="repetition 4614 of 5000" classname="com.mindhub.homebanking.HomebankingApplicationTest" time="0.0"/>
  <testcase name="repetition 4615 of 5000" classname="com.mindhub.homebanking.HomebankingApplicationTest" time="0.001"/>
  <testcase name="repetition 4616 of 5000" classname="com.mindhub.homebanking.HomebankingApplicationTest" time="0.0"/>
  <testcase name="repetition 4617 of 5000" classname="com.mindhub.homebanking.HomebankingApplicationTest" time="0.001"/>
  <testcase name="repetition 4618 of 5000" classname="com.mindhub.homebanking.HomebankingApplicationTest" time="0.0"/>
  <testcase name="repetition 4619 of 5000" classname="com.mindhub.homebanking.HomebankingApplicationTest" time="0.001"/>
  <testcase name="repetition 4620 of 5000" classname="com.mindhub.homebanking.HomebankingApplicationTest" time="0.001"/>
  <testcase name="repetition 4621 of 5000" classname="com.mindhub.homebanking.HomebankingApplicationTest" time="0.001"/>
  <testcase name="repetition 4622 of 5000" classname="com.mindhub.homebanking.HomebankingApplicationTest" time="0.0"/>
  <testcase name="repetition 4623 of 5000" classname="com.mindhub.homebanking.HomebankingApplicationTest" time="0.001"/>
  <testcase name="repetition 4624 of 5000" classname="com.mindhub.homebanking.HomebankingApplicationTest" time="0.001"/>
  <testcase name="repetition 4625 of 5000" classname="com.mindhub.homebanking.HomebankingApplicationTest" time="0.001"/>
  <testcase name="repetition 4626 of 5000" classname="com.mindhub.homebanking.HomebankingApplicationTest" time="0.0"/>
  <testcase name="repetition 4627 of 5000" classname="com.mindhub.homebanking.HomebankingApplicationTest" time="0.001"/>
  <testcase name="repetition 4628 of 5000" classname="com.mindhub.homebanking.HomebankingApplicationTest" time="0.001"/>
  <testcase name="repetition 4629 of 5000" classname="com.mindhub.homebanking.HomebankingApplicationTest" time="0.0"/>
  <testcase name="repetition 4630 of 5000" classname="com.mindhub.homebanking.HomebankingApplicationTest" time="0.0"/>
  <testcase name="repetition 4631 of 5000" classname="com.mindhub.homebanking.HomebankingApplicationTest" time="0.001"/>
  <testcase name="repetition 4632 of 5000" classname="com.mindhub.homebanking.HomebankingApplicationTest" time="0.0"/>
  <testcase name="repetition 4633 of 5000" classname="com.mindhub.homebanking.HomebankingApplicationTest" time="0.0"/>
  <testcase name="repetition 4634 of 5000" classname="com.mindhub.homebanking.HomebankingApplicationTest" time="0.0"/>
  <testcase name="repetition 4635 of 5000" classname="com.mindhub.homebanking.HomebankingApplicationTest" time="0.001"/>
  <testcase name="repetition 4636 of 5000" classname="com.mindhub.homebanking.HomebankingApplicationTest" time="0.0"/>
  <testcase name="repetition 4637 of 5000" classname="com.mindhub.homebanking.HomebankingApplicationTest" time="0.001"/>
  <testcase name="repetition 4638 of 5000" classname="com.mindhub.homebanking.HomebankingApplicationTest" time="0.001"/>
  <testcase name="repetition 4639 of 5000" classname="com.mindhub.homebanking.HomebankingApplicationTest" time="0.001"/>
  <testcase name="repetition 4640 of 5000" classname="com.mindhub.homebanking.HomebankingApplicationTest" time="0.0"/>
  <testcase name="repetition 4641 of 5000" classname="com.mindhub.homebanking.HomebankingApplicationTest" time="0.001"/>
  <testcase name="repetition 4642 of 5000" classname="com.mindhub.homebanking.HomebankingApplicationTest" time="0.0"/>
  <testcase name="repetition 4643 of 5000" classname="com.mindhub.homebanking.HomebankingApplicationTest" time="0.001"/>
  <testcase name="repetition 4644 of 5000" classname="com.mindhub.homebanking.HomebankingApplicationTest" time="0.001"/>
  <testcase name="repetition 4645 of 5000" classname="com.mindhub.homebanking.HomebankingApplicationTest" time="0.001"/>
  <testcase name="repetition 4646 of 5000" classname="com.mindhub.homebanking.HomebankingApplicationTest" time="0.0"/>
  <testcase name="repetition 4647 of 5000" classname="com.mindhub.homebanking.HomebankingApplicationTest" time="0.0"/>
  <testcase name="repetition 4648 of 5000" classname="com.mindhub.homebanking.HomebankingApplicationTest" time="0.001"/>
  <testcase name="repetition 4649 of 5000" classname="com.mindhub.homebanking.HomebankingApplicationTest" time="0.001"/>
  <testcase name="repetition 4650 of 5000" classname="com.mindhub.homebanking.HomebankingApplicationTest" time="0.001"/>
  <testcase name="repetition 4651 of 5000" classname="com.mindhub.homebanking.HomebankingApplicationTest" time="0.0"/>
  <testcase name="repetition 4652 of 5000" classname="com.mindhub.homebanking.HomebankingApplicationTest" time="0.001"/>
  <testcase name="repetition 4653 of 5000" classname="com.mindhub.homebanking.HomebankingApplicationTest" time="0.0"/>
  <testcase name="repetition 4654 of 5000" classname="com.mindhub.homebanking.HomebankingApplicationTest" time="0.001"/>
  <testcase name="repetition 4655 of 5000" classname="com.mindhub.homebanking.HomebankingApplicationTest" time="0.0"/>
  <testcase name="repetition 4656 of 5000" classname="com.mindhub.homebanking.HomebankingApplicationTest" time="0.001"/>
  <testcase name="repetition 4657 of 5000" classname="com.mindhub.homebanking.HomebankingApplicationTest" time="0.0"/>
  <testcase name="repetition 4658 of 5000" classname="com.mindhub.homebanking.HomebankingApplicationTest" time="0.001"/>
  <testcase name="repetition 4659 of 5000" classname="com.mindhub.homebanking.HomebankingApplicationTest" time="0.001"/>
  <testcase name="repetition 4660 of 5000" classname="com.mindhub.homebanking.HomebankingApplicationTest" time="0.0"/>
  <testcase name="repetition 4661 of 5000" classname="com.mindhub.homebanking.HomebankingApplicationTest" time="0.001"/>
  <testcase name="repetition 4662 of 5000" classname="com.mindhub.homebanking.HomebankingApplicationTest" time="0.0"/>
  <testcase name="repetition 4663 of 5000" classname="com.mindhub.homebanking.HomebankingApplicationTest" time="0.0"/>
  <testcase name="repetition 4664 of 5000" classname="com.mindhub.homebanking.HomebankingApplicationTest" time="0.001"/>
  <testcase name="repetition 4665 of 5000" classname="com.mindhub.homebanking.HomebankingApplicationTest" time="0.0"/>
  <testcase name="repetition 4666 of 5000" classname="com.mindhub.homebanking.HomebankingApplicationTest" time="0.001"/>
  <testcase name="repetition 4667 of 5000" classname="com.mindhub.homebanking.HomebankingApplicationTest" time="0.001"/>
  <testcase name="repetition 4668 of 5000" classname="com.mindhub.homebanking.HomebankingApplicationTest" time="0.001"/>
  <testcase name="repetition 4669 of 5000" classname="com.mindhub.homebanking.HomebankingApplicationTest" time="0.0"/>
  <testcase name="repetition 4670 of 5000" classname="com.mindhub.homebanking.HomebankingApplicationTest" time="0.001"/>
  <testcase name="repetition 4671 of 5000" classname="com.mindhub.homebanking.HomebankingApplicationTest" time="0.001"/>
  <testcase name="repetition 4672 of 5000" classname="com.mindhub.homebanking.HomebankingApplicationTest" time="0.0"/>
  <testcase name="repetition 4673 of 5000" classname="com.mindhub.homebanking.HomebankingApplicationTest" time="0.001"/>
  <testcase name="repetition 4674 of 5000" classname="com.mindhub.homebanking.HomebankingApplicationTest" time="0.0"/>
  <testcase name="repetition 4675 of 5000" classname="com.mindhub.homebanking.HomebankingApplicationTest" time="0.001"/>
  <testcase name="repetition 4676 of 5000" classname="com.mindhub.homebanking.HomebankingApplicationTest" time="0.001"/>
  <testcase name="repetition 4677 of 5000" classname="com.mindhub.homebanking.HomebankingApplicationTest" time="0.001"/>
  <testcase name="repetition 4678 of 5000" classname="com.mindhub.homebanking.HomebankingApplicationTest" time="0.001"/>
  <testcase name="repetition 4679 of 5000" classname="com.mindhub.homebanking.HomebankingApplicationTest" time="0.001"/>
  <testcase name="repetition 4680 of 5000" classname="com.mindhub.homebanking.HomebankingApplicationTest" time="0.001"/>
  <testcase name="repetition 4681 of 5000" classname="com.mindhub.homebanking.HomebankingApplicationTest" time="0.001"/>
  <testcase name="repetition 4682 of 5000" classname="com.mindhub.homebanking.HomebankingApplicationTest" time="0.0"/>
  <testcase name="repetition 4683 of 5000" classname="com.mindhub.homebanking.HomebankingApplicationTest" time="0.0"/>
  <testcase name="repetition 4684 of 5000" classname="com.mindhub.homebanking.HomebankingApplicationTest" time="0.001"/>
  <testcase name="repetition 4685 of 5000" classname="com.mindhub.homebanking.HomebankingApplicationTest" time="0.0"/>
  <testcase name="repetition 4686 of 5000" classname="com.mindhub.homebanking.HomebankingApplicationTest" time="0.001"/>
  <testcase name="repetition 4687 of 5000" classname="com.mindhub.homebanking.HomebankingApplicationTest" time="0.001"/>
  <testcase name="repetition 4688 of 5000" classname="com.mindhub.homebanking.HomebankingApplicationTest" time="0.001"/>
  <testcase name="repetition 4689 of 5000" classname="com.mindhub.homebanking.HomebankingApplicationTest" time="0.0"/>
  <testcase name="repetition 4690 of 5000" classname="com.mindhub.homebanking.HomebankingApplicationTest" time="0.0"/>
  <testcase name="repetition 4691 of 5000" classname="com.mindhub.homebanking.HomebankingApplicationTest" time="0.0"/>
  <testcase name="repetition 4692 of 5000" classname="com.mindhub.homebanking.HomebankingApplicationTest" time="0.001"/>
  <testcase name="repetition 4693 of 5000" classname="com.mindhub.homebanking.HomebankingApplicationTest" time="0.001"/>
  <testcase name="repetition 4694 of 5000" classname="com.mindhub.homebanking.HomebankingApplicationTest" time="0.0"/>
  <testcase name="repetition 4695 of 5000" classname="com.mindhub.homebanking.HomebankingApplicationTest" time="0.001"/>
  <testcase name="repetition 4696 of 5000" classname="com.mindhub.homebanking.HomebankingApplicationTest" time="0.001"/>
  <testcase name="repetition 4697 of 5000" classname="com.mindhub.homebanking.HomebankingApplicationTest" time="0.0"/>
  <testcase name="repetition 4698 of 5000" classname="com.mindhub.homebanking.HomebankingApplicationTest" time="0.0"/>
  <testcase name="repetition 4699 of 5000" classname="com.mindhub.homebanking.HomebankingApplicationTest" time="0.0"/>
  <testcase name="repetition 4700 of 5000" classname="com.mindhub.homebanking.HomebankingApplicationTest" time="0.001"/>
  <testcase name="repetition 4701 of 5000" classname="com.mindhub.homebanking.HomebankingApplicationTest" time="0.0"/>
  <testcase name="repetition 4702 of 5000" classname="com.mindhub.homebanking.HomebankingApplicationTest" time="0.0"/>
  <testcase name="repetition 4703 of 5000" classname="com.mindhub.homebanking.HomebankingApplicationTest" time="0.001"/>
  <testcase name="repetition 4704 of 5000" classname="com.mindhub.homebanking.HomebankingApplicationTest" time="0.0"/>
  <testcase name="repetition 4705 of 5000" classname="com.mindhub.homebanking.HomebankingApplicationTest" time="0.001"/>
  <testcase name="repetition 4706 of 5000" classname="com.mindhub.homebanking.HomebankingApplicationTest" time="0.0"/>
  <testcase name="repetition 4707 of 5000" classname="com.mindhub.homebanking.HomebankingApplicationTest" time="0.0"/>
  <testcase name="repetition 4708 of 5000" classname="com.mindhub.homebanking.HomebankingApplicationTest" time="0.001"/>
  <testcase name="repetition 4709 of 5000" classname="com.mindhub.homebanking.HomebankingApplicationTest" time="0.0"/>
  <testcase name="repetition 4710 of 5000" classname="com.mindhub.homebanking.HomebankingApplicationTest" time="0.001"/>
  <testcase name="repetition 4711 of 5000" classname="com.mindhub.homebanking.HomebankingApplicationTest" time="0.001"/>
  <testcase name="repetition 4712 of 5000" classname="com.mindhub.homebanking.HomebankingApplicationTest" time="0.001"/>
  <testcase name="repetition 4713 of 5000" classname="com.mindhub.homebanking.HomebankingApplicationTest" time="0.001"/>
  <testcase name="repetition 4714 of 5000" classname="com.mindhub.homebanking.HomebankingApplicationTest" time="0.0"/>
  <testcase name="repetition 4715 of 5000" classname="com.mindhub.homebanking.HomebankingApplicationTest" time="0.0"/>
  <testcase name="repetition 4716 of 5000" classname="com.mindhub.homebanking.HomebankingApplicationTest" time="0.001"/>
  <testcase name="repetition 4717 of 5000" classname="com.mindhub.homebanking.HomebankingApplicationTest" time="0.001"/>
  <testcase name="repetition 4718 of 5000" classname="com.mindhub.homebanking.HomebankingApplicationTest" time="0.0"/>
  <testcase name="repetition 4719 of 5000" classname="com.mindhub.homebanking.HomebankingApplicationTest" time="0.0"/>
  <testcase name="repetition 4720 of 5000" classname="com.mindhub.homebanking.HomebankingApplicationTest" time="0.001"/>
  <testcase name="repetition 4721 of 5000" classname="com.mindhub.homebanking.HomebankingApplicationTest" time="0.0"/>
  <testcase name="repetition 4722 of 5000" classname="com.mindhub.homebanking.HomebankingApplicationTest" time="0.0"/>
  <testcase name="repetition 4723 of 5000" classname="com.mindhub.homebanking.HomebankingApplicationTest" time="0.001"/>
  <testcase name="repetition 4724 of 5000" classname="com.mindhub.homebanking.HomebankingApplicationTest" time="0.001"/>
  <testcase name="repetition 4725 of 5000" classname="com.mindhub.homebanking.HomebankingApplicationTest" time="0.0"/>
  <testcase name="repetition 4726 of 5000" classname="com.mindhub.homebanking.HomebankingApplicationTest" time="0.001"/>
  <testcase name="repetition 4727 of 5000" classname="com.mindhub.homebanking.HomebankingApplicationTest" time="0.002"/>
  <testcase name="repetition 4728 of 5000" classname="com.mindhub.homebanking.HomebankingApplicationTest" time="0.0"/>
  <testcase name="repetition 4729 of 5000" classname="com.mindhub.homebanking.HomebankingApplicationTest" time="0.001"/>
  <testcase name="repetition 4730 of 5000" classname="com.mindhub.homebanking.HomebankingApplicationTest" time="0.001"/>
  <testcase name="repetition 4731 of 5000" classname="com.mindhub.homebanking.HomebankingApplicationTest" time="0.001"/>
  <testcase name="repetition 4732 of 5000" classname="com.mindhub.homebanking.HomebankingApplicationTest" time="0.0"/>
  <testcase name="repetition 4733 of 5000" classname="com.mindhub.homebanking.HomebankingApplicationTest" time="0.001"/>
  <testcase name="repetition 4734 of 5000" classname="com.mindhub.homebanking.HomebankingApplicationTest" time="0.0"/>
  <testcase name="repetition 4735 of 5000" classname="com.mindhub.homebanking.HomebankingApplicationTest" time="0.001"/>
  <testcase name="repetition 4736 of 5000" classname="com.mindhub.homebanking.HomebankingApplicationTest" time="0.001"/>
  <testcase name="repetition 4737 of 5000" classname="com.mindhub.homebanking.HomebankingApplicationTest" time="0.001"/>
  <testcase name="repetition 4738 of 5000" classname="com.mindhub.homebanking.HomebankingApplicationTest" time="0.001"/>
  <testcase name="repetition 4739 of 5000" classname="com.mindhub.homebanking.HomebankingApplicationTest" time="0.001"/>
  <testcase name="repetition 4740 of 5000" classname="com.mindhub.homebanking.HomebankingApplicationTest" time="0.001"/>
  <testcase name="repetition 4741 of 5000" classname="com.mindhub.homebanking.HomebankingApplicationTest" time="0.0"/>
  <testcase name="repetition 4742 of 5000" classname="com.mindhub.homebanking.HomebankingApplicationTest" time="0.001"/>
  <testcase name="repetition 4743 of 5000" classname="com.mindhub.homebanking.HomebankingApplicationTest" time="0.0"/>
  <testcase name="repetition 4744 of 5000" classname="com.mindhub.homebanking.HomebankingApplicationTest" time="0.001"/>
  <testcase name="repetition 4745 of 5000" classname="com.mindhub.homebanking.HomebankingApplicationTest" time="0.001"/>
  <testcase name="repetition 4746 of 5000" classname="com.mindhub.homebanking.HomebankingApplicationTest" time="0.001"/>
  <testcase name="repetition 4747 of 5000" classname="com.mindhub.homebanking.HomebankingApplicationTest" time="0.0"/>
  <testcase name="repetition 4748 of 5000" classname="com.mindhub.homebanking.HomebankingApplicationTest" time="0.001"/>
  <testcase name="repetition 4749 of 5000" classname="com.mindhub.homebanking.HomebankingApplicationTest" time="0.0"/>
  <testcase name="repetition 4750 of 5000" classname="com.mindhub.homebanking.HomebankingApplicationTest" time="0.001"/>
  <testcase name="repetition 4751 of 5000" classname="com.mindhub.homebanking.HomebankingApplicationTest" time="0.001"/>
  <testcase name="repetition 4752 of 5000" classname="com.mindhub.homebanking.HomebankingApplicationTest" time="0.001"/>
  <testcase name="repetition 4753 of 5000" classname="com.mindhub.homebanking.HomebankingApplicationTest" time="0.0"/>
  <testcase name="repetition 4754 of 5000" classname="com.mindhub.homebanking.HomebankingApplicationTest" time="0.001"/>
  <testcase name="repetition 4755 of 5000" classname="com.mindhub.homebanking.HomebankingApplicationTest" time="0.001"/>
  <testcase name="repetition 4756 of 5000" classname="com.mindhub.homebanking.HomebankingApplicationTest" time="0.001"/>
  <testcase name="repetition 4757 of 5000" classname="com.mindhub.homebanking.HomebankingApplicationTest" time="0.0"/>
  <testcase name="repetition 4758 of 5000" classname="com.mindhub.homebanking.HomebankingApplicationTest" time="0.001"/>
  <testcase name="repetition 4759 of 5000" classname="com.mindhub.homebanking.HomebankingApplicationTest" time="0.001"/>
  <testcase name="repetition 4760 of 5000" classname="com.mindhub.homebanking.HomebankingApplicationTest" time="0.0"/>
  <testcase name="repetition 4761 of 5000" classname="com.mindhub.homebanking.HomebankingApplicationTest" time="0.001"/>
  <testcase name="repetition 4762 of 5000" classname="com.mindhub.homebanking.HomebankingApplicationTest" time="0.0"/>
  <testcase name="repetition 4763 of 5000" classname="com.mindhub.homebanking.HomebankingApplicationTest" time="0.001"/>
  <testcase name="repetition 4764 of 5000" classname="com.mindhub.homebanking.HomebankingApplicationTest" time="0.0"/>
  <testcase name="repetition 4765 of 5000" classname="com.mindhub.homebanking.HomebankingApplicationTest" time="0.001"/>
  <testcase name="repetition 4766 of 5000" classname="com.mindhub.homebanking.HomebankingApplicationTest" time="0.0"/>
  <testcase name="repetition 4767 of 5000" classname="com.mindhub.homebanking.HomebankingApplicationTest" time="0.001"/>
  <testcase name="repetition 4768 of 5000" classname="com.mindhub.homebanking.HomebankingApplicationTest" time="0.0"/>
  <testcase name="repetition 4769 of 5000" classname="com.mindhub.homebanking.HomebankingApplicationTest" time="0.001"/>
  <testcase name="repetition 4770 of 5000" classname="com.mindhub.homebanking.HomebankingApplicationTest" time="0.001"/>
  <testcase name="repetition 4771 of 5000" classname="com.mindhub.homebanking.HomebankingApplicationTest" time="0.001"/>
  <testcase name="repetition 4772 of 5000" classname="com.mindhub.homebanking.HomebankingApplicationTest" time="0.001"/>
  <testcase name="repetition 4773 of 5000" classname="com.mindhub.homebanking.HomebankingApplicationTest" time="0.001"/>
  <testcase name="repetition 4774 of 5000" classname="com.mindhub.homebanking.HomebankingApplicationTest" time="0.001"/>
  <testcase name="repetition 4775 of 5000" classname="com.mindhub.homebanking.HomebankingApplicationTest" time="0.001"/>
  <testcase name="repetition 4776 of 5000" classname="com.mindhub.homebanking.HomebankingApplicationTest" time="0.001"/>
  <testcase name="repetition 4777 of 5000" classname="com.mindhub.homebanking.HomebankingApplicationTest" time="0.001"/>
  <testcase name="repetition 4778 of 5000" classname="com.mindhub.homebanking.HomebankingApplicationTest" time="0.0"/>
  <testcase name="repetition 4779 of 5000" classname="com.mindhub.homebanking.HomebankingApplicationTest" time="0.0"/>
  <testcase name="repetition 4780 of 5000" classname="com.mindhub.homebanking.HomebankingApplicationTest" time="0.001"/>
  <testcase name="repetition 4781 of 5000" classname="com.mindhub.homebanking.HomebankingApplicationTest" time="0.001"/>
  <testcase name="repetition 4782 of 5000" classname="com.mindhub.homebanking.HomebankingApplicationTest" time="0.001"/>
  <testcase name="repetition 4783 of 5000" classname="com.mindhub.homebanking.HomebankingApplicationTest" time="0.001"/>
  <testcase name="repetition 4784 of 5000" classname="com.mindhub.homebanking.HomebankingApplicationTest" time="0.001"/>
  <testcase name="repetition 4785 of 5000" classname="com.mindhub.homebanking.HomebankingApplicationTest" time="0.001"/>
  <testcase name="repetition 4786 of 5000" classname="com.mindhub.homebanking.HomebankingApplicationTest" time="0.0"/>
  <testcase name="repetition 4787 of 5000" classname="com.mindhub.homebanking.HomebankingApplicationTest" time="0.001"/>
  <testcase name="repetition 4788 of 5000" classname="com.mindhub.homebanking.HomebankingApplicationTest" time="0.001"/>
  <testcase name="repetition 4789 of 5000" classname="com.mindhub.homebanking.HomebankingApplicationTest" time="0.001"/>
  <testcase name="repetition 4790 of 5000" classname="com.mindhub.homebanking.HomebankingApplicationTest" time="0.001"/>
  <testcase name="repetition 4791 of 5000" classname="com.mindhub.homebanking.HomebankingApplicationTest" time="0.001"/>
  <testcase name="repetition 4792 of 5000" classname="com.mindhub.homebanking.HomebankingApplicationTest" time="0.0"/>
  <testcase name="repetition 4793 of 5000" classname="com.mindhub.homebanking.HomebankingApplicationTest" time="0.0"/>
  <testcase name="repetition 4794 of 5000" classname="com.mindhub.homebanking.HomebankingApplicationTest" time="0.0"/>
  <testcase name="repetition 4795 of 5000" classname="com.mindhub.homebanking.HomebankingApplicationTest" time="0.0"/>
  <testcase name="repetition 4796 of 5000" classname="com.mindhub.homebanking.HomebankingApplicationTest" time="0.001"/>
  <testcase name="repetition 4797 of 5000" classname="com.mindhub.homebanking.HomebankingApplicationTest" time="0.0"/>
  <testcase name="repetition 4798 of 5000" classname="com.mindhub.homebanking.HomebankingApplicationTest" time="0.001"/>
  <testcase name="repetition 4799 of 5000" classname="com.mindhub.homebanking.HomebankingApplicationTest" time="0.0"/>
  <testcase name="repetition 4800 of 5000" classname="com.mindhub.homebanking.HomebankingApplicationTest" time="0.001"/>
  <testcase name="repetition 4801 of 5000" classname="com.mindhub.homebanking.HomebankingApplicationTest" time="0.001"/>
  <testcase name="repetition 4802 of 5000" classname="com.mindhub.homebanking.HomebankingApplicationTest" time="0.0"/>
  <testcase name="repetition 4803 of 5000" classname="com.mindhub.homebanking.HomebankingApplicationTest" time="0.0"/>
  <testcase name="repetition 4804 of 5000" classname="com.mindhub.homebanking.HomebankingApplicationTest" time="0.001"/>
  <testcase name="repetition 4805 of 5000" classname="com.mindhub.homebanking.HomebankingApplicationTest" time="0.001"/>
  <testcase name="repetition 4806 of 5000" classname="com.mindhub.homebanking.HomebankingApplicationTest" time="0.001"/>
  <testcase name="repetition 4807 of 5000" classname="com.mindhub.homebanking.HomebankingApplicationTest" time="0.0"/>
  <testcase name="repetition 4808 of 5000" classname="com.mindhub.homebanking.HomebankingApplicationTest" time="0.001"/>
  <testcase name="repetition 4809 of 5000" classname="com.mindhub.homebanking.HomebankingApplicationTest" time="0.004"/>
  <testcase name="repetition 4810 of 5000" classname="com.mindhub.homebanking.HomebankingApplicationTest" time="0.0"/>
  <testcase name="repetition 4811 of 5000" classname="com.mindhub.homebanking.HomebankingApplicationTest" time="0.001"/>
  <testcase name="repetition 4812 of 5000" classname="com.mindhub.homebanking.HomebankingApplicationTest" time="0.001"/>
  <testcase name="repetition 4813 of 5000" classname="com.mindhub.homebanking.HomebankingApplicationTest" time="0.0"/>
  <testcase name="repetition 4814 of 5000" classname="com.mindhub.homebanking.HomebankingApplicationTest" time="0.001"/>
  <testcase name="repetition 4815 of 5000" classname="com.mindhub.homebanking.HomebankingApplicationTest" time="0.0"/>
  <testcase name="repetition 4816 of 5000" classname="com.mindhub.homebanking.HomebankingApplicationTest" time="0.001"/>
  <testcase name="repetition 4817 of 5000" classname="com.mindhub.homebanking.HomebankingApplicationTest" time="0.0"/>
  <testcase name="repetition 4818 of 5000" classname="com.mindhub.homebanking.HomebankingApplicationTest" time="0.001"/>
  <testcase name="repetition 4819 of 5000" classname="com.mindhub.homebanking.HomebankingApplicationTest" time="0.0"/>
  <testcase name="repetition 4820 of 5000" classname="com.mindhub.homebanking.HomebankingApplicationTest" time="0.001"/>
  <testcase name="repetition 4821 of 5000" classname="com.mindhub.homebanking.HomebankingApplicationTest" time="0.0"/>
  <testcase name="repetition 4822 of 5000" classname="com.mindhub.homebanking.HomebankingApplicationTest" time="0.001"/>
  <testcase name="repetition 4823 of 5000" classname="com.mindhub.homebanking.HomebankingApplicationTest" time="0.0"/>
  <testcase name="repetition 4824 of 5000" classname="com.mindhub.homebanking.HomebankingApplicationTest" time="0.0"/>
  <testcase name="repetition 4825 of 5000" classname="com.mindhub.homebanking.HomebankingApplicationTest" time="0.0"/>
  <testcase name="repetition 4826 of 5000" classname="com.mindhub.homebanking.HomebankingApplicationTest" time="0.0"/>
  <testcase name="repetition 4827 of 5000" classname="com.mindhub.homebanking.HomebankingApplicationTest" time="0.001"/>
  <testcase name="repetition 4828 of 5000" classname="com.mindhub.homebanking.HomebankingApplicationTest" time="0.0"/>
  <testcase name="repetition 4829 of 5000" classname="com.mindhub.homebanking.HomebankingApplicationTest" time="0.001"/>
  <testcase name="repetition 4830 of 5000" classname="com.mindhub.homebanking.HomebankingApplicationTest" time="0.0"/>
  <testcase name="repetition 4831 of 5000" classname="com.mindhub.homebanking.HomebankingApplicationTest" time="0.0"/>
  <testcase name="repetition 4832 of 5000" classname="com.mindhub.homebanking.HomebankingApplicationTest" time="0.0"/>
  <testcase name="repetition 4833 of 5000" classname="com.mindhub.homebanking.HomebankingApplicationTest" time="0.001"/>
  <testcase name="repetition 4834 of 5000" classname="com.mindhub.homebanking.HomebankingApplicationTest" time="0.0"/>
  <testcase name="repetition 4835 of 5000" classname="com.mindhub.homebanking.HomebankingApplicationTest" time="0.001"/>
  <testcase name="repetition 4836 of 5000" classname="com.mindhub.homebanking.HomebankingApplicationTest" time="0.001"/>
  <testcase name="repetition 4837 of 5000" classname="com.mindhub.homebanking.HomebankingApplicationTest" time="0.001"/>
  <testcase name="repetition 4838 of 5000" classname="com.mindhub.homebanking.HomebankingApplicationTest" time="0.0"/>
  <testcase name="repetition 4839 of 5000" classname="com.mindhub.homebanking.HomebankingApplicationTest" time="0.0"/>
  <testcase name="repetition 4840 of 5000" classname="com.mindhub.homebanking.HomebankingApplicationTest" time="0.001"/>
  <testcase name="repetition 4841 of 5000" classname="com.mindhub.homebanking.HomebankingApplicationTest" time="0.0"/>
  <testcase name="repetition 4842 of 5000" classname="com.mindhub.homebanking.HomebankingApplicationTest" time="0.001"/>
  <testcase name="repetition 4843 of 5000" classname="com.mindhub.homebanking.HomebankingApplicationTest" time="0.0"/>
  <testcase name="repetition 4844 of 5000" classname="com.mindhub.homebanking.HomebankingApplicationTest" time="0.001"/>
  <testcase name="repetition 4845 of 5000" classname="com.mindhub.homebanking.HomebankingApplicationTest" time="0.0"/>
  <testcase name="repetition 4846 of 5000" classname="com.mindhub.homebanking.HomebankingApplicationTest" time="0.0"/>
  <testcase name="repetition 4847 of 5000" classname="com.mindhub.homebanking.HomebankingApplicationTest" time="0.0"/>
  <testcase name="repetition 4848 of 5000" classname="com.mindhub.homebanking.HomebankingApplicationTest" time="0.001"/>
  <testcase name="repetition 4849 of 5000" classname="com.mindhub.homebanking.HomebankingApplicationTest" time="0.0"/>
  <testcase name="repetition 4850 of 5000" classname="com.mindhub.homebanking.HomebankingApplicationTest" time="0.001"/>
  <testcase name="repetition 4851 of 5000" classname="com.mindhub.homebanking.HomebankingApplicationTest" time="0.0"/>
  <testcase name="repetition 4852 of 5000" classname="com.mindhub.homebanking.HomebankingApplicationTest" time="0.001"/>
  <testcase name="repetition 4853 of 5000" classname="com.mindhub.homebanking.HomebankingApplicationTest" time="0.0"/>
  <testcase name="repetition 4854 of 5000" classname="com.mindhub.homebanking.HomebankingApplicationTest" time="0.0"/>
  <testcase name="repetition 4855 of 5000" classname="com.mindhub.homebanking.HomebankingApplicationTest" time="0.0"/>
  <testcase name="repetition 4856 of 5000" classname="com.mindhub.homebanking.HomebankingApplicationTest" time="0.0"/>
  <testcase name="repetition 4857 of 5000" classname="com.mindhub.homebanking.HomebankingApplicationTest" time="0.001"/>
  <testcase name="repetition 4858 of 5000" classname="com.mindhub.homebanking.HomebankingApplicationTest" time="0.0"/>
  <testcase name="repetition 4859 of 5000" classname="com.mindhub.homebanking.HomebankingApplicationTest" time="0.001"/>
  <testcase name="repetition 4860 of 5000" classname="com.mindhub.homebanking.HomebankingApplicationTest" time="0.0"/>
  <testcase name="repetition 4861 of 5000" classname="com.mindhub.homebanking.HomebankingApplicationTest" time="0.0"/>
  <testcase name="repetition 4862 of 5000" classname="com.mindhub.homebanking.HomebankingApplicationTest" time="0.003"/>
  <testcase name="repetition 4863 of 5000" classname="com.mindhub.homebanking.HomebankingApplicationTest" time="0.001"/>
  <testcase name="repetition 4864 of 5000" classname="com.mindhub.homebanking.HomebankingApplicationTest" time="0.0"/>
  <testcase name="repetition 4865 of 5000" classname="com.mindhub.homebanking.HomebankingApplicationTest" time="0.001"/>
  <testcase name="repetition 4866 of 5000" classname="com.mindhub.homebanking.HomebankingApplicationTest" time="0.0"/>
  <testcase name="repetition 4867 of 5000" classname="com.mindhub.homebanking.HomebankingApplicationTest" time="0.001"/>
  <testcase name="repetition 4868 of 5000" classname="com.mindhub.homebanking.HomebankingApplicationTest" time="0.0"/>
  <testcase name="repetition 4869 of 5000" classname="com.mindhub.homebanking.HomebankingApplicationTest" time="0.001"/>
  <testcase name="repetition 4870 of 5000" classname="com.mindhub.homebanking.HomebankingApplicationTest" time="0.0"/>
  <testcase name="repetition 4871 of 5000" classname="com.mindhub.homebanking.HomebankingApplicationTest" time="0.001"/>
  <testcase name="repetition 4872 of 5000" classname="com.mindhub.homebanking.HomebankingApplicationTest" time="0.0"/>
  <testcase name="repetition 4873 of 5000" classname="com.mindhub.homebanking.HomebankingApplicationTest" time="0.001"/>
  <testcase name="repetition 4874 of 5000" classname="com.mindhub.homebanking.HomebankingApplicationTest" time="0.0"/>
  <testcase name="repetition 4875 of 5000" classname="com.mindhub.homebanking.HomebankingApplicationTest" time="0.001"/>
  <testcase name="repetition 4876 of 5000" classname="com.mindhub.homebanking.HomebankingApplicationTest" time="0.0"/>
  <testcase name="repetition 4877 of 5000" classname="com.mindhub.homebanking.HomebankingApplicationTest" time="0.001"/>
  <testcase name="repetition 4878 of 5000" classname="com.mindhub.homebanking.HomebankingApplicationTest" time="0.0"/>
  <testcase name="repetition 4879 of 5000" classname="com.mindhub.homebanking.HomebankingApplicationTest" time="0.001"/>
  <testcase name="repetition 4880 of 5000" classname="com.mindhub.homebanking.HomebankingApplicationTest" time="0.0"/>
  <testcase name="repetition 4881 of 5000" classname="com.mindhub.homebanking.HomebankingApplicationTest" time="0.0"/>
  <testcase name="repetition 4882 of 5000" classname="com.mindhub.homebanking.HomebankingApplicationTest" time="0.0"/>
  <testcase name="repetition 4883 of 5000" classname="com.mindhub.homebanking.HomebankingApplicationTest" time="0.0"/>
  <testcase name="repetition 4884 of 5000" classname="com.mindhub.homebanking.HomebankingApplicationTest" time="0.001"/>
  <testcase name="repetition 4885 of 5000" classname="com.mindhub.homebanking.HomebankingApplicationTest" time="0.001"/>
  <testcase name="repetition 4886 of 5000" classname="com.mindhub.homebanking.HomebankingApplicationTest" time="0.001"/>
  <testcase name="repetition 4887 of 5000" classname="com.mindhub.homebanking.HomebankingApplicationTest" time="0.001"/>
  <testcase name="repetition 4888 of 5000" classname="com.mindhub.homebanking.HomebankingApplicationTest" time="0.0"/>
  <testcase name="repetition 4889 of 5000" classname="com.mindhub.homebanking.HomebankingApplicationTest" time="0.001"/>
  <testcase name="repetition 4890 of 5000" classname="com.mindhub.homebanking.HomebankingApplicationTest" time="0.0"/>
  <testcase name="repetition 4891 of 5000" classname="com.mindhub.homebanking.HomebankingApplicationTest" time="0.0"/>
  <testcase name="repetition 4892 of 5000" classname="com.mindhub.homebanking.HomebankingApplicationTest" time="0.001"/>
  <testcase name="repetition 4893 of 5000" classname="com.mindhub.homebanking.HomebankingApplicationTest" time="0.0"/>
  <testcase name="repetition 4894 of 5000" classname="com.mindhub.homebanking.HomebankingApplicationTest" time="0.001"/>
  <testcase name="repetition 4895 of 5000" classname="com.mindhub.homebanking.HomebankingApplicationTest" time="0.0"/>
  <testcase name="repetition 4896 of 5000" classname="com.mindhub.homebanking.HomebankingApplicationTest" time="0.001"/>
  <testcase name="repetition 4897 of 5000" classname="com.mindhub.homebanking.HomebankingApplicationTest" time="0.0"/>
  <testcase name="repetition 4898 of 5000" classname="com.mindhub.homebanking.HomebankingApplicationTest" time="0.001"/>
  <testcase name="repetition 4899 of 5000" classname="com.mindhub.homebanking.HomebankingApplicationTest" time="0.0"/>
  <testcase name="repetition 4900 of 5000" classname="com.mindhub.homebanking.HomebankingApplicationTest" time="0.001"/>
  <testcase name="repetition 4901 of 5000" classname="com.mindhub.homebanking.HomebankingApplicationTest" time="0.0"/>
  <testcase name="repetition 4902 of 5000" classname="com.mindhub.homebanking.HomebankingApplicationTest" time="0.001"/>
  <testcase name="repetition 4903 of 5000" classname="com.mindhub.homebanking.HomebankingApplicationTest" time="0.001"/>
  <testcase name="repetition 4904 of 5000" classname="com.mindhub.homebanking.HomebankingApplicationTest" time="0.0"/>
  <testcase name="repetition 4905 of 5000" classname="com.mindhub.homebanking.HomebankingApplicationTest" time="0.0"/>
  <testcase name="repetition 4906 of 5000" classname="com.mindhub.homebanking.HomebankingApplicationTest" time="0.001"/>
  <testcase name="repetition 4907 of 5000" classname="com.mindhub.homebanking.HomebankingApplicationTest" time="0.001"/>
  <testcase name="repetition 4908 of 5000" classname="com.mindhub.homebanking.HomebankingApplicationTest" time="0.001"/>
  <testcase name="repetition 4909 of 5000" classname="com.mindhub.homebanking.HomebankingApplicationTest" time="0.001"/>
  <testcase name="repetition 4910 of 5000" classname="com.mindhub.homebanking.HomebankingApplicationTest" time="0.001"/>
  <testcase name="repetition 4911 of 5000" classname="com.mindhub.homebanking.HomebankingApplicationTest" time="0.001"/>
  <testcase name="repetition 4912 of 5000" classname="com.mindhub.homebanking.HomebankingApplicationTest" time="0.001"/>
  <testcase name="repetition 4913 of 5000" classname="com.mindhub.homebanking.HomebankingApplicationTest" time="0.001"/>
  <testcase name="repetition 4914 of 5000" classname="com.mindhub.homebanking.HomebankingApplicationTest" time="0.0"/>
  <testcase name="repetition 4915 of 5000" classname="com.mindhub.homebanking.HomebankingApplicationTest" time="0.001"/>
  <testcase name="repetition 4916 of 5000" classname="com.mindhub.homebanking.HomebankingApplicationTest" time="0.0"/>
  <testcase name="repetition 4917 of 5000" classname="com.mindhub.homebanking.HomebankingApplicationTest" time="0.001"/>
  <testcase name="repetition 4918 of 5000" classname="com.mindhub.homebanking.HomebankingApplicationTest" time="0.0"/>
  <testcase name="repetition 4919 of 5000" classname="com.mindhub.homebanking.HomebankingApplicationTest" time="0.001"/>
  <testcase name="repetition 4920 of 5000" classname="com.mindhub.homebanking.HomebankingApplicationTest" time="0.0"/>
  <testcase name="repetition 4921 of 5000" classname="com.mindhub.homebanking.HomebankingApplicationTest" time="0.001"/>
  <testcase name="repetition 4922 of 5000" classname="com.mindhub.homebanking.HomebankingApplicationTest" time="0.001"/>
  <testcase name="repetition 4923 of 5000" classname="com.mindhub.homebanking.HomebankingApplicationTest" time="0.0"/>
  <testcase name="repetition 4924 of 5000" classname="com.mindhub.homebanking.HomebankingApplicationTest" time="0.0"/>
  <testcase name="repetition 4925 of 5000" classname="com.mindhub.homebanking.HomebankingApplicationTest" time="0.001"/>
  <testcase name="repetition 4926 of 5000" classname="com.mindhub.homebanking.HomebankingApplicationTest" time="0.0"/>
  <testcase name="repetition 4927 of 5000" classname="com.mindhub.homebanking.HomebankingApplicationTest" time="0.0"/>
  <testcase name="repetition 4928 of 5000" classname="com.mindhub.homebanking.HomebankingApplicationTest" time="0.0"/>
  <testcase name="repetition 4929 of 5000" classname="com.mindhub.homebanking.HomebankingApplicationTest" time="0.0"/>
  <testcase name="repetition 4930 of 5000" classname="com.mindhub.homebanking.HomebankingApplicationTest" time="0.001"/>
  <testcase name="repetition 4931 of 5000" classname="com.mindhub.homebanking.HomebankingApplicationTest" time="0.0"/>
  <testcase name="repetition 4932 of 5000" classname="com.mindhub.homebanking.HomebankingApplicationTest" time="0.001"/>
  <testcase name="repetition 4933 of 5000" classname="com.mindhub.homebanking.HomebankingApplicationTest" time="0.001"/>
  <testcase name="repetition 4934 of 5000" classname="com.mindhub.homebanking.HomebankingApplicationTest" time="0.0"/>
  <testcase name="repetition 4935 of 5000" classname="com.mindhub.homebanking.HomebankingApplicationTest" time="0.001"/>
  <testcase name="repetition 4936 of 5000" classname="com.mindhub.homebanking.HomebankingApplicationTest" time="0.001"/>
  <testcase name="repetition 4937 of 5000" classname="com.mindhub.homebanking.HomebankingApplicationTest" time="0.0"/>
  <testcase name="repetition 4938 of 5000" classname="com.mindhub.homebanking.HomebankingApplicationTest" time="0.001"/>
  <testcase name="repetition 4939 of 5000" classname="com.mindhub.homebanking.HomebankingApplicationTest" time="0.001"/>
  <testcase name="repetition 4940 of 5000" classname="com.mindhub.homebanking.HomebankingApplicationTest" time="0.0"/>
  <testcase name="repetition 4941 of 5000" classname="com.mindhub.homebanking.HomebankingApplicationTest" time="0.001"/>
  <testcase name="repetition 4942 of 5000" classname="com.mindhub.homebanking.HomebankingApplicationTest" time="0.001"/>
  <testcase name="repetition 4943 of 5000" classname="com.mindhub.homebanking.HomebankingApplicationTest" time="0.0"/>
  <testcase name="repetition 4944 of 5000" classname="com.mindhub.homebanking.HomebankingApplicationTest" time="0.001"/>
  <testcase name="repetition 4945 of 5000" classname="com.mindhub.homebanking.HomebankingApplicationTest" time="0.001"/>
  <testcase name="repetition 4946 of 5000" classname="com.mindhub.homebanking.HomebankingApplicationTest" time="0.0"/>
  <testcase name="repetition 4947 of 5000" classname="com.mindhub.homebanking.HomebankingApplicationTest" time="0.0"/>
  <testcase name="repetition 4948 of 5000" classname="com.mindhub.homebanking.HomebankingApplicationTest" time="0.001"/>
  <testcase name="repetition 4949 of 5000" classname="com.mindhub.homebanking.HomebankingApplicationTest" time="0.001"/>
  <testcase name="repetition 4950 of 5000" classname="com.mindhub.homebanking.HomebankingApplicationTest" time="0.0"/>
  <testcase name="repetition 4951 of 5000" classname="com.mindhub.homebanking.HomebankingApplicationTest" time="0.001"/>
  <testcase name="repetition 4952 of 5000" classname="com.mindhub.homebanking.HomebankingApplicationTest" time="0.001"/>
  <testcase name="repetition 4953 of 5000" classname="com.mindhub.homebanking.HomebankingApplicationTest" time="0.001"/>
  <testcase name="repetition 4954 of 5000" classname="com.mindhub.homebanking.HomebankingApplicationTest" time="0.001"/>
  <testcase name="repetition 4955 of 5000" classname="com.mindhub.homebanking.HomebankingApplicationTest" time="0.001"/>
  <testcase name="repetition 4956 of 5000" classname="com.mindhub.homebanking.HomebankingApplicationTest" time="0.0"/>
  <testcase name="repetition 4957 of 5000" classname="com.mindhub.homebanking.HomebankingApplicationTest" time="0.001"/>
  <testcase name="repetition 4958 of 5000" classname="com.mindhub.homebanking.HomebankingApplicationTest" time="0.001"/>
  <testcase name="repetition 4959 of 5000" classname="com.mindhub.homebanking.HomebankingApplicationTest" time="0.001"/>
  <testcase name="repetition 4960 of 5000" classname="com.mindhub.homebanking.HomebankingApplicationTest" time="0.001"/>
  <testcase name="repetition 4961 of 5000" classname="com.mindhub.homebanking.HomebankingApplicationTest" time="0.001"/>
  <testcase name="repetition 4962 of 5000" classname="com.mindhub.homebanking.HomebankingApplicationTest" time="0.0"/>
  <testcase name="repetition 4963 of 5000" classname="com.mindhub.homebanking.HomebankingApplicationTest" time="0.0"/>
  <testcase name="repetition 4964 of 5000" classname="com.mindhub.homebanking.HomebankingApplicationTest" time="0.001"/>
  <testcase name="repetition 4965 of 5000" classname="com.mindhub.homebanking.HomebankingApplicationTest" time="0.001"/>
  <testcase name="repetition 4966 of 5000" classname="com.mindhub.homebanking.HomebankingApplicationTest" time="0.0"/>
  <testcase name="repetition 4967 of 5000" classname="com.mindhub.homebanking.HomebankingApplicationTest" time="0.001"/>
  <testcase name="repetition 4968 of 5000" classname="com.mindhub.homebanking.HomebankingApplicationTest" time="0.001"/>
  <testcase name="repetition 4969 of 5000" classname="com.mindhub.homebanking.HomebankingApplicationTest" time="0.0"/>
  <testcase name="repetition 4970 of 5000" classname="com.mindhub.homebanking.HomebankingApplicationTest" time="0.0"/>
  <testcase name="repetition 4971 of 5000" classname="com.mindhub.homebanking.HomebankingApplicationTest" time="0.002"/>
  <testcase name="repetition 4972 of 5000" classname="com.mindhub.homebanking.HomebankingApplicationTest" time="0.001"/>
  <testcase name="repetition 4973 of 5000" classname="com.mindhub.homebanking.HomebankingApplicationTest" time="0.001"/>
  <testcase name="repetition 4974 of 5000" classname="com.mindhub.homebanking.HomebankingApplicationTest" time="0.001"/>
  <testcase name="repetition 4975 of 5000" classname="com.mindhub.homebanking.HomebankingApplicationTest" time="0.0"/>
  <testcase name="repetition 4976 of 5000" classname="com.mindhub.homebanking.HomebankingApplicationTest" time="0.001"/>
  <testcase name="repetition 4977 of 5000" classname="com.mindhub.homebanking.HomebankingApplicationTest" time="0.001"/>
  <testcase name="repetition 4978 of 5000" classname="com.mindhub.homebanking.HomebankingApplicationTest" time="0.0"/>
  <testcase name="repetition 4979 of 5000" classname="com.mindhub.homebanking.HomebankingApplicationTest" time="0.001"/>
  <testcase name="repetition 4980 of 5000" classname="com.mindhub.homebanking.HomebankingApplicationTest" time="0.0"/>
  <testcase name="repetition 4981 of 5000" classname="com.mindhub.homebanking.HomebankingApplicationTest" time="0.001"/>
  <testcase name="repetition 4982 of 5000" classname="com.mindhub.homebanking.HomebankingApplicationTest" time="0.001"/>
  <testcase name="repetition 4983 of 5000" classname="com.mindhub.homebanking.HomebankingApplicationTest" time="0.0"/>
  <testcase name="repetition 4984 of 5000" classname="com.mindhub.homebanking.HomebankingApplicationTest" time="0.001"/>
  <testcase name="repetition 4985 of 5000" classname="com.mindhub.homebanking.HomebankingApplicationTest" time="0.0"/>
  <testcase name="repetition 4986 of 5000" classname="com.mindhub.homebanking.HomebankingApplicationTest" time="0.0"/>
  <testcase name="repetition 4987 of 5000" classname="com.mindhub.homebanking.HomebankingApplicationTest" time="0.001"/>
  <testcase name="repetition 4988 of 5000" classname="com.mindhub.homebanking.HomebankingApplicationTest" time="0.001"/>
  <testcase name="repetition 4989 of 5000" classname="com.mindhub.homebanking.HomebankingApplicationTest" time="0.0"/>
  <testcase name="repetition 4990 of 5000" classname="com.mindhub.homebanking.HomebankingApplicationTest" time="0.001"/>
  <testcase name="repetition 4991 of 5000" classname="com.mindhub.homebanking.HomebankingApplicationTest" time="0.0"/>
  <testcase name="repetition 4992 of 5000" classname="com.mindhub.homebanking.HomebankingApplicationTest" time="0.0"/>
  <testcase name="repetition 4993 of 5000" classname="com.mindhub.homebanking.HomebankingApplicationTest" time="0.001"/>
  <testcase name="repetition 4994 of 5000" classname="com.mindhub.homebanking.HomebankingApplicationTest" time="0.001"/>
  <testcase name="repetition 4995 of 5000" classname="com.mindhub.homebanking.HomebankingApplicationTest" time="0.0"/>
  <testcase name="repetition 4996 of 5000" classname="com.mindhub.homebanking.HomebankingApplicationTest" time="0.0"/>
  <testcase name="repetition 4997 of 5000" classname="com.mindhub.homebanking.HomebankingApplicationTest" time="0.001"/>
  <testcase name="repetition 4998 of 5000" classname="com.mindhub.homebanking.HomebankingApplicationTest" time="0.001"/>
  <testcase name="repetition 4999 of 5000" classname="com.mindhub.homebanking.HomebankingApplicationTest" time="0.001"/>
  <testcase name="repetition 5000 of 5000" classname="com.mindhub.homebanking.HomebankingApplicationTest" time="0.001"/>
  <system-out><![CDATA[16:17:23.129 [Test worker] INFO org.springframework.test.context.support.AnnotationConfigContextLoaderUtils -- Could not detect default configuration classes for test class [com.mindhub.homebanking.HomebankingApplicationTest]: HomebankingApplicationTest does not declare any static, non-private, non-final, nested classes annotated with @Configuration.
16:17:23.270 [Test worker] INFO org.springframework.boot.test.context.SpringBootTestContextBootstrapper -- Found @SpringBootConfiguration com.mindhub.homebanking.HomebankingApplication for test class com.mindhub.homebanking.HomebankingApplicationTest

  .   ____          _            __ _ _
 /\\ / ___'_ __ _ _(_)_ __  __ _ \ \ \ \
( ( )\___ | '_ | '_| | '_ \/ _` | \ \ \ \
 \\/  ___)| |_)| | | | | || (_| |  ) ) ) )
  '  |____| .__|_| |_|_| |_\__, | / / / /
 =========|_|==============|___/=/_/_/_/
 :: Spring Boot ::                (v3.2.2)

2024-03-11T16:17:23.640-05:00  INFO 35368 --- [    Test worker] c.m.h.HomebankingApplicationTest         : Starting HomebankingApplicationTest using Java 17.0.10 with PID 35368 (started by kerac in C:\Users\kerac\OneDrive\Documentos\Minhub\Modulo 3\homebanking)
2024-03-11T16:17:23.643-05:00  INFO 35368 --- [    Test worker] c.m.h.HomebankingApplicationTest         : No active profile set, falling back to 1 default profile: "default"
2024-03-11T16:17:24.312-05:00  INFO 35368 --- [    Test worker] .s.d.r.c.RepositoryConfigurationDelegate : Bootstrapping Spring Data JPA repositories in DEFAULT mode.
2024-03-11T16:17:24.384-05:00  INFO 35368 --- [    Test worker] .s.d.r.c.RepositoryConfigurationDelegate : Finished Spring Data repository scanning in 62 ms. Found 6 JPA repository interfaces.
2024-03-11T16:17:24.936-05:00  INFO 35368 --- [    Test worker] o.hibernate.jpa.internal.util.LogHelper  : HHH000204: Processing PersistenceUnitInfo [name: default]
2024-03-11T16:17:24.997-05:00  INFO 35368 --- [    Test worker] org.hibernate.Version                    : HHH000412: Hibernate ORM core version 6.4.1.Final
2024-03-11T16:17:25.031-05:00  INFO 35368 --- [    Test worker] o.h.c.internal.RegionFactoryInitiator    : HHH000026: Second-level cache disabled
2024-03-11T16:17:25.252-05:00  INFO 35368 --- [    Test worker] o.s.o.j.p.SpringPersistenceUnitInfo      : No LoadTimeWeaver setup: ignoring JPA class transformer
2024-03-11T16:17:25.281-05:00  INFO 35368 --- [    Test worker] com.zaxxer.hikari.HikariDataSource       : HikariPool-1 - Starting...
2024-03-11T16:17:25.474-05:00  INFO 35368 --- [    Test worker] com.zaxxer.hikari.pool.HikariPool        : HikariPool-1 - Added connection org.postgresql.jdbc.PgConnection@68d8eb4f
2024-03-11T16:17:25.478-05:00  INFO 35368 --- [    Test worker] com.zaxxer.hikari.HikariDataSource       : HikariPool-1 - Start completed.
2024-03-11T16:17:26.470-05:00  INFO 35368 --- [    Test worker] o.h.e.t.j.p.i.JtaPlatformInitiator       : HHH000489: No JTA platform available (set 'hibernate.transaction.jta.platform' to enable JTA platform integration)
2024-03-11T16:17:26.590-05:00  INFO 35368 --- [    Test worker] j.LocalContainerEntityManagerFactoryBean : Initialized JPA EntityManagerFactory for persistence unit 'default'
2024-03-11T16:17:27.448-05:00  WARN 35368 --- [    Test worker] JpaBaseConfiguration$JpaWebConfiguration : spring.jpa.open-in-view is enabled by default. Therefore, database queries may be performed during view rendering. Explicitly configure spring.jpa.open-in-view to disable this warning
2024-03-11T16:17:28.032-05:00  INFO 35368 --- [    Test worker] o.s.s.web.DefaultSecurityFilterChain     : Will secure any request with [org.springframework.security.web.session.DisableEncodeUrlFilter@4e9d1119, org.springframework.security.web.context.request.async.WebAsyncManagerIntegrationFilter@5d1907fb, org.springframework.security.web.context.SecurityContextHolderFilter@4e6add8d, org.springframework.security.web.header.HeaderWriterFilter@713c8cbb, org.springframework.web.filter.CorsFilter@6079d219, org.springframework.security.web.authentication.logout.LogoutFilter@569b3009, com.mindhub.homebanking.filters.JwtRequestFilter@377cc0f8, org.springframework.security.web.savedrequest.RequestCacheAwareFilter@85104d6, org.springframework.security.web.servletapi.SecurityContextHolderAwareRequestFilter@56e9126f, org.springframework.security.web.authentication.AnonymousAuthenticationFilter@4ed90b04, org.springframework.security.web.session.SessionManagementFilter@7053a864, org.springframework.security.web.access.ExceptionTranslationFilter@5dfb65d5, org.springframework.security.web.access.intercept.AuthorizationFilter@5471342]
2024-03-11T16:17:28.449-05:00  INFO 35368 --- [    Test worker] c.m.h.HomebankingApplicationTest         : Started HomebankingApplicationTest in 5.032 seconds (process running for 6.127)
?[0;34minitialized application?[0m
]]></system-out>
  <system-err><![CDATA[]]></system-err>
</testsuite>
